029-pdm01ABABa1, 5.484850, 0.0302813553719, 191.385, 0.024, 271.955, 0.074, 221.337, 0.017, 257.96, 0.076, 215.533, 0.022, 266.575, 0.078, -155.659, 0.084, 278.155, 0.018, 240.813, 0.021, 205.669, 0.018, 274.385, 0.013, 214.713, 0.341,
029-pdm01ABABb1, 8.954260, 0.00068241322314, 243.175, 0.064, 171.155, 0.022, 261.823, 0.073, 128.512, 0.032, 263.878, 0.069, 148.352, 0.008, 262.297, 0.079, 178.848, 0.049, 243.138, 0.075, -166.949, 0.014, 252.775, 0.072, -146.463, 0.08,
029-pdm01ABBAa1, 8.249750, 0.00104214876033, 195.108, 0.02, 122.061, 0.108, 234.004, 0.079, 223.438, 0.019, -150.255, 0.077, 253.346, 0.094, -193.433, 0.105, 198.87, 0.021, 246.403, 0.014, 246.905, 0.081, 246.068, 0.017, 185.761, 0.081,
029-pdm01ABBAb1, 8.843520, 0.000558148760331, 206.163, 0.049, 191.366, 0.019, 168.635, 0.023, 238.066, 0.075, 253.254, 0.07, -161.802, 0.088, 253.347, 0.026, 240.68, 0.07, 235.54, 0.05, -169.042, 0.086, 206.282, 0.023, 263.728, 0.073,
029-pdm02ABABa1, 10.419500, 0.00168619834711, 151.389, 0.005, 262.584, 0.056, 258.421, 0.023, 291.369, 0.066, 234.326, 0.018, 265.49, 0.077, 248.682, 0.014, 306.524, 0.068, 236.583, 0.015, 281.214, 0.079, 242.802, 0.013, 299.688, 0.061,
029-pdm02ABABb1, 10.890400, 0.000292743801653, 226.303, 0.052, 226.876, 0.015, 278.396, 0.048, 215.406, 0.017, 294.146, 0.048, 223.277, 0.007, 304.365, 0.045, 198.941, 0.018, 282.256, 0.038, 231.692, 0.017, 269.925, 0.039, 233.903, 0.013,
029-pdm02ABBAa1, 9.944550, 0.000466082644628, 189.261, 0.015, 278.562, 0.07, 295.758, 0.06, 238.591, 0.015, 199.455, 0.017, 259.454, 0.041, 249.149, 0.049, 246.056, 0.013, 242.007, 0.014, 281.04, 0.043, 274.492, 0.035, 235.051, 0.009,
029-pdm02ABBAb1, 9.538310, 0.000622876033058, 245.669, 0.053, 228.059, 0.021, 271.769, 0.072, 274.992, 0.041, 232.478, 0.031, 204.495, 0.01, 226.64, 0.016, 275.42, 0.052, 284.408, 0.04, 209.134, 0.019, 224.143, 0.015, 260.11, 0.031,
029-pdm03ABABa1, 8.776930, 0.000394198347107, 190.317, 0.013, 250.979, 0.052, 244.595, 0.015, 254.059, 0.076, 263.096, 0.015, 242.964, 0.06, 232.849, 0.013, 228.085, 0.045, 240.043, 0.014, 261.939, 0.054, 270.529, 0.011, 248.968, 0.055,
029-pdm03ABABb1, 9.192600, 0.000712595041322, 248.596, 0.062, 199.521, 0.022, 288.379, 0.066, 266.426, 0.017, 253.43, 0.075, 225.845, 0.019, 271.166, 0.06, 266.397, 0.016, 298.261, 0.074, 291.858, 0.016, 275.732, 0.087, -211.299, 0.081,
029-pdm03ABBAa1, 8.589980, 0.00156923966942, 204.544, 0.018, 248.866, 0.077, 260.896, 0.073, 217.24, 0.008, 264.62, 0.007, 286.178, 0.068, 285.451, 0.074, 249.111, 0.013, -208.744, 0.075, 220.526, 0.014, 236.842, 0.056, 290.28, 0.013,
029-pdm03ABBAb1, 10.383500, 0.00523750413223, 264.705, 0.056, -210.197, 0.078, 248.987, 0.015, 260.893, 0.043, 280.654, 0.057, 238.593, 0.013, 218.925, 0.02, 273.493, 0.04, 243.036, 0.036, 207.895, 0.03, 168.716, 0.005, 192.884, 0.005,
029-pdm04ABABa1, 7.974460, 0.0105663801653, 225.154, 0.014, 219.902, 0.055, 207.545, 0.012, 251.352, 0.048, 216.348, 0.013, 265.063, 0.054, 205.532, 0.013, 229.981, 0.051, 201.326, 0.009, 234.223, 0.052, 225.198, 0.016, 269.716, 0.014,
029-pdm04ABABb1, 9.598320, 0.00019547107438, 237.003, 0.048, -135.023, 0.078, 218.551, 0.044, -115.031, 0.078, 202.844, 0.036, 212.279, 0.017, 223.38, 0.046, 164.185, 0.023, 206.314, 0.061, -162.388, 0.079, 208.549, 0.051, 225.554, 0.014,
029-pdm04ABBAa1, 9.355400, 0.000589537190083, 217.361, 0.023, 257.485, 0.068, 260.288, 0.044, -224.549, 0.084, 238.511, 0.039, 236.253, 0.014, 294.432, 0.056, 174.76, 0.013, 205.111, 0.02, 258.408, 0.074, 268.327, 0.049, 214.345, 0.008,
029-pdm04ABBAb1, 9.476390, 0.000360595041322, 223.443, 0.043, -159.548, 0.075, 208.637, 0.017, 222.01, 0.056, 209.192, 0.033, -134.79, 0.063, -154.48, 0.087, 246.003, 0.08, -194.032, 0.081, 168.664, 0.017, 230.657, 0.017, 211.823, 0.051,
029-pdm05ABABa1, 8.777090, 0.00181153719008, 189.464, 0.024, 219.181, 0.081, 256.946, 0.025, 278.047, 0.062, 259.146, 0.017, 269.022, 0.049, 255.943, 0.016, 257.455, 0.068, 251.05, 0.015, 254.593, 0.06, 267.748, 0.024, 192.604, 0.03,
029-pdm05ABABb1, 8.824300, 0.00030947107438, 218.821, 0.081, -131.617, 0.068, 249.992, 0.064, 171.903, 0.032, 255.809, 0.066, -152.18, 0.015, 229.17, 0.068, -164.703, 0.062, 187.2, 0.055, -166.529, 0.022, 224.03, 0.063, 202.982, 0.025,
029-pdm05ABBAa1, 8.798220, 0.000400776859504, 220.601, 0.018, 208.076, 0.08, 197.256, 0.075, 199.085, 0.014, -152.133, 0.079, 227.164, 0.082, -142.663, 0.015, -168.591, 0.017, 201.849, 0.018, 223.289, 0.102, 231.833, 0.085, 227.996, 0.023,
029-pdm05ABBAb1, 8.441540, 0.000323504132231, 248.676, 0.065, -152.944, 0.091, -167.437, 0.086, 241.229, 0.081, 215.216, 0.059, -141.146, 0.079, 239.317, 0.023, 227.395, 0.075, 220.951, 0.062, -151.425, 0.014, 165.395, 0.022, 214.928, 0.055,
029-pdm06ABABa1, 9.199270, 0.000275289256198, 211.419, 0.016, 238.418, 0.062, 241.25, 0.018, 233.606, 0.052, 245.859, 0.025, 224.813, 0.059, 222.545, 0.022, 229.018, 0.056, 227.953, 0.017, 239.758, 0.073, 222.008, 0.019, 254.143, 0.071,
029-pdm06ABABb1, 9.334370, 0.000316247933884, 213.236, 0.061, 221.298, 0.024, 246.093, 0.071, 231.217, 0.021, 236.364, 0.055, 245.446, 0.024, 235.803, 0.065, 246.552, 0.017, 226.013, 0.062, 232.994, 0.015, 258.763, 0.056, 253.655, 0.02,
029-pdm06ABBAa1, 9.009600, 0.000253834710744, 234.868, 0.016, 262.578, 0.066, 256.329, 0.059, 193.389, 0.022, 196.057, 0.026, 270.074, 0.052, 200.445, 0.049, 208.208, 0.022, 236.145, 0.02, 263.746, 0.071, 266.399, 0.061, 225.252, 0.013,
029-pdm06ABBAb1, 9.018040, 0.000748148760331, 223.533, 0.061, 219.465, 0.02, 261.55, 0.015, 244.986, 0.069, 244.852, 0.052, 246.307, 0.016, 250.572, 0.014, 236.217, 0.059, 265.98, 0.048, 222.052, 0.014, 249.741, 0.022, 241.634, 0.05,
029-pdm07ABABa1, 8.456600, 0.00050426446281, 243.807, 0.285, 306.848, 0.067, 309.316, 0.017, 307.324, 0.06, 283.739, 0.019, 262.103, 0.054, 299.188, 0.02, 274.102, 0.108, 269.958, 0.014, 306.804, 0.065, 250.883, 0.017, 224.189, 0.073,
029-pdm07ABABb1, 9.295860, 0.00125824793388, 254.099, 0.063, 239.031, 0.017, 293.998, 0.066, 252.613, 0.01, 286.791, 0.062, 282.308, 0.018, 275.268, 0.045, 238.821, 0.018, 279.137, 0.057, 262.122, 0.015, 282.136, 0.024, -223.214, 0.077,
029-pdm07ABBAa1, 9.445550, 0.000367818181818, 261.591, 0.015, 298.609, 0.065, 295.318, 0.043, 258.432, 0.018, 284.686, 0.02, 309.623, 0.062, 277.426, 0.058, 289.581, 0.021, 283.39, 0.021, 276.589, 0.069, 304.656, 0.077, 296.257, 0.019,
029-pdm07ABBAb1, 9.341790, 0.000607884297521, 239.936, 0.056, -151.779, 0.075, 236.944, 0.017, 224.602, 0.045, 222.444, 0.052, 206.475, 0.013, 250.85, 0.02, 295.738, 0.05, 301.717, 0.046, 219.535, 0.014, 303.394, 0.011, 263.089, 0.049,
029-pdm08ABABa1, 8.360870, 0.000579520661157, 211.332, 0.023, 268.273, 0.06, 196.274, 0.026, 232.198, 0.074, 233.945, 0.026, 251.66, 0.065, 247.746, 0.033, 194.841, 0.071, 233.755, 0.024, 235.797, 0.074, 215.955, 0.017, 211.702, 0.052,
029-pdm08ABABb1, 8.143820, 0.000347603305785, 266.665, 0.072, -128.72, 0.038, 277.886, 0.069, 188.667, 0.029, 254.264, 0.07, -135.363, 0.093, 263.956, 0.069, 171.889, 0.02, 252.011, 0.076, -130.062, 0.096, 244.295, 0.075, -145.726, 0.009,
029-pdm08ABBAa1, 8.597630, 0.00188695867769, 212.4, 0.021, 277.996, 0.075, 294.901, 0.066, 152.637, 0.007, 239.463, 0.029, 244.918, 0.083, 294.091, 0.055, 193.81, 0.029, 227.698, 0.085, 246.844, 0.095, 265.055, 0.063, 220.773, 0.026,
029-pdm08ABBAb1, 7.955180, 0.000334049586777, 276.386, 0.087, 175.192, 0.017, 206.237, 0.03, 276.038, 0.082, 211.203, 0.067, -158.096, 0.088, -143.61, 0.014, 256.455, 0.067, 258.262, 0.054, 208.564, 0.022, -129.396, 0.016, 265.972, 0.059,
029-pdm09ABABa1, 9.915940, 0.000578743801653, 237.752, 0.018, 234.456, 0.083, 231.212, 0.029, 267.086, 0.082, 240.812, 0.023, 251.085, 0.077, 220.22, 0.027, 261.191, 0.077, 240.518, 0.032, 259.649, 0.074, 221.962, 0.033, 264.343, 0.074,
029-pdm09ABABb1, 9.227760, 0.00104095867769, 268.905, 0.24, 238.719, 0.027, 294.162, 0.055, 253.809, 0.025, 266.721, 0.061, 165.078, 0.023, 232.038, 0.057, 266.942, 0.019, 253.424, 0.064, 217.27, 0.024, 246.858, 0.055, 206.947, 0.022,
029-pdm09ABBAa1, 9.052660, 0.000283966942149, 260.787, 0.017, 220.989, 0.057, 259.564, 0.07, 199.458, 0.025, 261.378, 0.023, 264.798, 0.069, 256.584, 0.02, 226.733, 0.027, 196.925, 0.014, 241.406, 0.049, 266.609, 0.06, 198.884, 0.022,
029-pdm09ABBAb1, 9.908520, 0.000110181818182, 299.869, 0.046, 237.202, 0.03, 213.177, 0.017, 288.544, 0.068, 294.938, 0.058, 267.32, 0.025, 275.836, 0.023, 293.393, 0.055, 271.638, 0.049, 167.196, 0.03, 206.113, 0.023, 261.272, 0.049,
029-pdm10ABABa1, 8.258070, 0.000413421487603, 190.848, 0.023, 259.014, 0.08, 263.083, 0.029, 268.787, 0.08, 250.503, 0.019, 267.668, 0.071, 284.728, 0.023, 256.194, 0.082, 255.52, 0.021, 220.566, 0.043, 242.621, 0.025, 227.873, 0.079,
029-pdm10ABABb1, 7.969620, 0.0126018842975, 278.965, 0.094, -145.482, 0.096, 283.278, 0.076, -117.571, 0.068, 263.381, 0.082, -148.993, 0.021, 274.244, 0.091, -147.716, 0.017, 266.49, 0.089, 177.832, 0.022, 294.67, 0.084, 210.588, 0.06,
029-pdm10ABBAa1, 8.701590, 0.000274925619835, 253.65, 0.025, 261.31, 0.083, 238.426, 0.063, 155.86, 0.018, 174.763, 0.023, 214.99, 0.061, 252.566, 0.088, 199.887, 0.026, 182.963, 0.027, 203.828, 0.062, 252.363, 0.068, -157.405, 0.084,
029-pdm10ABBAb1, 8.185490, 0.0153569586777, 245.717, 0.052, -107.386, 0.045, 186.739, 0.023, 256.062, 0.079, 219.529, 0.057, -139.691, 0.103, 154.485, 0.018, 256.767, 0.06, 186.767, 0.049, -99.8306, 0.008, -149.622, 0.012, 175.735, 0.072,
029-pdm11ABABa1, 7.547060, 0.00127565289256, 213.07, 0.02, 291.692, 0.062, 306.916, 0.027, 269.726, 0.065, 252.085, 0.03, 284.524, 0.089, 306.965, 0.196, 258.303, 0.061, 243.977, 0.038, 265.781, 0.096, 277.999, 0.197, 256.068, 0.082,
029-pdm11ABABb1, 9.164920, 0.000398809917355, 291.324, 0.071, 234.201, 0.027, 306.987, 0.061, 211.083, 0.03, 276.972, 0.056, 261.475, 0.035, 288.337, 0.065, 253.973, 0.034, 268.503, 0.044, 263.709, 0.029, 274.58, 0.07, 250.419, 0.04,
029-pdm11ABBAa1, 9.033610, 0.000500876033058, 264.414, 0.017, 269.245, 0.078, 271.488, 0.069, 259.541, 0.023, 257.753, 0.019, 298.546, 0.075, 265.72, 0.209, 265.13, 0.027, 276.807, 0.061, 277.834, 0.033, 306.303, 0.095, 313.11, 0.025,
029-pdm11ABBAb1, 8.990190, 0.000700595041322, 265.06, 0.05, 196.315, 0.026, 299.717, 0.027, 281.518, 0.059, 258.104, 0.065, 240.648, 0.029, 206.028, 0.038, 257.91, 0.055, 261.519, 0.064, 235.602, 0.03, 316.399, 0.029, 286.092, 0.056,
029-pdm12ABABa1, 8.503990, 0.00169051239669, 183.261, 0.034, 206.451, 0.087, -177.989, 0.079, 219.823, 0.081, 228.018, 0.022, 243.072, 0.073, 255.193, 0.023, 221.813, 0.07, 195.058, 0.022, 214.797, 0.061, 221.295, 0.022, 216.333, 0.064,
029-pdm12ABABb1, 8.173080, 0.000975272727273, 237.242, 0.024, -147.597, 0.018, 259.635, 0.059, -145.103, 0.098, 250.734, 0.064, -158.324, 0.094, 240.242, 0.076, -170.821, 0.091, 211.995, 0.058, -134.533, 0.085, 229.975, 0.072, 208.866, 0.025,
029-pdm12ABBAa1, 8.133300, 0.0162007768595, -125.621, 0.022, 205.949, 0.07, 195.109, 0.031, -112.851, 0.085, -115.525, 0.071, 176.7, 0.069, 236.918, 0.067, -116.692, 0.005, 187.233, 0.019, 199.562, 0.019, 171.985, 0.046, -219.521, 0.17,
029-pdm12ABBAb1, 7.979210, 0.000539454545455, 244.917, 0.058, -122.429, 0.093, -141.322, 0.016, 228.525, 0.063, 191.969, 0.04, -119.891, 0.019, -107.758, 0.084, 238.602, 0.068, 212.862, 0.053, -138.329, 0.089, -155.091, 0.016, 219.455, 0.068,
029-pdn01ABABa1, 8.838400, 0.000739867768595, 163.393, 0.021, 234.2, 0.067, 186.4, 0.014, 220.367, 0.064, 207.332, 0.009, 200.829, 0.066, 228.81, 0.016, 242.403, 0.063, 145.679, 0.018, 236.166, 0.058, 179.623, 0.013, 237.631, 0.051,
029-pdn01ABABb1, 8.002070, 0.00245497520661, 215.333, 0.053, -167.689, 0.076, 278.19, 0.077, 168.214, 0.012, 239.472, 0.042, -190.735, 0.083, 240.911, 0.057, 178.581, 0.005, 263.35, 0.049, -125.193, 0.077, 259.19, 0.054, -196.161, 0.075,
029-pdn01ABBAa1, 8.052680, 0.000675785123967, 232.105, 0.044, -141.377, 0.081, 171.058, 0.014, 206.21, 0.013, -176.464, 0.079, 231.506, 0.065, 221.412, 0.058, 197.306, 0.014, -149.932, 0.082, 219.793, 0.071, 204.459, 0.074, 169.563, 0.013,
029-pdn01ABBAb1, 8.133160, 0.000415272727273, 226.773, 0.057, -118.338, 0.085, -132.857, 0.049, 236.268, 0.059, 211.491, 0.051, -109.421, 0.009, -147.698, 0.068, 236.299, 0.057, 230.495, 0.054, -147.446, 0.066, -151.939, 0.012, 249.663, 0.047,
029-pdn02ABABa1, 9.132610, 0.000788809917355, 198.145, 0.009, 243.272, 0.064, 180.071, 0.017, 230.88, 0.074, 209.234, 0.015, 237.819, 0.059, 213.031, 0.014, 264.391, 0.073, 207.735, 0.014, 266.462, 0.071, 222.33, 0.014, 231.528, 0.061,
029-pdn02ABABb1, 9.152620, 0.000294991735537, 231.438, 0.047, 165.954, 0.014, 264.23, 0.05, 220.308, 0.008, 258.043, 0.047, 246.839, 0.014, 287.192, 0.044, -184.324, 0.082, 280.122, 0.043, 235.609, 0.016, 281.171, 0.04, 216.572, 0.01,
029-pdn02ABBAa1, 8.982160, 0.000271834710744, 251.594, 0.052, -129.89, 0.03, 208.735, 0.044, -133.319, 0.014, -158.834, 0.075, 240.391, 0.068, 209.879, 0.043, 192.071, 0.02, 240.433, 0.026, 236.244, 0.061, 261.588, 0.056, -172.071, 0.081,
029-pdn02ABBAb1, 7.869000, 0.000503520661157, 231.085, 0.041, -178.718, 0.079, 201.105, 0.009, 244.82, 0.074, 275.991, 0.039, 163.7, 0.014, 177.294, 0.014, 266.896, 0.066, 268.183, 0.041, 170.443, 0.013, 200.755, 0.008, 234.092, 0.051,
029-pdn03ABABa1, 8.633830, 0.000479520661157, 177.685, 0.017, 197.078, 0.072, 227.925, 0.014, 155.575, 0.083, 214.821, 0.009, 191.134, 0.074, -179.904, 0.085, 194.734, 0.083, 217.526, 0.015, 243.152, 0.09, 202.381, 0.022, 241.258, 0.056,
029-pdn03ABABb1, 7.816260, 0.0140829917355, 223.213, 0.073, -181.726, 0.079, 231.55, 0.062, -119.441, 0.012, 242.736, 0.07, -158.621, 0.069, 222.989, 0.052, 134.545, 0.014, 276.167, 0.047, -182.399, 0.014, 253.534, 0.045, 258.333, 0.042,
029-pdn03ABBAa1, 8.598780, 0.000673685950413, 239.699, 0.058, 188.893, 0.025, 245.423, 0.069, 247.045, 0.016, -163.041, 0.013, 259.302, 0.075, 234.817, 0.068, 237.873, 0.015, 199.617, 0.014, 182.538, 0.102, 281.433, 0.086, 215.91, 0.019,
029-pdn03ABBAb1, 8.902130, 0.000763966942149, 210.299, 0.05, -145.541, 0.082, -191.4, 0.086, 268.352, 0.057, 209.404, 0.04, -176.065, 0.075, -163.942, 0.082, 278.282, 0.049, 215.65, 0.034, -122.649, 0.078, -196.003, 0.079, 292.434, 0.05,
029-pdn04ABABa1, 8.565290, 0.000890975206612, 256.108, 0.02, 236.531, 0.049, 186.544, 0.017, 300.195, 0.053, 272.767, 0.017, 272.385, 0.056, 235.029, 0.021, 309.741, 0.042, 241.874, 0.012, 263.61, 0.047, 231.199, 0.017, 241.023, 0.049,
029-pdn04ABABb1, 7.104890, 0.000181239669421, 347.689, 0.057, 260.006, 0.018, 325.617, 0.088, 271.603, 0.018, 310.538, 0.062, 298.111, 0.014, 320.028, 0.068, 256.757, 0.022, 315.789, 0.057, 307.805, 0.015, 307.099, 0.067, 295.025, 0.016,
029-pdn04ABBAa1, 8.675090, 0.000572363636364, 181.814, 0.029, 290.989, 0.078, 266.325, 0.049, 214.757, 0.015, 241.505, 0.013, 252.297, 0.08, 205.702, 0.019, -167.719, 0.083, 170.396, 0.152, 293.508, 0.069, 259.537, 0.054, 255.31, 0.016,
029-pdn04ABBAb1, 7.443210, 0.00101323966942, 320.163, 0.055, -150.986, 0.081, 239.139, 0.027, 342.204, 0.083, 283.978, 0.065, 227.139, 0.031, 295.549, 0.037, 269.427, 0.059, 264.374, 0.016, 265.092, 0.031, 244.235, 0.031, -169.853, 0.278,
029-pdn05ABABa1, 9.818230, 0.000796809917355, 216.505, 0.021, 219.629, 0.099, 277.922, 0.021, 200.996, 0.075, 253.633, 0.022, 215.247, 0.083, 260.538, 0.015, 260.486, 0.053, 245.092, 0.015, 245.651, 0.064, 263.156, 0.026, 213.039, 0.047,
029-pdn05ABABb1, 9.531120, 0.000652429752066, 235.889, 0.083, 225.268, 0.02, 257.273, 0.078, 185.05, 0.014, 249.943, 0.06, 182.665, 0.013, 231.383, 0.057, 233.376, 0.013, 252.423, 0.071, 235.582, 0.017, 231.534, 0.059, 203.501, 0.015,
029-pdn05ABBAa1, 9.501870, 0.000335173553719, 224.36, 0.021, 241.862, 0.092, 211.95, 0.062, 237.326, 0.017, 178.34, 0.02, 231.553, 0.056, 242.291, 0.057, 219.1, 0.018, 192.388, 0.023, 238.646, 0.057, 270.584, 0.054, 235.116, 0.016,
029-pdn05ABBAb1, 9.578020, 0.000413520661157, 252.709, 0.064, -138.37, 0.071, 245.087, 0.025, 293.679, 0.073, 269.999, 0.075, 243.815, 0.014, 246.991, 0.014, 319.662, 0.059, 249.766, 0.056, 232.5, 0.014, -214.268, 0.029, 288.196, 0.059,
029-pdn06ABABa1, 9.403720, 0.000431289256198, 210.662, 0.024, 292.889, 0.063, 302.738, 0.02, 291.139, 0.064, 253.19, 0.018, 304.763, 0.07, 310.874, 0.022, 273.304, 0.064, 252.897, 0.021, 285.282, 0.077, 303.117, 0.02, 276.557, 0.053,
029-pdn06ABABb1, 9.133480, 0.00130819834711, 192.752, 0.088, 239.436, 0.033, 285.692, 0.067, 246.83, 0.027, 262.147, 0.061, 292.291, 0.029, 318.247, 0.048, -135.308, 0.014, 299.745, 0.048, 232.712, 0.024, 319.104, 0.039, 226.308, 0.022,
029-pdn06ABBAa1, 9.650700, 0.0011112892562, 205.48, 0.02, 284.892, 0.05, 278.647, 0.06, 273.675, 0.021, 250.868, 0.059, 255.103, 0.038, 278, 0.05, 261.62, 0.015, 163.249, 0.122, 305.209, 0.038, 285.833, 0.045, 287.162, 0.019,
029-pdn06ABBAb1, 9.073320, 0.000421520661157, 251.226, 0.063, -175.363, 0.086, 259.025, 0.023, 316.1, 0.055, 283.151, 0.046, 221.397, 0.015, 274.301, 0.024, 335.279, 0.062, 299.767, 0.056, -164.505, 0.081, 261.62, 0.022, 305.666, 0.05,
029-pdn07ABABa1, 8.109460, 0.000256363636364, 208.305, 0.014, 262.125, 0.067, 176.953, 0.014, 224.09, 0.075, 176.709, 0.012, 192.545, 0.046, 208.618, 0.015, 221.812, 0.078, 183.682, 0.016, 243.733, 0.073, 208.02, 0.015, 222.739, 0.074,
029-pdn07ABABb1, 8.072590, 0.00011347107438, 197.799, 0.064, 164.42, 0.026, 260.477, 0.056, 180.06, 0.017, 284.717, 0.051, -155.884, 0.098, 281.027, 0.067, -153.181, 0.012, 237.208, 0.058, -137.258, 0.103, 250.957, 0.048, -154.709, 0.067,
029-pdn07ABBAa1, 7.512440, 0.000436446280992, 239.546, 0.017, 236.595, 0.077, 247.672, 0.074, -139.887, 0.014, -130.054, 0.075, 208.954, 0.066, -190.136, 0.147, -176.693, 0.076, -221.963, 0.025, 217.308, 0.072, -171.132, 0.085, -210.88, 0.011,
029-pdn07ABBAb1, 7.838460, 0.000325107438017, 265.165, 0.058, 172.306, 0.009, -134.32, 0.076, 258.156, 0.067, 228.188, 0.052, 179.918, 0.015, 213.939, 0.023, 242.109, 0.039, 213.664, 0.044, 177.099, 0.012, 173.085, 0.017, 249.017, 0.054,
029-pdn08ABABa1, 9.857040, 0.000421900826446, 290.178, 0.032, 213.07, 0.08, 280.919, 0.036, 223.687, 0.075, 300.682, 0.033, 271.185, 0.092, 283.563, 0.027, 257.771, 0.079, 283.247, 0.029, 262.97, 0.073, 235.336, 0.032, 225.781, 0.035,
029-pdn08ABABb1, 9.919310, 0.00017732231405, 254.85, 0.069, 207.731, 0.022, 300.634, 0.072, 278.896, 0.039, 303.275, 0.06, 291.748, 0.033, 271.411, 0.043, 233.958, 0.028, 296.331, 0.056, 247.868, 0.03, 262.7, 0.048, 206.656, 0.026,
029-pdn08ABBAa1, 9.889740, 0.000284, 254.551, 0.023, 244.576, 0.084, 291.735, 0.079, 220.699, 0.037, 246.416, 0.021, 257.465, 0.086, 267.047, 0.07, 225.123, 0.036, 226.998, 0.027, 235.368, 0.063, 307.866, 0.079, 229.318, 0.036,
029-pdn08ABBAb1, 8.468910, 0.0040880661157, 240.939, 0.395, 227.159, 0.022, 242.651, 0.034, 267.995, 0.072, 267.096, 0.068, 174.047, 0.019, 227.566, 0.026, 264.894, 0.058, 273.371, 0.052, -177.687, 0.026, 286.887, 0.042, 255.515, 0.059,
029-pdn09ABABa1, 9.749650, 0.000353421487603, 231.904, 0.022, 132.206, 0.098, 244.911, 0.02, 197.876, 0.102, 218.475, 0.019, 259.338, 0.09, 236.233, 0.022, 233.094, 0.095, 251.3, 0.023, 234.407, 0.103, 261.635, 0.03, 158.502, 0.108,
029-pdn09ABABb1, 9.764560, 0.000205239669421, 224.991, 0.005, 261.285, 0.02, 269.138, 0.053, 223.71, 0.016, 273.692, 0.058, -186.538, 0.08, 243.484, 0.046, 229.256, 0.014, 267.724, 0.047, 218.484, 0.026, 232.964, 0.063, 212.994, 0.02,
029-pdn09ABBAa1, 9.817050, 0.000428231404959, 199.73, 0.03, 252.026, 0.079, 256.805, 0.056, 225.992, 0.02, 249.923, 0.024, 266.349, 0.07, 224.177, 0.066, 243.862, 0.017, 239.078, 0.044, 298.42, 0.07, 266.212, 0.065, 259.821, 0.026,
029-pdn09ABBAb1, 10.012600, 0.000107520661157, 290.307, 0.051, 223.154, 0.019, 242.647, 0.015, 286.283, 0.065, 275.346, 0.049, 212.638, 0.021, 261.201, 0.021, 273.512, 0.061, 255.139, 0.026, 225.987, 0.018, 213.871, 0.005, 270.73, 0.057,
029-pdn10ABABa1, 9.714230, 0.000151636363636, 248.189, 0.025, 277.848, 0.065, 257.213, 0.017, 245.111, 0.084, 237.109, 0.024, 249.863, 0.08, 267.315, 0.024, 271.761, 0.09, 278.407, 0.033, 260.475, 0.095, 263.927, 0.025, 220.887, 0.023,
029-pdn10ABABb1, 9.923830, 0.000283785123967, 275.276, 0.077, 205.389, 0.018, 290.554, 0.084, 246.288, 0.031, 263.59, 0.085, 202.652, 0.024, 233.412, 0.057, 234.296, 0.024, 251.977, 0.067, 209.094, 0.031, 274.655, 0.054, 259.052, 0.037,
029-pdn10ABBAa1, 9.545140, 0.000199603305785, 231.625, 0.017, 291.325, 0.091, 273.519, 0.077, 252.649, 0.022, 215.465, 0.02, 264.082, 0.094, 283.702, 0.089, 263.628, 0.028, 261.221, 0.032, 271.872, 0.098, 255.156, 0.089, 254.636, 0.016,
029-pdn10ABBAb1, 9.294360, 0.00118818181818, 268.521, 0.117, 235.869, 0.023, 231.483, 0.024, 269.334, 0.076, 270.122, 0.052, 207.541, 0.025, 241.599, 0.022, 299.438, 0.06, 278.891, 0.054, 235.79, 0.024, 302.225, 0.082, 231.085, 0.054,
029-pdn11ABABa1, 9.815160, 0.000178198347107, 216.751, 0.017, 280.683, 0.073, 224.26, 0.024, 213.869, 0.082, 239.02, 0.025, 244.66, 0.078, 226.491, 0.023, 244.602, 0.093, 234.613, 0.023, 270.104, 0.083, 259.828, 0.026, 246.326, 0.052,
029-pdn11ABABb1, 9.452800, 0.000408512396694, 267.273, 0.065, 220.826, 0.02, 277.319, 0.055, 243.223, 0.03, 273.48, 0.073, 265.877, 0.025, 260.93, 0.09, 275.61, 0.031, 249.969, 0.072, 233.103, 0.02, 251.19, 0.085, 282.574, 0.022,
029-pdn11ABBAa1, 9.576040, 0.000646876033058, 183.823, 0.015, 283.898, 0.087, 256.542, 0.069, 229.271, 0.025, 291.271, 0.062, 278.254, 0.042, 257.374, 0.057, 205.547, 0.017, 226.608, 0.022, 262.222, 0.063, 262.739, 0.06, 249.202, 0.018,
029-pdn11ABBAb1, 9.169240, 0.000409966942149, 299.912, 0.05, -189.241, 0.084, 298.17, 0.024, 282.731, 0.068, 314.665, 0.058, -163.662, 0.087, 238.637, 0.023, 268.552, 0.053, 252.333, 0.046, 277.615, 0.022, 238.647, 0.022, 292.176, 0.029,
029-pdn12ABABa1, 9.449090, 0.00106305785124, 194.247, 0.016, 240.984, 0.06, 231.494, 0.021, 225.822, 0.05, 230.47, 0.025, 231.129, 0.054, 191.89, 0.016, 223.025, 0.051, 239.776, 0.018, 288.824, 0.077, 237.511, 0.033, 190.852, 0.047,
029-pdn12ABABb1, 7.766850, 0.0195060826446, 224.301, 0.067, 268.199, 0.023, 240.032, 0.079, 252.171, 0.035, 211.743, 0.071, 264.545, 0.044, 267.375, 0.068, -198.71, 0.084, 272.485, 0.026, 240.659, 0.053, 279.399, 0.073, 248.623, 0.024,
029-pdn12ABBAa1, 9.506330, 0.000857520661157, 182.213, 0.032, 265.647, 0.068, 299.554, 0.072, 243.814, 0.032, 291.204, 0.038, 278.843, 0.065, 254.785, 0.04, 305.757, 0.033, 219.07, 0.025, -204.939, 0.005, 278.481, 0.027, 240.841, 0.039,
029-pdn12ABBAb1, 9.891020, 0.000199702479339, 267.497, 0.073, 210.852, 0.03, 260.466, 0.033, 226.757, 0.082, 242.521, 0.06, 265.513, 0.028, 253.955, 0.021, 298.687, 0.075, 251.286, 0.061, 262.505, 0.028, 267.949, 0.024, 247.179, 0.071,
029-psm01ABABa1, 9.255440, 0.000294743801653, 264.087, 0.051, 210.972, 0.013, 288.234, 0.062, 211.858, 0.014, 237.738, 0.052, 233.903, 0.012, 253.377, 0.051, 223.108, 0.015, 305.027, 0.046, 226.766, 0.015, 248.88, 0.041, 191.651, 0.015,
029-psm01ABABb1, 8.987530, 0.000186082644628, 274.735, 0.012, 216.858, 0.046, 240.134, 0.014, 245.455, 0.042, 246.728, 0.013, 226.924, 0.037, 242.326, 0.013, 254.354, 0.038, 230.692, 0.015, 249.861, 0.05, 238.689, 0.018, 282.903, 0.05,
029-psm01ABBAa1, 9.085060, 0.000393603305785, 245.457, 0.15, 211.49, 0.016, 265.446, 0.013, 260.246, 0.056, 270.105, 0.042, -210.054, 0.081, 249.876, 0.016, 242.835, 0.049, 265.61, 0.051, 233.322, 0.019, 227.354, 0.03, 243.27, 0.063,
029-psm01ABBAb1, 9.508270, 0.000316776859504, 192.386, 0.013, 269.164, 0.062, 266.581, 0.054, 261.226, 0.014, 269.475, 0.013, 271.042, 0.053, 249.702, 0.042, 263.565, 0.013, 262.091, 0.014, 277.24, 0.051, 249.394, 0.049, 253.09, 0.015,
029-psm02ABABa1, 7.035290, 0.00432018181818, 262.194, 0.063, 200.693, 0.014, 228.322, 0.058, 200.388, 0.018, 227.638, 0.069, 242.551, 0.015, 226.559, 0.062, 208.419, 0.021, 271.946, 0.068, 235.896, 0.016, 203.099, 0.272, 188.903, 0.005,
029-psm02ABABb1, 8.594830, 0.000200809917355, -159.374, 0.005, 266.87, 0.059, 232.417, 0.015, 234.278, 0.056, 235.928, 0.018, 219.353, 0.048, 244.569, 0.016, 270.904, 0.067, 239.58, 0.012, 251.081, 0.044, 247.934, 0.016, 267.293, 0.051,
029-psm02ABBAa1, 8.295880, 9.78347107438e-05, 292.415, 0.051, 211.136, 0.016, 232.075, 0.014, 274.576, 0.037, 266.041, 0.049, 217.117, 0.016, 180.453, 0.036, 231.985, 0.054, 220.984, 0.019, 218.979, 0.04, 187.875, 0.013, 228.981, 0.025,
029-psm02ABBAb1, 8.482970, 0.000375355371901, 220.678, 0.013, 225.573, 0.058, 203.39, 0.084, 240.126, 0.015, 166.979, 0.017, 279.797, 0.073, 231.594, 0.032, 225.138, 0.015, 211.403, 0.014, 231.854, 0.073, 233.398, 0.043, 210.26, 0.016,
029-psm03ABABa1, 10.176500, 0.000157157024793, 278.701, 0.052, 210.685, 0.024, 302.459, 0.052, 223.549, 0.024, 290.584, 0.054, -202.753, 0.081, 325.794, 0.058, 213.047, 0.03, 317.678, 0.047, 213.694, 0.026, 294.447, 0.049, 238.555, 0.023,
029-psm03ABABb1, 9.649240, 0.000880776859504, 210.503, 0.016, 296.132, 0.064, 190.685, 0.016, 298.886, 0.055, 258.726, 0.021, 273.246, 0.066, 218.603, 0.021, 268.62, 0.062, 220.401, 0.022, 221.807, 0.045, 181.441, 0.02, 280.075, 0.07,
029-psm03ABBAa1, 10.418300, 0.000441239669421, 258.765, 0.036, 255.611, 0.013, 282.519, 0.023, 275.277, 0.037, 275.251, 0.038, 261.065, 0.017, 239.512, 0.014, 297.284, 0.055, 279.639, 0.024, 227.438, 0.006, 283.34, 0.024, 300.6, 0.044,
029-psm03ABBAb1, 10.063200, 0.0010098677686, 164.488, 0.011, 296.502, 0.059, 282.584, 0.068, 271.71, 0.009, 231.457, 0.01, 230.484, 0.068, 176.656, 0.064, 191.479, 0.013, 277.199, 0.01, 243.203, 0.062, 250.713, 0.021, -190.058, 0.074,
029-psm04ABABa1, 9.573070, 0.00020626446281, 235.201, 0.055, 195.753, 0.015, 273.44, 0.052, 207.685, 0.013, 260.109, 0.047, 186.758, 0.016, 242.835, 0.053, 248.744, 0.013, 226.982, 0.052, -163.363, 0.074, 247.968, 0.043, 201.392, 0.018,
029-psm04ABABb1, 8.937260, 0.000184975206612, 179.509, 0.009, 228.09, 0.052, 199.274, 0.013, 239.661, 0.059, 213.882, 0.017, 255.188, 0.058, 232.112, 0.013, 234.982, 0.045, 206.809, 0.016, 245.103, 0.052, 241.449, 0.014, 241.325, 0.054,
029-psm04ABBAa1, 9.327660, 0.000172066115702, 295.047, 0.055, 144.316, 0.005, 200.802, 0.018, 283.72, 0.069, 254.324, 0.052, -182.62, 0.07, 214.617, 0.015, 285.809, 0.056, 249.516, 0.049, 232.085, 0.016, 198.45, 0.017, 269.637, 0.067,
029-psm04ABBAb1, 9.132190, 9.90909090909e-05, 213.083, 0.012, 260.991, 0.085, 262.406, 0.066, 233.645, 0.008, 237.654, 0.011, 259.936, 0.083, 257.1, 0.06, 212.426, 0.01, 246.622, 0.012, 224.909, 0.081, 224.333, 0.055, -169.257, 0.012,
029-psm05ABABa1, 9.104150, 0.000225900826446, 219.107, 0.054, 173.756, 0.024, 224.463, 0.073, 174.308, 0.028, 213.027, 0.059, 192.013, 0.027, 250.893, 0.068, 213.1, 0.022, 291.615, 0.063, 221.521, 0.022, 242.171, 0.061, 222.603, 0.018,
029-psm05ABABb1, 9.270290, 0.00025932231405, 243.538, 0.021, 234.166, 0.077, 240.454, 0.025, 237.616, 0.068, 241.544, 0.024, 264.921, 0.069, 239.723, 0.016, 242.355, 0.074, 259.624, 0.021, 277.662, 0.082, 194.437, 0.036, 254.608, 0.074,
029-psm05ABBAa1, 8.857300, 0.000259173553719, 205.82, 0.071, 196.08, 0.023, 186.977, 0.022, 232.146, 0.073, 217.61, 0.065, 182.562, 0.024, 200.103, 0.022, 219.534, 0.077, 275.276, 0.058, 186.35, 0.029, 214.655, 0.023, 214.343, 0.063,
029-psm05ABBAb1, 8.805800, 0.000510066115702, 202.235, 0.022, 191.415, 0.094, 278.368, 0.078, 232.313, 0.026, 212.781, 0.028, 246.056, 0.069, 261.579, 0.079, 186.767, 0.022, 209.236, 0.019, 233.291, 0.067, 225.024, 0.059, 256.094, 0.022,
029-psm06ABABa1, 8.642110, 0.00134823140496, 240.677, 0.074, 183.872, 0.028, 239.712, 0.048, 187.743, 0.017, 227.904, 0.041, 229.803, 0.029, 238.525, 0.062, 221.268, 0.016, 238.593, 0.021, 233.562, 0.017, 249.143, 0.064, 198.373, 0.016,
029-psm06ABABb1, 8.601100, 0.0011260661157, 263.827, 0.033, 235.6, 0.074, 257.814, 0.022, 245.139, 0.078, 236.652, 0.017, 261.972, 0.066, 222.576, 0.025, 237.989, 0.057, 228.988, 0.023, 254.698, 0.027, 240.295, 0.043, 230.296, 0.054,
029-psm06ABBAa1, 8.745500, 0.000283884297521, 327.072, 0.064, 248.648, 0.019, 256.391, 0.023, 259.086, 0.055, 268.42, 0.058, 222.553, 0.02, 239.919, 0.019, 212.63, 0.059, 265.362, 0.055, 208.771, 0.021, 257.019, 0.021, 254.803, 0.057,
029-psm06ABBAb1, 9.066520, 0.00062641322314, 252.401, 0.018, 243.765, 0.08, 262.201, 0.08, 242.813, 0.021, 256.424, 0.021, 263.025, 0.094, 241.006, 0.062, 214.309, 0.015, 221.014, 0.016, 276.738, 0.081, 257.187, 0.053, 236.454, 0.014,
029-psm07ABABa1, 9.566150, 0.000970198347107, 217.341, 0.03, 242.203, 0.015, 286.336, 0.083, 274.851, 0.023, 332.792, 0.066, -243.416, 0.086, 315.403, 0.063, 304.488, 0.054, 317.835, 0.061, 288.754, 0.026, 314.489, 0.067, 235.047, 0.014,
029-psm07ABABb1, 9.661950, 0.000456694214876, 271.618, 0.013, 284.11, 0.057, 274.212, 0.018, 286.912, 0.063, 279.93, 0.016, 264.415, 0.067, 266.576, 0.014, 287.006, 0.061, 257.729, 0.016, 290.844, 0.067, 289.323, 0.014, 290.314, 0.065,
029-psm07ABBAa1, 9.438060, 0.000697867768595, 258.83, 0.048, 277.28, 0.018, 298.18, 0.057, 290.868, 0.015, 263.049, 0.041, 288.965, 0.014, 315.83, 0.016, 279.993, 0.055, 255.735, 0.052, 280.522, 0.015, 329.379, 0.017, 328.565, 0.057,
029-psm07ABBAb1, 8.958230, 0.00146024793388, 172.937, 0.232, 309.797, 0.059, 321.194, 0.07, 311.277, 0.013, 248.194, 0.015, 315.79, 0.053, 264.221, 0.061, 347.772, 0.02, 317.051, 0.015, 261.568, 0.054, 313.037, 0.047, 297.196, 0.015,
029-psm08ABABa1, 10.043800, 0.00204259504132, 216.34, 0.074, 240.715, 0.025, 294.461, 0.059, 136.242, 0.008, 286.89, 0.048, -172.046, 0.073, 263.896, 0.063, 206.162, 0.016, 263.036, 0.057, -195.847, 0.013, -178.666, 0.06, 273.864, 0.017,
029-psm08ABABb1, 9.566110, 0.000502991735537, 231.851, 0.02, 238.895, 0.065, 187.73, 0.01, 257.508, 0.075, 175.321, 0.021, 196.843, 0.022, 235.954, 0.023, 292.109, 0.074, 286.626, 0.023, 326.368, 0.072, 306.44, 0.024, 304.596, 0.093,
029-psm08ABBAa1, 9.546690, 0.00031641322314, 280.657, 0.062, 236.808, 0.015, 293.521, 0.018, 280.876, 0.054, 258.628, 0.052, -171.939, 0.079, 250.551, 0.014, 267.252, 0.063, 257.326, 0.049, -159.657, 0.016, 306.342, 0.02, 268.597, 0.06,
029-psm08ABBAb1, 9.750970, 0.000825338842975, 279.143, 0.022, 288.828, 0.084, 261.965, 0.061, -184.212, 0.071, 257.866, 0.022, 308.311, 0.076, 266.767, 0.069, 248.756, 0.02, 251.759, 0.027, 298.947, 0.052, 271.081, 0.036, 246.746, 0.02,
029-psm09ABABa1, 8.869130, 0.000478380165289, 273.687, 0.061, 198.497, 0.02, 253.231, 0.071, 244.665, 0.029, 259.645, 0.092, 228.214, 0.018, 271.532, 0.065, 247.85, 0.026, 250.925, 0.072, 247.677, 0.029, 280.744, 0.072, 192.942, 0.04,
029-psm09ABABb1, 8.879950, 0.00148552066116, 191.756, 0.022, 245.324, 0.082, 208.637, 0.028, 184.568, 0.1, 200.775, 0.019, 201.314, 0.031, 163.363, 0.022, 232.682, 0.085, 259.255, 0.022, 233.665, 0.084, 257.257, 0.02, 256.814, 0.064,
029-psm09ABBAa1, 8.687180, 0.000630776859504, 257.206, 0.058, 211.944, 0.027, 230.335, 0.021, 220.263, 0.075, 203.447, 0.005, 232.146, 0.026, 223.638, 0.024, 225.162, 0.07, 232.834, 0.061, -141.823, 0.02, 242.359, 0.036, 254.917, 0.032,
029-psm09ABBAb1, 9.015000, 0.000132363636364, 224.984, 0.018, 171.56, 0.085, 252.908, 0.066, 250.367, 0.018, 240.94, 0.02, 248.204, 0.07, 194.577, 0.033, 191.17, 0.024, 256.337, 0.022, 216.61, 0.075, 254.166, 0.033, 223.03, 0.025,
029-psm10ABABa1, 9.445900, 0.000675867768595, 256.784, 0.081, 241.719, 0.018, 266.515, 0.077, 237.1, 0.019, 304.727, 0.07, 249.249, 0.022, 339.482, 0.081, 278.16, 0.029, 296.289, 0.072, 270.007, 0.021, 279.387, 0.079, 244.004, 0.027,
029-psm10ABABb1, 9.459370, 0.000515289256198, 206.542, 0.021, 227.23, 0.094, 222.182, 0.023, 241.14, 0.09, 250.195, 0.023, 259.556, 0.087, 273.054, 0.022, 226.417, 0.085, 249.79, 0.022, 240.518, 0.065, 274.259, 0.021, 240.678, 0.072,
029-psm10ABBAa1, 9.223280, 0.000140247933884, 277.774, 0.056, -162.427, 0.088, 274.35, 0.028, 281.589, 0.063, 275.005, 0.051, 245.674, 0.024, 263.05, 0.016, 300.631, 0.057, 230.744, 0.049, 247.193, 0.029, 241.421, 0.031, 264.14, 0.054,
029-psm10ABBAb1, 9.100860, 0.000931239669421, 227.106, 0.158, 285.574, 0.093, 281.433, 0.081, 229.898, 0.022, 212.218, 0.027, 295.547, 0.119, 237.749, 0.067, 297.372, 0.019, 279.218, 0.031, 253.274, 0.056, 257.045, 0.058, 256.529, 0.016,
029-psm11ABABa1, 9.570940, 0.00165438016529, 248.764, 0.065, 243.279, 0.026, 248.917, 0.076, 238.955, 0.024, 271.112, 0.06, 257.482, 0.026, 278.264, 0.061, 256.404, 0.017, 261.485, 0.061, 230.923, 0.028, 274.091, 0.07, 108.954, 0.088,
029-psm11ABABb1, 9.390390, 0.00142747107438, -116.929, 0.093, 254.642, 0.077, 283.686, 0.023, 288.649, 0.085, 266.33, 0.03, 287.768, 0.085, -133.057, 0.083, 254.335, 0.056, 204.805, 0.025, 240.395, 0.076, 259.582, 0.023, 281.289, 0.065,
029-psm11ABBAa1, 9.575070, 0.000585884297521, 229.707, 0.059, 247.149, 0.022, 249.444, 0.023, 266.913, 0.077, 245.967, 0.069, 244.006, 0.032, 284.722, 0.026, 222.51, 0.143, 271.864, 0.056, 199.822, 0.029, 198.579, 0.035, 232.691, 0.055,
029-psm11ABBAb1, 9.590670, 0.000811636363636, 195.747, 0.019, 300.824, 0.076, 265.221, 0.075, 221.502, 0.018, 296.399, 0.03, 288.19, 0.06, 274.115, 0.059, 175.431, 0.018, 232.153, 0.02, 289.515, 0.068, 227.582, 0.06, 244.711, 0.024,
029-psm12ABABa1, 11.130400, 0.012161107438, 204.754, 0.066, 208.547, 0.022, 229.296, 0.063, 211.451, 0.015, 259.452, 0.065, 199.263, 0.029, 160.451, 0.023, 90.8587, 0.004, 172.167, 0.005, 186.805, 0.005, 241.994, 0.076, -146.159, 0.086,
029-psm12ABABb1, 9.526840, 0.00328153719008, 212.068, 0.036, 192.125, 0.005, 274.036, 0.034, 190.005, 0.005, 268.616, 0.043, 246.786, 0.061, 273.386, 0.028, 251.704, 0.087, 283.021, 0.028, 216.97, 0.073, 244.692, 0.038, 234.997, 0.079,
029-psm12ABBAa1, 9.297240, 0.000303785123967, 263.079, 0.057, 197.365, 0.023, 260.412, 0.023, 281.314, 0.085, 222.179, 0.043, 181.911, 0.021, 230.333, 0.031, 248.521, 0.068, 244.454, 0.067, 229.832, 0.026, 150.742, 0.032, 287.476, 0.063,
029-psm12ABBAb1, 9.443720, 0.0018138677686, 217.111, 0.019, 219.495, 0.067, 239.537, 0.062, 171.031, 0.029, 212.283, 0.027, 230.452, 0.085, 298.288, 0.082, 143.267, 0.027, 225.119, 0.025, -188.088, 0.005, 222.506, 0.044, 229.616, 0.025,
029-psn01ABABa1, 8.565660, 0.000571867768595, 228.694, 0.059, 256.923, 0.017, 251.901, 0.042, 272.459, 0.015, 236.417, 0.032, -141.789, 0.073, 244.273, 0.036, 241.796, 0.012, 291.218, 0.033, 281.953, 0.013, 250.551, 0.025, -139.412, 0.077,
029-psn01ABABb1, 8.113440, 0.000108809917355, 209.223, 0.012, 255.814, 0.054, 240.165, 0.014, 258.004, 0.067, 245.642, 0.017, 251.191, 0.036, 266.095, 0.015, 247.076, 0.05, 247.03, 0.021, 284.065, 0.055, 272.519, 0.017, 286.577, 0.054,
029-psn01ABBAa1, 8.532710, 0.000347884297521, 233.371, 0.017, 241.395, 0.043, 194.432, 0.015, 274.67, 0.044, 269.834, 0.04, -172.687, 0.074, 228.31, 0.017, 259.795, 0.045, 238.082, 0.04, 263.183, 0.013, 234.998, 0.016, 271.59, 0.044,
029-psn01ABBAb1, 6.258200, 0.0299205123967, 295.773, 0.017, 250.3, 0.054, 273.723, 0.061, 231.599, 0.024, 239.336, 0.032, 265.882, 0.059, 254.671, 0.055, 271.4, 0.012, 227.08, 0.037, 280.592, 0.031, 245.015, 0.017, 163.799, 0.157,
029-psn02ABABa1, 8.734110, 0.000240429752066, 278.923, 0.052, 206.876, 0.016, 265.187, 0.053, 208.809, 0.017, 263.578, 0.069, -124.511, 0.072, 246.675, 0.059, 222.073, 0.017, 271.47, 0.067, -158.859, 0.075, 272.905, 0.064, 188.536, 0.021,
029-psn02ABABb1, 8.960180, 0.000155834710744, 259.19, 0.021, 245.503, 0.049, 231.825, 0.017, 238.059, 0.042, 219.771, 0.013, 240.121, 0.053, 214.499, 0.017, 268.687, 0.062, 263.119, 0.017, 257.856, 0.052, 203.117, 0.028, 252.984, 0.057,
029-psn02ABBAa1, 8.901010, 0.000104049586777, 238.086, 0.067, -128.778, 0.084, 220.596, 0.025, 228.848, 0.07, 256.547, 0.057, -177.095, 0.08, 215.759, 0.034, 252.415, 0.059, 246.422, 0.058, 194.914, 0.018, 247.829, 0.022, 246.489, 0.052,
029-psn02ABBAb1, 9.008990, 0.000642429752066, 190.995, 0.013, 242.409, 0.077, 216.362, 0.056, 190.223, 0.011, 178.349, 0.01, 215.032, 0.064, 271.26, 0.059, 243.015, 0.018, 217.523, 0.011, 274.314, 0.063, 252.982, 0.044, 227.474, 0.02,
029-psn03ABABa1, 8.819070, 0.000447107438017, 240.237, 0.046, -106.452, 0.06, 243.69, 0.073, 189.673, 0.009, 285.394, 0.058, 151.602, 0.015, 292.787, 0.065, 206.544, 0.02, 298.861, 0.065, -133.438, 0.071, 218.802, 0.07, -146.693, 0.079,
029-psn03ABABb1, 9.172770, 7.17024793388e-05, 184.76, 0.018, 236.021, 0.07, 230.707, 0.019, 260.327, 0.071, -133.342, 0.088, 226.801, 0.08, 229.548, 0.019, 247.99, 0.062, 244.47, 0.017, 232.953, 0.073, 208.336, 0.019, 234.417, 0.067,
029-psn03ABBAa1, 8.762010, 0.00139578512397, 251.742, 0.045, -140.565, 0.084, 174.447, 0.016, 300.458, 0.053, 219.183, 0.044, -197.418, 0.015, -144.244, 0.015, 247.206, 0.062, 219.65, 0.044, -104.792, 0.019, 191.317, 0.034, 256.293, 0.041,
029-psn03ABBAb1, 8.963810, 0.000618429752066, 225.046, 0.013, 259.107, 0.068, 253.566, 0.063, 197.995, 0.024, 238.068, 0.017, 243.685, 0.094, 269.837, 0.056, -125.843, 0.025, 273.527, 0.015, 256.021, 0.093, 283.12, 0.057, 187.776, 0.03,
029-psn04ABABa1, 7.845200, 0.000100595041322, 218.628, 0.049, 200.523, 0.01, 244.336, 0.047, 173.288, 0.012, 246.224, 0.052, 209.15, 0.012, 278.142, 0.051, 195.758, 0.013, 205.746, 0.042, 228.472, 0.012, 260.516, 0.046, 217.282, 0.012,
029-psn04ABABb1, 9.266370, 0.000128628099174, 189.765, 0.012, 215.506, 0.057, 188.135, 0.012, 239.477, 0.053, 225.974, 0.01, 268.538, 0.059, 221.515, 0.011, 227.082, 0.064, 231.554, 0.012, 203.989, 0.066, 194.848, 0.012, 214.896, 0.105,
029-psn04ABBAa1, 8.514700, 0.000255504132231, 244.847, 0.053, -150.544, 0.079, 228.792, 0.014, 281.504, 0.051, 243.998, 0.043, 222.636, 0.015, 198.416, 0.018, 274.777, 0.057, 235.98, 0.046, -175.52, 0.084, 211.944, 0.014, 287.874, 0.051,
029-psn04ABBAb1, 9.055070, 0.000288809917355, 181.945, 0.015, 228.884, 0.08, 237.436, 0.04, 224.147, 0.019, 222.617, 0.014, 248.95, 0.093, 223.846, 0.085, 229.239, 0.013, 189.946, 0.016, 209.453, 0.077, 160.151, 0.067, 213.31, 0.016,
029-psn05ABABa1, 9.697410, 0.000242429752066, 245.299, 0.049, 207.048, 0.018, 232.862, 0.052, 264.915, 0.023, 287.673, 0.049, -183.787, 0.017, 226.653, 0.048, 191.479, 0.016, 227.565, 0.031, 266.971, 0.018, 275.924, 0.043, 235.956, 0.017,
029-psn05ABABb1, 9.614570, 0.00118204958678, 248.488, 0.029, 267.104, 0.069, 256.869, 0.026, -216.568, 0.005, 202.531, 0.016, 267.625, 0.067, 241.328, 0.019, 228.589, 0.058, 203.04, 0.029, 246.087, 0.075, 201.051, 0.023, 290.645, 0.067,
029-psn05ABBAa1, 9.028340, 0.000829537190083, 286.003, 0.053, 236.011, 0.019, 195.449, 0.021, 271.279, 0.072, 254.628, 0.064, 217.315, 0.02, 276.106, 0.024, 216.046, 0.07, 237.506, 0.043, 207.618, 0.024, 227.189, 0.014, 257.365, 0.052,
029-psn05ABBAb1, 9.086670, 0.00317008264463, 152.468, 0.024, 258.252, 0.075, 254.759, 0.06, 172.527, 0.017, 253.614, 0.015, 261.972, 0.075, 205.189, 0.036, 260.929, 0.018, 263.192, 0.017, 220.786, 0.044, 203.687, 0.055, 288.939, 0.022,
029-psn06ABABa1, 8.158980, 0.00066347107438, 243.689, 0.067, 185.67, 0.013, 232.684, 0.041, 182.934, 0.019, 271.33, 0.05, 217.206, 0.016, 272.004, 0.04, 174.687, 0.013, 248.509, 0.038, 218.867, 0.005, 260.239, 0.062, 258.208, 0.025,
029-psn06ABABb1, 8.833200, 0.000386991735537, 225.332, 0.018, 230.832, 0.076, 240.191, 0.025, 235.184, 0.08, 264.949, 0.017, 261.336, 0.077, 209.967, 0.013, 284.884, 0.04, 173.545, 0.026, 232.776, 0.075, -197.605, 0.012, 287.712, 0.069,
029-psn06ABBAa1, 8.197400, 0.00025532231405, 257.01, 0.065, 208.45, 0.019, 198.391, 0.02, 249.154, 0.04, 301.541, 0.056, 217.111, 0.017, 227.623, 0.021, 307.486, 0.052, 290.611, 0.053, 295.738, 0.023, 219.205, 0.022, 278.957, 0.018,
029-psn06ABBAb1, 8.818940, 0.000339900826446, 215.981, 0.028, 251.348, 0.062, 257.838, 0.066, 217.787, 0.029, 318.332, 0.056, 237.918, 0.016, -171.318, 0.02, 204.095, 0.017, 275.477, 0.015, 266.997, 0.062, 259.891, 0.039, 202.927, 0.024,
029-psn07ABABa1, 8.574590, 0.00112436363636, 260.419, 0.048, -137.861, 0.079, 256.806, 0.059, -132.797, 0.009, 294.485, 0.045, -165.269, 0.015, 281.809, 0.055, 189.332, 0.014, 290.229, 0.053, -154.298, 0.083, 250.068, 0.045, 198.662, 0.018,
029-psn07ABABb1, 8.622640, 0.00110472727273, 232.228, 0.021, 264.03, 0.06, 208.021, 0.015, 241.776, 0.065, 241.352, 0.02, 234.903, 0.049, 239.724, 0.017, 238.117, 0.057, 277.631, 0.019, 245.19, 0.081, 274.235, 0.019, 259.963, 0.055,
029-psn07ABBAa1, 8.923970, 0.000158247933884, 254.263, 0.063, 201.815, 0.022, 231.81, 0.016, 230.526, 0.05, 231.707, 0.039, 189.203, 0.023, 221.781, 0.02, 238.671, 0.061, 253.64, 0.041, -152.194, 0.012, -150.978, 0.014, 232.045, 0.057,
029-psn07ABBAb1, 8.729730, 0.00031732231405, 250.606, 0.015, 248.7, 0.075, 293.258, 0.073, 211.393, 0.021, -134.554, 0.082, 168.236, 0.051, 214.407, 0.034, 237.988, 0.019, 219.117, 0.024, 190.176, 0.074, 186.111, 0.064, 242.33, 0.016,
029-psn08ABABa1, 9.065520, 0.000667454545455, 227.963, 0.064, 208.015, 0.018, 256.624, 0.053, 185.439, 0.02, 236.007, 0.06, 167.594, 0.028, 231.475, 0.064, 155.718, 0.014, 290.173, 0.078, -159.821, 0.076, 254.467, 0.056, -138.86, 0.084,
029-psn08ABABb1, 9.153770, 0.00177808264463, 228.032, 0.02, 234.285, 0.07, 242.367, 0.017, 257.748, 0.066, 199.736, 0.015, 202.497, 0.06, 218.053, 0.023, 243.799, 0.064, 155.589, 0.03, 232.148, 0.064, 178.116, 0.023, 211.05, 0.06,
029-psn08ABBAa1, 8.971930, 0.00154727272727, 222.132, 0.052, 187.904, 0.015, 200.454, 0.015, 224.135, 0.053, 281.122, 0.046, -129.63, 0.086, 196.573, 0.02, -165.815, 0.036, 267.296, 0.038, 185.017, 0.019, 182.097, 0.018, 222.448, 0.042,
029-psn08ABBAb1, 9.430090, 0.000712694214876, 214.664, 0.019, 260.365, 0.076, 249.481, 0.062, 222.331, 0.022, -151.309, 0.08, 245.106, 0.063, 251.47, 0.067, 216.724, 0.017, 209.787, 0.019, 269.631, 0.059, 247.003, 0.063, 205.308, 0.025,
029-psn09ABABa1, 9.391120, 0.00045441322314, 284.22, 0.067, -181.466, 0.081, 246.897, 0.049, 196.244, 0.024, 291.314, 0.048, -126.577, 0.081, 259.745, 0.046, 157.786, 0.02, 223.93, 0.05, 208.142, 0.02, 236.744, 0.039, 224.193, 0.02,
029-psn09ABABb1, 9.111400, 0.000462694214876, 256.894, 0.024, 218.516, 0.074, 278.582, 0.026, 243.635, 0.074, 269.54, 0.032, 279.488, 0.063, 269.461, 0.029, 265.996, 0.068, 252.787, 0.028, 194.77, 0.088, 275.463, 0.028, 263.756, 0.089,
029-psn09ABBAa1, 9.388410, 0.000305107438017, 212.369, 0.06, 207.703, 0.023, 229.819, 0.021, 202.835, 0.065, 212.59, 0.059, 195.628, 0.02, 212.715, 0.022, 269.519, 0.054, 248.397, 0.054, 206.343, 0.022, 241.79, 0.024, 260.332, 0.056,
029-psn09ABBAb1, 9.099850, 0.000635107438017, 220.703, 0.017, 217.667, 0.098, 249.092, 0.084, 232.902, 0.026, 243.414, 0.024, 240.619, 0.073, 226.06, 0.061, 247.979, 0.02, 194.502, 0.023, 216.562, 0.053, 188.774, 0.058, 224.605, 0.017,
029-psn10ABABa1, 9.095890, 0.000562925619835, 216.003, 0.052, 193.209, 0.022, 241.563, 0.061, 244.867, 0.032, 249.291, 0.075, 234.273, 0.03, 250.093, 0.076, 236.422, 0.015, 253.805, 0.073, 206.825, 0.02, 215.567, 0.044, 193.146, 0.023,
029-psn10ABABb1, 7.811240, 0.0229363305785, 253.409, 0.023, 266.431, 0.022, 179.858, 0.185, 164.145, 0.005, 276.548, 0.023, 247.876, 0.077, 200.832, 0.019, 298.437, 0.081, 209.442, 0.024, 258.135, 0.062, 260.695, 0.075, 204.071, 0.018,
029-psn10ABBAa1, 8.737540, 0.000983818181818, 286.684, 0.067, 220.333, 0.022, 198.649, 0.027, 298.749, 0.084, 264.517, 0.059, 208.196, 0.032, 277.498, 0.038, 302.008, 0.069, 276.243, 0.061, -184.017, 0.082, 266.281, 0.025, 285.66, 0.058,
029-psn10ABBAb1, 9.046180, 0.000307785123967, 196.424, 0.015, 268.156, 0.076, 251.991, 0.083, 252.96, 0.024, 227.167, 0.028, 288.519, 0.084, 257.87, 0.092, 222.705, 0.037, 291.437, 0.025, 294.05, 0.096, 284.748, 0.086, 290.458, 0.036,
029-psn11ABABa1, 10.074200, 0.000584198347107, 168.104, 0.065, 216.354, 0.025, 299.407, 0.057, 233.571, 0.019, 309.578, 0.04, -149.914, 0.085, 292.154, 0.062, -201.021, 0.087, 302.213, 0.036, 263.439, 0.021, 275.555, 0.062, 279.726, 0.053,
029-psn11ABABb1, 9.801760, 0.000648776859504, 189.656, 0.015, 297.51, 0.084, 275.327, 0.025, 278.093, 0.063, 223.188, 0.031, 276.047, 0.074, 289.257, 0.027, 178.637, 0.005, 293.563, 0.025, 271.274, 0.047, 265.566, 0.025, 269.007, 0.06,
029-psn11ABBAa1, 10.044200, 0.000562016528926, 223.154, 0.061, 245.894, 0.021, 294.043, 0.026, 288.726, 0.065, 256.714, 0.055, 279.663, 0.02, 291.113, 0.02, 292.894, 0.065, 286.346, 0.056, 258.107, 0.02, 316.111, 0.021, 279.228, 0.061,
029-psn11ABBAb1, 10.203300, 0.000257157024793, 178.885, 0.015, 271.748, 0.075, 292.345, 0.066, 265.13, 0.018, 260.503, 0.021, 290.976, 0.064, 299.397, 0.07, 287.792, 0.02, 284.546, 0.028, 255.519, 0.083, 234.508, 0.034, 243.879, 0.017,
029-psn12ABABa1, 9.209160, 0.000465520661157, 255.422, 0.073, 190.291, 0.021, 208.9, 0.07, -151.328, 0.1, 231.871, 0.065, -121.52, 0.024, 265.297, 0.077, -127.386, 0.024, 226.495, 0.053, 168.778, 0.023, 288.782, 0.055, -121.737, 0.082,
029-psn12ABABb1, 9.277980, 0.00030279338843, 205.002, 0.025, 240.011, 0.073, -155.423, 0.015, 246.653, 0.071, -166.026, 0.018, 223.34, 0.071, 217.845, 0.018, 210.567, 0.059, 246.803, 0.023, 254.868, 0.059, 239.964, 0.033, 183.173, 0.079,
029-psn12ABBAa1, 8.516750, 0.00129404958678, 241.089, 0.052, -110.035, 0.023, 231.247, 0.022, 245.022, 0.066, 237.715, 0.062, -125.435, 0.084, 245.386, 0.03, 253.706, 0.08, 178.167, 0.005, -129.881, 0.068, -228.485, 0.017, 247.561, 0.058,
029-psn12ABBAb1, 9.166720, 0.000385867768595, 221.274, 0.018, 236.777, 0.076, 240.012, 0.069, 183.491, 0.023, 268.341, 0.027, 237.244, 0.075, 237.624, 0.052, -137.403, 0.088, 208.361, 0.03, 244.06, 0.071, 267.729, 0.042, -142.59, 0.092,
