033-pdm01ABABa1, 9.076970, 0.00257550413223, 175.298, 0.043, 268.376, 0.079, -155.219, 0.015, 271.581, 0.06, 202.119, 0.005, 202.885, 0.044, -116.115, 0.043, 246.637, 0.055, -245.569, 0.089, 150.422, 0.063, 109.635, 0.015, 272.249, 0.103,
033-pdm01ABABb1, 8.762710, 0.000935090909091, 222.879, 0.051, -115.651, 0.078, 215.316, 0.11, -88.7498, 0.04, 298.201, 0.079, -122.769, 0.086, 204.646, 0.069, -133.485, 0.023, 255.845, 0.055, -136.426, 0.078, -198.935, 0.059, -115.692, 0.075,
033-pdm01ABBAa1, 9.123920, 0.00112497520661, 210.228, 0.02, 278.508, 0.054, 267.316, 0.055, 202.895, 0.029, 269.871, 0.032, 224.471, 0.071, 301.649, 0.077, -125.741, 0.091, 256.737, 0.031, 204.473, 0.064, 220.689, 0.049, 174.316, 0.016,
033-pdm01ABBAb1, 9.164430, 0.000867900826446, 163.19, 0.067, -126.924, 0.075, 175.301, 0.042, 120.68, 0.032, 227.384, 0.07, 123.353, 0.035, 240.812, 0.015, 159.501, 0.076, 267.398, 0.077, -155.003, 0.014, 151.745, 0.027, 262.601, 0.085,
033-pdm02ABABa1, 9.526130, 0.00258808264463, 219.341, 0.013, 229.318, 0.044, -195.673, 0.063, 233.754, 0.061, 167.4, 0.028, 195.098, 0.044, 218.8, 0.016, 233.829, 0.064, 231.906, 0.021, 176.496, 0.047, -138.013, 0.08, 219.092, 0.024,
033-pdm02ABABb1, 10.032800, 0.00111909090909, 191.976, 0.067, 210.183, 0.013, 227.51, 0.044, 202.735, 0.011, 195.723, 0.076, 179.089, 0.03, 170.033, 0.049, 142.726, 0.012, 223.658, 0.076, 241.41, 0.017, 189.713, 0.005, 187.263, 0.021,
033-pdm02ABBAa1, 9.989710, 0.000271173553719, 173.517, 0.014, 212.205, 0.042, 233.449, 0.059, -187.126, 0.005, -158.76, 0.02, 177.307, 0.069, 244.138, 0.037, 210.094, 0.026, 200.877, 0.013, 197.522, 0.071, 267.198, 0.044, 157.748, 0.017,
033-pdm02ABBAb1, 13.982200, 0.00708233057851, -164.721, 0.005, 188.561, 0.018, 183.648, 0.034, 112.835, 0.037, 198.145, 0.051, 115.811, 0.035, 153.411, 0.022, 147.197, 0.009, 203.056, 0.08, 111.029, 0.08, 191.034, 0.037, 196.407, 0.01,
033-pdm03ABABa1, 9.737630, 0.00276841322314, -111.626, 0.03, 209.424, 0.006, -180.536, 0.082, 186.716, 0.061, 199.174, 0.005, 271.718, 0.09, 255.291, 0.059, 255.068, 0.047, -146.277, 0.057, 236.36, 0.08, -138.508, 0.078, 134.292, 0.053,
033-pdm03ABABb1, 9.325520, 0.00335659504132, 215.5, 0.053, -171.442, 0.079, -158.786, 0.049, -148.121, 0.07, 260.136, 0.068, 156.626, 0.006, 241.677, 0.06, -189.266, 0.005, 281.603, 0.09, -158.842, 0.019, 269.893, 0.053, -169.092, 0.012,
033-pdm03ABBAa1, 9.277030, 0.00344710743802, 139.595, 0.025, 236.82, 0.06, 255.664, 0.045, -163.002, 0.02, -168.641, 0.083, 212.16, 0.053, 204.058, 0.042, -188.816, 0.078, 229.933, 0.015, 290.684, 0.09, 267.909, 0.053, -176.747, 0.077,
033-pdm03ABBAb1, 9.264860, 0.00481661157025, 267.275, 0.071, -160.752, 0.077, -155.183, 0.057, 210.749, 0.078, 243.055, 0.08, 149.521, 0.077, 235.752, 0.019, 141.062, 0.098, 302.711, 0.048, -214.666, 0.01, 228.876, 0.013, 224.859, 0.068,
033-pdm04ABABa1, 9.101300, 0.000480380165289, 212.761, 0.021, 211.963, 0.047, -131.093, 0.059, 172.718, 0.07, -143.601, 0.033, 180.175, 0.084, -147.666, 0.039, 128.088, 0.08, -158.108, 0.039, 169.25, 0.098, 205.767, 0.023, 128.642, 0.076,
033-pdm04ABABb1, 9.591020, 0.00057279338843, 213.299, 0.099, 188.525, 0.022, 195.853, 0.043, 197.644, 0.018, 259.314, 0.051, 202.856, 0.023, 224.865, 0.014, 225.515, 0.02, 265.698, 0.046, 198.286, 0.017, 232.71, 0.039, 182.974, 0.016,
033-pdm04ABBAa1, 9.574850, 0.00155314049587, 215.113, 0.017, 178.41, 0.038, 206.798, 0.055, 187.074, 0.018, 237.687, 0.026, 228.449, 0.06, 226.54, 0.055, 150.076, 0.009, -152.355, 0.026, 220.785, 0.052, 225.436, 0.038, 156.211, 0.06,
033-pdm04ABBAb1, 9.373170, 0.00117170247934, 219.834, 0.057, 151.266, 0.021, 172.411, 0.005, 158.237, 0.061, 231.101, 0.025, 166.825, 0.005, 137.136, 0.013, 228.519, 0.059, 224.559, 0.078, 164.457, 0.011, 180.63, 0.009, 138.013, 0.057,
033-pdm05ABABa1, 8.956150, 0.00161090909091, 162.328, 0.051, 181.319, 0.042, -184.459, 0.078, 246.013, 0.046, 210.153, 0.027, 250.273, 0.069, 179.76, 0.017, 190.057, 0.123, -156.815, 0.01, 208.58, 0.051, 250.298, 0.024, 175.327, 0.048,
033-pdm05ABABb1, 8.059060, 0.000334925619835, 262.715, 0.052, -133.398, 0.093, 232.459, 0.059, 182.283, 0.073, 244.854, 0.046, -197.576, 0.096, 249.888, 0.046, 141.968, 0.026, 183.771, 0.042, -168.214, 0.015, 216.944, 0.06, -151.341, 0.057,
033-pdm05ABBAa1, 8.959930, 0.00145553719008, 195.562, 0.027, 222.889, 0.042, 242.043, 0.059, -134.582, 0.026, 236.844, 0.015, 248.951, 0.053, 235.671, 0.052, 146.119, 0.038, 160.893, 0.008, 256.6, 0.051, 186.028, 0.042, 154.462, 0.014,
033-pdm05ABBAb1, 8.620250, 0.000896231404959, 222.909, 0.046, -139.003, 0.078, -159.105, 0.012, 207.679, 0.044, 225.111, 0.043, -175.186, 0.074, -188.059, 0.079, 264.088, 0.073, 189.007, 0.115, 208.232, 0.033, 187.258, 0.012, 229.397, 0.047,
033-pdm06ABABa1, 8.877160, 0.00022905785124, 219.445, 0.02, 226.213, 0.057, 203.765, 0.023, 235.401, 0.061, 217.411, 0.058, 170.65, 0.06, 143.726, 0.015, 188.344, 0.051, 214.829, 0.022, 176.129, 0.072, 220.105, 0.075, -190.802, 0.035,
033-pdm06ABABb1, 8.532230, 0.000284925619835, 244.884, 0.076, 229.009, 0.026, 198.055, 0.073, 219.386, 0.037, 227.964, 0.06, 206.266, 0.06, 204.704, 0.07, 125.998, 0.06, 171.96, 0.037, 207.921, 0.044, 237.233, 0.077, 130.892, 0.03,
033-pdm06ABBAa1, 8.406730, 0.00125223140496, 197.413, 0.027, 238.259, 0.041, 223.401, 0.064, 205.031, 0.061, 195.569, 0.005, 230.601, 0.072, 214.341, 0.054, 123.331, 0.028, 169.571, 0.065, 221.575, 0.078, 245.068, 0.052, 106.221, 0.026,
033-pdm06ABBAb1, 8.805090, 0.000640446280992, 251.676, 0.065, 212.428, 0.036, 176.36, 0.043, 160.812, 0.07, 236.26, 0.062, 225.281, 0.026, 129.808, 0.045, 174.301, 0.075, 268.171, 0.068, 215.258, 0.027, 134.053, 0.036, 257.991, 0.094,
033-pdm07ABABa1, 9.604700, 0.00081626446281, 149.386, 0.049, 289.531, 0.066, -215.44, 0.078, 210.168, 0.083, 242.599, 0.02, 251.964, 0.074, 230.77, 0.037, 181.947, 0.088, 272.808, 0.022, 176.39, 0.088, 210.053, 0.018, 271.949, 0.077,
033-pdm07ABABb1, 9.491070, 0.000422925619835, 293.631, 0.048, 227.071, 0.018, 222.786, 0.042, 217.909, 0.016, 295.747, 0.046, 229.764, 0.022, 258.905, 0.043, 185.823, 0.032, 321.862, 0.068, 200.665, 0.081, 269.512, 0.067, 226.921, 0.028,
033-pdm07ABBAa1, 9.315850, 0.0016660661157, 223.169, 0.016, 287.241, 0.055, 256.22, 0.069, -217.7, 0.007, 278.733, 0.137, 291.099, 0.059, 257.293, 0.077, 186.979, 0.031, 224.043, 0.022, 281.623, 0.075, 263.152, 0.038, 240.654, 0.017,
033-pdm07ABBAb1, 9.462790, 0.00101105785124, 235.683, 0.047, 235.267, 0.021, 271.877, 0.031, 155.912, 0.041, 286.871, 0.044, 276.853, 0.022, 262.786, 0.029, 207.68, 0.1, 256.062, 0.078, 170.852, 0.018, 202.471, 0.047, 279.352, 0.064,
033-pdm08ABABa1, 8.619180, 0.00095279338843, -159.732, 0.086, 253.812, 0.093, -129.885, 0.073, 222.847, 0.073, 201.019, 0.015, 259.731, 0.103, -134.102, 0.078, 240.875, 0.053, 257.359, 0.016, 262.017, 0.078, -112.89, 0.084, 247.251, 0.082,
033-pdm08ABABb1, 8.897010, 0.000652066115702, 227.41, 0.064, -150.429, 0.071, 249.172, 0.084, 180.226, 0.012, 251.151, 0.076, 209.947, 0.014, 228.497, 0.078, -128.479, 0.022, 229.202, 0.069, -149.883, 0.084, 214.184, 0.067, 113.18, 0.087,
033-pdm08ABBAa1, 8.788540, 0.000242743801653, -181.077, 0.082, 244.522, 0.088, 239.138, 0.078, 159.815, 0.006, -139.352, 0.077, 240.221, 0.051, 255.245, 0.075, -149.368, 0.072, -155.938, 0.078, 216.936, 0.062, 206.392, 0.061, 121.039, 0.078,
033-pdm08ABBAb1, 8.086800, 0.000960016528926, 268.167, 0.073, 123.35, 0.018, -136.618, 0.08, 155.683, 0.07, 302.501, 0.079, -200.432, 0.073, -129.691, 0.08, -174.581, 0.085, 315.213, 0.066, -151.99, 0.069, -198.377, 0.072, 224.757, 0.058,
033-pdm09ABABa1, 9.639040, 0.000642066115702, 227.674, 0.024, 228.419, 0.069, 206.586, 0.062, 156.013, 0.027, 244.408, 0.027, 230.901, 0.051, 230.544, 0.062, 228.377, 0.074, 273.758, 0.04, 250.202, 0.069, 188.739, 0.039, 199.101, 0.089,
033-pdm09ABABb1, 5.267660, 0.100254876033, -115.178, 0.023, 90.2648, 0.005, 177.412, 0.101, 220.419, 0.025, 134.409, 0.409, 91.1151, 0.032, 147.052, 0.005, 124.765, 0.086, 137.197, 0.075, 140.091, 0.158, 155.076, 0.066, 189.661, 0.15,
033-pdm09ABBAa1, 9.091470, 0.00196532231405, 269.232, 0.031, 242.914, 0.067, 268.796, 0.076, 192.519, 0.037, 253.878, 0.053, 206.103, 0.076, 252.761, 0.084, 139.908, 0.052, 179.579, 0.049, 221.729, 0.079, 280.151, 0.084, 184.849, 0.043,
033-pdm09ABBAb1, 9.278640, 0.00140459504132, 258.716, 0.069, 241.898, 0.037, 164.568, 0.017, 218.411, 0.068, 323.162, 0.127, 213.532, 0.046, 225.244, 0.038, 219.212, 0.096, 236.01, 0.055, 198.712, 0.079, 217.44, 0.037, 131.242, 0.074,
033-pdm10ABABa1, 8.489830, 0.0233396033058, 198.392, 0.022, 237.343, 0.081, -127.569, 0.072, 155.228, 0.119, 122.654, 0.078, 232.139, 0.093, 126.705, 0.013, -159.239, 0.069, 152.301, 0.023, -203.381, 0.068, -116.873, 0.029, 224.864, 0.081,
033-pdm10ABABb1, 8.960160, 0.00288424793388, 248.849, 0.082, -133.802, 0.066, 221.833, 0.072, -123.216, 0.088, 206.556, 0.099, -135.178, 0.074, 227.588, 0.082, -145.288, 0.097, -187.667, 0.062, -127.123, 0.097, 235.385, 0.087, -115.218, 0.079,
033-pdm10ABBAa1, 8.612600, 0.000346809917355, -158.738, 0.07, 210.504, 0.061, 198.637, 0.068, -109.037, 0.042, -132.062, 0.082, 232.175, 0.072, -169.835, 0.074, -142.903, 0.068, -133.75, 0.082, 194.795, 0.059, 180.016, 0.089, -122.807, 0.078,
033-pdm10ABBAb1, 8.251330, 0.00425274380165, 212.734, 0.052, -194.056, 0.076, -176.487, 0.079, 216.688, 0.068, 230.777, 0.084, -107.715, 0.06, -159.382, 0.013, 133.805, 0.03, 226.69, 0.09, -121.629, 0.061, -169.402, 0.022, 161.39, 0.039,
033-pdm11ABABa1, 9.038190, 0.00061305785124, 227.173, 0.044, 230.83, 0.061, 206.708, 0.017, 193.728, 0.09, 239.779, 0.031, 286.708, 0.073, 255.995, 0.046, 280.036, 0.08, 270.785, 0.02, 261.48, 0.099, -141.9, 0.079, 258.805, 0.062,
033-pdm11ABABb1, 8.959710, 0.00337238016529, 240.177, 0.065, 186.907, 0.046, 300.945, 0.071, -119.521, 0.065, 294.716, 0.086, 117.956, 0.005, 264.609, 0.072, 155.681, 0.005, 305.776, 0.086, -126.839, 0.005, neg 123.916, 0.0, 201.862, 0.017,
033-pdm11ABBAa1, 9.040560, 0.0048998677686, 195.035, 0.033, 312.751, 0.089, 307.411, 0.094, 265.285, 0.051, 300.503, 0.032, 298.762, 0.091, 165.348, 0.005, 155.492, 0.005, 266.165, 0.027, 262.018, 0.017, 284.136, 0.088, 254.723, 0.09,
033-pdm11ABBAb1, 9.198190, 0.000394776859504, 279.271, 0.057, 283.066, 0.035, 269.97, 0.036, 270.52, 0.091, 307.446, 0.078, 167.042, 0.014, -251.877, 0.005, 264.562, 0.064, 343.334, 0.071, 236.153, 0.012, 156.137, 0.012, 278.475, 0.077,
033-pdm12ABABa1, 8.636070, 0.00115404958678, 214.045, 0.036, 166.151, 0.053, 208.557, 0.031, 205.019, 0.09, 206.452, 0.029, 257.682, 0.079, -114.348, 0.05, 124.179, 0.005, 270.134, 0.29, 194.702, 0.071, 183.667, 0.041, 182.887, 0.085,
033-pdm12ABABb1, 9.237790, 0.000555719008264, 199.105, 0.095, -143.447, 0.023, 229.952, 0.056, -139.368, 0.045, 233.699, 0.069, 193.647, 0.037, 235.844, 0.089, 175.64, 0.005, 252.951, 0.074, -119.33, 0.091, 184.579, 0.076, 133.091, 0.043,
033-pdm12ABBAa1, 8.992530, 0.00178352066116, 197.571, 0.018, 239.505, 0.086, 249.189, 0.093, 96.8748, 0.058, -127.556, 0.086, 145.604, 0.015, 207.674, 0.073, -142.282, 0.069, 286.869, 0.033, 272.887, 0.092, 246.696, 0.08, 154.255, 0.017,
033-pdm12ABBAb1, 8.117030, 0.0032240661157, -159.811, 0.063, -131.98, 0.095, -170.047, 0.016, 186.755, 0.065, 206.611, 0.08, -215.624, 0.061, -207.724, 0.022, 182.864, 0.093, 282.146, 0.062, -120.745, 0.022, -197.012, 0.084, 179.174, 0.088,
033-pdn01ABABa1, 8.877860, 0.0183882644628, 216.986, 0.034, -153.724, 0.08, 84.9574, 0.005, -151.134, 0.061, -128.812, 0.069, 219.605, 0.078, -147.857, 0.076, 186.905, 0.074, 257.44, 0.02, 216.123, 0.055, -146.622, 0.077, 161.231, 0.064,
033-pdn01ABABb1, 8.012140, 0.0161279669421, 241.162, 0.056, 103.854, 0.031, -170.546, 0.065, 153.793, 0.059, -190.691, 0.136, -192.639, 0.046, 198.037, 0.071, -148.961, 0.077, 239.417, 0.085, -116.138, 0.075, 212.193, 0.095, -187.726, 0.092,
033-pdn01ABBAa1, 8.774270, 0.0151246115702, -147.27, 0.082, 211.062, 0.057, 219.082, 0.043, -188.404, 0.074, 127.198, 0.036, -145.027, 0.07, 218.909, 0.08, -140.019, 0.084, -124.106, 0.056, 209.093, 0.098, 197.278, 0.073, 133.891, 0.058,
033-pdn01ABBAb1, 7.613110, 0.0338623305785, 234.18, 0.049, -153.589, 0.086, 185.858, 0.05, 132.76, 0.005, -136.474, 0.068, -233.938, 0.128, 112.345, 0.005, 109.197, 0.026, 272.845, 0.036, -216.307, 0.086, -203.478, 0.085, neg 116.496, 0.0,
033-pdn02ABABa1, 8.994060, 0.000514925619835, -130.253, 0.075, 198.764, 0.04, -130.879, 0.079, 221.491, 0.063, 181.03, 0.029, 259.468, 0.082, -152.059, 0.074, 211.073, 0.098, 210.148, 0.02, 252.269, 0.086, 145.514, 0.017, 188.474, 0.031,
033-pdn02ABABb1, 9.045030, 0.000526231404959, 203.781, 0.069, -148.053, 0.076, -203.98, 0.072, -114.303, 0.016, 188.965, 0.096, -160.849, 0.079, 171.868, 0.092, 122.545, 0.032, 299.936, 0.082, -143.438, 0.032, 219.871, 0.084, -109.425, 0.013,
033-pdn02ABBAa1, 8.742690, 0.00065905785124, 196.479, 0.089, 258.217, 0.072, 118.969, 0.015, 221.188, 0.084, -167.245, 0.079, 260.82, 0.08, 215.227, 0.069, 92.8905, 0.063, 192.663, 0.027, 215.029, 0.071, 203.701, 0.077, 111.733, 0.014,
033-pdn02ABBAb1, 8.546130, 0.00148287603306, 164.967, 0.085, -215.875, 0.071, -156.173, 0.078, 243.885, 0.09, 232.993, 0.067, -137.98, 0.076, 202.77, 0.012, 201.821, 0.109, 243.929, 0.051, -176.94, 0.075, 163.454, 0.005, 172.684, 0.091,
033-pdn03ABABa1, 8.638550, 0.00105583471074, 168.796, 0.05, 211.381, 0.067, -138.01, 0.074, 213.411, 0.087, 191.983, 0.093, 247.093, 0.049, 175.976, 0.069, 178.9, 0.078, 160.052, 0.069, 267.916, 0.06, 133.439, 0.072, 170.326, 0.093,
033-pdn03ABABb1, 8.015530, 0.00223414876033, 235.473, 0.06, -226.689, 0.057, 219.401, 0.134, -124.719, 0.072, 158.055, 0.005, -210.055, 0.091, 156.294, 0.1, -148.764, 0.071, 216.436, 0.051, -201.162, 0.098, 172.903, 0.086, 139.215, 0.035,
033-pdn03ABBAa1, 8.585100, 0.000585520661157, -146.472, 0.037, 220.541, 0.077, 228.711, 0.044, -153.426, 0.076, -179.591, 0.106, 226.802, 0.067, 169.164, 0.049, 91.5871, 0.001, -187.676, 0.005, 215.847, 0.054, 215.938, 0.051, -165.998, 0.092,
033-pdn03ABBAb1, 8.192280, 0.0368006115702, 242.726, 0.084, -194.524, 0.106, 78.9079, 0.014, -153.47, 0.061, 226.832, 0.103, -173.584, 0.066, 160.568, 0.085, 151.136, 0.005, -139.002, 0.04, -139.422, 0.086, -150.303, 0.097, 213.414, 0.061,
033-pdn04ABABa1, 8.762970, 0.00260644628099, 171.224, 0.016, 260.849, 0.088, -171.612, 0.077, 168.006, 0.05, -199.654, 0.066, 110.419, 0.038, 192.072, 0.026, 226.197, 0.088, 144.935, 0.12, 192.358, 0.071, 187.943, 0.015, 236.531, 0.073,
033-pdn04ABABb1, 8.636130, 0.00182497520661, 209.809, 0.093, -153.645, 0.011, 212.617, 0.137, 272.248, 0.034, 255.273, 0.115, -183.717, 0.081, 213.995, 0.111, -227.579, 0.011, 295.291, 0.081, -182.38, 0.079, 257.274, 0.071, -199.914, 0.066,
033-pdn04ABBAa1, 8.835820, 0.0011707768595, 165.07, 0.02, 310.76, 0.075, 284.327, 0.063, 156.477, 0.005, -186.369, 0.028, 287.87, 0.06, 243.403, 0.043, 183.367, 0.027, -177.535, 0.069, 240.459, 0.072, 221.763, 0.059, 207.837, 0.021,
033-pdn04ABBAb1, 8.445570, 0.000770909090909, 198.925, 0.04, -141.374, 0.069, -151.991, 0.073, 248.663, 0.067, 308.957, 0.08, 195.282, 0.024, -261.66, 0.073, 199.813, 0.005, 274.619, 0.047, -197.252, 0.066, 216.002, 0.028, 248.66, 0.086,
033-pdn05ABABa1, 8.920830, 0.000404876033058, 135.288, 0.06, 244.24, 0.045, -197.419, 0.057, 204.435, 0.062, 229.446, 0.035, 199.702, 0.052, 174.925, 0.085, 114.369, 0.033, 179.972, 0.084, 218.251, 0.065, -171.377, 0.025, 134.758, 0.097,
033-pdn05ABABb1, 9.312840, 0.000458148760331, 225.214, 0.05, 163.137, 0.028, 245.341, 0.06, 182.853, 0.005, 256.703, 0.038, -153.16, 0.053, 238.76, 0.063, -140.576, 0.071, 173.789, 0.065, 194.588, 0.019, 251.918, 0.06, -110.924, 0.005,
033-pdn05ABBAa1, 8.795410, 0.00182109090909, 267.453, 0.051, 255.791, 0.071, 168.412, 0.005, 177.142, 0.024, 191.853, 0.02, 212.336, 0.066, 227.256, 0.066, 133.037, 0.051, -231.898, 0.088, 235.459, 0.084, 230.185, 0.066, 142.624, 0.018,
033-pdn05ABBAb1, 8.497760, 0.000165719008264, 271.141, 0.047, 149.096, 0.045, 219.732, 0.029, 151.469, 0.061, 263.421, 0.071, 135.923, 0.037, 139.614, 0.054, 160.675, 0.071, 271.899, 0.081, 160.53, 0.022, 117.513, 0.031, 127.477, 0.072,
033-pdn06ABABa1, 9.360120, 0.000615355371901, 164.092, 0.021, 271.334, 0.048, -170.604, 0.086, 254.722, 0.058, 233.095, 0.025, 254.3, 0.076, 210.899, 0.078, 192.379, 0.074, 284.12, 0.056, 265.066, 0.077, 238.195, 0.035, 284.681, 0.078,
033-pdn06ABABb1, 8.916660, 0.00117061157025, 216.488, 0.059, 167.889, 0.049, 199.867, 0.066, 139.445, 0.037, 239.27, 0.034, 158.211, 0.024, -198.664, 0.121, 150.182, 0.031, 195.71, 0.126, -189.257, 0.06, 295.677, 0.092, -166.269, 0.031,
033-pdn06ABBAa1, 9.063290, 0.000988446280992, 164.419, 0.028, 270.268, 0.083, 271.277, 0.053, 263.923, 0.037, 256.519, 0.013, 286.135, 0.08, 305.632, 0.089, 216.735, 0.024, -152.035, 0.09, 293.272, 0.08, 265.54, 0.097, 194.999, 0.01,
033-pdn06ABBAb1, 9.221890, 0.000879834710744, 228.415, 0.051, 224.811, 0.027, 217.202, 0.016, 268.14, 0.073, 294.119, 0.053, 234.071, 0.026, 232.037, 0.027, 285.499, 0.082, 330.843, 0.075, 197.338, 0.024, 212.673, 0.028, 170.026, 0.084,
033-pdn07ABABa1, 8.516560, 0.00167332231405, 224.149, 0.041, 229.4, 0.047, 206.577, 0.013, 210.443, 0.089, 285.239, 0.013, 257.474, 0.088, 234.855, 0.018, 139.2, 0.093, 242.755, 0.034, 220.91, 0.085, -135.889, 0.073, 191.109, 0.06,
033-pdn07ABABb1, 8.557920, 0.0132172396694, 215.3, 0.062, -170.8, 0.073, 160.239, 0.017, 148.692, 0.032, 118.695, 0.039, 185.715, 0.085, 233.471, 0.041, 116.287, 0.013, 277.963, 0.068, -164.665, 0.014, 257.34, 0.068, 163.469, 0.039,
033-pdn07ABBAa1, 8.660530, 0.00155619834711, 204.088, 0.027, 222.85, 0.057, 242.32, 0.062, 133.893, 0.019, -200.983, 0.075, 236.746, 0.069, 149.21, 0.074, 144.527, 0.061, 291.899, 0.029, 253.189, 0.067, 223.766, 0.05, 147.077, 0.019,
033-pdn07ABBAb1, 8.387680, 0.00136697520661, 248.674, 0.055, -148.16, 0.078, 148.07, 0.01, 240.422, 0.069, 261.388, 0.04, -198.05, 0.077, 125.288, 0.078, 211.933, 0.076, 273.17, 0.045, -147.409, 0.077, -192.394, 0.078, 198.302, 0.052,
033-pdn08ABABa1, 9.589020, 0.00104983471074, 213.76, 0.025, 243.112, 0.062, 212.149, 0.031, 216.602, 0.04, 230.918, 0.017, 296.294, 0.061, 290.793, 0.03, 262.967, 0.051, 218.238, 0.037, 253.803, 0.042, 212.038, 0.045, 213.915, 0.064,
033-pdn08ABABb1, 9.672500, 0.00262514049587, 153.585, 0.05, 144.326, 0.005, 226.159, 0.058, -113.926, 0.082, 250.233, 0.083, 149.942, 0.036, 264.228, 0.052, 191.736, 0.018, 235.496, 0.088, -146.619, 0.061, 210.929, 0.096, -182.92, 0.082,
033-pdn08ABBAa1, 9.623230, 0.00181801652893, 229.76, 0.035, 258.02, 0.07, 236.625, 0.056, 187.852, 0.03, -183.111, 0.061, 238.949, 0.077, 251.36, 0.067, 280.948, 0.044, 183.478, 0.005, 255.627, 0.056, 276.146, 0.076, 180.928, 0.022,
033-pdn08ABBAb1, 9.815580, 0.000807685950413, 205.164, 0.072, -133.326, 0.078, -178.382, 0.064, 168.79, 0.08, 255.093, 0.053, -170.683, 0.089, 152.806, 0.027, 199.939, 0.088, 237.145, 0.076, 208.698, 0.036, 210.503, 0.02, 245.684, 0.061,
033-pdn09ABABa1, 8.804810, 0.000877107438017, 278.296, 0.033, 252.149, 0.064, 224.454, 0.031, 219.556, 0.067, -145.18, 0.073, 252.379, 0.071, 189.364, 0.006, 213.335, 0.067, 187.076, 0.026, 260.402, 0.065, -137.729, 0.074, 133.454, 0.057,
033-pdn09ABABb1, 9.684100, 0.000246247933884, 133.816, 0.005, 132.909, 0.044, 275.376, 0.075, 137.434, 0.031, 223.371, 0.083, -149.176, 0.005, 179.556, 0.094, 194.699, 0.032, 191.746, 0.047, 196.281, 0.027, 232.156, 0.087, 224.024, 0.043,
033-pdn09ABBAa1, 9.682990, 0.000514958677686, -163.6, 0.005, 252.395, 0.072, 172.428, 0.082, 168.752, 0.021, 185.026, 0.052, 181.527, 0.087, 261.739, 0.074, 154.019, 0.085, 200.17, 0.02, 241.562, 0.079, 195.328, 0.056, 145.317, 0.027,
033-pdn09ABBAb1, 9.536380, 0.000231966942149, 249.27, 0.059, 148.108, 0.052, 120.246, 0.033, 130.124, 0.072, 295.553, 0.077, 173.394, 0.066, 151.172, 0.026, 147.982, 0.056, 269.97, 0.078, 137.915, 0.082, neg 158.604, 0.0, 124.079, 0.059,
033-pdn10ABABa1, 9.717950, 0.000595719008264, -140.073, 0.085, 252.357, 0.071, 222.096, 0.012, 229.479, 0.064, 174.719, 0.049, 286.013, 0.068, 182.595, 0.012, 217.481, 0.07, 206.604, 0.015, 265.03, 0.071, 213.585, 0.016, 231.608, 0.073,
033-pdn10ABABb1, 9.483260, 0.000663454545455, 203.606, 0.042, 258.221, 0.03, 182.102, 0.078, 210.734, 0.025, 281.335, 0.061, 224.238, 0.034, 189.345, 0.087, 227.331, 0.054, 276.56, 0.087, 235.841, 0.042, 224.539, 0.093, 227.751, 0.039,
033-pdn10ABBAa1, 9.463820, 0.000547603305785, -152.389, 0.07, 285.432, 0.097, 255.917, 0.071, 261.493, 0.025, 154.139, 0.03, -226.041, 0.005, 228.864, 0.066, 168.833, 0.031, 200.302, 0.024, 240.285, 0.088, 234.992, 0.063, -197.596, 0.059,
033-pdn10ABBAb1, 9.808740, 0.000434991735537, 276.885, 0.061, 251.663, 0.034, 215.589, 0.067, 193.609, 0.067, 299.601, 0.096, 223.872, 0.039, 195.53, 0.033, 236.948, 0.078, 246.869, 0.09, 211.806, 0.031, 247.458, 0.034, 277.531, 0.069,
033-pdn11ABABa1, 9.567610, 0.0015753553719, 183.559, 0.035, 251.171, 0.076, 194.008, 0.027, 229.204, 0.086, 191.37, 0.034, 169.615, 0.1, 211.857, 0.027, 226.175, 0.064, 174.145, 0.027, 260.913, 0.06, 222.514, 0.026, 182.39, 0.092,
033-pdn11ABABb1, 6.819380, 0.0693002644628, 159.45, 0.09, 284.527, 0.028, 154.388, 0.07, 206.614, 0.034, 232.578, 0.081, 238.13, 0.037, 261.784, 0.063, 179.988, 0.022, 278.981, 0.075, 212.333, 0.036, 176.984, 0.056, 134.196, 0.033,
033-pdn11ABBAa1, 9.060210, 0.00188892561983, 296.788, 0.029, 192.371, 0.036, 283.354, 0.081, 210.168, 0.033, 218.112, 0.022, 290.236, 0.099, 295.9, 0.055, 229.549, 0.037, 343.889, 0.091, 270.318, 0.062, 232.218, 0.068, 179.217, 0.036,
033-pdn11ABBAb1, 9.433110, 0.00334842975207, 230.894, 0.074, 195.088, 0.022, 198.779, 0.05, 229.87, 0.055, 247.24, 0.06, 177.489, 0.026, 181.301, 0.033, 94.7691, 0.061, 219.732, 0.1, 210.466, 0.069, 248.926, 0.055, 244.024, 0.036,
033-pdn12ABABa1, 9.615600, 0.00775, 222.561, 0.026, 257.33, 0.043, 96.2298, 0.039, 141.157, 0.05, -192.858, 0.078, 215.695, 0.05, 152.061, 0.031, 170.642, 0.05, 191.184, 0.005, 216.835, 0.057, -147.7, 0.078, 269.358, 0.064,
033-pdn12ABABb1, 9.035380, 0.00360778512397, 174.232, 0.098, 168.876, 0.053, 292.953, 0.098, -151.871, 0.065, 240.729, 0.051, 145.598, 0.055, 211.418, 0.101, 257.258, 0.05, 234.919, 0.066, 219.237, 0.069, 210.775, 0.071, 159.271, 0.041,
033-pdn12ABBAa1, 9.244040, 0.00240262809917, 224.272, 0.049, 246.869, 0.073, 183.067, 0.005, -169.646, 0.088, -136.566, 0.105, 196.802, 0.082, 235.699, 0.036, 196.77, 0.049, 236.345, 0.049, 204.795, 0.072, 260.647, 0.065, -197.227, 0.074,
033-pdn12ABBAb1, 9.411890, 0.00110753719008, 269.708, 0.067, 272.125, 0.04, 211.868, 0.024, 236.65, 0.07, 244.668, 0.069, 147.299, 0.03, 172.734, 0.043, 166.538, 0.103, 296.04, 0.067, -123.285, 0.061, 165.459, 0.018, 201.013, 0.06,
033-psm01ABABa1, 8.493160, 0.00286978512397, 233.424, 0.046, 143.046, 0.027, 200.304, 0.06, 104.888, 0.076, 196.107, 0.122, -124.89, 0.059, 294.821, 0.057, 170.728, 0.022, 286.398, 0.035, -161.566, 0.064, 159.752, 0.071, 151.03, 0.016,
033-psm01ABABb1, 9.071380, 0.000899537190083, 214.744, 0.013, 244.685, 0.039, -172.152, 0.016, 244.88, 0.063, -178.055, 0.08, 220.566, 0.132, -163.908, 0.012, 243.514, 0.059, -138.117, 0.021, 261.661, 0.056, 195.462, 0.02, 198.63, 0.062,
033-psm01ABBAa1, 8.719850, 0.00133026446281, 212.489, 0.054, 282.734, 0.048, 217.387, 0.022, 245.536, 0.051, -138.327, 0.055, 266.25, 0.049, -185.011, 0.074, 254.294, 0.059, 245.928, 0.05, 130.271, 0.005, 218.591, 0.016, 185.482, 0.05,
033-psm01ABBAb1, 8.749170, 0.0014867768595, -98.3443, 0.095, 207.982, 0.056, 243.648, 0.062, 174.037, 0.012, -211.768, 0.078, 206.141, 0.07, 231.611, 0.038, 176.044, 0.012, -205.632, 0.077, 240.086, 0.045, 217.587, 0.046, -147.92, 0.073,
033-psm02ABABa1, 8.406180, 0.000892380165289, 210.011, 0.057, 194.681, 0.02, 240.071, 0.044, 127.822, 0.023, 219.418, 0.01, 256.193, 0.06, 269.767, 0.04, 192.138, 0.017, 186.679, 0.068, 188.11, 0.013, 195.005, 0.035, 163.877, 0.005,
033-psm02ABABb1, 8.374290, 0.000720049586777, 254.178, 0.02, 228.953, 0.078, -189.676, 0.095, 188.227, 0.074, 219.854, 0.046, 205.036, 0.089, -153.082, 0.005, 144.232, 0.051, -171.322, 0.064, 228.123, 0.046, -167.576, 0.065, 177.185, 0.066,
033-psm02ABBAa1, 8.267030, 0.000959652892562, 220.726, 0.063, 195.031, 0.02, 210.027, 0.028, 231.263, 0.061, 266.685, 0.056, -189.403, 0.086, 188.857, 0.032, 186.773, 0.074, 200.176, 0.019, 217.256, 0.029, 231.208, 0.019, 265.208, 0.072,
033-psm02ABBAb1, 8.731730, 0.000467702479339, -142.039, 0.076, 221.833, 0.046, 222.008, 0.048, -197.136, 0.085, 127.817, 0.009, 245.26, 0.058, 239.432, 0.051, 189.002, 0.062, 214.212, 0.046, 224.101, 0.045, 262.802, 0.058, 139.747, 0.02,
033-psm03ABABa1, 9.704060, 0.00138662809917, 230.491, 0.085, -155.232, 0.073, 225.702, 0.081, -155.094, 0.076, 283.435, 0.064, 125.344, 0.005, 249.57, 0.078, 178.447, 0.005, 240.23, 0.059, 188.009, 0.005, 150.556, 0.09, -173.954, 0.075,
033-psm03ABABb1, 9.732530, 0.00111487603306, 197.621, 0.016, 204.447, 0.054, -151.855, 0.077, 248.124, 0.051, 236.125, 0.015, 220.451, 0.039, 239.5, 0.037, 247.109, 0.066, 160.309, 0.005, 301.289, 0.064, 179.424, 0.022, 222.508, 0.072,
033-psm03ABBAa1, 9.629260, 0.00110069421488, 189.283, 0.066, -132.603, 0.013, -146.532, 0.07, 191.604, 0.056, 201.721, 0.08, 185.594, 0.029, 173.265, 0.013, 173.409, 0.071, 207.168, 0.077, 210.636, 0.02, 190.216, 0.009, 259.672, 0.093,
033-psm03ABBAb1, 9.342290, 0.00203238016529, -154.897, 0.072, 258.17, 0.085, 234.358, 0.068, -131.887, 0.053, -200.386, 0.066, 304.321, 0.089, 201.7, 0.048, 199.789, 0.014, -109.722, 0.069, 244.556, 0.082, 310.46, 0.049, -139.158, 0.022,
033-psm04ABABa1, 8.752030, 0.00244950413223, 229.441, 0.051, -176.443, 0.072, 221.311, 0.041, -127.629, 0.043, 221.016, 0.044, -173.251, 0.083, 158.295, 0.01, -148.309, 0.076, 283.056, 0.034, 172.102, 0.016, -155.036, 0.063, 179.164, 0.049,
033-psm04ABABb1, 8.950320, 0.000316595041322, -169.345, 0.072, 194.968, 0.031, 172.671, 0.005, 139.249, 0.005, -180.866, 0.081, 238.25, 0.051, -131.588, 0.025, 178.08, 0.11, 218.162, 0.018, 235.926, 0.048, 161.3, 0.012, 148.029, 0.049,
033-psm04ABBAa1, 9.114360, 0.000447504132231, 211.213, 0.063, 209.056, 0.005, 139.093, 0.079, 165.557, 0.061, 277.644, 0.05, 155.53, 0.085, 168.587, 0.055, 188.119, 0.034, 269.997, 0.051, 184.731, 0.013, 169.659, 0.072, 230.789, 0.053,
033-psm04ABBAb1, 9.104300, 0.00089905785124, 151.623, 0.01, 171.819, 0.005, 247.926, 0.059, 122.184, 0.039, -152.985, 0.088, 222.74, 0.033, 222.888, 0.04, 163.108, 0.088, 207.026, 0.022, 223.992, 0.056, 155.733, 0.064, -227.854, 0.083,
033-psm05ABABa1, 8.748310, 0.000622330578512, 198.937, 0.13, 189.311, 0.033, 241.55, 0.086, 132.097, 0.022, 251.279, 0.122, 144.999, 0.038, 167.412, 0.095, 172.966, 0.081, 272.379, 0.066, -158.906, 0.076, 250.659, 0.119, 241.683, 0.007,
033-psm05ABABb1, 8.907080, 0.000667504132231, 198.708, 0.014, 266.017, 0.077, 172.903, 0.024, 177.421, 0.05, 231.325, 0.017, 251.482, 0.135, -164.08, 0.076, 164.571, 0.062, 197.213, 0.016, 181.717, 0.065, -151.854, 0.079, 211.648, 0.032,
033-psm05ABBAa1, 8.489870, 0.00428996694215, 246.649, 0.061, -147.866, 0.079, -182.562, 0.057, 207.66, 0.051, 240.128, 0.049, 133.863, 0.02, 136.244, 0.02, 247.035, 0.051, 199.563, 0.037, 166.741, 0.046, 152.884, 0.089, 184.816, 0.071,
033-psm05ABBAb1, 9.076830, 0.000727884297521, -164.664, 0.087, 230.25, 0.055, 227.136, 0.084, 173.355, 0.033, -154.366, 0.078, 283.056, 0.058, 258.903, 0.073, 156.382, 0.005, 172.725, 0.068, 242.311, 0.073, 251.319, 0.064, 211.883, 0.029,
033-psm06ABABa1, 9.204570, 0.000432909090909, 224.401, 0.077, 222.765, 0.029, 233.505, 0.064, 138.03, 0.026, 255.045, 0.061, 246.64, 0.029, 241.589, 0.068, 193.019, 0.025, 274.094, 0.058, -173.221, 0.079, 244.13, 0.057, 144.651, 0.019,
033-psm06ABABb1, 8.939110, 0.000503421487603, 204.102, 0.024, 222.631, 0.053, 194.252, 0.026, 187.503, 0.119, 257.19, 0.035, 248.572, 0.071, 214.226, 0.016, 153.404, 0.125, 203.924, 0.032, 230.556, 0.07, -181.523, 0.058, 244.225, 0.068,
033-psm06ABBAa1, 8.850860, 0.000252876033058, 204.539, 0.053, 142.352, 0.018, 153.652, 0.038, 165.591, 0.055, 257.288, 0.054, 164.057, 0.046, 151.837, 0.022, 149.241, 0.038, 277.787, 0.086, 179.485, 0.027, 221.478, 0.052, 223.786, 0.071,
033-psm06ABBAb1, 8.375500, 0.000464776859504, 229.851, 0.028, 227.847, 0.07, 240.807, 0.075, 178.911, 0.062, -172.35, 0.065, 242.322, 0.055, 208.444, 0.069, 127.14, 0.023, -163.878, 0.033, 228.149, 0.057, 160.07, 0.056, 172.147, 0.034,
033-psm07ABABa1, 8.960640, 0.000429421487603, 248.506, 0.043, 296.057, 0.019, 249.875, 0.063, 207.222, 0.029, 276.066, 0.047, 240.219, 0.019, 264.982, 0.069, 215.946, 0.027, 281.185, 0.038, 203.662, 0.011, 282.853, 0.06, -181.625, 0.081,
033-psm07ABABb1, 8.711910, 0.00381583471074, 146.287, 0.005, 260.068, 0.057, -174.984, 0.07, 174.969, 0.142, -157.151, 0.014, 193.752, 0.076, 274.472, 0.023, 301.276, 0.136, 121.995, 0.158, 250.16, 0.087, 226.436, 0.018, 182.608, 0.072,
033-psm07ABBAa1, 9.146240, 0.00126818181818, 198.781, 0.064, -187.521, 0.009, 215.561, 0.018, 248.224, 0.088, 253.438, 0.054, 245.651, 0.063, 188.97, 0.021, 184.87, 0.036, 254.154, 0.041, 177.546, 0.018, 193.198, 0.031, 253.019, 0.044,
033-psm07ABBAb1, 9.336570, 0.000773966942149, 214.615, 0.013, 287.552, 0.064, 257.092, 0.045, 162.375, 0.026, 256.46, 0.022, 215.576, 0.077, 265.992, 0.062, 219.754, 0.022, 207.585, 0.027, 295.431, 0.061, 274.66, 0.039, 148.081, 0.067,
033-psm08ABABa1, 9.905780, 0.00112451239669, 283.064, 0.059, 226.997, 0.02, 263.842, 0.05, 199.711, 0.023, 312.2, 0.047, -150.983, 0.082, 233.145, 0.055, -169.28, 0.005, 180.545, 0.102, 199.619, 0.026, 257.909, 0.053, 157.279, 0.017,
033-psm08ABABb1, 9.549710, 0.00354256198347, 243.854, 0.018, 151.904, 0.034, -169.786, 0.081, 161.337, 0.005, -208.913, 0.077, -136.645, 0.079, -157.395, 0.005, 273.25, 0.042, 199.369, 0.022, -144.126, 0.062, -161.344, 0.076, 261.414, 0.045,
033-psm08ABBAa1, 9.303170, 0.000576743801653, 219.839, 0.048, 203.515, 0.053, 100.436, 0.065, 277.117, 0.06, 236.003, 0.062, 171.162, 0.018, 138.333, 0.069, 215.101, 0.15, -195.922, 0.049, 244.927, 0.09, 228.582, 0.049, 278.881, 0.063,
033-psm08ABBAb1, 9.842140, 0.00216074380165, 126.148, 0.023, 246.098, 0.064, 246.47, 0.053, 144.104, 0.013, 160.766, 0.024, 293.324, 0.05, 298.13, 0.056, 140.827, 0.014, 186.237, 0.015, 236.375, 0.065, 338.364, 0.052, -228.386, 0.074,
033-psm09ABABa1, 9.056950, 0.00044679338843, 249.398, 0.055, 228.261, 0.029, 173.493, 0.091, 159.836, 0.013, 274.446, 0.089, 196.334, 0.036, 256.736, 0.062, 191.906, 0.03, 249.873, 0.094, 207.058, 0.039, 220.797, 0.076, 214.33, 0.029,
033-psm09ABABb1, 8.364050, 0.00191978512397, 159.164, 0.029, 192.727, 0.079, 170.389, 0.062, 208.418, 0.062, 201.031, 0.025, 245.973, 0.074, 195.117, 0.023, 243.624, 0.066, 231.431, 0.091, 153.149, 0.107, 151.178, 0.097, 145.151, 0.007,
033-psm09ABBAa1, 8.855690, 0.00199970247934, 213.14, 0.077, 197.116, 0.027, 201.015, 0.031, 223.993, 0.074, 269.516, 0.074, 167.179, 0.028, 228.873, 0.026, 164.641, 0.06, 253.278, 0.08, 250.479, 0.038, 155.537, 0.022, 238.089, 0.05,
033-psm09ABBAb1, 8.820160, 0.000975702479339, 216.072, 0.025, 164.409, 0.073, 211.024, 0.097, 139.484, 0.018, 181.534, 0.043, 227.563, 0.098, 228.631, 0.074, 119.575, 0.06, 168.352, 0.045, 196.494, 0.086, 253.477, 0.12, 212.598, 0.045,
033-psm10ABABa1, 9.654540, 0.000392512396694, 258.217, 0.079, -179.86, 0.056, 258.513, 0.069, 250.418, 0.037, 239.411, 0.048, 216.868, 0.019, 243.145, 0.07, 210.357, 0.039, 257.608, 0.085, 243.462, 0.027, 244.295, 0.064, -179.343, 0.062,
033-psm10ABABb1, 10.030400, 0.000798776859504, 228.141, 0.074, 267.578, 0.076, 212.62, 0.035, 169.844, 0.055, 232.446, 0.031, 259.584, 0.065, 235.377, 0.021, 194.647, 0.07, 170.066, 0.005, 266.036, 0.062, 248.789, 0.042, 196.194, 0.057,
033-psm10ABBAa1, 10.105200, 0.000598148760331, 220.722, 0.075, 256.918, 0.03, 157.542, 0.02, 153.101, 0.062, 299.362, 0.057, 293.304, 0.028, 168.592, 0.029, 170.358, 0.056, 328.865, 0.064, 247.661, 0.025, 166.653, 0.071, 246.383, 0.072,
033-psm10ABBAb1, 9.866750, 0.000335785123967, 213.963, 0.033, 175.774, 0.074, 254.626, 0.06, 169.691, 0.015, 219.249, 0.033, 190.606, 0.053, 281.283, 0.092, 134.595, 0.037, 228.963, 0.032, 225.213, 0.074, 294.04, 0.07, 165.17, 0.019,
033-psm11ABABa1, 9.249460, 0.00172433057851, 231.226, 0.101, 225.805, 0.037, 134.73, 0.066, 230.084, 0.041, 262.448, 0.078, -180.263, 0.005, 197.029, 0.086, 209.466, 0.051, 284.864, 0.083, 230.312, 0.098, 176.622, 0.083, 192.22, 0.027,
033-psm11ABABb1, 9.710340, 0.00184690909091, -138.827, 0.081, 253.882, 0.085, 205.023, 0.057, 187.359, 0.079, 256.321, 0.049, 155.447, 0.092, -127.121, 0.085, 117.158, 0.073, 233.248, 0.016, 218.676, 0.094, 241.741, 0.039, -222.226, 0.008,
033-psm11ABBAa1, 9.348600, 0.00122890909091, 168.779, 0.006, 212.857, 0.041, 158.399, 0.046, 202.08, 0.078, 295.884, 0.097, 184.929, 0.014, 143.133, 0.027, 153.134, 0.084, 241.564, 0.033, 196.957, 0.068, 164.474, 0.047, 135.314, 0.086,
033-psm11ABBAb1, 10.068000, 0.000832016528926, 182.298, 0.033, 278.849, 0.082, 223.291, 0.06, 201.396, 0.041, 179.975, 0.028, 254.19, 0.069, 275.18, 0.061, 216.049, 0.035, 153.207, 0.005, 228.201, 0.06, 241.005, 0.07, 137.748, 0.064,
033-psm12ABABa1, 8.856930, 0.00173019834711, 273.482, 0.076, 195.666, 0.081, 216.005, 0.068, 202.624, 0.039, 231.134, 0.09, -174.283, 0.051, -165.214, 0.063, 115.51, 0.035, 187.807, 0.093, 164.599, 0.044, 212.654, 0.098, -146.161, 0.005,
033-psm12ABABb1, 9.114060, 0.00135717355372, 167.443, 0.034, 134.91, 0.025, 120.278, 0.027, 161.26, 0.005, 192.446, 0.036, 256.36, 0.067, 169.127, 0.046, 136.427, 0.005, 182.562, 0.041, 258.556, 0.106, 209.981, 0.046, -198.324, 0.034,
033-psm12ABBAa1, 8.882650, 0.00109952066116, 294.865, 0.082, 197.899, 0.042, 196.487, 0.064, 175.075, 0.064, 193.096, 0.005, -202.775, 0.024, 206.587, 0.049, 186.253, 0.112, 270.967, 0.111, 203.341, 0.039, 194.42, 0.047, 239.417, 0.103,
033-psm12ABBAb1, 8.849390, 0.000799867768595, 232.211, 0.035, 186.79, 0.059, 141.995, 0.027, 192.089, 0.074, 242.987, 0.083, 266.967, 0.097, 212.692, 0.073, 218.22, 0.039, 243.433, 0.022, 190.464, 0.1, 242.119, 0.085, 169.012, 0.042,
033-psn01ABABa1, 8.091030, 0.00260705785124, 255.824, 0.037, -113.412, 0.065, 189.793, 0.005, 191.901, 0.005, 252.681, 0.087, 176.42, 0.005, 218.359, 0.08, -199.078, 0.019, 263.128, 0.076, -189.381, 0.078, 278.24, 0.092, 164.867, 0.058,
033-psn01ABABb1, 8.455410, 0.00213679338843, 180.664, 0.048, 183.521, 0.078, -141.884, 0.029, 140.012, 0.005, -172.076, 0.08, 154.778, 0.08, 176.036, 0.005, 137.768, 0.067, 179.754, 0.005, 130.92, 0.073, -196.277, 0.08, 214.045, 0.081,
033-psn01ABBAa1, 8.288950, 0.00231790082645, 175.812, 0.005, 238.356, 0.019, 161.623, 0.018, 266.411, 0.08, 230.082, 0.056, 200.189, 0.025, 223.469, 0.06, 269.686, 0.084, 320.085, 0.047, 172.785, 0.013, 175.166, 0.005, 93.9802, 0.066,
033-psn01ABBAb1, 8.690460, 0.00272659504132, 191.033, 0.02, 276.76, 0.065, 212.821, 0.054, -114.424, 0.025, -162.412, 0.038, 249.271, 0.087, 118.291, 0.083, 128.247, 0.005, -179.914, 0.064, 293.232, 0.091, 270.414, 0.073, 146.014, 0.005,
033-psn02ABABa1, 8.763570, 0.00081747107438, 287.807, 0.073, 208.167, 0.021, 196.594, 0.054, 183.253, 0.016, 205.044, 0.08, 135.87, 0.021, 210.65, 0.052, 131.697, 0.015, 250.64, 0.101, 189.689, 0.033, 214.73, 0.051, 196.778, 0.018,
033-psn02ABABb1, 8.569150, 0.000711702479339, -152.985, 0.009, 258.048, 0.049, 237.798, 0.012, 184.702, 0.056, 216.013, 0.017, 217.31, 0.06, 183.006, 0.039, 195.95, 0.057, 252.63, 0.017, 185.01, 0.005, -174.705, 0.084, 221.69, 0.055,
033-psn02ABBAa1, 8.732600, 0.000496066115702, 191.314, 0.078, 153.381, 0.016, 226.163, 0.017, 190.567, 0.062, 253.544, 0.062, 175.302, 0.027, 208.293, 0.007, 191.976, 0.061, 274.352, 0.067, 196.398, 0.033, 209.488, 0.036, 165.809, 0.126,
033-psn02ABBAb1, 8.843350, 0.00101097520661, -144.782, 0.078, 199.573, 0.113, 240.382, 0.042, 173.079, 0.079, 187.627, 0.07, 163.945, 0.059, 182.747, 0.057, 125.604, 0.021, -165.465, 0.07, 158.166, 0.066, 201.222, 0.062, 147.893, 0.072,
033-psn03ABABa1, 8.358470, 0.00055279338843, 154.689, 0.085, -190.458, 0.084, -151.659, 0.067, -140.376, 0.081, 260.526, 0.095, -156.096, 0.075, 192.298, 0.136, -153.592, 0.082, 268.979, 0.064, -134.493, 0.076, 219.354, 0.064, 156.788, 0.018,
033-psn03ABABb1, 8.837750, 0.00154170247934, 175.579, 0.018, 236.21, 0.064, -148.043, 0.074, 167.447, 0.07, -115.621, 0.072, 202.859, 0.087, 229.376, 0.028, 247.716, 0.063, 243.085, 0.03, 163.463, 0.066, -146.212, 0.083, -216.265, 0.051,
033-psn03ABBAa1, 8.387820, 0.000750247933884, 186.074, 0.083, -159.93, 0.073, -180.443, 0.086, 168.854, 0.035, 281.765, 0.07, 166.923, 0.059, -172.856, 0.07, 196.991, 0.054, 324.291, 0.1, -159.294, 0.054, 145.292, 0.005, 163.224, 0.085,
033-psn03ABBAb1, 8.538200, 0.0019713553719, 179.78, 0.02, 243.79, 0.072, -151.132, 0.074, -153.023, 0.081, 184.097, 0.087, 215.757, 0.078, 215.951, 0.063, -111.855, 0.056, -175.623, 0.07, 227.371, 0.083, 232.857, 0.068, -130.567, 0.032,
033-psn04ABABa1, 8.985430, 0.000346446280992, 229.705, 0.072, 203.533, 0.005, 231.599, 0.052, 148.23, 0.05, 250.871, 0.088, 133.941, 0.051, 219.751, 0.059, 98.4889, 0.005, 303.343, 0.039, 148.937, 0.053, 161.229, 0.049, 143.423, 0.052,
033-psn04ABABb1, 8.809460, 0.00103662809917, -162.108, 0.047, 195.817, 0.005, -150.614, 0.015, 155.429, 0.115, 208.959, 0.018, 193.692, 0.078, -157.191, 0.083, 204.588, 0.084, -236.568, 0.076, 224.378, 0.061, 190.82, 0.019, 160.832, 0.06,
033-psn04ABBAa1, 9.301330, 0.000511157024793, 231.37, 0.059, 191.014, 0.005, 151.775, 0.072, 223.513, 0.11, 253.88, 0.047, 202.735, 0.013, 195.035, 0.021, 169.629, 0.034, 292.346, 0.089, 196.866, 0.016, 202.056, 0.012, 253.93, 0.059,
033-psn04ABBAb1, 8.934500, 0.000937834710744, -125.753, 0.029, 227.137, 0.058, 194.772, 0.058, 202.023, 0.016, -142.364, 0.027, 204.783, 0.088, 237.685, 0.063, 221.329, 0.012, 156.119, 0.005, 185.283, 0.051, 260.567, 0.077, 176.408, 0.08,
033-psn05ABABa1, 9.707380, 0.000910809917355, 262.879, 0.07, 258.489, 0.046, 243.198, 0.069, -153.149, 0.083, 225.067, 0.037, 213.658, 0.033, 273.089, 0.066, 185.076, 0.025, 262.563, 0.066, 207.541, 0.029, 268.75, 0.066, 175.547, 0.012,
033-psn05ABABb1, 15.671800, 0.00237333884298, 97.405, 0.078, 191.572, 0.032, 95.7669, 0.049, 204.978, 0.072, 158.677, 0.044, -142.423, 0.081, 130.03, 0.056, 174.275, 0.061, 129.937, 0.028, 143.462, 0.026, 122.103, 0.043, 228.353, 0.057,
033-psn05ABBAa1, 9.609460, 0.000781239669421, 264.021, 0.073, -150.933, 0.076, 220.493, 0.031, 205.839, 0.049, 198.11, 0.041, 230.213, 0.019, 217.787, 0.009, 176.072, 0.065, 299.62, 0.039, -196.775, 0.076, -227.747, 0.077, 228.675, 0.07,
033-psn05ABBAb1, 9.679190, 0.00113669421488, 236.986, 0.024, 278.324, 0.056, 224.581, 0.055, 240.721, 0.051, 154.137, 0.012, 275.369, 0.045, 287.042, 0.058, 152.434, 0.07, -137.437, 0.107, 260.857, 0.062, 267.524, 0.076, -205.727, 0.072,
033-psn06ABABa1, 7.762410, 0.00442861157025, 237.28, 0.066, 243.13, 0.024, 259.81, 0.056, 107.66, 0.022, 218.437, 0.062, 198.113, 0.022, 205.183, 0.115, 216.034, 0.005, 252.506, 0.072, 196.839, 0.012, 269.3, 0.066, 220.041, 0.029,
033-psn06ABABb1, 8.510620, 0.000187504132231, 191.656, 0.063, 208.036, 0.056, 207.287, 0.017, 251.792, 0.067, 196.968, 0.027, 257.672, 0.067, 214.017, 0.021, 220.766, 0.066, -224.735, 0.005, 236.713, 0.158, -178.297, 0.061, 230.874, 0.056,
033-psn06ABBAa1, 8.668230, 0.0018507768595, 238.743, 0.057, 229.35, 0.064, -147.743, 0.005, 155.81, 0.113, 263.459, 0.07, -226.132, 0.005, 138.643, 0.005, 210.704, 0.059, 309.622, 0.099, -197.713, 0.005, 228.838, 0.032, 292.298, 0.056,
033-psn06ABBAb1, 8.447480, 0.00126370247934, 197.555, 0.025, 225.952, 0.078, 247.92, 0.076, 128.471, 0.024, 270.385, 0.08, 212.456, 0.049, 258.443, 0.049, 159.518, 0.007, -142.501, 0.088, 266.261, 0.153, 182.653, 0.055, 202.601, 0.069,
033-psn07ABABa1, 8.421010, 0.00051279338843, 238.276, 0.071, -148.811, 0.073, 165.981, 0.075, 142.791, 0.013, 253.945, 0.09, -155.71, 0.01, 171.33, 0.074, 130.129, 0.026, 235.62, 0.087, 154.763, 0.022, 229.107, 0.077, 171.636, 0.071,
033-psn07ABABb1, 7.753350, 0.00194490909091, 260.079, 0.025, 220.751, 0.046, 163.171, 0.02, 195.359, 0.086, 220.092, 0.017, 204.139, 0.071, 164.992, 0.018, -130.079, 0.066, 234.211, 0.015, 168.577, 0.051, 143.451, 0.013, 161.941, 0.128,
033-psn07ABBAa1, 7.993400, 0.0030540661157, 156.078, 0.024, -138.731, 0.009, -170.128, 0.093, 165.067, 0.084, 298.104, 0.091, -241.228, 0.092, -135.403, 0.087, 166.545, 0.023, 243.313, 0.099, -150.717, 0.083, -172.504, 0.071, 244.65, 0.083,
033-psn07ABBAb1, 8.334510, 0.00139072727273, 228.165, 0.025, 216.02, 0.072, 252.865, 0.058, -166.478, 0.054, 140.179, 0.023, 239.363, 0.055, 253.64, 0.071, 170.901, 0.018, -176.186, 0.232, 131.507, 0.11, 237.568, 0.068, 154.902, 0.087,
033-psn08ABABa1, 8.871170, 0.00392818181818, 246.888, 0.064, 237.833, 0.023, 234.016, 0.049, 112.871, 0.014, 257.998, 0.07, 180.629, 0.021, 204.89, 0.103, 120.622, 0.063, 290.903, 0.052, 135.681, 0.005, 219.928, 0.049, 151.729, 0.014,
033-psn08ABABb1, 8.920380, 0.00107814876033, -161.816, 0.091, 217.242, 0.048, 129.761, 0.032, 209.985, 0.082, 175.826, 0.023, 207.321, 0.043, 204.57, 0.02, 250.702, 0.061, 250.238, 0.058, 227.47, 0.052, 195.182, 0.02, 172.576, 0.125,
033-psn08ABBAa1, 8.500540, 0.00412041322314, 241.027, 0.074, 178.116, 0.026, 139.411, 0.024, 137.739, 0.063, 275.351, 0.068, 193.199, 0.016, 228.344, 0.022, 245.204, 0.051, 238.545, 0.017, 179.478, 0.035, 167.356, 0.021, 221.479, 0.075,
033-psn08ABBAb1, 9.188410, 0.000616429752066, -169.426, 0.079, 249.044, 0.056, 214.928, 0.048, 170.864, 0.02, -159.36, 0.091, 245.768, 0.057, 186.39, 0.049, -152.634, 0.077, 252.485, 0.014, 219.878, 0.068, 195.168, 0.056, 193.343, 0.019,
033-psn09ABABa1, 8.987900, 0.0010667768595, 303.615, 0.09, 208.385, 0.042, 163.12, 0.059, 173.24, 0.025, 180.647, 0.061, 217.161, 0.055, 156.136, 0.11, 187.04, 0.031, 261.615, 0.086, 193.415, 0.039, 216.937, 0.081, 226.988, 0.058,
033-psn09ABABb1, 9.493880, 0.000973785123967, 163.108, 0.033, 280.837, 0.075, -231.654, 0.005, 243.472, 0.087, 173.906, 0.04, 260.637, 0.055, 218.693, 0.032, 264.157, 0.061, -168.154, 0.042, 222.458, 0.075, 268.295, 0.055, 250.396, 0.086,
033-psn09ABBAa1, 9.252540, 0.000508776859504, 263.379, 0.086, 215.351, 0.018, 166.305, 0.046, 251.3, 0.071, 264.854, 0.084, 197.25, 0.037, 167.998, 0.073, 169.628, 0.085, 260.83, 0.055, 239.115, 0.047, 216.116, 0.039, 208.181, 0.081,
033-psn09ABBAb1, 9.696430, 0.000686380165289, 217.916, 0.043, 259.006, 0.084, 251.001, 0.086, 190.787, 0.03, 238.995, 0.028, 249.971, 0.091, 246.037, 0.07, 141.475, 0.04, 262.77, 0.029, 279.15, 0.075, 193.291, 0.066, 147.296, 0.101,
033-psn10ABABa1, 8.587220, 0.000737636363636, 186.843, 0.024, -159.683, 0.005, 240.466, 0.077, 185.843, 0.043, 221.099, 0.08, 172.147, 0.044, 231.335, 0.089, 226.726, 0.035, -191.955, 0.068, 172.008, 0.034, 197.835, 0.078, 169.02, 0.032,
033-psn10ABABb1, 8.297740, 0.00154371900826, 198.39, 0.03, 275.031, 0.078, 208.342, 0.035, 184.595, 0.073, 274.474, 0.065, -130.984, 0.06, -168.27, 0.057, 259.637, 0.103, -198.284, 0.005, 270.712, 0.091, 206.434, 0.032, 270.786, 0.096,
033-psn10ABBAa1, 9.344740, 0.000306611570248, 294.73, 0.063, 263.338, 0.04, 280.228, 0.033, 234.732, 0.071, 218.596, 0.061, 259.767, 0.05, 160.964, 0.046, 181.195, 0.058, 293.993, 0.063, 177.753, 0.027, 200.687, 0.037, 283.64, 0.09,
033-psn10ABBAb1, 9.318630, 0.00204687603306, 244.462, 0.036, 234.976, 0.067, 268.785, 0.091, 164.707, 0.036, 217.519, 0.015, 243.762, 0.09, 234.132, 0.075, 286.532, 0.039, 142.507, 0.044, 261.851, 0.082, 258.817, 0.082, 160.301, 0.036,
033-psn11ABABa1, 9.072170, 0.002294, 227.989, 0.064, 210.061, 0.055, 262.438, 0.07, 195.378, 0.03, 222.038, 0.089, 181.915, 0.053, 186.597, 0.084, 206.544, 0.058, 284.444, 0.079, 170.452, 0.005, 198.567, 0.07, 178.486, 0.038,
033-psn11ABABb1, 9.653090, 0.00072079338843, 130.194, 0.056, 210.597, 0.107, 235.938, 0.041, 242.444, 0.099, 185.658, 0.028, 267.093, 0.087, 235.619, 0.033, 148.454, 0.098, 280.852, 0.026, 165.428, 0.08, 297.208, 0.028, 223.434, 0.11,
033-psn11ABBAa1, 8.993980, 0.00152352066116, 183.074, 0.07, -133.151, 0.085, 168.309, 0.036, 242.387, 0.084, 227.005, 0.074, 190.817, 0.032, 157.837, 0.008, 142.155, 0.094, 242.948, 0.111, 159.597, 0.019, 136.807, 0.074, 180.214, 0.118,
033-psn11ABBAb1, 9.212070, 0.00171390082645, -117.992, 0.02, 222.215, 0.093, 237.873, 0.098, 107.383, 0.016, -146.731, 0.04, 166.073, 0.098, 215.129, 0.089, 157.268, 0.007, 237.611, 0.021, 233.406, 0.065, 187.319, 0.076, 172.739, 0.052,
033-psn12ABABa1, 9.100410, 0.000728363636364, 188.875, 0.116, 223.747, 0.027, 225.92, 0.067, 124.827, 0.043, 195.025, 0.105, 158.731, 0.026, 202.049, 0.085, 150.865, 0.02, 166.244, 0.065, -142.477, 0.098, 241.598, 0.088, -126.382, 0.041,
033-psn12ABABb1, 9.156970, 0.000758561983471, 215.307, 0.026, 232.661, 0.066, -123.423, 0.086, 213.029, 0.081, 178.662, 0.029, 212.377, 0.089, 178.217, 0.017, 161.089, 0.079, -156.873, 0.09, 193.448, 0.088, -135.776, 0.056, 148.731, 0.105,
033-psn12ABBAa1, 8.963660, 0.00191323966942, 207.336, 0.076, -126.045, 0.094, -137.5, 0.032, 179.198, 0.079, 203.88, 0.076, 206.769, 0.036, 188.941, 0.039, 212.155, 0.119, 335.968, 0.148, -185.698, 0.084, -159.823, 0.089, 175.83, 0.066,
033-psn12ABBAb1, 9.241560, 0.000667355371901, 177.064, 0.038, 257.731, 0.062, -150.937, 0.087, 193.125, 0.074, 230.056, 0.091, 247.327, 0.072, 219.408, 0.068, 111.123, 0.019, 169.428, 0.027, 207.743, 0.065, 218.951, 0.058, 130.149, 0.028,
