018-pdm01ABABa1, 9.043580, 0.000444776859504, -164.277, 0.081, 218.849, 0.047, -157.813, 0.088, 267.652, 0.051, 208.88, 0.022, 216.422, 0.061, -183.694, 0.076, 240.118, 0.049, -188.11, 0.08, 247.662, 0.071, -187.071, 0.074, 224.431, 0.053,
018-pdm01ABABb1, 8.975270, 0.000370975206612, 206.581, 0.054, -156.126, 0.078, 225.153, 0.073, -155.419, 0.082, 254.988, 0.065, -168.487, 0.073, 206.214, 0.074, 214.948, 0.032, 243, 0.078, 191.725, 0.033, 208.742, 0.085, -146.953, 0.086,
018-pdm01ABBAa1, 8.344140, 0.00094347107438, -148.473, 0.09, 208.169, 0.064, -179.805, 0.088, 260.174, 0.068, -216.051, 0.081, 270.375, 0.093, 252.414, 0.079, -164.893, 0.075, -215.931, 0.08, 222.506, 0.072, 259.162, 0.071, 185.703, 0.025,
018-pdm01ABBAb1, 12.165800, 0.011774446281, 195.769, 0.053, 208.198, 0.02, -150.69, 0.036, -154.752, 0.009, 219.163, 0.058, -154.215, 0.012, 151.27, 0.005, -114.062, 0.017, -114.909, 0.055, -192.866, 0.087, -172.779, 0.077, 219.864, 0.068,
018-pdm02ABABa1, 10.432200, 0.00022932231405, -141.265, 0.079, 266.911, 0.058, -154.09, 0.078, 255.031, 0.054, 159.513, 0.011, 235.268, 0.052, 165.593, 0.005, 240.313, 0.032, -168.459, 0.08, 261.216, 0.069, -131.087, 0.073, 263.582, 0.066,
018-pdm02ABABb1, 10.181800, 0.000719900826446, 197.138, 0.034, -153.644, 0.07, 232.067, 0.032, -151.402, 0.08, 239.925, 0.063, -159.413, 0.077, 271.403, 0.059, 154.721, 0.005, 223.873, 0.039, -155.214, 0.074, 289.749, 0.053, -163.616, 0.079,
018-pdm02ABBAa1, 9.897010, 0.000530429752066, -138.765, 0.086, 242.481, 0.068, 234.569, 0.063, -161.897, 0.073, -130.841, 0.071, 242.584, 0.065, 254.763, 0.071, -164.516, 0.067, 168.705, 0.005, 227.853, 0.063, 232.29, 0.035, -169.15, 0.061,
018-pdm02ABBAb1, 10.081200, 0.000249785123967, 232.362, 0.022, -160.109, 0.073, -169.379, 0.063, 223.711, 0.048, 245.702, 0.035, 230.369, 0.019, -168.77, 0.071, 278.02, 0.069, 252.957, 0.047, -147.931, 0.074, -145.553, 0.081, 246.898, 0.05,
018-pdm03ABABa1, 9.935460, 0.000114330578512, -154.883, 0.073, 245.192, 0.017, -160.744, 0.07, 206.973, 0.032, 189.968, 0.012, -231.003, 0.094, -149.533, 0.083, 214.088, 0.035, -149.258, 0.089, 262.715, 0.044, 126.883, 0.005, 248.458, 0.034,
018-pdm03ABABb1, 10.085500, 0.000316628099174, 207.032, 0.047, -186.773, 0.082, 233.873, 0.058, 175.756, 0.008, -218.182, 0.119, -183.231, 0.072, 241.405, 0.043, 219.825, 0.012, 228.697, 0.02, 258.444, 0.015, 241.189, 0.059, 238.083, 0.013,
018-pdm03ABBAa1, 9.572000, 0.000378595041322, 196.027, 0.015, 233.133, 0.054, 221.133, 0.047, -149.038, 0.078, -200.418, 0.079, 220.32, 0.051, 224.649, 0.042, 246.716, 0.016, -204.354, 0.074, 223.698, 0.029, 202.98, 0.035, -149.745, 0.073,
018-pdm03ABBAb1, 9.759220, 0.000365140495868, 202.784, 0.062, -150.559, 0.079, -158.984, 0.082, -200.571, 0.116, 208.177, 0.036, -186.724, 0.079, -160.733, 0.077, 230.462, 0.09, 226.585, 0.044, -174.425, 0.081, -175.358, 0.065, 188.786, 0.045,
018-pdm04ABABa1, 9.968760, 0.000671107438017, -194.458, 0.067, 219.226, 0.03, -144.491, 0.076, 214.155, 0.017, 195.029, 0.015, 246.634, 0.037, -154.565, 0.086, 191.336, 0.032, -181.689, 0.078, -184.474, 0.099, -166.538, 0.015, -182.999, 0.098,
018-pdm04ABABb1, 10.225800, 0.00027547107438, 185.152, 0.045, 174.903, 0.01, 217.393, 0.035, -130.077, 0.061, 184.484, 0.034, -157.553, 0.07, 220.399, 0.045, -136.343, 0.079, 203.097, 0.042, -151.996, 0.086, 218.764, 0.047, -175.415, 0.074,
018-pdm04ABBAa1, 9.842490, 0.00093332231405, -156.508, 0.07, -173.118, 0.097, 204.999, 0.022, -152.409, 0.078, 163.925, 0.013, 199.854, 0.054, 171.821, 0.034, -115.836, 0.078, 153.338, 0.015, 180.469, 0.037, 196.87, 0.032, 175.962, 0.017,
018-pdm04ABBAb1, 9.774090, 0.00141970247934, 197.094, 0.054, 119.5, 0.005, -170.735, 0.077, 217.015, 0.06, 192.833, 0.046, -118.727, 0.062, -160.718, 0.064, 173.048, 0.037, 204.957, 0.051, 208.015, 0.03, -188.902, 0.066, 196.496, 0.041,
018-pdm05ABABa1, 9.667230, 0.000257338842975, 220.971, 0.014, 262.382, 0.047, 227.878, 0.013, 229.128, 0.045, 251.884, 0.016, 232.729, 0.05, 238.171, 0.014, 270.9, 0.04, 230.556, 0.018, 249.944, 0.053, 155.478, 0.06, 229.924, 0.046,
018-pdm05ABABb1, 9.492390, 0.000638628099174, 249.535, 0.067, -156.341, 0.082, 164.632, 0.047, 212.945, 0.013, 247.535, 0.034, 197.978, 0.018, 188.224, 0.095, 204.288, 0.012, 207.177, 0.119, 227.368, 0.015, 220.178, 0.045, 135.369, 0.011,
018-pdm05ABBAa1, 9.874820, 0.000339338842975, -182.547, 0.082, 205.888, 0.06, 221.181, 0.129, 223.144, 0.013, 201.185, 0.013, -204.526, 0.105, 237.081, 0.04, 199.424, 0.014, 189.604, 0.021, 204.008, 0.098, -221.52, 0.124, 210.865, 0.02,
018-pdm05ABBAb1, 9.682200, 9.78181818182e-05, 213.527, 0.055, 184.017, 0.014, 181.038, 0.012, 229.798, 0.031, 223.447, 0.026, -150.814, 0.074, 182.458, 0.013, 243.287, 0.035, 216.284, 0.028, 193.22, 0.018, -168.29, 0.083, -207.873, 0.129,
018-pdm06ABABa1, 9.368450, 0.000355520661157, 178.163, 0.012, 214.952, 0.054, -174.846, 0.074, 195.092, 0.048, 220.899, 0.014, 190.48, 0.061, 214.541, 0.017, 190.887, 0.026, 238.653, 0.015, 210.619, 0.052, 172.026, 0.021, 211.997, 0.034,
018-pdm06ABABb1, 9.569280, 0.000275603305785, 214.706, 0.029, 143.008, 0.005, 212.684, 0.047, -161.984, 0.086, 177.1, 0.065, -143.319, 0.019, 237.437, 0.055, -168.641, 0.075, 229.162, 0.06, -151.44, 0.079, 238.756, 0.056, -132.731, 0.083,
018-pdm06ABBAa1, 8.814420, 0.000979338842975, 225.948, 0.019, 208.83, 0.093, 195.231, 0.066, 218.259, 0.015, 183.33, 0.017, -152.499, 0.103, 222.605, 0.08, 175.318, 0.014, 210.574, 0.012, 172.682, 0.045, 172.473, 0.061, 234.271, 0.015,
018-pdm06ABBAb1, 8.997090, 0.00022626446281, 240.709, 0.05, -134.371, 0.01, -183.114, 0.083, 181.634, 0.099, 192.52, 0.048, -151.094, 0.072, -142.543, 0.08, 211.291, 0.051, 259.842, 0.054, 176.898, 0.01, -141.981, 0.077, 186.049, 0.041,
018-pdm07ABABa1, 8.979590, 0.000352512396694, 206.867, 0.018, 226.478, 0.069, 244.241, 0.013, 226.257, 0.047, 228.646, 0.015, 222.571, 0.063, 217.761, 0.019, 208.293, 0.048, -212.301, 0.083, 171.626, 0.083, 222.71, 0.016, 244.38, 0.084,
018-pdm07ABABb1, 8.737840, 0.000360809917355, 201.193, 0.049, 189.64, 0.011, 237.092, 0.098, 221.139, 0.016, 235.132, 0.045, 197.962, 0.015, 231.396, 0.072, -197.522, 0.076, 272, 0.072, -199.905, 0.08, 269.32, 0.081, -218.03, 0.082,
018-pdm07ABBAa1, 8.230240, 0.0019094214876, 217.29, 0.021, 224.572, 0.092, 250.068, 0.014, 212.935, 0.097, 204.56, 0.022, 152.382, 0.102, 204.665, 0.049, -159.415, 0.078, 212.802, 0.017, 230.537, 0.102, 259.714, 0.041, 183.484, 0.002,
018-pdm07ABBAb1, 8.753580, 0.000480595041322, 152.243, 0.076, 207.298, 0.021, 206.357, 0.014, 233.231, 0.069, 256.075, 0.113, -188.3, 0.081, 241.96, 0.012, 225.922, 0.038, 228.999, 0.044, 214.577, 0.041, 228.596, 0.021, 245.65, 0.081,
018-pdm08ABABa1, 8.327510, 0.00122188429752, -196.126, 0.087, 227.171, 0.084, -184.665, 0.087, 292.225, 0.056, -194.221, 0.096, 283.117, 0.082, -153.848, 0.088, 286.485, 0.065, 190.631, 0.017, 241.625, 0.066, -160.211, 0.085, 215.617, 0.052,
018-pdm08ABABb1, 8.956540, 0.00119968595041, 269.212, 0.05, -149.435, 0.074, 214.703, 0.128, 162.359, 0.018, 283.34, 0.06, -128.64, 0.076, 296.634, 0.082, 176.038, 0.005, 275.301, 0.069, -147.168, 0.08, 293.939, 0.075, 230.624, 0.025,
018-pdm08ABBAa1, 8.566350, 0.000456, -170.104, 0.089, 229.577, 0.079, 272.779, 0.063, -179.133, 0.072, 195.011, 0.016, 270.24, 0.086, 236.435, 0.068, -160.643, 0.083, 179.274, 0.021, 251.419, 0.092, 263.443, 0.065, -134.553, 0.071,
018-pdm08ABBAb1, 8.415860, 0.000339157024793, 225.993, 0.093, -149.129, 0.067, 156.506, 0.021, 277.836, 0.086, 225.96, 0.059, 228.467, 0.022, 179.379, 0.026, 276.876, 0.091, 286.187, 0.081, 183.691, 0.022, 208.187, 0.029, 263.316, 0.074,
018-pdm09ABABa1, 9.640960, 0.000386148760331, -190.67, 0.079, -241.374, 0.102, -172.603, 0.083, 261.243, 0.057, -189.315, 0.081, 242.247, 0.061, 218.2, 0.022, 210.497, 0.045, -184.692, 0.08, 250.186, 0.078, 152.588, 0.005, 185.149, 0.076,
018-pdm09ABABb1, 9.772030, 0.000917140495868, 215.403, 0.053, -189.767, 0.013, 238.655, 0.066, -168.213, 0.028, 280.469, 0.055, 218.025, 0.022, 241.151, 0.085, 252.097, 0.022, 252.412, 0.058, -182.059, 0.014, 235.562, 0.094, -169.503, 0.069,
018-pdm09ABBAa1, 9.601270, 0.000491834710744, 234.364, 0.018, 259.917, 0.08, 240.536, 0.066, 272.548, 0.019, -163.051, 0.096, 251.826, 0.084, 167.946, 0.08, 271.722, 0.018, 238.912, 0.019, 236.07, 0.076, 211.783, 0.075, 200.581, 0.025,
018-pdm09ABBAb1, 9.641810, 0.000491421487603, 304.085, 0.048, -154.907, 0.08, -182.024, 0.079, 237.974, 0.067, -229.269, 0.097, 136.91, 0.003, 222.916, 0.013, 221.63, 0.056, 218.148, 0.1, 240.341, 0.023, 240.626, 0.03, 223.971, 0.055,
018-pdm10ABABa1, 8.606220, 0.00179233057851, 233.745, 0.029, 247.504, 0.077, 167.87, 0.005, 281.546, 0.061, -133.092, 0.023, 268.025, 0.07, -110.646, 0.096, 275.472, 0.07, -187.531, 0.091, 272.498, 0.065, -129.233, 0.022, 259.353, 0.067,
018-pdm10ABABb1, 8.653750, 0.000522016528926, 260.952, 0.065, -127.55, 0.087, 264.942, 0.083, -195.623, 0.093, 276.518, 0.082, -162.626, 0.005, 283.81, 0.089, -140.545, 0.085, 255.726, 0.082, 227.585, 0.026, 228.861, 0.076, -163.742, 0.022,
018-pdm10ABBAa1, 9.317320, 0.00040147107438, -140.067, 0.087, 219.84, 0.077, 267.596, 0.089, 218.902, 0.028, 210.17, 0.016, 285.881, 0.08, 287.68, 0.072, 185.889, 0.023, 202.936, 0.021, 267.168, 0.083, 273.294, 0.067, 224.748, 0.024,
018-pdm10ABBAb1, 8.742980, 0.00026479338843, 273.505, 0.068, 238.802, 0.026, 242.747, 0.023, 238.55, 0.077, 289.315, 0.088, 161.994, 0.022, 236.357, 0.019, 268.68, 0.095, 257.343, 0.087, 211.381, 0.025, 218.562, 0.021, 293.827, 0.082,
018-pdm11ABABa1, 8.614550, 0.000651884297521, 134.491, 0.014, 246.336, 0.062, -174.333, 0.082, 234.071, 0.074, 199.43, 0.005, 280.573, 0.052, 212.469, 0.024, 267.246, 0.065, -156.668, 0.074, 246.385, 0.058, -159.147, 0.069, 243.322, 0.051,
018-pdm11ABABb1, 8.847800, 9.89752066116e-05, 260.827, 0.067, 150.315, 0.005, 261.18, 0.066, -175.117, 0.09, 257.564, 0.063, -138.989, 0.079, 265.528, 0.068, -130.717, 0.085, 261.877, 0.065, -126.793, 0.017, 227.616, 0.096, -161.077, 0.089,
018-pdm11ABBAa1, 8.280360, 0.000497289256198, -166.991, 0.081, 255.696, 0.085, 256.654, 0.075, -179.769, 0.099, -179.244, 0.093, 273.08, 0.079, 243.628, 0.07, -179.196, 0.092, -207.593, 0.09, 255.304, 0.079, 265.093, 0.06, 191.332, 0.014,
018-pdm11ABBAb1, 8.435510, 0.000406958677686, 246.247, 0.104, -167.931, 0.093, -157.01, 0.094, 279.23, 0.069, 274.979, 0.066, -154.053, 0.019, 135.655, 0.007, 273.51, 0.071, 276.7, 0.064, -154.233, 0.091, -127.549, 0.014, 260.862, 0.08,
018-pdm12ABABa1, 8.842140, 0.0010398677686, -132.396, 0.078, 245.36, 0.073, 216.013, 0.023, 247.527, 0.059, 272.447, 0.031, 274.797, 0.057, -131.563, 0.005, 222.818, 0.056, 162.969, 0.007, 266.104, 0.07, 162.409, 0.007, 263.017, 0.049,
018-pdm12ABABb1, 8.616170, 0.000473636363636, 258.427, 0.06, -113.117, 0.079, 302.236, 0.064, -170.927, 0.089, 207.505, 0.066, -141.932, 0.098, 243.098, 0.063, -144.115, 0.093, 239.585, 0.054, 231.888, 0.024, 263.811, 0.045, 155.524, 0.016,
018-pdm12ABBAa1, 9.036100, 0.000458231404959, -183.921, 0.091, 266.114, 0.068, 293.781, 0.059, 220.096, 0.019, 215.314, 0.024, 253.695, 0.071, 264.447, 0.063, 246.28, 0.026, 241.251, 0.033, 283.656, 0.07, 257.724, 0.071, 218.549, 0.027,
018-pdm12ABBAb1, 8.984430, 0.000165867768595, 245.52, 0.067, 247.78, 0.028, 206.548, 0.016, 270.49, 0.066, 284.383, 0.064, -185.055, 0.027, 220.624, 0.026, 242.838, 0.072, 269.209, 0.062, 275.074, 0.03, 204.529, 0.041, 284.581, 0.074,
018-pdn01ABABa1, 8.404460, 0.000284082644628, 132.584, 0.005, 205.312, 0.044, -127.634, 0.039, 226.423, 0.029, -185.572, 0.079, 229.599, 0.051, -143.387, 0.076, 196.674, 0.052, -185.659, 0.071, 208.613, 0.036, -175.673, 0.086, 212.686, 0.035,
018-pdn01ABABb1, 8.617100, 0.000865173553719, 180.152, 0.049, -143.234, 0.07, 235.206, 0.045, -127.813, 0.011, 188.728, 0.029, 143.586, 0.012, 227.585, 0.046, 189.758, 0.026, 221.373, 0.039, 186.809, 0.012, 220.85, 0.051, -172.91, 0.075,
018-pdn01ABBAa1, 8.475900, 0.00126692561983, -163.124, 0.075, 224.228, 0.049, 259.664, 0.034, -194.754, 0.077, 230.729, 0.034, -184.819, 0.075, 232.799, 0.04, -155.184, 0.009, 231.665, 0.012, 211.096, 0.053, 193.148, 0.048, -182.281, 0.08,
018-pdn01ABBAb1, 8.802000, 0.000539520661157, 179.797, 0.066, -181.324, 0.073, 174.574, 0.018, 231.534, 0.037, -217.42, 0.096, 185.464, 0.017, 159.125, 0.018, 248.328, 0.044, 205.532, 0.041, -153.267, 0.076, 174.481, 0.014, 238.834, 0.037,
018-pdn02ABABa1, 8.857360, 0.0110725619835, -146.363, 0.079, 251.14, 0.075, -138.4, 0.073, 249.394, 0.056, -150.416, 0.081, 263.748, 0.078, -115.054, 0.078, 247.93, 0.048, 233.93, 0.026, 212.049, 0.029, 161.219, 0.011, 231.2, 0.037,
018-pdn02ABABb1, 9.142630, 0.000994611570248, 172.305, 0.061, -153.285, 0.058, 274.24, 0.059, -142.079, 0.087, 272.435, 0.068, -199.417, 0.079, 285.429, 0.07, 219.387, 0.015, 288.862, 0.076, 215.242, 0.017, 271.631, 0.072, 175.918, 0.024,
018-pdn02ABBAa1, 8.656800, 0.00062732231405, -156.065, 0.084, 196.839, 0.035, 269.364, 0.055, -128.002, 0.074, -132.616, 0.086, 219.716, 0.069, 253.88, 0.063, -132.131, 0.083, -133.836, 0.075, 231.497, 0.076, 274.19, 0.053, 184.241, 0.014,
018-pdn02ABBAb1, 8.594180, 0.000985834710744, 199.192, 0.046, -187.258, 0.071, -192.175, 0.072, 257.738, 0.059, 245.072, 0.036, -171.724, 0.065, -145.764, 0.067, 247.008, 0.066, 281.864, 0.045, -175.635, 0.074, -165.141, 0.069, 269.556, 0.056,
018-pdn03ABABa1, 8.941630, 0.000518247933884, -160.099, 0.074, 230.501, 0.05, -184.028, 0.075, 241.284, 0.049, -163.991, 0.081, 256.994, 0.053, -168.56, 0.077, 212.31, 0.037, -182.411, 0.084, 206.047, 0.061, -186.707, 0.081, 200.838, 0.042,
018-pdn03ABABb1, 8.844910, 0.00032547107438, -176.964, 0.101, -166.352, 0.077, 246.554, 0.043, -150.474, 0.084, 243.309, 0.052, 221.162, 0.011, 240.306, 0.046, 213.327, 0.01, 229.925, 0.05, -212.931, 0.091, 224.354, 0.065, 210.281, 0.015,
018-pdn03ABBAa1, 8.713100, 0.000175884297521, 190.007, 0.017, 220.22, 0.053, 250.659, 0.044, -192.654, 0.081, 215.958, 0.015, 217.851, 0.056, 271.643, 0.042, -187.03, 0.082, 220.366, 0.012, 257.257, 0.052, 262.074, 0.042, 173.407, 0.019,
018-pdn03ABBAb1, 8.784650, 0.000625966942149, 161.436, 0.085, -179.19, 0.068, 198.056, 0.012, 215.104, 0.067, 204.95, 0.109, -173.527, 0.079, 194.978, 0.014, 232.834, 0.045, 207.204, 0.043, 160.991, 0.015, -143.16, 0.073, 234.175, 0.044,
018-pdn04ABABa1, 8.848220, 0.000604561983471, -127.526, 0.082, 211.089, 0.043, -171.983, 0.075, 223.723, 0.052, -142.527, 0.067, 216.337, 0.076, -171.289, 0.074, 238.782, 0.054, -167.54, 0.076, 242.451, 0.068, -179.536, 0.086, 238.47, 0.054,
018-pdn04ABABb1, 9.081690, 0.00117274380165, 179.968, 0.046, -157.862, 0.076, 254.782, 0.072, 126.93, 0.007, 258.305, 0.047, -180.908, 0.065, 245.025, 0.066, -152.357, 0.073, 232.814, 0.052, -144.945, 0.072, 253.15, 0.069, -174.283, 0.08,
018-pdn04ABBAa1, 8.589040, 0.00100242975207, 224.763, 0.02, 209.889, 0.051, 208.293, 0.061, -163.139, 0.082, 145.475, 0.005, 219.749, 0.063, 192.562, 0.043, -162.27, 0.072, 173.545, 0.191, 225.004, 0.041, 273.386, 0.055, -169.048, 0.074,
018-pdn04ABBAb1, 8.602410, 0.000315173553719, 188.705, 0.051, -176.842, 0.085, 201.313, 0.028, 247.814, 0.062, 192.729, 0.035, 199.624, 0.024, -167.383, 0.067, 250.8, 0.067, 213.31, 0.039, -168.013, 0.077, 235.611, 0.038, 192.252, 0.046,
018-pdn05ABABa1, 9.795170, 0.000431355371901, -192.789, 0.079, 221.031, 0.099, 205.661, 0.01, 221.3, 0.051, 208.674, 0.03, 202.627, 0.064, -191.827, 0.076, 220.735, 0.04, 161.793, 0.033, 200.566, 0.058, -167.545, 0.041, 196.499, 0.047,
018-pdn05ABABb1, 9.619450, 0.000582694214876, 246.546, 0.049, 166.739, 0.014, 192.869, 0.103, 188.234, 0.016, 207.952, 0.043, 200.358, 0.016, 206.056, 0.093, -181.97, 0.091, 205.03, 0.099, 221.064, 0.019, 180.742, 0.081, -147.618, 0.077,
018-pdn05ABBAa1, 9.488240, 0.000559884297521, 250.598, 0.014, 179.946, 0.054, 198.458, 0.062, 209.35, 0.013, 168.677, 0.01, 202.852, 0.066, 190.456, 0.076, 201.754, 0.012, 168.181, 0.024, 202.789, 0.125, 173.417, 0.076, 196.661, 0.014,
018-pdn05ABBAb1, 9.517470, 0.00066505785124, 263.405, 0.055, 206.121, 0.013, -161.047, 0.074, 207.217, 0.053, 185.69, 0.037, -172.743, 0.078, -164.463, 0.014, 233.428, 0.034, 201.58, 0.028, -144.544, 0.079, 169.796, 0.019, 179.36, 0.046,
018-pdn06ABABa1, 8.711390, 0.000407834710744, 199.874, 0.014, 235.911, 0.106, -158.142, 0.075, -235.962, 0.108, -198.922, 0.08, 241.252, 0.059, -150.541, 0.013, 237.728, 0.046, -204.55, 0.08, 261.336, 0.045, -210.396, 0.073, 273.539, 0.036,
018-pdn06ABABb1, 8.777250, 0.00073441322314, 224.402, 0.041, -190.01, 0.074, 240.018, 0.05, 213.659, 0.02, 246.192, 0.195, -180.498, 0.075, 266.959, 0.046, -210.733, 0.077, 301.99, 0.039, -162.513, 0.07, 256.244, 0.05, -153.72, 0.016,
018-pdn06ABBAa1, 8.570090, 0.0010614214876, -157.798, 0.076, 229.127, 0.067, 223.733, 0.049, 207.663, 0.021, 213.685, 0.012, 229.924, 0.052, 263.278, 0.043, 203.352, 0.011, -207.611, 0.068, 249.605, 0.228, 247.882, 0.046, 275.738, 0.222,
018-pdn06ABBAb1, 8.411920, 0.00039705785124, 262.14, 0.089, -194.649, 0.085, 200.234, 0.018, 259.351, 0.05, 235.429, 0.02, -213.895, 0.083, 190.104, 0.014, 258.969, 0.082, 257.138, 0.053, 200.192, 0.019, 211.619, 0.021, 242.798, 0.081,
018-pdn07ABABa1, 7.696120, 0.000426016528926, 211.169, 0.013, 157.91, 0.041, 170.019, 0.01, 177.646, 0.08, 212.814, 0.013, 211.555, 0.055, 166.89, 0.013, 225.583, 0.031, 183.71, 0.011, 190.712, 0.043, 197.244, 0.018, 191.472, 0.045,
018-pdn07ABABb1, 8.203290, 0.000317173553719, 226.468, 0.041, -154.646, 0.081, 208.127, 0.053, 184.722, 0.018, 237.757, 0.043, 160.257, 0.02, 248.956, 0.055, 165.128, 0.012, -204.773, 0.099, 199.057, 0.014, 202.431, 0.104, 178.889, 0.013,
018-pdn07ABBAa1, 7.616170, 0.000230016528926, 166.536, 0.019, 196.373, 0.064, 227.202, 0.059, 150.187, 0.018, 150.84, 0.019, 226.947, 0.068, 205.472, 0.05, 158.665, 0.018, 186.111, 0.017, 234.177, 0.038, -211.952, 0.096, 140.867, 0.012,
018-pdn07ABBAb1, 8.055940, 0.000996198347107, 227.472, 0.041, 168.615, 0.015, 179.734, 0.013, 136.101, 0.083, 237.174, 0.038, 147.416, 0.012, 196.674, 0.011, 216.593, 0.066, 248.772, 0.041, -132.632, 0.013, 201.714, 0.011, 273.189, 0.048,
018-pdn08ABABa1, 10.279900, 0.000242066115702, -118.183, 0.095, 281.541, 0.056, -185.243, 0.092, 250.918, 0.065, 227.846, 0.019, 276.544, 0.048, 208.325, 0.016, 255.336, 0.057, 216.239, 0.017, 272.51, 0.061, 218.216, 0.015, 259.439, 0.051,
018-pdn08ABABb1, 10.405600, 0.000482876033058, 225.41, 0.044, 217.474, 0.017, 287.814, 0.065, 241.525, 0.016, 264.29, 0.055, 209.645, 0.022, 263.327, 0.07, 253.253, 0.02, 255.996, 0.068, -186.836, 0.086, 257.149, 0.074, -208.117, 0.085,
018-pdn08ABBAa1, 9.775990, 0.000568380165289, 249.216, 0.029, 251.135, 0.077, 239.526, 0.085, 213.168, 0.015, 236.488, 0.021, 249.343, 0.075, 260.554, 0.078, -188.815, 0.086, -188.805, 0.078, 239.274, 0.073, 297.289, 0.065, 204.333, 0.012,
018-pdn08ABBAb1, 9.948640, 0.00064426446281, 250.023, 0.052, 262.257, 0.021, 206.562, 0.014, 271.12, 0.047, 288.602, 0.075, 230.52, 0.021, 205.501, 0.013, 255.532, 0.067, 239.756, 0.056, 221.964, 0.02, 250.501, 0.022, 283.024, 0.066,
018-pdn09ABABa1, 9.316950, 0.00027479338843, -196.805, 0.093, 193.507, 0.053, -169.15, 0.082, 196.404, 0.055, -154.497, 0.087, 237.26, 0.05, -149.106, 0.016, 219.115, 0.033, 220.615, 0.016, 227.006, 0.035, -126.985, 0.073, 220.786, 0.07,
018-pdn09ABABb1, 9.480590, 0.000253338842975, 214.326, 0.046, -163.026, 0.078, -220.874, 0.096, -148.972, 0.081, 202.972, 0.052, 227.022, 0.021, -185.038, 0.123, 219.313, 0.017, 224.665, 0.029, 185.253, 0.018, 202.924, 0.052, 235.945, 0.021,
018-pdn09ABBAa1, 9.330300, 0.000585537190083, 210.663, 0.014, 225.441, 0.074, 184.747, 0.063, -131.09, 0.032, -153.645, 0.045, 210.071, 0.061, 186.631, 0.054, 194.197, 0.009, -185.216, 0.085, 243.443, 0.082, 225.435, 0.072, -158.613, 0.086,
018-pdn09ABBAb1, 9.500710, 0.000673355371901, 195.356, 0.057, 179.497, 0.016, 185.307, 0.015, -224.033, 0.11, 189.053, 0.048, 195.665, 0.016, 201.04, 0.018, 198.26, 0.054, 211.153, 0.044, -152.888, 0.005, 199.813, 0.017, 242.007, 0.065,
018-pdn10ABABa1, 9.805100, 0.000321504132231, -146.339, 0.093, 264.988, 0.063, -142.31, 0.081, 279.194, 0.07, -177.384, 0.093, 266.048, 0.071, -143.4, 0.087, 257.131, 0.057, -175.598, 0.091, 242.958, 0.07, -142.326, 0.083, 291.275, 0.083,
018-pdn10ABABb1, 10.062100, 0.000293966942149, 255.074, 0.055, -161.906, 0.097, 294.852, 0.079, -156.414, 0.085, 248.443, 0.073, 143.538, 0.005, 287.497, 0.088, 146.921, 0.005, 258.796, 0.066, -153.164, 0.08, 260.756, 0.078, -154.69, 0.078,
018-pdn10ABBAa1, 9.625500, 0.00012305785124, -171.007, 0.092, 257.723, 0.075, 274.008, 0.074, -142.011, 0.089, 211.573, 0.031, 276.356, 0.095, 260.727, 0.082, -168.655, 0.098, 190.13, 0.024, 251.771, 0.071, 268.497, 0.079, -165.416, 0.093,
018-pdn10ABBAb1, 10.007100, 0.000169338842975, 224.925, 0.086, -145.233, 0.096, -153.239, 0.023, 282.807, 0.068, 291.312, 0.077, -135.665, 0.093, 139.858, 0.005, 294.386, 0.091, 279.886, 0.04, 239.01, 0.019, -141.889, 0.104, 299.059, 0.082,
018-pdn11ABABa1, 10.191000, 0.000115884297521, -160.934, 0.088, 269.755, 0.046, -133.959, 0.084, 254.077, 0.057, -183.216, 0.082, 236.029, 0.074, -161.309, 0.089, 255.678, 0.045, -182.259, 0.088, 264.48, 0.052, -149.192, 0.093, 237.811, 0.074,
018-pdn11ABABb1, 8.288950, 0.00145461157025, 246.277, 0.324, -164.693, 0.087, 276.476, 0.055, 250.694, 0.033, 258.885, 0.06, -172.962, 0.076, 250.069, 0.06, -142.258, 0.018, 211.473, 0.055, -181.337, 0.071, 209.586, 0.056, 155.219, 0.022,
018-pdn11ABBAa1, 10.063400, 0.000712148760331, 214.414, 0.032, 233.721, 0.086, 267.984, 0.086, -152.147, 0.085, -137.306, 0.082, 274.15, 0.076, 224.068, 0.074, 234.616, 0.034, 289.827, 0.016, 248.338, 0.071, 238.496, 0.068, 217.512, 0.023,
018-pdn11ABBAb1, 9.739780, 0.000306231404959, 211.977, 0.069, -155.831, 0.091, -171.1, 0.09, 231.562, 0.059, 250.315, 0.054, -160.194, 0.085, -142.494, 0.088, 199.959, 0.075, 229.921, 0.069, -159.808, 0.089, -127.832, 0.1, 247.413, 0.05,
018-pdn12ABABa1, 9.689540, 0.000695719008264, -127.334, 0.082, 263.268, 0.078, -209.727, 0.093, 272.27, 0.062, -157.67, 0.086, 282.527, 0.083, 214.255, 0.014, 246.637, 0.091, -120.864, 0.021, 215.524, 0.058, 272.017, 0.071, -199.165, 0.059,
018-pdn12ABABb1, 8.800750, 0.000615140495868, 232.133, 0.052, -169.241, 0.088, 286.984, 0.043, -181.287, 0.021, 288.282, 0.058, -181.631, 0.091, 208.208, 0.053, -179.986, 0.087, 243.374, 0.02, 273.774, 0.073, 306.862, 0.092, -190.843, 0.093,
018-pdn12ABBAa1, 9.469440, 0.000786247933884, 162.059, 0.005, 213.55, 0.061, 277.203, 0.057, 165.685, 0.005, 280.198, 0.029, 231.496, 0.092, 244.458, 0.086, -139.192, 0.049, -181.123, 0.091, 267.928, 0.063, 216.438, 0.067, -193.71, 0.086,
018-pdn12ABBAb1, 10.127800, 0.00039547107438, 162.956, 0.065, 195.408, 0.02, -167.172, 0.09, 287.95, 0.079, 259.7, 0.056, -160.706, 0.084, -165.941, 0.088, 273.57, 0.068, 294.371, 0.058, -175.635, 0.088, 257.808, 0.022, 288.824, 0.059,
018-psm01ABABa1, 9.367850, 0.000643239669421, 240.034, 0.043, -156.527, 0.076, 263.645, 0.054, -177.04, 0.075, 231.362, 0.037, -147.97, 0.118, 254.429, 0.044, -168.786, 0.08, 287.314, 0.05, -169.815, 0.08, 266.83, 0.072, -180.565, 0.078,
018-psm01ABABb1, 9.166590, 0.000809454545455, -161.956, 0.078, 240.488, 0.042, -167.334, 0.068, 229.392, 0.068, -167.199, 0.07, 248.394, 0.054, 224.693, 0.017, -165.459, 0.115, -164.025, 0.071, 207.929, 0.027, -195.919, 0.075, 252.869, 0.053,
018-psm01ABBAa1, 9.471080, 0.000383652892562, 222.865, 0.056, -180.88, 0.08, -144.855, 0.069, 215.776, 0.031, 230.891, 0.045, -154.387, 0.071, -193.483, 0.075, 229.826, 0.044, 267.638, 0.037, -168.154, 0.074, 246.772, 0.023, 246.311, 0.041,
018-psm01ABBAb1, 9.345180, 0.00104778512397, -161.593, 0.08, 242.477, 0.052, 222.81, 0.051, -171.47, 0.073, 211.111, 0.019, 229.97, 0.061, 205.361, 0.03, -190.926, 0.071, 171.531, 0.136, 218.292, 0.042, 210.969, 0.042, -138.575, 0.08,
018-psm02ABABa1, 8.668910, 0.000254016528926, 162.823, 0.087, -143.762, 0.076, 236.911, 0.049, -190.556, 0.083, 205.79, 0.04, -190.576, 0.077, 246.427, 0.066, -162.932, 0.084, 233.417, 0.057, -173.433, 0.074, 229.186, 0.063, -167.97, 0.081,
018-psm02ABABb1, 7.211690, 0.000357173553719, -158.962, 0.071, 239.208, 0.041, -165.888, 0.078, 201.674, 0.032, -142.106, 0.083, 232.404, 0.039, -150.521, 0.076, 192.168, 0.048, -160.358, 0.074, 217.181, 0.043, 168.413, 0.005, 197.262, 0.039,
018-psm02ABBAa1, 8.519980, 0.000290198347107, -177.539, 0.103, -135.927, 0.07, -133.85, 0.064, 204.835, 0.071, 225.324, 0.055, -153.868, 0.08, -172.133, 0.067, 194.385, 0.028, 225.5, 0.042, -180.384, 0.078, -148.633, 0.088, 201.212, 0.043,
018-psm02ABBAb1, 8.282540, 0.000318247933884, 212.52, 0.011, 233.465, 0.04, 230.691, 0.046, 163.561, 0.008, -168.913, 0.071, 221.069, 0.036, 220.106, 0.04, 225.43, 0.019, 235.349, 0.011, 251.967, 0.057, 259.119, 0.051, -190.773, 0.081,
018-psm03ABABa1, 10.606300, 0.00103492561983, 207.294, 0.031, -159.312, 0.061, 284.187, 0.074, -176.857, 0.085, 269.62, 0.056, 199.747, 0.02, 287.498, 0.058, -158.156, 0.077, 245.731, 0.042, 155.173, 0.007, 263.785, 0.057, -160.689, 0.076,
018-psm03ABABb1, 9.927900, 0.000563421487603, 193.222, 0.013, 265.199, 0.051, 214.049, 0.022, 231.34, 0.053, -167.419, 0.083, 234.573, 0.061, -172.058, 0.081, 248.542, 0.071, -149.659, 0.082, 262.339, 0.075, -184.427, 0.077, 264.767, 0.062,
018-psm03ABBAa1, 10.067500, 0.000622198347107, 217.288, 0.028, 148.134, 0.005, -140.433, 0.074, 269.359, 0.047, 271.529, 0.041, -152.884, 0.068, -164.223, 0.081, 280.313, 0.065, 278.448, 0.059, -151.154, 0.083, -181.511, 0.069, 276.194, 0.069,
018-psm03ABBAb1, 10.080900, 8.94545454545e-05, 164.698, 0.024, 233.97, 0.073, 241.59, 0.054, -156.425, 0.071, -151.244, 0.076, 264.627, 0.068, 230.025, 0.053, -164.848, 0.07, 208.86, 0.013, 246.783, 0.035, 202.825, 0.033, 251.674, 0.022,
018-psm04ABABa1, 9.045820, 0.00108842975207, 241.925, 0.041, -161.679, 0.069, 196.754, 0.038, -152.608, 0.08, 193.841, 0.025, -139.566, 0.077, 212.547, 0.058, -165.059, 0.071, 191.305, 0.012, -154.453, 0.071, 229.707, 0.032, -116.936, 0.057,
018-psm04ABABb1, 9.519820, 0.000169090909091, -172.494, 0.079, 202.094, 0.039, -136.761, 0.072, 216.827, 0.035, -142.939, 0.072, 202.07, 0.034, -159.188, 0.067, 210.757, 0.054, -159.19, 0.085, 207.098, 0.048, -178.736, 0.075, 209.154, 0.075,
018-psm04ABBAa1, 9.492320, 0.000205867768595, 186.173, 0.033, -174.515, 0.056, -159.843, 0.078, 200.68, 0.037, 189.041, 0.039, -143.542, 0.069, -172.894, 0.071, 200.57, 0.043, 189.541, 0.043, -143.284, 0.067, -152.989, 0.067, 170.953, 0.024,
018-psm04ABBAb1, 8.980830, 0.000651818181818, -163.866, 0.067, 194.121, 0.053, 185.161, 0.035, -151.079, 0.06, -144.425, 0.076, 215.84, 0.044, 213.481, 0.041, 149.765, 0.01, 217.316, 0.011, 201.628, 0.055, 202.829, 0.031, -167.714, 0.007,
018-psm05ABABa1, 9.550570, 0.000724330578512, 245.568, 0.044, 215.767, 0.014, 271.693, 0.045, 234.603, 0.018, 255.541, 0.048, 208.574, 0.019, 236.424, 0.093, 203.794, 0.024, 244.867, 0.092, 168.3, 0.02, 255.229, 0.071, 124.329, 0.085,
018-psm05ABABb1, 9.459960, 0.000436446280992, 207.511, 0.012, 207.288, 0.11, 194.727, 0.014, 267.721, 0.046, 218.527, 0.021, 229.898, 0.048, 238.124, 0.019, 243.281, 0.045, 265.291, 0.021, 232.326, 0.058, 216.387, 0.019, 202.207, 0.065,
018-psm05ABBAa1, 9.332090, 0.000382611570248, 273.022, 0.024, 215.893, 0.022, 208.923, 0.022, 231.862, 0.038, 247.657, 0.035, 178.979, 0.023, 208.207, 0.021, 165.455, 0.069, 184.969, 0.044, 244.3, 0.016, 210.818, 0.021, 230.307, 0.042,
018-psm05ABBAb1, 9.295490, 0.000389504132231, -202.464, 0.08, -236.915, 0.113, 256.629, 0.048, 211.499, 0.018, 239.685, 0.025, 229.728, 0.064, 219.916, 0.052, 178.891, 0.014, 238.351, 0.025, 226.188, 0.06, 203.29, 0.05, 232.796, 0.026,
018-psm06ABABa1, 9.272040, 0.00011532231405, 232.678, 0.065, -167.207, 0.078, 192.213, 0.078, 210.638, 0.013, 217.769, 0.068, -131.491, 0.012, 177.452, 0.081, -122.847, 0.079, 156.803, 0.054, 203.35, 0.017, -193.304, 0.105, 211.658, 0.013,
018-psm06ABABb1, 9.051060, 0.00128661157025, 253.906, 0.012, 241.321, 0.056, -192.3, 0.084, 207.111, 0.039, -178.188, 0.071, 189.798, 0.065, 180.748, 0.015, 178.247, 0.037, -170.571, 0.081, 171.796, 0.051, -163.065, 0.083, 205.441, 0.046,
018-psm06ABBAa1, 9.189270, 0.000246876033058, 214.352, 0.055, -156.964, 0.073, 206.928, 0.012, 213.486, 0.056, 212.911, 0.047, 204.313, 0.017, 144.126, 0.005, 218.605, 0.045, 206.86, 0.041, 219.28, 0.02, 226.497, 0.017, 184.697, 0.084,
018-psm06ABBAb1, 9.176750, 0.000408776859504, 175.053, 0.013, 214.714, 0.059, 208.694, 0.058, 181.132, 0.017, 202.761, 0.014, 196.798, 0.049, 240.393, 0.066, 233.837, 0.018, -170.367, 0.072, 211.613, 0.064, 219.413, 0.05, -140.716, 0.078,
018-psm07ABABa1, 12.761900, 0.00984363636364, 218.896, 0.045, 170.953, 0.03, -155.629, 0.086, 163.148, 0.007, 225.017, 0.088, 207.371, 0.012, 262.258, 0.038, -180.528, 0.086, 272.939, 0.074, 136.375, 0.044, 182.373, 0.019, 125.165, 0.012,
018-psm07ABABb1, 9.504600, 0.00033705785124, -183.725, 0.081, 218.996, 0.052, -153.835, 0.082, 217.526, 0.062, -176.785, 0.082, 230.687, 0.051, 193.349, 0.013, 230.228, 0.045, 249.826, 0.025, 214.478, 0.052, -179.517, 0.078, 265.575, 0.068,
018-psm07ABBAa1, 9.007480, 0.000420049586777, 194.392, 0.049, -209.04, 0.084, 199.548, 0.013, 235.145, 0.056, 214.268, 0.041, -179.111, 0.076, 218.303, 0.02, 241.62, 0.052, 219.036, 0.044, 201.2, 0.019, 273.499, 0.018, 264.44, 0.035,
018-psm07ABBAb1, 9.288980, 0.000222016528926, -150.481, 0.087, 222.974, 0.097, 236.004, 0.072, -202.418, 0.077, 263.112, 0.014, 239.254, 0.059, 223.351, 0.068, -163.653, 0.084, 218.344, 0.011, 250.158, 0.068, 236.769, 0.047, 257.21, 0.017,
018-psm08ABABa1, 10.702700, 0.000304049586777, 266.634, 0.044, -201.599, 0.073, 221.164, 0.057, -191.802, 0.015, 285.023, 0.043, -168.565, 0.072, 230.363, 0.054, -181.736, 0.013, 274.615, 0.04, -180.415, 0.073, 245.287, 0.054, 269.35, 0.019,
018-psm08ABABb1, 10.596000, 0.000301652892562, 183.958, 0.014, 260.899, 0.047, 219.51, 0.013, 243.831, 0.036, -187.805, 0.075, 272.816, 0.045, 194.955, 0.018, 272.567, 0.066, 203.494, 0.013, 253.072, 0.06, 202.157, 0.018, 278.062, 0.059,
018-psm08ABBAa1, 10.636100, 0.000645140495868, 227.311, 0.048, -164.085, 0.075, 215.356, 0.019, 229.654, 0.064, -243.344, 0.113, 196.728, 0.015, -155.217, 0.077, 247.642, 0.031, 241.034, 0.032, -208.585, 0.077, 246.012, 0.016, 245.434, 0.05,
018-psm08ABBAb1, 10.487300, 0.000154694214876, -139.382, 0.082, 236.596, 0.06, 249.579, 0.051, 206.707, 0.013, -190.436, 0.078, 257.766, 0.073, 252.407, 0.068, -165.047, 0.087, 188.596, 0.022, 257.782, 0.048, 249.215, 0.053, 193.437, 0.012,
018-psm09ABABa1, 8.716310, 0.000198148760331, 220.084, 0.07, -185.748, 0.085, 234.73, 0.072, 228.354, 0.03, 248.969, 0.067, 178.091, 0.037, 251.341, 0.085, 221.502, 0.039, 233.983, 0.064, 219.268, 0.03, 239.501, 0.086, 163.685, 0.038,
018-psm09ABABb1, 8.592710, 0.000704082644628, 225.621, 0.013, 211.298, 0.07, 196.726, 0.029, 216.124, 0.056, 260.045, 0.031, 260.128, 0.073, 216.092, 0.024, 235.626, 0.068, 228.539, 0.028, 292.297, 0.095, 204.612, 0.028, 186.493, 0.045,
018-psm09ABBAa1, 8.816370, 0.00112808264463, 215.341, 0.088, 203.499, 0.022, 233.884, 0.025, 253.42, 0.093, 259.595, 0.072, -135.004, 0.095, 189.577, 0.026, 244.811, 0.075, 274.64, 0.057, 247.511, 0.032, 221.151, 0.034, 185.076, 0.053,
018-psm09ABBAb1, 9.185020, 0.000290380165289, 215.339, 0.021, 203.882, 0.087, 229.474, 0.069, 239.089, 0.029, -176.005, 0.099, 208.717, 0.077, 252.707, 0.067, 229.664, 0.029, 248.247, 0.031, 241.741, 0.09, 241.929, 0.07, 218.705, 0.024,
018-psm10ABABa1, 9.958410, 0.000347719008264, 240.46, 0.05, -140.631, 0.018, 221.239, 0.067, 245.938, 0.024, 224.494, 0.056, -144.857, 0.085, 234.558, 0.057, 159.981, 0.022, 220.347, 0.056, 223.089, 0.016, 238.632, 0.068, 182.767, 0.022,
018-psm10ABABb1, 10.203900, 0.000259173553719, -168.97, 0.081, 248.611, 0.061, -157.242, 0.016, 228.798, 0.056, -138.767, 0.095, 235.868, 0.068, -158.754, 0.081, 253.43, 0.05, -169.443, 0.081, 265.438, 0.054, 215.301, 0.017, 269.134, 0.055,
018-psm10ABBAa1, 9.978510, 0.000149504132231, 202.866, 0.074, -148.19, 0.02, -129.652, 0.022, 246.264, 0.061, 258.528, 0.053, -132.717, 0.095, -152.122, 0.087, 265.728, 0.077, 228.468, 0.055, 237.111, 0.031, 235.402, 0.025, 257.677, 0.065,
018-psm10ABBAb1, 10.290600, 0.000304743801653, -148.613, 0.093, 231.395, 0.082, 230.611, 0.075, 245.081, 0.019, 209.898, 0.025, 244.005, 0.072, 245.993, 0.053, 247.111, 0.022, 245.885, 0.018, 270.736, 0.069, 240.636, 0.053, 226.135, 0.03,
018-psm11ABABa1, 9.969110, 0.00107656198347, 228.875, 0.057, -198.673, 0.087, 269.504, 0.074, 191.017, 0.077, 260.784, 0.041, -175.688, 0.086, 260.201, 0.076, -189.85, 0.091, 237.273, 0.081, -167.653, 0.094, 237.184, 0.062, -179.712, 0.083,
018-psm11ABABb1, 9.794280, 0.000316330578512, -131.281, 0.017, 261.363, 0.069, -215.012, 0.089, 249.59, 0.065, -177.262, 0.005, 251.442, 0.064, -185.468, 0.019, 254.497, 0.07, -197.148, 0.083, 266.59, 0.089, 256.86, 0.027, 275.284, 0.084,
018-psm11ABBAa1, 9.567460, 0.000311173553719, 266.881, 0.06, -184.188, 0.093, -193.273, 0.086, 273.441, 0.061, 236.076, 0.055, -178.818, 0.09, 237.934, 0.034, 290.085, 0.056, 268.178, 0.074, 253.512, 0.022, 256.735, 0.031, 247.75, 0.061,
018-psm11ABBAb1, 9.601690, 0.00175145454545, -141.883, 0.025, 251.928, 0.074, 281.828, 0.065, 155.422, 0.005, -127.367, 0.022, 274.373, 0.083, 239.536, 0.122, -196.463, 0.089, -186.765, 0.095, 260.046, 0.071, 239.386, 0.065, 230.743, 0.031,
018-psm12ABABa1, 9.827270, 0.00187152066116, 232.338, 0.067, -156.006, 0.092, 251.44, 0.07, 183.253, 0.032, 233.16, 0.075, 244.858, 0.074, 293.538, 0.052, -155.09, 0.093, 254.487, 0.062, 189.525, 0.021, 252.519, 0.024, 247.05, 0.026,
018-psm12ABABb1, 10.063900, 0.000533636363636, 206.154, 0.013, 201.443, 0.042, 205.835, 0.031, 264.994, 0.061, 238.762, 0.032, 239.667, 0.106, 217.296, 0.031, 274.615, 0.078, 234.328, 0.032, 229.686, 0.073, 246.048, 0.026, 227.881, 0.064,
018-psm12ABBAa1, 10.748200, 0.00072441322314, 202.222, 0.08, -167.644, 0.086, -159.957, 0.083, 227.419, 0.058, 227.667, 0.068, 245.754, 0.018, 216.268, 0.023, 265.898, 0.079, 232.782, 0.079, 240.665, 0.016, 215.486, 0.022, 226.197, 0.073,
018-psm12ABBAb1, 10.658500, 0.000347107438017, 169.479, 0.03, 201.233, 0.065, 235.562, 0.065, 234.657, 0.019, 212.159, 0.03, 207.533, 0.084, 229.54, 0.062, 216.145, 0.029, 240.6, 0.029, 230.522, 0.066, 213.331, 0.078, 203.144, 0.03,
018-psn01ABABa1, 8.573680, 0.000559867768595, 187.264, 0.032, -177.942, 0.073, 253.656, 0.058, 205.14, 0.014, -219.407, 0.102, -158.823, 0.078, 252.774, 0.076, -168.097, 0.086, 197.39, 0.052, -174.641, 0.061, 253.214, 0.056, -172.238, 0.066,
018-psn01ABABb1, 8.159670, 0.000325652892562, 216.22, 0.022, 207.328, 0.058, 175.805, 0.005, 229.316, 0.047, -124.404, 0.005, 200.372, 0.035, -146.959, 0.075, 193.503, 0.046, 151.713, 0.037, 223.944, 0.073, -159.152, 0.063, 260.309, 0.055,
018-psn01ABBAa1, 8.647470, 0.000412909090909, 168.269, 0.045, -160.814, 0.07, -183.68, 0.077, 218.34, 0.044, 202.091, 0.026, -151.495, 0.075, 139.239, 0.005, 228.546, 0.051, -201.083, 0.084, -158.468, 0.077, 132.816, 0.009, 191.838, 0.005,
018-psn01ABBAb1, 8.215010, 0.000377537190083, -147.938, 0.075, 240.13, 0.064, 222.826, 0.057, -157.413, 0.014, -161.697, 0.068, 249.564, 0.05, 244.331, 0.06, 219.685, 0.013, 228.872, 0.015, 251.879, 0.057, 224.005, 0.047, 203.609, 0.014,
018-psn02ABABa1, 9.219590, 0.000387603305785, 175.711, 0.044, -157.381, 0.083, 210.906, 0.082, -168.351, 0.073, 211.871, 0.046, -156.329, 0.076, 207.937, 0.083, -162.177, 0.074, 236.335, 0.056, -166.21, 0.058, 229.64, 0.049, -160.025, 0.069,
018-psn02ABABb1, 8.655950, 0.000701520661157, 154.755, 0.005, 182.671, 0.031, -134.985, 0.081, 245.494, 0.065, -136.024, 0.07, 226.207, 0.066, -150.345, 0.062, 186.413, 0.052, -146.075, 0.083, 225.977, 0.045, -185.386, 0.079, 218.462, 0.086,
018-psn02ABBAa1, 8.539080, 0.00102371900826, 191.841, 0.052, -122.576, 0.062, -160.833, 0.059, 185.956, 0.042, 183.974, 0.043, 155.159, 0.005, -175.969, 0.061, 259.485, 0.06, 211.011, 0.04, -134.865, 0.15, -144.192, 0.074, 255.688, 0.061,
018-psn02ABBAb1, 8.844450, 0.00053532231405, -173.141, 0.08, 228.707, 0.067, 217.168, 0.059, -126.803, 0.08, -163.312, 0.084, 225.649, 0.065, 221.767, 0.073, -142.964, 0.082, 211.019, 0.018, 234.497, 0.07, 245.513, 0.072, -155.561, 0.083,
018-psn03ABABa1, 8.765360, 0.000416, 233.786, 0.049, -170.77, 0.077, 279.153, 0.085, 196.979, 0.014, 277.045, 0.085, -159.858, 0.083, 266.074, 0.088, 160.769, 0.01, 298.239, 0.075, -162.993, 0.073, 242.272, 0.094, 198.916, 0.017,
018-psn03ABABb1, 8.658560, 0.000305834710744, -170.505, 0.069, 246.232, 0.081, 212.786, 0.014, 244.412, 0.076, 176.737, 0.023, 270.694, 0.103, 188.251, 0.018, 254.264, 0.072, -214.073, 0.065, 236.162, 0.078, 223.805, 0.018, 234.603, 0.068,
018-psn03ABBAa1, 8.725610, 0.00040279338843, 207.265, 0.081, -175.302, 0.074, -162.004, 0.079, 249.006, 0.091, 249.154, 0.078, -189.51, 0.074, -187.435, 0.069, 258.461, 0.072, 229.592, 0.075, -151.523, 0.073, 161.582, 0.013, 255.693, 0.108,
018-psn03ABBAb1, 8.785110, 0.000152776859504, -153.487, 0.066, 246.668, 0.075, 258.215, 0.086, -171.05, 0.061, -171.817, 0.079, 238.97, 0.087, 242.719, 0.092, -190.099, 0.067, 211.109, 0.023, 229.605, 0.083, 242.631, 0.092, -186.418, 0.076,
018-psn04ABABa1, 9.567410, 0.000280776859504, 200.449, 0.025, -163.802, 0.065, 212.207, 0.042, -171.215, 0.058, 215.722, 0.043, -149.933, 0.072, 179.585, 0.045, -153.755, 0.065, 202.874, 0.058, -164.218, 0.075, 202.524, 0.051, -148.343, 0.068,
018-psn04ABABb1, 9.074640, 0.000624198347107, -134.522, 0.142, 203.531, 0.039, -161.313, 0.07, 208.972, 0.031, 210.975, 0.013, 194.325, 0.029, -141.798, 0.076, 185.26, 0.036, 169.384, 0.005, -166.223, 0.092, -146.781, 0.082, 214.829, 0.064,
018-psn04ABBAa1, 9.484850, 0.000384380165289, 179.877, 0.072, -164.296, 0.082, -165.37, 0.014, 233.097, 0.077, 208.623, 0.051, -180.243, 0.082, -152.332, 0.076, 220.6, 0.056, 204.566, 0.032, -147.91, 0.073, -147.164, 0.067, 201.828, 0.059,
018-psn04ABBAb1, 9.154750, 0.000868247933884, 258.083, 0.009, 188.301, 0.056, 201.846, 0.096, -158.246, 0.081, -186.464, 0.066, 175.244, 0.03, 231.714, 0.038, -169.477, 0.056, -137.926, 0.067, 223.233, 0.054, 194.567, 0.035, -189.275, 0.037,
018-psn05ABABa1, 10.096600, 0.000197603305785, 227.347, 0.033, -160.419, 0.085, 240.907, 0.117, -139.194, 0.012, 232.215, 0.054, -174.054, 0.08, 224.185, 0.069, 213.191, 0.011, 235.764, 0.052, -182.669, 0.074, 207.952, 0.075, 264.089, 0.017,
018-psn05ABABb1, 9.935660, 0.000524429752066, 211.145, 0.014, 261.445, 0.055, 196.677, 0.01, 244.4, 0.052, 194.929, 0.012, 246.181, 0.059, 215.122, 0.013, -193.396, 0.116, 212.729, 0.021, 220.521, 0.063, 281.94, 0.08, 214.512, 0.016,
018-psn05ABBAa1, 9.818430, 0.000891090909091, 205.424, 0.063, -190.436, 0.076, -163.458, 0.079, 166.086, 0.02, 256.602, 0.126, 221.368, 0.03, -219.073, 0.081, 226.859, 0.043, 216.542, 0.043, -163.691, 0.074, 220.426, 0.011, 238.251, 0.057,
018-psn05ABBAb1, 9.680610, 0.000734909090909, -227.75, 0.069, 222.678, 0.06, 202.838, 0.076, 202.83, 0.013, 178.269, 0.014, 240.153, 0.066, 235.526, 0.074, -181.317, 0.074, 246.215, 0.011, 211.198, 0.061, 242.783, 0.036, 197.046, 0.017,
018-psn06ABABa1, 9.079270, 0.000530247933884, 193.687, 0.057, -154.447, 0.075, 251.964, 0.068, -177.178, 0.072, 241.584, 0.04, -157.963, 0.075, 207.177, 0.039, 209.458, 0.016, 271.369, 0.046, -140.759, 0.076, 259.267, 0.053, 215.662, 0.017,
018-psn06ABABb1, 11.288000, 0.0117346280992, -169.446, 0.081, 251.099, 0.044, 223.144, 0.012, 104.27, 0.036, 235.002, 0.038, 108.496, 0.06, -147.682, 0.078, 116.858, 0.045, 244.481, 0.039, 137.234, 0.038, 213.35, 0.013, 261.376, 0.036,
018-psn06ABBAa1, 9.235190, 0.000556991735537, 205.549, 0.039, -164.234, 0.072, -151.199, 0.081, 209.957, 0.105, 258.75, 0.033, 184.805, 0.017, -156.495, 0.051, 169.395, 0.067, 229.625, 0.055, 220.717, 0.016, 166.632, 0.029, 254.063, 0.072,
018-psn06ABBAb1, 9.101260, 0.000718066115702, 184.941, 0.023, 267.846, 0.078, 218.025, 0.059, 213.549, 0.015, 215.876, 0.016, 258.372, 0.041, -164.129, 0.101, -179.209, 0.076, 182.563, 0.02, 208.51, 0.043, 164.649, 0.046, 203.854, 0.015,
018-psn07ABABa1, 7.332770, 0.00853644628099, 241.813, 0.068, -180.403, 0.073, 236.309, 0.076, -142.19, 0.013, 243.808, 0.067, 189.136, 0.016, 212.573, 0.083, 187.249, 0.019, 247.962, 0.064, 157.716, 0.018, 238.259, 0.079, 256.018, 0.075,
018-psn07ABABb1, 8.430470, 0.00183565289256, 212.367, 0.021, 205.725, 0.07, 160.829, 0.018, 200.44, 0.065, 234.701, 0.014, 164.779, 0.092, 167.858, 0.019, -217.269, 0.11, 191.837, 0.017, 212.392, 0.07, 248.384, 0.016, 214.709, 0.042,
018-psn07ABBAa1, 7.836120, 0.000718694214876, 242.8, 0.059, 151.569, 0.018, 148.197, 0.012, 217.317, 0.08, 188.552, 0.035, -116.149, 0.08, 195.79, 0.013, 223.11, 0.086, 226.576, 0.063, -121.81, 0.077, 178.477, 0.021, 223.851, 0.071,
018-psn07ABBAb1, 7.874860, 0.000680330578512, -206.921, 0.094, 179.061, 0.06, 237.205, 0.09, 207.674, 0.013, 161.311, 0.014, 222.113, 0.084, 228.642, 0.037, 182.308, 0.014, 178.611, 0.019, 287.695, 0.069, 203.302, 0.053, 175.867, 0.02,
018-psn08ABABa1, 11.099400, 0.000576231404959, 228.444, 0.046, 208.328, 0.013, 257.27, 0.071, -191.263, 0.084, 227.3, 0.057, 219.181, 0.014, 250.042, 0.055, -186.512, 0.077, 250.165, 0.064, 217.835, 0.014, 236.559, 0.047, 231.103, 0.013,
018-psn08ABABb1, 10.208900, 0.000333834710744, 212.121, 0.015, -207.532, 0.131, 211.244, 0.014, 232.342, 0.031, 247.698, 0.014, -247.589, 0.103, 209.14, 0.013, 255.863, 0.035, 217.457, 0.018, 231.783, 0.056, 228.703, 0.014, 261.418, 0.041,
018-psn08ABBAa1, 9.441370, 0.00550662809917, -197.474, 0.112, 139.832, 0.013, 189.664, 0.02, 206.222, 0.014, 232.761, 0.076, 162.923, 0.013, 232.225, 0.025, 167.747, 0.267, -218.114, 0.099, 208.35, 0.018, 197.088, 0.014, 236.585, 0.04,
018-psn08ABBAb1, 10.047100, 0.000175636363636, 205.849, 0.013, 234.724, 0.044, 250.276, 0.068, -193.407, 0.077, -202.709, 0.09, 248.435, 0.055, 254.274, 0.069, 216.501, 0.015, 242.975, 0.018, 280.178, 0.054, 248.352, 0.049, -193.845, 0.021,
018-psn09ABABa1, 9.864220, 0.00039441322314, 246.285, 0.053, -155.979, 0.091, 272.115, 0.074, 237.308, 0.041, 266.017, 0.079, 215.931, 0.019, 241.948, 0.09, 227.234, 0.035, 254.49, 0.061, -177.842, 0.017, 253.201, 0.096, 162.631, 0.039,
018-psn09ABABb1, 9.762050, 0.000237355371901, 209.885, 0.027, 220.762, 0.088, -155.312, 0.017, 172.04, 0.134, 232.629, 0.027, 259.98, 0.062, -195.96, 0.025, 226.21, 0.065, -159.277, 0.088, 246.484, 0.099, 207.73, 0.023, 225.595, 0.055,
018-psn09ABBAa1, 9.766720, 0.000164611570248, 202.472, 0.06, 229.57, 0.021, 223.126, 0.032, 191.945, 0.088, 225.982, 0.073, 232.469, 0.025, 244.155, 0.029, 242.541, 0.08, -205.364, 0.14, 261.6, 0.033, 233.012, 0.031, 222.907, 0.069,
018-psn09ABBAb1, 9.603360, 0.000433355371901, 212.991, 0.019, 199.205, 0.07, 210.341, 0.112, -181.818, 0.089, -166.954, 0.084, 219.664, 0.071, 280.875, 0.058, -191.23, 0.088, 232.956, 0.027, 225.771, 0.122, 197.733, 0.064, -132.142, 0.042,
018-psn10ABABa1, 10.025700, 0.000566727272727, 207.461, 0.05, -187.965, 0.102, 256.268, 0.064, -164.172, 0.096, 228.758, 0.079, -191.804, 0.028, 259.216, 0.101, 225.158, 0.025, 235.674, 0.074, 238.017, 0.035, 258.042, 0.069, 226.582, 0.023,
018-psn10ABABb1, 9.357230, 0.0024214214876, 220.406, 0.019, 242.925, 0.151, -166.104, 0.094, 268.168, 0.072, 224.756, 0.02, 239.505, 0.076, -162.052, 0.096, 160.822, 0.009, 204.149, 0.028, 237.634, 0.095, 231.746, 0.036, 255.943, 0.061,
018-psn10ABBAa1, 9.651340, 0.00039826446281, 234.353, 0.063, 191.1, 0.018, 187.311, 0.046, 266.405, 0.059, 254.358, 0.067, 221.641, 0.023, 214.773, 0.035, 265.871, 0.089, 230.643, 0.061, 241.425, 0.032, 211.655, 0.037, 276.084, 0.093,
018-psn10ABBAb1, 9.675310, 0.000356330578512, -152.022, 0.095, 216.084, 0.152, 254.845, 0.079, 188.118, 0.015, 223.751, 0.03, 222.016, 0.102, 236.805, 0.058, 247.362, 0.031, 257.713, 0.031, 218.775, 0.059, 249.461, 0.084, 259.359, 0.03,
018-psn11ABABa1, 10.058200, 0.000130148760331, 258.187, 0.071, -189.903, 0.09, 293.781, 0.062, -162.752, 0.089, 269.341, 0.045, -184.87, 0.085, 261.685, 0.079, -183.337, 0.017, 265.897, 0.054, -190.777, 0.095, 294.606, 0.077, -166.208, 0.03,
018-psn11ABABb1, 9.394880, 0.00896171900826, -208.975, 0.087, 274.562, 0.043, -176.619, 0.084, 296.122, 0.047, -206.746, 0.079, 302.141, 0.068, 184.122, 0.005, 272.049, 0.049, -180.066, 0.005, 249.916, 0.052, -159.063, 0.016, 211.177, 0.062,
018-psn11ABBAa1, 9.722550, 0.00107062809917, 189.045, 0.058, -163.11, 0.085, 192.982, 0.018, 213.847, 0.059, 235.66, 0.042, 278.121, 0.023, -172.046, 0.08, 233.836, 0.014, 195.481, 0.055, -178.301, 0.088, 210.029, 0.015, 280.599, 0.054,
018-psn11ABBAb1, 10.134400, 0.000270016528926, -178.189, 0.08, 279.57, 0.049, 286.889, 0.053, -176.97, 0.089, -169.018, 0.087, 247.401, 0.075, 225.205, 0.049, -177.628, 0.095, -157.503, 0.018, 282.84, 0.041, 262.505, 0.033, 195.731, 0.022,
018-psn12ABABa1, 9.637300, 0.000442049586777, 243.051, 0.078, 166.684, 0.024, 219.549, 0.064, -164.862, 0.061, 227.209, 0.062, 188.56, 0.034, 234.984, 0.077, 173.357, 0.027, 261.181, 0.074, 198.931, 0.024, 259.058, 0.075, 206.461, 0.02,
018-psn12ABABb1, 9.372060, 0.000544595041322, 249.447, 0.025, 285.514, 0.057, -154.629, 0.086, 196.595, 0.061, 187.711, 0.025, 238.818, 0.066, 277.388, 0.034, 264.739, 0.054, 235.085, 0.031, 241.286, 0.072, 173.737, 0.021, 226.741, 0.063,
018-psn12ABBAa1, 9.376050, 0.000270776859504, 228.949, 0.078, 203.413, 0.027, 191.1, 0.021, 243.576, 0.095, 258.925, 0.075, 201.068, 0.022, 186.119, 0.019, 277.18, 0.089, 257.854, 0.064, 177.419, 0.017, 242.539, 0.025, 264.48, 0.083,
018-psn12ABBAb1, 9.451460, 0.00163019834711, 246.117, 0.03, 210.571, 0.059, 213.642, 0.095, -138.019, 0.096, 190.738, 0.026, 228.669, 0.096, 186.252, 0.074, 208.285, 0.024, 229.866, 0.035, 256.324, 0.098, 259.818, 0.095, 235.461, 0.03,
