010-pdm01ABABa1, 8.994720, 0.000414082644628, 219.963, 0.028, 267.478, 0.109, 203.182, 0.035, 227.882, 0.086, 317.031, 0.041, 256.207, 0.087, 245.551, 0.024, 218.622, 0.096, 290.976, 0.03, 289.255, 0.087, 231.075, 0.029, 250.236, 0.073,
010-pdm01ABABb1, 9.410010, 0.000275785123967, 262.13, 0.075, 234.911, 0.025, 274.821, 0.081, 195.463, 0.018, 270.973, 0.073, 200.285, 0.023, 249.841, 0.067, -139.751, 0.005, 272.29, 0.07, 221.828, 0.033, 254.165, 0.076, 208.095, 0.026,
010-pdm01ABBAa1, 8.872700, 0.000858512396694, 215.306, 0.024, 259.861, 0.094, 240.867, 0.082, -134.509, 0.064, 277.485, 0.03, 266.853, 0.09, 246.379, 0.072, 182.446, 0.029, 270.399, 0.027, 293.774, 0.085, 234.304, 0.074, 227.263, 0.027,
010-pdm01ABBAb1, 9.035250, 0.000284380165289, 264.928, 0.077, 177.815, 0.024, 244.924, 0.028, 264.792, 0.076, 295.504, 0.078, 182.821, 0.005, 221.395, 0.015, 265.226, 0.07, 291.426, 0.066, 208.958, 0.019, 215.671, 0.023, 240.002, 0.073,
010-pdm02ABABa1, 10.250500, 0.000957157024793, 178.987, 0.018, 253.231, 0.09, 223.596, 0.021, 258.015, 0.078, 282.573, 0.031, 260.183, 0.073, 224.732, 0.026, 229.488, 0.074, 235.559, 0.019, 265.831, 0.103, 245.792, 0.024, 240.109, 0.081,
010-pdm02ABABb1, 9.816370, 0.00203963636364, 245.301, 0.081, 206.006, 0.027, 257.753, 0.067, 259.276, 0.023, 255.069, 0.092, 258.059, 0.019, 245.194, 0.076, 265.942, 0.024, 232.694, 0.055, 299.386, 0.045, 221.553, 0.047, 223.248, 0.032,
010-pdm02ABBAa1, 9.869100, 0.000432082644628, 172.006, 0.019, 265.535, 0.068, 236.404, 0.079, -198.66, 0.084, 231.238, 0.023, 260.203, 0.073, 291.21, 0.057, 218.048, 0.026, 184.947, 0.109, 244.687, 0.024, 271.281, 0.032, 261.984, 0.033,
010-pdm02ABBAb1, 10.292300, 0.000705520661157, 229.956, 0.06, 184.406, 0.021, 214.742, 0.013, 268.644, 0.07, 260.524, 0.085, 249.637, 0.016, 223.076, 0.016, 243.633, 0.079, 273.562, 0.056, 225.258, 0.015, 202.08, 0.029, 247.778, 0.064,
010-pdm03ABABa1, 9.664250, 0.00220596694215, 140.873, 0.005, 279.276, 0.068, 191.593, 0.032, 251.818, 0.07, 243.143, 0.025, 256.404, 0.068, 228.542, 0.024, 289.353, 0.071, 231.416, 0.02, 296.214, 0.083, 209.013, 0.026, 265.508, 0.084,
010-pdm03ABABb1, 9.549660, 0.00258988429752, 161.46, 0.005, 181.461, 0.02, 271.541, 0.091, 159.366, 0.016, 270.61, 0.083, 244.812, 0.03, 199.948, 0.02, 280.237, 0.023, 260.111, 0.085, 162.492, 0.024, 165.013, 0.079, 162.698, 0.019,
010-pdm03ABBAa1, 9.480870, 0.00355315702479, 184.687, 0.122, 208.192, 0.065, 198.558, 0.072, 209.002, 0.018, 211.281, 0.024, 272.338, 0.086, 214.078, 0.062, 196.209, 0.024, 242.452, 0.02, 288.049, 0.064, 290.372, 0.067, neg 55.8888, 0.0,
010-pdm03ABBAb1, 9.893400, 0.00373092561983, 195.515, 0.055, 271.162, 0.028, 176.068, 0.016, 258.283, 0.076, 228.553, 0.038, 281.849, 0.011, 201.488, 0.024, 244.397, 0.067, 310.49, 0.051, 141.783, 0.031, 179.6, 0.027, 176.668, 0.063,
010-pdm04ABABa1, 9.628930, 0.00039041322314, 181.45, 0.024, 244.97, 0.072, 189.62, 0.025, 175.696, 0.072, 176.022, 0.035, 248.046, 0.064, 195.307, 0.031, 204.978, 0.06, 178.388, 0.017, 198.325, 0.069, 190.099, 0.032, 126.186, 0.07,
010-pdm04ABABb1, 9.575960, 0.00238295867769, 247.019, 0.075, 202.125, 0.014, 232.87, 0.057, 216.301, 0.065, -164.916, 0.079, 237.487, 0.024, 217.789, 0.079, 149.531, 0.016, 214.675, 0.087, 211.204, 0.089, 234.248, 0.032, 187.241, 0.005,
010-pdm04ABBAa1, 9.675540, 0.000822363636364, 191.141, 0.02, 220.543, 0.065, 232.497, 0.079, 197.804, 0.021, 184.58, 0.005, 208.109, 0.051, 236.972, 0.062, 201.064, 0.018, -140.377, 0.063, 187.594, 0.005, 197.055, 0.005, 195.069, 0.028,
010-pdm04ABBAb1, 9.235910, 0.00121644628099, 222.423, 0.064, 183.176, 0.014, 178.618, 0.018, 246.125, 0.072, 241.803, 0.06, 205.453, 0.015, 180.464, 0.014, 255.152, 0.062, 188.728, 0.014, 181.49, 0.021, 241.687, 0.029, 149.258, 0.103,
010-pdm05ABABa1, 9.386370, 0.000262082644628, 204.21, 0.033, 245.314, 0.052, 197.547, 0.017, 225.45, 0.063, 242.05, 0.025, 254.843, 0.053, 202.595, 0.03, 153.878, 0.067, 234.75, 0.03, 246.547, 0.085, 205.019, 0.031, 144.702, 0.078,
010-pdm05ABABb1, 9.326550, 0.000712380165289, 231.586, 0.085, 224.032, 0.025, 155.929, 0.122, 197.057, 0.023, 298.591, 0.095, 235.901, 0.019, 113.835, 0.113, 189.195, 0.019, 240.911, 0.084, 197.327, 0.059, 203.905, 0.055, 173.221, 0.024,
010-pdm05ABBAa1, 9.469470, 0.000395652892562, 177.595, 0.02, 246.861, 0.09, 252.045, 0.074, 214.126, 0.017, 222.385, 0.017, 272.398, 0.075, 217.071, 0.082, -171.701, 0.073, 166.352, 0.005, 270.88, 0.065, 205.472, 0.046, 174.178, 0.025,
010-pdm05ABBAb1, 9.050040, 0.000255652892562, 263.405, 0.077, 208.204, 0.024, 232.645, 0.02, 253.983, 0.062, 249.957, 0.062, 182.877, 0.025, 197.218, 0.028, 202.985, 0.067, 228.262, 0.06, 201.344, 0.018, 204.625, 0.018, 213.852, 0.062,
010-pdm06ABABa1, 9.293610, 0.000501107438017, 191.308, 0.022, 240.644, 0.063, 249.419, 0.028, 208.114, 0.06, 257.428, 0.027, 170.135, 0.094, 216.841, 0.03, 240.951, 0.061, 222.113, 0.022, 210.865, 0.074, 228.497, 0.022, 207.589, 0.06,
010-pdm06ABABb1, 8.988950, 0.000662876033058, 294.265, 0.08, 264.678, 0.027, 250.566, 0.067, 214.851, 0.038, 259.149, 0.092, 212.666, 0.031, 225.509, 0.052, 207.335, 0.036, 253.238, 0.075, 253.378, 0.028, 284.74, 0.081, 231.396, 0.062,
010-pdm06ABBAa1, 9.081610, 0.000875785123967, 211.597, 0.021, 219.293, 0.058, 224.484, 0.075, 184.06, 0.022, 211.274, 0.025, 229.415, 0.081, 211.463, 0.05, 242.259, 0.02, 197.774, 0.028, 238.539, 0.062, 199.209, 0.055, 201.808, 0.031,
010-pdm06ABBAb1, 8.618690, 0.000282330578512, 285.963, 0.084, 242.505, 0.02, 246.129, 0.02, 239.298, 0.079, 162.409, 0.08, 203.496, 0.036, 219.542, 0.023, 250.155, 0.079, 206.982, 0.061, 225.078, 0.031, 210.565, 0.02, 227.789, 0.06,
010-pdm07ABABa1, 9.007900, 0.000629140495868, 231.358, 0.03, 260.174, 0.065, 296.823, 0.014, 281.326, 0.078, 273.314, 0.014, 207.717, 0.086, 258.003, 0.023, 256.022, 0.067, 317.624, 0.017, 307.732, 0.066, 287.237, 0.013, 269.928, 0.073,
010-pdm07ABABb1, 9.505510, 0.000284975206612, 167.898, 0.038, 287.028, 0.02, 262.501, 0.083, 294.625, 0.019, 303.63, 0.083, 271.019, 0.022, 257.511, 0.083, 202.012, 0.03, 358.114, 0.084, 274.919, 0.016, 289.876, 0.076, 285.053, 0.035,
010-pdm07ABBAa1, 9.395080, 0.000468049586777, 324.25, 0.022, 263.151, 0.072, 249.544, 0.07, 268.15, 0.02, 293.307, 0.019, 293.271, 0.071, 319.6, 0.064, 256.108, 0.018, 305.22, 0.02, 309.069, 0.033, 305.382, 0.057, 232.899, 0.03,
010-pdm07ABBAb1, 9.318170, 0.000571504132231, 282.683, 0.074, 231.508, 0.021, 285.944, 0.019, 242.24, 0.066, 329.374, 0.086, 265.548, 0.018, 302.008, 0.018, 231.103, 0.095, 238.507, 0.129, 320.35, 0.032, 303.51, 0.017, 253.485, 0.082,
010-pdm08ABABa1, 9.031570, 0.00019332231405, 245.124, 0.03, 294.041, 0.084, 202.209, 0.021, 238.904, 0.077, 215.179, 0.023, 278.892, 0.068, 217.096, 0.026, 257.974, 0.078, 201.543, 0.022, 268.12, 0.069, 215.563, 0.026, 234.573, 0.061,
010-pdm08ABABb1, 8.773630, 0.0132820165289, 303.095, 0.076, 243.04, 0.024, 270.515, 0.08, 208.963, 0.026, 309.446, 0.086, 197.055, 0.029, 224.805, 0.074, 162.201, 0.025, 270.275, 0.077, 202.856, 0.029, 310.185, 0.07, 142.794, 0.042,
010-pdm08ABBAa1, 8.941520, 0.000377636363636, 218.945, 0.028, 254.377, 0.079, 271.301, 0.095, 170.822, 0.022, 214.284, 0.025, 258.946, 0.085, 246.672, 0.079, 189.405, 0.023, 190.226, 0.042, 265.449, 0.094, 248.558, 0.075, 200.615, 0.022,
010-pdm08ABBAb1, 9.059360, 0.000225785123967, 276.631, 0.074, 206.556, 0.025, 210.316, 0.028, 260.909, 0.089, 283.871, 0.087, 218.83, 0.021, 211.384, 0.027, 239.826, 0.072, 268.606, 0.074, 216.773, 0.047, 191.641, 0.042, 256.226, 0.077,
010-pdm09ABABa1, 10.045900, 0.000492595041322, 219.436, 0.03, 273.225, 0.094, 249.454, 0.032, 248.596, 0.083, 226.317, 0.036, 297.5, 0.07, 218.92, 0.027, 184.696, 0.084, 191.377, 0.043, 244.072, 0.059, 223.108, 0.036, 252.3, 0.076,
010-pdm09ABABb1, 10.014500, 0.00116862809917, 221.28, 0.035, 256.464, 0.03, 260.892, 0.065, 254.172, 0.047, 272.745, 0.084, 248.397, 0.043, 250.414, 0.087, 233.539, 0.047, 268.825, 0.103, 216.581, 0.034, 245.91, 0.07, 142.597, 0.036,
010-pdm09ABBAa1, 10.176600, 0.00033426446281, 236.87, 0.029, 271.924, 0.081, 229.178, 0.096, 165.555, 0.041, 249.086, 0.067, 261.085, 0.044, 273.358, 0.06, 220.876, 0.031, 203.802, 0.039, 248.76, 0.09, 280.527, 0.08, 238.262, 0.039,
010-pdm09ABBAb1, 9.740110, 0.000166082644628, 291.91, 0.081, 234.034, 0.037, 214.783, 0.029, 256.319, 0.08, 303.903, 0.089, 250.525, 0.03, 239.746, 0.043, 241.123, 0.082, 285.962, 0.089, 250.158, 0.028, 234.1, 0.044, 260.538, 0.09,
010-pdm10ABABa1, 8.945710, 0.00062879338843, 207.33, 0.038, 289.155, 0.092, 182.399, 0.038, 212.296, 0.066, 210.991, 0.049, 192.786, 0.081, -145.525, 0.049, 204.095, 0.069, 197.348, 0.058, 237.479, 0.084, 183.987, 0.055, 180.779, 0.08,
010-pdm10ABABb1, 9.203250, 0.000227867768595, 202.333, 0.055, -125.786, 0.074, 233.847, 0.087, -143.199, 0.065, 260.325, 0.092, 172.845, 0.027, 187.34, 0.071, 175.493, 0.026, 220.918, 0.083, 181.157, 0.031, 251.975, 0.079, 194.972, 0.038,
010-pdm10ABBAa1, 9.052420, 0.00039747107438, 226.984, 0.023, 238.304, 0.07, 276.226, 0.083, 183.292, 0.024, 175.859, 0.028, 216.253, 0.082, 247.002, 0.073, 213.801, 0.03, 208.797, 0.024, 265.631, 0.059, 238.269, 0.069, 207.148, 0.032,
010-pdm10ABBAb1, 8.893650, 0.000240694214876, 257.789, 0.082, 182.812, 0.025, -127.148, 0.062, 240.822, 0.094, 241.977, 0.091, -184.791, 0.005, 203.3, 0.041, 242.606, 0.078, 243.075, 0.092, 192.228, 0.03, 214.323, 0.034, 228.356, 0.077,
010-pdm11ABABa1, 9.241550, 0.000700330578512, 242.223, 0.04, 264.217, 0.079, 250.077, 0.107, 300.758, 0.068, 323.533, 0.029, 211.499, 0.121, 272.068, 0.028, 245.811, 0.092, 235.526, 0.026, 294.967, 0.072, 246.243, 0.027, 235.109, 0.058,
010-pdm11ABABb1, 8.956460, 0.00133970247934, 234.164, 0.07, 224.74, 0.027, 206.135, 0.101, 216.389, 0.025, 169.205, 0.178, 269.572, 0.028, 174.459, 0.042, 223.473, 0.033, 276.863, 0.073, 229.058, 0.029, 266.874, 0.048, 231.655, 0.023,
010-pdm11ABBAa1, 8.913600, 0.000409867768595, 233.214, 0.036, 177.301, 0.054, 204.473, 0.064, 194.198, 0.028, 202.565, 0.044, 216.097, 0.1, 264.062, 0.112, 205.734, 0.036, 220.486, 0.035, 281.86, 0.077, 199.561, 0.133, 222.24, 0.005,
010-pdm11ABBAb1, 8.964510, 0.000469702479339, 297.204, 0.086, 213.105, 0.033, -212.166, 0.081, 190.372, 0.066, 224.239, 0.261, 199.607, 0.025, 218.725, 0.026, 155.804, 0.075, 238.149, 0.076, 223.578, 0.033, 254.375, 0.035, 227.425, 0.061,
010-pdm12ABABa1, 9.312410, 0.000194016528926, 236.572, 0.037, 277.066, 0.078, -147.583, 0.09, 258.333, 0.075, 166.102, 0.025, 261.301, 0.075, 185.325, 0.033, 239.985, 0.081, 214.306, 0.038, 268.778, 0.071, 193.416, 0.03, 240.554, 0.084,
010-pdm12ABABb1, 9.463290, 0.00143208264463, 247.979, 0.079, 195.849, 0.027, 230.968, 0.08, 188.328, 0.03, 257.96, 0.047, 200.23, 0.024, 211.602, 0.074, 177.755, 0.016, 211.548, 0.02, 281.871, 0.078, 250.739, 0.063, 165.288, 0.021,
010-pdm12ABBAa1, 9.431020, 0.000374925619835, 249.877, 0.026, 260.853, 0.061, 215.955, 0.071, 187.659, 0.016, 181.674, 0.023, 263.157, 0.069, 249.776, 0.073, 220.749, 0.036, 249.594, 0.03, 236.917, 0.06, 202.026, 0.03, 215.908, 0.03,
010-pdm12ABBAb1, 9.328920, 0.000271652892562, 199.25, 0.067, -141.729, 0.024, 202.597, 0.027, 238.061, 0.084, 244.471, 0.091, 175.538, 0.032, 175.041, 0.03, 248.128, 0.087, 283.227, 0.087, 195.557, 0.033, 213.746, 0.031, 267.305, 0.076,
010-pdn01ABABa1, 9.076880, 0.000143652892562, 208.458, 0.02, 251.686, 0.073, 174.543, 0.022, 213.82, 0.068, 165.715, 0.028, 252.327, 0.078, 193.241, 0.024, 216.224, 0.073, 194.676, 0.022, 274.995, 0.08, 173.487, 0.019, 219.531, 0.071,
010-pdn01ABABb1, 8.932480, 0.000276628099174, 252.977, 0.065, 170.641, 0.012, 226.441, 0.09, 179.169, 0.025, 265.304, 0.09, 196.105, 0.02, 213.52, 0.071, 159.32, 0.022, 229.806, 0.088, -138.789, 0.078, 232.742, 0.056, 147.644, 0.021,
010-pdn01ABBAa1, 9.245060, 0.000834512396694, 159.858, 0.025, 242.973, 0.061, 221.308, 0.065, 179.918, 0.018, 254.852, 0.025, 247.391, 0.071, 219.25, 0.057, 150.355, 0.022, 184.832, 0.027, 230.869, 0.091, 241.359, 0.09, 171.871, 0.029,
010-pdn01ABBAb1, 9.315860, 0.00034705785124, 211.258, 0.07, 134.324, 0.021, 192.752, 0.025, 231.521, 0.077, 234.627, 0.077, 157.568, 0.022, 157.408, 0.028, 219.065, 0.079, 242.759, 0.071, -124.097, 0.087, 154.775, 0.02, 224.177, 0.09,
010-pdn02ABABa1, 10.055100, 0.000367107438017, 205.16, 0.025, 233.929, 0.08, 191.33, 0.022, 229.858, 0.086, 184.651, 0.021, 254.965, 0.075, 189.626, 0.028, 220.888, 0.079, 204.955, 0.025, 223.694, 0.051, 181.873, 0.029, 210.471, 0.07,
010-pdn02ABABb1, 9.608920, 0.000292082644628, 185.217, 0.084, 138.757, 0.016, 212.771, 0.074, 113.951, 0.008, 237.092, 0.085, 167.535, 0.016, 176.307, 0.075, 170.616, 0.024, 263.545, 0.084, 174.249, 0.016, 222.85, 0.071, 153.345, 0.02,
010-pdn02ABBAa1, 9.417780, 0.000435867768595, 245.704, 0.021, 271.125, 0.077, 233.368, 0.078, 194.804, 0.019, 229.707, 0.025, 223.625, 0.065, 208.858, 0.07, 197.343, 0.023, 199.789, 0.022, 244.894, 0.049, 258.417, 0.084, 195.901, 0.021,
010-pdn02ABBAb1, 9.965320, 0.000398595041322, 269.088, 0.087, 174.173, 0.016, 186.609, 0.018, 251.9, 0.078, 216.232, 0.062, 188.996, 0.013, 166.067, 0.009, 237.029, 0.076, 236.98, 0.07, 181.507, 0.014, 183.761, 0.021, 218.446, 0.066,
010-pdn03ABABa1, 9.150110, 0.00051547107438, 204.682, 0.022, 275.265, 0.087, 200.862, 0.014, 268.835, 0.086, 210.551, 0.021, 251.92, 0.073, 212.238, 0.015, 246.396, 0.076, 282.871, 0.012, 293.424, 0.096, 225.875, 0.014, 256.852, 0.078,
010-pdn03ABABb1, 9.121890, 0.000781900826446, 262.334, 0.058, 192.982, 0.015, 250.689, 0.091, 189.181, 0.026, 272.834, 0.104, 215.415, 0.02, 226.058, 0.077, 179.803, 0.022, 192.831, 0.078, 211.116, 0.025, 229.217, 0.045, 133.81, 0.093,
010-pdn03ABBAa1, 9.065920, 0.00182327272727, 201.01, 0.021, 214.918, 0.072, 215.718, 0.08, 185.031, 0.016, 192.539, 0.027, 246.931, 0.074, 233.185, 0.087, 153.104, 0.032, -225.077, 0.178, 239.557, 0.064, 213.927, 0.068, 135.289, 0.073,
010-pdn03ABBAb1, 8.809470, 0.000323884297521, 160.851, 0.088, 194.273, 0.016, 185.919, 0.026, 162.801, 0.106, 241.481, 0.077, 212.703, 0.021, 219.008, 0.029, 241.127, 0.087, 281.925, 0.067, 207.149, 0.025, 243.99, 0.024, 252.801, 0.071,
010-pdn04ABABa1, 9.340070, 0.000515090909091, 192.843, 0.017, 313.64, 0.082, 233.566, 0.016, 295.928, 0.069, 203.063, 0.022, 231.096, 0.09, 235.919, 0.018, 246.26, 0.072, 248.277, 0.017, 324.386, 0.053, 255.931, 0.015, 277.315, 0.088,
010-pdn04ABABb1, 8.443420, 0.00111547107438, 248.861, 0.051, 208.245, 0.031, 243.677, 0.068, 187.041, 0.03, 275.851, 0.083, 233.831, 0.035, 292.267, 0.095, 215.909, 0.037, 260.023, 0.046, 163.699, 0.026, 287.346, 0.113, 199.421, 0.025,
010-pdn04ABBAa1, 7.971450, 0.00054641322314, 230.119, 0.025, 267.603, 0.068, 283.174, 0.089, 183.916, 0.035, 185.499, 0.025, 280.205, 0.091, 316.722, 0.094, 213.37, 0.018, 227.401, 0.02, 280.371, 0.092, 289.158, 0.091, 243.557, 0.016,
010-pdn04ABBAb1, 8.420500, 0.000421140495868, 238.341, 0.067, 224.728, 0.016, 220.044, 0.02, 176.21, 0.071, 285.263, 0.078, 217.794, 0.017, 261.102, 0.026, 276.023, 0.074, 326.31, 0.1, 248.604, 0.021, 214.531, 0.043, 258.609, 0.104,
010-pdn05ABABa1, 9.509900, 0.000888991735537, 202.995, 0.035, 232.012, 0.073, 193.606, 0.017, 186.244, 0.061, 241.182, 0.023, 222.484, 0.07, 211.066, 0.029, 137.283, 0.048, 229.397, 0.028, 239.09, 0.064, 171.439, 0.019, 192.651, 0.093,
010-pdn05ABABb1, 9.280660, 0.000532743801653, 211.81, 0.084, 200.697, 0.022, 271.826, 0.064, 187.858, 0.035, 191.235, 0.087, 241.164, 0.024, 200.748, 0.077, 168.351, 0.023, 224.218, 0.077, 195.815, 0.014, 220.347, 0.078, 170.332, 0.019,
010-pdn05ABBAa1, 9.376680, 0.000778330578512, 232.849, 0.026, 213.312, 0.087, 218.255, 0.085, 186.922, 0.018, 241.244, 0.04, 244.309, 0.053, 201.9, 0.07, 188.315, 0.021, 189.352, 0.023, 204.784, 0.066, 215.804, 0.057, 174.649, 0.022,
010-pdn05ABBAb1, 9.359600, 0.000547636363636, 294.862, 0.078, 194.438, 0.017, 195.911, 0.023, 214.606, 0.061, 218.952, 0.059, 213.184, 0.014, 194.569, 0.022, 154.542, 0.138, 211.313, 0.044, 195.946, 0.024, 179.921, 0.034, 220.678, 0.057,
010-pdn06ABABa1, 9.058340, 0.00225244628099, 237.096, 0.026, 290.276, 0.071, 252.824, 0.041, 202.61, 0.131, 272.547, 0.017, 307.15, 0.069, 279.486, 0.03, 214.724, 0.045, 274.827, 0.022, 307.49, 0.093, 269.765, 0.024, 248.523, 0.072,
010-pdn06ABABb1, 9.376120, 0.00132697520661, 242.686, 0.083, 257.253, 0.03, 227.861, 0.09, 243.12, 0.035, 313.989, 0.084, 264.781, 0.032, 235.988, 0.09, 270.451, 0.029, 255.019, 0.078, 292.457, 0.014, 235.973, 0.044, 262.646, 0.024,
010-pdn06ABBAa1, 9.128370, 0.000769504132231, 216.92, 0.021, 202.225, 0.087, 167.239, 0.072, 216.306, 0.028, 296.396, 0.033, 250.74, 0.075, 274.028, 0.067, 241.689, 0.021, 198.786, 0.024, 253.038, 0.054, 298.087, 0.072, 232.741, 0.03,
010-pdn06ABBAb1, 9.257390, 0.000197289256198, 336.192, 0.084, 314.922, 0.027, 284.429, 0.021, 280.347, 0.089, 316.28, 0.069, 322.297, 0.03, 285.275, 0.024, 236.52, 0.08, 249.559, 0.089, 278.937, 0.02, 227.489, 0.032, 301.997, 0.068,
010-pdn07ABABa1, 8.672870, 0.00225360330579, 303.936, 0.028, 160.994, 0.101, 175.424, 0.015, 215.91, 0.087, 194.036, 0.015, 256.96, 0.082, 201.909, 0.014, 158.179, 0.087, 229.965, 0.046, 256.251, 0.076, 168.596, 0.014, 181.216, 0.077,
010-pdn07ABABb1, 8.625510, 0.000975884297521, 227.258, 0.082, 197.589, 0.017, 211.644, 0.082, 192.701, 0.018, 234.057, 0.094, 172.052, 0.02, 228.175, 0.067, 139.29, 0.017, 142.023, 0.091, 166.733, 0.01, 230.648, 0.162, 120.541, 0.084,
010-pdn07ABBAa1, 8.614850, 0.00095947107438, 243.152, 0.024, 235.627, 0.07, 165.714, 0.089, 140.914, 0.02, 197.731, 0.014, 130.26, 0.095, 235.178, 0.1, 156.467, 0.014, 180.767, 0.019, 274.398, 0.095, 236.242, 0.076, 193.591, 0.009,
010-pdn07ABBAb1, 8.534190, 0.000767603305785, 225.553, 0.088, -142.455, 0.077, 183.683, 0.018, 195.123, 0.076, 281.33, 0.089, 174.034, 0.013, 170.92, 0.017, 149.084, 0.089, 278.462, 0.095, 176.773, 0.016, 168.335, 0.016, 191.611, 0.071,
010-pdn08ABABa1, 10.195200, 0.000623272727273, 244.582, 0.03, 287.414, 0.095, 278.386, 0.026, 295.212, 0.095, 269.843, 0.029, 297.355, 0.06, 250.903, 0.026, 269.884, 0.056, 301.659, 0.031, 288.686, 0.048, 240.614, 0.018, 273.732, 0.049,
010-pdn08ABABb1, 10.405200, 0.000474, 274.04, 0.084, 277.247, 0.033, 295.927, 0.113, 214.138, 0.034, 277.529, 0.068, 299.237, 0.035, 285.771, 0.076, 256.731, 0.03, 280.956, 0.077, 274.897, 0.023, 300.916, 0.063, 274.915, 0.032,
010-pdn08ABBAa1, 10.181300, 0.000243338842975, 218.642, 0.027, 272.209, 0.062, 283.099, 0.074, 266.56, 0.028, 272.519, 0.017, 289.849, 0.054, 299.486, 0.046, 264.052, 0.022, 304.669, 0.021, 300.235, 0.055, 289.778, 0.052, 258.541, 0.022,
010-pdn08ABBAb1, 9.770530, 0.000590429752066, 267.178, 0.092, 258.715, 0.027, 235.746, 0.044, 295.405, 0.079, 311.613, 0.072, 295.436, 0.03, 297.689, 0.039, 274.919, 0.069, 280.605, 0.031, 265.152, 0.033, 260.58, 0.028, 288.998, 0.089,
010-pdn09ABABa1, 9.447070, 0.000431338842975, 250.152, 0.033, 236.015, 0.072, 229.569, 0.026, 231.24, 0.066, 205.926, 0.032, 258.757, 0.07, 216.557, 0.031, 184.586, 0.117, 174.623, 0.042, 212.44, 0.036, 246.96, 0.027, 219.079, 0.073,
010-pdn09ABABb1, 9.963110, 0.00100679338843, 311.97, 0.066, 218.568, 0.021, 258.689, 0.069, 247.1, 0.024, 290.03, 0.077, 249.886, 0.032, 268.265, 0.073, 292.818, 0.049, 260.805, 0.079, 248.708, 0.034, 234.848, 0.065, 199.425, 0.032,
010-pdn09ABBAa1, 9.561580, 0.000438925619835, 249.416, 0.027, 232.606, 0.069, 216.062, 0.072, 208.781, 0.027, 240.439, 0.038, 283.782, 0.089, 247.728, 0.072, 218.917, 0.028, 207.014, 0.027, 272.642, 0.075, 234.292, 0.058, 220.276, 0.028,
010-pdn09ABBAb1, 9.918330, 0.000229520661157, 257.879, 0.07, 237.489, 0.023, 259.517, 0.019, 255.334, 0.063, 257.907, 0.07, 251.229, 0.02, 241.624, 0.019, 254.654, 0.06, 268.483, 0.07, 237.535, 0.023, 224.799, 0.022, 208.141, 0.054,
010-pdn10ABABa1, 9.874470, 0.000279685950413, 177.025, 0.005, 200.734, 0.066, -195.837, 0.005, 215.454, 0.005, 179.432, 0.005, 202.879, 0.044, -190.92, 0.005, 232.873, 0.063, 210.408, 0.029, 302.156, 0.095, 231.322, 0.032, 224.229, 0.085,
010-pdn10ABABb1, 10.267300, 0.000562958677686, 185.126, 0.057, 254.9, 0.028, 256.471, 0.083, 217.719, 0.02, 269.149, 0.086, 213.958, 0.043, 281.197, 0.068, 236.203, 0.021, 286.49, 0.084, 168.569, 0.022, 263.713, 0.078, 187.978, 0.034,
010-pdn10ABBAa1, 10.132400, 0.000573107438017, 199.128, 0.029, 266.716, 0.073, 262.396, 0.078, 228.363, 0.022, 210.725, 0.022, 290.561, 0.08, 273.966, 0.06, 249.352, 0.033, 211.9, 0.036, 254.99, 0.08, 277.267, 0.075, 214.728, 0.038,
010-pdn10ABBAb1, 10.344700, 0.000632380165289, 271.494, 0.084, 230.35, 0.021, 227.454, 0.026, 291.899, 0.074, 285.871, 0.073, 271.631, 0.022, 257.148, 0.023, 281.795, 0.081, 271.306, 0.078, 210.553, 0.036, 238.09, 0.023, 269.336, 0.071,
010-pdn11ABABa1, 9.950180, 0.000429785123967, 255.037, 0.036, 269.327, 0.078, 234.64, 0.02, 249.867, 0.08, 265.52, 0.028, 274.216, 0.075, 254.977, 0.032, 244.356, 0.073, 224.223, 0.037, 251.855, 0.077, 226.676, 0.024, 202.016, 0.074,
010-pdn11ABABb1, 9.846610, 0.00431462809917, 249.27, 0.081, 210.713, 0.025, 225.32, 0.071, 259.521, 0.029, 300.516, 0.058, 246.256, 0.027, 272.003, 0.06, 307.555, 0.041, 204.365, 0.032, 305.191, 0.027, 220.958, 0.061, 262.29, 0.022,
010-pdn11ABBAa1, 10.034400, 0.00112745454545, 197.19, 0.03, 240.46, 0.07, 248.88, 0.06, 234.437, 0.023, 225.436, 0.024, 291.65, 0.066, 282.212, 0.074, 259.539, 0.025, 236.093, 0.023, 272.05, 0.065, 242.87, 0.045, 273.216, 0.025,
010-pdn11ABBAb1, 9.809710, 0.00340950413223, 335.624, 0.034, 217.05, 0.023, 172.114, 0.12, 216.653, 0.032, 258.927, 0.034, 241.398, 0.028, 214.525, 0.025, 244.271, 0.065, 237.504, 0.071, 280.402, 0.028, 273.767, 0.03, 298.375, 0.05,
010-pdn12ABABa1, 9.569710, 0.00160618181818, 241.242, 0.024, 248.703, 0.061, 157.918, 0.047, 208.424, 0.068, 226.872, 0.027, 304.716, 0.073, 237.604, 0.023, 234.361, 0.076, 227.227, 0.032, 233.91, 0.048, 231.159, 0.033, 178.357, 0.011,
010-pdn12ABABb1, 9.250590, 0.00131461157025, 277.64, 0.087, 210.462, 0.035, 224.07, 0.076, 253.318, 0.034, 287.852, 0.083, 239.043, 0.041, 218.819, 0.071, 192.426, 0.045, 223.731, 0.071, 293.741, 0.026, 236.252, 0.057, 205.29, 0.05,
010-pdn12ABBAa1, 9.009980, 0.00205823140496, 236.261, 0.08, 220.165, 0.025, 305.563, 0.032, 285.011, 0.063, 226.536, 0.032, 197.952, 0.068, 244, 0.07, 275.563, 0.031, 245.099, 0.035, 231.47, 0.086, 238.271, 0.085, 198.432, 0.039,
010-pdn12ABBAb1, 9.342100, 0.000765652892562, 205.744, 0.059, 239.982, 0.027, 266.417, 0.03, 224.905, 0.077, 217.735, 0.061, 255.908, 0.034, 224.223, 0.028, 211.498, 0.06, 281.221, 0.055, 198.842, 0.035, 240.079, 0.035, 152.34, 0.101,
010-psm01ABABa1, 9.631850, 0.00118171900826, 200.947, 0.03, 211.037, 0.066, 284.5, 0.104, 203.152, 0.024, 259.045, 0.089, 237.963, 0.027, 237.995, 0.076, 189.939, 0.031, 248.173, 0.082, 227.232, 0.027, 243.972, 0.074, 220.943, 0.021,
010-psm01ABABb1, 9.144960, 0.000747652892562, 158.344, 0.021, 246.723, 0.07, 213.892, 0.021, 273.383, 0.082, 203.52, 0.025, 298.491, 0.104, 195.416, 0.017, 232.306, 0.067, -166.106, 0.074, 283.982, 0.082, 206.82, 0.018, 213.939, 0.021,
010-psm01ABBAa1, 9.400170, 0.000371685950413, 236.133, 0.063, 211.436, 0.021, -176.007, 0.086, 254.536, 0.082, 265.34, 0.074, 231.434, 0.018, 228.683, 0.029, 250.003, 0.071, 272.887, 0.081, 227.315, 0.015, 218.524, 0.024, 233.753, 0.092,
010-psm01ABBAb1, 9.532830, 0.000365702479339, 177.552, 0.021, 282.035, 0.066, 274.026, 0.082, 215.085, 0.016, 152.44, 0.033, 256.172, 0.068, 232.465, 0.08, 182.723, 0.019, 221.47, 0.017, 246.829, 0.071, 261.756, 0.054, 186.651, 0.02,
010-psm02ABABa1, 8.744350, 0.000448148760331, 253.124, 0.086, 202.865, 0.015, 277.806, 0.074, 197.346, 0.015, 245.185, 0.097, 208.859, 0.02, 257.581, 0.074, 235.127, 0.037, 228.755, 0.047, 203.426, 0.028, 247.14, 0.077, 217.333, 0.017,
010-psm02ABABb1, 8.629000, 0.000497157024793, 167.03, 0.076, 228.006, 0.059, 184.73, 0.027, 242.387, 0.076, 213.357, 0.016, 225.552, 0.087, 224.907, 0.028, 158.034, 0.091, 198.573, 0.021, 243.709, 0.073, -225.091, 0.074, 240.145, 0.073,
010-psm02ABBAa1, 8.525940, 0.000186628099174, 184.956, 0.046, -182.567, 0.074, 229.221, 0.019, 238.705, 0.075, 219.836, 0.056, 236.359, 0.022, 202.372, 0.04, 257.012, 0.067, 266.753, 0.065, 186.821, 0.025, 212.733, 0.023, 258.359, 0.07,
010-psm02ABBAb1, 8.353590, 0.000872380165289, -232.297, 0.078, 228.693, 0.076, 253.357, 0.093, 219.291, 0.029, 159.006, 0.029, 244.277, 0.079, 227.969, 0.085, 210.313, 0.011, 172.296, 0.018, 245.266, 0.074, 218.088, 0.064, 196.883, 0.013,
010-psm03ABABa1, 10.038000, 0.00113196694215, 202.549, 0.005, 192.352, 0.027, 232.305, 0.063, 153.879, 0.025, 318.801, 0.076, 193.34, 0.033, 214.801, 0.107, 174.388, 0.031, 278.661, 0.085, 219.024, 0.029, 209.566, 0.067, 179.048, 0.027,
010-psm03ABABb1, 10.849700, 0.00252614876033, -94.8373, 0.054, 266.883, 0.057, 189.793, 0.016, 234.304, 0.053, 217.359, 0.02, 276.471, 0.087, 236.257, 0.037, 302.689, 0.072, 168.78, 0.016, 249.095, 0.077, 205.658, 0.031, 238.129, 0.079,
010-psm03ABBAa1, 9.897670, 0.000586049586777, 197.2, 0.07, 189.645, 0.033, 165.915, 0.035, 204.051, 0.069, 218.901, 0.067, 219.952, 0.03, 178.872, 0.026, 231.284, 0.081, 231.406, 0.05, 187.062, 0.027, 205.228, 0.028, 154.321, 0.066,
010-psm03ABBAb1, 10.115000, 0.000147636363636, 171.038, 0.023, 212.21, 0.049, 233.198, 0.076, 170.583, 0.018, 182.726, 0.021, 227.246, 0.055, 230.163, 0.086, 156.412, 0.021, 189.995, 0.023, 192.857, 0.051, 215.227, 0.056, 117.207, 0.021,
010-psm04ABABa1, 11.525200, 0.0123525123967, 244.29, 0.062, 153.599, 0.02, 225.837, 0.082, 127.738, 0.05, 244.239, 0.064, 93.9553, 0.122, 168.629, 0.023, 78.9419, 0.074, 149.408, 0.087, 120.004, 0.008, 86.0958, 0.005, 109.984, 0.047,
010-psm04ABABb1, 9.064020, 0.00106279338843, 204.468, 0.016, 221.508, 0.039, 148.931, 0.009, 237.009, 0.056, 203.808, 0.013, 186.33, 0.029, 185.201, 0.019, 222.452, 0.061, 171.812, 0.021, 235.921, 0.062, 199.055, 0.024, 194.676, 0.069,
010-psm04ABBAa1, 9.316500, 0.00032905785124, -126.06, 0.008, 184.776, 0.015, 187.51, 0.016, 255.764, 0.048, 211.499, 0.059, 155.938, 0.005, 179.401, 0.021, 229.842, 0.05, 245.842, 0.057, 199.43, 0.018, 159.348, 0.027, 157.444, 0.046,
010-psm04ABBAb1, 9.482140, 0.000294330578512, -169.651, 0.083, 224.094, 0.07, 238.938, 0.066, 143.427, 0.02, 175.796, 0.016, 258.942, 0.06, 239.168, 0.069, 173.218, 0.021, 178.676, 0.056, 232.184, 0.069, 222.883, 0.071, 127.384, 0.082,
010-psm05ABABa1, 9.037770, 0.000455421487603, 271.999, 0.078, 218.038, 0.016, 278.14, 0.084, 187.317, 0.028, 305.63, 0.082, 244.006, 0.024, 272.164, 0.101, 222.976, 0.026, 290.124, 0.073, 249.195, 0.024, 267.877, 0.078, 233.911, 0.021,
010-psm05ABABb1, 9.527460, 0.000774925619835, 223.959, 0.025, 262.909, 0.087, 214.751, 0.024, 250.081, 0.071, 196.5, 0.03, 246.725, 0.08, 221.576, 0.02, 231.509, 0.065, 241.679, 0.021, 271.663, 0.098, 179.837, 0.021, 222.5, 0.069,
010-psm05ABBAa1, 9.218770, 0.000428991735537, 317.831, 0.079, 156.528, 0.03, 178.176, 0.029, 264.837, 0.068, 253.191, 0.074, 281.602, 0.021, 210.213, 0.026, 204.875, 0.081, 289.478, 0.088, 196.975, 0.021, 222.314, 0.023, 211.574, 0.052,
010-psm05ABBAb1, 9.243290, 0.000525719008264, 203.041, 0.033, 272.628, 0.092, 229.572, 0.092, 204.195, 0.023, -211.937, 0.092, 270.386, 0.073, 228.522, 0.065, 216.313, 0.025, 191.207, 0.037, 290.583, 0.081, 247.812, 0.068, 164.318, 0.024,
010-psm06ABABa1, 8.550990, 0.00160656198347, 152.638, 0.088, 214.502, 0.029, 210.906, 0.079, 146.721, 0.025, 261.136, 0.07, 152.532, 0.045, 222.983, 0.099, 186.516, 0.021, 233.974, 0.039, 200.439, 0.028, 245.518, 0.042, 179.433, 0.08,
010-psm06ABABb1, 9.078600, 0.000504611570248, 253.447, 0.022, 234.177, 0.068, 235.566, 0.017, 209.17, 0.049, -165.997, 0.075, 253.295, 0.065, 252.511, 0.021, 214.408, 0.059, 228.636, 0.032, 261.082, 0.064, 225.725, 0.018, 245.656, 0.066,
010-psm06ABBAa1, 8.742500, 0.000824628099174, 257.228, 0.06, 240.48, 0.022, 219.982, 0.029, 249.758, 0.079, 210.366, 0.066, 211.082, 0.029, 205.203, 0.023, 268.639, 0.079, 240.4, 0.073, 223.333, 0.029, 191.404, 0.008, 205.968, 0.043,
010-psm06ABBAb1, 9.264980, 0.000741421487603, 178.912, 0.023, 265.845, 0.07, 225.056, 0.071, 187.303, 0.026, 236.39, 0.03, 261.46, 0.062, 246.552, 0.064, 241.517, 0.028, 247.031, 0.017, 174.305, 0.08, 225.414, 0.06, 235.273, 0.025,
010-psm07ABABa1, 9.510310, 0.00582368595041, 171.293, 0.087, 255.474, 0.017, 306.576, 0.099, 254.923, 0.018, 316.312, 0.076, 243.703, 0.02, 270.113, 0.08, 155.248, 0.046, -147.085, 0.005, 328.482, 0.079, 287.968, 0.053, 242.623, 0.017,
010-psm07ABABb1, 9.292800, 0.00139023140496, 239.875, 0.03, 261.72, 0.099, 201.411, 0.02, 235.708, 0.075, 280.343, 0.021, 245.235, 0.078, 263.816, 0.018, 187.461, 0.069, 312.518, 0.038, 271.881, 0.077, 263.067, 0.02, -255.103, 0.117,
010-psm07ABBAa1, 9.491310, 0.000780231404959, 269.295, 0.074, -232.706, 0.08, 247.21, 0.016, 247.454, 0.074, 254.824, 0.072, 231.897, 0.019, 205.39, 0.021, 247.42, 0.068, 281.017, 0.081, -235.335, 0.078, 243.241, 0.02, 241.984, 0.063,
010-psm07ABBAb1, 9.289030, 0.00127051239669, 220.564, 0.029, 267.084, 0.098, 172.874, 0.088, 205.816, 0.026, 210.603, 0.02, 253.289, 0.1, 235.569, 0.079, 225.552, 0.015, 265.412, 0.022, 288.928, 0.072, 277.741, 0.074, 223.182, 0.026,
010-psm08ABABa1, 9.823690, 0.00285947107438, 185.015, 0.029, 233.576, 0.017, 263.025, 0.072, 251.137, 0.02, 294.191, 0.081, 283.019, 0.017, 195.537, 0.068, 266.966, 0.018, 298.167, 0.08, 254.252, 0.02, 231.532, 0.058, 205.033, 0.001,
010-psm08ABABb1, 9.797090, 0.000449884297521, 266.953, 0.025, 281.207, 0.07, 230.445, 0.025, 257.802, 0.075, 228.514, 0.029, 288.694, 0.059, 213.314, 0.032, 256.986, 0.05, 248.298, 0.022, 265.162, 0.062, 269.344, 0.019, 230.214, 0.058,
010-psm08ABBAa1, 9.624660, 0.000901504132231, 248.155, 0.134, 213.553, 0.021, 233.957, 0.032, 272.404, 0.074, 308.845, 0.06, 271.429, 0.025, 275.083, 0.036, 255.138, 0.073, 336.033, 0.061, 239.75, 0.023, 284.247, 0.024, 265.585, 0.129,
010-psm08ABBAb1, 9.831650, 0.00135414876033, 246.392, 0.022, 310.274, 0.082, 291.896, 0.085, 281.182, 0.02, 269.327, 0.023, 254.741, 0.069, 212.643, 0.005, 234.991, 0.023, 238.514, 0.024, 288.583, 0.066, 306.758, 0.077, 227.79, 0.027,
010-psm09ABABa1, 9.610640, 0.000650198347107, 266.359, 0.09, 201.491, 0.024, 268.016, 0.089, 216.674, 0.034, 253.504, 0.082, 211.004, 0.041, 275.669, 0.107, 213.673, 0.031, 268.601, 0.085, 241.237, 0.034, 222.526, 0.086, 211.362, 0.03,
010-psm09ABABb1, 9.466660, 0.000398247933884, 197.361, 0.037, 262.088, 0.083, 188.846, 0.03, 259.757, 0.076, 282.706, 0.039, 245.349, 0.101, 234.799, 0.032, 231.326, 0.088, 213.066, 0.04, 283.008, 0.104, 220.786, 0.081, 117.207, 0.082,
010-psm09ABBAa1, 9.499380, 0.000622809917355, 262.843, 0.078, 221.785, 0.019, 247.362, 0.04, 178.892, 0.098, 267.216, 0.082, 225.728, 0.038, 228.669, 0.035, 235.533, 0.087, 235.983, 0.098, 184.974, 0.085, 180.948, 0.025, 201.469, 0.101,
010-psm09ABBAb1, 9.397480, 0.000503867768595, 229.13, 0.029, 249.715, 0.049, 266.267, 0.098, 230.133, 0.025, 250.06, 0.024, 241.819, 0.079, 252.576, 0.038, 210.679, 0.027, 235.798, 0.034, 217.795, 0.051, 230.147, 0.07, 201.114, 0.025,
010-psm10ABABa1, 10.238200, 0.000810380165289, 228.111, 0.072, 224.123, 0.023, 229.116, 0.074, 218.11, 0.029, 254.679, 0.098, 269.528, 0.039, 261.094, 0.065, 249.86, 0.024, 231.877, 0.096, 230.979, 0.021, 279.031, 0.074, 247.841, 0.029,
010-psm10ABABb1, 9.933980, 0.00763441322314, 263.658, 0.021, 250.619, 0.08, -220.605, 0.081, 217.162, 0.073, 218.168, 0.024, 250.998, 0.075, 228.095, 0.022, 229.053, 0.081, 114.86, 0.024, 260.029, 0.03, 212.418, 0.025, 231.504, 0.037,
010-psm10ABBAa1, 10.078000, 0.00016026446281, 251.894, 0.067, 189.459, 0.02, 245.757, 0.024, 268.067, 0.086, 253.479, 0.081, -214.858, 0.085, 252.576, 0.024, 269.661, 0.06, 277.928, 0.082, 248.071, 0.032, 312.962, 0.024, 236.091, 0.073,
010-psm10ABBAb1, 10.135700, 0.00037705785124, 218.849, 0.017, 251.296, 0.077, 269.795, 0.076, 225.017, 0.024, 239.896, 0.023, 263.946, 0.085, 271.963, 0.076, 212.816, 0.026, 222.222, 0.034, 293.151, 0.076, 263.431, 0.083, 243.574, 0.027,
010-psm11ABABa1, 9.732920, 0.00709114049587, 272.607, 0.091, 231.391, 0.028, 253.434, 0.029, 247.651, 0.053, 334.89, 0.087, 218.685, 0.035, 263.963, 0.07, 214.233, 0.048, 309.879, 0.083, 256.816, 0.029, 92.3263, 0.087, 200.7, 0.033,
010-psm11ABABb1, 9.709110, 0.000226198347107, 202.623, 0.035, 301.392, 0.109, 253.073, 0.037, 253.828, 0.079, 264.211, 0.041, 264.304, 0.085, 280.59, 0.044, 253.815, 0.088, 247.319, 0.049, 286.384, 0.081, 228.279, 0.031, 217.132, 0.072,
010-psm11ABBAa1, 9.741060, 0.00075641322314, 266.105, 0.072, 228.047, 0.02, 232.974, 0.027, 271.224, 0.074, 267.206, 0.072, 261.029, 0.025, 246.334, 0.026, 226.277, 0.075, 303.476, 0.079, -233.329, 0.089, 249.888, 0.032, 257.134, 0.087,
010-psm11ABBAb1, 9.923450, 0.000808876033058, 196.465, 0.006, 292.67, 0.103, 306.766, 0.094, 216.26, 0.033, 174.284, 0.046, 290.46, 0.1, 263.778, 0.092, 217.443, 0.047, 226.67, 0.032, 256.199, 0.074, 283.238, 0.084, 218.549, 0.032,
010-psm12ABABa1, 10.106600, 0.0010772892562, 217.742, 0.092, 242.742, 0.03, 264.405, 0.085, 222.349, 0.037, 264.349, 0.08, 182.49, 0.036, 276.215, 0.071, 225.651, 0.041, 242.735, 0.079, 185.296, 0.037, 249.924, 0.093, 200.289, 0.047,
010-psm12ABABb1, 9.878610, 0.000200743801653, 211.481, 0.025, 285.27, 0.083, 235.704, 0.047, 188.922, 0.056, 215.042, 0.033, 254.347, 0.087, 211.498, 0.038, 218.616, 0.089, 215.972, 0.044, 244.787, 0.092, 210.317, 0.044, 207.195, 0.076,
010-psm12ABBAa1, 9.990350, 0.000150082644628, 261.307, 0.083, 219.449, 0.027, 184.21, 0.03, 186.104, 0.09, 209.115, 0.072, 166.961, 0.031, 199.625, 0.027, 232.977, 0.093, 238.114, 0.072, 189.182, 0.036, 219.96, 0.038, 234.137, 0.094,
010-psm12ABBAb1, 10.206000, 0.000255834710744, 235.111, 0.028, 274.344, 0.078, 256.277, 0.088, 214.739, 0.044, 214.945, 0.045, 222.588, 0.107, 275.287, 0.099, 204.403, 0.035, 202.887, 0.048, 249.094, 0.063, 272.602, 0.08, 239.395, 0.035,
010-psn01ABABa1, 8.400030, 0.00316965289256, 231.894, 0.07, 213.842, 0.025, 331.088, 0.105, 166.206, 0.032, 266.734, 0.063, 233.076, 0.041, 299.505, 0.086, 196.784, 0.029, 251.683, 0.086, 230.243, 0.028, -171.418, 0.005, 199.301, 0.026,
010-psn01ABABb1, 8.201930, 0.00084532231405, 259.679, 0.025, 294.427, 0.07, 198.607, 0.021, 219.286, 0.066, 252.737, 0.021, 274.424, 0.054, 237.911, 0.024, 255.938, 0.069, 287.592, 0.014, 286.559, 0.052, 198.944, 0.021, 271.84, 0.021,
010-psn01ABBAa1, 8.342100, 0.0012318677686, 159.604, 0.018, 254.564, 0.066, 200.964, 0.029, 278.399, 0.045, 233.854, 0.018, 239.949, 0.013, 232.398, 0.016, 270.534, 0.063, 200.447, 0.071, 241.038, 0.042, 216.847, 0.028, 254.556, 0.025,
010-psn01ABBAb1, 8.122350, 0.000548991735537, 169.709, 0.023, 271.319, 0.052, 207.414, 0.077, 200.672, 0.017, -183.936, 0.08, 259.756, 0.052, 225.369, 0.074, 233.507, 0.023, 194.378, 0.029, 259.6, 0.071, 240.795, 0.056, 236.677, 0.02,
010-psn02ABABa1, 9.289350, 0.000363719008264, 286.125, 0.082, 201.052, 0.014, 254.306, 0.078, 178.668, 0.016, 181.532, 0.089, 226.879, 0.021, 157.65, 0.089, 216.054, 0.033, 237.437, 0.071, 180.469, 0.016, 242.797, 0.064, 254.988, 0.023,
010-psn02ABABb1, 9.062750, 0.000297107438017, 204.674, 0.014, 249.356, 0.099, 187.794, 0.025, 226.328, 0.078, 215.03, 0.012, 269.082, 0.07, 198.822, 0.015, -172.827, 0.083, 222.749, 0.031, 239.577, 0.061, 271.107, 0.013, 252.45, 0.076,
010-psn02ABBAa1, 9.184830, 0.000539454545455, 214.939, 0.082, 218.507, 0.013, 218.213, 0.016, 240.674, 0.06, 242.367, 0.069, 215.486, 0.017, 214.345, 0.012, 253.834, 0.063, 235.471, 0.068, 166.777, 0.017, 168.416, 0.017, 183.959, 0.047,
010-psn02ABBAb1, 9.091500, 0.000299603305785, 179.007, 0.016, 228.804, 0.069, 238.551, 0.078, 168.265, 0.012, 187.653, 0.016, 243.462, 0.077, 214.087, 0.089, 188.513, 0.021, 239.327, 0.02, 254.95, 0.074, 240.794, 0.067, 199.979, 0.017,
010-psn03ABABa1, 9.315620, 0.00131299173554, 294.051, 0.086, 226.756, 0.017, 268.836, 0.081, 226.823, 0.017, 304.679, 0.089, 242.1, 0.018, 310.314, 0.109, 203.853, 0.029, 309.174, 0.101, 240.905, 0.027, 266.35, 0.077, 223.878, 0.027,
010-psn03ABABb1, 9.383790, 0.000651867768595, -178.356, 0.082, 270.769, 0.08, 223.836, 0.026, 198.929, 0.087, 210.76, 0.022, 292.93, 0.086, 200.068, 0.023, 249.968, 0.059, 292.61, 0.021, 273.253, 0.065, 245.727, 0.034, 229.759, 0.078,
010-psn03ABBAa1, 9.298860, 0.00022505785124, 250.305, 0.071, 209.018, 0.016, 203.201, 0.023, 269.69, 0.067, 233.732, 0.073, 230.212, 0.019, 233.291, 0.024, 247.598, 0.073, 302.744, 0.102, 253.377, 0.022, 216.054, 0.016, 267.703, 0.085,
010-psn03ABBAb1, 8.574800, 0.000211355371901, 263.071, 0.022, 265.925, 0.073, 263.365, 0.075, 190.402, 0.018, 220.326, 0.024, 309.726, 0.092, 301.453, 0.089, 231.567, 0.021, 211.44, 0.026, 279.348, 0.074, 280.991, 0.085, 234.538, 0.027,
010-psn04ABABa1, 9.498120, 0.000965272727273, 236.498, 0.058, 195.826, 0.009, 241.865, 0.072, 115.449, 0.019, 260.65, 0.096, -167.914, 0.083, 218.725, 0.069, 151.965, 0.035, 239.781, 0.074, 226.318, 0.018, 227.025, 0.056, 146.484, 0.005,
010-psn04ABABb1, 9.262230, 0.000547603305785, 183.469, 0.022, 213.981, 0.061, 164.96, 0.023, 213.434, 0.07, 191.86, 0.025, 229.801, 0.071, 140.863, 0.04, 194.614, 0.071, 199.61, 0.02, 238.932, 0.058, 190.907, 0.017, 182.857, 0.062,
010-psn04ABBAa1, 9.371210, 0.000677090909091, 263.67, 0.079, 210.991, 0.028, 197.976, 0.02, 252.13, 0.064, 200.741, 0.061, 180.56, 0.024, -180.975, 0.076, 214.611, 0.076, 256.088, 0.074, 207.579, 0.019, 192.004, 0.015, 269.869, 0.071,
010-psn04ABBAb1, 9.331540, 0.000132561983471, 170.378, 0.02, 248.828, 0.056, 237.706, 0.061, 207.46, 0.014, 186.478, 0.017, 255.349, 0.055, 256.148, 0.052, 159.032, 0.023, -217.812, 0.083, 194.723, 0.055, 207.734, 0.045, 144.06, 0.039,
010-psn05ABABa1, 9.426590, 0.00361388429752, 312.872, 0.096, 239.225, 0.024, 315.891, 0.075, 260.306, 0.022, 238.559, 0.094, 253.045, 0.031, -170.319, 0.005, 298.307, 0.03, 275.695, 0.092, 216.516, 0.024, 180.264, 0.055, 282.346, 0.037,
010-psn05ABABb1, 9.750070, 0.000905421487603, 286.372, 0.021, 214.911, 0.074, 213.077, 0.022, 247.56, 0.1, 250.952, 0.026, 258.719, 0.094, 243.538, 0.025, 219.086, 0.058, 277.514, 0.027, 260.515, 0.069, 238.363, 0.03, 250.573, 0.124,
010-psn05ABBAa1, 9.843740, 0.000971719008264, 228.413, 0.074, 232.593, 0.017, 212.572, 0.025, 244.622, 0.069, 278.559, 0.074, 293.868, 0.027, 226.806, 0.021, 255.218, 0.13, 300.356, 0.08, 243.157, 0.018, 236.822, 0.058, 206.678, 0.08,
010-psn05ABBAb1, 10.042600, 0.00241261157025, 233.965, 0.033, 306.65, 0.09, 275.507, 0.091, 248.461, 0.017, 232.986, 0.024, 325.001, 0.088, 285.801, 0.075, 315.927, 0.018, 258.29, 0.015, 311.937, 0.066, 162.798, 0.054, 246.415, 0.02,
010-psn06ABABa1, 8.290710, 0.0014680661157, 275.06, 0.083, 235.41, 0.031, 210.278, 0.071, 229.601, 0.024, 255.774, 0.067, 204.689, 0.033, 256.373, 0.068, 235.75, 0.027, 216.227, 0.105, 236.822, 0.019, 327.548, 0.068, 267.23, 0.039,
010-psn06ABABb1, 8.483140, 0.00159292561983, 254.171, 0.027, 244.839, 0.077, 222.625, 0.031, 207.352, 0.076, 220.078, 0.023, 253.598, 0.065, 267.121, 0.022, 196.939, 0.035, -208.859, 0.086, 256.694, 0.071, 233.953, 0.029, 267.906, 0.088,
010-psn06ABBAa1, 8.316020, 0.000345504132231, 202.957, 0.097, 267.479, 0.024, 223.477, 0.034, 237.834, 0.074, 247.827, 0.085, 215.105, 0.028, 212.243, 0.021, 141.129, 0.077, 242.318, 0.07, 151.354, 0.033, 219.233, 0.025, 220.045, 0.075,
010-psn06ABBAb1, 8.306040, 0.00286514049587, 256.082, 0.023, 267.21, 0.077, 295.107, 0.054, 202.904, 0.026, 288.797, 0.053, 231.738, 0.197, 284.804, 0.067, 243.876, 0.015, 187.045, 0.021, 271.568, 0.057, 265.435, 0.025, 234.302, 0.075,
010-psn07ABABa1, 8.804890, 0.000477785123967, 242.489, 0.062, 171.967, 0.018, 223.246, 0.064, 169.468, 0.017, 256.354, 0.069, 188.315, 0.022, 231.876, 0.078, 125.471, 0.082, 221.524, 0.079, 175.863, 0.021, 219.378, 0.079, 174.879, 0.025,
010-psn07ABABb1, 8.899220, 0.000428595041322, 249.937, 0.017, 247.08, 0.062, 207.695, 0.024, 240.164, 0.069, 180.043, 0.017, 270.704, 0.076, 199.131, 0.014, 253.755, 0.075, 226.607, 0.021, 242.385, 0.08, 196.876, 0.014, 231.467, 0.073,
010-psn07ABBAa1, 8.718430, 0.000243884297521, 267.743, 0.087, 191.04, 0.018, 171.616, 0.014, 253.68, 0.067, 247.234, 0.076, 163.106, 0.019, 218.438, 0.016, 245.369, 0.076, 277.639, 0.076, 182.279, 0.013, 222.433, 0.019, 228.845, 0.085,
010-psn07ABBAb1, 8.832490, 0.00073947107438, 275.837, 0.028, 270.366, 0.075, 228.642, 0.077, 204.586, 0.023, 199.395, 0.026, 237.361, 0.08, 246.659, 0.082, 175.78, 0.013, 197.098, 0.013, 216.659, 0.071, 194.817, 0.053, 153.102, 0.013,
010-psn08ABABa1, 8.877310, 0.00210238016529, 230.99, 0.097, 203.465, 0.027, 246, 0.088, 209.008, 0.026, 263.362, 0.091, 259.15, 0.021, 165.768, 0.005, -180.595, 0.085, 252.83, 0.095, 237.798, 0.031, 249.339, 0.072, 194.215, 0.028,
010-psn08ABABb1, 8.882990, 0.000803652892562, 307.925, 0.021, 204.545, 0.085, 267.436, 0.021, 222.244, 0.087, 233.303, 0.019, 284.647, 0.082, 217.655, 0.03, 225.587, 0.077, 272.093, 0.076, 293.568, 0.043, 204.35, 0.024, 245.431, 0.061,
010-psn08ABBAa1, 9.072440, 0.000179702479339, 230.509, 0.075, 221.131, 0.018, 261.403, 0.027, 239.673, 0.073, 238.326, 0.054, 238.638, 0.021, 217.846, 0.026, 232.042, 0.066, 210.09, 0.024, 197.585, 0.023, 196.785, 0.018, 236.731, 0.081,
010-psn08ABBAb1, 9.395020, 0.00131370247934, 265.497, 0.019, 205.744, 0.034, 276.649, 0.081, 214.694, 0.017, 292.423, 0.018, 299.433, 0.101, 235.265, 0.072, 166.009, 0.025, 296.112, 0.019, 257.241, 0.077, 240.418, 0.083, 216.5, 0.021,
010-psn09ABABa1, 9.751280, 0.00112687603306, 154.382, 0.089, 237.205, 0.022, 209.853, 0.098, 226.354, 0.024, 260.472, 0.078, 237.137, 0.023, 254.061, 0.097, 219.827, 0.03, 248.511, 0.071, 249.896, 0.034, 240.811, 0.069, 201.213, 0.035,
010-psn09ABABb1, 9.387050, 0.00168765289256, 278.463, 0.186, 241.536, 0.069, 158.846, 0.037, 228.199, 0.099, 216.476, 0.032, 295.87, 0.085, 223.66, 0.035, 217.961, 0.11, 196.959, 0.03, 199.367, 0.096, 231.398, 0.036, 210.955, 0.052,
010-psn09ABBAa1, 9.653840, 0.00034226446281, 233.557, 0.069, 258.394, 0.027, 251.08, 0.03, 186.087, 0.105, 280.439, 0.083, 258.937, 0.029, 269.731, 0.035, 253.817, 0.077, 275.03, 0.065, 251.783, 0.041, 229.288, 0.031, 198.589, 0.096,
010-psn09ABBAb1, 9.669660, 0.000773520661157, 197.061, 0.027, 264.902, 0.104, 266.54, 0.092, 254.616, 0.033, 246.321, 0.027, 272.785, 0.106, 284.353, 0.096, 234.09, 0.03, 259.338, 0.032, 256.374, 0.075, 269.044, 0.094, 186.138, 0.03,
010-psn10ABABa1, 9.712570, 0.00111201652893, 219.833, 0.064, 186.919, 0.027, 191.847, 0.106, 180.793, 0.024, 160.336, 0.094, 204.992, 0.034, 214.259, 0.091, 194.933, 0.031, 233.409, 0.031, 228.792, 0.033, 188.464, 0.083, 162.044, 0.028,
010-psn10ABABb1, 8.767620, 0.0103928760331, 214.593, 0.026, 252.213, 0.071, 165.831, 0.03, 210.792, 0.09, 177.026, 0.049, 225.859, 0.086, 174.487, 0.042, 230.997, 0.078, 190.083, 0.022, 191.637, 0.127, 244.167, 0.032, 238.842, 0.033,
010-psn10ABBAa1, 9.584630, 0.000268231404959, 242.669, 0.067, 191.078, 0.026, 177.755, 0.028, 151.346, 0.058, 268.101, 0.074, 246.651, 0.026, 266.368, 0.025, 244.809, 0.071, 210.471, 0.076, 255.652, 0.031, 232.314, 0.022, 251.653, 0.075,
010-psn10ABBAb1, 9.674860, 0.000447239669421, 219.716, 0.028, 227.239, 0.077, 206.392, 0.151, 183.468, 0.041, 243.584, 0.029, 208.1, 0.086, 197.222, 0.11, 208.461, 0.022, 205.859, 0.03, 205.667, 0.072, 218.801, 0.037, 224.768, 0.027,
010-psn11ABABa1, 9.496370, 0.00219679338843, 139.889, 0.005, 293.638, 0.028, 304.833, 0.087, 214.37, 0.024, 298.07, 0.085, 276.076, 0.031, 278.652, 0.077, 161.005, 0.033, 277.151, 0.059, 253.857, 0.025, 254.838, 0.067, 253.268, 0.059,
010-psn11ABABb1, 9.368650, 0.0010172892562, -155.58, 0.04, 272.438, 0.091, 232.727, 0.024, 271.514, 0.079, 228.094, 0.03, 278.8, 0.063, 248.109, 0.024, 252.121, 0.061, 227.052, 0.038, 251.37, 0.029, 159.25, 0.096, 150.658, 0.046,
010-psn11ABBAa1, 9.529420, 0.000966743801653, 206.89, 0.076, 220.188, 0.021, 253.776, 0.03, 295.331, 0.097, 263.593, 0.069, 238.69, 0.028, 242.515, 0.025, 283.666, 0.087, 285.207, 0.067, 269.187, 0.022, 280.578, 0.028, 263.765, 0.072,
010-psn11ABBAb1, 9.497030, 0.000918446280992, 213.578, 0.029, 283.255, 0.079, 288.709, 0.081, 269.02, 0.017, 258.359, 0.04, 264.194, 0.076, 277.099, 0.069, 167.8, 0.032, 193.087, 0.036, 184.917, 0.005, 255.674, 0.046, 262.474, 0.034,
010-psn12ABABa1, 9.925810, 0.000373867768595, 168.412, 0.058, 176.821, 0.006, -183.414, 0.055, 158.469, 0.012, 224.424, 0.065, -137.015, 0.079, 221.24, 0.059, 139.047, 0.02, 208.023, 0.077, -144.791, 0.067, 186.428, 0.069, 146.114, 0.034,
010-psn12ABABb1, 9.949980, 0.000408181818182, 206.243, 0.021, 261.581, 0.069, 198.416, 0.027, 228.966, 0.054, 196.433, 0.026, 204.026, 0.058, 208.752, 0.028, 179.154, 0.073, 181.777, 0.03, 195.012, 0.057, -129.945, 0.047, -184.616, 0.067,
010-psn12ABBAa1, 9.488680, 0.000490925619835, 265.768, 0.073, 223.21, 0.033, 193.927, 0.041, 207.243, 0.077, 279.822, 0.082, 194.132, 0.036, 214.107, 0.037, 243.752, 0.082, 299.789, 0.076, 213.768, 0.052, -120.402, 0.066, 226.674, 0.073,
010-psn12ABBAb1, 9.196960, 7.76859504132e-05, 239.291, 0.028, 269.21, 0.101, 271.463, 0.091, 198.915, 0.028, 214.683, 0.035, 242.739, 0.078, 251.98, 0.081, 219.522, 0.031, 228.222, 0.032, 245.068, 0.075, 237.513, 0.088, 200.762, 0.029,
