030-pdm01ABABa1, 9.319970, 0.000682016528926, 188.227, 0.022, 228.079, 0.053, -118.283, 0.073, 203.382, 0.065, 230.31, 0.019, 225.331, 0.067, -190.956, 0.082, 271.688, 0.063, 248.107, 0.023, 250.264, 0.071, -181.465, 0.079, 252.194, 0.066,
030-pdm01ABABb1, 9.738440, 0.00113396694215, 233.714, 0.05, 183.113, 0.03, 252.251, 0.054, -189.394, 0.082, 243.885, 0.084, 196.724, 0.021, 221.88, 0.046, 209.816, 0.02, 196.421, 0.027, 187.434, 0.022, 245.462, 0.051, 140.109, 0.019,
030-pdm01ABBAa1, 9.275060, 0.000768330578512, 171.956, 0.03, 193.213, 0.066, 237.6, 0.059, -152.798, 0.057, -140.899, 0.044, 216.454, 0.083, 234.37, 0.086, 209.669, 0.014, 174.011, 0.022, 202.929, 0.082, -224.979, 0.067, 170.736, 0.03,
030-pdm01ABBAb1, 9.239600, 0.0174060165289, 174.737, 0.033, 170.69, 0.054, -190.508, 0.079, 229.235, 0.014, 206.381, 0.045, 189.092, 0.052, 208.208, 0.015, 111.697, 0.252, 262.157, 0.072, 208.32, 0.059, 198.788, 0.016, 157.618, 0.009,
030-pdm02ABABa1, 10.892600, 0.000666809917355, 212, 0.012, 273.104, 0.062, -189.874, 0.082, 238.92, 0.063, -187.713, 0.082, 268.396, 0.064, 189.041, 0.013, 313.251, 0.064, 228.865, 0.013, 269.278, 0.076, 172.912, 0.027, 185.338, 0.057,
030-pdm02ABABb1, 10.645600, 0.00053679338843, 273.256, 0.039, 186.781, 0.015, 252.399, 0.059, 258.882, 0.013, 271.83, 0.068, 218.43, 0.016, 231.261, 0.053, 223.932, 0.022, 292.181, 0.065, 255.353, 0.017, 246.168, 0.021, -207.386, 0.08,
030-pdm02ABBAa1, 11.299800, 0.000740049586777, 179.097, 0.013, 275.947, 0.054, 259.243, 0.072, 214.642, 0.016, 247.014, 0.013, 281.678, 0.089, 238.452, 0.047, 220.277, 0.014, 272.142, 0.013, 287.537, 0.061, 283.163, 0.061, 236.744, 0.012,
030-pdm02ABBAb1, 11.081900, 0.000579685950413, 230.531, 0.044, -223.472, 0.076, 225.307, 0.013, 214.509, 0.125, 272.325, 0.052, 192.556, 0.012, 228.277, 0.015, 271.339, 0.07, 281.142, 0.065, 191.681, 0.011, 216.18, 0.014, 247.117, 0.046,
030-pdm03ABABa1, 9.876600, 0.00100095867769, -211.79, 0.076, 225.194, 0.067, -218.044, 0.074, 176.777, 0.066, 248.414, 0.016, 257.094, 0.053, 192.564, 0.02, 259.751, 0.063, 150.648, 0.206, 281.353, 0.056, 199.801, 0.016, 234.819, 0.051,
030-pdm03ABABb1, 9.211160, 0.00135626446281, 192.175, 0.362, 225.929, 0.021, 192.818, 0.046, 193.067, 0.017, 236.767, 0.016, 245.302, 0.011, 249.841, 0.029, 239.736, 0.017, 239.163, 0.031, 239.493, 0.017, -187.312, 0.097, 229.431, 0.014,
030-pdm03ABBAa1, 9.473540, 0.00218642975207, -99.8868, 0.005, 237.068, 0.05, 202.632, 0.039, 155.721, 0.01, 232.391, 0.013, 287.736, 0.043, 183.33, 0.03, 218.929, 0.081, 242.774, 0.012, 256.685, 0.045, 243.931, 0.04, 261.946, 0.017,
030-pdm03ABBAb1, 10.111000, 0.000789289256198, 186.601, 0.024, 185.098, 0.013, 237.204, 0.019, 270.3, 0.049, 287.86, 0.042, 251.825, 0.009, 255.239, 0.013, -262.834, 0.105, 206.896, 0.04, 222.18, 0.019, 262.143, 0.01, 259.606, 0.042,
030-pdm04ABABa1, 9.881060, 0.000234380165289, 148.078, 0.023, 258.552, 0.057, 228.934, 0.013, 231.336, 0.043, 203.957, 0.019, 235.041, 0.059, -206.525, 0.083, 234.455, 0.05, 210.568, 0.015, 240.728, 0.063, 174.12, 0.008, 260.53, 0.107,
030-pdm04ABABb1, 9.935740, 0.00493953719008, 207.246, 0.06, 231.189, 0.017, 222.512, 0.059, 213.394, 0.021, 175.052, 0.072, 200.873, 0.017, 191.75, 0.054, 132.112, 0.021, -201.981, 0.06, 184.532, 0.027, 222.836, 0.048, 142.084, 0.009,
030-pdm04ABBAa1, 9.888780, 0.000580991735537, 210.524, 0.022, 191.974, 0.047, 201.95, 0.048, -213.726, 0.06, -200.191, 0.091, 216.225, 0.062, -140.466, 0.06, 194.622, 0.012, 180.209, 0.039, 210.217, 0.024, -177.229, 0.072, 200.71, 0.008,
030-pdm04ABBAb1, 10.140500, 0.00056226446281, 190.007, 0.042, 147.013, 0.018, 181.905, 0.03, 231.39, 0.052, 195.51, 0.06, 225.893, 0.02, 203.033, 0.013, 211.59, 0.119, 231.673, 0.045, 217.234, 0.016, 229.337, 0.015, 236.43, 0.051,
030-pdm05ABABa1, 8.681240, 0.000448991735537, 179.984, 0.027, 242.27, 0.047, -151.565, 0.075, 218.934, 0.063, -174.416, 0.077, 197.765, 0.053, 104.472, 0.005, 182.839, 0.041, 211.245, 0.016, 235.18, 0.062, 224.961, 0.017, 238.698, 0.071,
030-pdm05ABABb1, 9.994190, 7.87272727273e-05, 197.745, 0.052, -125.365, 0.075, 206.473, 0.059, 213.425, 0.015, 185.955, 0.054, 167.458, 0.017, 195.655, 0.054, 168.395, 0.011, 213.192, 0.053, -160.937, 0.07, 212.59, 0.06, 192.529, 0.013,
030-pdm05ABBAa1, 9.813380, 0.000313719008264, 216.857, 0.017, 217.605, 0.041, 211.994, 0.04, 162.548, 0.014, 212.369, 0.014, 236.004, 0.038, 218.053, 0.038, 171.023, 0.015, 219.097, 0.013, 193.911, 0.066, 223.22, 0.044, 171.597, 0.015,
030-pdm05ABBAb1, 9.563360, 0.000286049586777, 215.443, 0.052, -180.535, 0.071, 203.025, 0.018, 215.104, 0.077, 238.515, 0.061, 206.742, 0.012, -183.688, 0.073, 217.164, 0.042, 250.084, 0.046, 227.807, 0.016, 208.06, 0.017, 227.173, 0.034,
030-pdm06ABABa1, 9.349370, 0.000217239669421, 223.369, 0.03, 227.176, 0.065, 203.004, 0.017, 186.462, 0.065, 153.216, 0.013, 248.141, 0.074, 183.523, 0.013, 153.104, 0.024, 248.62, 0.013, 256.616, 0.078, 221.883, 0.017, 246.162, 0.071,
030-pdm06ABABb1, 8.284910, 0.00127552066116, 208.73, 0.03, 180.289, 0.018, 175.803, 0.06, 230.239, 0.017, 155.641, 0.038, 211.127, 0.016, 166.031, 0.032, 230.447, 0.016, 181.531, 0.099, 221.268, 0.015, 167.637, 0.03, 115.472, 0.029,
030-pdm06ABBAa1, 9.451780, 0.000507702479339, 270.773, 0.021, 233.1, 0.058, 243.275, 0.056, 211.269, 0.015, 220.883, 0.017, 227.401, 0.068, 171.703, 0.062, 194.516, 0.014, 191.738, 0.03, 182.399, 0.117, 180.084, 0.108, 233.271, 0.012,
030-pdm06ABBAb1, 9.653710, 0.000624231404959, 222.602, 0.052, 198.494, 0.017, 197.342, 0.021, 217.977, 0.06, 245.045, 0.059, 228.239, 0.02, 235.886, 0.021, 214.649, 0.062, 269.868, 0.066, 212.555, 0.018, 187.575, 0.017, 219.863, 0.059,
030-pdm07ABABa1, 9.203980, 0.00050626446281, 202.925, 0.017, 263.956, 0.032, 261.234, 0.016, 255.701, 0.031, 212.003, 0.017, 271.28, 0.055, 251.504, 0.019, -263.214, 0.077, 261.747, 0.017, 231.957, 0.035, 218.571, 0.014, 186.5, 0.026,
030-pdm07ABABb1, 9.386510, 0.0010827768595, 205.591, 0.063, 255.699, 0.017, 281.678, 0.062, 296.638, 0.021, 257.529, 0.061, 265.774, 0.017, 256.786, 0.062, 245.147, 0.017, 272.077, 0.056, 233.612, 0.024, 316.069, 0.061, 260.085, 0.016,
030-pdm07ABBAa1, 9.557930, 0.000625652892562, 203.005, 0.017, 238.052, 0.064, 267.654, 0.051, 203.221, 0.02, -196.42, 0.085, 244.626, 0.052, 256.447, 0.049, 229.241, 0.016, 221.35, 0.019, 260.581, 0.057, 231.165, 0.035, 189.332, 0.028,
030-pdm07ABBAb1, 9.272240, 0.000734975206612, 252.359, 0.043, 183.7, 0.009, 243.674, 0.008, 246.473, 0.051, 269.782, 0.049, 267.111, 0.026, 246.149, 0.017, 253.027, 0.059, 272.304, 0.056, 269.924, 0.019, -239.128, 0.073, 219.478, 0.118,
030-pdm08ABABa1, 8.971430, 0.00052532231405, 232.987, 0.026, 232.372, 0.066, 212.136, 0.021, 251.716, 0.068, 208.795, 0.017, 246.314, 0.066, 196.873, 0.02, 250.849, 0.056, 203.637, 0.02, 203.836, 0.072, 188.902, 0.02, 259.78, 0.062,
030-pdm08ABABb1, 8.484330, 0.000175107438017, 239.083, 0.068, 170.147, 0.03, 210.554, 0.069, -137.666, 0.078, 187.304, 0.09, 191.149, 0.017, 226.211, 0.068, 199.175, 0.021, 269.657, 0.067, 194.969, 0.015, 289.283, 0.067, 196.534, 0.022,
030-pdm08ABBAa1, 8.568400, 0.000902380165289, 245.846, 0.023, 278.811, 0.077, 243.559, 0.044, 228.434, 0.017, 237.091, 0.022, 270.371, 0.076, 265.265, 0.05, 148.865, 0.019, 208.559, 0.019, 281.417, 0.079, 277.698, 0.066, 181.126, 0.024,
030-pdm08ABBAb1, 7.877310, 0.00126697520661, 245.061, 0.064, 153.071, 0.019, -137.118, 0.074, 220.858, 0.056, 271.601, 0.06, 219.821, 0.019, 120.031, 0.006, 238.371, 0.065, 246.995, 0.02, 232.263, 0.028, 195.773, 0.018, 242.51, 0.067,
030-pdm09ABABa1, 10.090500, 0.0039973553719, 194.808, 0.015, 251.257, 0.054, 242.786, 0.018, 245.285, 0.064, 214.314, 0.016, 179.696, 0.117, 239.609, 0.018, 240.538, 0.072, 169.355, 0.023, -105.571, 0.02, -200.957, 0.076, 194.378, 0.053,
030-pdm09ABABb1, 9.859510, 0.000800380165289, 263.54, 0.042, 246.617, 0.02, 263.004, 0.041, 226.452, 0.02, 270.443, 0.065, 230.839, 0.015, 253.592, 0.077, 178.988, 0.019, 212.196, 0.047, 259.583, 0.02, 286.283, 0.055, 234.565, 0.018,
030-pdm09ABBAa1, 9.980420, 0.000309421487603, 184.246, 0.021, 228.078, 0.049, 238.712, 0.047, 165.415, 0.021, 240.154, 0.02, 245.689, 0.059, 251.666, 0.049, -181.397, 0.071, 238.256, 0.022, 179.566, 0.065, 237.738, 0.05, 206.508, 0.02,
030-pdm09ABBAb1, 10.068100, 0.000303685950413, 241.471, 0.04, 188.907, 0.016, 228.737, 0.013, 235.353, 0.075, 251.024, 0.055, 240.316, 0.018, 201.577, 0.014, 196.186, 0.066, 269.501, 0.048, 220.285, 0.016, 204.482, 0.017, 257.087, 0.079,
030-pdm10ABABa1, 8.579770, 0.000731900826446, 237.363, 0.036, 197.63, 0.057, 157.52, 0.024, 240.495, 0.071, 176.005, 0.038, 217.838, 0.061, 198.316, 0.031, 202.033, 0.06, 190.678, 0.03, 215.991, 0.062, 196.912, 0.027, 255.881, 0.062,
030-pdm10ABABb1, 8.965500, 0.000745338842975, 261.224, 0.07, 163.351, 0.016, 235.411, 0.07, 194.688, 0.023, 273.046, 0.084, 230.412, 0.028, 272.89, 0.072, 207.884, 0.025, 310.272, 0.075, 197.388, 0.021, 282.486, 0.084, 234.556, 0.036,
030-pdm10ABBAa1, 9.017850, 0.000524628099174, 200.501, 0.032, 235.817, 0.075, 270.121, 0.082, 246.456, 0.034, 226.651, 0.024, 279.584, 0.101, 275.826, 0.106, 194.522, 0.029, 243.391, 0.029, 246.519, 0.079, 239.618, 0.071, 245.211, 0.03,
030-pdm10ABBAb1, 9.009950, 0.000597140495868, 175.57, 0.005, 153.781, 0.022, 165.823, 0.024, 262.282, 0.06, 259.629, 0.069, 180.913, 0.026, -123.435, 0.091, 226.349, 0.079, 285.962, 0.068, 175.463, 0.022, -130.4, 0.023, 245.321, 0.074,
030-pdm11ABABa1, 9.577670, 0.000968991735537, 233.084, 0.033, 200.473, 0.052, 225.866, 0.027, 269.187, 0.08, 302.075, 0.023, 272.694, 0.048, 233.711, 0.025, 230.477, 0.065, 246.058, 0.027, 278.911, 0.083, 211.524, 0.03, 219.988, 0.032,
030-pdm11ABABb1, 9.415800, 0.000472148760331, 256.031, 0.055, 223.125, 0.02, 176.927, 0.062, 223.743, 0.016, 241.766, 0.061, 226.74, 0.029, 278.831, 0.077, 237.854, 0.018, 336.028, 0.046, 220.832, 0.016, 173.163, 0.071, 236.522, 0.026,
030-pdm11ABBAa1, 9.724640, 0.000903289256198, 239.998, 0.03, 215.526, 0.064, 231.96, 0.066, 251.924, 0.023, -219.447, 0.078, 210.808, 0.078, 270.61, 0.066, 257.157, 0.025, 238.729, 0.026, 232.668, 0.094, 283.894, 0.061, 243.167, 0.022,
030-pdm11ABBAb1, 9.566710, 0.000110512396694, 276.834, 0.062, 225.734, 0.018, 220.373, 0.018, 246.541, 0.069, 248.702, 0.053, 242.579, 0.028, 236.456, 0.017, 298.771, 0.059, 241.57, 0.06, 234.082, 0.017, 228.221, 0.019, 266.003, 0.068,
030-pdm12ABABa1, 9.309240, 0.000514148760331, 207.977, 0.027, 252.187, 0.064, 248.222, 0.023, 192.288, 0.058, 275.412, 0.033, 239.059, 0.058, -149.347, 0.022, 174.432, 0.071, 210.852, 0.02, 215.168, 0.053, 205.982, 0.025, 187.742, 0.037,
030-pdm12ABABb1, 8.853570, 0.000232231404959, 254.243, 0.051, 127.117, 0.024, 218.717, 0.056, -117.478, 0.091, 238.355, 0.053, 165.836, 0.02, 258.711, 0.051, 194.05, 0.028, 241.773, 0.054, 134.605, 0.017, 192.713, 0.036, 147.962, 0.021,
030-pdm12ABBAa1, 8.971410, 0.000275719008264, 244.192, 0.026, 237.751, 0.058, 224.477, 0.05, 219.069, 0.026, 212.056, 0.025, 232.075, 0.063, 240.082, 0.052, 215.135, 0.028, 264.298, 0.022, 249.313, 0.059, 226.777, 0.07, 215.34, 0.019,
030-pdm12ABBAb1, 8.951820, 0.000125652892562, 228.055, 0.056, -133.428, 0.076, 138.742, 0.025, 251.503, 0.065, 265.285, 0.06, 171.142, 0.019, 192.692, 0.024, 263.113, 0.059, 274.721, 0.049, -146.669, 0.084, 192.172, 0.023, 241.384, 0.06,
030-pdn01ABABa1, 7.862280, 0.000761719008264, 168.609, 0.005, 147.451, 0.051, -108.147, 0.075, 200.923, 0.038, -77.2101, 0.073, 182.416, 0.059, -197.286, 0.07, 205.63, 0.047, -96.8861, 0.072, 195.059, 0.04, -109.4, 0.074, 206.665, 0.05,
030-pdn01ABABb1, 9.228230, 0.000376148760331, 190.581, 0.063, 132.946, 0.005, 195.477, 0.037, -138.136, 0.064, 245.57, 0.059, 110.162, 0.006, 209.481, 0.047, 160.12, 0.012, 206.73, 0.042, 184.004, 0.013, 241.795, 0.049, -127.583, 0.082,
030-pdn01ABBAa1, 8.947290, 0.00103115702479, 173.4, 0.029, 230.334, 0.046, 239.956, 0.049, 178.829, 0.021, 228.946, 0.027, 224.073, 0.057, 250.843, 0.061, 155.94, 0.016, 223.439, 0.019, 225.267, 0.048, 233.6, 0.047, 214.446, 0.006,
030-pdn01ABBAb1, 9.331180, 0.000254, 220.622, 0.045, -112.822, 0.072, -129.592, 0.072, 230.186, 0.039, 229.123, 0.045, -134.963, 0.08, 153.07, 0.017, 208.37, 0.04, 249.783, 0.048, 200.184, 0.017, 197.569, 0.014, 244.569, 0.055,
030-pdn02ABABa1, 9.784830, 0.000294628099174, 189.348, 0.013, 236.773, 0.069, 154.663, 0.01, 266.307, 0.066, 174.735, 0.013, 227.65, 0.059, 209.901, 0.014, 275.678, 0.06, 229.59, 0.011, 225.901, 0.055, 191.623, 0.012, 276.581, 0.08,
030-pdn02ABABb1, 9.572760, 0.000219107438017, 253.669, 0.079, -132.996, 0.079, 253.686, 0.091, 198.235, 0.023, 261.694, 0.082, 190.297, 0.014, 270.177, 0.072, 181.933, 0.014, 283.946, 0.069, 193.137, 0.01, 247.708, 0.073, 200.099, 0.014,
030-pdn02ABBAa1, 9.703490, 8.65619834711e-05, 207.867, 0.021, 264.283, 0.062, 209.204, 0.058, 182.622, 0.026, 208.987, 0.021, 249.857, 0.052, 213.752, 0.043, 161.118, 0.014, -179.867, 0.081, 253.822, 0.06, 207.863, 0.022, -111.931, 0.009,
030-pdn02ABBAb1, 9.996130, 0.000318066115702, 251.685, 0.063, -141.941, 0.075, 175.377, 0.012, 265.228, 0.062, 277.396, 0.05, 173.668, 0.014, 160.501, 0.014, 269.02, 0.061, 292.547, 0.066, 151.754, 0.005, 179.166, 0.014, 276.661, 0.06,
030-pdn03ABABa1, 9.329450, 0.000268743801653, 215.476, 0.017, 230.243, 0.039, -209.302, 0.079, 198.254, 0.054, -234.14, 0.073, 194.41, 0.051, 193.542, 0.029, 251.397, 0.052, 219.703, 0.027, 228.146, 0.054, 198.753, 0.016, 245.024, 0.07,
030-pdn03ABABb1, 9.575660, 0.000833140495868, 197.122, 0.042, 173.639, 0.014, 223.328, 0.055, -192.618, 0.076, 257.545, 0.063, 168.938, 0.012, 223.311, 0.049, 184.664, 0.016, 259.881, 0.058, 212.551, 0.014, 238.312, 0.055, 184.105, 0.012,
030-pdn03ABBAa1, 9.871130, 0.000539867768595, 183.013, 0.018, 232.904, 0.048, 226.555, 0.038, -174.446, 0.077, 194.97, 0.012, 231.418, 0.05, 241.859, 0.054, -195.151, 0.08, 238.553, 0.014, 230.928, 0.058, 229.746, 0.057, 213.544, 0.012,
030-pdn03ABBAb1, 9.705300, 0.000776958677686, 258.584, 0.03, 214.091, 0.013, 206.105, 0.013, 233.286, 0.048, 248.422, 0.04, -166.945, 0.068, 206.088, 0.013, 258.368, 0.039, 265.943, 0.042, 170.881, 0.011, 226.43, 0.012, 265.805, 0.08,
030-pdn04ABABa1, 8.717490, 0.000701636363636, 149.638, 0.016, 236.827, 0.055, 194.679, 0.022, 287.367, 0.072, 241.021, 0.021, 220.982, 0.042, -196.562, 0.062, 234.481, 0.008, 251.404, 0.018, 217.261, 0.052, 241.373, 0.013, 253.345, 0.046,
030-pdn04ABABb1, 9.063120, 0.00131619834711, -156.592, 0.072, 250.606, 0.013, 261.928, 0.047, -184.779, 0.08, 278.698, 0.043, -149.257, 0.077, 269.555, 0.047, 272.637, 0.013, 264.449, 0.045, 272.719, 0.012, 288.214, 0.046, -211.54, 0.014,
030-pdn04ABBAa1, 9.275030, 0.000109140495868, 217.32, 0.007, 249.87, 0.054, 237.572, 0.057, 257.516, 0.02, 230.911, 0.021, 275.948, 0.053, 259.164, 0.045, 227.387, 0.023, 234.672, 0.021, 241.716, 0.039, 233.088, 0.057, 221.09, 0.007,
030-pdn04ABBAb1, 9.216520, 0.000374561983471, 194.275, 0.034, 237.443, 0.01, 223.934, 0.015, 253.555, 0.039, 265.13, 0.068, 262.159, 0.018, 245.835, 0.016, 239.902, 0.044, 288.721, 0.06, 237.934, 0.017, -187.971, 0.08, 273.663, 0.043,
030-pdn05ABABa1, 10.308700, 0.00019332231405, 199.295, 0.021, 168.446, 0.1, 195.488, 0.026, 170.162, 0.132, 204.542, 0.02, 197.354, 0.06, 227.404, 0.018, 239.74, 0.064, 222.004, 0.017, 230.181, 0.068, 220.829, 0.021, 231.233, 0.07,
030-pdn05ABABb1, 9.823660, 0.000584082644628, 226.306, 0.077, 173.422, 0.026, 209.049, 0.087, 185.158, 0.018, 163.169, 0.039, 227.596, 0.019, 201.25, 0.083, 168.511, 0.052, 195.234, 0.079, 174.378, 0.015, 222.03, 0.075, 203.761, 0.025,
030-pdn05ABBAa1, 9.942880, 0.000131652892562, 267.178, 0.019, 188.863, 0.067, 219.809, 0.065, 202.91, 0.02, 201.519, 0.021, 204.609, 0.062, 243.142, 0.071, 194.11, 0.022, 221.782, 0.012, 259.806, 0.069, 229.209, 0.068, 217.105, 0.019,
030-pdn05ABBAb1, 9.662860, 0.000263785123967, 210.119, 0.058, 225.828, 0.021, 208.933, 0.021, 257.255, 0.079, 227.612, 0.055, 242.198, 0.02, -188.561, 0.021, 248.844, 0.078, 277.058, 0.07, 250.631, 0.02, 262.194, 0.017, 259.711, 0.061,
030-pdn06ABABa1, 9.209600, 0.00058932231405, 242.594, 0.017, 194.011, 0.055, 221.586, 0.024, 220.828, 0.061, 218.128, 0.02, 257.139, 0.054, 224.777, 0.017, 267.754, 0.057, 195.425, 0.208, 216.258, 0.042, 261.444, 0.014, 286.132, 0.034,
030-pdn06ABABb1, 9.145800, 0.000546330578512, 169.48, 0.105, 242.975, 0.019, 236.729, 0.105, -228.719, 0.08, 257.365, 0.043, 251.11, 0.021, 201.604, 0.045, 218.267, 0.018, 190.584, 0.03, 175.255, 0.012, 194.725, 0.027, 278.825, 0.014,
030-pdn06ABBAa1, 9.594310, 0.000558082644628, 178.614, 0.014, 233.897, 0.057, 240.725, 0.051, 228.366, 0.017, 286.243, 0.015, 213.649, 0.053, 271.517, 0.051, 244.276, 0.02, 271.752, 0.012, 276.951, 0.039, 256.965, 0.064, 226.892, 0.019,
030-pdn06ABBAb1, 9.215690, 0.000157818181818, 243.534, 0.051, 212.691, 0.024, 198.546, 0.017, 226.424, 0.059, 273.108, 0.058, 232.232, 0.019, 227.356, 0.02, 256.966, 0.056, 242.136, 0.056, 243.584, 0.02, 219.132, 0.013, 272.83, 0.043,
030-pdn07ABABa1, 8.502630, 0.000326876033058, 211.121, 0.014, 204.55, 0.049, 162.88, 0.018, 243.89, 0.08, 193.458, 0.019, 229.973, 0.082, 205.13, 0.02, 249.231, 0.064, 203.111, 0.014, 192.181, 0.058, -115.454, 0.076, 232.848, 0.077,
030-pdn07ABABb1, 7.964430, 0.00124388429752, 223.981, 0.061, 149.292, 0.016, 179.447, 0.141, 173.312, 0.02, 243.136, 0.066, 135.422, 0.017, 180.229, 0.077, -136.411, 0.073, 239.991, 0.036, 151.035, 0.015, 197.49, 0.058, -116.527, 0.082,
030-pdn07ABBAa1, 8.547970, 0.000498595041322, 206.542, 0.018, 213.679, 0.047, 188.224, 0.038, 183.953, 0.014, 199.291, 0.015, 219.457, 0.05, 223.164, 0.045, 233.718, 0.016, 229.412, 0.019, 233.863, 0.063, 225.468, 0.063, 194.397, 0.015,
030-pdn07ABBAb1, 8.561450, 0.000409785123967, 216.752, 0.055, -133.015, 0.073, 149.536, 0.014, 178.689, 0.052, 216.763, 0.059, 176.179, 0.017, 192.641, 0.021, 209.945, 0.047, 207.571, 0.049, -119.556, 0.013, 140.577, 0.011, 235.113, 0.063,
030-pdn08ABABa1, 8.816640, 0.000314429752066, 194.957, 0.017, 264.849, 0.053, 284.801, 0.017, 265.488, 0.035, 281.064, 0.02, 255.576, 0.025, 227.444, 0.014, 283.619, 0.02, 212.881, 0.016, -206.418, 0.106, 257.325, 0.017, 253.092, 0.017,
030-pdn08ABABb1, 10.192800, 0.000755157024793, 249.126, 0.066, 239.36, 0.018, 269.377, 0.052, 235.469, 0.023, 273.42, 0.076, 263.297, 0.02, 275.768, 0.064, 207.456, 0.019, 264.258, 0.07, 236.65, 0.017, 276.215, 0.066, 233.658, 0.021,
030-pdn08ABBAa1, 10.265800, 0.000208181818182, 187.219, 0.026, 244.575, 0.053, 274.843, 0.049, 228.513, 0.017, 254.678, 0.019, 275.954, 0.059, 284.371, 0.036, 224.838, 0.015, 246.556, 0.025, 255.236, 0.062, 267.568, 0.026, 228.112, 0.015,
030-pdn08ABBAb1, 10.084200, 0.000330363636364, 300.327, 0.047, 209.496, 0.012, 251.595, 0.016, 274.04, 0.036, 295.208, 0.044, 212.794, 0.013, 236.201, 0.018, 266.154, 0.052, 281.677, 0.045, 243.229, 0.013, 247.74, 0.019, 253.642, 0.075,
030-pdn09ABABa1, 9.574840, 0.000215537190083, 190.635, 0.015, 215.016, 0.066, 206.946, 0.017, 153.269, 0.047, 255.879, 0.016, 157.381, 0.106, 197.657, 0.016, 122.362, 0.033, 194.943, 0.026, 214.81, 0.049, 135.801, 0.016, 227.776, 0.066,
030-pdn09ABABb1, 9.357130, 0.000230363636364, 212.358, 0.03, 155.168, 0.019, 171.176, 0.036, 127.042, 0.016, 166.849, 0.036, 241.677, 0.022, 179.638, 0.106, 115.492, 0.016, 143.32, 0.025, 221.663, 0.017, 154.288, 0.034, 165.029, 0.016,
030-pdn09ABBAa1, 10.120400, 0.000248991735537, 236.449, 0.024, 178.293, 0.05, 236.215, 0.04, 221.263, 0.016, 197.726, 0.024, 242.747, 0.056, 206.165, 0.052, 193.493, 0.015, 215.557, 0.021, 207.182, 0.046, 217.297, 0.056, 181.046, 0.017,
030-pdn09ABBAb1, 10.204200, 7.60165289256e-05, 212.64, 0.056, 231.162, 0.02, 208.508, 0.016, 206.399, 0.069, 241.041, 0.055, 219.297, 0.018, 172.138, 0.034, 203.287, 0.062, 235.534, 0.054, 184.947, 0.026, 159.236, 0.019, 242.291, 0.066,
030-pdn10ABABa1, 10.393000, 0.000190247933884, 294.699, 0.036, 276.344, 0.063, 187.368, 0.011, 238.287, 0.069, 292.415, 0.023, 248.243, 0.062, 253.469, 0.027, 248.291, 0.068, 274.038, 0.025, 268.63, 0.072, 188.816, 0.021, 220.118, 0.067,
030-pdn10ABABb1, 10.361800, 0.000134049586777, 231.365, 0.072, 236.409, 0.03, 277.266, 0.07, 238.738, 0.022, 298.29, 0.098, 230.429, 0.028, 303.112, 0.069, 232.802, 0.018, 240.3, 0.062, 241.399, 0.026, 252.901, 0.061, 233.926, 0.031,
030-pdn10ABBAa1, 10.359000, 0.000295338842975, 251.727, 0.03, 272.853, 0.079, 272.739, 0.063, 208.702, 0.019, 252.304, 0.017, 263.08, 0.084, 244.834, 0.083, 208.839, 0.022, 244.78, 0.022, 249.884, 0.07, 244.939, 0.065, 238.21, 0.028,
030-pdn10ABBAb1, 9.746930, 0.000229636363636, 317.327, 0.079, 231.267, 0.031, 249.631, 0.025, 279.502, 0.084, 273.019, 0.062, 244.05, 0.028, 239.376, 0.022, 237.064, 0.067, 279.507, 0.086, 222.927, 0.026, 239.914, 0.024, 270.742, 0.076,
030-pdn11ABABa1, 10.053800, 0.00019705785124, 217.58, 0.025, 289.979, 0.065, 241.35, 0.022, 255.911, 0.081, 251.306, 0.035, 272.019, 0.055, 245.052, 0.02, 276.561, 0.057, 285.223, 0.026, 259.785, 0.059, 222.986, 0.04, 272.284, 0.082,
030-pdn11ABABb1, 8.822300, 0.000605966942149, 220.853, 0.124, 252.031, 0.025, 200.935, 0.057, 217.067, 0.027, 202.023, 0.115, 254.717, 0.023, 205.168, 0.144, 228.301, 0.023, 245.597, 0.024, 271.907, 0.041, 249.575, 0.05, 218.511, 0.016,
030-pdn11ABBAa1, 9.987960, 0.00092041322314, 245.174, 0.028, 214.077, 0.061, 214.446, 0.068, 208.933, 0.019, 239.085, 0.021, 252.781, 0.079, 250.322, 0.048, 213.092, 0.018, 241.021, 0.018, 252.878, 0.077, 246.291, 0.064, 204.39, 0.021,
030-pdn11ABBAb1, 10.319000, 0.000690727272727, 216.005, 0.05, 218.172, 0.018, 198.973, 0.028, 214.156, 0.068, 205.069, 0.061, 243.2, 0.022, 229.2, 0.025, 278.554, 0.064, 224.401, 0.057, -160.594, 0.084, 252.301, 0.019, 242.165, 0.066,
030-pdn12ABABa1, 9.498800, 0.00211269421488, 217.87, 0.026, 271.573, 0.071, 252.339, 0.026, 221.436, 0.053, 249.527, 0.021, 293.71, 0.056, 228.254, 0.04, 227.22, 0.065, 177.299, 0.023, 257.526, 0.069, 205.76, 0.021, 215.264, 0.081,
030-pdn12ABABb1, 9.225580, 0.000626958677686, 280.253, 0.076, 246.608, 0.033, 260.165, 0.087, 189.196, 0.006, 257.397, 0.061, 214.122, 0.038, 274.333, 0.076, 239.46, 0.039, 253.025, 0.051, 242.773, 0.035, 225.83, 0.046, 208.956, 0.035,
030-pdn12ABBAa1, 9.741430, 0.000675454545455, 211.014, 0.022, 304.231, 0.063, 249.185, 0.062, 266.743, 0.042, 221.966, 0.028, 208.461, 0.056, 224.609, 0.089, 145.313, 0.026, 243.162, 0.021, 285.141, 0.066, 219.376, 0.052, 226.222, 0.028,
030-pdn12ABBAb1, 9.749830, 0.000451239669421, 247.49, 0.057, 203.698, 0.013, 211.696, 0.018, 229.892, 0.05, 208.034, 0.055, 245.996, 0.018, 212.203, 0.016, 210.541, 0.052, 222, 0.054, 215.088, 0.018, 182.698, 0.022, 196.672, 0.005,
030-psm01ABABa1, 10.118100, 0.000406991735537, 216.176, 0.058, -175.381, 0.063, 260.619, 0.041, 196.617, 0.007, 223.154, 0.047, 198.559, 0.005, 240.757, 0.036, 206.587, 0.013, 239.287, 0.04, 230.463, 0.011, 231.212, 0.044, 209.248, 0.009,
030-psm01ABABb1, 10.364700, 0.000385520661157, 218.15, 0.013, 228.091, 0.046, 244.905, 0.017, 251.027, 0.068, 242.114, 0.012, 279.225, 0.052, 244.731, 0.015, 206.507, 0.058, 201.403, 0.016, 238.789, 0.044, -214.24, 0.071, -217.742, 0.098,
030-psm01ABBAa1, 10.252400, 0.000254925619835, 249.007, 0.044, 178.839, 0.014, 214.824, 0.011, 266.529, 0.048, 266.229, 0.034, 193.57, 0.016, 209.014, 0.013, -174.415, 0.079, 277.765, 0.046, 227.219, 0.016, 175.584, 0.012, 222.178, 0.053,
030-psm01ABBAb1, 10.545700, 0.000185900826446, 180.638, 0.009, 272.088, 0.05, 238.265, 0.029, 222.532, 0.015, 244.477, 0.012, 272.317, 0.033, 227.711, 0.024, -218.735, 0.069, 211.767, 0.013, 236.042, 0.029, 259.169, 0.047, 222.987, 0.011,
030-psm02ABABa1, 9.184630, 0.000448512396694, 236.377, 0.041, 188.283, 0.016, 263.638, 0.046, 214.196, 0.013, 273.981, 0.042, 214.903, 0.018, 234.648, 0.009, 181.463, 0.015, 282.949, 0.034, 219.398, 0.018, 282.479, 0.048, 213.75, 0.008,
030-psm02ABABb1, 9.103310, 0.000321537190083, -163.151, 0.073, 244.628, 0.064, 201.745, 0.026, 175.643, 0.047, 235.303, 0.016, 245.381, 0.066, 218.419, 0.014, 244.667, 0.062, 206.389, 0.014, 203.282, 0.036, 158.114, 0.018, 133.871, 0.051,
030-psm02ABBAa1, 9.520960, 0.000165818181818, 237.235, 0.04, 242.43, 0.016, 183.519, 0.012, 220.438, 0.04, 266.984, 0.034, 201.791, 0.009, 216.636, 0.012, 233.805, 0.035, 260.282, 0.042, 193.183, 0.023, 213.661, 0.008, 235.565, 0.058,
030-psm02ABBAb1, 9.105760, 0.000215421487603, 183.876, 0.013, 238.056, 0.053, 254.668, 0.049, -195.909, 0.08, 222.721, 0.012, 262.187, 0.049, 266.76, 0.057, -227.332, 0.079, 249.412, 0.013, 254.459, 0.05, 270.68, 0.064, 222.94, 0.039,
030-psm03ABABa1, 8.990710, 0.000997884297521, 155.737, 0.139, 234.838, 0.015, 242.046, 0.057, 174.4, 0.018, 286.507, 0.074, 236.451, 0.016, 219.852, 0.069, 203.329, 0.012, 297.657, 0.058, 238.007, 0.018, 279.543, 0.056, 258.16, 0.018,
030-psm03ABABb1, 10.673000, 0.00154305785124, 181.089, 0.012, 271.139, 0.059, 159.04, 0.011, 234.694, 0.059, 163.221, 0.014, 252.054, 0.063, 183.64, 0.012, 202.979, 0.064, 174.936, 0.022, 294.333, 0.055, 194.605, 0.011, 278.075, 0.058,
030-psm03ABBAa1, 10.075300, 0.00186127272727, 213.087, 0.037, 162.291, 0.009, 263.798, 0.009, 159.715, 0.034, 328.837, 0.073, 189.577, 0.012, 263.103, 0.022, 256.947, 0.061, 326.047, 0.079, 207.661, 0.013, -177.152, 0.084, 298.146, 0.079,
030-psm03ABBAb1, 10.144100, 0.000338628099174, 249.687, 0.014, 232.537, 0.059, 222.032, 0.044, 171.554, 0.018, 173.271, 0.008, 282.211, 0.077, 257.238, 0.055, 222.659, 0.012, 265.579, 0.013, 284.091, 0.066, 238.095, 0.052, 197.256, 0.015,
030-psm04ABABa1, 10.178900, 0.000262628099174, 221.895, 0.05, 205.854, 0.018, 261.26, 0.043, 221.319, 0.013, 244.992, 0.043, 216.571, 0.016, 266.655, 0.053, 199.603, 0.006, 251.246, 0.039, -183.403, 0.005, 235.236, 0.047, 180.957, 0.008,
030-psm04ABABb1, 9.744610, 8.21983471074e-05, 235.276, 0.017, 241.062, 0.035, 228.854, 0.008, 157.835, 0.04, 228.034, 0.013, 211.455, 0.034, 183.956, 0.013, -200.105, 0.101, 207.956, 0.012, 197.454, 0.032, 204.066, 0.017, 173.406, 0.038,
030-psm04ABBAa1, 9.873290, 0.000229966942149, 220.296, 0.053, 210.583, 0.011, 226.352, 0.015, 237.495, 0.03, 222.471, 0.026, 194.934, 0.013, 210.735, 0.013, 241.803, 0.027, 235.011, 0.031, 187.234, 0.008, -189.166, 0.08, 248.474, 0.048,
030-psm04ABBAb1, 9.999250, 0.000128198347107, 191.571, 0.013, 228.553, 0.039, 196.499, 0.025, 225.288, 0.013, 229.251, 0.011, 227.23, 0.031, 221.781, 0.041, 191.603, 0.012, 214.807, 0.01, 248.079, 0.062, 207.572, 0.029, 201.253, 0.012,
030-psm05ABABa1, 9.577460, 0.000145520661157, 174.485, 0.015, 167.395, 0.016, 146.828, 0.031, 194.02, 0.012, 191.461, 0.103, 203.516, 0.016, 191.77, 0.078, 209.965, 0.021, 234.073, 0.07, 181.629, 0.014, 156.569, 0.009, 157.575, 0.032,
030-psm05ABABb1, 9.893310, 0.000398809917355, 186.076, 0.023, 223.667, 0.047, 209.812, 0.017, 242.418, 0.051, 272.223, 0.023, 176.01, 0.05, 206.63, 0.021, 244.745, 0.056, 207.355, 0.023, 230.692, 0.068, 214.285, 0.038, 235.976, 0.023,
030-psm05ABBAa1, 9.870040, 0.000358330578512, -201.31, 0.121, 197.653, 0.03, 181.035, 0.014, 200.66, 0.058, 200.299, 0.109, 152.752, 0.021, -174.736, 0.075, 220.261, 0.06, 207.755, 0.061, 193.977, 0.037, -167.049, 0.072, 202.599, 0.053,
030-psm05ABBAb1, 9.982350, 0.000189520661157, 192.88, 0.018, 219.733, 0.046, 232.321, 0.036, 143.777, 0.023, 177.361, 0.013, 201.009, 0.049, 190.309, 0.05, 172.435, 0.019, -183.042, 0.08, 223.491, 0.049, 221.775, 0.044, -180.871, 0.073,
030-psm06ABABa1, 8.462970, 0.00144514049587, 276.598, 0.283, 207.278, 0.017, 213.929, 0.057, -177.019, 0.075, 232.442, 0.074, -174.282, 0.079, 169.408, 0.081, 176.21, 0.015, 175.016, 0.033, 202.754, 0.013, 194.361, 0.118, 182.719, 0.005,
030-psm06ABABb1, 9.084520, 0.000220330578512, 234.514, 0.026, 166.337, 0.102, 215.048, 0.017, 217.425, 0.051, 220.573, 0.016, 158.93, 0.031, 214.073, 0.015, 160.661, 0.031, 230.695, 0.018, 205.502, 0.073, 177.009, 0.015, 156.288, 0.057,
030-psm06ABBAa1, 9.632670, 0.000347867768595, 207.597, 0.064, 216.223, 0.016, 219.069, 0.018, 203.865, 0.062, 247.193, 0.052, 251.101, 0.022, 206.237, 0.021, 220.879, 0.054, 222.843, 0.05, 246.607, 0.019, 190.646, 0.013, 226.503, 0.041,
030-psm06ABBAb1, 9.685580, 0.000307355371901, 206.259, 0.018, 237.567, 0.054, 256.575, 0.052, 182.556, 0.017, 220.87, 0.012, 258.229, 0.056, 226.672, 0.037, 198.953, 0.012, 227.734, 0.016, 254.904, 0.067, 258.65, 0.051, 202.07, 0.018,
030-psm07ABABa1, 9.260620, 0.000675884297521, 267.777, 0.026, 219.494, 0.015, 246.555, 0.079, 199.228, 0.019, 261.782, 0.067, 236.554, 0.016, 236.218, 0.057, 233.796, 0.019, 224.863, 0.239, 224.667, 0.014, -235.438, 0.119, 210.133, 0.022,
030-psm07ABABb1, 7.466860, 0.000651140495868, 187.927, 0.013, 262.754, 0.074, 196.726, 0.005, 261.44, 0.062, 228.705, 0.006, 299.437, 0.062, 249.416, 0.014, 251.936, 0.073, 229.71, 0.016, 250.04, 0.054, 236.667, 0.019, 316.08, 0.073,
030-psm07ABBAa1, 9.502130, 0.000628743801653, 269.364, 0.054, 233.19, 0.016, 238.613, 0.019, 240.784, 0.073, 285.665, 0.031, 209.206, 0.011, -195.467, 0.072, 262.604, 0.062, 276.533, 0.066, 200.182, 0.021, 262.492, 0.014, 282.277, 0.083,
030-psm07ABBAb1, 9.509690, 0.000370380165289, 252.265, 0.013, 261.449, 0.043, 254.047, 0.035, 176.998, 0.026, 234.448, 0.014, 255.24, 0.063, 252.194, 0.056, 232.816, 0.016, 247.959, 0.012, 291.581, 0.063, 217.586, 0.054, 218.295, 0.012,
030-psm08ABABa1, 9.946340, 0.00687092561983, 198.13, 0.051, 257.12, 0.013, 259.018, 0.05, 266.809, 0.018, 252.469, 0.061, 286.527, 0.019, 186.445, 0.044, 241.474, 0.019, 179.366, 0.044, -89.4941, 0.076, 256.662, 0.017, 166.262, 0.042,
030-psm08ABABb1, 9.351210, 0.00126292561983, 170.433, 0.017, 252.736, 0.045, 224.857, 0.012, 260.122, 0.037, 171.812, 0.016, 208.595, 0.018, 241.025, 0.023, 259.792, 0.043, 219.643, 0.013, 254.203, 0.044, 262.584, 0.015, 185.501, 0.019,
030-psm08ABBAa1, 10.071100, 0.00182532231405, 227.802, 0.07, 248.57, 0.016, 174.074, 0.021, 173.502, 0.016, 272.591, 0.057, 223.497, 0.016, 183.439, 0.013, 181.821, 0.005, 243.692, 0.05, 208.714, 0.017, 164.967, 0.019, 281.022, 0.053,
030-psm08ABBAb1, 10.087700, 0.00094347107438, 206.819, 0.021, 242.499, 0.054, 190.578, 0.02, 198.179, 0.011, 210.141, 0.016, 292.74, 0.051, 249.376, 0.04, 249.138, 0.018, 233.751, 0.011, 247.75, 0.038, 183.883, 0.029, 189.218, 0.014,
030-psm09ABABa1, 9.828000, 0.00024905785124, 235.964, 0.081, 215.024, 0.015, 185.314, 0.126, 251.663, 0.023, 268.515, 0.061, 241.504, 0.02, 192.038, 0.142, 213.578, 0.032, 256.231, 0.063, 180.157, 0.019, 212.494, 0.13, 226.185, 0.018,
030-psm09ABABb1, 9.458660, 0.000172611570248, 178.214, 0.005, 238.51, 0.053, 195.963, 0.024, 260.096, 0.057, 195.324, 0.025, 222.806, 0.07, 195.186, 0.02, 183.602, 0.07, 176.403, 0.019, 213.297, 0.055, 206.053, 0.028, 210.97, 0.076,
030-psm09ABBAa1, 9.867540, 0.000320247933884, 245.187, 0.066, 198.048, 0.02, 253.913, 0.016, 256.645, 0.054, 264.26, 0.067, 206.591, 0.017, 179.631, 0.018, 208.036, 0.094, 268.768, 0.092, 199.725, 0.021, 200.356, 0.018, 244.305, 0.059,
030-psm09ABBAb1, 9.610480, 0.000426595041322, 217.726, 0.018, 239.436, 0.065, 233.698, 0.074, 217.284, 0.017, 234.79, 0.027, 213.288, 0.067, 210.781, 0.064, 205.062, 0.02, 177.303, 0.033, 223.029, 0.059, 202.125, 0.005, 167.206, 0.024,
030-psm10ABABa1, 10.396700, 0.000476016528926, 213.834, 0.051, 204.986, 0.02, 236.008, 0.077, 237.688, 0.022, 251.669, 0.063, 265.567, 0.024, 241.718, 0.077, 232.17, 0.016, 274.846, 0.05, 249.877, 0.014, 246.918, 0.067, 207.122, 0.037,
030-psm10ABABb1, 10.254600, 0.00020479338843, 261.237, 0.026, 173.393, 0.079, 223.509, 0.029, 182.376, 0.08, 228.437, 0.027, 201.235, 0.078, 206.048, 0.025, 217.98, 0.069, 196.861, 0.023, 213.9, 0.07, 168.297, 0.014, 229.265, 0.095,
030-psm10ABBAa1, 9.975350, 0.000556545454545, 216.065, 0.052, 254.009, 0.016, 221.362, 0.023, 235.852, 0.069, 260.709, 0.069, 245.823, 0.02, 176.687, 0.018, 251.84, 0.05, 234.886, 0.054, 218.619, 0.021, 197.237, 0.023, 224.126, 0.072,
030-psm10ABBAb1, 10.491200, 0.00052305785124, 213.921, 0.019, 230.675, 0.088, 227.499, 0.09, 240.87, 0.015, 228.818, 0.022, 238.769, 0.063, 250.769, 0.07, 248.901, 0.018, 216.609, 0.017, 236.791, 0.082, 203.254, 0.133, 198.811, 0.034,
030-psm11ABABa1, 10.286200, 0.000284809917355, 204.082, 0.058, 218.705, 0.031, 285.798, 0.079, 232.925, 0.024, 271.685, 0.075, 256.449, 0.03, 274.086, 0.065, 204.509, 0.022, 299.538, 0.068, 283.761, 0.021, 276.108, 0.063, 247.125, 0.044,
030-psm11ABABb1, 9.948570, 0.000360429752066, 200.357, 0.037, 213.256, 0.074, 259.661, 0.026, 193.409, 0.064, 271.902, 0.022, 211.36, 0.141, 242.323, 0.022, 189.252, 0.074, 255.519, 0.017, 231.672, 0.145, -210.658, 0.015, -223.237, 0.08,
030-psm11ABBAa1, 10.238400, 0.000372380165289, 183.967, 0.062, 244.175, 0.023, 211.152, 0.026, 222.09, 0.072, 299.733, 0.057, 238.571, 0.028, 268.948, 0.024, 243.775, 0.067, 274.154, 0.029, 245.315, 0.066, 239.854, 0.03, 235.765, 0.074,
030-psm11ABBAb1, 10.417800, 0.000576198347107, 204.545, 0.026, 254.41, 0.065, 250.782, 0.05, 207.27, 0.028, -222.367, 0.08, 266.606, 0.065, 246.031, 0.058, 211.562, 0.026, 277.423, 0.043, 272.611, 0.057, 284.747, 0.046, -156.412, 0.088,
030-psm12ABABa1, 10.363200, 0.000224925619835, 196.052, 0.05, 209.526, 0.018, 241.974, 0.056, 230.512, 0.023, 251.871, 0.052, 183.642, 0.012, 245.075, 0.067, 212.076, 0.024, 264.54, 0.073, 228.158, 0.02, 185.055, 0.077, 203.072, 0.026,
030-psm12ABABb1, 10.777800, 0.00022026446281, 206.958, 0.022, 268.874, 0.056, 252.709, 0.021, 230.104, 0.065, 242.015, 0.028, 245.259, 0.051, 254.573, 0.03, 222.29, 0.056, 258.901, 0.022, 250.249, 0.038, 185.689, 0.027, 224.342, 0.048,
030-psm12ABBAa1, 10.647000, 0.000216611570248, 246.823, 0.076, 202.844, 0.016, 222.165, 0.016, 252.274, 0.074, 227.503, 0.069, 204.75, 0.019, 235.53, 0.02, 217.249, 0.089, 240.546, 0.08, 215.546, 0.034, 211.296, 0.039, 193.012, 0.066,
030-psm12ABBAb1, 10.716700, 0.000589966942149, 222.835, 0.015, 227.846, 0.07, 234.63, 0.057, 246.905, 0.017, 210.615, 0.03, 252.9, 0.087, 264.089, 0.082, 160.273, 0.018, 192.224, 0.021, 214.428, 0.057, 260.406, 0.074, 206.02, 0.016,
030-psn01ABABa1, 8.402370, 0.000496148760331, 207.549, 0.051, 176.081, 0.005, 296.88, 0.055, 270.543, 0.013, -196.063, 0.066, 247.02, 0.013, 254.508, 0.055, 246.109, 0.02, 161.52, 0.266, 209.707, 0.015, 257.588, 0.057, 248.513, 0.013,
030-psn01ABABb1, 8.742790, 0.000313785123967, 208.212, 0.012, 233.078, 0.046, 219.263, 0.023, 236.373, 0.06, 207.116, 0.011, 245.468, 0.077, 210.071, 0.022, 255.512, 0.038, 214.31, 0.006, 203.208, 0.049, 203.678, 0.028, 218.455, 0.05,
030-psn01ABBAa1, 9.111880, 0.000714016528926, 177.802, 0.058, 198.976, 0.013, 214.047, 0.017, 201.616, 0.051, 239.826, 0.052, 171.704, 0.006, 241.608, 0.013, 244.947, 0.046, 257.448, 0.049, 211.068, 0.01, 230.524, 0.015, 276.282, 0.048,
030-psn01ABBAb1, 8.265300, 0.000979900826446, 209.396, 0.014, 188.457, 0.041, 212.542, 0.043, 179.308, 0.017, 238.173, 0.016, 251.247, 0.087, 168.524, 0.08, 220.874, 0.016, 243.996, 0.013, 229.486, 0.051, 289.937, 0.079, 195.082, 0.021,
030-psn02ABABa1, 9.060500, 0.000959834710744, 210.482, 0.056, 217.137, 0.016, 267.422, 0.082, 226.045, 0.016, 135.721, 0.005, 208.823, 0.016, 275.342, 0.067, 206.599, 0.018, 265.783, 0.075, 223.402, 0.011, 250.498, 0.064, 246.221, 0.047,
030-psn02ABABb1, 9.019720, 0.000385239669421, 163.833, 0.016, 233.901, 0.066, 201.277, 0.015, 230.292, 0.073, 201.666, 0.016, 244.704, 0.071, 234.405, 0.016, 262.314, 0.057, 231.518, 0.017, 220.011, 0.048, 223.639, 0.012, 241.001, 0.061,
030-psn02ABBAa1, 9.573600, 0.000216991735537, 236.663, 0.049, 197.751, 0.019, 218.687, 0.015, 239.829, 0.059, 253.191, 0.054, 213.411, 0.013, 241.857, 0.015, 230.167, 0.053, 237.129, 0.051, -186.113, 0.067, 230.706, 0.016, 259.702, 0.064,
030-psn02ABBAb1, 9.361890, 0.000234363636364, 261.565, 0.009, 237.988, 0.059, 212.522, 0.049, -193.71, 0.074, 211.488, 0.018, 246.883, 0.05, 248.199, 0.052, 173.288, 0.021, 196.938, 0.017, 244.277, 0.046, 220.895, 0.054, 193.251, 0.017,
030-psn03ABABa1, 9.668810, 0.00116204958678, 243.241, 0.052, 168.572, 0.012, 254.926, 0.064, 132.386, 0.018, 242.264, 0.078, 207.027, 0.014, 265.458, 0.09, 163.824, 0.012, 284.5, 0.066, 167.293, 0.014, 246.003, 0.07, 195.063, 0.015,
030-psn03ABABb1, 9.569240, 0.00131414876033, 191.624, 0.014, 227.843, 0.071, 135.812, 0.024, 247.458, 0.064, 218.879, 0.032, 246.163, 0.066, 159.914, 0.014, 234.284, 0.078, -213.294, 0.081, 181.497, 0.074, 155.341, 0.015, 232.532, 0.089,
030-psn03ABBAa1, 9.383220, 0.000452776859504, 247.539, 0.041, -138.532, 0.08, -220.916, 0.08, 212.626, 0.072, 268.02, 0.075, -177.947, 0.085, -209.742, 0.082, 220.363, 0.042, 283.96, 0.131, -186.608, 0.08, -154.227, 0.014, 249.866, 0.082,
030-psn03ABBAb1, 9.469420, 0.000712743801653, -188.272, 0.078, 228.147, 0.059, 228.731, 0.068, 184.266, 0.013, 213.455, 0.014, 245.534, 0.065, 232.774, 0.078, 225.681, 0.015, -217.764, 0.076, 226.353, 0.073, 230.145, 0.086, 195.183, 0.018,
030-psn04ABABa1, 9.611050, 0.000164049586777, 252.462, 0.061, -195.624, 0.007, 219.459, 0.057, 229.269, 0.014, 235.121, 0.056, 223.248, 0.015, 252.287, 0.05, 206.585, 0.005, 259.168, 0.056, 196.852, 0.013, 232.44, 0.055, 189.388, 0.015,
030-psn04ABABb1, 10.040000, 0.000340148760331, 161.613, 0.018, 235.754, 0.057, 230.371, 0.013, 237.358, 0.06, 219.941, 0.013, 224.823, 0.046, 220.571, 0.013, 167.416, 0.116, -175.482, 0.068, 195.996, 0.053, 234.239, 0.014, 167.548, 0.041,
030-psn04ABBAa1, 9.904890, 0.000243966942149, 217.259, 0.058, 239.091, 0.007, 221.691, 0.01, 232.161, 0.058, 250.409, 0.058, 204.546, 0.012, 204.72, 0.015, 254.132, 0.051, 221.247, 0.026, 210.324, 0.006, 197.37, 0.01, -211.634, 0.072,
030-psn04ABBAb1, 9.710290, 0.000189338842975, -172.466, 0.082, 211.921, 0.05, 206.942, 0.055, 125.88, 0.027, 233.636, 0.012, 219.991, 0.054, 232.701, 0.061, 171.61, 0.005, 217.657, 0.017, 214.692, 0.056, 209.551, 0.048, 179.145, 0.016,
030-psn05ABABa1, 10.126300, 0.000346429752066, 172.262, 0.034, 214.299, 0.019, 236.176, 0.036, 234.142, 0.031, 230.903, 0.05, 233.992, 0.015, 222.963, 0.041, 186.449, 0.015, 240.089, 0.043, -150.046, 0.083, 210.069, 0.054, -131.517, 0.077,
030-psn05ABABb1, 9.838240, 0.0027932892562, 177.606, 0.015, 270.399, 0.043, 168.501, 0.013, 256.808, 0.051, 173.867, 0.013, 244.075, 0.054, -209.252, 0.084, 239.542, 0.038, 274.069, 0.019, 271.439, 0.048, 216.343, 0.016, 249.767, 0.065,
030-psn05ABBAa1, 9.822570, 0.000894380165289, 316.831, 0.058, 240.369, 0.019, 206.541, 0.02, 274.504, 0.053, 285.438, 0.061, 189.125, 0.016, 181.673, 0.014, 233.238, 0.061, 266.327, 0.068, 186.61, 0.023, 237.27, 0.018, -166.214, 0.067,
030-psn05ABBAb1, 10.423300, 0.000698198347107, 207.472, 0.015, 141.805, 0.005, 245.036, 0.045, 245.895, 0.017, 222.785, 0.02, 272.5, 0.035, 204.787, 0.043, 217.704, 0.017, 292.459, 0.02, 267.83, 0.058, 297.794, 0.052, 218.616, 0.034,
030-psn06ABABa1, 9.297240, 0.000616446280992, 204.201, 0.053, 200.982, 0.024, 291.01, 0.052, 212.956, 0.011, 235.279, 0.049, 231.511, 0.014, 274.978, 0.034, 253.737, 0.022, 201.603, 0.012, 237.313, 0.015, 281.982, 0.048, 207.558, 0.024,
030-psn06ABABb1, 9.315570, 0.000905785123967, 205.395, 0.019, 269.445, 0.063, 208.84, 0.021, 135.97, 0.124, 212.708, 0.015, 260.317, 0.034, 211.533, 0.013, 258.899, 0.062, 236.877, 0.016, 245.105, 0.057, 221.974, 0.015, 146.868, 0.028,
030-psn06ABBAa1, 9.448660, 0.000346247933884, 201.585, 0.108, 179.389, 0.021, 232.485, 0.017, 265.284, 0.036, 255.793, 0.065, 232.022, 0.012, 224.155, 0.011, 257.017, 0.058, 281.949, 0.051, 232.314, 0.018, 171.274, 0.022, 241.521, 0.045,
030-psn06ABBAb1, 9.934250, 0.000200198347107, 216.069, 0.018, 236.929, 0.053, 261.416, 0.046, 224.409, 0.011, 243.198, 0.016, 269.05, 0.052, 279.888, 0.067, 245.252, 0.014, 257.104, 0.014, 257.247, 0.05, 270.27, 0.064, 184.796, 0.014,
030-psn07ABABa1, 9.170700, 0.000558148760331, 225.624, 0.047, 190.706, 0.018, 233.704, 0.052, 178.668, 0.014, 250.943, 0.052, 188.07, 0.012, 200.523, 0.051, 172.002, 0.018, 258.213, 0.051, -141.282, 0.079, 248.39, 0.07, 158.461, 0.016,
030-psn07ABABb1, 9.146190, 0.000598776859504, 223.641, 0.014, 193.678, 0.044, 159.289, 0.011, 209.774, 0.033, 205.673, 0.016, 206.503, 0.049, 159.64, 0.014, 222.818, 0.061, 198.962, 0.014, 214.853, 0.06, 157.502, 0.014, 286.842, 0.095,
030-psn07ABBAa1, 8.997540, 0.000165702479339, 254.35, 0.059, 162.608, 0.018, 156.439, 0.02, 237.864, 0.063, 285.973, 0.063, 208.642, 0.014, 220.874, 0.017, 258.037, 0.082, 266.118, 0.06, 187.72, 0.019, 205.369, 0.018, 224.693, 0.066,
030-psn07ABBAb1, 8.624810, 0.000244066115702, 248.261, 0.017, 230.535, 0.054, 226.365, 0.046, 180.422, 0.021, 183.578, 0.019, 260.491, 0.077, 226.063, 0.044, 176.153, 0.018, 193.05, 0.019, 247.322, 0.083, 206.777, 0.062, 218.777, 0.022,
030-psn08ABABa1, 9.102340, 0.000610082644628, 185.567, 0.045, 202.101, 0.012, 200.036, 0.053, 148.633, 0.013, 175.123, 0.005, 160.851, 0.017, 181.413, 0.033, 145.719, 0.025, 195.365, 0.055, 170.703, 0.017, 216.572, 0.049, 218.798, 0.017,
030-psn08ABABb1, 9.478940, 0.000639504132231, 222.395, 0.017, 212.38, 0.037, 218.279, 0.013, 233.536, 0.034, 212.045, 0.02, 193.334, 0.051, 158.611, 0.024, 243.744, 0.064, 201.048, 0.013, 214.149, 0.042, 225.698, 0.015, 207.814, 0.049,
030-psn08ABBAa1, 9.618720, 0.00154262809917, 242.759, 0.057, 157.436, 0.021, 186.966, 0.015, 191.813, 0.046, 244.969, 0.047, 172.145, 0.011, 183.174, 0.02, 224.207, 0.054, 244.14, 0.047, 166.815, 0.013, 203.097, 0.024, 224.281, 0.057,
030-psn08ABBAb1, 9.747910, 0.00109383471074, 215.152, 0.015, 197.901, 0.038, 213.442, 0.038, 187.692, 0.014, 217.472, 0.009, 211.715, 0.056, 220.584, 0.044, 202.729, 0.013, 204.909, 0.013, 237.687, 0.054, -148.517, 0.005, 234.54, 0.016,
030-psn09ABABa1, 8.832660, 0.000945454545455, 205.186, 0.381, 184.005, 0.019, 245.729, 0.061, -200.918, 0.078, 284.661, 0.062, 223.675, 0.023, 249.249, 0.077, 196.066, 0.027, 278.769, 0.059, 218.257, 0.028, 232.145, 0.073, 217.752, 0.005,
030-psn09ABABb1, 9.490940, 0.000531603305785, 180.48, 0.025, -169.611, 0.14, 212.592, 0.017, 195.621, 0.06, 262.528, 0.018, 271.733, 0.063, -187.764, 0.053, 207.77, 0.084, 184.741, 0.022, 195.302, 0.064, 190.374, 0.026, 221.256, 0.075,
030-psn09ABBAa1, 10.314200, 0.00038347107438, 192.659, 0.043, 172.459, 0.028, 205.025, 0.024, 251.473, 0.062, 265.514, 0.06, 216.327, 0.019, 252.845, 0.021, 224.673, 0.071, 256.176, 0.059, 218.439, 0.021, 194.009, 0.022, 261.647, 0.065,
030-psn09ABBAb1, 9.603730, 0.000208743801653, 185.238, 0.025, 201.357, 0.068, 220.411, 0.052, 214.052, 0.023, 185.973, 0.021, 224.044, 0.058, 254.823, 0.055, 200.045, 0.041, 238.981, 0.019, 210.538, 0.071, 235.409, 0.069, 172.602, 0.03,
030-psn10ABABa1, 9.833870, 0.000464148760331, 211.441, 0.061, 203.319, 0.02, 249.897, 0.06, 217.552, 0.023, 202.634, 0.139, 216.376, 0.014, 242.026, 0.066, 243.419, 0.022, 178.673, 0.078, 235.439, 0.04, 191.38, 0.042, 240.913, 0.028,
030-psn10ABABb1, 10.129600, 0.00101171900826, 178.606, 0.024, 244.897, 0.058, 223.012, 0.025, 227.326, 0.068, 194.064, 0.024, 293.043, 0.092, 225.803, 0.021, 278.57, 0.086, 236.181, 0.026, 257.786, 0.086, 255.292, 0.025, 255.089, 0.09,
030-psn10ABBAa1, 10.024600, 0.00145426446281, 225.81, 0.05, 223.47, 0.019, 243.882, 0.022, 278.21, 0.076, 225.036, 0.063, 264.687, 0.022, 245.087, 0.015, 287.299, 0.068, 232.954, 0.076, 273.916, 0.032, 221.611, 0.018, 305.413, 0.094,
030-psn10ABBAb1, 10.435900, 0.000529818181818, 171.114, 0.016, 254.479, 0.052, 268.857, 0.05, -200.875, 0.085, 247.133, 0.022, 271.834, 0.071, 198.491, 0.143, 253.132, 0.019, -212.554, 0.088, 227.885, 0.063, 262.071, 0.058, 214.44, 0.02,
030-psn11ABABa1, 10.243500, 0.000839685950413, 205.353, 0.056, 273.488, 0.04, 278.413, 0.078, 285.865, 0.029, 287.898, 0.072, 201.686, 0.049, 283.815, 0.068, 241.302, 0.024, 239.063, 0.09, 269.171, 0.039, 231.226, 0.063, 239.992, 0.033,
030-psn11ABABb1, 9.254800, 0.00113178512397, 233.638, 0.022, 246.119, 0.035, 271.832, 0.029, 104.822, 0.032, 223.662, 0.021, 213.128, 0.14, 283.815, 0.021, 199.58, 0.082, 225.742, 0.026, 185.958, 0.116, 220.071, 0.03, 155.78, 0.062,
030-psn11ABBAa1, 9.573910, 0.000811818181818, 310.566, 0.062, 231.25, 0.022, 186.51, 0.024, 275.136, 0.079, 280.902, 0.071, 206.914, 0.017, 219.425, 0.043, 223.023, 0.044, 264.89, 0.074, 235.249, 0.017, 237.171, 0.073, 178.681, 0.073,
030-psn11ABBAb1, 9.617420, 0.000581338842975, 274.138, 0.037, 263.332, 0.05, 291.046, 0.062, 206.346, 0.018, 222.999, 0.034, 280.705, 0.074, 256.319, 0.048, 235.238, 0.025, 245.545, 0.02, 292.246, 0.069, 286.883, 0.051, 234.702, 0.053,
030-psn12ABABa1, 9.660400, 0.000433338842975, 207.767, 0.066, 162.49, 0.019, 215.471, 0.059, 181.078, 0.017, 263.302, 0.069, 173.228, 0.02, 175.946, 0.123, 201.116, 0.021, 269.387, 0.067, 225.824, 0.033, 241.347, 0.062, 192.825, 0.022,
030-psn12ABABb1, 10.039800, 0.000220330578512, 185.834, 0.026, 253.924, 0.063, 200.531, 0.026, 251.463, 0.055, 226.387, 0.024, 209.773, 0.055, 138.545, 0.022, 250.54, 0.064, 175.81, 0.018, 223.574, 0.061, 202.419, 0.032, 225.469, 0.066,
030-psn12ABBAa1, 10.072300, 0.000642512396694, 214.287, 0.046, 158.287, 0.038, 193.453, 0.027, 256.955, 0.06, 267.631, 0.065, 179.64, 0.026, 196.433, 0.017, 254.387, 0.066, 274.244, 0.071, 176.571, 0.025, 247.322, 0.02, 249.093, 0.06,
030-psn12ABBAb1, 9.849050, 0.000698975206612, 238.041, 0.014, 230.597, 0.082, 260.159, 0.074, 224.126, 0.017, 251.073, 0.016, 276.048, 0.082, 285.367, 0.087, 248.612, 0.029, 226.083, 0.027, 291.387, 0.088, 267.749, 0.069, 206.101, 0.021,
