011-pdm01ABABa1, 8.605270, 0.0013212892562, 253.78, 0.021, 241.023, 0.08, 227.267, 0.027, 193.004, 0.088, 216.348, 0.028, 227.416, 0.043, 226.152, 0.025, 238.724, 0.043, 227.22, 0.033, 265.66, 0.064, 214.307, 0.025, 164.773, 0.067,
011-pdm01ABABb1, 8.951230, 0.000865239669421, 205.572, 0.063, -175.326, 0.068, 220.416, 0.057, -174.963, 0.077, 222.15, 0.044, 190.122, 0.039, 144.627, 0.065, -195.069, 0.074, 241.213, 0.064, 204.589, 0.035, 194.461, 0.11, 188.961, 0.052,
011-pdm01ABBAa1, 9.303490, 0.000233900826446, 197.444, 0.023, 239.194, 0.053, 272.757, 0.08, 182.841, 0.024, 214.07, 0.025, 255.247, 0.041, 251.599, 0.053, 185.56, 0.024, 192.117, 0.026, 210.505, 0.073, 233.451, 0.079, 182.749, 0.039,
011-pdm01ABBAb1, 8.783780, 0.00070441322314, 187.311, 0.059, -187.896, 0.021, -222.459, 0.085, 257.681, 0.041, 223.682, 0.09, 203.875, 0.033, -204.48, 0.072, 247.376, 0.045, 230.833, 0.074, 178.56, 0.028, 198.02, 0.03, 259.691, 0.099,
011-pdm02ABABa1, 10.681700, 0.000312082644628, 212.51, 0.012, 226.343, 0.028, 209.9, 0.013, 214.493, 0.04, 262.901, 0.025, 227.038, 0.046, 223.623, 0.019, 210.442, 0.038, 235.167, 0.024, 227.668, 0.044, 267.041, 0.021, 203.826, 0.037,
011-pdm02ABABb1, 10.373300, 0.000223355371901, 207.098, 0.044, 228.417, 0.012, 236.529, 0.043, 208.823, 0.01, 246.456, 0.035, 201.039, 0.021, -197.042, 0.085, 217.59, 0.03, 233.083, 0.051, -164.879, 0.078, 246.105, 0.036, -173.736, 0.077,
011-pdm02ABBAa1, 10.389400, 0.000155289256198, 221.277, 0.026, 213.591, 0.025, 220.968, 0.036, -182.199, 0.078, -204.361, 0.005, 236.982, 0.032, 213.161, 0.019, -178.399, 0.084, -210.789, 0.076, 202.105, 0.035, 236.094, 0.015, -209.631, 0.072,
011-pdm02ABBAb1, 10.426800, 0.000406694214876, 233.083, 0.051, 202.572, 0.01, 239.557, 0.021, 270.283, 0.025, 278.948, 0.034, -222.926, 0.076, -231.966, 0.077, 231.909, 0.005, 249.91, 0.038, -192.795, 0.071, 238.721, 0.026, 248.139, 0.029,
011-pdm03ABABa1, 9.604650, 0.00191242975207, 212.627, 0.024, 260.586, 0.039, 208.588, 0.015, -216.524, 0.088, 190.711, 0.028, 236.421, 0.034, -239.721, 0.081, 254.321, 0.034, 200.67, 0.025, 214.68, 0.09, -244.992, 0.074, 268.286, 0.078,
011-pdm03ABABb1, 9.157420, 0.000950776859504, 232.18, 0.119, -189.474, 0.071, 237.785, 0.042, -142.692, 0.076, 225.606, 0.068, 203.913, 0.012, 201.017, 0.079, 183.888, 0.014, 240.387, 0.069, 176.171, 0.028, 183.679, 0.005, 167.105, 0.025,
011-pdm03ABBAa1, 9.597620, 0.000570991735537, 226.526, 0.024, 254.592, 0.047, 257.104, 0.049, -155.822, 0.076, -221.887, 0.005, 248.374, 0.046, 272.013, 0.059, 242.488, 0.015, -200.471, 0.091, -243.694, 0.081, 235.031, 0.047, -228.003, 0.08,
011-pdm03ABBAb1, 9.980170, 0.00170642975207, 235.032, 0.035, 180.201, 0.019, 205.864, 0.02, 255.363, 0.023, 261.037, 0.037, -209.786, 0.075, 179.342, 0.011, 228.98, 0.024, -254.158, 0.099, -216.01, 0.079, 240.197, 0.012, -225.477, 0.073,
011-pdm04ABABa1, 9.638400, 0.000399173553719, 197.338, 0.02, -196.804, 0.082, -151.832, 0.08, -146.827, 0.09, -195.647, 0.072, -195.915, 0.1, -181.256, 0.005, 143.426, 0.024, 217.841, 0.012, -193.889, 0.087, 221.136, 0.012, -218.249, 0.095,
011-pdm04ABABb1, 9.397720, 0.000504776859504, -243.048, 0.093, 159.428, 0.005, -181.572, 0.005, 133.532, 0.011, 212.393, 0.057, 130.689, 0.032, 218.915, 0.036, -174.864, 0.01, 205.912, 0.057, -186.2, 0.077, 212.962, 0.035, -185.532, 0.072,
011-pdm04ABBAa1, 9.682500, 0.000497140495868, -194.639, 0.082, 225.717, 0.033, -207.66, 0.098, 195.412, 0.028, -203.85, 0.078, -224.878, 0.087, 209.805, 0.049, -202.148, 0.077, 175.401, 0.018, 224.386, 0.033, 216.898, 0.033, -210.574, 0.078,
011-pdm04ABBAb1, 9.587580, 0.000455355371901, 202.72, 0.042, -121.87, 0.073, -185.06, 0.071, 228.225, 0.035, -216.014, 0.084, 205.884, 0.024, 146.032, 0.065, 207.967, 0.037, 216.636, 0.04, 164.128, 0.012, -203.253, 0.08, 212.736, 0.04,
011-pdm05ABABa1, 8.889520, 0.000658512396694, 246.063, 0.018, 210.66, 0.044, 163.92, 0.032, -178.965, 0.114, 170.323, 0.021, 217.497, 0.064, 196.689, 0.026, 193.505, 0.03, 140.353, 0.017, 240.366, 0.079, 209.572, 0.015, 182.73, 0.054,
011-pdm05ABABb1, 8.614660, 0.00151095867769, 206.778, 0.12, 185.059, 0.005, 197.065, 0.06, 183.778, 0.018, 157.941, 0.041, 199.696, 0.016, 211.192, 0.029, 196.538, 0.019, 223.937, 0.019, 201.577, 0.013, 234.107, 0.015, 166.518, 0.026,
011-pdm05ABBAa1, 9.151970, 0.00096026446281, 230.68, 0.018, 160.317, 0.035, 232.741, 0.092, -149.871, 0.071, 257.214, 0.03, 179.422, 0.101, 265.003, 0.081, 158.459, 0.057, 167.369, 0.016, 230.743, 0.069, 223.926, 0.087, 153.376, 0.067,
011-pdm05ABBAb1, 9.128080, 0.000252, 257.367, 0.057, 162.339, 0.005, 235.036, 0.025, 252.516, 0.062, 261.882, 0.075, -162.644, 0.089, 116.804, 0.047, 251.653, 0.086, 230.362, 0.07, -190.126, 0.005, 143.252, 0.089, 151.977, 0.136,
011-pdm06ABABa1, 8.908280, 0.0011314214876, 202.964, 0.167, 213.812, 0.034, 233.676, 0.015, 242.802, 0.035, 212.626, 0.013, 255.428, 0.05, 185.272, 0.029, 271.778, 0.043, 201.391, 0.021, 265.719, 0.041, 210.38, 0.021, 196.297, 0.053,
011-pdm06ABABb1, 8.313440, 0.000986148760331, 216.189, 0.05, 212.916, 0.018, 173.042, 0.058, 223.029, 0.015, 252.824, 0.036, 205.224, 0.006, 250.317, 0.046, 241.152, 0.018, 264.659, 0.046, 206.837, 0.025, 238.984, 0.036, 215.368, 0.024,
011-pdm06ABBAa1, 9.268380, 0.000638512396694, 173.087, 0.005, 224.577, 0.06, 192.968, 0.11, 247.961, 0.022, 287.289, 0.041, 249.356, 0.052, 253.463, 0.065, 225.834, 0.019, -161.985, 0.082, 261.026, 0.044, 264.541, 0.038, 152.863, 0.048,
011-pdm06ABBAb1, 9.720810, 0.000188975206612, 226.575, 0.04, 243.231, 0.02, 264.711, 0.014, 246.875, 0.043, 197.666, 0.035, 224.011, 0.015, 215.765, 0.019, 266.839, 0.044, 251.746, 0.039, 233.883, 0.029, 177.126, 0.015, 259.644, 0.059,
011-pdm07ABABa1, 9.211700, 0.000567338842975, 191.526, 0.015, 276.259, 0.057, 273.523, 0.014, 255.816, 0.062, 215.057, 0.026, 278.338, 0.083, 245.828, 0.015, 255.931, 0.048, 232.489, 0.017, 257.033, 0.019, 257.128, 0.024, 189.374, 0.05,
011-pdm07ABABb1, 9.248920, 0.000851900826446, 252.001, 0.045, 197.401, 0.012, 303.142, 0.042, 219.599, 0.017, 267.84, 0.025, 296.901, 0.015, 224.57, 0.032, 201.193, 0.014, 173.205, 0.107, 288.025, 0.017, 225.993, 0.073, 210.042, 0.058,
011-pdm07ABBAa1, 9.763020, 0.000505900826446, 183.897, 0.03, 297.692, 0.097, 210.816, 0.118, 205.226, 0.025, 247.971, 0.027, 247.869, 0.061, 245.009, 0.044, -225.795, 0.076, -244.639, 0.077, 261.844, 0.119, 275.094, 0.055, 184.527, 0.04,
011-pdm07ABBAb1, 8.616820, 0.00057626446281, 230.582, 0.043, 233.995, 0.015, 256.978, 0.014, 256.452, 0.073, -231.943, 0.078, 181.453, 0.053, 240.555, 0.016, 244.566, 0.031, 240.206, 0.018, 237.187, 0.018, 184.224, 0.005, 193.125, 0.038,
011-pdm08ABABa1, 8.756990, 0.00142152066116, 175.864, 0.076, 251.677, 0.037, 278.75, 0.041, 239.092, 0.054, 194.979, 0.035, 255.561, 0.078, 164.561, 0.016, 282.405, 0.067, 214.541, 0.033, 250.611, 0.064, 212.214, 0.039, 225.037, 0.064,
011-pdm08ABABb1, 8.543630, 0.000815272727273, 210.123, 0.07, 152.624, 0.026, 256.734, 0.072, 252.216, 0.029, 297.693, 0.079, 203.042, 0.029, 232.064, 0.075, 160.599, 0.005, 245.257, 0.036, 206.511, 0.029, 234.818, 0.063, 192.507, 0.017,
011-pdm08ABBAa1, 8.489630, 0.000371785123967, 264.08, 0.041, 237.524, 0.072, 278.387, 0.105, 172.164, 0.026, 227.956, 0.029, 271.392, 0.091, 283.884, 0.074, 177.731, 0.026, 247.62, 0.033, 276.803, 0.084, 246.903, 0.078, 197.566, 0.035,
011-pdm08ABBAb1, 8.965610, 0.000388595041322, 231.488, 0.057, 162.418, 0.012, 208.979, 0.017, 254.646, 0.066, 277.149, 0.07, 160.572, 0.025, 205.08, 0.024, 284.981, 0.061, 279.083, 0.068, 258.935, 0.027, 172.859, 0.023, 263.495, 0.059,
011-pdm09ABABa1, 9.199420, 0.00165026446281, 222.009, 0.092, 241.475, 0.065, 259.501, 0.031, 197.032, 0.133, 246.669, 0.038, 180.183, 0.076, 221.025, 0.025, 164.952, 0.054, 273.579, 0.039, 190.241, 0.129, 193.25, 0.036, 194.189, 0.061,
011-pdm09ABABb1, 8.547990, 0.0101263305785, 215.055, 0.457, -160.654, 0.027, 288.431, 0.087, 240.684, 0.052, 286.274, 0.09, 265.817, 0.031, 268.904, 0.102, 218.01, 0.038, 271.123, 0.114, 228.555, 0.044, 204.74, 0.123, 149.334, 0.14,
011-pdm09ABBAa1, 10.188900, 0.000568049586777, 185.537, 0.032, 240.993, 0.068, 260.676, 0.097, 238.118, 0.03, 240.738, 0.034, 231.551, 0.067, 227.185, 0.06, 211.42, 0.037, 242.19, 0.033, 186.288, 0.079, 166.489, 0.073, 146.614, 0.076,
011-pdm09ABBAb1, 9.499880, 0.000288776859504, 267.578, 0.055, 228.174, 0.038, 239.734, 0.03, 241.624, 0.055, 214.26, 0.053, 230.406, 0.035, 236.471, 0.044, 224.307, 0.072, 189.779, 0.089, 161.624, 0.094, 147.038, 0.04, 234.459, 0.066,
011-pdm10ABABa1, 8.588410, 0.0005, 177.755, 0.064, 218.645, 0.048, -150.922, 0.061, 208.279, 0.06, 202.543, 0.04, 226.896, 0.06, 180.253, 0.048, 219.128, 0.07, -179.773, 0.04, 256.529, 0.089, 166.83, 0.046, 251.197, 0.071,
011-pdm10ABABb1, 9.073050, 0.00049679338843, 242.029, 0.067, -152.892, 0.072, 224.347, 0.075, 167.106, 0.031, 195.711, 0.074, -169.583, 0.039, 221.199, 0.092, 214.926, 0.065, 206.039, 0.098, 187.005, 0.007, 251.736, 0.111, 213.169, 0.053,
011-pdm10ABBAa1, 8.882270, 0.000593652892562, 197.507, 0.031, 259.727, 0.06, 245.749, 0.065, 206.575, 0.03, 213.137, 0.026, 250.413, 0.072, 244.672, 0.082, 188.865, 0.018, 220.829, 0.043, 195.862, 0.087, 268.898, 0.06, -153.262, 0.098,
011-pdm10ABBAb1, 8.941520, 0.000724429752066, 248.121, 0.062, -115.882, 0.076, -144.213, 0.051, 263.365, 0.068, 202.066, 0.072, -103.464, 0.079, 204.647, 0.044, 263.757, 0.07, 261.223, 0.075, 193.581, 0.041, 168.428, 0.062, 243.657, 0.073,
011-pdm11ABABa1, 8.752080, 0.000981140495868, 223.849, 0.033, 207.664, 0.072, 277.708, 0.028, 191.538, 0.073, 204.48, 0.02, 196.107, 0.117, 224.662, 0.007, 278.345, 0.059, 249.666, 0.019, 214.164, 0.225, 238.098, 0.042, 225.625, 0.071,
011-pdm11ABABb1, 8.932110, 0.00159887603306, 220.555, 0.049, 226.454, 0.034, 213.495, 0.135, 282.554, 0.043, 252.272, 0.13, 188.886, 0.026, 221.022, 0.099, 207.452, 0.016, 228.519, 0.087, 206.226, 0.007, 222.776, 0.096, 218.835, 0.019,
011-pdm11ABBAa1, 8.773440, 0.00104115702479, -211.883, 0.023, 272.682, 0.049, 169.218, 0.101, 233.82, 0.04, 264.521, 0.032, 236.437, 0.053, 216.151, 0.101, 233.451, 0.043, 180.123, 0.019, 235.437, 0.094, 252.209, 0.054, 240.809, 0.163,
011-pdm11ABBAb1, 9.035300, 0.000301537190083, 240.749, 0.059, 194.609, 0.023, 186.752, 0.024, 206.023, 0.056, 195.742, 0.056, 200.583, 0.024, 129.754, 0.081, 278.47, 0.058, 230.461, 0.064, 217.79, 0.019, 237.592, 0.032, 161.843, 0.056,
011-pdm12ABABa1, 9.120110, 0.00104474380165, 138.857, 0.021, 171.97, 0.054, 221.021, 0.032, 211.591, 0.068, 157.234, 0.005, 240.888, 0.073, 201.529, 0.005, 228.852, 0.09, 176.043, 0.032, 211.891, 0.086, 188.535, 0.005, 194.992, 0.078,
011-pdm12ABABb1, 8.762370, 0.000457140495868, 241.183, 0.051, 162.313, 0.005, 225.314, 0.053, -140.151, 0.066, 234.99, 0.066, 178.803, 0.028, 202.564, 0.081, 164.608, 0.021, 229.188, 0.066, 160.867, 0.037, 204.916, 0.082, 185.848, 0.045,
011-pdm12ABBAa1, 8.826950, 0.000942611570248, 186.161, 0.014, 222.195, 0.053, 221.335, 0.054, 144.059, 0.025, 200.674, 0.029, 276.568, 0.052, 182.359, 0.061, 209.204, 0.032, 211.879, 0.026, 230.768, 0.051, 177.161, 0.045, 181.954, 0.03,
011-pdm12ABBAb1, 9.287850, 0.000382991735537, 212.72, 0.048, 175.813, 0.027, 155.214, 0.005, 243.459, 0.071, 237.286, 0.084, 153.11, 0.029, 120.646, 0.025, 252.217, 0.057, 243.011, 0.065, -135.019, 0.029, 168.714, 0.005, 214.493, 0.067,
011-pdn01ABABa1, 8.909840, 0.000646776859504, -147.235, 0.084, 204.817, 0.026, -160.936, 0.078, -173.758, 0.085, -173.48, 0.074, -187.175, 0.099, -158.626, 0.077, 201.944, 0.038, -173.077, 0.083, 205.019, 0.047, -181.023, 0.077, 191.158, 0.057,
011-pdn01ABABb1, 8.918700, 0.000672512396694, -199.985, 0.093, -119.244, 0.079, 189.76, 0.039, 162.641, 0.027, 205.856, 0.036, -164.971, 0.076, 224.708, 0.052, 172.032, 0.03, 220.07, 0.046, 171.363, 0.031, 191.969, 0.053, 164.454, 0.039,
011-pdn01ABBAa1, 9.398000, 0.000632016528926, 181.147, 0.013, 208.966, 0.047, 203.185, 0.031, 156.635, 0.022, -190.639, 0.069, 208.477, 0.032, -212.178, 0.088, -203.034, 0.078, -190.251, 0.072, 190.556, 0.036, 193.641, 0.039, -198.966, 0.073,
011-pdn01ABBAb1, 9.173090, 0.000628611570248, 227.62, 0.061, 153.875, 0.022, -151.485, 0.082, 245.492, 0.05, 235.334, 0.049, -163.321, 0.078, 146.874, 0.017, 250.911, 0.05, 219.526, 0.044, 163.347, 0.02, 126.59, 0.005, 243.053, 0.032,
011-pdn02ABABa1, 8.943200, 0.000557173553719, 231.985, 0.027, 212.942, 0.037, 163.193, 0.03, 255.529, 0.059, 219.536, 0.032, 182.335, 0.073, 150.978, 0.015, 193.417, 0.045, 221.883, 0.028, 238.421, 0.039, 211.629, 0.025, 198.468, 0.04,
011-pdn02ABABb1, 8.999220, 0.00023132231405, 185.72, 0.051, -138.225, 0.071, 185.798, 0.035, 146.755, 0.014, 195.076, 0.041, 171.16, 0.017, 237.119, 0.036, 166.683, 0.013, 207.343, 0.058, 214.522, 0.035, 252.37, 0.051, 179.882, 0.019,
011-pdn02ABBAa1, 6.641070, 0.0668245123967, 104.97, 0.058, 91.3671, 0.006, 100.568, 0.025, 130.658, 0.071, 83.0516, 0.023, 88.4334, 0.005, 133.198, 0.111, 188.403, 0.082, 138.472, 0.087, 147.613, 0.03, 124.858, 0.006, 145.824, 0.055,
011-pdn02ABBAb1, 9.294520, 0.000492809917355, 195.546, 0.048, -140.908, 0.08, 160.676, 0.02, 226.387, 0.029, 268.297, 0.046, 167.616, 0.024, 194.486, 0.025, 236.791, 0.03, 219.01, 0.034, 192.311, 0.026, -161.536, 0.005, 246.769, 0.035,
011-pdn03ABABa1, 9.448750, 0.00141097520661, 192.885, 0.009, 252.091, 0.04, -177.614, 0.07, 232.211, 0.038, 196.428, 0.041, 239.315, 0.037, 198.026, 0.02, 221.37, 0.055, 203.515, 0.032, 211.276, 0.081, 181.222, 0.082, -227.961, 0.093,
011-pdn03ABABb1, 9.758350, 0.000307289256198, 254.227, 0.046, 192.746, 0.017, 249.135, 0.038, -166.974, 0.074, 245.674, 0.049, -186.996, 0.081, 218.742, 0.037, -170.84, 0.088, 240.636, 0.034, 200.823, 0.005, -218.658, 0.093, 187.495, 0.029,
011-pdn03ABBAa1, 9.499230, 0.000728991735537, 176.388, 0.015, 229.076, 0.044, 241.467, 0.036, -184.323, 0.005, -175.207, 0.074, 222.656, 0.037, 219.219, 0.044, 252.12, 0.015, 168.915, 0.239, 257.034, 0.047, -205.308, 0.098, 163.228, 0.014,
011-pdn03ABBAb1, 9.258930, 0.000963652892562, 170.514, 0.033, 240.351, 0.021, 217.75, 0.017, 252.624, 0.045, -221.842, 0.083, -175.57, 0.076, 213.568, 0.018, 229.242, 0.024, 206.305, 0.042, -213.834, 0.07, -185.194, 0.078, 195.166, 0.083,
011-pdn04ABABa1, 9.163070, 0.000563289256198, -160.092, 0.069, 204.593, 0.065, 177.711, 0.027, 224.783, 0.047, 197.632, 0.009, 216.062, 0.045, 217.065, 0.017, 224.092, 0.033, 223.88, 0.03, 226.12, 0.043, 236.258, 0.026, 234.817, 0.043,
011-pdn04ABABb1, 8.354920, 0.000667719008264, 204.752, 0.045, 178.152, 0.013, -231.37, 0.074, 209.812, 0.025, 269.248, 0.053, 193.719, 0.029, 193.404, 0.067, 205.726, 0.026, 268.03, 0.079, -232.347, 0.076, 250.822, 0.074, 159.992, 0.054,
011-pdn04ABBAa1, 8.957610, 0.00114474380165, 217.564, 0.023, 221.87, 0.044, 225.953, 0.041, 184.652, 0.025, 173.395, 0.234, 245.517, 0.041, 246.357, 0.041, 241.893, 0.016, 236.767, 0.022, 223.432, 0.059, -205.659, 0.09, 181.897, 0.022,
011-pdn04ABBAb1, 9.201690, 0.000436743801653, 215.957, 0.047, -150.111, 0.074, 199.981, 0.024, 233.079, 0.058, 233.778, 0.045, 243.863, 0.025, 201.927, 0.019, 250.472, 0.082, 221.276, 0.039, 239.911, 0.011, -168.404, 0.078, 209.42, 0.057,
011-pdn05ABABa1, 8.726280, 0.000397652892562, 218.761, 0.014, 195.689, 0.024, 217.746, 0.014, 205.023, 0.054, -175.241, 0.079, 259.592, 0.042, 178.128, 0.017, 185.892, 0.046, 187.621, 0.015, 243.473, 0.039, 160.27, 0.017, -174.614, 0.074,
011-pdn05ABABb1, 8.530890, 0.000373520661157, 236.038, 0.054, -164.405, 0.088, 163.583, 0.094, -187.363, 0.078, 180.204, 0.065, 186.475, 0.017, 152.308, 0.122, 183.068, 0.056, 180.225, 0.052, 195.725, 0.024, 214.275, 0.095, 183.666, 0.029,
011-pdn05ABBAa1, 9.322800, 0.000497157024793, -224.725, 0.081, 228.986, 0.041, 231.409, 0.049, 226.435, 0.025, 198.281, 0.017, 233.098, 0.046, 192.8, 0.104, 141.603, 0.018, 216.303, 0.021, 211.232, 0.042, 157.411, 0.112, 175.124, 0.016,
011-pdn05ABBAb1, 9.436640, 0.000176082644628, 166.125, 0.088, 208.281, 0.012, 224.042, 0.033, 164.498, 0.052, 222.365, 0.051, 205.291, 0.02, -172.305, 0.09, 249.503, 0.037, 230.065, 0.045, 198.215, 0.02, 242.89, 0.019, 129.926, 0.037,
011-pdn06ABABa1, 9.568250, 0.00129290909091, 213.255, 0.024, 232.537, 0.112, 235.638, 0.022, 255.346, 0.064, 279.714, 0.026, 291.358, 0.062, 237.417, 0.026, 277.76, 0.039, 244.504, 0.024, 237.524, 0.062, 215.549, 0.014, 298.373, 0.061,
011-pdn06ABABb1, 9.318200, 0.00103224793388, 149.834, 0.056, 314.143, 0.021, 237.975, 0.106, 229.423, 0.015, 184.307, 0.075, 266.964, 0.033, 250.661, 0.116, 196.925, 0.01, 296.644, 0.06, 257.095, 0.02, 306.929, 0.053, 241.661, 0.021,
011-pdn06ABBAa1, 8.546890, 0.00186332231405, -142.865, 0.005, 216.59, 0.104, 230.895, 0.079, 265.192, 0.028, 238.965, 0.028, 211.233, 0.114, 215.021, 0.055, -248.624, 0.08, 220.23, 0.02, 261.988, 0.054, 287.955, 0.055, 198.714, 0.021,
011-pdn06ABBAb1, 8.506640, 0.00223442975207, 162.772, 0.109, 282.952, 0.025, 283.77, 0.034, 219.691, 0.095, 148.198, 0.115, 243.174, 0.025, 271.011, 0.015, 238.299, 0.081, 291.814, 0.054, 209.568, 0.123, 248.249, 0.022, 190.548, 0.041,
011-pdn07ABABa1, 8.202140, 0.00055905785124, 197.632, 0.029, 257.666, 0.038, 187.647, 0.023, 196.655, 0.044, 183.722, 0.018, 156.834, 0.04, -133.063, 0.082, 207.417, 0.037, 212.206, 0.014, 191.257, 0.051, 180.707, 0.017, -147.464, 0.048,
011-pdn07ABABb1, 8.559760, 0.000173520661157, -178.257, 0.102, 190.22, 0.014, 171.584, 0.108, 199.385, 0.012, 183.629, 0.04, 208.155, 0.018, 197.131, 0.041, 145.84, 0.005, 213.531, 0.045, 131.229, 0.028, 167.195, 0.012, 196.335, 0.016,
011-pdn07ABBAa1, 8.318360, 0.00156059504132, 250.072, 0.013, 247.869, 0.076, -182.702, 0.051, 159.576, 0.017, 135.959, 0.075, 227.28, 0.052, 229.203, 0.036, 196.27, 0.022, -165.86, 0.077, 257.55, 0.075, 215.245, 0.04, 161.772, 0.016,
011-pdn07ABBAb1, 8.817930, 0.000709702479339, 208.951, 0.065, 218.037, 0.014, -155.557, 0.077, 237.659, 0.041, 240.284, 0.05, 199.83, 0.016, 165.958, 0.019, 250.432, 0.053, 236.915, 0.051, 194.023, 0.015, 182.511, 0.016, 246.906, 0.076,
011-pdn08ABABa1, 9.901480, 0.000176016528926, 209.345, 0.013, 308.333, 0.083, 245.545, 0.013, 272.214, 0.065, 255.556, 0.014, 269.807, 0.062, 238.886, 0.017, 258.661, 0.062, 279.801, 0.016, 295.234, 0.043, 223.342, 0.019, 304.168, 0.048,
011-pdn08ABABb1, 8.263960, 0.000496247933884, 263.751, 0.05, 237.234, 0.014, 228.539, 0.077, 281.616, 0.014, 294.588, 0.077, -166.307, 0.005, 249.225, 0.071, 242.192, 0.014, 264.576, 0.063, 234.98, 0.014, 265.116, 0.055, 277.993, 0.018,
011-pdn08ABBAa1, 8.727570, 0.000584545454545, 248.359, 0.013, 277.952, 0.067, 240.752, 0.025, 252.314, 0.066, 257.149, 0.027, 260.444, 0.061, 266.727, 0.084, 248.9, 0.021, 274.607, 0.024, 268.542, 0.076, 271.569, 0.059, 239.547, 0.019,
011-pdn08ABBAb1, 9.826410, 0.000415900826446, 297.91, 0.057, -182.756, 0.088, 276.184, 0.019, 282.554, 0.076, 281.148, 0.058, 271.549, 0.02, 274.055, 0.025, 289.364, 0.059, 265.604, 0.044, 257.66, 0.03, 233.434, 0.027, 191.117, 0.07,
011-pdn09ABABa1, 9.768630, 0.00015747107438, 198.189, 0.027, 245.084, 0.059, 195.191, 0.034, 253.127, 0.08, -176.202, 0.099, 213.47, 0.069, -161.074, 0.103, 228.645, 0.074, 179.303, 0.051, 203.908, 0.129, 236.358, 0.071, 207.794, 0.08,
011-pdn09ABABb1, 9.374800, 0.00120297520661, 178.517, 0.045, 209.961, 0.027, 196.188, 0.054, -149.988, 0.082, 251.403, 0.069, 182.885, 0.014, 247.311, 0.055, 211.409, 0.029, 236.692, 0.06, 180.623, 0.073, 225.039, 0.03, 164.092, 0.022,
011-pdn09ABBAa1, 9.494230, 0.000499107438017, 218.374, 0.039, 210.831, 0.073, 213.253, 0.084, 180.186, 0.009, 235.743, 0.036, 198.431, 0.14, 158.699, 0.089, -174.247, 0.034, 249.161, 0.034, 246.091, 0.094, 141.975, 0.068, 208.208, 0.028,
011-pdn09ABBAb1, 9.365000, 0.000296148760331, 229.487, 0.054, 224.378, 0.014, 153.77, 0.013, 259.606, 0.079, 241.901, 0.074, 194.329, 0.014, 235.89, 0.021, 221.702, 0.063, 221.123, 0.095, -197.732, 0.091, 189.664, 0.036, 189.424, 0.084,
011-pdn10ABABa1, 9.897440, 0.000457157024793, 195.753, 0.033, 222.336, 0.043, 208.07, 0.024, 251.649, 0.07, 221.886, 0.03, 272.248, 0.076, 228.264, 0.048, 189.756, 0.077, 183.999, 0.033, 189.578, 0.085, 245.295, 0.048, 252.043, 0.072,
011-pdn10ABABb1, 9.733240, 0.000373652892562, 250.024, 0.054, 227.847, 0.029, 240.698, 0.062, -145.755, 0.033, 275.117, 0.073, 196.294, 0.04, 253.344, 0.071, -163.707, 0.094, 270.116, 0.061, 218.946, 0.044, 243.983, 0.069, 148.36, 0.04,
011-pdn10ABBAa1, 10.109600, 0.000584809917355, 242.526, 0.031, 246.067, 0.063, 224.132, 0.079, 220.125, 0.028, 204.666, 0.029, 281.684, 0.073, 266.051, 0.084, 257.047, 0.037, 215.85, 0.03, 231.005, 0.065, 249.128, 0.082, 205.414, 0.034,
011-pdn10ABBAb1, 9.834010, 0.000574330578512, 239.414, 0.067, 262.047, 0.027, 208.988, 0.028, 246.742, 0.069, 216.313, 0.101, 250.343, 0.037, 244.638, 0.034, 227.741, 0.079, 264.933, 0.072, 224.448, 0.04, 258.288, 0.056, 295.782, 0.087,
011-pdn11ABABa1, 9.433740, 0.000558231404959, -190.19, 0.099, 254.283, 0.058, 212.898, 0.034, 213.165, 0.07, 248.915, 0.027, 270.684, 0.042, 287.858, 0.031, 242.687, 0.05, 267.217, 0.025, 203.711, 0.05, 275.541, 0.03, 258.533, 0.047,
011-pdn11ABABb1, 8.530450, 0.00146224793388, 218.388, 0.104, 243.977, 0.031, 214.563, 0.058, 234.537, 0.022, 228.29, 0.056, 230.662, 0.026, 224.04, 0.062, 222.629, 0.017, 254.691, 0.053, 279.338, 0.036, 274.968, 0.06, -198.823, 0.079,
011-pdn11ABBAa1, 9.846720, 0.000703834710744, 210.492, 0.025, 246.738, 0.064, 216.453, 0.063, -188.334, 0.089, 237.331, 0.029, 229.023, 0.052, 270.096, 0.063, 251.007, 0.032, 292.729, 0.038, 227.207, 0.073, 270.916, 0.06, 228.086, 0.02,
011-pdn11ABBAb1, 10.146500, 0.000562727272727, 247.342, 0.065, 244.167, 0.028, 265.436, 0.029, 277.437, 0.057, 300.504, 0.074, -171.483, 0.03, 175.175, 0.092, 247.459, 0.045, 243.655, 0.056, -237.805, 0.02, 268.295, 0.021, 170.428, 0.06,
011-pdn12ABABa1, 9.474820, 0.00034279338843, 111.175, 0.045, 254.596, 0.072, 236.284, 0.023, 248.39, 0.06, 209.417, 0.027, 276.59, 0.073, 262.256, 0.034, 233.379, 0.088, 244.64, 0.032, 249.441, 0.077, 259.95, 0.046, 242.715, 0.031,
011-pdn12ABABb1, 9.976700, 0.000446049586777, 242.193, 0.072, 241.77, 0.026, 219.354, 0.09, 255.967, 0.033, 287.329, 0.099, 237.328, 0.043, 305.931, 0.057, 264.159, 0.045, 281.541, 0.095, 263.462, 0.036, 226.903, 0.072, 263.266, 0.03,
011-pdn12ABBAa1, 9.550870, 0.000508247933884, 239.14, 0.031, 310.836, 0.067, 279.214, 0.068, 214.064, 0.027, 235.36, 0.034, 240.899, 0.082, 251.704, 0.099, 272.636, 0.036, 275.041, 0.033, 290.214, 0.075, 252.017, 0.099, -185.819, 0.022,
011-pdn12ABBAb1, 9.632270, 0.000232776859504, 243.998, 0.045, 262.68, 0.023, 235.689, 0.044, 241.573, 0.075, 253.45, 0.068, 246.22, 0.035, 243.351, 0.027, 269.611, 0.083, 258.813, 0.044, 255.96, 0.031, 258.572, 0.042, 259.509, 0.053,
011-psm01ABABa1, 9.243400, 0.000378066115702, 289.176, 0.051, 220.206, 0.013, 175.252, 0.043, 186.479, 0.021, 256.342, 0.051, 206.605, 0.024, 260.004, 0.03, 180.171, 0.08, 226.999, 0.029, 199.753, 0.022, 206.337, 0.04, -233.849, 0.08,
011-psm01ABABb1, 9.487000, 0.000424380165289, 222.182, 0.029, 215.555, 0.036, 256.717, 0.011, 219.273, 0.029, 191.103, 0.025, 234.826, 0.045, 194.139, 0.041, 227.084, 0.058, -195.916, 0.077, 224.816, 0.047, 232.15, 0.031, 219.154, 0.048,
011-psm01ABBAa1, 9.289440, 0.000893173553719, -167.41, 0.112, -172.172, 0.082, 236.022, 0.015, 190.297, 0.029, 229.594, 0.03, -209.382, 0.086, -248.846, 0.088, 192.304, 0.026, -226.311, 0.078, -197.922, 0.073, -201.453, 0.078, 204.582, 0.038,
011-psm01ABBAb1, 9.572420, 0.000325289256198, -152.268, 0.079, 242.004, 0.049, 236.224, 0.037, 190.687, 0.026, 174.273, 0.076, -222.112, 0.097, -199.197, 0.089, 187.221, 0.029, -203.031, 0.078, -210.353, 0.092, -216.518, 0.084, 158.88, 0.005,
011-psm02ABABa1, 7.837650, 0.00760633057851, -203.934, 0.073, 189.86, 0.09, -223.24, 0.08, 226.203, 0.038, 140.948, 0.159, 224.189, 0.046, 190.622, 0.084, 180.179, 0.069, 200.359, 0.046, 192.444, 0.011, 153.046, 0.086, 155.063, 0.064,
011-psm02ABABb1, 7.729480, 0.000331107438017, -173.533, 0.083, 241.442, 0.035, -199.515, 0.067, 217.172, 0.044, -209.843, 0.079, 184.376, 0.048, 220.808, 0.012, 190.294, 0.09, 211.453, 0.018, -212.416, 0.086, 200.296, 0.005, 207.668, 0.034,
011-psm02ABBAa1, 9.170300, 0.000875966942149, 182.618, 0.045, -190.803, 0.075, 226.386, 0.052, 186.368, 0.036, -216.896, 0.1, -177.898, 0.067, 160.639, 0.008, 224.904, 0.038, 189.927, 0.036, -200.203, 0.078, -220.955, 0.076, 177.387, 0.035,
011-psm02ABBAb1, 9.069870, 0.000318066115702, 171.517, 0.022, 238.377, 0.07, 190.506, 0.043, -196.464, 0.072, 180.547, 0.036, 208.688, 0.046, 205.277, 0.032, 215.917, 0.025, 229.523, 0.019, 203.561, 0.062, 204.504, 0.071, 163.458, 0.037,
011-psm03ABABa1, 10.039500, 0.000180247933884, 183.429, 0.047, -212.049, 0.005, 228.48, 0.042, 243.547, 0.024, 253.795, 0.043, 227.47, 0.021, 240.711, 0.034, 234.199, 0.025, 209.813, 0.01, -179.266, 0.074, 262.032, 0.041, 213.075, 0.018,
011-psm03ABABb1, 9.726560, 0.00111426446281, 161.075, 0.005, 197.664, 0.053, 233.118, 0.029, 173.771, 0.063, -203.867, 0.005, 218.124, 0.074, 182.561, 0.017, 116.08, 0.078, 175.266, 0.015, 125.335, 0.073, 152.958, 0.039, 205.142, 0.067,
011-psm03ABBAa1, 9.734050, 0.00194233057851, 177.616, 0.044, 226.487, 0.013, 178.344, 0.016, 207.113, 0.04, 248.223, 0.037, 194.504, 0.012, 167.904, 0.013, 181.966, 0.042, 264.501, 0.038, 179.649, 0.012, 214.79, 0.014, 181.581, 0.043,
011-psm03ABBAb1, 9.763070, 0.000289355371901, 183.515, 0.012, 215.126, 0.041, 271.337, 0.028, -198.806, 0.077, 226.52, 0.023, 228.075, 0.057, -233.662, 0.086, 275.286, 0.057, 255.547, 0.018, 283.315, 0.05, 246.557, 0.03, -219.391, 0.065,
011-psm04ABABa1, 9.187080, 0.000528049586777, 219.174, 0.09, 199.612, 0.01, 192.495, 0.042, -190.693, 0.08, 221.376, 0.047, 199.753, 0.012, -180.039, 0.084, 192.887, 0.01, 212.564, 0.042, -184.901, 0.071, 138.673, 0.073, 141.891, 0.058,
011-psm04ABABb1, 8.799050, 0.000397900826446, 219.296, 0.018, 214.996, 0.043, 156.943, 0.012, 206.55, 0.067, 207.499, 0.013, 213.216, 0.112, -187.307, 0.091, 222.941, 0.046, 157.73, 0.049, 229.279, 0.071, 184.203, 0.032, 158.568, 0.096,
011-psm04ABBAa1, 8.493340, 0.000887239669421, 252.905, 0.09, -159.059, 0.08, 189.513, 0.022, 229.915, 0.036, 209.614, 0.049, -164.681, 0.082, -156.565, 0.082, 194.051, 0.036, 198.717, 0.015, 202.511, 0.08, 155.736, 0.086, 196.326, 0.108,
011-psm04ABBAb1, 8.981720, 0.000843355371901, -223.924, 0.077, -190.968, 0.092, 186.401, 0.012, -215.176, 0.08, 201.277, 0.025, 223.007, 0.047, 203.282, 0.03, -197.732, 0.079, -206.654, 0.084, 197.974, 0.005, -213.878, 0.074, 128.297, 0.077,
011-psm05ABABa1, 9.390520, 0.000492776859504, 169.141, 0.042, 229.983, 0.015, 198.256, 0.068, 231.724, 0.016, 274.309, 0.051, 252.242, 0.024, 179.108, 0.057, 219.991, 0.031, 242.062, 0.055, 204.471, 0.017, 200.483, 0.109, 171.668, 0.026,
011-psm05ABABb1, 8.953020, 0.000301421487603, 160.925, 0.026, 181.751, 0.043, 158.562, 0.028, -180.04, 0.101, 154.263, 0.037, 199.589, 0.066, 177.608, 0.03, 221.484, 0.083, 191.571, 0.012, 235.14, 0.126, 198.988, 0.02, 233.673, 0.086,
011-psm05ABBAa1, 9.259860, 0.000370413223141, 242.645, 0.04, 184.127, 0.012, 174.992, 0.021, 197.164, 0.079, 169.215, 0.106, 208.943, 0.023, 189.835, 0.018, 233.371, 0.058, 222.057, 0.057, 217.293, 0.032, 174.112, 0.078, 171.588, 0.058,
011-psm05ABBAb1, 9.276230, 0.000415867768595, -165.901, 0.089, 213.131, 0.062, 239.895, 0.051, 179.56, 0.015, 230.304, 0.031, 220.56, 0.08, 160.951, 0.052, 166.734, 0.025, -184.874, 0.088, 206.43, 0.103, 241.043, 0.084, 211.661, 0.023,
011-psm06ABABa1, 9.069090, 0.00052905785124, 229.181, 0.05, 218.414, 0.028, 229.746, 0.051, 241.289, 0.022, 263.416, 0.076, 234.534, 0.033, 247.688, 0.055, -174.178, 0.037, 250.402, 0.056, 196.71, 0.024, 213.386, 0.041, 179.148, 0.023,
011-psm06ABABb1, 9.296700, 0.000583785123967, 238.427, 0.017, 236.022, 0.043, 228.061, 0.025, 232.068, 0.051, 225.242, 0.03, 239.98, 0.046, -157.629, 0.081, 223.443, 0.058, 208.776, 0.023, 208.667, 0.042, 222.411, 0.018, 217.526, 0.04,
011-psm06ABBAa1, 9.247700, 0.00045279338843, 220.683, 0.058, 206.023, 0.021, 192.103, 0.029, 215.514, 0.047, 221.891, 0.045, 250.503, 0.022, 237.142, 0.016, 261.344, 0.042, 245.543, 0.054, 224.441, 0.025, 204.585, 0.023, 257.747, 0.044,
011-psm06ABBAb1, 9.807370, 0.000425867768595, 196.016, 0.013, 220.399, 0.047, 216.95, 0.044, 155.917, 0.018, 234.267, 0.019, 233.992, 0.048, 260.957, 0.057, 151.569, 0.016, 249.932, 0.024, 252.333, 0.053, 255.193, 0.035, 163.497, 0.012,
011-psm07ABABa1, 8.876670, 0.00066879338843, 207.493, 0.044, 182.445, 0.015, 318.524, 0.087, 228.083, 0.015, 231.836, 0.036, 216.504, 0.029, 210.68, 0.041, 249.917, 0.014, -211.841, 0.097, -191.513, 0.078, 231.351, 0.084, 223.919, 0.022,
011-psm07ABABb1, 8.980520, 0.00082841322314, 226.49, 0.026, 273.174, 0.035, 234.491, 0.014, 241.972, 0.065, -192.561, 0.091, 223.197, 0.081, 266.915, 0.018, 251.279, 0.058, -202.714, 0.075, 209.216, 0.034, 216.999, 0.015, 202.792, 0.039,
011-psm07ABBAa1, 8.780740, 0.000790975206612, 295.773, 0.055, 214.414, 0.02, 191.091, 0.024, 257.735, 0.049, 203.481, 0.044, 210.661, 0.013, -217.214, 0.081, 237.942, 0.057, 234.432, 0.041, 184.452, 0.025, -178.471, 0.081, 191.531, 0.076,
011-psm07ABBAb1, 8.876350, 0.000707537190083, 187.172, 0.013, 236.008, 0.07, 243.961, 0.042, 219.757, 0.014, 181.89, 0.028, 228.399, 0.069, 268.756, 0.083, 202.168, 0.011, -225.942, 0.076, 263.225, 0.06, 186.804, 0.103, 201.547, 0.026,
011-psm08ABABa1, 10.035000, 0.000622198347107, 245.4, 0.035, 234.958, 0.018, 277.011, 0.046, 254.858, 0.017, 258.536, 0.051, 193.284, 0.02, 263.67, 0.048, 268.886, 0.013, 206.467, 0.042, 238.291, 0.016, 228.733, 0.041, -222.577, 0.094,
011-psm08ABABb1, 9.295740, 0.00101097520661, 214.567, 0.032, 268.943, 0.068, 175.461, 0.016, 225.743, 0.072, 255.745, 0.041, 189.669, 0.044, 189.398, 0.026, 230.687, 0.039, 246.99, 0.032, 262.544, 0.065, 194.428, 0.033, 173.222, 0.067,
011-psm08ABBAa1, 9.677350, 0.00138788429752, -247.354, 0.115, 214.044, 0.025, 192.33, 0.027, 199.446, 0.106, 269.533, 0.046, 191.398, 0.026, 284.795, 0.019, 227.551, 0.041, -185.236, 0.083, 194.152, 0.014, 228.117, 0.024, 196.246, 0.033,
011-psm08ABBAb1, 9.423090, 0.00141680991736, 202.741, 0.014, 224.283, 0.057, 292.587, 0.045, 176.389, 0.017, 207.072, 0.029, 256.97, 0.053, 208.779, 0.109, 130.162, 0.024, 253.128, 0.019, 236.402, 0.043, 229.798, 0.058, 196.147, 0.031,
011-psm09ABABa1, 9.683960, 0.00017041322314, -207.985, 0.114, 162.606, 0.044, 195.467, 0.065, 215.595, 0.039, 171.937, 0.115, 165.791, 0.008, 225.653, 0.072, 251.069, 0.042, 240.219, 0.065, 234.312, 0.044, 189.774, 0.104, 178.251, 0.005,
011-psm09ABABb1, 9.140810, 0.000207818181818, 201.092, 0.016, 235.39, 0.059, 211.317, 0.037, 202.217, 0.068, 187.502, 0.083, 157.562, 0.086, 208.839, 0.071, 247.362, 0.057, 230.537, 0.05, 204.581, 0.125, 188.276, 0.052, 163.161, 0.078,
011-psm09ABBAa1, 9.369300, 0.00032732231405, 173.454, 0.074, 189.13, 0.032, 214.87, 0.034, 250.001, 0.067, 228.49, 0.067, 147.871, 0.037, 232.426, 0.029, 174.215, 0.034, 170.29, 0.036, -170.249, 0.043, 208.489, 0.045, 224.67, 0.107,
011-psm09ABBAb1, 9.189020, 0.000961966942149, 268.651, 0.029, 226.915, 0.047, 215.47, 0.054, 228.248, 0.023, 233.902, 0.04, 234.524, 0.07, 191.386, 0.091, 156.202, 0.024, 206.572, 0.091, 191.344, 0.108, 233.537, 0.063, 99.9822, 0.036,
011-psm10ABABa1, 9.431550, 0.000678809917355, 159.144, 0.114, 196.602, 0.031, 258.747, 0.064, 197.147, 0.033, 238.257, 0.064, 211.658, 0.035, 209.604, 0.142, 265.572, 0.033, 277.413, 0.069, 245.764, 0.041, 288.516, 0.075, 236.303, 0.018,
011-psm10ABABb1, 9.935510, 0.000266991735537, 285.467, 0.024, 251.748, 0.035, 215.233, 0.045, 213.099, 0.12, 255.956, 0.037, 261.427, 0.058, 228.381, 0.038, 261.329, 0.045, 242.294, 0.028, 240.932, 0.062, 221.413, 0.035, 273.061, 0.047,
011-psm10ABBAa1, 9.705770, 0.000315834710744, 253.087, 0.111, 215.634, 0.019, 231.276, 0.031, 220.033, 0.056, 261.026, 0.055, 229.446, 0.034, 236.146, 0.024, 263.274, 0.049, 260.681, 0.057, 230.508, 0.033, 272.368, 0.024, 274.481, 0.055,
011-psm10ABBAb1, 9.841370, 0.000401685950413, -123.644, 0.082, 235.649, 0.07, 230.722, 0.094, 201.667, 0.031, 192.226, 0.021, 192.73, 0.057, 274.41, 0.079, 227.672, 0.022, 275.561, 0.039, 232.869, 0.062, 194.085, 0.111, 188.818, 0.105,
011-psm11ABABa1, 9.738310, 0.000402082644628, 284.146, 0.052, 231.969, 0.025, 270.573, 0.058, -143.305, 0.084, 276.784, 0.093, 249.535, 0.036, 267.217, 0.064, 269.05, 0.036, 204.124, 0.085, 251.269, 0.031, 207.274, 0.078, 258.053, 0.032,
011-psm11ABABb1, 9.363080, 0.000594694214876, 251.539, 0.022, 298.715, 0.071, 222.422, 0.032, 248.166, 0.088, 196.321, 0.033, 209.11, 0.067, 249.758, 0.038, 283.17, 0.11, 270.081, 0.054, 249.742, 0.07, 160.517, 0.107, 173.6, 0.108,
011-psm11ABBAa1, 9.854350, 0.000636743801653, 231.918, 0.1, 205.757, 0.024, 236.643, 0.041, 188.967, 0.073, 229.661, 0.076, 257.585, 0.033, 243.204, 0.042, 279.666, 0.08, 280.459, 0.074, 235.034, 0.029, 244.287, 0.03, 212.851, 0.076,
011-psm11ABBAb1, 9.756450, 0.00109079338843, -142.603, 0.074, 233.035, 0.086, 289.192, 0.073, 245.44, 0.03, 226.859, 0.023, 239.911, 0.072, 248.95, 0.07, 237.414, 0.03, 287.626, 0.034, 271.577, 0.077, 232.471, 0.063, 250.319, 0.036,
011-psm12ABABa1, 9.353610, 0.00061241322314, 243.815, 0.115, 193.684, 0.032, 229.137, 0.093, 191.931, 0.039, 165.138, 0.09, 219.555, 0.034, 179.284, 0.083, 186.173, 0.046, 241.65, 0.086, -168.867, 0.033, 267.993, 0.073, 254.715, 0.049,
011-psm12ABABb1, 10.155300, 0.000289421487603, 179.859, 0.021, 192.677, 0.117, 231.098, 0.032, 235.95, 0.068, 189.475, 0.042, 199.112, 0.072, 231.916, 0.035, 215.459, 0.068, 188.164, 0.047, 219.674, 0.071, 213.802, 0.029, 229.814, 0.056,
011-psm12ABBAa1, 10.127800, 0.000459867768595, 193.016, 0.061, 188.779, 0.028, 208.889, 0.039, 169.354, 0.067, 249.686, 0.081, 183.64, 0.038, 215.786, 0.034, 275.873, 0.061, 274.401, 0.063, 218.736, 0.037, 195.018, 0.045, 256.729, 0.083,
011-psm12ABBAb1, 9.624530, 0.00112752066116, 192.482, 0.02, -162.503, 0.07, 268.53, 0.066, 214.161, 0.031, 194.898, 0.033, 265.037, 0.083, 206.51, 0.094, 224.603, 0.041, 229.486, 0.038, 276.311, 0.08, -176.065, 0.063, 265.128, 0.036,
011-psn01ABABa1, 8.530460, 0.00247970247934, -221.722, 0.078, -255.618, 0.082, 272.554, 0.099, 285.996, 0.03, 183.061, 0.085, -205.482, 0.082, 269.397, 0.038, -213.659, 0.089, 250.626, 0.037, 250.243, 0.016, 293.56, 0.062, 186.789, 0.005,
011-psn01ABABb1, 8.691940, 0.000653421487603, -228.039, 0.079, 241.814, 0.034, 198.624, 0.018, -238.093, 0.076, 182.597, 0.02, 260.096, 0.037, -210.681, 0.089, 292.132, 0.058, 231.539, 0.012, 280.526, 0.079, 260.802, 0.029, 186.554, 0.078,
011-psn01ABBAa1, 8.226270, 0.00163854545455, 226.267, 0.034, -165.567, 0.072, 248.695, 0.008, 149.039, 0.046, 238.792, 0.03, -231.321, 0.083, 206.343, 0.028, 155.198, 0.191, 142.336, 0.087, -228.417, 0.084, 176.622, 0.13, 183.731, 0.189,
011-psn01ABBAb1, 8.439340, 0.00231763636364, 189.166, 0.013, 285.717, 0.063, 259.031, 0.037, -228.979, 0.083, 203.926, 0.018, 142.002, 0.089, 252.096, 0.037, 209.429, 0.013, 244.249, 0.086, 205.818, 0.026, -248.808, 0.082, 141.47, 0.027,
011-psn02ABABa1, 9.530930, 0.000454148760331, 232.171, 0.055, -163.123, 0.08, 217.516, 0.049, 180.186, 0.025, 209.702, 0.046, 197.809, 0.028, 238.515, 0.053, 237.717, 0.005, 227.06, 0.078, 214.056, 0.011, 202.259, 0.045, 170.876, 0.047,
011-psn02ABABb1, 9.437310, 0.000380148760331, 202.88, 0.021, 224.723, 0.049, 218.939, 0.022, 227.753, 0.036, 207.047, 0.009, 216.854, 0.043, 181.2, 0.021, 217.646, 0.037, -189.95, 0.077, 231.779, 0.047, 199.651, 0.041, 198.026, 0.084,
011-psn02ABBAa1, 9.124220, 0.000909966942149, 244.013, 0.042, 202.88, 0.009, -195.145, 0.071, 222.147, 0.049, 200.166, 0.06, -196.614, 0.076, -217.677, 0.073, 240.862, 0.04, 210.126, 0.038, 201.456, 0.02, 200.606, 0.017, 231.943, 0.055,
011-psn02ABBAb1, 9.408170, 0.000192809917355, 209.507, 0.014, 206.426, 0.056, 202.481, 0.055, 184.599, 0.022, 232.63, 0.019, 229.079, 0.028, 234.653, 0.051, -228.656, 0.072, 233.266, 0.018, 234.486, 0.096, 174.853, 0.082, 172.09, 0.034,
011-psn03ABABa1, 9.268270, 0.000224975206612, 218.395, 0.034, -177.694, 0.087, 225.834, 0.05, 197.835, 0.014, 180.244, 0.093, -183.079, 0.08, 244.271, 0.064, 163.464, 0.019, 266.572, 0.093, -157.877, 0.075, 208.503, 0.053, 202.253, 0.032,
011-psn03ABABb1, 9.203340, 0.00151292561983, -175.81, 0.08, 205.496, 0.039, 195.874, 0.014, 229.409, 0.049, 226.349, 0.015, 231.535, 0.041, -209.833, 0.084, 231.481, 0.036, 177.678, 0.019, 227.446, 0.047, 216.362, 0.014, 219.821, 0.047,
011-psn03ABBAa1, 9.271440, 0.00062226446281, 191.4, 0.041, 136.454, 0.01, -173.91, 0.086, 233.965, 0.033, 245.001, 0.045, -191.563, 0.005, -170.515, 0.079, 212.583, 0.041, 256.23, 0.047, 205.922, 0.005, 249.606, 0.005, 204.654, 0.044,
011-psn03ABBAb1, 9.292380, 0.000962512396694, 222.017, 0.066, -197.648, 0.092, 213.085, 0.09, 173.551, 0.023, 220.682, 0.015, 193.066, 0.036, 205.71, 0.033, 185.12, 0.005, 188.918, 0.027, 253.181, 0.058, 231.691, 0.055, 174.898, 0.025,
011-psn04ABABa1, 9.205550, 0.000550148760331, -216.189, 0.079, -177.336, 0.082, 183.723, 0.039, 201.179, 0.011, 182.694, 0.035, -212.792, 0.075, 194.221, 0.046, -184.841, 0.082, 228.836, 0.035, 190.933, 0.022, 196.84, 0.032, 137.778, 0.068,
011-psn04ABABb1, 8.940440, 0.000150611570248, 173.383, 0.058, 218.107, 0.032, -194.784, 0.075, 192.362, 0.026, 213.437, 0.013, 207.819, 0.036, 194.529, 0.005, 214.409, 0.051, 212.959, 0.046, -214.469, 0.079, 192.484, 0.005, 143.436, 0.047,
011-psn04ABBAa1, 9.630880, 0.000329421487603, -203.973, 0.092, 180.183, 0.005, 206.851, 0.02, 212.374, 0.028, -206.143, 0.098, -203.175, 0.073, 211.692, 0.06, -209.428, 0.092, 230.476, 0.029, 212.009, 0.046, 151.511, 0.086, 160.595, 0.062,
011-psn04ABBAb1, 9.367800, 0.000243834710744, 160.501, 0.021, 243.917, 0.042, 236.153, 0.049, 186.858, 0.021, 149.604, 0.045, -212.096, 0.098, -221.841, 0.079, 195.361, 0.028, 198.229, 0.026, 197.766, 0.097, 139.657, 0.045, 158.073, 0.049,
011-psn05ABABa1, 9.767930, 0.00200790082645, 262.885, 0.053, 238.421, 0.016, 259.006, 0.049, 268.488, 0.015, 271.967, 0.054, 189.646, 0.017, 260.415, 0.071, 237.161, 0.012, 240.224, 0.06, 271.861, 0.016, 154.35, 0.005, 232.255, 0.021,
011-psn05ABABb1, 9.559260, 0.000792247933884, 219.724, 0.021, 229.879, 0.038, 145.977, 0.032, 265.901, 0.048, 268.664, 0.016, 214.036, 0.115, 219.799, 0.015, 164.459, 0.044, 244.772, 0.024, 193.734, 0.07, -194.206, 0.082, 162.179, 0.063,
011-psn05ABBAa1, 9.318450, 0.000681603305785, 189.685, 0.05, 210.58, 0.022, 248.638, 0.019, 259.96, 0.047, 275.006, 0.048, 237.18, 0.014, 154.354, 0.052, 241.09, 0.035, 239.521, 0.045, 172.22, 0.095, 131.047, 0.079, 168.684, 0.107,
011-psn05ABBAb1, 9.442750, 0.000615685950413, 241.214, 0.022, 250.2, 0.057, 177.421, 0.042, 250.51, 0.022, 282.008, 0.021, 277.853, 0.054, 194.559, 0.129, 311.891, 0.018, 269.866, 0.005, 212.092, 0.098, 189.209, 0.03, 138.313, 0.031,
011-psn06ABABa1, 8.270980, 0.00177826446281, 223.58, 0.05, 214.884, 0.02, 262.856, 0.044, 211.7, 0.022, 211.913, 0.06, 169.435, 0.025, 198.279, 0.038, -169.383, 0.053, 217.708, 0.127, 242.287, 0.032, 213.039, 0.055, 168.858, 0.007,
011-psn06ABABb1, 8.596400, 0.000644743801653, -178.339, 0.08, 225.449, 0.049, 246.363, 0.012, 206.272, 0.04, 246.045, 0.011, 190.516, 0.03, 206.498, 0.02, 212.074, 0.023, 220.888, 0.025, 202.155, 0.042, 182.801, 0.02, 209.889, 0.035,
011-psn06ABBAa1, 8.871390, 0.000324247933884, 218.441, 0.047, 257.272, 0.012, 246.567, 0.019, 262.914, 0.032, 250.941, 0.04, 242.206, 0.023, 184.279, 0.021, 237.88, 0.017, 260.47, 0.033, 164.572, 0.016, 212.524, 0.017, 218.92, 0.041,
011-psn06ABBAb1, 8.334670, 0.000894561983471, 227.372, 0.019, 268.324, 0.046, 202.818, 0.035, 238.645, 0.057, 208.142, 0.021, 216.749, 0.047, 161.916, 0.014, 254.92, 0.038, 230.033, 0.013, 282.141, 0.033, 234.415, 0.022, 187.712, 0.047,
011-psn07ABABa1, 8.452030, 0.00106804958678, 222.558, 0.054, 213.01, 0.017, 233.92, 0.058, 205.171, 0.016, -171.817, 0.099, 214.743, 0.014, 176.472, 0.014, 198.143, 0.014, 203.56, 0.043, 182.194, 0.018, 213.539, 0.035, 169.474, 0.024,
011-psn07ABABb1, 8.650950, 0.000597884297521, 215.21, 0.017, 213.285, 0.051, 196.489, 0.018, 211.923, 0.052, 168.078, 0.021, 176.547, 0.126, 165.014, 0.025, 224.857, 0.05, 164.682, 0.023, 199.472, 0.052, 149.334, 0.028, 224.645, 0.042,
011-psn07ABBAa1, 9.006120, 0.000514611570248, 222.565, 0.051, 205.234, 0.029, 154.747, 0.02, 227.641, 0.052, 259.198, 0.052, 223.531, 0.018, 176.089, 0.021, 255.645, 0.036, 231.798, 0.039, 161.355, 0.029, 153.14, 0.095, 229.648, 0.038,
011-psn07ABBAb1, 8.495390, 0.000755785123967, 200.284, 0.016, 217.31, 0.062, 212.294, 0.048, -145.016, 0.005, 224.715, 0.024, 195.06, 0.07, 207.803, 0.05, 198.168, 0.018, 184.658, 0.02, 233.265, 0.037, 229.491, 0.084, 140.312, 0.015,
011-psn08ABABa1, 8.737040, 0.000512727272727, -218.061, 0.106, 177.638, 0.016, 193.432, 0.07, 197.977, 0.03, 236.324, 0.069, 197.404, 0.029, 157.951, 0.07, 224.037, 0.016, 217.321, 0.03, -142.848, 0.082, 168.551, 0.037, 185.383, 0.014,
011-psn08ABABb1, 8.633250, 0.000481636363636, 250.895, 0.014, 218.605, 0.048, 166.396, 0.014, 227.538, 0.043, 193.728, 0.015, 225.703, 0.039, 232.459, 0.017, 187.072, 0.037, 178.685, 0.015, 193.229, 0.027, 187.721, 0.027, 224.525, 0.042,
011-psn08ABBAa1, 8.767060, 0.000487603305785, -202.643, 0.098, 199.407, 0.016, 236.014, 0.016, 182.209, 0.098, 181.256, 0.075, 182.791, 0.02, 180.309, 0.024, -159.026, 0.099, 188.774, 0.041, 166.179, 0.019, 209.493, 0.023, 198.664, 0.08,
011-psn08ABBAb1, 8.858300, 0.000561966942149, 220.721, 0.015, 203.481, 0.045, 211.054, 0.062, 147.801, 0.026, 190.114, 0.024, 182.635, 0.053, 210.8, 0.053, 171.288, 0.029, 206.993, 0.015, 236.539, 0.048, 249.458, 0.038, 196.621, 0.02,
011-psn09ABABa1, 9.508690, 0.00289378512397, 195.492, 0.103, 187.511, 0.009, 266.126, 0.073, 263.979, 0.036, 202.269, 0.062, 236.96, 0.04, 183.551, 0.053, 215.964, 0.033, 236.623, 0.111, 196.255, 0.094, -144.017, 0.074, 166.695, 0.034,
011-psn09ABABb1, 9.755740, 0.00024905785124, 263.847, 0.026, 220.328, 0.056, 262.021, 0.031, 211.69, 0.078, 259.997, 0.048, 195.971, 0.095, 187.889, 0.043, 232.814, 0.069, 239.191, 0.026, 207.817, 0.078, 193.485, 0.036, 205.546, 0.099,
011-psn09ABBAa1, 9.502980, 0.000696958677686, -209.159, 0.131, 198.39, 0.02, 228.342, 0.034, 165.801, 0.073, 164.785, 0.116, 238.939, 0.034, 230.913, 0.032, 219.425, 0.061, 202.777, 0.091, 276.524, 0.041, 175.418, 0.062, 146.212, 0.123,
011-psn09ABBAb1, 9.183520, 0.000412727272727, 238.047, 0.03, 167.925, 0.08, 157.596, 0.03, 234.614, 0.029, 196.462, 0.084, 214.822, 0.082, 240.569, 0.087, 234.88, 0.035, 239.849, 0.033, 160.017, 0.131, 161.505, 0.098, 214.565, 0.058,
011-psn10ABABa1, 9.656930, 0.000291636363636, 216.581, 0.038, 252.243, 0.028, 210.754, 0.072, 188.88, 0.037, 221.223, 0.078, 202.54, 0.048, 255.271, 0.066, 255.301, 0.044, 288.959, 0.077, 269.829, 0.028, 266.703, 0.058, 242.098, 0.025,
011-psn10ABABb1, 9.527010, 0.00114095867769, 223.071, 0.017, 193.846, 0.081, 227.841, 0.022, 212.645, 0.069, 285.736, 0.05, 168.535, 0.048, 222.203, 0.045, 200.98, 0.11, -173.46, 0.097, 210.242, 0.134, 189.554, 0.036, 239.914, 0.094,
011-psn10ABBAa1, 9.583940, 0.000408991735537, 211.556, 0.039, 225.737, 0.035, 218.948, 0.041, 234.521, 0.095, 243.848, 0.067, 209.74, 0.032, 217.397, 0.017, 216.873, 0.074, 251.627, 0.063, 164.509, 0.042, 171.722, 0.05, 193.403, 0.09,
011-psn10ABBAb1, 9.580030, 0.00103350413223, 216.628, 0.016, 199.877, 0.036, 200.917, 0.127, 204.722, 0.039, 237.035, 0.047, 194.952, 0.139, 145.369, 0.133, 240.897, 0.031, 237.943, 0.031, 207.06, 0.139, 226.111, 0.129, 239.278, 0.036,
011-psn11ABABa1, 8.621770, 0.000464231404959, 187.968, 0.124, 214.356, 0.029, 216.908, 0.059, 176.029, 0.033, 269.262, 0.07, 163.115, 0.043, 257.33, 0.05, 179.461, 0.032, 246.916, 0.062, 233.233, 0.033, 239.313, 0.075, 178.874, 0.035,
011-psn11ABABb1, 9.194000, 0.000463272727273, 251.225, 0.02, 234.518, 0.06, 262.339, 0.036, 250.569, 0.065, 188.357, 0.021, 217.813, 0.057, 181.078, 0.029, 202.581, 0.05, 167.187, 0.104, 231.049, 0.045, 260.954, 0.023, 238.326, 0.052,
011-psn11ABBAa1, 9.505480, 0.000633785123967, 186.243, 0.05, 220.498, 0.018, 180.402, 0.02, 208.548, 0.076, 286.872, 0.051, 228.619, 0.032, 230.179, 0.042, 225.55, 0.043, 237.842, 0.064, 268.822, 0.032, 255.848, 0.036, 207.67, 0.005,
011-psn11ABBAb1, 9.496140, 0.000963454545455, 226.577, 0.032, 256.702, 0.057, 269.716, 0.059, 229.09, 0.034, 234.401, 0.028, 241.113, 0.04, 211.689, 0.041, 212.964, 0.021, 254.485, 0.054, 161.39, 0.033, 212.224, 0.054, 183.832, 0.021,
011-psn12ABABa1, 9.410460, 0.000842776859504, 249.527, 0.078, 226.383, 0.034, -176.409, 0.074, 199.623, 0.042, 196.727, 0.067, 186.166, 0.045, 239.417, 0.078, 194.612, 0.048, 248.782, 0.065, -119.39, 0.057, 213.413, 0.048, 185.359, 0.075,
011-psn12ABABb1, 10.013500, 0.000360958677686, 209.054, 0.035, 234.694, 0.054, 186.533, 0.056, 211.081, 0.057, -168.982, 0.032, 215.415, 0.089, 174.491, 0.057, 259.83, 0.065, 197.175, 0.06, 233.355, 0.057, -184.503, 0.088, 224.109, 0.079,
011-psn12ABBAa1, 9.848820, 0.000541107438017, 208.887, 0.065, 194.842, 0.035, -140.751, 0.057, -159.796, 0.059, 156.697, 0.058, 183.31, 0.042, 167.987, 0.031, 238.329, 0.07, 227.247, 0.067, 173.705, 0.005, 159.709, 0.041, 199.068, 0.049,
011-psn12ABBAb1, 10.232000, 0.000436925619835, 170.065, 0.041, 199.992, 0.055, 172.787, 0.029, 185.243, 0.037, 161.61, 0.006, 229.223, 0.077, 259.049, 0.066, 173.689, 0.041, 231.91, 0.033, 204.652, 0.081, 216.673, 0.067, 127.361, 0.031,
