034-pdm01ABABa1, 8.876640, 0.000237157024793, 187.037, 0.021, 245.048, 0.078, 140.159, 0.021, 284.736, 0.087, 193.68, 0.029, 242.311, 0.08, -177.398, 0.005, 240.665, 0.095, 176.067, 0.026, 202.648, 0.061, 182.885, 0.036, 275.665, 0.068,
034-pdm01ABABb1, 8.989360, 0.000958958677686, 209.452, 0.057, 161.999, 0.015, 222.172, 0.076, 179.582, 0.021, 272.718, 0.079, 188.125, 0.038, 270.137, 0.091, 184.85, 0.005, 292.158, 0.073, 174.833, 0.025, 267.949, 0.072, 191.041, 0.027,
034-pdm01ABBAa1, 9.383580, 0.000352198347107, 155.845, 0.012, 249.553, 0.065, 219.913, 0.072, -186.998, 0.069, 224.405, 0.024, 235.582, 0.079, 208.549, 0.068, 172.063, 0.005, 160.569, 0.005, 227.255, 0.068, 225.63, 0.06, 184.312, 0.005,
034-pdm01ABBAb1, 9.134200, 0.000211685950413, 200.141, 0.064, 160.667, 0.024, 175.31, 0.027, 205.247, 0.079, 234.355, 0.079, 173.263, 0.021, 167.02, 0.023, 217.15, 0.086, 213.13, 0.077, 155.171, 0.046, 212.199, 0.032, 222.689, 0.078,
034-pdm02ABABa1, 10.537800, 0.000337652892562, -122.529, 0.063, 261.004, 0.069, 220.317, 0.035, 212.874, 0.06, 212.285, 0.005, 242.851, 0.065, 214.115, 0.02, 202.851, 0.045, 201.092, 0.016, 269.08, 0.082, 226.254, 0.029, 225.814, 0.049,
034-pdm02ABABb1, 10.398700, 0.00028105785124, 304.929, 0.061, 211.895, 0.025, 274.228, 0.056, 237.863, 0.029, 233.122, 0.069, 220.86, 0.025, 273.639, 0.07, 218.035, 0.005, 216.335, 0.056, 234.111, 0.025, 218.761, 0.073, 190.29, 0.015,
034-pdm02ABBAa1, 10.657300, 0.00023505785124, 215.217, 0.013, 263.416, 0.051, 264.196, 0.068, 222.857, 0.013, 247.289, 0.029, 286.217, 0.075, 293.827, 0.072, 218.519, 0.014, 244.208, 0.018, 305.933, 0.061, 281.654, 0.065, 214.968, 0.014,
034-pdm02ABBAb1, 10.535000, 0.000194231404959, 240.428, 0.049, 226.493, 0.019, 202.423, 0.019, 252.237, 0.069, 281.27, 0.033, 211.587, 0.005, 170.945, 0.027, 269.441, 0.059, 241.235, 0.059, -213.371, 0.056, 230.035, 0.005, 254.005, 0.063,
034-pdm03ABABa1, 9.794520, 0.0032320661157, 129.814, 0.016, 293.401, 0.062, 182.439, 0.023, 214.285, 0.043, 191.902, 0.007, 257.397, 0.061, -182.681, 0.053, 212.136, 0.038, 187.631, 0.024, 241.398, 0.044, 177.739, 0.023, 151.131, 0.114,
034-pdm03ABABb1, 9.724220, 0.000447603305785, 213.469, 0.012, 213.17, 0.013, 235.678, 0.05, 196.007, 0.011, 278.042, 0.063, 169.812, 0.016, 256.868, 0.045, 187.456, 0.019, 262.725, 0.057, 248.736, 0.015, 292.523, 0.044, -241.288, 0.058,
034-pdm03ABBAa1, 9.659850, 0.00129360330579, 210.68, 0.02, 233.763, 0.056, 230.076, 0.042, 170.573, 0.016, 211.84, 0.015, 194.661, 0.034, 227.81, 0.037, 171.795, 0.029, 177.202, 0.014, 268.53, 0.041, 202.511, 0.037, 191.309, 0.005,
034-pdm03ABBAb1, 9.303970, 0.000522198347107, 218.235, 0.204, 198.364, 0.029, 232.315, 0.022, 257.018, 0.059, 282.79, 0.039, 218.051, 0.024, 202.124, 0.023, 247.594, 0.048, 254.494, 0.049, 207.591, 0.015, -227.041, 0.064, 188.833, 0.057,
034-pdm04ABABa1, 9.769250, 0.000532909090909, 181.951, 0.005, 156.591, 0.038, -189.077, 0.069, -189.451, 0.005, 205.441, 0.005, 196.608, 0.005, 181.069, 0.005, 174.607, 0.046, -136.318, 0.005, 158.327, 0.042, -152.945, 0.065, -145.941, 0.062,
034-pdm04ABABb1, 9.369320, 0.000766991735537, 215.517, 0.045, 223.98, 0.02, 258.393, 0.065, 179.582, 0.037, 227.007, 0.052, 217.293, 0.005, 195.554, 0.05, 213.481, 0.005, 230.465, 0.056, 174.587, 0.014, 213.616, 0.061, 196.91, 0.005,
034-pdm04ABBAa1, 9.527000, 0.000943966942149, 237.189, 0.017, 269.711, 0.062, 270.47, 0.051, 220.414, 0.013, 255.081, 0.012, 202.661, 0.042, 234.049, 0.044, 203.906, 0.02, 203.454, 0.018, 211.787, 0.021, -188.966, 0.057, 220.546, 0.037,
034-pdm04ABBAb1, 9.465910, 0.000692016528926, 274.513, 0.048, 208.185, 0.013, 157.529, 0.016, 230.265, 0.043, 257.791, 0.046, 216.248, 0.013, 168.817, 0.014, 219.617, 0.045, 238.926, 0.069, 228.481, 0.016, 163.12, 0.014, 229.837, 0.043,
034-pdm05ABABa1, 8.505000, 0.000251537190083, 229.267, 0.025, 209.426, 0.073, 160.38, 0.024, 238.676, 0.071, 206.285, 0.026, 244.423, 0.078, 236.61, 0.029, 260.447, 0.067, 218.422, 0.021, 245.93, 0.059, -141.538, 0.062, 204.612, 0.043,
034-pdm05ABABb1, 8.691800, 0.00027279338843, 268.978, 0.083, 189.89, 0.037, 266.077, 0.072, 186.261, 0.048, 261.101, 0.075, 171.271, 0.043, 247.764, 0.074, -191.35, 0.034, 284.803, 0.066, -204.158, 0.039, 263.029, 0.062, 140.356, 0.073,
034-pdm05ABBAa1, 8.699970, 0.000269884297521, 211.242, 0.021, 248.478, 0.074, 255.202, 0.085, 188.108, 0.021, 178.913, 0.022, 262.327, 0.072, 264.583, 0.088, -146.072, 0.059, -164.855, 0.073, 246.759, 0.065, 240.085, 0.068, 163.079, 0.005,
034-pdm05ABBAb1, 8.288820, 0.000793239669421, 200.636, 0.153, -152.913, 0.084, 210.189, 0.023, 238.722, 0.085, 249.945, 0.078, 221.996, 0.021, 234.476, 0.024, 276.271, 0.088, 258.287, 0.072, 209.204, 0.02, 236.791, 0.02, 205.472, 0.058,
034-pdm06ABABa1, 8.760550, 0.000618049586777, 196.583, 0.025, 259.161, 0.057, 220.552, 0.033, 236.645, 0.049, 161.307, 0.029, 252.674, 0.049, 195.398, 0.027, 172.156, 0.038, 154.066, 0.035, 236.943, 0.057, 179.93, 0.021, 194.901, 0.039,
034-pdm06ABABb1, 8.968440, 0.000309785123967, 280.006, 0.057, 192.538, 0.025, 287.624, 0.068, 125.032, 0.049, 271.112, 0.051, 238.199, 0.024, 252.442, 0.057, 210.076, 0.025, 261.073, 0.041, 193.996, 0.028, 258.242, 0.05, 168.096, 0.037,
034-pdm06ABBAa1, 8.839730, 0.000700247933884, 206.43, 0.02, 219.117, 0.055, 259.286, 0.067, 258.501, 0.024, 191.178, 0.026, 259.178, 0.07, 255.287, 0.055, 236.358, 0.033, 230.962, 0.03, 258.789, 0.059, 266.387, 0.058, 192.582, 0.023,
034-pdm06ABBAb1, 8.426750, 0.000263140495868, 314.844, 0.064, 255.271, 0.029, 242.283, 0.03, 259.361, 0.06, 250.159, 0.083, 232.87, 0.04, 225.141, 0.033, 236.008, 0.073, 257.02, 0.08, 223.96, 0.035, 220.351, 0.038, 193.734, 0.041,
034-pdm07ABABa1, 9.355370, 0.000659504132231, 208.861, 0.022, 317.44, 0.082, -244.656, 0.081, 262.288, 0.072, 280.194, 0.015, 300.224, 0.06, 214.202, 0.024, 297.482, 0.057, 258.557, 0.014, 325.616, 0.072, 308.546, 0.02, 250.405, 0.056,
034-pdm07ABABb1, 9.512600, 0.000224016528926, 218.337, 0.096, 322.606, 0.025, 287.429, 0.04, 212.817, 0.027, 314.862, 0.06, -237.381, 0.076, 311.429, 0.063, 163.27, 0.02, 329.917, 0.081, 285.695, 0.017, 287.29, 0.062, 232.037, 0.015,
034-pdm07ABBAa1, 8.891980, 0.000642595041322, 242.037, 0.021, 348.652, 0.068, 321.544, 0.068, 242.49, 0.019, 232.607, 0.019, 217.19, 0.074, 307.762, 0.06, 241.916, 0.03, 263.923, 0.015, 311.21, 0.058, 294.71, 0.071, 258.823, 0.019,
034-pdm07ABBAb1, 9.596440, 0.000514727272727, 264.155, 0.038, 239.625, 0.019, 221.172, 0.019, 291.881, 0.062, 302.111, 0.057, 227.56, 0.017, 195.681, 0.022, 323.02, 0.065, 293.491, 0.063, 214.512, 0.016, 271.013, 0.015, 289.702, 0.045,
034-pdm08ABABa1, 8.264550, 0.000300595041322, 289.859, 0.034, 230.995, 0.069, 211.89, 0.038, 245.453, 0.089, 243.814, 0.043, 248.259, 0.08, 203.088, 0.037, 243.834, 0.091, 249.24, 0.035, 247.75, 0.075, 187.212, 0.046, 269.383, 0.081,
034-pdm08ABABb1, 8.578200, 0.000392330578512, 237.351, 0.059, 184.225, 0.03, 223.351, 0.085, 177.867, 0.03, 227.664, 0.073, 151.544, 0.03, 219.92, 0.085, 177.701, 0.045, 247.039, 0.064, 167.324, 0.033, 236.248, 0.073, 174.036, 0.036,
034-pdm08ABBAa1, 8.757830, 0.000281107438017, 228.017, 0.045, 261.644, 0.084, 254.021, 0.082, 215.554, 0.047, 262.099, 0.031, 307.852, 0.098, 257.311, 0.092, 187.169, 0.043, 237.202, 0.033, 263.436, 0.097, 251.963, 0.094, 245.554, 0.034,
034-pdm08ABBAb1, 8.700350, 5.46115702479e-05, 270.391, 0.075, 229.28, 0.032, 222.215, 0.035, 255.987, 0.076, 250.397, 0.066, 193.402, 0.043, 193.929, 0.042, 278.124, 0.082, 232.722, 0.069, 190.636, 0.048, 201.393, 0.041, 212.63, 0.078,
034-pdm09ABABa1, 9.189900, 0.000354, 282.013, 0.025, 179.38, 0.056, 213.879, 0.022, 243.479, 0.052, 243.354, 0.006, 256.97, 0.08, 215.868, 0.024, 222.705, 0.049, 234.045, 0.031, 259.532, 0.058, 238.83, 0.024, 223.898, 0.032,
034-pdm09ABABb1, 9.446140, 0.000683966942149, 233.998, 0.061, 183.186, 0.025, 270.754, 0.067, 197.508, 0.024, 273.621, 0.08, 184.88, 0.021, 223.886, 0.05, 243.227, 0.025, 242.95, 0.047, 208.116, 0.023, 240.388, 0.066, -178.73, 0.053,
034-pdm09ABBAa1, 9.908780, 0.00033305785124, 230.421, 0.027, 255.292, 0.08, 271.409, 0.073, 226.334, 0.039, 205.055, 0.023, 260.765, 0.077, 246.957, 0.076, 176.56, 0.026, 227.879, 0.027, 224.719, 0.051, 246.904, 0.054, 227.302, 0.026,
034-pdm09ABBAb1, 9.549370, 0.00109317355372, 276.369, 0.062, 215.976, 0.027, 193.427, 0.033, 230.593, 0.094, 203.2, 0.077, 172.946, 0.023, 187.555, 0.025, 230.029, 0.067, 277.548, 0.066, 199.49, 0.027, 179.735, 0.023, 245.464, 0.076,
034-pdm10ABABa1, 8.591930, 0.000309818181818, 164.917, 0.041, 220.198, 0.085, 198.286, 0.03, 214.442, 0.089, 140.295, 0.028, 243.239, 0.091, -146.67, 0.047, 185.967, 0.078, 178.113, 0.039, 183.013, 0.077, 148.088, 0.037, 251.45, 0.076,
034-pdm10ABABb1, 8.966470, 0.000495966942149, 261.941, 0.084, 185.189, 0.024, 236.219, 0.08, 200.571, 0.031, 285.327, 0.073, 208.248, 0.036, 224.071, 0.071, 167.294, 0.033, 285.289, 0.08, 188.568, 0.024, 188.746, 0.088, 227.181, 0.03,
034-pdm10ABBAa1, 8.760590, 0.000272512396694, 204.997, 0.044, 205.01, 0.082, 207.722, 0.084, 184.789, 0.042, 179.202, 0.044, 219.73, 0.086, 220.076, 0.07, 192.716, 0.037, 156.338, 0.032, 232.472, 0.1, 231.654, 0.088, -187.447, 0.005,
034-pdm10ABBAb1, 8.535650, 0.000102958677686, 245.387, 0.077, -170.014, 0.005, 142.172, 0.03, 233.146, 0.088, 233.881, 0.081, -148.443, 0.065, 182.608, 0.036, 252.698, 0.076, 239.308, 0.073, 165.649, 0.044, 160.878, 0.033, 183.097, 0.083,
034-pdm11ABABa1, 9.339600, 0.000597157024793, 174.779, 0.005, 265.507, 0.053, 215.553, 0.009, 245.705, 0.066, 280.914, 0.028, 273.233, 0.069, 203.933, 0.025, 264.558, 0.048, 236.527, 0.028, 254.908, 0.066, 229.267, 0.027, 260.276, 0.06,
034-pdm11ABABb1, 9.457210, 0.000392148760331, 286.626, 0.068, 207.915, 0.04, 299.962, 0.076, 220.104, 0.039, 259.973, 0.057, 251.248, 0.031, 314.966, 0.055, 271.391, 0.032, 309.898, 0.063, 234.068, 0.035, 289.78, 0.074, 212.655, 0.028,
034-pdm11ABBAa1, 8.961140, 0.00327474380165, 219.174, 0.031, 303.698, 0.071, 259.738, 0.072, 154.601, 0.005, 255.14, 0.04, 277.173, 0.09, 281.653, 0.058, 230.816, 0.039, 282.822, 0.024, 307.862, 0.079, 270.699, 0.038, 221.842, 0.037,
034-pdm11ABBAb1, 9.138630, 7.91570247934e-05, 278.747, 0.057, 223.777, 0.023, 242.525, 0.038, 218.279, 0.054, 220.756, 0.005, 235.024, 0.016, -177.129, 0.101, 225.976, 0.048, 178.496, 0.117, 203.212, 0.032, 219.348, 0.02, 221.855, 0.044,
034-pdm12ABABa1, 9.023120, 9.42479338843e-05, 197.323, 0.029, 243.357, 0.073, 194.255, 0.025, 228.159, 0.063, 198.338, 0.03, 232.65, 0.07, 206.485, 0.034, 262.209, 0.078, 169.774, 0.027, 230.977, 0.082, 221.764, 0.023, 228.917, 0.057,
034-pdm12ABABb1, 8.742960, 0.000594991735537, 265.338, 0.067, 159.082, 0.026, 225.589, 0.083, 150.657, 0.021, 150.829, 0.086, 181.273, 0.032, 202.875, 0.071, 167.481, 0.035, 243.323, 0.082, -156.743, 0.005, 241.699, 0.085, -129.498, 0.063,
034-pdm12ABBAa1, 9.171340, 0.000130148760331, 231.439, 0.02, 246.955, 0.074, 254.912, 0.084, 217.606, 0.024, 188.789, 0.023, 244.983, 0.083, 258.533, 0.076, 196.53, 0.025, 211.489, 0.03, 267.837, 0.079, 216.296, 0.064, 196.495, 0.021,
034-pdm12ABBAb1, 8.956020, 0.000683140495868, 218.777, 0.074, 210.048, 0.018, 169.184, 0.028, 215.105, 0.083, 180.344, 0.081, 205.786, 0.025, 179.712, 0.022, 222.776, 0.095, 234.623, 0.091, 158.56, 0.03, 192.648, 0.023, 204.859, 0.065,
034-pdn01ABABa1, 8.501350, 0.000252545454545, -148.522, 0.067, 193.539, 0.051, -133.229, 0.058, 188.813, 0.061, 144.884, 0.023, 204.231, 0.065, 141.802, 0.019, 187.895, 0.047, -133.249, 0.063, 218.982, 0.081, 154.292, 0.016, 189.229, 0.074,
034-pdn01ABABb1, 8.345050, 0.000366545454545, 248.756, 0.04, 152.485, 0.02, 243.117, 0.069, 165.288, 0.022, 239.386, 0.077, 158.448, 0.017, 202.12, 0.092, 159.937, 0.005, 224.857, 0.076, 161.531, 0.022, 219.071, 0.066, 174.434, 0.02,
034-pdn01ABBAa1, 8.711400, 0.00014332231405, 147.402, 0.021, 262.706, 0.073, 204.629, 0.073, 166.713, 0.022, -145.399, 0.058, 236.402, 0.067, 235.941, 0.078, 196.68, 0.026, 165.759, 0.023, 202.634, 0.094, 196.627, 0.072, 160.023, 0.055,
034-pdn01ABBAb1, 8.737630, 0.00030705785124, 190.149, 0.058, 151.986, 0.013, 139.837, 0.017, 223.678, 0.068, 226.861, 0.081, 157.53, 0.017, 175.348, 0.015, 256.914, 0.075, 213.77, 0.075, -148.519, 0.064, 145.513, 0.019, 135.189, 0.066,
034-pdn02ABABa1, 9.154000, 0.00025626446281, 153.585, 0.02, 250.459, 0.074, -140.581, 0.005, 187.552, 0.063, 143.803, 0.024, 206.665, 0.068, 183.617, 0.023, 217.821, 0.085, 186.43, 0.03, 221.043, 0.087, 153.744, 0.031, 172.143, 0.038,
034-pdn02ABABb1, 9.215240, 0.000465355371901, 215.712, 0.061, 149.059, 0.019, 178.611, 0.054, -150.174, 0.005, 186.63, 0.096, -120.455, 0.07, 228, 0.071, 141.539, 0.021, 172.994, 0.092, 168.335, 0.017, 213.19, 0.066, 152.197, 0.021,
034-pdn02ABBAa1, 9.176480, 0.000204363636364, 244.364, 0.013, 236.847, 0.059, 262.566, 0.07, 141.446, 0.02, 198.986, 0.018, 220.488, 0.073, 255.835, 0.062, 175.521, 0.014, 176.346, 0.024, 238.96, 0.072, 195.088, 0.045, 142.437, 0.016,
034-pdn02ABBAb1, 9.390090, 0.000188694214876, 276.333, 0.061, 254.112, 0.015, 227.665, 0.017, 275.153, 0.06, 246.335, 0.075, 203.502, 0.018, 222.082, 0.016, 243.272, 0.068, 213.779, 0.09, 206.396, 0.016, 195.188, 0.027, 143.687, 0.056,
034-pdn03ABABa1, 8.870520, 0.000294925619835, 147.05, 0.005, 260.044, 0.064, -147.329, 0.062, 234.503, 0.067, 208.557, 0.02, 247.388, 0.07, 174.045, 0.023, 208.629, 0.09, 183.425, 0.019, 266.02, 0.071, 193.086, 0.02, 225.991, 0.069,
034-pdn03ABABb1, 8.412530, 0.000346380165289, 249.101, 0.054, 179.171, 0.014, 278.436, 0.071, 162.468, 0.02, 270.259, 0.079, 176.531, 0.017, 257.552, 0.073, 198.712, 0.021, 263.845, 0.073, 171.569, 0.019, 248.996, 0.064, 248.382, 0.053,
034-pdn03ABBAa1, 8.755900, 0.000284429752066, 142.418, 0.093, 263.426, 0.059, 264.391, 0.059, 159.284, 0.013, 188.169, 0.014, 239.921, 0.059, 238.798, 0.062, 200.844, 0.014, 176.215, 0.019, 248.374, 0.078, 216.867, 0.079, 198.611, 0.021,
034-pdn03ABBAb1, 8.871390, 0.000130876033058, 236.813, 0.061, 144.636, 0.005, 203.716, 0.013, 252.671, 0.061, 249.886, 0.063, -192.709, 0.062, 221.224, 0.016, 236.872, 0.06, 233.182, 0.059, 184.188, 0.016, 209.872, 0.005, 226.569, 0.053,
034-pdn04ABABa1, 8.847270, 0.000320561983471, 287.206, 0.064, 256.147, 0.06, 227.388, 0.018, 296.829, 0.073, 241.506, 0.015, 274.338, 0.066, 226.659, 0.016, 235.771, 0.051, 216.51, 0.022, 250.048, 0.071, 223.288, 0.033, 287.391, 0.06,
034-pdn04ABABb1, 8.318450, 0.000439157024793, 204.569, 0.06, 175.585, 0.023, 219.569, 0.005, 275.57, 0.204, 223.942, 0.068, -219.677, 0.005, 232.189, 0.064, -188.652, 0.049, 264.466, 0.06, 198.955, 0.028, 244.714, 0.061, 223.618, 0.042,
034-pdn04ABBAa1, 8.892940, 0.00017505785124, 189.882, 0.018, 286.302, 0.059, 263.645, 0.056, 224.616, 0.022, 232.134, 0.035, 214.274, 0.079, 295.973, 0.065, 203.761, 0.007, 230.46, 0.029, 185.293, 0.064, 247.525, 0.053, 262.961, 0.007,
034-pdn04ABBAb1, 8.318740, 0.00138368595041, 253.8, 0.055, -185.206, 0.059, 201.358, 0.022, 234.114, 0.038, 205.424, 0.052, -192.576, 0.062, 248.914, 0.017, 247.676, 0.071, 243.262, 0.006, 211.499, 0.005, 158.736, 0.005, -215.88, 0.059,
034-pdn05ABABa1, 9.159060, 0.000272809917355, 209.926, 0.017, 193.116, 0.058, 197.598, 0.027, 199.703, 0.058, 215.433, 0.026, 213.597, 0.051, 188.624, 0.024, 221.67, 0.051, 184.42, 0.023, 245.141, 0.05, 216.18, 0.02, 163.498, 0.036,
034-pdn05ABABb1, 9.449190, 0.000264082644628, 250.305, 0.063, 170.514, 0.022, 202.389, 0.136, 208.674, 0.025, 239.662, 0.066, 210.811, 0.029, 249.955, 0.077, 158.087, 0.016, 219.25, 0.053, 212.426, 0.017, 242.625, 0.066, 144.629, 0.012,
034-pdn05ABBAa1, 9.360890, 0.000370429752066, 242.796, 0.021, 262.562, 0.06, 253.361, 0.076, 199.182, 0.023, 180.306, 0.029, 254.018, 0.045, 230.853, 0.049, 224.563, 0.023, 216.09, 0.021, 288.607, 0.061, 270.902, 0.044, 158.616, 0.022,
034-pdn05ABBAb1, 9.756120, 0.000158198347107, 261.287, 0.062, 225.616, 0.021, 176.073, 0.022, 208.61, 0.07, 191.171, 0.058, 239.505, 0.018, 175.851, 0.021, 194.294, 0.059, 211.933, 0.067, 230.342, 0.023, 194.557, 0.017, 183.316, 0.055,
034-pdn06ABABa1, 8.676890, 0.000462876033058, 222.559, 0.195, 287.534, 0.053, 304.58, 0.021, 318.645, 0.072, 296.476, 0.022, 307.39, 0.058, 261.482, 0.024, 331.294, 0.052, 284.498, 0.029, 329.699, 0.05, 281.343, 0.029, 294.259, 0.036,
034-pdn06ABABb1, 9.044790, 0.000412876033058, 270.496, 0.059, 208.663, 0.025, 253.515, 0.126, 260.387, 0.043, 283.867, 0.055, 252.42, 0.022, 271.301, 0.07, 228.156, 0.021, 299.935, 0.053, 243.215, 0.02, 253.29, 0.057, 195.367, 0.023,
034-pdn06ABBAa1, 9.189830, 0.000655090909091, 220.979, 0.016, 298.453, 0.051, 312.515, 0.074, 230.294, 0.039, 291.651, 0.02, 267.699, 0.08, 292.107, 0.076, 257.282, 0.03, 218.131, 0.032, 217.138, 0.083, 300.114, 0.067, 240.677, 0.039,
034-pdn06ABBAb1, 8.768650, 0.000368, 320.788, 0.063, 263.807, 0.021, 238.823, 0.024, 308.999, 0.058, 314.067, 0.061, 244.658, 0.022, 291.522, 0.023, 265.924, 0.045, 302.21, 0.073, 256.268, 0.027, 304.434, 0.027, 287.134, 0.049,
034-pdn07ABABa1, 8.551900, 0.000193272727273, 238.434, 0.021, 278.923, 0.076, 214.666, 0.026, 224.126, 0.054, 159.694, 0.026, 277.047, 0.074, 212.844, 0.036, 238.426, 0.075, 190.995, 0.029, 225.93, 0.064, 185.307, 0.025, 200.778, 0.07,
034-pdn07ABABb1, 8.307190, 0.000686909090909, 251.259, 0.076, 166.817, 0.018, 254.741, 0.068, -142.837, 0.052, 238.122, 0.067, 195.066, 0.02, 255.167, 0.067, 151.618, 0.027, 259.192, 0.076, 213.809, 0.02, 182.088, 0.081, 175.774, 0.029,
034-pdn07ABBAa1, 8.397790, 0.000909685950413, 232.25, 0.023, 261.523, 0.095, 263.627, 0.076, 179.341, 0.02, 206.962, 0.02, 281.128, 0.079, 270.651, 0.083, 214.706, 0.017, 194.795, 0.017, 247.648, 0.074, 247.932, 0.085, 161.022, 0.021,
034-pdn07ABBAb1, 8.393340, 0.000312049586777, 259.9, 0.072, 211.854, 0.017, 173.641, 0.02, 254.263, 0.077, 272.915, 0.079, 182.358, 0.019, 200.283, 0.021, 238.267, 0.073, 260.318, 0.082, 194.296, 0.022, 178.708, 0.02, 256.453, 0.068,
034-pdn08ABABa1, 9.496110, 0.00122642975207, 315.766, 0.038, 247.393, 0.057, 271.348, 0.037, 229.105, 0.059, 233.994, 0.027, 242.515, 0.059, 234.024, 0.029, 242.22, 0.048, 252.044, 0.029, 233.035, 0.039, 226.624, 0.027, 268.577, 0.062,
034-pdn08ABABb1, 10.211900, 0.000283834710744, 279.131, 0.07, 248.63, 0.03, 293.528, 0.078, 223.163, 0.023, 269.445, 0.051, 290.291, 0.029, 293.306, 0.062, 265.387, 0.029, 325.451, 0.055, 228.945, 0.032, 270.125, 0.05, 248.565, 0.022,
034-pdn08ABBAa1, 9.872550, 0.000129355371901, 231.198, 0.03, 260.148, 0.078, 250.149, 0.076, 226.109, 0.031, 261.198, 0.029, 251.312, 0.093, 212.031, 0.08, 195.53, 0.046, 233.352, 0.036, 255.674, 0.082, 243.586, 0.071, 232.889, 0.045,
034-pdn08ABBAb1, 10.128700, 0.000557239669421, 258.686, 0.088, 280.277, 0.034, 295.319, 0.027, 261.942, 0.094, 280.995, 0.07, 239.327, 0.035, 277.181, 0.025, 256.263, 0.067, 264.198, 0.077, 240.018, 0.042, 236.489, 0.037, 257.385, 0.054,
034-pdn09ABABa1, 9.742550, 0.000406975206612, 289.614, 0.02, 199.44, 0.039, 219.02, 0.019, 177.02, 0.05, 201.353, 0.059, 230.983, 0.045, 218.343, 0.019, 174.616, 0.044, 174.168, 0.02, 212.123, 0.052, 162.975, 0.02, 204.459, 0.037,
034-pdn09ABABb1, 9.593510, 0.000216776859504, 238.817, 0.057, 231.514, 0.02, 237.297, 0.058, 211.663, 0.02, 224.19, 0.05, 202.574, 0.028, 248.68, 0.062, 166.461, 0.032, 237.263, 0.058, 210.21, 0.022, 216.118, 0.046, 134.144, 0.04,
034-pdn09ABBAa1, 9.891900, 0.000119685950413, 250.062, 0.02, 255.515, 0.059, 254.569, 0.062, 236.092, 0.02, 231.237, 0.026, 240.329, 0.051, 254.605, 0.054, 246.103, 0.019, 173.053, 0.02, 258.542, 0.058, 253.227, 0.069, 213.664, 0.024,
034-pdn09ABBAb1, 10.117600, 0.000380925619835, 234.452, 0.067, 210.15, 0.018, 187.144, 0.018, 180.544, 0.038, 224.569, 0.064, 219.216, 0.017, 189.374, 0.018, 245.172, 0.051, 250.892, 0.066, 176.169, 0.023, 251.385, 0.024, 205.278, 0.045,
034-pdn10ABABa1, 9.768010, 0.000353454545455, 212.103, 0.057, 219.374, 0.072, 213.911, 0.042, 239.833, 0.083, 216.57, 0.043, 229.956, 0.074, 180.643, 0.036, 222.947, 0.064, 200.888, 0.048, 251.59, 0.005, -189.121, 0.066, 205.027, 0.08,
034-pdn10ABABb1, 9.806770, 0.000177504132231, 224.248, 0.057, 237.534, 0.032, 238.238, 0.062, 203.873, 0.032, 240.242, 0.069, 237.761, 0.025, 242.138, 0.073, 191.411, 0.026, 225.981, 0.072, 221.406, 0.029, 258.865, 0.073, 204.396, 0.025,
034-pdn10ABBAa1, 9.718460, 0.00502960330579, 219.953, 0.048, 213.362, 0.078, 236.659, 0.034, 215.213, 0.032, 239.177, 0.081, 249.859, 0.088, 192.889, 0.074, 210.336, 0.029, 227.872, 0.034, 219.06, 0.075, 243.242, 0.067, 213.236, 0.041,
034-pdn10ABBAb1, 10.139000, 0.000386561983471, 224.875, 0.1, 247.723, 0.042, 182.282, 0.028, 250.443, 0.075, 279.227, 0.079, 220.796, 0.034, 186.759, 0.035, 227.894, 0.079, 269.091, 0.086, 221.573, 0.031, 233.57, 0.031, 248.728, 0.075,
034-pdn11ABABa1, 9.978040, 0.000256925619835, 235.04, 0.029, 243.155, 0.057, 253.853, 0.029, 254.052, 0.057, 259.897, 0.034, 265.717, 0.073, 241.844, 0.033, 259.428, 0.054, 239.595, 0.03, 254.372, 0.072, 192.72, 0.032, 259.505, 0.053,
034-pdn11ABABb1, 8.603410, 0.000518, 251.296, 0.07, 214.702, 0.031, 256.027, 0.061, 188.135, 0.042, 253.819, 0.063, 238.117, 0.041, 218.937, 0.074, 193.671, 0.028, 237.833, 0.042, 231.075, 0.054, 248.394, 0.081, 212.347, 0.052,
034-pdn11ABBAa1, 9.943220, 0.000566694214876, 231.795, 0.04, 234.089, 0.076, 240.483, 0.092, 202.583, 0.054, 259.998, 0.042, 197.338, 0.005, 257.505, 0.069, 199.525, 0.027, 224.143, 0.026, 210.155, 0.073, 221.895, 0.102, 214.19, 0.005,
034-pdn11ABBAb1, 10.253000, 0.000597652892562, 237.09, 0.071, 250.67, 0.024, 228.946, 0.025, 225.033, 0.05, 261.903, 0.066, 221.554, 0.033, 262.759, 0.036, 177.967, 0.061, 284.495, 0.055, 265.011, 0.021, 212.867, 0.034, 248.132, 0.053,
034-pdn12ABABa1, 9.661170, 0.000526330578512, 270.043, 0.028, 242.612, 0.064, 258.073, 0.029, 230.584, 0.057, 243.861, 0.031, 289.567, 0.074, 210.201, 0.024, 185.113, 0.066, 223.423, 0.035, 243.915, 0.065, 221.486, 0.022, 220.995, 0.072,
034-pdn12ABABb1, 9.759250, 0.000435719008264, 254.694, 0.055, 204.897, 0.031, 241.011, 0.085, 217.908, 0.026, 211.413, 0.069, 233.066, 0.028, 246.522, 0.07, 180.43, 0.03, 245.789, 0.063, 174.506, 0.005, 242.684, 0.065, 204.075, 0.033,
034-pdn12ABBAa1, 9.819640, 0.000492231404959, 187.135, 0.019, 219.939, 0.081, 233.205, 0.061, 247.607, 0.034, 245.391, 0.021, 279.869, 0.075, 253.64, 0.059, 268.996, 0.03, 246.783, 0.025, 249.223, 0.066, 277.288, 0.076, 226.484, 0.042,
034-pdn12ABBAb1, 9.685700, 0.000587090909091, 223.329, 0.089, 219.907, 0.027, 212.271, 0.032, 248.871, 0.082, 246.206, 0.068, 221.915, 0.04, 192.068, 0.027, 240.205, 0.074, 239.905, 0.076, 182.928, 0.033, 188.813, 0.037, 235.237, 0.066,
034-psm01ABABa1, 9.006160, 0.000266743801653, 173.95, 0.052, 225.893, 0.016, 261.725, 0.053, 152.42, 0.051, 261.031, 0.047, 206.175, 0.021, 268.265, 0.046, 139.529, 0.018, 263.702, 0.045, 197.135, 0.02, 221.517, 0.053, 179.661, 0.021,
034-psm01ABABb1, 9.113020, 0.00156750413223, 192.981, 0.005, 262.849, 0.066, 215.096, 0.02, 262.065, 0.053, -193.06, 0.029, 229.101, 0.034, -187.891, 0.06, 211.836, 0.052, -166.951, 0.047, 191.753, 0.033, 222.62, 0.053, 247.105, 0.069,
034-psm01ABBAa1, 8.997480, 0.000904743801653, 203.633, 0.027, 194.14, 0.009, 185.735, 0.02, 239.551, 0.053, 247.239, 0.054, 154.368, 0.012, 224.598, 0.015, 251.971, 0.075, 250.749, 0.061, -204.39, 0.055, 177.87, 0.017, 234.067, 0.058,
034-psm01ABBAb1, 9.276320, 0.000282925619835, 203.05, 0.016, 212.413, 0.071, 220.297, 0.064, -189.933, 0.07, -199.198, 0.061, 236.831, 0.049, 230.375, 0.053, 226.099, 0.017, -180.624, 0.07, 244.708, 0.058, 176.787, 0.043, 191.708, 0.018,
034-psm02ABABa1, 8.538880, 0.000906049586777, 258.658, 0.046, 223.509, 0.015, 234.374, 0.063, -202.379, 0.075, 237.103, 0.05, 230.893, 0.016, 254.998, 0.042, 246.8, 0.012, 256.342, 0.063, 242.342, 0.013, 130.507, 0.005, -193.107, 0.056,
034-psm02ABABb1, 8.442920, 6.7520661157e-05, 166.715, 0.005, 255.868, 0.059, 208.045, 0.026, 216.441, 0.038, 184.004, 0.005, 236.067, 0.049, 220.009, 0.032, 224.207, 0.041, 202.45, 0.032, 234.31, 0.056, 226.246, 0.025, 266.579, 0.057,
034-psm02ABBAa1, 8.208090, 0.00043532231405, 191.058, 0.041, 239.112, 0.041, 199.68, 0.016, 238.412, 0.049, 268.402, 0.047, 250.707, 0.014, 212.049, 0.016, 239.518, 0.06, 274.91, 0.068, 203.673, 0.022, 178.948, 0.019, 273.348, 0.054,
034-psm02ABBAb1, 8.889480, 0.000258066115702, -145.768, 0.066, 240.916, 0.037, 232.611, 0.044, 196.891, 0.015, -182.833, 0.075, 234.451, 0.039, 224.848, 0.05, 202.426, 0.015, -203.072, 0.072, 225.613, 0.045, 192.168, 0.058, -175.504, 0.077,
034-psm03ABABa1, 9.824150, 0.000934016528926, 179.436, 0.07, 185.434, 0.023, 229.763, 0.075, 211.033, 0.019, 274.812, 0.071, 227.942, 0.025, 229.959, 0.061, 200.809, 0.033, 305.508, 0.079, 177.172, 0.018, 247.637, 0.071, 231.99, 0.032,
034-psm03ABABb1, 9.852270, 0.000804595041322, 213.961, 0.194, 242.055, 0.068, 229.227, 0.017, 283.843, 0.068, 193.832, 0.02, 262.602, 0.06, 229.034, 0.017, 235.072, 0.061, 241.907, 0.02, 257.358, 0.067, 201.649, 0.016, 220.196, 0.057,
034-psm03ABBAa1, 9.897620, 0.00056426446281, 200.608, 0.056, 209.086, 0.017, 250.518, 0.019, 230.641, 0.066, 231.834, 0.06, 185.244, 0.021, 214.561, 0.022, 203.559, 0.05, 256.215, 0.071, 182.713, 0.025, 198.825, 0.025, 200.305, 0.046,
034-psm03ABBAb1, 9.720770, 0.000505289256198, -113.393, 0.005, 231.048, 0.067, 200.802, 0.084, 187.755, 0.029, 172.514, 0.015, 241.917, 0.049, 251.183, 0.059, 177.7, 0.019, 153.816, 0.023, 228.512, 0.06, 224.595, 0.069, 172.729, 0.02,
034-psm04ABABa1, 9.479710, 0.000398809917355, 246.597, 0.066, -179.226, 0.072, 261.143, 0.036, 186.879, 0.012, 220.156, 0.032, 266.059, 0.013, 280.83, 0.048, 145.852, 0.037, 251.348, 0.05, 219.231, 0.01, 248.217, 0.048, 179.897, 0.021,
034-psm04ABABb1, 9.584280, 0.000567338842975, 204.652, 0.012, 242.766, 0.044, 190.65, 0.014, 204.58, 0.037, 184.197, 0.005, 262.819, 0.05, 186.775, 0.009, 205.139, 0.005, -186.371, 0.066, 197.26, 0.06, 198.039, 0.014, -200.212, 0.035,
034-psm04ABBAa1, 8.742240, 0.00186965289256, 220.232, 0.296, 205.26, 0.011, 250.911, 0.013, 243.948, 0.052, 243.369, 0.052, 186.069, 0.005, -169.664, 0.007, 218.565, 0.056, 235.58, 0.042, 240.605, 0.037, 194.478, 0.013, 252.694, 0.035,
034-psm04ABBAb1, 6.594430, 0.0331872892562, 123.528, 0.085, 245.05, 0.045, 252.453, 0.053, 184.409, 0.012, 192.227, 0.011, 242.355, 0.045, 230.807, 0.042, 139.895, 0.009, 192.107, 0.019, 262.659, 0.049, 218.32, 0.036, 169.352, 0.068,
034-psm05ABABa1, 8.769610, 0.000281289256198, 254.319, 0.061, 198.268, 0.03, 192.177, 0.055, 186.659, 0.005, 257.39, 0.057, 200.524, 0.044, 256.811, 0.065, 154.845, 0.051, 234.132, 0.055, 196.296, 0.049, 255.327, 0.072, 166.135, 0.04,
034-psm05ABABb1, 11.175800, 0.0126805619835, 125.283, 0.059, 222.912, 0.023, 71.055, 0.015, 190.989, 0.021, 168.831, 0.022, 226.867, 0.042, 183.359, 0.023, 260.214, 0.043, 162.873, 0.023, 137.359, 0.047, 66.776, 0.011, 107.076, 0.059,
034-psm05ABBAa1, 9.360280, 0.000329884297521, 214.464, 0.021, 251.413, 0.074, 274.565, 0.068, 249.913, 0.051, 256.653, 0.025, 232.405, 0.016, 239.074, 0.027, 253.1, 0.057, 254.557, 0.091, 235.538, 0.022, 204.361, 0.025, 262.12, 0.07,
034-psm05ABBAb1, 8.926630, 0.000484198347107, 230.659, 0.027, 266.152, 0.044, 243.535, 0.057, 160.85, 0.026, 209.413, 0.024, 260.269, 0.044, 263.193, 0.07, 205.186, 0.033, 169.127, 0.1, 230.479, 0.066, 216.613, 0.065, 188.609, 0.032,
034-psm06ABABa1, 8.741430, 0.000142776859504, 249.841, 0.06, 219.533, 0.035, 264.001, 0.068, 241.945, 0.03, 260.489, 0.049, 229.708, 0.032, 222.796, 0.058, 197.053, 0.005, 253.259, 0.043, 237.47, 0.029, 236.072, 0.05, 248, 0.047,
034-psm06ABABb1, 8.783890, 0.000360991735537, 238.817, 0.02, 235.393, 0.05, -178.953, 0.085, 207.191, 0.041, 187.725, 0.03, 264.169, 0.04, 236.055, 0.034, 234.246, 0.057, 231.147, 0.036, 223.312, 0.049, 249.255, 0.044, 233.424, 0.039,
034-psm06ABBAa1, 8.750870, 0.000304595041322, 282.793, 0.054, 222.497, 0.021, 196.035, 0.029, 236.242, 0.053, 245.9, 0.053, 219.53, 0.026, 206.931, 0.027, 229.967, 0.052, 225.882, 0.059, 220.084, 0.03, 206.315, 0.023, 134.691, 0.048,
034-psm06ABBAb1, 8.881090, 0.000481966942149, 206.735, 0.026, 231.325, 0.054, 238.359, 0.069, 217.854, 0.027, 210.394, 0.028, 241.748, 0.077, 245.22, 0.055, 245.523, 0.029, 207.441, 0.022, 238.21, 0.062, 230.928, 0.06, 169.897, 0.024,
034-psm07ABABa1, 8.816270, 0.000227140495868, 237.249, 0.051, 253.428, 0.023, 287.362, 0.053, 239.489, 0.015, 268.187, 0.062, 225.413, 0.018, 261.417, 0.054, 219.426, 0.014, 250.437, 0.048, 248.146, 0.022, 244.042, 0.057, 239.456, 0.02,
034-psm07ABABb1, 9.104240, 0.000493966942149, 169.164, 0.027, 245.796, 0.059, 220.084, 0.018, 257.64, 0.05, 278.735, 0.019, 245.481, 0.062, 237.311, 0.018, 245.601, 0.044, 274.069, 0.021, 229.21, 0.058, 219.184, 0.02, 206.907, 0.04,
034-psm07ABBAa1, 8.943850, 0.000273966942149, 262.504, 0.061, 203.875, 0.031, 242.652, 0.018, 259.411, 0.062, 289.985, 0.069, 240.871, 0.028, 208.639, 0.027, 287.726, 0.074, 282.326, 0.068, 186.847, 0.028, 201.283, 0.026, 269.704, 0.059,
034-psm07ABBAb1, 8.684910, 0.00109990082645, 336.121, 0.04, 272.558, 0.059, 271.377, 0.058, 238.779, 0.032, 241.775, 0.023, 232.089, 0.073, 283.529, 0.063, 227.624, 0.023, 239.187, 0.02, 270.952, 0.074, 201.576, 0.06, 216.534, 0.026,
034-psm08ABABa1, 9.734910, 0.00064547107438, 236.241, 0.058, 202.543, 0.033, 252.593, 0.071, 187.022, 0.037, 266.568, 0.061, 231.985, 0.025, 248.419, 0.067, 201.425, 0.034, 332.081, 0.061, 192.417, 0.033, 268.074, 0.054, 245.293, 0.024,
034-psm08ABABb1, 9.912160, 0.000466595041322, 202.517, 0.017, 235.357, 0.037, 231.636, 0.018, 230.827, 0.039, 192.308, 0.022, 234.498, 0.039, 230.524, 0.016, 221.244, 0.04, 189.103, 0.022, 229.426, 0.036, 229.502, 0.018, 215.212, 0.036,
034-psm08ABBAa1, 9.333770, 0.000725884297521, 290.899, 0.068, 241.658, 0.022, 200.676, 0.026, 222.216, 0.047, 279.757, 0.058, 268.307, 0.023, 217.134, 0.023, 255.87, 0.05, 251.307, 0.044, 201.615, 0.024, 226.304, 0.018, 248.777, 0.054,
034-psm08ABBAb1, 9.461360, 0.00104515702479, 218.244, 0.121, 286.55, 0.056, 301.703, 0.052, 266.009, 0.022, 250.51, 0.02, 257.87, 0.062, 290.057, 0.074, 263.822, 0.025, 189.964, 0.023, 245.405, 0.062, 247.002, 0.042, 196.047, 0.024,
034-psm09ABABa1, 9.121630, 0.000596066115702, 262.103, 0.068, 221.426, 0.041, 241.656, 0.084, 200.597, 0.051, 234.867, 0.062, 210.964, 0.048, 228.622, 0.061, 190.772, 0.048, 273.4, 0.079, 244.593, 0.059, 257.231, 0.077, 188.925, 0.043,
034-psm09ABABb1, 9.407350, 0.000310909090909, 235.07, 0.026, 267.702, 0.069, 187.44, 0.023, 202.201, 0.057, 226.216, 0.022, 249.52, 0.061, 218.201, 0.03, 212.932, 0.056, 156.029, 0.03, 242.247, 0.064, 198.658, 0.026, 149.092, 0.055,
034-psm09ABBAa1, 10.056500, 0.000229603305785, 302.894, 0.065, 215.196, 0.025, 234.042, 0.026, 225.813, 0.071, 275.042, 0.061, 218.718, 0.027, 240.566, 0.031, 254.559, 0.063, 268.12, 0.068, 174.375, 0.023, 206.54, 0.025, 232.212, 0.063,
034-psm09ABBAb1, 9.637750, 0.000369702479339, 203.711, 0.022, 181.314, 0.075, 260.488, 0.07, 222.296, 0.028, 248.893, 0.025, 172.448, 0.076, 261.719, 0.065, 225.405, 0.026, 218.386, 0.035, 218.681, 0.064, 243.584, 0.079, 213.113, 0.023,
034-psm10ABABa1, 9.814820, 0.000278561983471, 243.952, 0.062, 169.016, 0.036, 272.984, 0.074, 216.359, 0.025, 254.898, 0.08, -191.312, 0.005, 253.413, 0.067, 199.61, 0.03, 247.898, 0.073, 215.983, 0.029, 224.238, 0.051, -194.442, 0.037,
034-psm10ABABb1, 9.805520, 0.000107454545455, 219.133, 0.029, 260.176, 0.058, 246.393, 0.025, 248.311, 0.054, 231.121, 0.026, 238.496, 0.051, 208.395, 0.024, 208.1, 0.07, 198.456, 0.019, 243.62, 0.058, 238.487, 0.023, 169.166, 0.033,
034-psm10ABBAa1, 9.889460, 0.000562016528926, 317.694, 0.062, 236.061, 0.022, 210.913, 0.027, 251.282, 0.057, 287.238, 0.067, 228.518, 0.025, 210.487, 0.031, 277.485, 0.068, 297.326, 0.069, 192.368, 0.023, 197.513, 0.035, 238.549, 0.055,
034-psm10ABBAb1, 9.227300, 0.000426330578512, 289.31, 0.019, 276.412, 0.055, 242.365, 0.049, -177.758, 0.019, 211.681, 0.024, 268.661, 0.054, 283.543, 0.068, 171.759, 0.021, 243.289, 0.018, 287.483, 0.065, 240.299, 0.053, 202.204, 0.016,
034-psm11ABABa1, 9.594170, 0.000593107438017, 251.908, 0.063, 218.127, 0.032, 282.856, 0.077, 169.861, 0.033, 277.446, 0.057, 223.079, 0.043, 268.7, 0.085, 275.947, 0.042, 258.505, 0.064, 251.365, 0.03, 245.429, 0.07, 157.578, 0.04,
034-psm11ABABb1, 9.840230, 0.000521636363636, 196.889, 0.029, 259.436, 0.066, 223.218, 0.028, 260.945, 0.07, 278.874, 0.03, 237.133, 0.059, 201.934, 0.027, 207.528, 0.061, -207.926, 0.088, 243.483, 0.069, 211.142, 0.035, 228.2, 0.057,
034-psm11ABBAa1, 9.833060, 0.00102750413223, 251.151, 0.083, 219.806, 0.036, 254.012, 0.034, 250.213, 0.07, 303.161, 0.072, 262.887, 0.028, 222.131, 0.034, 253.12, 0.072, 285.224, 0.036, 253.689, 0.035, 231.833, 0.032, 244.25, 0.063,
034-psm11ABBAb1, 9.739350, 0.000726958677686, -140.989, 0.016, 211.072, 0.077, 290.847, 0.062, 226.709, 0.029, 163.025, 0.032, 241.557, 0.078, 305.266, 0.079, 214.243, 0.034, 223.459, 0.037, 272.08, 0.074, 264.708, 0.079, 225.943, 0.032,
034-psm12ABABa1, 9.691340, 0.000457636363636, 228.224, 0.073, 197.419, 0.032, 269.536, 0.07, 251.171, 0.026, 254.587, 0.067, 238.628, 0.033, 253.583, 0.068, 237.63, 0.048, 228.965, 0.078, 192.137, 0.04, 226.957, 0.078, 230.755, 0.069,
034-psm12ABABb1, 9.352090, 0.000215090909091, 213.58, 0.029, 255.258, 0.057, 206.826, 0.03, 246.846, 0.056, 194.376, 0.042, 220.481, 0.062, 215.959, 0.05, 238.027, 0.08, 214.025, 0.038, 230.095, 0.065, 206.561, 0.047, 224.193, 0.115,
034-psm12ABBAa1, 9.412930, 0.000491603305785, 314.17, 0.073, 216.488, 0.018, 204.207, 0.021, 268.183, 0.073, 229.573, 0.091, 237.18, 0.028, 232.772, 0.018, 256.355, 0.084, 240.643, 0.086, 231.474, 0.028, 187.074, 0.023, 219.813, 0.125,
034-psm12ABBAb1, 10.039200, 0.000386247933884, 174.114, 0.029, 238.726, 0.07, 205.276, 0.068, 225.764, 0.031, 232.682, 0.018, 252.469, 0.08, 217.495, 0.089, 271.28, 0.022, 227.845, 0.021, 249.503, 0.077, 208.323, 0.069, 160.781, 0.021,
034-psn01ABABa1, 8.243410, 0.00131183471074, 183.937, 0.053, 184.083, 0.019, 188.561, 0.065, 239.086, 0.017, 281.765, 0.068, 201.995, 0.017, 260.123, 0.073, 234.319, 0.03, 265.979, 0.071, 146.793, 0.005, 192.373, 0.061, -211.401, 0.078,
034-psn01ABABb1, 7.911830, 0.000766512396694, -159.974, 0.116, 245.358, 0.068, -167.418, 0.061, 238.501, 0.061, 238.089, 0.024, 253.477, 0.057, 185.212, 0.017, 193.081, 0.079, -206.722, 0.005, 221.103, 0.059, 201.929, 0.005, 238.245, 0.044,
034-psn01ABBAa1, 8.147520, 0.000747834710744, 230.494, 0.058, 183.099, 0.022, 203.113, 0.008, 224.392, 0.073, 195.446, 0.058, -179.597, 0.067, 196.597, 0.006, 223.041, 0.066, 169.044, 0.058, 181.967, 0.005, 199.605, 0.022, -149.584, 0.056,
034-psn01ABBAb1, 8.069030, 0.00126727272727, 227.665, 0.014, 244.31, 0.07, 263.135, 0.067, -233.43, 0.059, -187.061, 0.053, 269.1, 0.076, 233.687, 0.087, 233.995, 0.008, 264.945, 0.028, 192.925, 0.009, 255.509, 0.08, 193.168, 0.007,
034-psn02ABABa1, 8.909170, 0.000444809917355, 222.755, 0.052, 201.689, 0.017, 264.855, 0.087, 169.821, 0.008, 241.66, 0.065, -187.141, 0.057, 226.939, 0.072, -189.83, 0.064, 269.094, 0.053, 211.676, 0.018, 211.119, 0.124, 207.881, 0.017,
034-psn02ABABb1, 9.123680, 0.000201867768595, 201.292, 0.016, 247.815, 0.061, 251.577, 0.014, 270.744, 0.055, 220.207, 0.019, 197.988, 0.06, 220.332, 0.024, 207.59, 0.054, 195.386, 0.032, 247.022, 0.065, 235.569, 0.02, 252.309, 0.06,
034-psn02ABBAa1, 8.839900, 0.000197685950413, 146.417, 0.005, 248.919, 0.012, 216.424, 0.017, 254.336, 0.06, 255.819, 0.066, 240.767, 0.024, 213.138, 0.015, 245.501, 0.072, 229.921, 0.058, 209.209, 0.02, 197.031, 0.023, 201.127, 0.072,
034-psn02ABBAb1, 9.188560, 0.000122148760331, 122.005, 0.005, 227.681, 0.04, 214.928, 0.049, 205.333, 0.005, 214.586, 0.005, 220.709, 0.052, 223.911, 0.056, 223.557, 0.005, -173.149, 0.063, 265.119, 0.064, 229.96, 0.064, 192.709, 0.005,
034-psn03ABABa1, 8.802640, 0.000645338842975, 232.729, 0.06, 196.841, 0.028, 262.314, 0.078, -169.764, 0.053, 276.844, 0.076, -182.714, 0.059, 245.8, 0.093, -189.093, 0.06, 277.028, 0.08, 196.499, 0.005, 240.628, 0.093, -183.614, 0.005,
034-psn03ABABb1, 9.504910, 0.000285719008264, 194.288, 0.023, 272.784, 0.064, -136.616, 0.078, 225.485, 0.048, 177.462, 0.022, 258.97, 0.058, 194.858, 0.023, 218.392, 0.059, 153.792, 0.023, 237.598, 0.049, 182.81, 0.005, 219.822, 0.05,
034-psn03ABBAa1, 9.069980, 0.000205338842975, 245.899, 0.055, 174.101, 0.014, -174.838, 0.064, 227.87, 0.07, 224.372, 0.069, 148.164, 0.016, -164.344, 0.005, 208.977, 0.072, 189.104, 0.084, 157.243, 0.023, -143.697, 0.005, 199.637, 0.005,
034-psn03ABBAb1, 8.951100, 0.00051132231405, 209.535, 0.067, 261.047, 0.058, 218.581, 0.072, 173.437, 0.02, 187.727, 0.022, 253.548, 0.091, 234.7, 0.08, 191.061, 0.02, -179.27, 0.051, 223.237, 0.091, 197.83, 0.066, 199.747, 0.018,
034-psn04ABABa1, 9.252910, 0.00013947107438, 217.847, 0.045, 186.744, 0.005, 227.245, 0.051, 170.075, 0.013, 222.01, 0.046, -168.997, 0.067, 254.316, 0.067, -167.362, 0.053, 204.449, 0.06, -164.168, 0.071, 232.517, 0.064, 138.858, 0.037,
034-psn04ABABb1, 8.758350, 0.000339966942149, -205.534, 0.06, 203.668, 0.056, 201.228, 0.009, 199.638, 0.054, -177.431, 0.07, -175.391, 0.058, 183.801, 0.014, 221.41, 0.049, 200.179, 0.014, 252.791, 0.071, 219.902, 0.013, 230.768, 0.033,
034-psn04ABBAa1, 8.716940, 0.000178776859504, 201.056, 0.059, -182.18, 0.005, 191.353, 0.02, 226.526, 0.048, 260.294, 0.046, 218.24, 0.024, 186.555, 0.005, 209.648, 0.046, 216.467, 0.064, -180.465, 0.062, 193.888, 0.016, 217.376, 0.051,
034-psn04ABBAb1, 9.219010, 0.000166016528926, -184.037, 0.062, 271.95, 0.059, 252.168, 0.066, 191.378, 0.007, 213.281, 0.012, 207.493, 0.063, 237.064, 0.057, -186.616, 0.059, 175.45, 0.005, 231.26, 0.055, 208.665, 0.062, 208.915, 0.013,
034-psn05ABABa1, 9.253310, 0.0010873553719, 243.572, 0.063, 274.202, 0.023, 264.23, 0.065, 210.01, 0.02, 250.453, 0.048, 146.308, 0.017, 277.106, 0.055, 257.778, 0.025, 283.128, 0.056, 277.026, 0.021, 262.535, 0.043, 263.976, 0.024,
034-psn05ABABb1, 9.761130, 0.000976611570248, 289.47, 0.023, 304.078, 0.054, 244.334, 0.02, 284.923, 0.053, 276.264, 0.02, 283.785, 0.055, 264.98, 0.024, 212.854, 0.029, 177.851, 0.022, 214.827, 0.043, 226.628, 0.021, 203.844, 0.039,
034-psn05ABBAa1, 9.711340, 0.0027373553719, 263.597, 0.022, 226.361, 0.066, 217.175, 0.02, 239.858, 0.057, 233.73, 0.021, 223.971, 0.019, 227.758, 0.019, 166.612, 0.103, 243.415, 0.061, 170.986, 0.017, 271.255, 0.019, 238.94, 0.039,
034-psn05ABBAb1, 9.594960, 0.00126910743802, 248.566, 0.027, 289.155, 0.09, 288.898, 0.066, 162.535, 0.022, 238.656, 0.016, 293.904, 0.061, 316.949, 0.079, 187.372, 0.035, 269.19, 0.028, 270.79, 0.072, 246.772, 0.061, 147.421, 0.023,
034-psn06ABABa1, 7.824740, 0.00101408264463, 307.262, 0.053, 228.36, 0.038, 283.99, 0.069, 199.232, 0.029, 215.805, 0.082, 248.16, 0.031, 213.133, 0.075, 244.446, 0.05, 263.832, 0.074, 280.269, 0.051, 235.767, 0.073, 220.782, 0.055,
034-psn06ABABb1, 8.081530, 0.000558595041322, 261.821, 0.021, 226.659, 0.06, 253.34, 0.03, 239.904, 0.046, 233.12, 0.029, 246.744, 0.034, 261.486, 0.029, 226.313, 0.07, 270.152, 0.028, 208.904, 0.027, 240.231, 0.045, 263.689, 0.061,
034-psn06ABBAa1, 8.069700, 0.000989157024793, 272.184, 0.082, 304.38, 0.033, 255.192, 0.036, 266.761, 0.092, 196.849, 0.083, 229.741, 0.025, 210.968, 0.031, 227.043, 0.037, 250.101, 0.064, 249.133, 0.024, 237.383, 0.019, 263.511, 0.157,
034-psn06ABBAb1, 7.173190, 0.00102115702479, 210.632, 0.026, 282.76, 0.097, 279.147, 0.066, 241.002, 0.027, 241.413, 0.028, 277.037, 0.086, 166.51, 0.098, 211.559, 0.031, 215.469, 0.025, 260.188, 0.058, 185.435, 0.092, 189.305, 0.031,
034-psn07ABABa1, 8.723130, 0.000154049586777, 249.827, 0.07, 221.239, 0.026, 241.87, 0.062, 203.153, 0.038, 261.602, 0.082, 190.894, 0.021, 244.381, 0.075, 220.904, 0.022, 265.312, 0.067, 192.683, 0.024, 233.499, 0.065, 149.391, 0.026,
034-psn07ABABb1, 8.705610, 0.000188198347107, 236.956, 0.029, 252.333, 0.045, 205.988, 0.021, 267.49, 0.087, 230.705, 0.018, 260.588, 0.058, 207.784, 0.017, 210.342, 0.055, 198.514, 0.017, 241.541, 0.044, 168.072, 0.024, 232.839, 0.064,
034-psn07ABBAa1, 8.446300, 0.000370198347107, 290.767, 0.076, 173.478, 0.025, 184.977, 0.019, 230.667, 0.067, 241.655, 0.087, 163.843, 0.022, 216.994, 0.018, 222.44, 0.073, 226.443, 0.066, 222.909, 0.021, 233.53, 0.02, 168.216, 0.165,
034-psn07ABBAb1, 8.282630, 0.000137884297521, 216.126, 0.022, 217.925, 0.056, 249.155, 0.059, 195.115, 0.024, 192.912, 0.021, 269.403, 0.073, 267.874, 0.074, 187.016, 0.027, 214.941, 0.027, 242.918, 0.068, 259.269, 0.067, 217.649, 0.02,
034-psn08ABABa1, 9.021420, 0.000129719008264, 241.666, 0.064, 203.972, 0.024, 274.048, 0.09, 276.861, 0.022, 233.641, 0.08, 247.152, 0.041, 276.019, 0.072, 215.676, 0.041, 268.716, 0.066, 213.238, 0.031, 252.712, 0.07, 235.717, 0.049,
034-psn08ABABb1, 9.156960, 0.000134991735537, 210.412, 0.021, 251.602, 0.053, 198.333, 0.034, 219.005, 0.056, 175.03, 0.022, 221.904, 0.044, 215.876, 0.025, 201.142, 0.059, 251.108, 0.023, 227.866, 0.056, 205.311, 0.026, 198.204, 0.056,
034-psn08ABBAa1, 8.975940, 0.000401884297521, 254.856, 0.074, 196.443, 0.03, 212.648, 0.026, 272.962, 0.067, 284.903, 0.079, 217.808, 0.031, 154.977, 0.025, 247.968, 0.066, 278.637, 0.071, 193.354, 0.033, 204.717, 0.031, 178.502, 0.111,
034-psn08ABBAb1, 9.140510, 0.000122066115702, 235.959, 0.025, 238.254, 0.068, 224.456, 0.07, 204.844, 0.02, 269.806, 0.02, 240.643, 0.064, 271.587, 0.078, 210.833, 0.03, 196.974, 0.026, 217.443, 0.066, 289.02, 0.07, 270.099, 0.021,
034-psn09ABABa1, 9.439190, 0.000352958677686, 290.939, 0.083, 200.747, 0.028, 238.392, 0.056, 200.603, 0.045, 259.71, 0.059, 192.518, 0.04, 268.659, 0.076, 196.523, 0.031, 286.597, 0.078, 237.481, 0.039, 272.988, 0.067, 227.407, 0.04,
034-psn09ABABb1, 9.080230, 0.00127570247934, 278.051, 0.234, 270.955, 0.07, 250.8, 0.03, 238.665, 0.059, 208.772, 0.026, 272.415, 0.055, 216.244, 0.049, 236.168, 0.048, 199.595, 0.026, 263.174, 0.054, 167.393, 0.038, 140.339, 0.053,
034-psn09ABBAa1, 8.647100, 0.00104514049587, 291.055, 0.074, 203.058, 0.029, 249.486, 0.024, 249.442, 0.08, 205.415, 0.07, 212.804, 0.058, 200.285, 0.022, 236.617, 0.038, 199.841, 0.076, 184.091, 0.059, 210.342, 0.035, 164.195, 0.082,
034-psn09ABBAb1, 8.965860, 0.00347041322314, -170.918, 0.084, 182.796, 0.013, 226.671, 0.062, -180.046, 0.056, 212.158, 0.022, 258.951, 0.056, 259.827, 0.056, 230.349, 0.014, 224.333, 0.021, 253.228, 0.065, 292.473, 0.08, 202.391, 0.026,
034-psn10ABABa1, 9.782870, 0.000538198347107, 277.104, 0.043, 187.033, 0.029, 286.722, 0.06, 223.792, 0.021, 205.341, 0.056, 171.199, 0.031, 273.561, 0.05, 160.086, 0.033, 254.498, 0.06, 189.707, 0.021, 210.028, 0.048, 188.988, 0.025,
034-psn10ABABb1, 9.325070, 0.000670066115702, 239.304, 0.028, 269.903, 0.066, 275.099, 0.039, 264.544, 0.07, 213.57, 0.048, 271.58, 0.071, 232.55, 0.045, 238.045, 0.053, 236.256, 0.048, 210.879, 0.053, 182.183, 0.044, 194.308, 0.076,
034-psn10ABBAa1, 8.127620, 0.00264251239669, 235.391, 0.056, 234.82, 0.022, 212.932, 0.017, 237.856, 0.07, 256.879, 0.073, 248.923, 0.019, 263.161, 0.025, 207.932, 0.059, 217.228, 0.066, 224.83, 0.018, 250.071, 0.015, 217.111, 0.046,
034-psn10ABBAb1, 9.874420, 0.00142042975207, 288.772, 0.024, 231.538, 0.062, 292.609, 0.058, 238.735, 0.017, 231.539, 0.022, 244.09, 0.041, 250.223, 0.071, 251.35, 0.019, 232.115, 0.028, 228.977, 0.04, 221.91, 0.049, 253.329, 0.021,
034-psn11ABABa1, 10.070400, 0.000363107438017, 214.254, 0.057, 223.806, 0.033, 313.371, 0.09, 230.555, 0.042, 275.666, 0.066, 223.542, 0.045, 255.941, 0.075, 253.691, 0.034, 284.691, 0.056, 236.24, 0.031, 314.606, 0.057, 230.821, 0.042,
034-psn11ABABb1, 10.056000, 0.000560743801653, 216.39, 0.033, 282.238, 0.068, 249.39, 0.026, 240.638, 0.054, 231.881, 0.031, 281.806, 0.081, 271.297, 0.032, 223.767, 0.065, 275.578, 0.028, 241.806, 0.066, 191.869, 0.022, 236.326, 0.048,
034-psn11ABBAa1, 10.161600, 0.000576876033058, 310.278, 0.069, 278.053, 0.026, 246.983, 0.028, 291.948, 0.048, 281.316, 0.067, 279.065, 0.036, 213.581, 0.028, 300.368, 0.063, 283.697, 0.066, 302.022, 0.026, 288.659, 0.036, 257.19, 0.059,
034-psn11ABBAb1, 9.978460, 0.000503818181818, 191.722, 0.021, 292.61, 0.065, 282.44, 0.059, 222.851, 0.026, 251.042, 0.023, 261.768, 0.067, 288.553, 0.05, 270.949, 0.022, 276.644, 0.017, 245.041, 0.051, 278.618, 0.06, -198.173, 0.071,
034-psn12ABABa1, 8.610870, 0.000495338842975, 249.929, 0.067, 173.497, 0.03, 247.918, 0.08, 165.063, 0.005, 219.324, 0.089, 171.525, 0.048, 212.104, 0.07, 116.676, 0.057, 234.382, 0.074, 139.194, 0.037, 222.017, 0.077, 181.824, 0.059,
034-psn12ABABb1, 8.831540, 0.000430991735537, 241.69, 0.022, 262.719, 0.078, -132.577, 0.051, 228.464, 0.084, 175.529, 0.029, 250.821, 0.076, 177.071, 0.039, 226.974, 0.081, 188.308, 0.057, 233.476, 0.068, 132.227, 0.023, 207.088, 0.063,
034-psn12ABBAa1, 9.142000, 0.000387338842975, 260.93, 0.08, 164.894, 0.024, 265.167, 0.021, 192.73, 0.055, 238.624, 0.07, 163.929, 0.018, 171.182, 0.019, 226.227, 0.073, 229.795, 0.073, 191.298, 0.017, 192.387, 0.033, 229.76, 0.067,
034-psn12ABBAb1, 8.979370, 6.66115702479e-05, 225.094, 0.028, 235.866, 0.061, 251.67, 0.079, 180.835, 0.027, 195.063, 0.025, 264.017, 0.076, 242.036, 0.09, 212.952, 0.025, 199.689, 0.03, 277.555, 0.097, 227.41, 0.078, 184.551, 0.022,
