038-pdm01ABABa1, 9.137170, 0.000556561983471, 209.444, 0.018, 250.107, 0.071, -203.788, 0.005, 259.041, 0.084, 201.057, 0.028, 244.752, 0.094, 172.091, 0.045, 239.518, 0.072, -200.017, 0.005, 294.543, 0.086, 211.979, 0.025, 282.097, 0.084,
038-pdm01ABABb1, 12.044700, 0.0128376033058, 212.597, 0.048, 172.452, 0.005, 204.812, 0.031, 184.728, 0.007, 247.474, 0.037, 278.315, 0.043, 286.275, 0.069, 194.389, 0.028, 246.459, 0.039, 178.201, 0.005, 145.993, 0.005, 178.09, 0.005,
038-pdm01ABBAa1, 9.160630, 0.000392727272727, 243.116, 0.018, 288.06, 0.084, 268.985, 0.087, 206.3, 0.021, 221.465, 0.02, 266.345, 0.078, 244.467, 0.077, 184.732, 0.024, 204.394, 0.025, 291.911, 0.098, 227.104, 0.077, 236.493, 0.031,
038-pdm01ABBAb1, 8.462280, 0.000535702479339, 236.337, 0.065, 212.261, 0.029, 218.24, 0.03, 261.342, 0.061, 281.916, 0.066, 240.119, 0.03, 203.301, 0.005, 249.773, 0.074, 317.75, 0.078, 258.885, 0.064, 272.042, 0.037, 311.231, 0.068,
038-pdm02ABABa1, 10.315200, 0.000512247933884, 251.124, 0.016, 261.252, 0.076, 245.602, 0.02, 272.269, 0.07, 234.09, 0.024, 286, 0.066, 254.046, 0.047, 263.707, 0.066, 278.892, 0.035, 283.766, 0.075, 255.569, 0.067, 290.616, 0.102,
038-pdm02ABABb1, 10.336700, 0.000451338842975, 238.179, 0.048, 221.623, 0.012, 273.707, 0.085, 190.801, 0.015, 220.284, 0.087, 204.574, 0.057, 278.353, 0.077, 184.822, 0.058, 250.702, 0.091, 214.822, 0.041, 251.87, 0.076, 220.844, 0.016,
038-pdm02ABBAa1, 10.376000, 0.00271414876033, 205.175, 0.012, 280.887, 0.083, 284.487, 0.058, 217.972, 0.023, 170.065, 0.157, 262.124, 0.085, 292.35, 0.06, 281.994, 0.1, 238.539, 0.026, 311.165, 0.061, 146.937, 0.072, 220.076, 0.009,
038-pdm02ABBAb1, 8.962330, 0.000896247933884, 223.123, 0.078, 182.692, 0.029, -205.853, 0.079, 265.095, 0.068, 250.745, 0.099, 224.034, 0.014, -161.211, 0.075, 292.738, 0.083, 254.968, 0.104, 229.986, 0.017, 148.465, 0.018, 166.441, 0.173,
038-pdm03ABABa1, 13.201600, 0.00960087603306, 261.387, 0.02, 277.939, 0.081, 135.547, 0.044, 231.448, 0.016, 99.0509, 0.072, 177.694, 0.08, 250.752, 0.025, 229.158, 0.104, 126.883, 0.028, 137.401, 0.034, 192.515, 0.042, 248.178, 0.101,
038-pdm03ABABb1, 9.584260, 0.00579801652893, 265.478, 0.037, 233.26, 0.012, 278.353, 0.072, 181.633, 0.013, 292.852, 0.067, 304.237, 0.037, 205.743, 0.089, 275.381, 0.013, 252.172, 0.043, 264.667, 0.022, 213.403, 0.048, 258.775, 0.017,
038-pdm03ABBAa1, 7.392450, 0.00526988429752, 206.433, 0.047, 179.333, 0.022, 191.265, 0.02, 271.884, 0.015, 216.081, 0.014, 200.962, 0.074, 189.476, 0.054, 224.305, 0.015, 266.648, 0.013, 255.482, 0.052, 244.384, 0.043, 135.34, 0.054,
038-pdm03ABBAb1, 8.525460, 0.0112971570248, 255.911, 0.049, 204.03, 0.014, 246.427, 0.014, 224.449, 0.076, 249.747, 0.02, 242.123, 0.016, 220.251, 0.017, 238.736, 0.071, 202.52, 0.084, 257.689, 0.019, 282.708, 0.013, 212.712, 0.081,
038-pdm04ABABa1, 9.457800, 0.000513652892562, 240.564, 0.012, 211.713, 0.065, 188.837, 0.011, 211.792, 0.058, 203.717, 0.011, 150.135, 0.047, 213.69, 0.016, 253.653, 0.081, 163.373, 0.016, 206.652, 0.066, -161.147, 0.061, 230.516, 0.032,
038-pdm04ABABb1, 9.429510, 0.000452628099174, 293.794, 0.069, 196.244, 0.011, 209.504, 0.055, 188.777, 0.016, 220.105, 0.05, 190.329, 0.012, 233.545, 0.079, 220.041, 0.021, 210.727, 0.015, 196.493, 0.012, 195.361, 0.08, 154.783, 0.015,
038-pdm04ABBAa1, 9.709170, 0.00125859504132, 166.681, 0.016, 253.357, 0.05, 189.886, 0.011, 187.615, 0.012, 230.166, 0.045, 230.275, 0.022, 213.424, 0.041, 242.179, 0.015, 198.964, 0.013, 224.769, 0.039, 226.974, 0.049, 197.603, 0.01,
038-pdm04ABBAb1, 8.444580, 0.00588710743802, 354.841, 0.069, 193.235, 0.005, 169.978, 0.012, 268.234, 0.044, 254.874, 0.056, 189.191, 0.083, 184.096, 0.011, 256.609, 0.064, 197.924, 0.013, 151.057, 0.032, 202.501, 0.085, 200.644, 0.026,
038-pdm05ABABa1, 8.280160, 0.00649418181818, 271.551, 0.04, 226.413, 0.087, 194.229, 0.02, 147.375, 0.039, 258.378, 0.044, 219.568, 0.069, 211.205, 0.05, 197.554, 0.072, 148.806, 0.038, 150.864, 0.045, 154.824, 0.023, 191.316, 0.038,
038-pdm05ABABb1, 8.533110, 0.000482561983471, 314.861, 0.07, 204.875, 0.016, 250.107, 0.073, 222.597, 0.017, 253.37, 0.071, 208.438, 0.023, 215.272, 0.037, 232.153, 0.037, 253.09, 0.053, 239.622, 0.086, 214.93, 0.026, 213.607, 0.078,
038-pdm05ABBAa1, 9.325310, 0.000789454545455, 242.26, 0.021, 278.666, 0.088, 242.663, 0.083, 209.794, 0.022, 208.742, 0.024, 250.008, 0.089, 244.641, 0.064, 156.608, 0.041, -215.171, 0.077, 160.279, 0.095, 242.425, 0.067, 280.673, 0.027,
038-pdm05ABBAb1, 1.922600, 0.0071618677686, 219.38, 0.325, 165.468, 0.299, 137.969, 0.041, 154.43, 0.245, 146.61, 0.062, 164.709, 0.207, 173.325, 0.142, 151.724, 0.084, 116.996, 0.198, 157.854, 0.084, 166.734, 0.159, 186.261, 0.171,
038-pdm06ABABa1, 8.433900, 0.00034347107438, 231.588, 0.027, 184.623, 0.09, 192.155, 0.033, 274.788, 0.061, 218.764, 0.034, 247.127, 0.067, 278.286, 0.026, 284.065, 0.067, 216.94, 0.026, 234.678, 0.049, 257.465, 0.02, 246.847, 0.063,
038-pdm06ABABb1, 8.004850, 0.000325421487603, 222.926, 0.064, 206.177, 0.016, 217.909, 0.068, 209.492, 0.019, 200.354, 0.053, -186.568, 0.005, 194.299, 0.047, 205.749, 0.051, 200.629, 0.029, 225.943, 0.064, 210.734, 0.043, 126.534, 0.067,
038-pdm06ABBAa1, 8.922210, 0.000214611570248, 191.942, 0.023, 260.397, 0.072, 219.042, 0.066, 231.03, 0.028, 178.706, 0.019, 244.125, 0.061, 239.903, 0.059, 213.061, 0.025, 199.151, 0.024, 224.357, 0.058, 241.467, 0.06, 236.544, 0.027,
038-pdm06ABBAb1, 7.129010, 0.0105478347107, 230.08, 0.051, 294.884, 0.024, 259.356, 0.025, 301.525, 0.089, 282.605, 0.084, 261.906, 0.024, 256.858, 0.02, 283.168, 0.083, 232.129, 0.091, 124.913, 0.008, 292.721, 0.078, 321.61, 0.028,
038-pdm07ABABa1, 9.037290, 0.00054305785124, 289.82, 0.02, 308.427, 0.058, 304.34, 0.018, 283.688, 0.078, 271.409, 0.031, 318.883, 0.088, 325.011, 0.027, 203.195, 0.091, 278.432, 0.036, 279.011, 0.078, 295.123, 0.047, 261.615, 0.072,
038-pdm07ABABb1, 8.469030, 0.000377867768595, 157.188, 0.166, 287.665, 0.021, 283.532, 0.067, 250.997, 0.023, 278.373, 0.072, 273.689, 0.047, 296.986, 0.083, 254.896, 0.026, 323.274, 0.078, 310.269, 0.026, 287.517, 0.029, 272.102, 0.07,
038-pdm07ABBAa1, 6.956200, 0.00169368595041, 280.677, 0.283, 255.223, 0.061, 267.344, 0.053, 238.02, 0.07, 251.379, 0.027, 190.504, 0.071, 281.531, 0.062, 238.906, 0.025, 261.921, 0.062, 201.087, 0.103, 160.254, 0.084, 256.835, 0.031,
038-pdm07ABBAb1, 9.295520, 0.0010440661157, 200.919, 0.018, 294.7, 0.025, 282.429, 0.022, 300.509, 0.06, 343.113, 0.074, 229.062, 0.029, 266.951, 0.03, 225.628, 0.074, 252.736, 0.071, 251.101, 0.025, 181.423, 0.031, 308.265, 0.076,
038-pdm08ABABa1, 7.796490, 0.00929042975207, 269.025, 0.022, 296.802, 0.089, 294.241, 0.028, 255.964, 0.09, 266.44, 0.024, 274.99, 0.08, 212.484, 0.034, 264.651, 0.075, 122.981, 0.095, 295.657, 0.093, 223.929, 0.058, 276.408, 0.092,
038-pdm08ABABb1, 8.311620, 0.000906809917355, 311.598, 0.07, 226.455, 0.026, 257.469, 0.106, 209.887, 0.021, 238.672, 0.087, -147.031, 0.08, 247.143, 0.088, 159.684, 0.038, 238.176, 0.098, -148.915, 0.078, 246.614, 0.103, 172.218, 0.029,
038-pdm08ABBAa1, 7.583760, 0.0273661818182, 237.939, 0.037, 255.669, 0.08, 286.955, 0.09, 174.226, 0.085, -114.327, 0.005, 228.452, 0.022, 252.483, 0.113, 179.307, 0.057, 292.577, 0.052, 246.302, 0.08, 232.221, 0.112, 195.302, 0.037,
038-pdm08ABBAb1, 8.737500, 0.000222231404959, 270.25, 0.063, -141.832, 0.076, 200.087, 0.04, -157.505, 0.016, 269.957, 0.086, 187.647, 0.028, 201.374, 0.017, 257.21, 0.075, 275.662, 0.078, 157.609, 0.022, 203.583, 0.039, 263.775, 0.087,
038-pdm09ABABa1, 9.220720, 0.00102023140496, 238.059, 0.03, 271.79, 0.1, 253.175, 0.037, 261.336, 0.103, 293.038, 0.035, 246.985, 0.089, 218.108, 0.049, 232.731, 0.075, 250.988, 0.044, 235.124, 0.075, 164.599, 0.076, 239.768, 0.056,
038-pdm09ABABb1, 9.692670, 0.000585520661157, 258.549, 0.07, 214.522, 0.023, 257.3, 0.077, 225.153, 0.029, 248.898, 0.097, 251.362, 0.03, 239.227, 0.077, 240.688, 0.036, 250.176, 0.07, 257.295, 0.03, 275.62, 0.082, 219.738, 0.024,
038-pdm09ABBAa1, 7.968540, 0.0345942479339, 231.913, 0.113, 268.246, 0.075, 218.754, 0.075, 199.088, 0.037, 118.151, 0.005, 251.636, 0.05, 203.111, 0.073, 122.782, 0.052, 153.42, 0.028, 292.511, 0.055, 196.556, 0.005, 232.319, 0.028,
038-pdm09ABBAb1, 7.467480, 0.00614133884298, 315.934, 0.076, 235.182, 0.03, 225.342, 0.042, 273.213, 0.068, 232.008, 0.096, 221.366, 0.024, 264.817, 0.041, 210.437, 0.227, 247.537, 0.028, 250.298, 0.052, 188.313, 0.075, 224.584, 0.081,
038-pdm10ABABa1, 8.511050, 0.000497719008264, 206.978, 0.029, 270.349, 0.099, 125.527, 0.086, 176.508, 0.091, 175.699, 0.031, 250.723, 0.082, -112.299, 0.06, 195.435, 0.082, 206.743, 0.048, 146.068, 0.083, 173.378, 0.054, 169.675, 0.094,
038-pdm10ABABb1, 8.050840, 0.000500181818182, 270.832, 0.084, -152.902, 0.034, 164.358, 0.04, 257.884, 0.08, 235.714, 0.102, -157.68, 0.093, 162.918, 0.065, -146.342, 0.07, 246.273, 0.092, 198.964, 0.089, 181.033, 0.071, 134.842, 0.047,
038-pdm10ABBAa1, 7.766710, 0.000926330578512, 190.305, 0.016, 244.861, 0.093, 222.547, 0.093, 181.714, 0.024, 222.042, 0.036, 219.37, 0.091, 192.316, 0.075, 220.328, 0.044, 288.289, 0.022, 257.134, 0.101, 195.969, 0.077, 226.221, 0.028,
038-pdm10ABBAb1, 8.892930, 6.85123966942e-05, 248.578, 0.081, 180.055, 0.033, 143.333, 0.032, 248.199, 0.082, 251.989, 0.073, 153.166, 0.054, 180.635, 0.029, 255.265, 0.079, 234.27, 0.062, 177.708, 0.038, -128.398, 0.035, 230.922, 0.081,
038-pdm11ABABa1, 9.668810, 0.00514105785124, 248.317, 0.032, 276.564, 0.09, 265.105, 0.026, 259.562, 0.086, 258.669, 0.03, 261.649, 0.088, 219.536, 0.037, 243.743, 0.082, 270.218, 0.053, 247.616, 0.079, 167.83, 0.048, 183.342, 0.037,
038-pdm11ABABb1, 8.692890, 0.000340363636364, 248.901, 0.072, 264.598, 0.157, 276.971, 0.104, 217.357, 0.057, 311.099, 0.091, 261.292, 0.065, 274.644, 0.087, 219.015, 0.051, 304.066, 0.083, 250.579, 0.064, 285.279, 0.083, 227.896, 0.005,
038-pdm11ABBAa1, 8.532440, 0.000683603305785, 246.58, 0.033, 287.77, 0.118, 262.96, 0.088, 178.761, 0.068, 208.456, 0.037, 291.253, 0.077, 261.554, 0.103, 192.454, 0.053, 250.944, 0.033, 275.064, 0.079, 255.42, 0.043, 245.516, 0.051,
038-pdm11ABBAb1, 7.525770, 0.0104091735537, 264.091, 0.067, 233.797, 0.021, 267.658, 0.038, 289.299, 0.073, 280.784, 0.065, 288.265, 0.036, 260.702, 0.038, 248.133, 0.072, 303.406, 0.035, 158.419, 0.018, 278.093, 0.213, 313.168, 0.067,
038-pdm12ABABa1, 9.078910, 0.000324727272727, 265.671, 0.026, 264.296, 0.081, 207.897, 0.028, 179.741, 0.116, 157.227, 0.033, 236.971, 0.066, 168.717, 0.026, 163.761, 0.042, 175.66, 0.031, -130.317, 0.06, -205.996, 0.158, 209.643, 0.044,
038-pdm12ABABb1, 8.955770, 0.000812446280992, 282.863, 0.091, 207.786, 0.05, 241.287, 0.095, 193.27, 0.037, 277.249, 0.097, 212.488, 0.042, 250.123, 0.063, 186.274, 0.038, 261.295, 0.076, 208.728, 0.042, 254.775, 0.078, 176.172, 0.044,
038-pdm12ABBAa1, 8.082380, 0.00141332231405, 159.328, 0.056, 191.63, 0.093, 266.432, 0.078, 195.972, 0.028, 293.891, 0.054, 259.168, 0.056, 250.404, 0.086, 188.522, 0.033, 307.984, 0.048, 223.811, 0.03, 174.032, 0.011, 209.195, 0.028,
038-pdm12ABBAb1, 9.108040, 0.000652148760331, 269.834, 0.103, 203.134, 0.035, 199.589, 0.042, 191.11, 0.092, 254.973, 0.097, -107.5, 0.082, 184.375, 0.032, 222.398, 0.094, 243.596, 0.085, 142.666, 0.033, 179.176, 0.038, 256.507, 0.074,
038-pdn01ABABa1, 8.475350, 0.000387090909091, 145.76, 0.02, 240.389, 0.071, 180.821, 0.016, 220.316, 0.085, 194.42, 0.02, 230.906, 0.071, 185.77, 0.021, 191.565, 0.088, 219.516, 0.016, 162.917, 0.069, 196.233, 0.024, 226.748, 0.077,
038-pdn01ABABb1, 8.919010, 0.000481785123967, 255.88, 0.073, 180.324, 0.016, 220.606, 0.066, 196.832, 0.012, 218.472, 0.06, 165.091, 0.022, 231.56, 0.057, 168.914, 0.028, 249.141, 0.064, 189.246, 0.023, 198.555, 0.068, 159.44, 0.028,
038-pdn01ABBAa1, 8.742950, 0.000337454545455, 188.362, 0.013, 215.519, 0.081, 221.072, 0.064, 186.789, 0.018, 208.07, 0.013, 222.643, 0.08, 192.598, 0.065, 224.551, 0.014, 214.294, 0.014, 203.417, 0.085, 187.763, 0.034, 197.343, 0.017,
038-pdn01ABBAb1, 7.968790, 0.00171523966942, 265.956, 0.049, 222.478, 0.015, 233.251, 0.017, 245.405, 0.068, 271.324, 0.077, 202.255, 0.018, 218.818, 0.062, 221.169, 0.082, 337.599, 0.079, 200.171, 0.018, 209.441, 0.021, 262.008, 0.072,
038-pdn02ABABa1, 8.786290, 0.0118889752066, 175.897, 0.017, 257.096, 0.097, 167.881, 0.02, 284.461, 0.078, 194.68, 0.017, 257.891, 0.093, 201.816, 0.028, 255.848, 0.066, 179.948, 0.025, 262.151, 0.092, 225.284, 0.017, 314.94, 0.032,
038-pdn02ABABb1, 9.088920, 0.00125578512397, 267.022, 0.063, 187.461, 0.015, 263.572, 0.092, -149.1, 0.077, 268.192, 0.086, 185.798, 0.015, 268.211, 0.078, -153.314, 0.065, 297.171, 0.079, -114.066, 0.022, 263.353, 0.109, -129.301, 0.076,
038-pdn02ABBAa1, 9.183420, 0.000328975206612, -176.225, 0.005, 235.571, 0.075, 251.834, 0.066, 191.639, 0.013, 198.53, 0.014, 252.044, 0.08, 237.248, 0.084, 197.07, 0.013, 185.441, 0.014, 203.526, 0.072, 249.744, 0.077, 188.459, 0.021,
038-pdn02ABBAb1, 8.608670, 0.00100856198347, 272.957, 0.078, 202.754, 0.017, 181.392, 0.016, 252.183, 0.085, 288.941, 0.066, 229.295, 0.04, 167.371, 0.009, 253.898, 0.073, 249.185, 0.114, 239.777, 0.02, 214.168, 0.013, 257.844, 0.079,
038-pdn03ABABa1, 8.951040, 0.000562049586777, 226.446, 0.017, 243.761, 0.078, 164.075, 0.016, 203.513, 0.075, 223.407, 0.02, 223.944, 0.077, 188.768, 0.016, 226.355, 0.081, 181.435, 0.013, 236.299, 0.067, 224.007, 0.031, 158.904, 0.005,
038-pdn03ABABb1, 8.716930, 0.00123110743802, 266.594, 0.037, 207.191, 0.068, 264.898, 0.045, 190.164, 0.079, 244.633, 0.037, 186.174, 0.02, 189.623, 0.006, 237.431, 0.017, 273.074, 0.063, 210.679, 0.053, 215.98, 0.068, 257.393, 0.02,
038-pdn03ABBAa1, 8.711730, 0.000375520661157, 275.966, 0.017, 262.946, 0.075, 248.648, 0.071, 232.971, 0.014, 185.466, 0.014, 287.339, 0.074, 273.564, 0.066, 273.7, 0.014, 273.78, 0.017, 163.886, 0.005, 285.388, 0.077, 225.438, 0.016,
038-pdn03ABBAb1, 8.993310, 9.54214876033e-05, 216.811, 0.061, 211.97, 0.022, 221.599, 0.023, 242.51, 0.069, 236.813, 0.074, 228.138, 0.029, 220.28, 0.021, 244.473, 0.068, 237.428, 0.041, 229.436, 0.022, 229.684, 0.017, 266.884, 0.082,
038-pdn04ABABa1, 8.242890, 0.000368809917355, 242.814, 0.159, 257.487, 0.078, 205.529, 0.02, 251.57, 0.08, 220.009, 0.017, 215.873, 0.067, 243.275, 0.022, 237.698, 0.053, -219.992, 0.088, 247.98, 0.06, 278.971, 0.031, 240.855, 0.071,
038-pdn04ABABb1, 7.617050, 0.000919652892562, 258.497, 0.052, 227.376, 0.062, 278.198, 0.086, 262.093, 0.072, 284.239, 0.089, 261.075, 0.053, 289.73, 0.081, 208.322, 0.005, 193.005, 0.095, 246.473, 0.057, 205.193, 0.086, 166.509, 0.09,
038-pdn04ABBAa1, 7.488170, 0.000657140495868, 244.784, 0.231, 300.852, 0.062, 278.148, 0.041, 239.235, 0.016, 256.483, 0.015, 288.497, 0.058, 265.578, 0.04, 248.404, 0.012, 247.363, 0.012, 311.905, 0.073, 282.972, 0.072, 274.481, 0.012,
038-pdn04ABBAb1, 7.573620, 0.000794628099174, 266.379, 0.078, 211.464, 0.014, 192.266, 0.028, 211.752, 0.072, 259.627, 0.043, -191.969, 0.062, 204.224, 0.043, 273.783, 0.071, 233.237, 0.014, 248.877, 0.031, 252.898, 0.015, -203.988, 0.059,
038-pdn05ABABa1, 8.482050, 0.00100123966942, 248.392, 0.028, 173.901, 0.008, 259.471, 0.034, 186.017, 0.079, 173.326, 0.029, 252.228, 0.101, 246.605, 0.035, 232.986, 0.078, 218.085, 0.043, 193.811, 0.101, 214.311, 0.028, 250.604, 0.067,
038-pdn05ABABb1, 7.978310, 0.0137148760331, 267.772, 0.073, 213.788, 0.027, 246.103, 0.037, 109.23, 0.005, -192.887, 0.005, 255.165, 0.024, 326.913, 0.105, 280.242, 0.081, 235.917, 0.1, 294.245, 0.028, 257.922, 0.244, 115.468, 0.09,
038-pdn05ABBAa1, 12.114400, 0.0126880661157, 253.724, 0.03, 67.0367, 0.007, -137.071, 0.038, 77.6747, 0.006, -168.532, 0.005, 262.238, 0.029, 97.5977, 0.012, 287.873, 0.03, 204.974, 0.09, 109.984, 0.005, 150.976, 0.049, 246.447, 0.037,
038-pdn05ABBAb1, 8.190650, 0.00587196694215, 192.598, 0.055, 252.626, 0.019, 271.354, 0.024, 231.53, 0.07, 201.555, 0.074, 259.642, 0.018, 269.23, 0.026, 255.07, 0.081, 219.252, 0.077, 202.795, 0.182, 281.267, 0.026, 243.046, 0.05,
038-pdn06ABABa1, 8.429940, 0.000523239669421, 254.402, 0.024, 307.834, 0.097, 270.488, 0.041, 236.821, 0.097, 264.763, 0.028, 313.575, 0.068, 321.21, 0.08, 296.239, 0.072, 277.852, 0.041, 268.948, 0.073, 293.974, 0.065, 321.338, 0.075,
038-pdn06ABABb1, 8.515970, 0.000756446280992, 282.319, 0.066, 291.685, 0.049, 313.611, 0.073, 117.294, 0.045, 137.108, 0.075, 291.514, 0.071, 308.479, 0.072, 287.454, 0.052, 317.632, 0.11, 312.622, 0.058, 322.129, 0.066, 265.537, 0.05,
038-pdn06ABBAa1, 7.535080, 0.0106435206612, 218.637, 0.026, 220.605, 0.131, 296.401, 0.079, 299.321, 0.06, 287.26, 0.041, 285.129, 0.078, 166.406, 0.109, 270.696, 0.039, 293.148, 0.024, 250.004, 0.081, 150.41, 0.072, 269.913, 0.031,
038-pdn06ABBAb1, 8.248280, 0.00868880991736, 211.167, 0.013, 302.952, 0.03, 258.767, 0.038, 198.563, 0.07, 223.931, 0.164, 241.853, 0.031, 259.226, 0.044, 305.878, 0.071, 276.065, 0.036, 238.964, 0.026, 88.0727, 0.04, 208.587, 0.024,
038-pdn07ABABa1, 8.211890, 0.000805818181818, 235.228, 0.023, 254.84, 0.079, 188.061, 0.048, 181.876, 0.099, 191.258, 0.022, 288.273, 0.104, 183.107, 0.023, 158.701, 0.095, 235.84, 0.025, -123.378, 0.006, 192.165, 0.024, 116.105, 0.093,
038-pdn07ABABb1, 7.456200, 0.00802014876033, 346.703, 0.071, -140.84, 0.055, 259.378, 0.087, 204.81, 0.034, 245.415, 0.086, -134.577, 0.062, 270.817, 0.097, -135.051, 0.041, 150.993, 0.036, -142.532, 0.077, 242.228, 0.091, 242.634, 0.045,
038-pdn07ABBAa1, 7.415210, 0.000947289256198, 260.253, 0.023, 223.264, 0.087, 158.562, 0.064, 161.895, 0.054, 217.324, 0.025, 148.153, 0.085, 197.474, 0.066, 181.164, 0.034, 151.532, 0.034, 185.145, 0.08, 141.486, 0.058, 174.364, 0.015,
038-pdn07ABBAb1, 8.312750, 0.000304727272727, 245.997, 0.083, 178.369, 0.023, 197.744, 0.022, 229.555, 0.092, 230.993, 0.084, 213.593, 0.016, -161.339, 0.011, 175.887, 0.09, 207.625, 0.025, 170.332, 0.024, 205.583, 0.017, 227.702, 0.079,
038-pdn08ABABa1, 9.864500, 0.000503107438017, 238.49, 0.022, 282.62, 0.085, 248.748, 0.048, 228.66, 0.076, 267.273, 0.057, 275.153, 0.081, 275.549, 0.021, 277.058, 0.076, 237.922, 0.061, 256.756, 0.055, 268.768, 0.079, 300.293, 0.047,
038-pdn08ABABb1, 9.601300, 0.000660991735537, 319.393, 0.097, 237.58, 0.026, 300.446, 0.112, 259.642, 0.033, 295.6, 0.084, 261.679, 0.043, 277.483, 0.078, 248.416, 0.032, 331.766, 0.082, 271.583, 0.03, 253.919, 0.091, 243.878, 0.032,
038-pdn08ABBAa1, 8.488150, 0.00275487603306, 255.62, 0.036, 281.496, 0.094, 276.143, 0.084, 294.382, 0.091, 287.127, 0.249, 274.811, 0.077, 285.805, 0.087, 266.499, 0.079, 328.991, 0.031, 311.208, 0.106, 230.725, 0.087, 236.422, 0.021,
038-pdn08ABBAb1, 9.736380, 0.00111547107438, 244.726, 0.018, 273.798, 0.099, 249.569, 0.035, 316.933, 0.112, 283.502, 0.078, 210.704, 0.048, 241.376, 0.029, 259.705, 0.091, 231.448, 0.099, 259.238, 0.029, 225.199, 0.033, 256.186, 0.072,
038-pdn09ABABa1, 9.295780, 0.000290049586777, 283.238, 0.023, 273.408, 0.062, 239.122, 0.03, 198.81, 0.07, 253.529, 0.034, 243.819, 0.046, 234.39, 0.061, 221.851, 0.079, 264.155, 0.037, 261.801, 0.065, 195.031, 0.075, 260.744, 0.091,
038-pdn09ABABb1, 9.796190, 7.9652892562e-05, 231.799, 0.074, 249.345, 0.027, 256.07, 0.068, 198.412, 0.024, 181.035, 0.074, 228.178, 0.022, 246.349, 0.071, 182.255, 0.025, 260.709, 0.09, 205.949, 0.022, 232.549, 0.071, 231.576, 0.049,
038-pdn09ABBAa1, 9.400370, 0.000419603305785, 284.747, 0.025, 160.692, 0.095, 212.796, 0.148, 214.588, 0.021, 208.052, 0.027, 218.147, 0.079, 261.589, 0.081, 263.865, 0.035, 219.141, 0.022, 239.781, 0.078, 241.268, 0.056, 223.379, 0.021,
038-pdn09ABBAb1, 8.146130, 0.0100336859504, 284.702, 0.067, 222.843, 0.02, 188.599, 0.015, 217.076, 0.081, -202.023, 0.061, 258.913, 0.044, 199.887, 0.061, 250.991, 0.056, 270.61, 0.297, 232.598, 0.016, -169.464, 0.086, 227.601, 0.04,
038-pdn10ABABa1, 9.130930, 0.000331454545455, 257.94, 0.017, 251.824, 0.098, -227.555, 0.005, 264.703, 0.085, 242.975, 0.005, 251.623, 0.094, 226.005, 0.065, 236.935, 0.055, 187.334, 0.074, 217.153, 0.091, -213.697, 0.005, 264.599, 0.072,
038-pdn10ABABb1, 10.143400, 0.000684, 251.164, 0.086, 242.973, 0.027, 253.472, 0.088, 254.362, 0.038, 287.884, 0.077, 250.033, 0.028, 259.529, 0.035, 271.817, 0.09, 260.548, 0.091, 191.276, 0.031, 231.435, 0.084, 228.155, 0.055,
038-pdn10ABBAa1, 9.075790, 0.0101030578512, 161.374, 0.036, 205.879, 0.088, 236.845, 0.079, 155.095, 0.005, 245.718, 0.034, 261.455, 0.097, 201.519, 0.068, 198.424, 0.041, 229.203, 0.033, 255.363, 0.225, 199.536, 0.041, 208.353, 0.049,
038-pdn10ABBAb1, 8.787780, 0.00202262809917, 236.514, 0.385, 232.483, 0.033, 204.513, 0.117, 216.231, 0.08, 221.262, 0.022, 234.009, 0.045, 232.594, 0.085, 200.431, 0.099, 240.616, 0.005, 245.493, 0.024, 217.489, 0.079, 196.914, 0.069,
038-pdn11ABABa1, 9.935510, 0.00028879338843, 270.466, 0.033, 297.594, 0.114, 244.042, 0.032, 250.514, 0.092, 234.829, 0.033, 258.142, 0.069, 232.13, 0.025, 258.77, 0.055, 233.187, 0.023, 248.021, 0.085, 242.088, 0.029, 217.95, 0.113,
038-pdn11ABABb1, 8.749890, 0.00252733884298, 318.066, 0.054, 260.656, 0.026, 234.63, 0.075, 251.416, 0.033, 258.817, 0.073, 238.591, 0.021, 189.928, 0.033, 209.598, 0.027, 202.972, 0.028, 208.26, 0.04, 253.825, 0.073, 150.256, 0.02,
038-pdn11ABBAa1, 8.560050, 0.0105887438017, 202.874, 0.019, 271.099, 0.091, 284.572, 0.076, 262.698, 0.036, 239.42, 0.055, 281.067, 0.071, 270.852, 0.075, 223.794, 0.03, 225.435, 0.056, 242.139, 0.057, 203.888, 0.005, 229.163, 0.011,
038-pdn11ABBAb1, 9.274630, 0.000288776859504, 268.988, 0.048, 221.15, 0.027, 219.669, 0.021, 237.6, 0.072, 248.141, 0.082, 227.819, 0.038, 248.02, 0.043, 227.066, 0.061, 236.091, 0.054, 222.602, 0.025, 198.326, 0.038, 241.781, 0.065,
038-pdn12ABABa1, 8.698270, 0.000292991735537, 237.023, 0.029, 183.472, 0.102, 234.124, 0.036, 205.839, 0.091, 241.032, 0.042, 269.041, 0.088, 269.648, 0.04, 199.336, 0.067, 213.69, 0.043, 255.464, 0.089, 205.333, 0.076, 269.124, 0.064,
038-pdn12ABABb1, 8.827430, 0.00701890909091, 256.216, 0.086, 261.041, 0.035, 183.265, 0.018, 194.326, 0.005, 274.075, 0.077, 150.983, 0.089, 231.566, 0.048, 195.136, 0.005, 244.158, 0.045, -138.458, 0.005, 221.721, 0.007, 108.732, 0.097,
038-pdn12ABBAa1, 9.331130, 0.000287504132231, 238.894, 0.035, 252.726, 0.081, 273.819, 0.078, 291.186, 0.034, 195.487, 0.071, 277.386, 0.089, 241.266, 0.058, 248.208, 0.044, 282.735, 0.047, 214.221, 0.074, 236.594, 0.071, 197.794, 0.033,
038-pdn12ABBAb1, 7.710970, 0.00979256198347, 226.093, 0.069, 261.119, 0.028, 265.497, 0.064, 207.891, 0.183, 227.662, 0.064, 230.652, 0.011, 315.391, 0.032, 188.604, 0.024, 212.593, 0.065, 262.245, 0.074, 200.09, 0.039, 278.98, 0.069,
038-psm01ABABa1, 9.396140, 0.00108145454545, 278.324, 0.048, 182.083, 0.018, 244.476, 0.056, 217.506, 0.022, 216.825, 0.07, 184.046, 0.018, 228.524, 0.061, 258.48, 0.033, 283.327, 0.07, 226.399, 0.044, 215.231, 0.078, 207.801, 0.024,
038-psm01ABABb1, 8.642040, 0.00285692561983, 170.294, 0.012, 229.62, 0.065, 271.456, 0.043, 243.213, 0.032, -173.36, 0.08, 254.514, 0.041, 248.624, 0.035, 286.818, 0.033, 249.764, 0.016, 244.251, 0.071, 273.663, 0.189, 204.142, 0.074,
038-psm01ABBAa1, 8.117280, 0.00101578512397, 254.419, 0.048, 191.422, 0.018, 214.748, 0.012, 271.3, 0.058, 148.637, 0.11, -200.685, 0.036, 200.795, 0.02, 275.201, 0.049, 306.443, 0.067, -163.803, 0.048, -250.401, 0.093, 224.055, 0.028,
038-psm01ABBAb1, 8.820890, 0.000721818181818, 211.469, 0.017, 267.533, 0.066, 306.977, 0.062, 224.091, 0.017, -217.757, 0.068, 271.346, 0.058, 260.664, 0.052, 236.941, 0.014, 267.74, 0.022, 280.231, 0.043, 297.896, 0.07, 248.709, 0.012,
038-psm02ABABa1, 8.432800, 0.00088641322314, 128.035, 0.087, 194.545, 0.012, 250.781, 0.067, 186.096, 0.005, 252.735, 0.052, 192.237, 0.015, 239.588, 0.054, 152.247, 0.036, 245.057, 0.051, -202.068, 0.078, 263.847, 0.055, -239.361, 0.078,
038-psm02ABABb1, 8.133920, 0.000796231404959, 251.264, 0.013, 231.16, 0.062, 214.688, 0.012, 227.238, 0.058, 217.595, 0.012, 204.881, 0.056, -190.547, 0.005, 234.915, 0.065, 211.226, 0.013, 217.611, 0.069, 247.926, 0.015, 259.41, 0.014,
038-psm02ABBAa1, 7.419490, 0.00184051239669, 269.26, 0.379, -195.227, 0.086, 217.49, 0.013, 241.03, 0.04, 243.01, 0.012, 251.876, 0.016, 268.083, 0.014, 244.678, 0.042, 231.488, 0.045, 248.043, 0.042, 261.631, 0.025, 283.154, 0.058,
038-psm02ABBAb1, 7.367080, 0.0148889917355, 272.456, 0.07, 209.399, 0.31, 267.545, 0.055, 290.074, 0.082, 231.786, 0.014, 274.717, 0.023, 248.486, 0.058, 180.181, 0.069, 269.084, 0.013, 168.306, 0.005, 197.436, 0.005, -263.051, 0.079,
038-psm03ABABa1, 9.944200, 0.00176568595041, 231.579, 0.074, 208.537, 0.017, 245.048, 0.076, 241.67, 0.016, 251.887, 0.087, 243.552, 0.023, 269.566, 0.083, -159.293, 0.071, 264.005, 0.074, 236.043, 0.023, 309.103, 0.099, 232.852, 0.035,
038-psm03ABABb1, 8.611940, 0.00165219834711, 167.445, 0.014, 256.184, 0.057, 177.068, 0.022, 284.773, 0.114, 241.369, 0.02, 301.589, 0.068, 231.856, 0.01, 256.916, 0.076, 237.783, 0.005, 203.602, 0.028, 161.752, 0.029, 242.73, 0.094,
038-psm03ABBAa1, 9.891200, 0.000740776859504, 213.106, 0.053, 214.737, 0.021, 267.319, 0.021, 239.712, 0.083, 177.683, 0.128, 250.731, 0.016, 202.975, 0.018, 242.771, 0.073, 295.974, 0.086, 205.125, 0.019, 270.932, 0.023, 247.695, 0.073,
038-psm03ABBAb1, 6.342650, 0.0136911570248, 174.592, 0.015, 262.619, 0.067, 214.546, 0.063, 228.559, 0.028, 250.305, 0.016, 257.432, 0.057, 208.433, 0.007, 229.981, 0.009, 243.895, 0.069, 250.558, 0.045, -191.774, 0.063, 159.33, 0.297,
038-psm04ABABa1, 8.622200, 0.000104743801653, 209.413, 0.027, 241.467, 0.012, 245.492, 0.043, 225.285, 0.012, 248.355, 0.037, 191.441, 0.013, 224.958, 0.05, 196.992, 0.012, 266.692, 0.046, 210.708, 0.012, 239.943, 0.045, 169.479, 0.051,
038-psm04ABABb1, 9.151170, 0.000466016528926, 221.241, 0.015, 251.386, 0.035, 204.722, 0.023, 258.921, 0.047, 234.078, 0.008, 257.557, 0.029, 216.788, 0.012, 225.496, 0.016, 219.176, 0.013, 198.103, 0.022, -184.843, 0.062, 191.933, 0.022,
038-psm04ABBAa1, 7.119570, 0.0177300826446, 280.736, 0.035, 195.344, 0.01, 226.16, 0.011, 229.159, 0.047, 147.212, 0.011, 219.166, 0.046, 111.252, 0.043, 128.737, 0.005, 106.827, 0.005, 197.591, 0.012, 123.224, 0.005, 215.498, 0.017,
038-psm04ABBAb1, 8.835520, 0.000364512396694, 183.565, 0.015, 241.104, 0.044, 225.752, 0.068, 169.727, 0.013, -158.469, 0.057, 257.209, 0.044, 226.933, 0.08, 225.412, 0.014, 200.845, 0.012, 243.289, 0.046, 251.189, 0.045, 200.589, 0.013,
038-psm05ABABa1, 7.876690, 0.00217950413223, 240.723, 0.232, 256.468, 0.031, 232.226, 0.075, 256.87, 0.035, 210.831, 0.072, 241.41, 0.031, 236.635, 0.135, 268.013, 0.036, 295.603, 0.137, 216.914, 0.042, 204.841, 0.03, 181.927, 0.078,
038-psm05ABABb1, 8.920920, 0.0051493553719, 315.056, 0.032, 208.997, 0.064, 232.787, 0.032, 190.177, 0.115, 285.072, 0.042, 238.231, 0.059, 194.959, 0.035, 231.235, 0.056, 283.659, 0.033, 209.086, 0.06, 199.605, 0.05, 250.269, 0.087,
038-psm05ABBAa1, 7.377380, 0.00926038016529, 205.848, 0.085, 241.409, 0.025, 173.231, 0.068, 200.92, 0.127, 205.984, 0.125, 211.506, 0.067, 204.825, 0.042, 293.116, 0.078, 279.271, 0.069, 285.136, 0.063, 327.394, 0.041, 205.376, 0.136,
038-psm05ABBAb1, 9.110230, 0.000929719008264, 273.563, 0.017, 243.773, 0.08, 276.965, 0.079, 205.942, 0.019, 208.443, 0.027, 251.84, 0.088, 256.235, 0.059, 259.987, 0.021, 232.511, 0.021, 282.633, 0.077, 322.808, 0.071, 203.633, 0.024,
038-psm06ABABa1, 7.828100, 0.00103927272727, 165.686, 0.06, 221.022, 0.056, 215.033, 0.052, 232.149, 0.057, 269.807, 0.071, 246.425, 0.035, 250.699, 0.068, 221.076, 0.065, 229.698, 0.055, 187.859, 0.057, 238.68, 0.074, 180.341, 0.057,
038-psm06ABABb1, 8.916550, 0.000429421487603, 236.316, 0.027, 200.432, 0.085, 196.362, 0.027, 92.8777, 0.03, 233.016, 0.03, 167.994, 0.082, 268.848, 0.022, 184.313, 0.073, 251.679, 0.031, 258.75, 0.048, 211.76, 0.031, 200.806, 0.055,
038-psm06ABBAa1, 7.683300, 0.00400699173554, 264.071, 0.066, 218.107, 0.041, 251.282, 0.037, 239.773, 0.054, 246.102, 0.054, 231.369, 0.033, 156.932, 0.042, 262.635, 0.071, 223.914, 0.034, 245.883, 0.041, 211.311, 0.005, 255.371, 0.067,
038-psm06ABBAb1, 8.656750, 0.000422330578512, 310.091, 0.029, 251.773, 0.043, 245.442, 0.024, -192.563, 0.087, 266.001, 0.037, 241.012, 0.039, 230.098, 0.051, 224.904, 0.025, 236.804, 0.032, 237.841, 0.057, 254.8, 0.075, 209.532, 0.029,
038-psm07ABABa1, 7.932880, 0.000874975206612, 190.148, 0.117, 265.476, 0.032, 189.074, 0.105, 300.378, 0.032, 263.791, 0.071, 250.486, 0.046, 194.75, 0.091, 285.973, 0.063, 255.296, 0.08, 292.63, 0.038, 249.004, 0.084, 315.236, 0.056,
038-psm07ABABb1, 10.898400, 0.0112470578512, 218.158, 0.017, 101.095, 0.012, 138.706, 0.036, -152.982, 0.076, 275.943, 0.018, 286.455, 0.083, 267.814, 0.023, 160.586, 0.055, -119.768, 0.092, 258.495, 0.017, 125.887, 0.037, -140.286, 0.082,
038-psm07ABBAa1, 5.272340, 0.0562976528926, 145.104, 0.005, -201.592, 0.106, 149.235, 0.028, -142.649, 0.076, 147.314, 0.005, 134.827, 0.006, 127.796, 0.072, 202.911, 0.112, 174.119, 0.187, 131.72, 0.005, 133.012, 0.051, 141.253, 0.123,
038-psm07ABBAb1, 8.771680, 0.00035, 273.539, 0.016, 297.21, 0.069, 302.508, 0.073, 254.786, 0.042, 286.771, 0.033, 276.626, 0.072, 269.744, 0.022, 295.525, 0.033, 267.053, 0.034, 253.685, 0.085, 272.318, 0.065, 288.432, 0.042,
038-psm08ABABa1, 10.284300, 0.00233365289256, 240.909, 0.055, 185.24, 0.033, 295.863, 0.078, 221.06, 0.046, 238.238, 0.064, 275.524, 0.028, 173.428, 0.056, 265.299, 0.038, 331.691, 0.135, 208.905, 0.043, 276.931, 0.065, 198.028, 0.049,
038-psm08ABABb1, 9.487410, 0.00694114049587, 274.28, 0.017, 315.402, 0.069, 293.138, 0.025, 194.621, 0.03, 249.848, 0.024, 141.511, 0.005, -173.165, 0.063, 258.076, 0.036, -171.064, 0.075, 240.839, 0.026, 173.626, 0.046, 273.755, 0.059,
038-psm08ABBAa1, 7.768150, 0.0129749586777, 245.616, 0.195, 206.987, 0.047, 121.958, 0.005, -150.443, 0.052, 293.339, 0.075, 192.129, 0.047, 275.061, 0.067, 327.521, 0.084, 258.747, 0.088, 185.441, 0.052, 199.095, 0.043, 238.674, 0.094,
038-psm08ABBAb1, 9.375030, 0.00189117355372, 305.362, 0.027, 291.025, 0.084, 193.442, 0.048, 299.542, 0.032, 316.779, 0.028, 281.429, 0.08, 252.091, 0.063, 236, 0.032, 289.315, 0.039, 271.418, 0.08, 295.511, 0.101, 295.874, 0.039,
038-psm09ABABa1, 8.973510, 0.00110001652893, 234.89, 0.068, 247.598, 0.038, 205.872, 0.052, 235.267, 0.031, 222.832, 0.073, 238.895, 0.058, 158.664, 0.088, 250.948, 0.05, 266.824, 0.075, 238.583, 0.063, 163.118, 0.097, 186.397, 0.092,
038-psm09ABABb1, 12.259900, 0.0081572892562, 219.674, 0.038, 221.231, 0.092, 225.907, 0.021, 146.917, 0.006, 188.531, 0.015, 244.659, 0.032, 113.28, 0.02, -132.05, 0.078, 263.177, 0.026, 134.733, 0.005, 142.099, 0.005, 113.31, 0.017,
038-psm09ABBAa1, 9.242530, 0.000152628099174, 234.104, 0.058, 196.589, 0.025, 217.915, 0.047, 273.744, 0.055, 192.136, 0.099, 219.513, 0.025, 199.159, 0.03, 285.605, 0.061, -199.194, 0.115, 253.314, 0.039, 208.102, 0.034, 245.138, 0.082,
038-psm09ABBAb1, 8.445100, 0.00668717355372, 237.527, 0.023, 270.103, 0.071, 253.799, 0.02, 343.069, 0.049, 281.945, 0.3, 234.844, 0.081, 253.011, 0.065, 262.069, 0.026, 217.282, 0.062, 289.136, 0.072, 264.693, 0.044, 255.785, 0.048,
038-psm10ABABa1, 9.342750, 0.00367041322314, 332.089, 0.064, 271.267, 0.025, 275.289, 0.063, 258.934, 0.037, 269.815, 0.054, 261.316, 0.038, 295.075, 0.107, 241.437, 0.051, 297.271, 0.031, 211.796, 0.046, 237.263, 0.042, 228.881, 0.027,
038-psm10ABABb1, 9.801750, 0.000675537190083, 237.028, 0.027, 284.709, 0.093, 237.602, 0.023, 275.803, 0.082, 248.813, 0.021, 277.448, 0.075, 243.093, 0.017, 267.539, 0.07, 219.827, 0.021, 265.203, 0.069, 245.085, 0.02, 306.891, 0.104,
038-psm10ABBAa1, 8.242880, 0.00033879338843, 271.857, 0.061, 280.411, 0.02, 204.717, 0.025, 282.95, 0.071, 243.95, 0.057, 268.264, 0.021, 245.238, 0.026, 282.206, 0.066, 220.449, 0.068, 248.792, 0.032, 235.45, 0.038, 287.997, 0.071,
038-psm10ABBAb1, 9.529650, 0.000404776859504, 231.66, 0.024, 295.154, 0.065, 223.844, 0.091, 204.189, 0.019, -197.534, 0.081, 270.793, 0.072, 203.884, 0.081, 204.778, 0.018, 195.169, 0.024, 260.46, 0.051, 237.524, 0.084, 233.937, 0.016,
038-psm11ABABa1, 13.589700, 0.0085174214876, 235.813, 0.059, 215.336, 0.04, 243.95, 0.078, 133.602, 0.005, 247.414, 0.045, 130.68, 0.059, 225.608, 0.068, 157.86, 0.005, 261.427, 0.047, 136.121, 0.005, 251.031, 0.084, -108.25, 0.064,
038-psm11ABABb1, 10.182100, 0.000462991735537, 256.993, 0.025, 275.12, 0.084, 284.679, 0.038, 249.648, 0.081, 266.215, 0.042, 271.059, 0.074, 255.91, 0.051, 280.78, 0.077, 227.957, 0.04, 225.668, 0.088, 132.221, 0.074, 254.855, 0.067,
038-psm11ABBAa1, 8.500040, 0.000497520661157, 231.169, 0.273, 193.224, 0.027, 224.681, 0.065, 287.695, 0.074, 303.211, 0.07, 238.589, 0.034, 288.893, 0.066, 308.791, 0.064, 306.38, 0.084, 295.717, 0.032, 264.195, 0.039, 292.596, 0.061,
038-psm11ABBAb1, 9.595480, 0.00589178512397, 238.868, 0.026, 283.563, 0.092, 251.97, 0.067, 274.932, 0.036, 247.124, 0.033, 273.748, 0.065, 254.406, 0.05, 268.179, 0.029, 280.61, 0.062, 264.372, 0.048, 219.925, 0.05, 250.009, 0.025,
038-psm12ABABa1, 10.087800, 0.000438066115702, 180.377, 0.129, 240.587, 0.025, 208.61, 0.098, 268.23, 0.023, 232.378, 0.091, 245.316, 0.031, 248.287, 0.081, 209.558, 0.024, 286.562, 0.074, 231.695, 0.068, 235.552, 0.078, 258.767, 0.08,
038-psm12ABABb1, 9.913770, 0.000597454545455, 207.24, 0.048, 265.206, 0.074, 243.451, 0.025, 281.612, 0.101, 251.493, 0.057, 244.769, 0.118, 257.274, 0.032, 257.703, 0.102, 198.03, 0.058, 274.702, 0.084, 240.813, 0.029, 272.965, 0.076,
038-psm12ABBAa1, 9.716390, 0.000649157024793, 233.567, 0.07, 228.302, 0.022, 220.014, 0.052, 237.511, 0.084, 252.528, 0.097, 254.79, 0.047, 251.232, 0.048, 291.746, 0.102, 241.647, 0.114, 209.929, 0.026, 207.031, 0.055, 276.909, 0.093,
038-psm12ABBAb1, 8.929830, 0.00102251239669, 221.237, 0.023, 250.803, 0.091, 305.048, 0.094, 251.639, 0.05, 228.384, 0.037, 287.33, 0.076, 259.372, 0.08, 268.059, 0.071, 254.753, 0.033, 305.682, 0.095, 223.001, 0.08, 288.107, 0.06,
038-psn01ABABa1, 7.217860, 0.0121679008264, 243.498, 0.043, 183.027, 0.024, 267.091, 0.068, 263.235, 0.053, 245.637, 0.07, 281.953, 0.074, 238.367, 0.154, 275.068, 0.065, 271.134, 0.059, 179.796, 0.08, 255.452, 0.038, -179.311, 0.005,
038-psn01ABABb1, 7.581400, 0.0125425950413, 171.763, 0.025, 186.073, 0.019, -171.309, 0.005, 240.29, 0.035, -188.141, 0.005, 258.978, 0.058, 189.392, 0.005, 235.707, 0.061, 209.255, 0.335, 240.173, 0.069, -175.857, 0.005, -170.349, 0.005,
038-psn01ABBAa1, 6.966980, 0.00244292561983, 185.823, 0.022, 248.851, 0.026, 224.93, 0.055, 265.173, 0.044, 269.21, 0.085, 248.648, 0.057, 235.626, 0.062, 276.174, 0.068, 166.353, 0.074, 206.879, 0.055, 148.972, 0.075, 138.864, 0.068,
038-psn01ABBAb1, 7.348010, 0.000506082644628, 226.789, 0.017, 147.31, 0.088, 194.437, 0.069, 236.918, 0.034, 230.705, 0.054, 232.045, 0.086, 224.147, 0.058, 199.312, 0.018, 253.483, 0.046, 237.608, 0.063, 202.761, 0.058, 245.945, 0.069,
038-psn02ABABa1, 7.808640, 0.0014298677686, 179.484, 0.049, 272.715, 0.046, 239.36, 0.059, 245.714, 0.028, 278.788, 0.05, 253.042, 0.059, 229.306, 0.054, 159.694, 0.065, 206.653, 0.091, 251.681, 0.05, 268.863, 0.059, 289.527, 0.094,
038-psn02ABABb1, 8.265350, 0.000760429752066, 209.474, 0.026, 241.584, 0.046, 250.59, 0.026, 263.595, 0.051, 242.202, 0.026, 253.064, 0.059, 210.765, 0.016, 246.205, 0.059, 213.665, 0.017, 268.895, 0.045, 216.163, 0.005, 268.401, 0.08,
038-psn02ABBAa1, 6.869720, 0.00394515702479, 171.531, 0.037, 199.819, 0.071, -252.273, 0.085, 151.773, 0.047, 279.426, 0.05, 211.387, 0.033, 188.54, 0.091, 263.259, 0.058, 314.62, 0.063, 271.549, 0.014, 247.064, 0.015, 194.554, 0.005,
038-psn02ABBAb1, 8.152410, 0.0140505123967, 191.693, 0.018, 229.472, 0.046, 79.5757, 0.07, 239.465, 0.012, 252.605, 0.012, 304.743, 0.047, 281.11, 0.032, -223.653, 0.082, 148.383, 0.12, 317.956, 0.032, 259.037, 0.025, 255.972, 0.009,
038-psn03ABABa1, 8.643380, 0.00979226446281, 260.617, 0.058, 222.074, 0.018, 249.824, 0.087, 277.121, 0.047, 142.34, 0.112, 232.675, 0.039, 211.532, 0.082, 261.747, 0.043, 271.426, 0.023, 194.622, 0.094, 153.446, 0.005, -166.137, 0.061,
038-psn03ABABb1, 9.353610, 0.00226624793388, 189.091, 0.016, 256.112, 0.093, 225.994, 0.022, 153.087, 0.09, 209.503, 0.013, 200.365, 0.122, 197.666, 0.02, 174.219, 0.11, 233.354, 0.015, 283.587, 0.098, 216.98, 0.012, 143.927, 0.106,
038-psn03ABBAa1, 9.529150, 0.000754975206612, 237.663, 0.078, 253.923, 0.016, 211.829, 0.022, 222.131, 0.076, 254.24, 0.079, 199.929, 0.016, 242.92, 0.02, 186.552, 0.076, 286.798, 0.103, 213.394, 0.017, 190.476, 0.02, 125.628, 0.044,
038-psn03ABBAb1, 9.239290, 0.00201978512397, 237.816, 0.018, 265.274, 0.077, 195.019, 0.098, 280.21, 0.026, 264.291, 0.016, 133.037, 0.069, 295.093, 0.102, 270.65, 0.025, 275.275, 0.025, 294.086, 0.027, 241.512, 0.106, 223.842, 0.024,
038-psn04ABABa1, 8.714590, 0.000162628099174, 178.935, 0.053, 179.737, 0.011, 225.671, 0.06, 181.367, 0.035, 234.093, 0.085, 204.173, 0.015, 224.055, 0.096, 198.627, 0.017, 217.161, 0.066, 210.714, 0.019, 204.631, 0.014, 232.795, 0.02,
038-psn04ABABb1, 8.644870, 0.00108074380165, 174.732, 0.015, 212.87, 0.05, 198.622, 0.011, 237.741, 0.06, 199.564, 0.014, 256.393, 0.062, 146.051, 0.016, 224.007, 0.047, 207.355, 0.012, 212.879, 0.057, 203.334, 0.015, 220.389, 0.052,
038-psn04ABBAa1, 8.717160, 0.000507537190083, 124.631, 0.026, 172.382, 0.016, 188.686, 0.011, 202.885, 0.036, 219.504, 0.062, 159.374, 0.022, 208.219, 0.016, 212.984, 0.058, 214.93, 0.065, 196.752, 0.014, 210.593, 0.015, 145.061, 0.096,
038-psn04ABBAb1, 7.320530, 0.00269044628099, 230.652, 0.013, 206.907, 0.054, -238.565, 0.115, -160.135, 0.095, 155.311, 0.076, 207.173, 0.044, 263.067, 0.126, 188.04, 0.031, 197.311, 0.014, 224.511, 0.059, 213.711, 0.075, 147.704, 0.182,
038-psn05ABABa1, 10.020600, 0.000524231404959, 245.508, 0.051, 251.596, 0.017, 240.162, 0.054, 284.415, 0.02, 268.4, 0.078, 239.6, 0.019, 304.941, 0.088, 288.939, 0.026, 293.395, 0.067, 261.933, 0.025, 152.266, 0.023, 286.868, 0.035,
038-psn05ABABb1, 8.719160, 0.0203203305785, 182.453, 0.005, 234.364, 0.077, 298.409, 0.038, 196.508, 0.079, 232.615, 0.136, 213.179, 0.073, 287.409, 0.032, 242.694, 0.068, 286.035, 0.031, 182.817, 0.091, 253.774, 0.034, 201.689, 0.075,
038-psn05ABBAa1, 7.243070, 0.016230231405, 258.829, 0.255, 208.661, 0.063, 241.269, 0.052, 252.595, 0.022, 259.647, 0.091, 143.568, 0.005, 114.082, 0.006, 250.001, 0.077, 236.443, 0.02, 268.502, 0.046, 321.483, 0.024, 306.118, 0.089,
038-psn05ABBAb1, 8.662530, 0.0010992892562, 223.689, 0.017, 283.013, 0.049, 322.459, 0.052, 283.061, 0.024, 193.629, 0.023, 266.855, 0.068, 260.407, 0.05, 214.366, 0.024, 271.772, 0.045, 287.552, 0.084, 325.899, 0.075, 201.629, 0.045,
038-psn06ABABa1, 7.287810, 0.0212266280992, 289.741, 0.053, 237.291, 0.023, 292.998, 0.075, 260.913, 0.05, 224.743, 0.039, 264.734, 0.061, 257.468, 0.022, 144.501, 0.031, 246.099, 0.019, 130.876, 0.064, 148.024, 0.014, 275.905, 0.032,
038-psn06ABABb1, 8.295090, 0.00197945454545, 220.456, 0.029, 302.233, 0.062, 257.7, 0.018, 241.836, 0.073, 263.348, 0.025, 241.706, 0.048, 250.555, 0.022, 224.254, 0.06, 275.57, 0.028, 112.504, 0.072, 245.068, 0.036, 224.997, 0.059,
038-psn06ABBAa1, 7.352880, 0.00183970247934, 294.325, 0.084, 266.349, 0.022, 315.012, 0.045, 283.944, 0.077, 303.585, 0.055, 251.438, 0.021, 237.013, 0.016, 198.745, 0.085, 130.847, 0.043, 189.415, 0.022, 226.226, 0.03, -223.408, 0.09,
038-psn06ABBAb1, 7.217420, 0.0130440661157, 232.176, 0.023, 305.18, 0.065, 326.021, 0.071, 289.442, 0.02, 302.187, 0.069, 252.333, 0.028, 284.918, 0.067, 205.617, 0.119, 104.822, 0.031, 261.956, 0.031, 157.232, 0.005, 140.84, 0.041,
038-psn07ABABa1, 8.412440, 0.000683421487603, 243.125, 0.109, 191.223, 0.018, 212.015, 0.084, 182.958, 0.016, 153.41, 0.092, 206.899, 0.03, 201.313, 0.1, 175.868, 0.028, 241.151, 0.108, 195.834, 0.02, 167.501, 0.036, 194.409, 0.035,
038-psn07ABABb1, 8.246820, 0.00784069421488, 211.019, 0.058, 277.724, 0.087, 183.14, 0.024, 139.537, 0.052, 226.223, 0.026, 253.854, 0.124, 205.466, 0.045, -137.852, 0.005, -130.555, 0.068, 238.849, 0.035, 114.988, 0.035, 235.691, 0.082,
038-psn07ABBAa1, 7.995030, 0.00353601652893, 258.617, 0.062, 214.882, 0.018, 234.208, 0.016, 237.102, 0.087, 234.362, 0.025, 303.043, 0.153, 197.716, 0.057, 248.504, 0.017, 341.621, 0.074, 217.314, 0.017, 290.384, 0.015, 272.066, 0.088,
038-psn07ABBAb1, 8.378350, 0.00103033057851, 273.282, 0.016, 226.161, 0.072, 247.208, 0.066, 216.385, 0.016, 210.354, 0.021, 236.409, 0.084, 190.557, 0.064, 234.067, 0.016, 207.919, 0.016, 182.521, 0.018, 267.843, 0.075, 212.627, 0.043,
038-psn08ABABa1, 8.861500, 0.00125770247934, 262.378, 0.052, 231.798, 0.017, 281.92, 0.102, 242.398, 0.03, 263.56, 0.071, 222.371, 0.022, 229.338, 0.087, 204.978, 0.02, 221.717, 0.046, 208.525, 0.025, 250.038, 0.072, 243.548, 0.034,
038-psn08ABABb1, 9.555460, 0.00182042975207, 249.766, 0.029, 259.777, 0.085, 266.632, 0.021, 185.884, 0.127, 201.506, 0.025, 216.412, 0.17, 219.647, 0.036, 263.398, 0.088, -244.885, 0.106, 181.068, 0.051, 246.805, 0.021, -184.783, 0.102,
038-psn08ABBAa1, 8.413040, 0.00049732231405, 237.893, 0.091, 243.687, 0.005, 233.548, 0.041, 253.166, 0.08, 231.679, 0.077, 210.91, 0.062, 225.24, 0.031, -192.07, 0.147, 326.741, 0.049, 213.51, 0.091, 209.653, 0.038, 224.792, 0.037,
038-psn08ABBAb1, 9.345600, 0.000537966942149, 225.548, 0.031, 261.777, 0.077, -168.512, 0.13, 253.016, 0.022, 218.407, 0.029, 281.702, 0.089, 225.294, 0.081, 233.705, 0.025, 232.478, 0.031, 224.076, 0.059, 211.387, 0.075, 240.34, 0.02,
038-psn09ABABa1, 8.630750, 0.0137348099174, 342.402, 0.054, 237.954, 0.016, 255.11, 0.082, 243.418, 0.021, 203.468, 0.204, 231.07, 0.018, 247.964, 0.081, 246.25, 0.064, 282.82, 0.078, -183.582, 0.089, 164.63, 0.06, 151.72, 0.005,
038-psn09ABABb1, 8.019650, 0.00137532231405, 150.701, 0.041, 242.526, 0.016, 199.567, 0.075, 267.968, 0.09, 238.076, 0.026, 250.747, 0.082, 253.255, 0.049, 235.312, 0.074, 179.689, 0.087, 247.57, 0.068, 182.234, 0.037, 270.916, 0.066,
038-psn09ABBAa1, 6.359890, 0.0291182479339, 156.688, 0.22, 210.054, 0.041, 266.182, 0.071, 266.302, 0.274, 239.143, 0.178, 286.79, 0.07, 163.057, 0.026, 218.481, 0.128, 300.504, 0.027, 166.605, 0.089, 161.302, 0.07, 264.425, 0.056,
038-psn09ABBAb1, 8.671720, 0.000330958677686, 249.443, 0.027, 298.508, 0.08, 275.692, 0.088, 256.369, 0.018, 172.133, 0.038, 271.233, 0.087, 261.7, 0.071, 265.282, 0.029, 252.887, 0.039, 280.978, 0.091, 232.434, 0.088, 232.216, 0.021,
038-psn10ABABa1, 9.341540, 0.000230198347107, 227.113, 0.066, 231.878, 0.021, 298.056, 0.081, 264.923, 0.023, 267.5, 0.098, 243.775, 0.025, 250.144, 0.088, 201.455, 0.028, 267.217, 0.09, 268.67, 0.04, 231.799, 0.122, 251.508, 0.032,
038-psn10ABABb1, 9.296380, 0.000347090909091, 195.14, 0.018, 284.193, 0.085, 219.468, 0.045, 249.748, 0.063, 142.787, 0.03, 265.596, 0.072, 247.196, 0.071, 261.529, 0.082, 202.819, 0.066, 265.505, 0.084, 201.5, 0.03, 271.714, 0.073,
038-psn10ABBAa1, 8.836040, 0.00557571900826, 237.043, 0.055, 238.71, 0.024, 262.027, 0.039, 283.796, 0.08, 271.206, 0.066, 247.048, 0.024, 300.993, 0.029, 156.858, 0.033, 250.551, 0.066, 271.986, 0.024, 261.448, 0.06, 260.782, 0.102,
038-psn10ABBAb1, 10.334000, 0.000275239669421, 223.83, 0.022, 302.576, 0.09, 265.835, 0.062, 263.718, 0.028, 252.94, 0.028, 266.939, 0.064, -235.4, 0.133, 275.315, 0.034, 280.344, 0.031, 241.058, 0.083, 229.349, 0.081, 281.313, 0.027,
038-psn11ABABa1, 9.032000, 0.00898223140496, 232.311, 0.066, 231.046, 0.033, 200.095, 0.1, 242.603, 0.07, 137.626, 0.089, 191.548, 0.065, 176.561, 0.045, 297.621, 0.067, -175.406, 0.005, 254.372, 0.026, -162.058, 0.005, 208.076, 0.038,
038-psn11ABABb1, 9.068860, 0.00417059504132, 203.652, 0.108, 243.492, 0.073, 232.009, 0.018, 217.182, 0.104, 248.021, 0.024, 212.373, 0.091, 184.394, 0.007, 268.572, 0.105, 239.193, 0.047, 244.151, 0.065, 180.864, 0.008, 263.077, 0.045,
038-psn11ABBAa1, 11.095600, 0.0229671570248, 164.305, 0.049, 126.099, 0.085, 234.378, 0.049, 139.621, 0.054, 155.003, 0.026, 213.471, 0.042, 124.714, 0.006, 278.504, 0.077, 316.56, 0.063, 271.616, 0.024, 249.305, 0.022, 303.957, 0.078,
038-psn11ABBAb1, 8.987870, 0.00747074380165, 190.569, 0.023, 250.117, 0.09, 167.208, 0.087, 126.564, 0.024, 264.947, 0.054, 258.39, 0.04, 248.857, 0.073, 174.972, 0.026, 287.702, 0.026, 237.226, 0.005, 124.072, 0.045, 234.459, 0.023,
038-psn12ABABa1, 8.367820, 9.24132231405e-05, 258.533, 0.074, 231.6, 0.028, 221.674, 0.078, 207.794, 0.028, 230.667, 0.078, 148.618, 0.038, 218.916, 0.076, 191.444, 0.046, 179.905, 0.139, 98.334, 0.042, 261.857, 0.09, 212.082, 0.071,
038-psn12ABABb1, 9.318520, 0.00102710743802, 265.594, 0.019, 103.794, 0.024, 185.48, 0.026, 216.343, 0.064, 222.106, 0.016, 242.333, 0.069, 185.338, 0.024, 210.786, 0.085, 175.45, 0.005, 198.773, 0.118, 153.866, 0.036, 270.507, 0.069,
038-psn12ABBAa1, 9.068890, 0.000570991735537, 285.031, 0.066, 198.432, 0.029, 182.301, 0.022, 229.125, 0.099, 224.033, 0.096, 179.056, 0.022, 176.957, 0.031, 205.456, 0.071, 192.546, 0.131, 180.334, 0.027, 189.949, 0.027, 234.114, 0.095,
038-psn12ABBAb1, 7.370210, 0.00876633057851, 228.373, 0.018, 295.604, 0.071, 262.496, 0.039, 226.035, 0.05, 178.694, 0.086, 300.365, 0.086, -167.452, 0.061, 226.541, 0.043, 257.767, 0.089, 226.535, 0.064, 283.791, 0.066, 200.776, 0.026,
