008-pdm01ABABa1, 8.749400, 0.000263603305785, 232.869, 0.036, 227.734, 0.064, 217.965, 0.033, 246.365, 0.074, 239.169, 0.018, 262.144, 0.096, 231.919, 0.026, 234.656, 0.097, 250.17, 0.027, 273.896, 0.085, 182.19, 0.014, 253.31, 0.107,
008-pdm01ABABb1, 9.031510, 0.000225107438017, 230.261, 0.05, 237.992, 0.023, 220.982, 0.074, 239.451, 0.047, 184.58, 0.063, 220.582, 0.035, -180.343, 0.044, 218.096, 0.034, 230.693, 0.071, 191.39, 0.023, 250.405, 0.065, 264.122, 0.031,
008-pdm01ABBAa1, 9.257490, 0.000586991735537, 194.664, 0.017, 220.13, 0.069, 249.757, 0.078, 243.526, 0.024, 211.94, 0.04, 272.884, 0.078, 256.093, 0.105, 241.075, 0.031, 204.238, 0.018, 246.344, 0.092, 211.977, 0.071, 193.975, 0.03,
008-pdm01ABBAb1, 9.124580, 0.00101659504132, 217.581, 0.077, 198.755, 0.028, 229.443, 0.013, 234.177, 0.08, 257.655, 0.087, 222.18, 0.016, 201.48, 0.021, 206.138, 0.123, 223.062, 0.081, 215.18, 0.022, 208.019, 0.036, 233.678, 0.083,
008-pdm02ABABa1, 10.065700, 0.000778595041322, 208.596, 0.013, 243.713, 0.071, 215.923, 0.024, 225.603, 0.085, 241.496, 0.024, 259.059, 0.067, 233.957, 0.013, 181.683, 0.071, 232.785, 0.044, 238.21, 0.059, 234.592, 0.013, 224.108, 0.066,
008-pdm02ABABb1, 9.716400, 0.00124014876033, 259.432, 0.061, 217.273, 0.013, 252.246, 0.086, 259.005, 0.014, 217.347, 0.069, 204.13, 0.013, 234.552, 0.059, 197.296, 0.018, 221.543, 0.065, 228.703, 0.019, 215.634, 0.061, 127.274, 0.029,
008-pdm02ABBAa1, 10.299300, 0.00186459504132, 192.901, 0.023, 231.85, 0.09, 252.326, 0.069, 253.807, 0.017, 222.349, 0.017, 254.258, 0.083, 237.515, 0.061, 160.283, 0.005, 222.245, 0.018, 197.566, 0.064, 246.176, 0.09, -167.679, 0.059,
008-pdm02ABBAb1, 9.726230, 0.00028147107438, 157.33, 0.062, 246.323, 0.023, 242.834, 0.024, 178.113, 0.109, 217.147, 0.06, 233.555, 0.026, 212.808, 0.016, 213.117, 0.065, 206.379, 0.068, 208.799, 0.023, 197.08, 0.024, 203.907, 0.074,
008-pdm03ABABa1, 9.751900, 0.0110044132231, 233.792, 0.027, 310.145, 0.069, 215.093, 0.022, 313.222, 0.088, 135.563, 0.023, 302.709, 0.092, 173.317, 0.021, 289.371, 0.067, 238.156, 0.022, 115.751, 0.032, 131.773, 0.068, 213.923, 0.044,
008-pdm03ABABb1, 9.616070, 0.0108518347107, 229.624, 0.045, 171.615, 0.015, 220.662, 0.017, 200.107, 0.014, 263.779, 0.073, 278.262, 0.015, 129.321, 0.031, 160.245, 0.018, 135.407, 0.071, 200.42, 0.024, 248.058, 0.026, 192.255, 0.014,
008-pdm03ABBAa1, 9.673640, 0.00071732231405, 261.967, 0.019, 209.298, 0.067, 218.655, 0.07, 253.406, 0.016, -234.653, 0.006, 234.725, 0.079, 246.649, 0.095, 219.352, 0.015, 212.951, 0.023, 259.134, 0.072, 254.181, 0.075, 171.026, 0.024,
008-pdm03ABBAb1, 9.335410, 0.00373808264463, 204.6, 0.073, 241.35, 0.02, 251.402, 0.025, 263.887, 0.094, 283.598, 0.057, 289.99, 0.018, 217.502, 0.018, 281.4, 0.055, 253.031, 0.063, 193.282, 0.016, 221.083, 0.015, 132.492, 0.005,
008-pdm04ABABa1, 8.451950, 0.000674876033058, 202.417, 0.199, 259.707, 0.077, 226.77, 0.02, 254.348, 0.076, 249.897, 0.018, 223.624, 0.083, 186.001, 0.017, 281.395, 0.075, 200.767, 0.021, 273.772, 0.067, 197.119, 0.019, 235.946, 0.059,
008-pdm04ABABb1, 8.564380, 0.000824082644628, 270.977, 0.067, 174.936, 0.021, 231.291, 0.081, 258.967, 0.017, 281.303, 0.071, 294.119, 0.022, 249.935, 0.065, 241.885, 0.028, 232.183, 0.057, 263.832, 0.016, 242.379, 0.065, 222.5, 0.026,
008-pdm04ABBAa1, 9.196000, 0.00190614876033, 175.986, 0.017, 266.045, 0.066, 292.312, 0.091, 196.845, 0.017, 196.175, 0.018, 216.518, 0.069, 268.615, 0.057, 255.047, 0.017, 207.952, 0.017, 255.572, 0.084, 272.613, 0.071, -193.652, 0.078,
008-pdm04ABBAb1, 8.681610, 0.000712330578512, 226.716, 0.085, 258.218, 0.016, 218.569, 0.019, 254.409, 0.069, 235.181, 0.066, 254.899, 0.018, 273.334, 0.017, 237.405, 0.066, 260.109, 0.073, 289.454, 0.013, -239.672, 0.007, 291.329, 0.067,
008-pdm05ABABa1, 8.535690, 0.00148917355372, 204.901, 0.053, 200.675, 0.058, 200.213, 0.017, 206.846, 0.048, 212.341, 0.021, 268.643, 0.081, 204.617, 0.019, 273.39, 0.097, 241.687, 0.024, 208.008, 0.051, 203.168, 0.019, -253.163, 0.085,
008-pdm05ABABb1, 8.809910, 0.000289239669421, 239.422, 0.045, 198.978, 0.016, 269.659, 0.069, 218.828, 0.018, 263.893, 0.065, 224.914, 0.019, 248.288, 0.061, 227.167, 0.019, 251.37, 0.085, 211.248, 0.015, 250.69, 0.091, -145.133, 0.078,
008-pdm05ABBAa1, 8.927650, 0.000436809917355, 192.836, 0.026, 254.28, 0.061, 227.377, 0.061, 194.987, 0.016, 201.05, 0.019, 223.176, 0.069, 266.847, 0.077, 195.322, 0.014, 202.993, 0.019, 219.938, 0.067, 221.244, 0.077, 175.282, 0.014,
008-pdm05ABBAb1, 2.590040, 0.101736793388, 209.085, 0.009, -180.101, 0.055, 199.37, 0.005, 309.078, 0.47, 267.606, 0.105, 145.432, 0.293, 186.821, 0.21, 201.927, 0.5, 272.061, 0.321, 133.227, 0.104, 170.005, 0.222, 134.371, 0.211,
008-pdm06ABABa1, 8.329060, 0.00202568595041, 238.64, 0.146, 288.65, 0.087, 255.19, 0.014, 183.428, 0.089, 245.311, 0.016, 264.087, 0.073, 259.857, 0.014, 265.762, 0.067, 256.377, 0.015, 252.951, 0.073, 263.165, 0.054, 243.012, 0.061,
008-pdm06ABABb1, 8.621170, 0.000292776859504, 310.774, 0.046, 225.765, 0.02, 281.984, 0.078, 248.742, 0.019, 247.778, 0.067, 250.78, 0.017, 269.948, 0.071, 256.023, 0.019, 280.042, 0.063, 263.475, 0.018, 300.023, 0.066, 243.112, 0.022,
008-pdm06ABBAa1, 8.376370, 0.00136510743802, 252.603, 0.247, 187.88, 0.101, 269.207, 0.086, 212.584, 0.016, 238.768, 0.02, 260.282, 0.087, 271.743, 0.068, 243.883, 0.016, 231.021, 0.017, 279.778, 0.108, 257.859, 0.065, 207.089, 0.02,
008-pdm06ABBAb1, 8.566020, 0.000551900826446, 318.331, 0.051, 213.157, 0.018, 222.966, 0.017, 275.208, 0.053, 208.544, 0.071, 190.87, 0.02, 246.252, 0.024, 263.892, 0.088, 305.905, 0.072, 215.898, 0.013, 234.254, 0.015, 258.787, 0.053,
008-pdm07ABABa1, 9.004960, 0.00107153719008, 269.37, 0.018, 188.632, 0.088, 238.697, 0.014, 270.966, 0.074, 248.771, 0.013, 196.965, 0.089, 269.324, 0.016, 293.325, 0.108, 255.201, 0.017, 188.448, 0.079, -244.713, 0.084, 187.712, 0.093,
008-pdm07ABABb1, 8.856250, 0.00108044628099, 297.927, 0.069, 214.793, 0.02, 209.85, 0.09, 268.759, 0.017, 228.343, 0.087, -236.052, 0.083, 298.369, 0.085, 288.912, 0.017, 245.711, 0.061, 160.403, 0.025, 265.534, 0.07, 281.985, 0.024,
008-pdm07ABBAa1, 8.990170, 0.000742363636364, 218.736, 0.014, 231.676, 0.07, 284.477, 0.097, 280.503, 0.015, 243.611, 0.015, 257.791, 0.063, 296.243, 0.085, 253.777, 0.025, 274.194, 0.015, 279.832, 0.065, 207.291, 0.102, 222.514, 0.026,
008-pdm07ABBAb1, 8.594670, 0.000851173553719, 194.84, 0.057, 275.774, 0.014, 271.433, 0.015, 294.575, 0.086, 306.661, 0.08, 288.14, 0.017, 199.161, 0.027, 294.363, 0.084, 305.201, 0.058, 214.453, 0.016, 258.089, 0.018, 249.171, 0.085,
008-pdm08ABABa1, 8.824440, 0.000476, 319.717, 0.028, 247.498, 0.084, 161.455, 0.021, 238.958, 0.101, 203.627, 0.021, 265.99, 0.089, -157.983, 0.086, 223.229, 0.092, 181.064, 0.017, 238.552, 0.083, 182.683, 0.018, 252.58, 0.091,
008-pdm08ABABb1, 8.642440, 0.000226198347107, 254.953, 0.056, 202.618, 0.024, 242.977, 0.045, 165.596, 0.018, 233.85, 0.06, 170.699, 0.024, 203.852, 0.06, 179.322, 0.024, 221.606, 0.068, 188.586, 0.021, 263.76, 0.08, 166.107, 0.017,
008-pdm08ABBAa1, 9.071610, 0.000307421487603, 210.374, 0.019, 222.152, 0.08, 229.136, 0.072, 176.588, 0.019, 192.887, 0.018, 235.814, 0.076, 214.451, 0.058, -140.881, 0.077, 204.506, 0.02, 200.368, 0.077, 205.12, 0.055, 206.66, 0.016,
008-pdm08ABBAb1, 9.031620, 0.000615685950413, 253.455, 0.067, 171.916, 0.022, 182.583, 0.025, 231.305, 0.072, 234.406, 0.059, 185.54, 0.018, 193.002, 0.028, 235.605, 0.088, 254.221, 0.074, 227.665, 0.029, 221.686, 0.022, 244.421, 0.087,
008-pdm09ABABa1, 9.228760, 0.00114008264463, 225.008, 0.168, 257.522, 0.078, 261.062, 0.026, 251.617, 0.073, 221.637, 0.021, 286.255, 0.086, 214.669, 0.028, 201.904, 0.086, 247.672, 0.02, 192.088, 0.09, 215.729, 0.028, 227.693, 0.065,
008-pdm09ABABb1, -490.876000, 2.49378824793, 55.7139, 0.287, -178.725, 0.024, 110.341, 0.039, 130.248, 0.019, 139.843, 0.05, 125.71, 0.062, 118.26, 0.067, 186.71, 0.049, 229.891, 0.221, 141.271, 0.03, 140.874, 0.169, 179.494, 0.154,
008-pdm09ABBAa1, 8.908820, 0.000448380165289, 255.8, 0.055, 199.228, 0.115, 183.182, 0.084, 258.051, 0.026, 254.857, 0.029, 183.594, 0.037, -196.664, 0.117, 203.105, 0.029, 247.102, 0.03, 197.505, 0.125, 176.192, 0.073, 202.323, 0.043,
008-pdm09ABBAb1, 9.455980, 0.00103910743802, 287.305, 0.065, 230.961, 0.035, 242.1, 0.028, 261.926, 0.061, 249.283, 0.071, 243.127, 0.025, 229.889, 0.027, 221.479, 0.078, 243.631, 0.05, 189.646, 0.036, 238.497, 0.031, 164.785, 0.048,
008-pdm10ABABa1, 8.983720, 0.00052279338843, 181.491, 0.037, 226.557, 0.115, -130.769, 0.05, 239.975, 0.088, 176.798, 0.031, 239.029, 0.105, 164.38, 0.04, 260.575, 0.124, -158.109, 0.047, 218.936, 0.105, -154.934, 0.064, 237.82, 0.113,
008-pdm10ABABb1, 8.843050, 0.00084505785124, 213.26, 0.086, 177.023, 0.045, 185.633, 0.101, 181.269, 0.041, 219.717, 0.098, 177.917, 0.041, 219.922, 0.069, 159.501, 0.031, 243.593, 0.111, 200.245, 0.03, 240.945, 0.113, 207.942, 0.046,
008-pdm10ABBAa1, 8.985830, 0.000697900826446, 282.983, 0.037, 241.731, 0.101, 225.338, 0.101, 158.638, 0.044, 161.561, 0.044, 242.829, 0.108, 254.529, 0.093, 184.619, 0.043, 201.29, 0.046, 216.824, 0.103, 243.189, 0.097, 168.728, 0.035,
008-pdm10ABBAb1, 9.341200, 0.000514561983471, 164.125, 0.069, 193.042, 0.044, 223.895, 0.034, 244.537, 0.088, 213.297, 0.07, 196.787, 0.03, 199.98, 0.024, 259.81, 0.086, 259.221, 0.078, 225.178, 0.04, 214.258, 0.041, 275.043, 0.099,
008-pdm11ABABa1, 8.212730, 0.00193714049587, 262.247, 0.055, 162.716, 0.031, 179.642, 0.032, 134.092, 0.003, 122.57, 0.005, 304.367, 0.085, 257.734, 0.04, 329.803, 0.096, 235.333, 0.037, 320.424, 0.088, 185.675, 0.005, 206.516, 0.057,
008-pdm11ABABb1, 8.532980, 0.0023958677686, 292.1, 0.079, 247.762, 0.04, 222.223, 0.074, 251.78, 0.041, 277.175, 0.095, 222.117, 0.03, 277.5, 0.086, 237.353, 0.042, 156.083, 0.005, 224.198, 0.028, 222.329, 0.044, 165.134, 0.026,
008-pdm11ABBAa1, 8.466660, 0.000453900826446, 234.46, 0.037, 261.109, 0.065, 240.305, 0.137, 281.993, 0.045, 271.586, 0.029, 260.788, 0.074, 235.006, 0.075, 209.36, 0.059, 259.116, 0.024, 222.005, 0.113, 194.46, 0.12, 265.93, 0.016,
008-pdm11ABBAb1, 8.653790, 0.00218350413223, 280.71, 0.065, 312.875, 0.038, 264.699, 0.031, 216.82, 0.134, 313.834, 0.07, 237.573, 0.03, 271.146, 0.041, 245.301, 0.075, 228.391, 0.066, 249.406, 0.032, 283.92, 0.037, 185.071, 0.058,
008-pdm12ABABa1, 9.205090, 0.000610958677686, 220.894, 0.044, 240.917, 0.092, 157.998, 0.023, 215.115, 0.075, -150.641, 0.084, 260.916, 0.091, 204.269, 0.018, 239.982, 0.1, 211.511, 0.024, 248.972, 0.085, 223.989, 0.025, 259.864, 0.093,
008-pdm12ABABb1, 9.081030, 0.000415355371901, 208.251, 0.096, 241.684, 0.027, 262.811, 0.097, 197.482, 0.025, 254.229, 0.082, 213.87, 0.026, 256.984, 0.074, 182.651, 0.032, 237.746, 0.074, 221.684, 0.03, 237.008, 0.083, 224.302, 0.023,
008-pdm12ABBAa1, 9.267880, 0.000677157024793, 225.621, 0.048, 234.059, 0.088, 166.536, 0.099, 210.148, 0.026, 205.611, 0.034, 222.104, 0.086, 232.162, 0.073, 209.254, 0.033, 234.644, 0.031, 224.888, 0.085, 187.032, 0.081, 214.26, 0.027,
008-pdm12ABBAb1, 8.909070, 0.000525355371901, 182.48, 0.084, 213.462, 0.037, 215.481, 0.033, 227.23, 0.114, 150.986, 0.091, 214.482, 0.025, 186.253, 0.033, 246.986, 0.097, 251.63, 0.083, 244.119, 0.037, 214.174, 0.03, 233.974, 0.091,
008-pdn01ABABa1, 8.392970, 0.000865107438017, 218.358, 0.025, 246.549, 0.073, 179.451, 0.028, 230.18, 0.082, 212.439, 0.026, 256.131, 0.093, 189.378, 0.032, 248.103, 0.105, 202.388, 0.028, 242.573, 0.095, 209.792, 0.022, 232.368, 0.076,
008-pdn01ABABb1, 9.470480, 0.00135404958678, 229.211, 0.052, 196.672, 0.029, 266.192, 0.085, 183.591, 0.031, 211.349, 0.062, 193.768, 0.017, 246.132, 0.063, 156.11, 0.016, 271.357, 0.138, 189.277, 0.023, 196.028, 0.019, 169.68, 0.032,
008-pdn01ABBAa1, 9.090520, 0.000167702479339, 200.078, 0.025, 217.001, 0.061, 185.572, 0.066, 186.401, 0.005, 189.448, 0.032, 190.662, 0.072, 222.327, 0.069, 193.379, 0.019, 151.449, 0.031, 212.461, 0.063, 231.247, 0.089, 175.577, 0.026,
008-pdn01ABBAb1, 8.740940, 0.000596561983471, 196.938, 0.069, 206.551, 0.03, 153.576, 0.009, 174.224, 0.07, 198.143, 0.067, 169.287, 0.031, 148.824, 0.028, 207.122, 0.075, 199.66, 0.092, 194.132, 0.038, 167.024, 0.028, 234.732, 0.086,
008-pdn02ABABa1, 8.977150, 0.00115097520661, 179.517, 0.016, 216.458, 0.091, 238.611, 0.017, 270.51, 0.088, 228.985, 0.019, 241.164, 0.078, -158.094, 0.085, 263.57, 0.091, 218.13, 0.029, 266.657, 0.089, 196.775, 0.019, 240.996, 0.082,
008-pdn02ABABb1, 9.302090, 0.000739603305785, 230.254, 0.077, 186.559, 0.027, 178.944, 0.058, 203.055, 0.032, 175.678, 0.043, 166.53, 0.033, 207.516, 0.066, 168.858, 0.03, 210.464, 0.059, 182.713, 0.031, 228.809, 0.069, 184.016, 0.039,
008-pdn02ABBAa1, 9.171530, 0.000328512396694, 263.038, 0.017, 230.807, 0.064, 214.955, 0.068, 221.605, 0.022, 180.841, 0.021, 233.551, 0.073, 241.564, 0.083, 176.248, 0.026, 173.469, 0.021, 250.102, 0.074, 250.282, 0.086, 201.283, 0.023,
008-pdn02ABBAb1, 9.255810, 0.000395289256198, 217.36, 0.077, 187.401, 0.03, 182.016, 0.029, 183.991, 0.054, 186.809, 0.065, 184.749, 0.026, 160.185, 0.026, 220.345, 0.063, 202.22, 0.062, 195.464, 0.013, 172.944, 0.021, 227.978, 0.081,
008-pdn03ABABa1, 9.022970, 0.000720595041322, 221.79, 0.03, 267.755, 0.063, 242.671, 0.02, 179.452, 0.09, 236.507, 0.019, 262.726, 0.062, 253.603, 0.019, 265.229, 0.062, 216.269, 0.025, 256.717, 0.06, 241.465, 0.019, 245.18, 0.06,
008-pdn03ABABb1, 9.107620, 0.000888512396694, 244.508, 0.063, 225.285, 0.032, 253.584, 0.049, 213.043, 0.024, 251.48, 0.086, 225.188, 0.035, 269.423, 0.065, 235.196, 0.023, 257.772, 0.041, 239.968, 0.02, 278.733, 0.059, 210.063, 0.023,
008-pdn03ABBAa1, 8.376010, 0.000432776859504, 226.453, 0.019, 210.352, 0.07, 237.851, 0.07, 226.827, 0.022, 228.628, 0.022, 219.498, 0.071, 250.217, 0.058, 255.378, 0.02, 226.424, 0.029, 137.614, 0.014, 224.968, 0.053, 165.62, 0.016,
008-pdn03ABBAb1, 8.928430, 0.000404049586777, 219.823, 0.058, 209.373, 0.016, 208.252, 0.017, 242.122, 0.065, 267.87, 0.066, 255.889, 0.016, 210.095, 0.023, 267.36, 0.067, 256.075, 0.064, 231.264, 0.014, 239.213, 0.017, 244.281, 0.097,
008-pdn04ABABa1, 8.627880, 0.00111844628099, 246.002, 0.02, 285.455, 0.061, 265.666, 0.014, 307.379, 0.081, 279.156, 0.015, 281.512, 0.067, 255.435, 0.016, 277.234, 0.082, 293.948, 0.018, 227.198, 0.077, 237.414, 0.021, 234.883, 0.097,
008-pdn04ABABb1, 7.874090, 0.000442066115702, 272.469, 0.055, 242.111, 0.016, 269.2, 0.064, 270.246, 0.02, 290.353, 0.018, 298.999, 0.051, 319.265, 0.026, 239.393, 0.025, 281.31, 0.059, 209.006, 0.032, 248.504, 0.052, 224.306, 0.038,
008-pdn04ABBAa1, 8.082640, 0.00143910743802, 270.562, 0.023, 245.402, 0.065, 263.889, 0.074, 258.175, 0.011, 221.202, 0.02, 239.598, 0.087, 271.562, 0.062, 236.226, 0.014, 221.558, 0.02, 336.192, 0.068, 239.071, 0.068, 228.601, 0.024,
008-pdn04ABBAb1, 8.615270, 0.000851520661157, 277.94, 0.049, 258.924, 0.027, 276.884, 0.016, 290.015, 0.06, 277.295, 0.07, 265.134, 0.017, 285.112, 0.014, 279.497, 0.076, 275.507, 0.071, 305.074, 0.017, 233.795, 0.023, 263.103, 0.074,
008-pdn05ABABa1, 9.040600, 0.000946016528926, 197.928, 0.034, 316.782, 0.086, 273.071, 0.02, 310.438, 0.049, 279.55, 0.015, 264.683, 0.051, 237.417, 0.022, 290.795, 0.067, 246.312, 0.018, 278.981, 0.078, 281.028, 0.018, 189.23, 0.083,
008-pdn05ABABb1, 8.646700, 0.000669636363636, 246.269, 0.085, 284.904, 0.022, 288.596, 0.09, 290.291, 0.022, 271.453, 0.094, 275.941, 0.019, 313.109, 0.081, 270.695, 0.02, 271.064, 0.061, 226.579, 0.017, 270.868, 0.076, 239.05, 0.016,
008-pdn05ABBAa1, 8.945120, 0.00018747107438, 195.901, 0.016, 261.243, 0.076, 295.285, 0.088, 258.298, 0.015, 251.867, 0.019, 269.339, 0.075, 318.526, 0.081, 257.171, 0.02, 297.098, 0.029, 299.535, 0.076, 296.051, 0.048, 262.078, 0.014,
008-pdn05ABBAb1, 8.602500, 0.000383685950413, 250.226, 0.094, 267.686, 0.019, 265.274, 0.026, 278.577, 0.067, 268.735, 0.054, 279.029, 0.017, 273.794, 0.025, 260.193, 0.083, 240.073, 0.089, 266.781, 0.021, 293.485, 0.023, 264.112, 0.085,
008-pdn06ABABa1, 8.946880, 0.000359157024793, 212.639, 0.024, 289.481, 0.077, 228.38, 0.019, 171.28, 0.077, 275.889, 0.015, 258.795, 0.098, 246.614, 0.018, 238.539, 0.086, 248.874, 0.016, 205.203, 0.081, 243.952, 0.023, 259.289, 0.092,
008-pdn06ABABb1, 8.598490, 0.001286, 237.624, 0.065, 255.328, 0.015, 173.655, 0.082, 245.196, 0.015, 289.689, 0.072, 209.942, 0.018, 273.732, 0.042, 186.842, 0.022, 193.962, 0.059, 211.712, 0.005, 217.959, 0.08, -258.114, 0.024,
008-pdn06ABBAa1, 8.666400, 0.00133899173554, 233.613, 0.021, 176.532, 0.066, 155.252, 0.065, -183.759, 0.074, -171.341, 0.081, 189.218, 0.086, 199.701, 0.094, 262.946, 0.014, 275.122, 0.014, 193.344, 0.079, 297.128, 0.076, 249.314, 0.013,
008-pdn06ABBAb1, 8.737550, 0.00116299173554, 252.971, 0.062, 202.818, 0.018, 281.712, 0.017, 189.203, 0.093, 269.731, 0.072, 273.047, 0.015, 287.226, 0.013, 186.992, 0.073, 249.936, 0.054, 272.398, 0.016, 229.412, 0.025, 146.172, 0.061,
008-pdn07ABABa1, 8.688890, 0.00126715702479, 205.672, 0.02, 154.574, 0.09, -159.28, 0.058, 220.876, 0.081, 158.544, 0.012, 225.463, 0.058, 176.522, 0.018, 174.843, 0.015, 177.402, 0.011, 212.448, 0.069, 149.983, 0.014, 146.816, 0.084,
008-pdn07ABABb1, 9.019570, 0.000429504132231, 246.339, 0.042, 178.537, 0.016, 215.919, 0.069, 196.1, 0.019, 163.737, 0.078, 164.15, 0.016, 173.007, 0.082, 172.853, 0.014, 233.589, 0.084, 158.687, 0.019, 158.085, 0.09, 171.227, 0.023,
008-pdn07ABBAa1, 8.326320, 0.000301355371901, 225.157, 0.02, 245.305, 0.093, 198.381, 0.072, -162.694, 0.06, 197.145, 0.017, 216.151, 0.08, 213.772, 0.086, -140.938, 0.061, -152.486, 0.06, 215.305, 0.064, 202.26, 0.086, 160.72, 0.027,
008-pdn07ABBAb1, 8.685710, 0.000928512396694, 238.559, 0.054, -151.282, 0.06, 143.476, 0.005, 246.16, 0.095, 216.146, 0.074, 184.259, 0.014, 143.92, 0.021, 243.945, 0.072, 163.449, 0.087, 217.703, 0.026, 190.454, 0.028, 148.495, 0.086,
008-pdn08ABABa1, 9.927320, 0.000819355371901, 232.092, 0.018, 276.525, 0.061, 263.814, 0.015, 293.952, 0.075, 226.38, 0.016, 286.645, 0.075, 251.247, 0.015, 258.46, 0.08, 260.014, 0.015, 274.352, 0.081, 254.426, 0.018, 250.56, 0.062,
008-pdn08ABABb1, 9.373300, 0.00134315702479, 271.763, 0.058, 226.995, 0.017, 278.438, 0.072, 233.78, 0.025, 274.175, 0.073, 214.692, 0.017, 264.675, 0.071, 230.438, 0.021, 277.968, 0.093, 204.048, 0.012, 235.208, 0.047, -194.445, 0.078,
008-pdn08ABBAa1, 9.803420, 0.000510380165289, 312.842, 0.017, 263.209, 0.069, 256.724, 0.061, -191.678, 0.005, 248.007, 0.02, 263.426, 0.067, 273.639, 0.019, 217.015, 0.017, 229.838, 0.019, 248.093, 0.061, 278.318, 0.067, -197.841, 0.061,
008-pdn08ABBAb1, 9.007420, 0.000333702479339, 251.457, 0.048, 260.141, 0.023, 252.986, 0.017, 255.664, 0.067, 258.344, 0.058, 242.23, 0.021, 264.598, 0.017, 181.327, 0.033, 257.201, 0.059, -207.061, 0.021, 260.937, 0.017, 221.504, 0.071,
008-pdn09ABABa1, 9.075300, 0.000733355371901, 271.732, 0.053, 119.382, 0.11, 240.115, 0.031, 270.916, 0.099, 218.569, 0.023, 178.816, 0.089, 243.472, 0.031, 136.641, 0.093, 175.945, 0.029, 252.016, 0.09, 247.933, 0.026, 210.317, 0.083,
008-pdn09ABABb1, 8.571240, 0.000506247933884, 261.788, 0.084, 207.545, 0.023, 229.801, 0.086, 219.406, 0.031, 184.778, 0.08, 198.174, 0.027, 233.002, 0.078, 214.7, 0.039, 167.271, 0.037, 208.553, 0.038, 277.021, 0.073, 202.084, 0.02,
008-pdn09ABBAa1, 9.038720, 0.00033, 226.295, 0.028, 125.898, 0.067, 153.292, 0.112, 210.289, 0.031, 210.262, 0.023, 243.955, 0.098, 227.215, 0.07, 242.705, 0.024, 227.25, 0.022, 204.416, 0.085, 231.593, 0.084, 237.209, 0.028,
008-pdn09ABBAb1, 8.608620, 0.000439719008264, 185.807, 0.039, 207.97, 0.031, 214.177, 0.033, 219.641, 0.092, 234.536, 0.074, 242.285, 0.025, 231.356, 0.029, 273.231, 0.073, 175.457, 0.076, 189.575, 0.023, 210.159, 0.029, 248.579, 0.086,
008-pdn10ABABa1, 9.827430, 0.000282446280992, 209.596, 0.04, 247.969, 0.075, 243.675, 0.045, 178.541, 0.106, 210.056, 0.029, 255.132, 0.083, -202.835, 0.005, 254.2, 0.069, 255.627, 0.043, 227.19, 0.071, -171.403, 0.053, 251.718, 0.094,
008-pdn10ABABb1, 9.489120, 0.000749900826446, 317.125, 0.113, 222.798, 0.031, 270.559, 0.112, 208.813, 0.017, 233.695, 0.09, 210.872, 0.037, 242.606, 0.081, 274.729, 0.037, 305.033, 0.087, -185.303, 0.062, 255.275, 0.074, 176.566, 0.023,
008-pdn10ABBAa1, 9.725560, 0.00059479338843, 193.997, 0.04, 186.739, 0.099, 197.214, 0.085, 216.087, 0.028, 201.346, 0.034, 218.369, 0.092, 242.01, 0.08, 208.004, 0.034, 260.773, 0.03, 255.796, 0.107, 250.952, 0.059, 230.28, 0.032,
008-pdn10ABBAb1, 9.529850, 0.000652611570248, 268.146, 0.107, 262.126, 0.035, 228.283, 0.03, 228.135, 0.087, 242.086, 0.09, 232.827, 0.026, 178.94, 0.037, 293.264, 0.128, 211.764, 0.083, 248.593, 0.033, 213.775, 0.031, 208.244, 0.112,
008-pdn11ABABa1, 9.355310, 0.00388495867769, 208.672, 0.051, 296.748, 0.102, 250.175, 0.033, 284.419, 0.082, 226.653, 0.03, 254.121, 0.075, 194.116, 0.022, 277.75, 0.064, 246.353, 0.031, 296.137, 0.074, 242.46, 0.031, 150.323, 0.013,
008-pdn11ABABb1, 8.146900, 0.00961297520661, 124.56, 0.117, 248.808, 0.033, 278.362, 0.071, 238.821, 0.032, 251.066, 0.064, 295.299, 0.031, 260.342, 0.072, 253.092, 0.031, 270.933, 0.066, 222.678, 0.03, 260.884, 0.057, 247.31, 0.031,
008-pdn11ABBAa1, 9.353890, 0.000245289256198, 261.993, 0.03, 258.552, 0.073, 236.005, 0.07, -174.45, 0.08, 233.235, 0.03, 270.704, 0.076, 229.034, 0.066, 199.157, 0.051, 225.396, 0.02, 213.015, 0.141, 235.713, 0.056, 205.574, 0.026,
008-pdn11ABBAb1, 9.419480, 0.0013178677686, 157.286, 0.055, 263.864, 0.035, 287.187, 0.028, 306.492, 0.085, 279.371, 0.059, 242.702, 0.031, 200.354, 0.027, 297.881, 0.058, 272.858, 0.064, 220.417, 0.03, 243.146, 0.023, 252.071, 0.079,
008-pdn12ABABa1, 9.439430, 0.00121462809917, 241.994, 0.034, 274.214, 0.082, 255.401, 0.032, 254.078, 0.093, 214.053, 0.022, 258.001, 0.091, 177.249, 0.036, 258.022, 0.097, 220.774, 0.032, 224.515, 0.081, -150.38, 0.025, 187.04, 0.102,
008-pdn12ABABb1, 9.502500, 0.000629867768595, 256.944, 0.094, 240.704, 0.028, 233.99, 0.091, 248.704, 0.034, 243.906, 0.071, 209.093, 0.038, 278.339, 0.087, 184.663, 0.032, 269.427, 0.078, 205.616, 0.03, 260.89, 0.075, 229.184, 0.038,
008-pdn12ABBAa1, 9.386280, 0.000659785123967, 266.633, 0.025, 228.092, 0.08, 234.662, 0.076, 272.243, 0.023, 237.9, 0.02, 220.594, 0.099, 245.584, 0.089, 207.281, 0.025, 252.179, 0.028, 261.945, 0.085, 250.705, 0.117, 164.145, 0.005,
008-pdn12ABBAb1, 9.933400, 0.000561719008264, 229.585, 0.097, 228.084, 0.037, 211.312, 0.028, 233.406, 0.078, 238.436, 0.076, 211.522, 0.027, 238.685, 0.024, 225.481, 0.074, 161.587, 0.11, 233.027, 0.023, 212.795, 0.02, 148.037, 0.041,
008-psm01ABABa1, 8.747670, 0.00119024793388, 254.57, 0.049, 264.36, 0.014, 270.644, 0.062, 271.096, 0.024, 250.096, 0.05, 265.348, 0.017, 264.712, 0.057, 243.412, 0.027, 271.089, 0.046, 286.08, 0.019, 282.924, 0.057, 236.543, 0.013,
008-psm01ABABb1, 9.041330, 0.000872595041322, 260.882, 0.026, 281.532, 0.076, 237.23, 0.017, 251.019, 0.084, 217.061, 0.021, 255.206, 0.093, 225.349, 0.019, 247.989, 0.057, 221.683, 0.064, 253.017, 0.038, 204.09, 0.015, 279.965, 0.087,
008-psm01ABBAa1, 9.108490, 0.000312066115702, 230.991, 0.082, 232.512, 0.021, 241.312, 0.023, 274.875, 0.092, 273.292, 0.081, 273.036, 0.031, 260.874, 0.02, 258.31, 0.071, 291.974, 0.081, 242.724, 0.022, 256.068, 0.024, 234.901, 0.06,
008-psm01ABBAb1, 8.151750, 0.00182051239669, 310.475, 0.169, 202.377, 0.054, 215.322, 0.069, 222.697, 0.029, 250.146, 0.015, 219.776, 0.089, 248.668, 0.071, 239.784, 0.017, 209.575, 0.024, 232.91, 0.074, -179.27, 0.06, 268.706, 0.016,
008-psm02ABABa1, 11.304900, 0.00995204958678, 204.316, 0.076, 217.853, 0.017, 226.957, 0.074, 127.207, 0.038, 235.644, 0.023, 116.54, 0.027, 269.545, 0.085, 254.18, 0.016, 272.822, 0.065, 130.737, 0.038, 192.93, 0.017, 75.7842, 0.096,
008-psm02ABABb1, 8.155420, 0.000168049586777, 185.271, 0.03, 257.362, 0.065, 228.719, 0.029, 232.319, 0.051, 217.36, 0.025, 243.478, 0.06, 235.408, 0.034, 261.08, 0.062, 246.668, 0.027, 286.342, 0.065, 250.824, 0.03, 234.436, 0.053,
008-psm02ABBAa1, 8.574190, 0.000913355371901, 268.651, 0.072, 253.3, 0.02, 226.78, 0.024, 277.811, 0.064, 256.94, 0.063, 217.2, 0.02, 262.169, 0.022, 252.477, 0.068, 248.412, 0.055, 248.175, 0.018, 259.711, 0.017, 264.863, 0.069,
008-psm02ABBAb1, 8.265550, 0.000298595041322, 261.07, 0.023, 238.939, 0.073, 237.313, 0.059, 212.951, 0.02, 210.122, 0.028, 199.063, 0.089, 237.645, 0.075, 200.504, 0.015, 232.702, 0.021, 261.109, 0.085, 246.451, 0.061, 196.202, 0.035,
008-psm03ABABa1, 9.456250, 0.00155479338843, 257.312, 0.056, 190.852, 0.016, 218.083, 0.065, 189.183, 0.018, 260.782, 0.064, 168.809, 0.02, 213.886, 0.062, 230.909, 0.023, 206.365, 0.005, 162.456, 0.074, 188.318, 0.021, 212.314, 0.005,
008-psm03ABABb1, 9.678400, 0.000488429752066, 217.25, 0.021, 212.276, 0.053, 223.539, 0.017, 237.681, 0.068, 160.32, 0.013, 249.551, 0.07, 209.157, 0.02, 229.902, 0.074, 196.612, 0.026, 227.546, 0.075, 200.108, 0.005, 256.237, 0.076,
008-psm03ABBAa1, 10.063500, 0.000698181818182, 224.955, 0.075, 178.913, 0.02, 225.611, 0.017, 162.934, 0.053, 186.318, 0.035, 201.534, 0.02, -173.14, 0.085, 236.499, 0.078, 269.481, 0.08, 243.424, 0.011, 189.164, 0.019, 177.821, 0.087,
008-psm03ABBAb1, 10.070900, 0.00156680991736, -125.938, 0.139, 208.024, 0.067, 217.564, 0.073, 232.501, 0.018, 186.401, 0.021, 209.814, 0.076, 158.714, 0.057, 183.696, 0.023, 216.18, 0.018, 239.234, 0.083, 247.569, 0.092, 161.284, 0.02,
008-psm04ABABa1, 8.983460, 0.000215272727273, 263.277, 0.034, 227.042, 0.021, 252.721, 0.06, 213.046, 0.024, 270.959, 0.037, 220.276, 0.022, 210.577, 0.03, 260.573, 0.016, 235.84, 0.036, 222.436, 0.023, 214.45, 0.054, 235.701, 0.025,
008-psm04ABABb1, 9.122040, 0.000502743801653, 207.7, 0.019, 203.834, 0.043, 214.569, 0.013, 208.864, 0.06, 240.171, 0.024, 232.524, 0.051, 231.702, 0.015, 229.289, 0.038, 235.407, 0.015, 245.013, 0.039, -192.435, 0.056, 211.292, 0.057,
008-psm04ABBAa1, 8.594980, 0.00223097520661, 251.695, 0.068, 217.725, 0.019, 193.402, 0.005, 219.838, 0.066, 232.446, 0.045, 196.14, 0.005, 198.348, 0.016, 259.389, 0.071, 259.206, 0.056, 194.169, 0.015, 183.26, 0.015, -176.983, 0.074,
008-psm04ABBAb1, 8.993680, 0.000557785123967, 270.762, 0.174, 258.607, 0.067, 242.532, 0.055, 221.864, 0.016, 214.212, 0.015, 240.025, 0.058, 265.315, 0.067, 240.144, 0.013, 237.735, 0.02, 231.186, 0.046, 247.537, 0.04, 202.248, 0.016,
008-psm05ABABa1, 9.246320, 0.000449603305785, 248.051, 0.086, 205.216, 0.019, 264.225, 0.068, 196.391, 0.015, 246.627, 0.077, 189.508, 0.018, 252.518, 0.069, 213.83, 0.015, -178.326, 0.137, 190.686, 0.016, 211.88, 0.021, 138.33, 0.005,
008-psm05ABABb1, 9.528050, 0.00113988429752, 225.484, 0.022, 270.1, 0.096, 184.953, 0.015, 283.954, 0.095, 203.173, 0.014, 255.97, 0.092, 212.142, 0.015, 221.125, 0.054, 225.225, 0.014, 256.491, 0.08, 204.261, 0.015, 131.9, 0.033,
008-psm05ABBAa1, 8.872050, 0.000490991735537, 301.64, 0.08, 187.268, 0.019, 159.365, 0.016, 269.538, 0.088, 239.179, 0.085, 239.288, 0.015, -165.354, 0.005, 214.294, 0.064, 266.245, 0.064, 187.736, 0.015, 240.601, 0.015, 259.296, 0.073,
008-psm05ABBAb1, 8.996370, 0.000377867768595, 216.822, 0.023, 210.373, 0.06, 266.378, 0.082, 190.948, 0.015, 217.932, 0.021, 268.059, 0.084, 251.092, 0.073, 179.323, 0.014, 207.78, 0.018, 268.443, 0.067, 255.62, 0.067, 223.699, 0.015,
008-psm06ABABa1, 9.012960, 0.000937421487603, 239.107, 0.076, 247.32, 0.016, 192.877, 0.089, 222.431, 0.015, 281.267, 0.083, 236.517, 0.017, 266.859, 0.07, 202.181, 0.02, 196.645, 0.08, 235.49, 0.023, 191.654, 0.088, 229.377, 0.02,
008-psm06ABABb1, 8.980370, 0.000519900826446, 209.809, 0.021, 284.586, 0.09, 228.006, 0.015, 274.608, 0.084, 265.464, 0.015, 176.165, 0.084, 233.823, 0.019, 246.467, 0.067, 234.502, 0.022, 277.071, 0.066, 233.105, 0.021, 253.593, 0.068,
008-psm06ABBAa1, 8.202280, 0.000383652892562, 179.603, 0.083, 229.294, 0.022, 215.07, 0.038, 126.408, 0.046, 163.644, 0.066, 260.388, 0.019, 183.322, 0.017, 152.537, 0.02, 273.349, 0.068, 235.456, 0.023, 226.428, 0.017, 147.655, 0.032,
008-psm06ABBAb1, 8.641900, 0.000411685950413, 298.984, 0.019, 291.56, 0.086, 289.267, 0.091, 249.096, 0.019, 232.434, 0.015, 253.276, 0.077, 188.966, 0.09, 267.32, 0.016, 258.689, 0.015, 281.76, 0.089, 233.484, 0.058, -208.551, 0.005,
008-psm07ABABa1, 8.774990, 0.0106176033058, 282.211, 0.111, 249.627, 0.016, 139.057, 0.005, -144.999, 0.005, 248.253, 0.013, 236.827, 0.074, 257.011, 0.013, 183.447, 0.079, 245.935, 0.013, 136.191, 0.038, 193.668, 0.04, 230.91, 0.013,
008-psm07ABABb1, 8.317730, 0.0014798677686, 207.663, 0.076, 234.546, 0.061, 230.807, 0.012, 185.517, 0.075, 233.558, 0.018, 154.498, 0.029, 251.161, 0.017, 186.114, 0.075, 242.435, 0.017, 182.502, 0.07, 259.298, 0.019, 169.069, 0.08,
008-psm07ABBAa1, 8.664000, 0.000274148760331, 155.021, 0.014, 241.261, 0.017, 246.37, 0.017, 272.06, 0.071, 248.377, 0.052, 277.629, 0.015, 266.658, 0.017, 228.726, 0.069, 255.465, 0.057, 249.57, 0.012, 256.558, 0.015, 176.03, 0.074,
008-psm07ABBAb1, 8.698690, 0.00125487603306, 221.206, 0.016, 179.071, 0.08, 150.378, 0.087, 251.839, 0.013, 236.489, 0.013, 229.351, 0.074, 154.918, 0.033, 274.483, 0.014, 260.345, 0.017, 173.805, 0.078, 188.817, 0.077, 142.206, 0.057,
008-psm08ABABa1, 9.617550, 0.000995884297521, 271.732, 0.057, 181.704, 0.017, 286.022, 0.064, 195.76, 0.016, 134.157, 0.078, 191.852, 0.016, 173.08, 0.005, -197.449, 0.081, 280.502, 0.071, 209.319, 0.028, 236.407, 0.078, -266.02, 0.084,
008-psm08ABABb1, 12.152900, 0.00963669421488, 131.792, 0.15, 224.644, 0.017, 153.498, 0.096, 126.231, 0.061, 185.68, 0.02, 264.097, 0.078, 215.139, 0.014, 264.736, 0.063, 117.601, 0.005, 162.958, 0.017, 159.672, 0.034, -154.493, 0.005,
008-psm08ABBAa1, 9.172070, 0.000686049586777, 274.695, 0.108, 184.166, 0.015, 233.154, 0.014, 240.314, 0.075, 230.149, 0.075, 221.836, 0.015, 222.398, 0.014, 233.981, 0.069, 259.108, 0.062, 259.139, 0.013, 267.872, 0.008, 271.504, 0.083,
008-psm08ABBAb1, 9.941500, 0.000816082644628, 210.703, 0.017, 292.007, 0.084, 301.142, 0.076, 271.984, 0.015, 167.659, 0.018, 225.902, 0.07, 303.895, 0.083, 244.148, 0.013, 259.291, 0.014, 198.755, 0.066, 272.024, 0.073, 251.624, 0.014,
008-psm09ABABa1, 9.253900, 0.000317818181818, 202.209, 0.069, 206.976, 0.041, 290.216, 0.1, 204.084, 0.037, 241.266, 0.065, 213.835, 0.045, 232.503, 0.088, 224.08, 0.048, 226.028, 0.086, 212.846, 0.04, 315.864, 0.092, 198.658, 0.053,
008-psm09ABABb1, 8.751460, 0.00087079338843, 317.259, 0.044, 256.137, 0.103, 227.891, 0.051, 287.349, 0.093, 239.147, 0.043, 275.186, 0.098, 223.045, 0.067, 254.064, 0.086, 223.594, 0.044, 280.092, 0.111, 201.835, 0.046, 226.989, 0.089,
008-psm09ABBAa1, 9.428960, 0.00138074380165, 274.158, 0.086, 237.793, 0.035, 188.598, 0.036, 242.124, 0.116, 237.061, 0.083, 219.144, 0.029, 232.357, 0.038, 230.481, 0.114, 257.622, 0.085, 245.441, 0.035, 224.864, 0.034, 258.703, 0.096,
008-psm09ABBAb1, 9.419040, 0.000400694214876, 270.78, 0.042, 215.482, 0.087, 294.218, 0.075, 198.433, 0.041, 231.922, 0.052, 190.107, 0.121, 268.975, 0.075, 247.619, 0.045, 230.697, 0.048, 194.25, 0.094, 223.576, 0.094, 221.16, 0.045,
008-psm10ABABa1, 9.619200, 0.0024807768595, 276.909, 0.068, 265.377, 0.024, 289.44, 0.092, 232.032, 0.034, 275.665, 0.095, 235.539, 0.033, -259.562, 0.062, 237.114, 0.031, 252.671, 0.106, 198.242, 0.034, 289.704, 0.082, 213.234, 0.033,
008-psm10ABABb1, 9.883860, 0.000975785123967, 232.316, 0.031, 265.867, 0.082, 249.57, 0.03, 317.788, 0.092, 257.095, 0.038, 311.351, 0.1, 231.755, 0.038, 253.227, 0.095, 255.976, 0.047, 252.688, 0.07, 240.177, 0.042, 169.652, 0.089,
008-psm10ABBAa1, 9.994470, 0.000592628099174, 200.244, 0.039, 254.293, 0.03, 257.918, 0.034, 277.08, 0.085, 256.891, 0.092, 299.39, 0.034, 284.598, 0.03, 284.173, 0.092, 280.702, 0.083, 260.538, 0.033, 259.038, 0.033, 239.896, 0.086,
008-psm10ABBAb1, 9.645640, 0.000235702479339, 175.08, 0.008, 271.708, 0.099, 301.856, 0.126, 283.473, 0.036, 237.176, 0.056, 249.176, 0.112, 243.003, 0.08, 270.115, 0.031, 209.792, 0.029, 287.884, 0.102, 209.996, 0.128, 219.564, 0.031,
008-psm11ABABa1, 9.733150, 0.000635966942149, 161.18, 0.103, 252.543, 0.031, 247.257, 0.072, 214.525, 0.03, 262.396, 0.067, 212.446, 0.026, 262.709, 0.096, 283.879, 0.039, 264.428, 0.079, 230.004, 0.029, 234.67, 0.072, 235.144, 0.042,
008-psm11ABABb1, 9.559710, 0.000586512396694, 222.775, 0.033, 211.161, 0.089, 259.058, 0.032, 296.648, 0.082, 257.135, 0.037, 251.139, 0.085, 255.87, 0.03, 248.032, 0.079, 269.65, 0.042, 256.664, 0.061, 212.778, 0.03, 229.052, 0.066,
008-psm11ABBAa1, 9.652520, 0.000608198347107, 255.439, 0.083, 236.206, 0.029, 208.678, 0.031, 200.12, 0.076, 280.303, 0.086, 280.406, 0.037, 285.651, 0.035, 254.287, 0.088, 234.885, 0.067, 218.796, 0.031, 271.088, 0.032, 228.921, 0.068,
008-psm11ABBAb1, 9.503420, 0.000670198347107, 290.975, 0.047, 272.004, 0.077, 292.313, 0.09, 238.285, 0.022, 244.931, 0.021, 251.784, 0.099, 296.09, 0.098, 247.1, 0.025, 264.479, 0.031, 270.9, 0.091, 249.985, 0.083, 192.816, 0.035,
008-psm12ABABa1, 9.158730, 0.000961338842975, 236.288, 0.082, 234.237, 0.029, 305.518, 0.088, 270.376, 0.041, 269.755, 0.125, 217.58, 0.035, 295.969, 0.074, 243.592, 0.03, 238.16, 0.059, 174.09, 0.032, 227.477, 0.093, 216.683, 0.038,
008-psm12ABABb1, 9.712060, 0.000716743801653, 254.261, 0.029, 255.503, 0.091, 223.703, 0.045, 280.341, 0.095, 276.788, 0.04, 283.647, 0.121, 230.139, 0.043, 277.948, 0.092, 243.863, 0.04, 250.539, 0.095, 232.697, 0.051, 163.595, 0.089,
008-psm12ABBAa1, 9.490960, 0.000976809917355, 238.331, 0.076, 266.916, 0.035, 249.637, 0.029, 196.034, 0.12, 275.595, 0.071, 232.612, 0.021, 225.457, 0.027, 259.444, 0.094, 263.854, 0.098, 260.67, 0.041, 239.588, 0.033, 265.715, 0.093,
008-psm12ABBAb1, 10.084400, 0.00042426446281, 276.232, 0.047, 204.483, 0.099, 195.184, 0.091, 256.295, 0.037, 240.196, 0.036, 254.502, 0.112, 219.913, 0.098, 272.602, 0.029, 256.708, 0.041, 237.687, 0.078, 205.275, 0.083, 220.304, 0.032,
008-psn01ABABa1, 8.467170, 0.000899719008264, 202.58, 0.059, 228.834, 0.028, 223.483, 0.074, 243.477, 0.015, 260.023, 0.081, 246.73, 0.014, 252.926, 0.06, 247.076, 0.023, 229.834, 0.058, 226.903, 0.017, 273.607, 0.068, -187.247, 0.081,
008-psn01ABABb1, 7.582890, 0.0022332892562, 130.811, 0.153, 234.961, 0.012, 219.661, 0.069, 264.891, 0.072, 237.925, 0.021, 252.91, 0.074, 240.192, 0.018, 148.752, 0.089, 239.406, 0.013, 170.187, 0.095, 211.702, 0.042, 256.12, 0.096,
008-psn01ABBAa1, 7.092930, 0.0014033553719, 191.343, 0.159, 235.782, 0.016, 290.437, 0.021, 189.074, 0.081, 215.245, 0.072, 209.342, 0.015, 232.634, 0.02, 196.251, 0.083, 259.883, 0.073, 217.01, 0.027, -188.254, 0.079, 204.803, 0.153,
008-psn01ABBAb1, 7.904190, 0.00292019834711, 285.982, 0.017, 202.138, 0.005, 178.055, 0.005, 289.544, 0.016, 247.137, 0.018, 228.249, 0.079, 227.925, 0.07, 132.532, 0.027, 217.115, 0.02, 245.053, 0.073, 167.148, 0.005, 216.661, 0.032,
008-psn02ABABa1, 7.932430, 0.00160899173554, 320.43, 0.075, 210.119, 0.02, 248.099, 0.071, 152.821, 0.014, 212.871, 0.07, 243.044, 0.039, 241.84, 0.059, 191.089, 0.022, 273.443, 0.077, 238.871, 0.026, 154.931, 0.068, 176.848, 0.036,
008-psn02ABABb1, 8.435360, 0.00064641322314, 249.878, 0.014, 180.731, 0.078, 254.024, 0.013, 167.735, 0.08, 225.091, 0.015, 277.601, 0.069, 234.046, 0.014, 254.371, 0.057, 195.159, 0.005, 316.826, 0.08, 235.874, 0.015, 234.609, 0.08,
008-psn02ABBAa1, 8.117860, 0.000453603305785, 197.337, 0.064, 192.285, 0.019, 234.127, 0.015, 233.056, 0.076, 191.59, 0.084, 218.708, 0.02, 233.158, 0.02, 247.047, 0.071, 235.173, 0.06, -164.995, 0.08, 225.221, 0.016, 245.009, 0.066,
008-psn02ABBAb1, 8.347550, 0.000307834710744, 185.16, 0.008, 235.135, 0.068, 259.187, 0.055, -186.557, 0.008, 211.057, 0.013, 282.433, 0.082, 280.418, 0.083, 214.106, 0.013, -183.785, 0.063, 265.186, 0.064, 191.87, 0.061, -165.466, 0.068,
008-psn03ABABa1, 9.044050, 0.000716694214876, 250.03, 0.091, 238.339, 0.015, 215.27, 0.088, 228.228, 0.017, 278.481, 0.074, 192.294, 0.018, 231.988, 0.064, 226.304, 0.019, 145.77, 0.067, 245.576, 0.029, 244.561, 0.04, 182.94, 0.02,
008-psn03ABABb1, 8.866440, 0.00338261157025, 179.288, 0.024, 229.749, 0.107, 266.566, 0.088, 213.701, 0.023, 277.946, 0.082, 287.051, 0.08, 187.276, 0.016, 224.309, 0.067, 177.848, 0.02, 228.82, 0.092, 248.163, 0.048, 178.799, 0.021,
008-psn03ABBAa1, 8.991480, 0.000599239669421, 228.165, 0.087, 207.416, 0.016, 218.613, 0.016, 285.966, 0.09, 265.865, 0.073, 223.764, 0.02, 206.385, 0.018, 256.472, 0.067, 262.97, 0.053, 229.717, 0.017, 250.417, 0.018, 249.49, 0.089,
008-psn03ABBAb1, 8.759170, 0.000480743801653, -175.178, 0.09, 207.046, 0.083, 163.104, 0.083, 214.361, 0.022, 221.342, 0.026, 206.469, 0.072, 232.633, 0.076, 216.795, 0.026, 229.025, 0.026, 172.25, 0.015, 210.012, 0.08, 209.807, 0.019,
008-psn04ABABa1, 8.773430, 0.000642958677686, 285.653, 0.093, 218.885, 0.017, 257.401, 0.054, 210.6, 0.014, 257.775, 0.073, 234.378, 0.013, 243.598, 0.069, 239.739, 0.017, 236.61, 0.039, 239.018, 0.024, 233.071, 0.046, 227.038, 0.02,
008-psn04ABABb1, 8.796180, 0.00018226446281, 259.542, 0.02, 242.555, 0.069, 247.07, 0.014, 248.27, 0.058, 245.807, 0.017, 244.74, 0.058, 237.152, 0.013, 277.839, 0.07, 228.916, 0.017, 257.403, 0.056, 247.923, 0.019, 302.16, 0.07,
008-psn04ABBAa1, 9.277390, 0.000338611570248, 215.629, 0.06, 225.359, 0.016, 234.291, 0.018, 262.93, 0.085, 257.477, 0.065, 241.336, 0.018, 255.755, 0.014, 243.845, 0.061, 265.398, 0.049, 254.171, 0.015, 222.403, 0.013, 229.237, 0.054,
008-psn04ABBAb1, 9.332210, 0.000581289256198, 209.551, 0.027, 260.632, 0.068, 242.095, 0.066, 228.619, 0.013, 239.026, 0.017, 246.562, 0.07, 248.208, 0.068, 212.856, 0.005, 243.354, 0.016, 253.469, 0.074, 270.431, 0.071, 211.151, 0.012,
008-psn05ABABa1, 9.458060, 0.00568968595041, 275.554, 0.073, 175.253, 0.017, 254.601, 0.066, 209.754, 0.016, 267.545, 0.075, 224.724, 0.014, 252.393, 0.082, -240.141, 0.086, 228.191, 0.098, 120.395, 0.056, 206.906, 0.005, 200.847, 0.043,
008-psn05ABABb1, 12.597600, 0.0108212892562, 112.603, 0.085, 258.139, 0.015, 121.871, 0.041, 203.089, 0.077, 156.684, 0.006, 189.165, 0.017, 146.071, 0.005, 190.906, 0.053, 229.552, 0.019, 281.38, 0.083, 208.717, 0.015, 102.815, 0.065,
008-psn05ABBAa1, 9.634430, 0.00107841322314, 268.717, 0.067, 177.893, 0.017, 239.823, 0.015, 294.254, 0.078, 255.77, 0.068, 155.455, 0.015, 262.872, 0.018, 231.395, 0.079, 247.617, 0.065, 268.732, 0.016, 131.276, 0.013, 238.383, 0.087,
008-psn05ABBAb1, 10.053100, 0.000207421487603, 220.051, 0.022, 247.339, 0.065, 308.977, 0.079, 162.624, 0.016, 179.23, 0.019, 232.387, 0.08, 262.233, 0.081, 172.187, 0.017, 186.261, 0.021, 244.813, 0.08, 271.269, 0.077, -147.771, 0.08,
008-psn06ABABa1, 8.798950, 0.00137990082645, 183.816, 0.054, 236.408, 0.03, 291.672, 0.084, 256.696, 0.021, 184.181, 0.093, 173.566, 0.036, 282.527, 0.056, 258.078, 0.03, 251.112, 0.047, 222.138, 0.033, 181.403, 0.051, -202.365, 0.084,
008-psn06ABABb1, 7.102440, 0.000887966942149, 263.846, 0.139, 218.935, 0.087, 228.644, 0.022, 289.519, 0.072, 206.844, 0.015, 299.809, 0.075, 236.478, 0.017, 304.19, 0.062, 225.412, 0.012, 293.9, 0.071, 287.377, 0.017, 297.345, 0.068,
008-psn06ABBAa1, 8.077480, 0.00116423140496, 297.401, 0.067, 226.098, 0.019, 216.773, 0.025, 254.062, 0.115, 276.431, 0.08, 250.592, 0.021, 240.77, 0.018, 163.582, 0.096, 282.853, 0.051, 238.249, 0.022, 247.064, 0.018, 274.976, 0.102,
008-psn06ABBAb1, 8.175240, 0.0140386280992, 211.711, 0.019, 186.124, 0.085, 232.897, 0.065, 252.453, 0.022, 225.833, 0.018, 247.853, 0.072, 180.295, 0.017, 227.52, 0.02, 256.193, 0.076, 281.792, 0.065, 283.203, 0.016, 248.685, 0.017,
008-psn07ABABa1, 8.544470, 0.00128963636364, 261.661, 0.064, 173.376, 0.019, 216.963, 0.076, 178.519, 0.013, 155.437, 0.079, 162.227, 0.013, 231.962, 0.087, 162.614, 0.016, 189.392, 0.083, -144.68, 0.077, 250.527, 0.081, 158.696, 0.015,
008-psn07ABABb1, 8.869470, 0.0010747768595, 191.611, 0.023, 146.076, 0.097, 201.424, 0.015, 119.2, 0.014, 179.762, 0.017, 147.371, 0.095, 186.366, 0.013, 229.368, 0.099, 194.03, 0.016, 162.379, 0.085, 180.198, 0.015, 151.77, 0.082,
008-psn07ABBAa1, 8.606610, 0.00039347107438, 201.332, 0.068, 192.885, 0.026, 198.064, 0.017, 216.66, 0.099, 204.473, 0.078, 206.605, 0.017, 153.326, 0.021, 231.456, 0.082, 182.244, 0.092, 203.684, 0.028, 190.556, 0.023, 198.249, 0.081,
008-psn07ABBAb1, 8.754020, 0.000232727272727, 237.207, 0.018, 242.608, 0.077, 221.442, 0.084, 178.93, 0.015, 182.192, 0.016, 227.829, 0.093, 219.825, 0.083, 171.767, 0.014, 197.142, 0.015, 166.764, 0.089, 134.814, 0.097, 194.81, 0.016,
008-psn08ABABa1, 8.779600, 0.00112892561983, 228.041, 0.302, 234.753, 0.023, 237.125, 0.084, 247.404, 0.018, 273.855, 0.074, 280.772, 0.015, 261.89, 0.088, 260.012, 0.016, 273.731, 0.088, 252.204, 0.015, 259.185, 0.066, 232.784, 0.017,
008-psn08ABABb1, 8.256690, 0.00119038016529, 244.845, 0.223, 226.785, 0.074, 209.761, 0.016, 274.445, 0.069, 237.076, 0.019, 245.728, 0.073, 204.12, 0.021, 250.855, 0.054, 256.577, 0.014, 261.456, 0.065, 257.651, 0.015, 267.198, 0.067,
008-psn08ABBAa1, 8.992940, 0.00214438016529, 276.519, 0.112, 244.256, 0.014, 202.116, 0.018, 191.09, 0.065, 239.932, 0.097, 172.805, 0.015, 237.619, 0.015, 261.73, 0.075, 286.387, 0.077, 206.013, 0.014, 249.471, 0.014, 215.3, 0.097,
008-psn08ABBAb1, 9.290900, 0.00121752066116, 261.038, 0.016, 223.311, 0.083, 241.982, 0.092, 184.414, 0.015, 265.755, 0.014, 233.244, 0.106, -158.019, 0.061, 230.09, 0.015, 261.738, 0.015, 288.461, 0.093, 299.703, 0.072, -201.257, 0.077,
008-psn09ABABa1, 9.763810, 0.000704909090909, 232.098, 0.076, 225.149, 0.029, 251.754, 0.085, 220.515, 0.032, 273.55, 0.082, 268.488, 0.034, 264.366, 0.08, 237.247, 0.061, 251.552, 0.084, 224.375, 0.042, 281.061, 0.061, 226.969, 0.033,
008-psn09ABABb1, 9.187590, 0.00105823140496, 203.473, 0.034, 243.442, 0.063, 217.061, 0.046, 242.866, 0.084, 221.564, 0.042, 254.434, 0.082, 251.894, 0.052, 267.297, 0.084, 248.088, 0.04, 256.834, 0.076, 274.023, 0.041, 215.544, 0.092,
008-psn09ABBAa1, 8.672660, 0.000394876033058, 227.895, 0.074, 252.045, 0.04, 185.249, 0.02, 264.066, 0.079, 253.194, 0.059, 292.109, 0.036, 242.618, 0.041, 278.174, 0.079, 267.728, 0.081, 257.98, 0.041, 264.595, 0.037, 219.45, 0.062,
008-psn09ABBAb1, 8.951150, 0.000816066115702, 274.31, 0.049, 261.193, 0.105, 238.483, 0.059, 232.99, 0.04, 249.071, 0.053, 280.759, 0.094, 255.344, 0.087, 229.326, 0.046, 240.556, 0.044, 237.182, 0.076, 240.454, 0.106, 232.11, 0.039,
008-psn10ABABa1, 9.798490, 0.00225568595041, 234.062, 0.086, 223.829, 0.058, 264.317, 0.101, 231.827, 0.043, 253.24, 0.085, 302.676, 0.032, 253.062, 0.088, 221.24, 0.035, 215.653, 0.07, 205.18, 0.038, 246.054, 0.076, 133.93, 0.014,
008-psn10ABABb1, 9.230900, 0.000688247933884, 299.365, 0.045, 276.871, 0.104, 225.273, 0.046, 295.354, 0.121, 228.309, 0.037, 289.331, 0.11, 229.813, 0.033, 289.223, 0.111, 243.681, 0.033, 282.288, 0.093, 246.447, 0.044, 257.281, 0.095,
008-psn10ABBAa1, 9.228830, 0.000945603305785, 244.296, 0.085, 233.372, 0.037, 237.681, 0.044, 231.261, 0.099, 260.272, 0.1, 248.759, 0.032, 238.048, 0.035, 199.002, 0.097, 220.66, 0.095, 240.899, 0.038, 249.021, 0.039, 201.43, 0.097,
008-psn10ABBAb1, 8.462980, 0.00080641322314, 276.876, 0.041, 274.824, 0.112, 250.736, 0.085, 242.164, 0.031, 237.355, 0.033, 318.998, 0.093, 257.386, 0.085, 249.478, 0.033, 273.297, 0.039, 276.501, 0.097, 251.006, 0.087, 186.393, 0.042,
008-psn11ABABa1, 9.199400, 0.00153996694215, 126.384, 0.025, 227.091, 0.026, 158.217, 0.106, 231.789, 0.034, 234.791, 0.087, 291.618, 0.041, 251.368, 0.094, 198.227, 0.026, 176.929, 0.005, 229.762, 0.031, 255.777, 0.089, 239.721, 0.028,
008-psn11ABABb1, 9.453490, 0.00395396694215, 235.025, 0.031, 244.959, 0.105, 177.879, 0.028, 158.068, 0.101, 218.563, 0.031, 263.798, 0.107, 252.227, 0.026, 274.9, 0.101, 179.012, 0.014, 275.93, 0.096, 204.479, 0.031, 127.431, 0.011,
008-psn11ABBAa1, 9.418350, 0.00771408264463, 202.74, 0.333, 201.738, 0.03, 251.294, 0.072, 116.58, 0.055, 171.357, 0.116, 277.146, 0.034, 206.81, 0.03, 205.037, 0.073, 210.792, 0.094, 263.149, 0.026, 253.08, 0.03, 158.793, 0.089,
008-psn11ABBAb1, 9.355610, 0.00108456198347, 214.76, 0.038, 168.647, 0.005, 233.458, 0.098, 198.565, 0.035, 260.799, 0.028, 209.718, 0.092, 242.761, 0.033, 196.387, 0.028, 207.592, 0.037, 256.33, 0.087, 279.752, 0.077, 212.547, 0.031,
008-psn12ABABa1, 9.429820, 0.000302743801653, 244.909, 0.069, 200.305, 0.033, 233.268, 0.092, -162.765, 0.032, 194.241, 0.075, 211.561, 0.036, 232.544, 0.09, 172.891, 0.037, 238.659, 0.086, 221.341, 0.023, 234.621, 0.077, 214.905, 0.03,
008-psn12ABABb1, 9.576280, 0.00024879338843, 216.896, 0.028, 252.023, 0.106, 163.186, 0.036, 227.728, 0.077, 188.072, 0.024, 227.611, 0.097, -179.902, 0.029, 193.823, 0.077, 214.654, 0.024, 266.452, 0.084, 224.93, 0.037, 251.023, 0.086,
008-psn12ABBAa1, 9.744070, 0.000343454545455, 262.473, 0.088, 211.807, 0.028, 211.715, 0.028, 270.469, 0.101, 216.471, 0.067, 190.467, 0.03, 232.722, 0.036, 236.48, 0.081, 208.07, 0.06, 231.105, 0.028, 181.137, 0.034, 251.787, 0.086,
008-psn12ABBAb1, 9.107760, 0.000731603305785, 198.297, 0.024, 234.555, 0.086, 247.493, 0.083, 202.507, 0.029, 211.781, 0.029, 245.64, 0.068, 203.946, 0.073, 182.597, 0.034, 228.449, 0.033, 231.796, 0.111, 251.508, 0.097, 216.208, 0.03,
