009-pdm01ABABa1, 8.808050, 0.0013433553719, -144.16, 0.095, 229.041, 0.043, 231.431, 0.034, 242.06, 0.046, -224.311, 0.079, 233.543, 0.047, 225.449, 0.016, 230.204, 0.045, 233.505, 0.018, 232.978, 0.052, 246.602, 0.009, 242.228, 0.058,
009-pdm01ABABb1, 9.024160, 0.000139355371901, 201.969, 0.078, 249.94, 0.017, 207.652, 0.073, 227.086, 0.013, 214.277, 0.04, 198.321, 0.013, 198.892, 0.042, 217.539, 0.01, 200.166, 0.043, 198.972, 0.016, 214.569, 0.044, 206.838, 0.01,
009-pdm01ABBAa1, 8.976970, 0.000447966942149, 165.376, 0.026, 211.737, 0.048, 165.006, 0.005, -200.91, 0.089, 209.141, 0.025, 231.768, 0.061, 224.525, 0.035, 219.415, 0.022, 209.395, 0.027, 243.266, 0.069, -221.03, 0.102, 228.058, 0.035,
009-pdm01ABBAb1, 9.361330, 0.000568066115702, 200.536, 0.046, 213.457, 0.019, 156.147, 0.024, 212.988, 0.059, 195.27, 0.082, 225.345, 0.021, 207.912, 0.021, 231.65, 0.045, 232.097, 0.04, 218.789, 0.016, 220.107, 0.012, 242.242, 0.04,
009-pdm02ABABa1, 10.552200, 0.000282595041322, -122.805, 0.083, 272.159, 0.073, 203.33, 0.008, 248.177, 0.066, 217.121, 0.008, 253.05, 0.073, 215.907, 0.01, 244.843, 0.049, 223.281, 0.016, 249.75, 0.043, 194.425, 0.021, 253.99, 0.05,
009-pdm02ABABb1, 9.995450, 0.000445652892562, 208.956, 0.07, 215.643, 0.009, 215.892, 0.062, 222.044, 0.009, 241.091, 0.052, 233.138, 0.005, 241.46, 0.047, 197.459, 0.018, 248.037, 0.052, -210.543, 0.076, 237.829, 0.059, 210.23, 0.007,
009-pdm02ABBAa1, 9.081020, 0.000640429752066, 189.847, 0.015, 235.957, 0.076, 264.422, 0.06, 223.68, 0.016, 193.404, 0.005, 226.404, 0.074, 213.445, 0.068, 208.818, 0.033, -221.15, 0.09, 265.078, 0.056, 206.44, 0.053, 186.294, 0.014,
009-pdm02ABBAb1, 9.687460, 0.000792198347107, -202.135, 0.106, -205.063, 0.091, 183.676, 0.022, 252.577, 0.065, 242.873, 0.055, 230.878, 0.03, -189.047, 0.005, 251.314, 0.061, 220.504, 0.083, 219.368, 0.04, 210.078, 0.045, 255.461, 0.058,
009-pdm03ABABa1, 9.853750, 0.000279173553719, 209.578, 0.02, 222.178, 0.057, 218.261, 0.015, 248.333, 0.048, 212.753, 0.01, 222.957, 0.044, 231.622, 0.018, 264.88, 0.058, 225.953, 0.014, 264.119, 0.072, 239.748, 0.015, 211.497, 0.078,
009-pdm03ABABb1, 9.158530, 0.00139441322314, 175.377, 0.369, -161.386, 0.081, 212.742, 0.049, 227.464, 0.009, 220.942, 0.059, 204.33, 0.015, 217.822, 0.054, 231.63, 0.016, 208.579, 0.051, 209.883, 0.011, 198.004, 0.042, 241.728, 0.014,
009-pdm03ABBAa1, 8.830030, 0.00204517355372, 198.446, 0.146, -224.328, 0.115, -216.918, 0.079, 207.424, 0.017, 212.194, 0.032, 182.346, 0.051, -206.218, 0.082, 257.787, 0.046, -176.951, 0.073, 188.103, 0.04, 261.111, 0.049, 119.063, 0.025,
009-pdm03ABBAb1, 9.094790, 0.0026752892562, 186.565, 0.394, 186.484, 0.032, 174.691, 0.024, 224.611, 0.104, 197.695, 0.081, -187.96, 0.085, 229.493, 0.016, 224.861, 0.059, -204.224, 0.097, 187.126, 0.032, 184.678, 0.039, 192.165, 0.092,
009-pdm04ABABa1, 9.208510, 0.000755173553719, -189.688, 0.15, 220.515, 0.046, 243.394, 0.011, 207.99, 0.047, 220.851, 0.015, 202.831, 0.038, 189.436, 0.022, -215.807, 0.079, 227.692, 0.013, 221.652, 0.042, 211.188, 0.009, 218.051, 0.051,
009-pdm04ABABb1, 9.824350, 0.000190727272727, 188.782, 0.057, 203.104, 0.016, 213.13, 0.045, 207.773, 0.008, 203.841, 0.048, 173.928, 0.016, -175.006, 0.082, 163.825, 0.015, 201.14, 0.044, 210.321, 0.009, -179.4, 0.093, 198.951, 0.015,
009-pdm04ABBAa1, 9.325960, 0.00117590082645, -161.384, 0.086, 229.079, 0.041, -193.92, 0.101, 209.986, 0.023, 221.93, 0.017, 216.491, 0.042, 217.683, 0.05, 207.001, 0.025, 130.519, 0.029, 218.277, 0.082, 161.817, 0.049, -200.674, 0.005,
009-pdm04ABBAb1, 9.157170, 0.000403272727273, 261.026, 0.053, 232.691, 0.025, 217.354, 0.017, -202.153, 0.094, -197.168, 0.085, 223.523, 0.016, 212.394, 0.018, 151.769, 0.043, 187.661, 0.046, 239.551, 0.017, 216.9, 0.009, -208.285, 0.076,
009-pdm05ABABa1, 9.399970, 0.000606876033058, 211.66, 0.015, 206.465, 0.091, 195.12, 0.015, 206.465, 0.075, 230.686, 0.02, 147.818, 0.054, 234.453, 0.012, 204.757, 0.036, 208.216, 0.014, 191.851, 0.062, 219.598, 0.013, 200.966, 0.031,
009-pdm05ABABb1, 9.305270, 0.000137966942149, 240.384, 0.052, 179.893, 0.012, 240.424, 0.084, 205.026, 0.012, 239.065, 0.062, 184.498, 0.017, 221.186, 0.061, 196.525, 0.014, 221.134, 0.067, 175.19, 0.018, -196.544, 0.005, 202.588, 0.06,
009-pdm05ABBAa1, 9.029920, 9.2694214876e-05, 225.708, 0.014, 267.278, 0.064, 249.002, 0.041, 196.669, 0.015, 182.494, 0.011, 254.46, 0.07, 243.893, 0.045, 204.393, 0.012, 207.592, 0.01, 225.222, 0.064, 227.648, 0.026, 199.582, 0.012,
009-pdm05ABBAb1, 8.988820, 0.000214694214876, 205.488, 0.041, 227.247, 0.01, 189.151, 0.01, 244.94, 0.062, 234.655, 0.042, 188.592, 0.011, 195.962, 0.011, -215.664, 0.093, 214.007, 0.034, 213.644, 0.011, 191.361, 0.011, 225.254, 0.055,
009-pdm06ABABa1, 9.512090, 0.000625173553719, 214.076, 0.017, 203.015, 0.065, 162.092, 0.012, 211.073, 0.059, 219.518, 0.013, 247.554, 0.043, 201.021, 0.012, 207.513, 0.055, 199.58, 0.011, 207.697, 0.023, 203.779, 0.018, 257.615, 0.037,
009-pdm06ABABb1, 9.183570, 0.00034105785124, 189.502, 0.067, -206.224, 0.078, 267.594, 0.072, 203.135, 0.019, 234.883, 0.054, 202.207, 0.014, 237.092, 0.062, 215.857, 0.018, 210.592, 0.069, 224.541, 0.011, 234.724, 0.062, 217.471, 0.015,
009-pdm06ABBAa1, 8.712330, 0.00165442975207, 204.923, 0.147, 232.684, 0.059, -201.033, 0.066, 188.608, 0.012, -190.506, 0.08, 267.229, 0.033, 250.214, 0.03, 218.335, 0.012, 203.876, 0.016, 252.298, 0.048, 213.05, 0.031, -199.853, 0.071,
009-pdm06ABBAb1, 9.126420, 0.000263702479339, 266.839, 0.056, 237.513, 0.012, -196.01, 0.079, 239.885, 0.046, 233.049, 0.011, 207.735, 0.014, 195.085, 0.018, 250.911, 0.048, 253.912, 0.036, 239.251, 0.013, 206.007, 0.013, 238.527, 0.054,
009-pdm07ABABa1, 9.048900, 0.000199867768595, 204.815, 0.021, 212.952, 0.089, 201.071, 0.017, 227.418, 0.053, 226.678, 0.019, 221.446, 0.051, 208.493, 0.013, 221.196, 0.048, -203.234, 0.074, 231.74, 0.058, 235.933, 0.01, 243.081, 0.063,
009-pdm07ABABb1, 8.764700, 0.000316380165289, 218.957, 0.074, 255.305, 0.013, -217.674, 0.1, 219.907, 0.019, 243.927, 0.042, 262.193, 0.013, 234.009, 0.081, 212.342, 0.015, -189.73, 0.075, 255.146, 0.021, 242.975, 0.041, 207.405, 0.014,
009-pdm07ABBAa1, 8.714330, 0.00102560330579, 135.343, 0.23, 231.461, 0.066, 248.454, 0.049, 191.098, 0.022, 204.203, 0.016, 190.602, 0.086, 230.725, 0.06, 207.685, 0.02, 223.27, 0.012, 175.035, 0.096, 130.845, 0.258, -204.106, 0.079,
009-pdm07ABBAb1, 8.256210, 0.000810694214876, 175.615, 0.162, 241.692, 0.009, 215.095, 0.011, 251.409, 0.057, 266.176, 0.028, 218.233, 0.017, 244.239, 0.02, -226.611, 0.077, 215.228, 0.045, 255.583, 0.011, 228.215, 0.015, 255.328, 0.042,
009-pdm08ABABa1, 9.001700, 0.000256991735537, 188.619, 0.013, 276.514, 0.071, 178.15, 0.014, 269.58, 0.07, 217.871, 0.012, 294.799, 0.065, 227.945, 0.014, 301.252, 0.059, 253.273, 0.013, 294.711, 0.05, 232.294, 0.011, 234.033, 0.042,
009-pdm08ABABb1, 8.920760, 0.000541537190083, 197.468, 0.073, 202.765, 0.021, 248.625, 0.066, 229.077, 0.016, 263.329, 0.069, 210.865, 0.013, 299.8, 0.061, 206.932, 0.019, 304.2, 0.056, 221.837, 0.012, 292.223, 0.055, 207.89, 0.012,
009-pdm08ABBAa1, 8.922560, 0.000202595041322, 238.927, 0.016, 273.04, 0.084, 235.555, 0.061, 222.456, 0.012, 214.078, 0.014, 261.954, 0.086, 269.064, 0.066, 226.498, 0.011, 243.15, 0.011, 269.337, 0.074, 273.785, 0.069, 242.064, 0.017,
009-pdm08ABBAb1, 8.910930, 0.000429867768595, 233.636, 0.075, 205.546, 0.018, -186.541, 0.005, 297.729, 0.087, 300.029, 0.076, 221.814, 0.02, 242.686, 0.011, 336.001, 0.084, 325.173, 0.074, 182.117, 0.014, 212.923, 0.019, 309.375, 0.077,
009-pdm09ABABa1, 9.492390, 0.000593603305785, 187.374, 0.022, 234.33, 0.092, 213.25, 0.02, 166.028, 0.056, 210.404, 0.012, 220.623, 0.078, 186.621, 0.022, 203.987, 0.089, 189.946, 0.02, 194.822, 0.057, 213.168, 0.018, 215.06, 0.059,
009-pdm09ABABb1, 9.292270, 0.000980809917355, 186.824, 0.062, 198.902, 0.02, 216.088, 0.06, 232.649, 0.014, 234.554, 0.094, 241.761, 0.02, 228.279, 0.082, 196.884, 0.017, 199.219, 0.063, 175.13, 0.021, 218.257, 0.099, 215.717, 0.012,
009-pdm09ABBAa1, 9.232820, 0.000456429752066, 257.09, 0.015, 240.485, 0.075, 183.64, 0.041, 240.275, 0.015, 230.319, 0.021, 256.875, 0.076, 213.226, 0.055, 227.014, 0.019, 243.809, 0.015, 217.159, 0.04, 184.82, 0.064, 213.957, 0.028,
009-pdm09ABBAb1, 9.079710, 0.00105978512397, 202.805, 0.061, 229.05, 0.016, 190.445, 0.015, 206.453, 0.067, 208.66, 0.062, 206.146, 0.013, 183.272, 0.013, 200.925, 0.07, 191.49, 0.053, 235.682, 0.021, 178.729, 0.024, 204.679, 0.061,
009-pdm10ABABa1, 9.393260, 0.0011240661157, 168.69, 0.01, 179.66, 0.115, 201.102, 0.036, 167.382, 0.093, 215.821, 0.032, 150.669, 0.042, 199.965, 0.033, 146.983, 0.052, 192.153, 0.039, 184.882, 0.147, 180.728, 0.045, 201.241, 0.101,
009-pdm10ABABb1, 9.610450, 0.00221644628099, 200.488, 0.095, 206.905, 0.024, 185.287, 0.035, 188.245, 0.02, 163.094, 0.078, 170.823, 0.021, 211.115, 0.07, 210.388, 0.02, 262.586, 0.043, 191.752, 0.033, 247.11, 0.042, 205.466, 0.025,
009-pdm10ABBAa1, 9.544430, 0.000762148760331, 187.686, 0.031, 246.973, 0.097, 185.155, 0.085, 219.557, 0.03, 243.087, 0.03, 216.713, 0.103, 184.385, 0.138, 249.934, 0.028, 267.897, 0.027, 260.191, 0.096, 176.052, 0.052, 238.059, 0.04,
009-pdm10ABBAb1, 9.099260, 0.000514743801653, 261.619, 0.083, 238.271, 0.031, 188.47, 0.035, 306.935, 0.086, 265.05, 0.094, 229.764, 0.04, 233.372, 0.041, 255.818, 0.089, 219.895, 0.087, 187.436, 0.03, 198.476, 0.035, 277.937, 0.094,
009-pdm11ABABa1, 8.613310, 0.000181157024793, 193.618, 0.029, 248.664, 0.088, 232.71, 0.031, 267.441, 0.082, 226.544, 0.04, 236.034, 0.08, 241.761, 0.034, 257.993, 0.071, 229.944, 0.031, 250.872, 0.072, 237.304, 0.035, 257.475, 0.081,
009-pdm11ABABb1, 9.224160, 0.000211140495868, 208.247, 0.082, 236.19, 0.02, 199.115, 0.074, 250.303, 0.021, 251.376, 0.076, 233.717, 0.02, 254.854, 0.051, 236.387, 0.016, 253.273, 0.049, 245.636, 0.03, 241.772, 0.064, 239.731, 0.016,
009-pdm11ABBAa1, 8.643950, 0.000157719008264, 214.065, 0.02, 215.779, 0.082, 246.475, 0.071, 214.516, 0.02, 177.52, 0.086, 288.504, 0.078, 262.905, 0.063, 226.651, 0.032, 236.93, 0.02, 308.028, 0.067, 264.137, 0.058, 282.328, 0.029,
009-pdm11ABBAb1, 8.673660, 0.00095705785124, 155.696, 0.091, 235.538, 0.02, 236.493, 0.032, 250.794, 0.075, 272.033, 0.086, 188.334, 0.025, 283.593, 0.025, 282.732, 0.082, 272.588, 0.071, 253.097, 0.027, 268.421, 0.017, 214.181, 0.069,
009-pdm12ABABa1, 9.479850, 0.000448743801653, 221.076, 0.02, 251.294, 0.067, 174.477, 0.024, 247.615, 0.065, 185.924, 0.019, 244.148, 0.064, 183.23, 0.024, 238.855, 0.056, 191.884, 0.02, 258.44, 0.043, 206.125, 0.019, 248.209, 0.049,
009-pdm12ABABb1, 9.440920, 0.00177178512397, 145.324, 0.083, 225.3, 0.022, 222.031, 0.072, 214.088, 0.019, 257.637, 0.079, 189.531, 0.018, 158.865, 0.083, 211.395, 0.012, 258.02, 0.061, 210.51, 0.022, 274.801, 0.059, -134.649, 0.018,
009-pdm12ABBAa1, 9.555840, 0.000488595041322, 175.605, 0.019, 254.844, 0.085, 216.129, 0.05, 226.721, 0.02, 232.773, 0.024, 266.165, 0.071, 242.526, 0.048, 237.707, 0.02, 181.744, 0.024, 250.366, 0.066, 234.675, 0.054, 232.987, 0.02,
009-pdm12ABBAb1, 9.315150, 0.000640066115702, 223.752, 0.091, 218.521, 0.02, 191.94, 0.019, 219.473, 0.074, 244.658, 0.066, 200.365, 0.022, 193.805, 0.019, 254.735, 0.069, 267.419, 0.053, 200.283, 0.022, 198.006, 0.019, 221.035, 0.052,
009-pdn01ABABa1, 9.077110, 0.00188223140496, 184.774, 0.008, 234.963, 0.057, 206.541, 0.017, 229.577, 0.042, 238.263, 0.009, 186.305, 0.085, 249.646, 0.018, 228.503, 0.04, 256.124, 0.017, -221.412, 0.103, 226.245, 0.087, -188.491, 0.089,
009-pdn01ABABb1, 9.349400, 0.00165024793388, 217.824, 0.065, 155.358, 0.016, 215.243, 0.057, 224.363, 0.008, 235.628, 0.066, 191.597, 0.016, 239.035, 0.068, -178.881, 0.072, 221.529, 0.065, 194.471, 0.01, 184.995, 0.051, 189.573, 0.01,
009-pdn01ABBAa1, 9.096150, 0.000302876033058, 236.772, 0.01, 242.513, 0.052, 224.731, 0.031, 192.021, 0.02, -193.296, 0.073, 232.484, 0.046, 214.748, 0.005, -207.427, 0.075, -143.854, 0.069, 233.621, 0.07, 199.821, 0.032, 206.946, 0.02,
009-pdn01ABBAb1, 9.025480, 0.000487504132231, 212.967, 0.045, 209.477, 0.011, 167.033, 0.013, 243.908, 0.045, 209.085, 0.027, 196.107, 0.053, 202.572, 0.011, 269.669, 0.055, 216.186, 0.005, 248.782, 0.009, 192.145, 0.01, 220.485, 0.035,
009-pdn02ABABa1, 9.720310, 0.000833702479339, 160.81, 0.016, 228.272, 0.074, 211.144, 0.016, 227.04, 0.071, 199.49, 0.009, 279.748, 0.061, 189.828, 0.016, 250.677, 0.056, 201.537, 0.014, 256.308, 0.05, 208.33, 0.009, 230.689, 0.042,
009-pdn02ABABb1, 9.083390, 0.000408694214876, 233.066, 0.088, 169.562, 0.016, 226.971, 0.078, 197.832, 0.016, 243.918, 0.065, 197.051, 0.022, 219.669, 0.062, 165.16, 0.016, 284.261, 0.057, 220.51, 0.015, 271.82, 0.041, 195.275, 0.007,
009-pdn02ABBAa1, 5.522670, 0.0521431570248, 146.958, 0.005, 100.653, 0.036, 104.929, 0.045, 110.295, 0.042, 188.849, 0.129, 132.274, 0.037, 129.646, 0.032, 96.8896, 0.039, 118.943, 0.005, 138.538, 0.061, 121.158, 0.116, 181.006, 0.15,
009-pdn02ABBAb1, 8.976570, 0.000586991735537, 185.67, 0.057, -182.223, 0.071, -142.805, 0.079, 220.744, 0.067, 247.74, 0.005, 184.851, 0.07, 150.518, 0.039, 249.369, 0.06, -204.017, 0.097, 130.273, 0.025, 157.293, 0.026, 238.777, 0.066,
009-pdn03ABABa1, 9.261170, 0.000646446280992, 162.984, 0.07, 203.075, 0.008, -207.836, 0.005, 233.098, 0.083, 224.472, 0.015, 216.741, 0.05, 188.328, 0.027, 225.422, 0.067, 226.85, 0.076, 198.183, 0.082, 212.098, 0.042, 178.591, 0.005,
009-pdn03ABABb1, 9.100150, 0.00110770247934, 191.724, 0.039, 202.363, 0.028, 151.294, 0.005, 202.2, 0.016, -220.905, 0.116, 181.517, 0.015, 212.797, 0.102, 164.877, 0.01, 209.337, 0.078, 197.623, 0.016, 183.098, 0.083, 143.67, 0.043,
009-pdn03ABBAa1, 9.010670, 0.00023932231405, 238.37, 0.008, 213.036, 0.039, -176.664, 0.092, 212.208, 0.005, -208.555, 0.084, -215.278, 0.085, -215.065, 0.093, 173.775, 0.007, -230.816, 0.079, 220.803, 0.047, -195.747, 0.107, -182.87, 0.066,
009-pdn03ABBAb1, 9.150790, 0.00122910743802, -187.841, 0.098, 184.049, 0.007, 191.698, 0.07, 209.756, 0.061, 188.961, 0.083, 166.836, 0.007, 179.344, 0.075, 239.3, 0.005, 224.622, 0.092, -140.835, 0.077, -191.963, 0.074, 234.25, 0.061,
009-pdn04ABABa1, 7.779450, 0.0135040826446, -203.253, 0.079, 189.922, 0.043, 207.737, 0.035, -204.434, 0.081, 221.457, 0.018, -229.106, 0.081, 224.352, 0.005, 212.203, 0.039, 238.974, 0.019, 237.067, 0.015, 215.832, 0.025, 285.26, 0.017,
009-pdn04ABABb1, 8.307080, 0.000844198347107, 177.12, 0.079, 213.884, 0.013, 220.5, 0.056, 209.653, 0.011, 214.254, 0.051, 239.228, 0.01, 217.11, 0.054, 187.869, 0.016, 210.694, 0.037, 210.347, 0.017, 226.352, 0.054, 216.867, 0.022,
009-pdn04ABBAa1, 8.365890, 0.000381685950413, 253.321, 0.015, 210.946, 0.045, -218.982, 0.079, -214.523, 0.086, 233.781, 0.026, 239.445, 0.062, 222.747, 0.049, 203.241, 0.015, -207.347, 0.078, 246.847, 0.054, 268.305, 0.067, 217.8, 0.028,
009-pdn04ABBAb1, 9.152750, 0.000562611570248, 213.459, 0.051, -239.928, 0.084, 229.593, 0.015, 200.395, 0.067, 224.141, 0.062, -223.092, 0.005, 222.55, 0.025, 285.116, 0.064, 275.309, 0.038, 237.976, 0.02, 227.412, 0.015, 239.693, 0.049,
009-pdn05ABABa1, 9.554030, 0.000222809917355, 262.734, 0.014, 207.088, 0.098, 213.245, 0.017, 241.238, 0.048, 226.586, 0.011, 214.063, 0.032, 235.889, 0.018, 166.517, 0.026, 211.473, 0.011, 184.193, 0.087, 183.099, 0.015, 157.75, 0.128,
009-pdn05ABABb1, 9.509990, 4.53553719008e-05, 198.008, 0.072, 215.418, 0.011, 186.5, 0.084, 218.46, 0.016, 200.415, 0.075, 178.438, 0.017, 208.158, 0.053, 221.599, 0.016, 206.137, 0.047, 199.657, 0.015, 164.767, 0.09, 181.163, 0.011,
009-pdn05ABBAa1, 9.751810, 0.00027105785124, 232.144, 0.014, 222.376, 0.06, 184.613, 0.017, 192.771, 0.02, 209.667, 0.012, 224.971, 0.056, 244.01, 0.042, 212.229, 0.012, 222.318, 0.009, 235.649, 0.043, 215.669, 0.05, 237.121, 0.01,
009-pdn05ABBAb1, 9.662570, 0.00016147107438, 234.567, 0.033, 206.525, 0.012, -170.145, 0.081, 217.71, 0.052, 265.209, 0.036, 221.546, 0.011, 199.572, 0.017, 249.024, 0.057, 240.12, 0.034, 192.437, 0.01, 207.153, 0.012, 232.609, 0.04,
009-pdn06ABABa1, 8.659780, 0.000542247933884, 230.657, 0.017, 212.746, 0.071, 210.223, 0.012, 224.354, 0.051, 213.268, 0.011, 229.985, 0.074, 215.501, 0.012, 202.612, 0.047, 226.404, 0.017, 237.578, 0.066, -206.002, 0.005, 212.111, 0.058,
009-pdn06ABABb1, 11.294000, 0.00864451239669, 280.883, 0.069, 224.239, 0.014, 137.091, 0.035, 206.195, 0.096, 143.921, 0.005, 196.165, 0.028, 221.711, 0.013, 141.428, 0.005, 207.416, 0.016, 145.571, 0.005, 201.007, 0.112, 226.887, 0.013,
009-pdn06ABBAa1, 8.941690, 0.000628247933884, 255.893, 0.018, 245.8, 0.068, 233.021, 0.027, 190.665, 0.023, 218.054, 0.021, 164.192, 0.098, 224.403, 0.058, 204.59, 0.012, -183.518, 0.075, 219.923, 0.077, 259.526, 0.071, 217.528, 0.016,
009-pdn06ABBAb1, 8.882400, 0.000718958677686, 188.897, 0.051, 204.041, 0.016, 276.11, 0.013, 279.01, 0.058, 274.812, 0.041, 247.38, 0.011, 254.565, 0.012, 288.588, 0.047, 257.854, 0.036, 267.671, 0.014, 250.738, 0.017, 250.77, 0.048,
009-pdn07ABABa1, 8.336740, 0.000529520661157, 180.418, 0.016, 245.953, 0.058, 229.49, 0.011, 233.366, 0.052, 182.543, 0.018, 227.499, 0.048, 203.526, 0.012, 238.385, 0.057, 258.039, 0.012, 219.987, 0.053, 208.761, 0.013, 196.998, 0.053,
009-pdn07ABABb1, 8.393370, 0.00143474380165, 204.3, 0.055, 181.172, 0.014, 191.471, 0.066, 237.18, 0.016, 214.276, 0.061, 183.165, 0.013, 238.103, 0.051, 191.078, 0.012, 272.087, 0.064, 197.13, 0.012, 243.395, 0.067, 197.709, 0.016,
009-pdn07ABBAa1, 8.549920, 0.000963834710744, 221.824, 0.018, 234.788, 0.043, 180.688, 0.01, 233.136, 0.042, 150.897, 0.016, 225.395, 0.045, 219.642, 0.024, 184.517, 0.013, -181.017, 0.087, 206.695, 0.036, 233.835, 0.024, 211.5, 0.01,
009-pdn07ABBAb1, 8.634290, 0.000406958677686, 220.029, 0.04, 182.201, 0.01, 196.09, 0.012, 227.602, 0.02, 255.084, 0.063, 195.199, 0.01, 206.427, 0.014, 188.301, 0.02, 217.5, 0.03, 185.294, 0.013, 159.303, 0.014, 241.671, 0.053,
009-pdn08ABABa1, 9.319970, 0.000562, -204.697, 0.08, 230.932, 0.078, 257.834, 0.019, 199.888, 0.086, 269.388, 0.014, 264.279, 0.086, 250.105, 0.022, 288.465, 0.065, 263.557, 0.029, 250.496, 0.064, 241.805, 0.017, 252.615, 0.072,
009-pdn08ABABb1, 9.559270, 0.00028279338843, 172.095, 0.048, 244.208, 0.03, 224.585, 0.084, 269.639, 0.019, 237.372, 0.068, 248.437, 0.023, 269.8, 0.053, 243.579, 0.019, 283.124, 0.083, 237.723, 0.019, 276.198, 0.062, 213.735, 0.03,
009-pdn08ABBAa1, 9.674900, 0.00041626446281, 210.307, 0.02, 256.697, 0.078, 246.433, 0.095, 281.329, 0.02, 245.206, 0.021, 277.154, 0.079, 277.457, 0.09, 232.738, 0.062, 240.89, 0.014, 238.482, 0.082, 271.323, 0.066, 242.935, 0.02,
009-pdn08ABBAb1, 9.629470, 0.00037826446281, 228.583, 0.066, 222.187, 0.011, 207.13, 0.018, 265.953, 0.08, 281.287, 0.076, 246.183, 0.016, 199.332, 0.016, 248.463, 0.075, 264.493, 0.059, 207.373, 0.012, 221.303, 0.022, 271.053, 0.076,
009-pdn09ABABa1, 9.844250, 0.000326231404959, 196.085, 0.023, 204.557, 0.053, 180.498, 0.021, 198.951, 0.057, 195.339, 0.014, 201.796, 0.061, 218.499, 0.015, 224.433, 0.055, 209.824, 0.014, 209.039, 0.051, 193.813, 0.015, 197.114, 0.02,
009-pdn09ABABb1, 9.590790, 0.00113624793388, 256.504, 0.083, 183.613, 0.016, 165.626, 0.091, 223.304, 0.016, 209.77, 0.074, 235.588, 0.019, 139.332, 0.082, 234.982, 0.017, 216.182, 0.072, 220.042, 0.015, 189.6, 0.066, 214.36, 0.018,
009-pdn09ABBAa1, 9.676260, 0.000357702479339, 260.134, 0.015, 223.881, 0.073, 229.928, 0.049, 202.913, 0.019, 213.589, 0.015, 222.031, 0.073, 193.004, 0.062, 223.097, 0.015, 203.782, 0.016, 226.02, 0.072, 231.556, 0.041, 205.888, 0.022,
009-pdn09ABBAb1, 9.451960, 0.000249537190083, 255.996, 0.041, 213.974, 0.016, 215.954, 0.016, 246.824, 0.061, 263.824, 0.052, 211.13, 0.011, 194.621, 0.019, 241.723, 0.051, 213.237, 0.058, 211.574, 0.018, 214.844, 0.013, 195.682, 0.063,
009-pdn10ABABa1, 10.110800, 0.000123702479339, 208.019, 0.038, 199.712, 0.079, 195.728, 0.02, 282.314, 0.067, 200.231, 0.022, 260.835, 0.076, 237.32, 0.028, 233.406, 0.073, 224.606, 0.033, 237.675, 0.074, 223.956, 0.029, 247.185, 0.062,
009-pdn10ABABb1, 9.934700, 0.000334512396694, 127.761, 0.095, 224.699, 0.029, 265.611, 0.087, 227.061, 0.026, 266.14, 0.083, 231.338, 0.036, 222.751, 0.067, 235.475, 0.046, 220.937, 0.075, 221.65, 0.026, 205.573, 0.077, 255.161, 0.048,
009-pdn10ABBAa1, 9.890740, 0.000268247933884, 214.702, 0.027, 255.089, 0.097, 250.156, 0.042, 196.233, 0.033, 185.887, 0.021, 268.118, 0.077, 236.274, 0.081, -178.114, 0.006, 232.623, 0.035, 279.232, 0.091, 236.943, 0.079, 222.782, 0.044,
009-pdn10ABBAb1, 9.780530, 0.000737652892562, -137.394, 0.079, 240.987, 0.029, 206.926, 0.027, 243.303, 0.099, 180.235, 0.093, 228.462, 0.021, 189.415, 0.037, 217.785, 0.083, 261.312, 0.101, 229.624, 0.045, 247.672, 0.031, 237.52, 0.087,
009-pdn11ABABa1, 9.768750, 0.000356247933884, 207.287, 0.035, 213.147, 0.073, 237.673, 0.033, 233.833, 0.06, 236.163, 0.026, 220.545, 0.064, 228.279, 0.019, 211.836, 0.06, 227.015, 0.035, 185.269, 0.068, 250.049, 0.028, 211.24, 0.067,
009-pdn11ABABb1, 8.981340, 0.00362370247934, 202.858, 0.43, 241.307, 0.021, 203.225, 0.102, 226.576, 0.017, 229.153, 0.067, 197.773, 0.02, 181.101, 0.052, 213.73, 0.026, 219.208, 0.065, 243.628, 0.022, 198.9, 0.082, 212.352, 0.02,
009-pdn11ABBAa1, 9.840950, 0.000217719008264, 237.572, 0.022, 247.974, 0.084, 209.528, 0.045, 249.1, 0.027, 213.855, 0.024, 219.921, 0.073, 200.517, 0.076, 226.888, 0.026, 220.472, 0.052, 222.721, 0.081, 194.422, 0.062, 239.182, 0.024,
009-pdn11ABBAb1, 9.957080, 0.000138809917355, 255.987, 0.079, 229.169, 0.026, 222.06, 0.025, 213.626, 0.075, 240.802, 0.08, 224.481, 0.03, 196.857, 0.017, 218.288, 0.079, 247.747, 0.061, 230.12, 0.027, 197.418, 0.025, 213.491, 0.06,
009-pdn12ABABa1, 9.886040, 0.000110611570248, 231.835, 0.028, 204.334, 0.054, 252.9, 0.018, 209.793, 0.039, 248.533, 0.018, 210.098, 0.042, 263.467, 0.017, 274.499, 0.03, 272.584, 0.021, 202.893, 0.041, 236.276, 0.017, 206.77, 0.04,
009-pdn12ABABb1, 9.764930, 0.00179614876033, 219.905, 0.112, 244.587, 0.02, 141.564, 0.018, 256.425, 0.023, 265.986, 0.065, 214.216, 0.032, 230.713, 0.076, 212.494, 0.025, 244.878, 0.086, 247.079, 0.041, 219.622, 0.075, 211.701, 0.033,
009-pdn12ABBAa1, 9.535960, 0.000738628099174, 238.86, 0.035, 162.269, 0.087, 193.744, 0.03, 218.949, 0.025, 243.713, 0.025, 230.671, 0.073, 227.227, 0.072, -143.783, 0.082, 239.798, 0.029, 192.265, 0.072, 209.398, 0.074, 205.91, 0.021,
009-pdn12ABBAb1, 9.875230, 0.000374082644628, 149.714, 0.059, 240.689, 0.021, 213.422, 0.031, 254.161, 0.066, 233.757, 0.061, 275.805, 0.027, 260.467, 0.031, 201.739, 0.067, 211.668, 0.057, 225.881, 0.02, 223.381, 0.033, 236.314, 0.071,
009-psm01ABABa1, 9.294340, 0.000415090909091, -135.473, 0.107, -226.786, 0.081, -197.081, 0.081, -241.083, 0.081, 230.817, 0.081, -198.15, 0.076, 216.545, 0.078, 218.08, 0.009, 230.52, 0.074, 215.357, 0.005, 225.709, 0.075, -218.007, 0.072,
009-psm01ABABb1, 8.715150, 0.000787107438017, -220.981, 0.075, 218.961, 0.039, 217.76, 0.005, 203.916, 0.058, 200.072, 0.009, 179.556, 0.05, -199.229, 0.079, 228.024, 0.047, 204.917, 0.008, -187.389, 0.109, -202.515, 0.073, 199.764, 0.008,
009-psm01ABBAa1, 9.144710, 0.00040947107438, 200.176, 0.044, -188.66, 0.091, -193.212, 0.08, 226.814, 0.042, -221.197, 0.091, -210.001, 0.076, 173.249, 0.02, 221.048, 0.043, 221.173, 0.038, -207.559, 0.073, -211.136, 0.081, 237.138, 0.119,
009-psm01ABBAb1, 9.115970, 0.000225272727273, -201.61, 0.074, 247.768, 0.039, 209.962, 0.023, -198.476, 0.073, 205.677, 0.013, -214.824, 0.091, -218.465, 0.074, 220.211, 0.015, 229.259, 0.005, -207.07, 0.077, 221.496, 0.025, -215.782, 0.005,
009-psm02ABABa1, 8.536870, 0.00122859504132, 177.375, 0.193, -181.493, 0.075, 213.047, 0.047, 166.086, 0.008, 211.076, 0.05, 190.634, 0.009, 213.608, 0.061, -151.971, 0.074, -171.762, 0.078, 174.8, 0.016, 190.282, 0.038, 198.361, 0.046,
009-psm02ABABb1, 8.111910, 0.000394231404959, -233.468, 0.071, 215.581, 0.057, 203.746, 0.008, 225.648, 0.052, -206.338, 0.085, 217.03, 0.046, -191.172, 0.072, 206.34, 0.049, -216.334, 0.076, 227.98, 0.034, 216.989, 0.01, -221.699, 0.07,
009-psm02ABBAa1, 8.645520, 0.00112879338843, 218.884, 0.039, -180.266, 0.077, 191.181, 0.01, 188.743, 0.076, -190.062, 0.076, -201.514, 0.074, -203.741, 0.078, 203.196, 0.074, -232.443, 0.069, 180.556, 0.015, -185.074, 0.081, 210.819, 0.04,
009-psm02ABBAb1, 8.648100, 0.000412809917355, 195.94, 0.073, 212.642, 0.082, 172.255, 0.005, 206.129, 0.009, -206.487, 0.076, -205.075, 0.076, 194.809, 0.069, -216.55, 0.081, 202.19, 0.015, -221.456, 0.075, -213.147, 0.089, 224.099, 0.014,
009-psm03ABABa1, 9.661470, 0.00932808264463, 169.847, 0.005, 200.847, 0.009, 214.097, 0.073, 225.151, 0.008, 242.936, 0.058, -197.603, 0.083, 221.722, 0.01, 224.665, 0.007, 212.381, 0.056, -221.219, 0.088, 104.029, 0.033, 154.99, 0.045,
009-psm03ABABb1, 9.677000, 0.00033479338843, 241.493, 0.027, 256.225, 0.065, 231.434, 0.01, 254.743, 0.044, 259.386, 0.01, 237.18, 0.058, 230.575, 0.019, 225.916, 0.062, 212.648, 0.011, 248.256, 0.053, 223.865, 0.011, 258.608, 0.064,
009-psm03ABBAa1, 9.366000, 0.000403090909091, 218.654, 0.046, 263.239, 0.009, 196.162, 0.011, 232.506, 0.149, 231.234, 0.055, 177.202, 0.009, 164.868, 0.017, 200.671, 0.076, 249.932, 0.055, -209.583, 0.085, 214.545, 0.014, 228.281, 0.083,
009-psm03ABBAb1, 9.369080, 0.00628717355372, 206.706, 0.012, 234.118, 0.069, 187.883, 0.042, 221.398, 0.033, -206.372, 0.005, 123.349, 0.045, 193.226, 0.063, 172.709, 0.095, 207.623, 0.013, 168.992, 0.021, 204.68, 0.073, 215.096, 0.037,
009-psm04ABABa1, 9.677650, 0.000250049586777, 181.104, 0.057, 206.251, 0.031, -212.685, 0.103, -210.333, 0.005, 227.623, 0.049, 205.737, 0.078, 230.246, 0.041, 215.627, 0.025, 229.668, 0.044, 194.237, 0.016, -210.585, 0.051, -188.711, 0.088,
009-psm04ABABb1, 9.074090, 0.00107474380165, 225.043, 0.017, 205.23, 0.049, -177.413, 0.005, 207.139, 0.045, -202.553, 0.005, -158.729, 0.081, 221.129, 0.01, 197.772, 0.06, -201.916, 0.076, -191.818, 0.082, 155.002, 0.024, 228.131, 0.035,
009-psm04ABBAa1, 9.298560, 0.000869107438017, 251.807, 0.043, 165.641, 0.014, 171.006, 0.013, 225.459, 0.05, 210.745, 0.041, 197.799, 0.029, 205.577, 0.022, 186.963, 0.09, 214.054, 0.074, 227.534, 0.015, 215.955, 0.012, 217.872, 0.073,
009-psm04ABBAb1, 9.442280, 0.000376082644628, 181.06, 0.014, 199.165, 0.07, 170.829, 0.01, -187.198, 0.072, 185.973, 0.025, 209.292, 0.089, 198.397, 0.057, 196.716, 0.017, 213.615, 0.008, 236.848, 0.054, 133.06, 0.064, -194.067, 0.083,
009-psm05ABABa1, 9.346070, 0.000543504132231, 237.873, 0.086, 204.07, 0.017, 226.286, 0.062, 198.517, 0.014, 197.157, 0.092, 207.716, 0.015, 209.073, 0.063, 202.24, 0.016, 248.766, 0.051, 206.495, 0.02, 200.143, 0.053, 177.861, 0.015,
009-psm05ABABb1, 9.429430, 0.000358, 233.564, 0.014, 240.525, 0.083, 223.285, 0.011, 187.014, 0.083, 186.893, 0.02, 204.338, 0.054, 209.526, 0.016, 224.033, 0.054, 196.305, 0.013, 203.01, 0.077, 214.174, 0.014, 235.801, 0.027,
009-psm05ABBAa1, 9.172060, 0.000694776859504, 211.157, 0.042, 196.095, 0.014, 214.856, 0.018, 234.386, 0.056, 213.728, 0.037, 219.284, 0.014, 199.972, 0.02, 227.02, 0.042, 206.753, 0.048, 175.693, 0.005, 213.884, 0.008, 250.19, 0.048,
009-psm05ABBAb1, 8.672060, 0.000569636363636, 261.096, 0.017, 202.459, 0.059, 188.457, 0.041, 198.788, 0.017, 197.868, 0.017, 226.063, 0.062, 215.375, 0.04, 197.93, 0.017, 219.132, 0.014, 256.26, 0.077, 239.252, 0.04, 206.952, 0.019,
009-psm06ABABa1, 8.921360, 0.00045079338843, 269.741, 0.066, 221.43, 0.011, 240.46, 0.062, 219.315, 0.009, 224.188, 0.066, 194.703, 0.011, 209.78, 0.043, 200.472, 0.01, 225.348, 0.039, 206.781, 0.01, 218.442, 0.062, 185.923, 0.011,
009-psm06ABABb1, 9.331200, 0.00069105785124, 228.289, 0.016, 231.538, 0.07, 194.104, 0.017, 250.636, 0.08, -174.073, 0.071, 252.317, 0.061, 205.92, 0.011, 264.607, 0.057, 191.882, 0.015, 237.919, 0.07, 216.733, 0.009, 206.242, 0.056,
009-psm06ABBAa1, 9.119060, 0.000492330578512, 240.998, 0.048, 203.677, 0.013, 206.832, 0.012, 256.894, 0.06, 231.048, 0.054, -203.816, 0.072, -191.178, 0.078, 231.373, 0.053, 227.629, 0.055, 230.254, 0.01, 191.931, 0.011, 263.006, 0.054,
009-psm06ABBAb1, 9.537430, 0.00021641322314, 208.45, 0.017, 224.863, 0.053, 247.368, 0.05, 189.562, 0.02, 217.491, 0.011, 272.449, 0.066, 225.225, 0.022, 229.465, 0.043, 210.425, 0.009, 233.457, 0.058, 237.437, 0.041, 232.078, 0.012,
009-psm07ABABa1, 8.383800, 0.00218862809917, 202.714, 0.154, 213.165, 0.018, 166.234, 0.057, 242.381, 0.013, 205.514, 0.081, 234.265, 0.013, 211.149, 0.045, 231.752, 0.013, 216.859, 0.043, 248.254, 0.012, 237.841, 0.076, 216.51, 0.019,
009-psm07ABABb1, 8.763940, 0.000378380165289, 214.305, 0.015, 155.223, 0.084, 221.515, 0.018, 218.494, 0.073, 192.102, 0.017, 214.048, 0.067, 220.28, 0.014, 210.075, 0.063, 237.751, 0.02, 202.63, 0.052, 223.64, 0.013, 211.511, 0.065,
009-psm07ABBAa1, 8.888110, 0.000636247933884, 219.039, 0.053, 235.883, 0.012, 250.921, 0.015, 222.126, 0.052, 234.672, 0.033, 250.76, 0.012, 242.689, 0.017, 226.741, 0.074, 219.197, 0.037, 218.457, 0.017, 235.84, 0.019, 170.462, 0.069,
009-psm07ABBAb1, 8.443440, 0.000852958677686, 213.644, 0.146, 231.665, 0.049, 210.453, 0.051, 214.73, 0.012, 195.491, 0.017, 213.974, 0.04, 219.351, 0.066, 231.266, 0.014, 260.265, 0.014, -184.565, 0.091, 219.451, 0.055, 243.836, 0.01,
009-psm08ABABa1, 9.903410, 0.000145355371901, 144.006, 0.005, 219.347, 0.012, 244.534, 0.075, 237.127, 0.011, 209.168, 0.096, 216.39, 0.015, 241.729, 0.041, -227.112, 0.079, 213.308, 0.073, -205.692, 0.086, 218.153, 0.012, -186.861, 0.005,
009-psm08ABABb1, 9.681500, 0.000427537190083, 236.638, 0.013, 228.22, 0.049, 199.671, 0.011, 219.114, 0.019, 206.464, 0.013, 239.499, 0.058, 257.221, 0.012, 227.006, 0.064, 217.926, 0.012, 242.157, 0.056, 192.371, 0.012, 207.727, 0.056,
009-psm08ABBAa1, 9.966640, 0.00011679338843, 241.638, 0.064, 223.046, 0.012, 198.037, 0.019, 230.631, 0.053, 220.758, 0.044, 237.837, 0.011, 195.141, 0.017, 229.938, 0.016, 246.495, 0.05, 229.935, 0.016, 211.33, 0.013, 219.646, 0.052,
009-psm08ABBAb1, 9.503960, 0.000136958677686, 263.1, 0.016, 211.818, 0.05, 240.178, 0.05, 273.095, 0.013, 243.814, 0.016, 262.838, 0.045, 253.118, 0.041, 253.87, 0.01, 275.449, 0.01, 277.804, 0.034, 291.627, 0.031, 251.33, 0.014,
009-psm09ABABa1, 10.058800, 0.00022026446281, 177.759, 0.075, 208.417, 0.019, 181.471, 0.062, 148.913, 0.025, 230.341, 0.067, 226.273, 0.018, 228.856, 0.07, 209.56, 0.019, 227.748, 0.097, 191.484, 0.027, 260.261, 0.07, 197.851, 0.026,
009-psm09ABABb1, 9.950590, 0.000262743801653, 205.31, 0.04, 225.862, 0.088, 187.52, 0.03, 227.928, 0.079, 234.745, 0.032, 249.994, 0.064, 190.261, 0.027, 230.986, 0.059, 199.134, 0.024, 214.537, 0.06, 213.986, 0.039, 213.489, 0.061,
009-psm09ABBAa1, 10.037500, 0.000440247933884, 252.499, 0.082, 221.206, 0.027, 225.507, 0.027, 216.034, 0.052, 236.641, 0.033, 202.939, 0.02, 175.133, 0.031, 236.462, 0.055, 224.202, 0.051, 195.791, 0.025, 207.968, 0.021, 247.234, 0.07,
009-psm09ABBAb1, 10.138400, 0.000184231404959, 190.281, 0.027, 228.761, 0.068, 223.195, 0.055, 215.617, 0.027, 206.404, 0.03, 244.103, 0.07, 222.9, 0.05, 221.93, 0.027, 171.16, 0.031, 229.302, 0.059, 197.192, 0.052, 198.381, 0.022,
009-psm10ABABa1, 9.161330, 0.00015505785124, 220.156, 0.105, 208.005, 0.021, 236.332, 0.075, 202.392, 0.015, 210.001, 0.06, 222.858, 0.017, 216.002, 0.066, 215.898, 0.02, 233.828, 0.045, 226.947, 0.02, 178.707, 0.051, 249.399, 0.024,
009-psm10ABABb1, 9.200990, 0.000163107438017, 190.472, 0.024, 215.07, 0.069, 218.99, 0.026, 193.615, 0.06, 186.568, 0.037, 217.957, 0.055, 206.553, 0.043, 210.199, 0.052, 197.439, 0.038, 199.319, 0.051, 212.661, 0.032, 196.329, 0.032,
009-psm10ABBAa1, 9.103650, 0.000749140495868, 214.347, 0.052, 183.383, 0.005, 187.254, 0.024, 263.446, 0.052, 177.769, 0.122, 184.149, 0.03, 145.983, 0.027, 212.106, 0.056, 190.416, 0.049, 213.147, 0.027, 158.805, 0.005, 208.252, 0.063,
009-psm10ABBAb1, 9.193570, 0.000455289256198, 240.7, 0.029, 221.625, 0.058, 208.625, 0.032, 244.162, 0.02, 206.256, 0.025, 190.452, 0.05, 196.79, 0.061, 216.442, 0.025, 214.785, 0.021, 224.93, 0.058, 207.204, 0.068, 209.903, 0.029,
009-psm11ABABa1, 9.418370, 0.000474330578512, 239.803, 0.078, 208.29, 0.018, 232.355, 0.076, 237.802, 0.02, 244.125, 0.058, 236.206, 0.026, 257.812, 0.069, 203.277, 0.027, 221.87, 0.071, 242.924, 0.027, 235.247, 0.05, 191.954, 0.092,
009-psm11ABABb1, 9.671190, 0.00170697520661, 195.193, 0.019, 254.403, 0.067, 216.773, 0.018, 252.349, 0.083, 219.704, 0.025, 256.154, 0.085, 251.599, 0.026, 233.624, 0.059, 225.956, 0.026, 223.585, 0.071, 233.189, 0.024, 205.438, 0.055,
009-psm11ABBAa1, 9.195510, 0.00051932231405, 214.479, 0.055, 236.769, 0.017, 229.927, 0.019, 262.933, 0.08, 195.26, 0.012, 255.837, 0.018, 223.624, 0.019, 225.229, 0.09, 179.769, 0.053, 201.558, 0.025, 194.218, 0.026, 256.31, 0.067,
009-psm11ABBAb1, 9.286420, 0.000767140495868, 223.93, 0.073, 199.016, 0.023, 225.759, 0.021, 231.552, 0.047, 223.893, 0.05, 221.76, 0.026, 186.506, 0.056, 209.483, 0.018, 213.775, 0.02, 215.933, 0.083, 209.282, 0.055, 239.954, 0.02,
009-psm12ABABa1, 10.056700, 0.000643421487603, 183.624, 0.092, 209.793, 0.018, 175.94, 0.035, 208.672, 0.017, 196.856, 0.066, 243.739, 0.027, 213.157, 0.061, 222.989, 0.02, 213.727, 0.043, 187.708, 0.018, 222.677, 0.055, 214.747, 0.018,
009-psm12ABABb1, 10.486000, 0.000246876033058, 188.081, 0.034, 186.98, 0.115, 224.248, 0.029, 188.66, 0.1, 240.394, 0.025, 218.03, 0.093, 208.518, 0.026, 197.353, 0.106, 232.652, 0.03, 234.21, 0.049, 226.257, 0.029, 193.942, 0.129,
009-psm12ABBAa1, 9.952590, 0.000245355371901, 197.296, 0.137, 205.491, 0.017, 200.596, 0.025, 211.414, 0.064, 233.797, 0.054, 255.02, 0.021, 187.276, 0.026, 212.236, 0.05, 237.634, 0.052, 246.607, 0.025, 208.93, 0.022, 214.013, 0.063,
009-psm12ABBAb1, 9.739950, 0.000134975206612, 207.729, 0.024, 224.924, 0.067, 190.896, 0.109, 241.196, 0.026, 233.523, 0.027, 227.552, 0.074, 196.351, 0.052, 267.374, 0.022, 251.559, 0.03, 198.351, 0.122, 224.837, 0.064, 227.384, 0.03,
009-psn01ABABa1, 8.403330, 0.000790016528926, 205.321, 0.041, 216.837, 0.165, 217.713, 0.043, 244.684, 0.01, 200.406, 0.053, 214.802, 0.018, 219.601, 0.053, 193.921, 0.012, 245.691, 0.065, 249.541, 0.011, 229.181, 0.062, 207.592, 0.014,
009-psn01ABABb1, 8.332310, 0.00308019834711, 212.67, 0.14, 221.331, 0.027, 241.477, 0.017, 248.818, 0.043, 247.25, 0.012, 236.507, 0.032, 214.995, 0.012, 212.297, 0.033, -222.727, 0.08, 135.739, 0.041, 216.131, 0.015, 224.101, 0.058,
009-psn01ABBAa1, 8.652530, 0.00273171900826, 146.153, 0.005, 177.433, 0.159, -219.856, 0.083, -245.164, 0.078, -204.835, 0.085, 248.998, 0.043, 258.603, 0.012, 255.958, 0.032, -250.545, 0.005, 180.527, 0.007, 231.07, 0.04, 202.996, 0.054,
009-psn01ABBAb1, 8.067760, 0.000782809917355, 183.04, 0.2, 267.524, 0.049, 210.084, 0.037, 262.977, 0.009, 221.176, 0.03, 196.659, 0.027, 205.749, 0.082, -153.189, 0.075, 239.298, 0.023, 281.124, 0.053, -210.82, 0.005, 249.917, 0.014,
009-psn02ABABa1, 8.826840, 0.00131862809917, 200.444, 0.063, 181.579, 0.014, 199.295, 0.083, 173.917, 0.016, 179.113, 0.048, -178.593, 0.072, 201.598, 0.048, 173.936, 0.028, 182.166, 0.022, 200.091, 0.012, 189.681, 0.046, 178.527, 0.011,
009-psn02ABABb1, 9.094930, 0.00102259504132, 215.571, 0.009, 198.008, 0.045, 204.956, 0.025, -207.565, 0.071, 213.839, 0.016, -202.162, 0.076, 208.532, 0.017, 197.746, 0.083, 231.786, 0.016, 211.606, 0.054, 215.306, 0.005, -177.445, 0.081,
009-psn02ABBAa1, 8.825940, 0.000818198347107, 259.714, 0.041, 204.61, 0.027, 212.396, 0.028, 218.074, 0.073, 231.823, 0.055, 236.052, 0.018, 258.858, 0.017, 234.953, 0.049, 236.868, 0.052, 243.103, 0.018, 222.076, 0.028, 235.448, 0.05,
009-psn02ABBAb1, 8.962980, 0.000363504132231, 227.933, 0.023, 223.748, 0.046, 201.041, 0.052, 219.976, 0.024, 205.836, 0.024, 233.686, 0.058, 238.961, 0.047, 163.702, 0.017, 246.72, 0.011, 251.113, 0.058, 226.621, 0.057, 219.301, 0.011,
009-psn03ABABa1, 8.211520, 0.0102280661157, 198.393, 0.072, 218.92, 0.011, 260.882, 0.061, 185.843, 0.014, 222.179, 0.073, -241.772, 0.078, 265.263, 0.06, 267.876, 0.01, 221.628, 0.094, -195.668, 0.005, 166.246, 0.467, 138.977, 0.01,
009-psn03ABABb1, 9.410800, 0.000696082644628, 161.576, 0.027, 218.415, 0.055, 219.921, 0.008, -237.85, 0.095, 220.412, 0.008, 240.348, 0.061, -229.389, 0.07, 231.279, 0.049, -231.295, 0.081, 198.209, 0.047, -181.235, 0.005, 232.155, 0.09,
009-psn03ABBAa1, 8.962550, 0.000605867768595, 214.452, 0.055, -209.368, 0.094, 199.764, 0.009, 261.272, 0.064, 258.512, 0.061, -199.708, 0.073, -188.827, 0.083, 241.224, 0.057, 263.443, 0.048, 213.484, 0.008, 214.686, 0.005, 231.142, 0.079,
009-psn03ABBAb1, 8.856290, 0.000497900826446, -202.822, 0.08, 167.8, 0.031, -250.53, 0.112, -213.288, 0.074, 176.219, 0.042, 259.458, 0.074, -210.31, 0.1, 229.493, 0.009, -239.924, 0.092, 272.96, 0.067, -249.762, 0.094, -241.863, 0.087,
009-psn04ABABa1, 9.190340, 0.00333552066116, 231.632, 0.069, 175.246, 0.014, 230.869, 0.055, 207.62, 0.008, 254.095, 0.056, 206.431, 0.009, -199.732, 0.079, 197.996, 0.016, 222.944, 0.043, 232.189, 0.008, 153.677, 0.196, 215.814, 0.016,
009-psn04ABABb1, 10.092800, 0.000558082644628, 230.01, 0.022, -187.335, 0.086, 192.455, 0.009, 202.354, 0.048, 192.75, 0.016, 220.308, 0.052, 201.222, 0.013, 206.537, 0.065, 193.011, 0.006, -202.321, 0.079, -196.948, 0.077, 159.013, 0.028,
009-psn04ABBAa1, 9.653710, 0.000336330578512, 229.029, 0.047, 168.525, 0.019, 193.793, 0.018, -222.117, 0.078, -209.482, 0.075, -197.003, 0.083, -212.691, 0.078, 202.042, 0.051, -208.89, 0.045, 210.495, 0.017, 197.261, 0.018, 217.283, 0.041,
009-psn04ABBAb1, 10.004100, 0.000328512396694, 242.908, 0.006, -177.715, 0.093, -165.252, 0.092, 195.063, 0.016, 172.407, 0.021, 199.936, 0.04, 204.273, 0.046, 167.918, 0.011, 214.462, 0.007, 218.067, 0.048, 221.182, 0.049, 218.702, 0.007,
009-psn05ABABa1, 9.961530, 0.000344876033058, 198.374, 0.058, 198.374, 0.018, 262.678, 0.063, 220.087, 0.011, 242.528, 0.069, 193.332, 0.018, 241.373, 0.063, 262.711, 0.012, 205.697, 0.026, 167.191, 0.017, 211.003, 0.01, 199.098, 0.061,
009-psn05ABABb1, 8.711850, 0.00123862809917, 191.977, 0.138, 194.565, 0.05, 259.626, 0.016, -197.523, 0.102, 203.898, 0.016, 222.473, 0.039, 231.725, 0.015, 229.743, 0.041, 233.026, 0.013, 190.701, 0.022, 248.533, 0.011, 235.963, 0.023,
009-psn05ABBAa1, 9.771370, 0.00139444628099, 195.967, 0.034, 255.626, 0.01, 182.662, 0.01, 270.794, 0.038, 178.543, 0.018, 209.931, 0.015, -159.803, 0.076, 172.687, 0.035, 208.029, 0.028, -184.327, 0.073, 234.093, 0.017, 259.308, 0.036,
009-psn05ABBAb1, 9.670120, 0.00127251239669, 161.023, 0.015, 273.529, 0.038, 226.778, 0.045, -153.928, 0.076, -170.87, 0.075, 269.305, 0.032, 172.411, 0.031, 171.763, 0.008, 195.119, 0.013, 248.553, 0.035, 209.415, 0.048, 168.621, 0.01,
009-psn06ABABa1, 8.579560, 0.000633090909091, 243.067, 0.081, 236.161, 0.017, 254.417, 0.045, 241.485, 0.015, 265.056, 0.041, 220.532, 0.016, 249.499, 0.03, 216.866, 0.018, 245.978, 0.04, 182.563, 0.015, 180.925, 0.027, 211.482, 0.005,
009-psn06ABABb1, 8.627610, 0.000242446280992, 211.448, 0.018, 214.361, 0.065, 202.458, 0.008, 245.692, 0.049, 233.864, 0.01, 239.01, 0.049, 224.841, 0.016, 220.62, 0.037, 212.685, 0.013, 219.2, 0.035, 223.502, 0.056, 212.758, 0.02,
009-psn06ABBAa1, 8.803020, 0.000394429752066, 209.497, 0.057, 218.9, 0.012, 199.65, 0.015, 227.019, 0.053, 238.082, 0.045, 244.552, 0.011, -199.768, 0.075, 234.744, 0.036, 241.308, 0.034, 234.564, 0.009, 206.938, 0.011, 208.302, 0.034,
009-psn06ABBAb1, 8.392370, 0.0364596859504, 218.741, 0.017, 122.758, 0.045, 221.95, 0.055, 231.732, 0.033, 216.3, 0.011, 210.666, 0.145, 210.832, 0.027, 221.608, 0.019, -193.955, 0.076, 267.611, 0.039, 202.784, 0.034, 195.798, 0.011,
009-psn07ABABa1, 8.321870, 0.00225970247934, 143.026, 0.077, 210.097, 0.011, 241.982, 0.064, 177.514, 0.019, 212.434, 0.05, 207.446, 0.011, 228.323, 0.058, 205.837, 0.012, 159.265, 0.077, 196.268, 0.01, 247.071, 0.047, 217.887, 0.013,
009-psn07ABABb1, 8.590040, 0.000676545454545, 178.318, 0.016, 155.519, 0.072, 238.325, 0.018, 224.228, 0.071, 217.948, 0.017, 194.181, 0.058, 216.943, 0.019, 222.191, 0.048, 235.202, 0.012, 208.336, 0.046, 216.105, 0.021, 198.301, 0.057,
009-psn07ABBAa1, 8.798860, 0.000200743801653, 192.879, 0.043, 204.372, 0.011, 198.421, 0.009, 222.598, 0.058, 245.623, 0.038, 242.65, 0.011, 196.294, 0.014, 232.178, 0.045, 245.245, 0.024, 231.412, 0.011, 162.844, 0.011, 240.097, 0.026,
009-psn07ABBAb1, 8.886750, 0.000314876033058, 183.393, 0.015, 198.144, 0.063, 265.952, 0.052, 205.504, 0.011, 204.041, 0.011, 262.851, 0.057, 196.27, 0.034, 204.274, 0.018, 234.766, 0.015, 210.214, 0.068, 260.856, 0.043, 256.104, 0.018,
009-psn08ABABa1, 9.656140, 0.000624743801653, 261.392, 0.109, 224.789, 0.011, 241.392, 0.067, 201.506, 0.011, 207.556, 0.107, 219.762, 0.02, 238.835, 0.053, 198.738, 0.018, 207.844, 0.047, 230.846, 0.017, 222.568, 0.042, 209.497, 0.01,
009-psn08ABABb1, 8.548910, 0.000228148760331, 252.855, 0.017, 248.256, 0.082, 253.162, 0.019, 243.401, 0.072, 222.153, 0.02, 247.247, 0.066, 209.763, 0.011, 211.16, 0.044, 200.836, 0.015, 196.535, 0.031, 199.598, 0.018, -160.664, 0.088,
009-psn08ABBAa1, 9.119270, 0.00045826446281, 256.418, 0.058, 252.317, 0.015, 226.978, 0.017, 222.626, 0.053, 219.462, 0.049, 247.195, 0.012, 217.101, 0.011, 233.876, 0.028, 251.574, 0.036, 198.57, 0.012, 200.344, 0.016, 231.437, 0.031,
009-psn08ABBAb1, 9.327660, 0.000212958677686, 200.495, 0.016, 215.387, 0.036, 199.103, 0.031, 210.547, 0.012, 174.73, 0.014, 236.955, 0.042, 238.775, 0.028, 204.343, 0.014, 205.151, 0.01, 213.039, 0.031, -206.501, 0.082, 172.137, 0.011,
009-psn09ABABa1, 9.849880, 0.00035705785124, 175.366, 0.082, 221.548, 0.026, 198.536, 0.058, 208.955, 0.025, 194.53, 0.076, 250.002, 0.025, 227.595, 0.078, 223.97, 0.025, 227.507, 0.072, 243.585, 0.024, 219.977, 0.081, 210.533, 0.035,
009-psn09ABABb1, 9.692840, 0.000170231404959, 204.266, 0.023, 216.723, 0.079, 216.491, 0.025, 212.14, 0.066, 210.566, 0.02, 222.562, 0.064, 196.597, 0.029, 219.917, 0.062, 217.95, 0.025, -191.49, 0.13, 206.983, 0.028, 164.242, 0.068,
009-psn09ABBAa1, 9.470470, 0.000236628099174, 187.222, 0.069, 233.839, 0.025, 191.05, 0.029, 234.9, 0.075, 204.832, 0.084, 211.642, 0.029, 197.162, 0.03, 222.352, 0.081, 185.845, 0.081, 218.371, 0.026, 195.187, 0.02, 181.916, 0.077,
009-psn09ABBAb1, 9.262510, 0.000870198347107, 193.139, 0.005, 199.476, 0.077, 235.167, 0.06, 217.125, 0.005, 196.466, 0.028, 214.912, 0.073, 150.12, 0.06, 235.773, 0.024, 197.197, 0.028, 218.381, 0.068, 220.585, 0.063, 194.258, 0.03,
009-psn10ABABa1, 9.883310, 0.00078932231405, 200.219, 0.061, 225.39, 0.025, 216.387, 0.068, 175.436, 0.026, 191.192, 0.061, 246.738, 0.025, 220.877, 0.055, 236.201, 0.023, 194.666, 0.067, 262.246, 0.022, 218.461, 0.06, 203.735, 0.021,
009-psn10ABABb1, 9.882920, 0.000108512396694, 205.998, 0.029, 252.774, 0.064, 244.296, 0.027, 234.884, 0.064, 220.516, 0.03, 242.562, 0.056, 241.415, 0.028, 210.391, 0.048, 248.272, 0.03, 185.663, 0.049, 255.296, 0.02, 245.116, 0.042,
009-psn10ABBAa1, 9.502200, 0.000194446280992, 238.242, 0.051, 174.145, 0.032, 188.732, 0.024, 224.304, 0.057, 214.74, 0.056, 225.113, 0.024, 227.652, 0.023, 213.396, 0.057, 213.759, 0.052, 237.737, 0.021, 191.435, 0.022, 248.048, 0.06,
009-psn10ABBAb1, 9.637830, 0.000532198347107, 189.591, 0.028, 236.576, 0.075, 267.804, 0.055, 227.837, 0.025, 234.621, 0.02, 250.857, 0.065, 238.256, 0.046, 214.346, 0.026, 224.388, 0.027, 235.69, 0.052, 172.57, 0.045, 216.129, 0.024,
009-psn11ABABa1, 9.945380, 9.25123966942e-05, 214.594, 0.078, 234.903, 0.021, 238.511, 0.064, 252.528, 0.019, 252.551, 0.045, 268.425, 0.02, 206.482, 0.045, 249.504, 0.019, 245.369, 0.051, 250.947, 0.018, 213.062, 0.04, 251.667, 0.017,
009-psn11ABABb1, 9.805660, 0.000258049586777, 212.959, 0.023, 257.962, 0.084, 256.186, 0.02, 219.229, 0.061, 235.642, 0.018, 232.101, 0.072, 254.671, 0.017, 199.055, 0.074, 232.831, 0.024, 221.418, 0.041, 243.801, 0.019, 220.439, 0.07,
009-psn11ABBAa1, 9.818780, 0.00021105785124, 215.04, 0.072, 221.809, 0.015, 256.652, 0.025, 248.952, 0.07, 247.832, 0.059, 224.898, 0.016, 240.877, 0.021, 215.363, 0.066, 243.763, 0.07, 272.493, 0.021, 257.868, 0.026, 248.777, 0.059,
009-psn11ABBAb1, 8.970190, 0.00235219834711, -136.96, 0.143, 179.488, 0.096, 155.424, 0.072, 210.677, 0.02, 208.159, 0.024, 237.391, 0.072, 204.531, 0.058, 230.239, 0.027, 171.248, 0.025, 251.815, 0.066, 211.922, 0.051, 208.731, 0.021,
009-psn12ABABa1, 8.805100, 0.00110224793388, 231.447, 0.082, 219.163, 0.025, 233.951, 0.05, 210.991, 0.02, 222.911, 0.051, 212.756, 0.019, 230.816, 0.06, 232.267, 0.026, 226.852, 0.065, 210.344, 0.019, 254.617, 0.061, 216.784, 0.015,
009-psn12ABABb1, 10.138000, 0.00031879338843, 196.926, 0.028, 161.982, 0.046, 227.932, 0.005, 186.224, 0.066, 195.072, 0.028, 166.591, 0.054, 191.604, 0.033, 202.936, 0.055, 241.785, 0.028, 245.757, 0.058, 237.657, 0.025, 200.13, 0.059,
009-psn12ABBAa1, 9.727470, 0.000766776859504, 229.301, 0.122, 179.412, 0.026, 161.242, 0.028, 176.356, 0.062, 183.756, 0.069, 180.446, 0.027, 226.104, 0.021, 181.432, 0.128, 238.08, 0.067, 186.684, 0.021, 220.29, 0.018, 269.486, 0.067,
009-psn12ABBAb1, 10.077800, 0.000322148760331, 195.585, 0.037, 172.04, 0.104, 182.973, 0.128, 204.698, 0.023, 271.636, 0.03, 192.538, 0.065, 193.806, 0.053, 209.329, 0.026, 193.212, 0.033, 244.299, 0.051, 220.532, 0.051, 228.831, 0.043,
