004-pdm01ABABa1, 8.696310, 0.00029641322314, 164.352, 0.02, 234.264, 0.095, 183.033, 0.017, 220.875, 0.082, 230.292, 0.024, 258.021, 0.102, 211.596, 0.027, 211.295, 0.006, -193.509, 0.079, 230.362, 0.103, 159.374, 0.054, 258.899, 0.103,
004-pdm01ABABb1, 8.248420, 0.000484975206612, 283.809, 0.072, 229.6, 0.018, 267.791, 0.08, 135.221, 0.026, 254.203, 0.082, 195.423, 0.024, 261.815, 0.088, 172.953, 0.038, 273.177, 0.083, 209.966, 0.018, 241.815, 0.091, 203.628, 0.023,
004-pdm01ABBAa1, 9.064100, 0.000977652892562, 195.55, 0.013, 231.035, 0.088, 224.671, 0.082, -154.961, 0.061, 181.773, 0.016, 165.144, 0.082, 232.817, 0.087, 170.887, 0.015, -119.663, 0.081, 225.645, 0.078, 201.901, 0.07, 220.674, 0.012,
004-pdm01ABBAb1, 8.667400, 0.000689338842975, 212.826, 0.073, 197.141, 0.023, 195.485, 0.016, 234.578, 0.072, 250.063, 0.075, 141.185, 0.014, 203.583, 0.027, 201.072, 0.077, 255.878, 0.075, 186.785, 0.018, 160.059, 0.015, 221.205, 0.086,
004-pdm02ABABa1, 10.197900, 0.000234016528926, 200.526, 0.025, 286.735, 0.093, 191.452, 0.033, 250.715, 0.117, 190.814, 0.037, 262.862, 0.092, 200.702, 0.027, 255.69, 0.106, 181.495, 0.028, 204.634, 0.064, 229.595, 0.018, 261.361, 0.077,
004-pdm02ABABb1, 9.980070, 0.000514231404959, 267.088, 0.082, 217.884, 0.021, 241.141, 0.084, 201.024, 0.04, 253.755, 0.074, 188.763, 0.031, 239.977, 0.08, 207.853, 0.03, 263.165, 0.105, 212.418, 0.034, 212.805, 0.073, 190.722, 0.03,
004-pdm02ABBAa1, 9.448410, 0.000441338842975, 199.578, 0.025, 289.025, 0.082, 277.859, 0.076, 252.076, 0.026, 228.638, 0.026, 235.784, 0.087, 222.915, 0.048, 197.514, 0.035, 194.895, 0.03, 238.996, 0.091, 226.705, 0.08, 217.605, 0.027,
004-pdm02ABBAb1, 10.008100, 0.000484743801653, 244.66, 0.083, 167.425, 0.043, 189.581, 0.023, 218.726, 0.078, 235.526, 0.069, 190.361, 0.038, 154.71, 0.009, 216.415, 0.056, 183.725, 0.056, 192.541, 0.05, 195.409, 0.037, 286.211, 0.08,
004-pdm03ABABa1, 8.908140, 0.00167814876033, 198.445, 0.228, 226.673, 0.065, 193.894, 0.03, 219.715, 0.051, 232.841, 0.027, 240.612, 0.071, 184.791, 0.035, 133.789, 0.005, 219.543, 0.026, 260.289, 0.054, 177.083, 0.038, 218.864, 0.043,
004-pdm03ABABb1, 9.247420, 0.00138717355372, 208.633, 0.05, 227.691, 0.024, 281.74, 0.057, 193.872, 0.024, 314.4, 0.046, 153.821, 0.038, 224.009, 0.052, 109.751, 0.029, 243.407, 0.058, 204.698, 0.036, 254.376, 0.053, 222.245, 0.027,
004-pdm03ABBAa1, 9.067510, 0.000631157024793, -160.436, 0.08, 291.946, 0.065, 282.936, 0.073, -181.574, 0.078, 179.402, 0.029, 279.698, 0.075, 292.597, 0.071, 173.531, 0.031, 254.689, 0.022, 288.738, 0.062, 248.547, 0.075, 209.251, 0.035,
004-pdm03ABBAb1, 9.869270, 0.000305140495868, 234.992, 0.08, 181.114, 0.02, 182.784, 0.019, 255.562, 0.089, 331.434, 0.071, -200.496, 0.078, 176.998, 0.028, 261.484, 0.054, 301.154, 0.062, 257.06, 0.017, 227.635, 0.024, 278.284, 0.054,
004-pdm04ABABa1, 9.362390, 0.00136714049587, 164.078, 0.02, 213.878, 0.062, 183.814, 0.022, -134.272, 0.066, 176.327, 0.015, -163.232, 0.063, 161.304, 0.017, 169.034, 0.047, 206.564, 0.02, 151.465, 0.03, 218.273, 0.015, 241.047, 0.093,
004-pdm04ABABb1, 9.471130, 0.00101469421488, 221.869, 0.071, 225.839, 0.016, 190.813, 0.068, 176.223, 0.032, 236.435, 0.062, 119.012, 0.034, 251.97, 0.067, 188.209, 0.034, 215.472, 0.042, 139.283, 0.016, 247.638, 0.069, 227.987, 0.016,
004-pdm04ABBAa1, 9.177850, 0.00105074380165, 166.532, 0.026, 230.656, 0.056, 173.616, 0.056, 160.499, 0.009, 203.86, 0.01, 204.404, 0.042, 131.938, 0.006, 143.976, 0.008, 180.859, 0.015, 175.619, 0.125, 189.18, 0.064, 234.416, 0.016,
004-pdm04ABBAb1, 9.190500, 0.00189565289256, 167.215, 0.071, 145.901, 0.017, 217.473, 0.021, -150.303, 0.06, -160.011, 0.051, 140.884, 0.006, 147.375, 0.028, -177.621, 0.055, 173.864, 0.056, 197.302, 0.027, 202.467, 0.005, -196.495, 0.061,
004-pdm05ABABa1, 9.562310, 0.000407867768595, 198.381, 0.02, 251.018, 0.068, 201.303, 0.017, 211.018, 0.077, 195.472, 0.022, 232.011, 0.061, 178.777, 0.025, 223.055, 0.067, 169.887, 0.021, 226.684, 0.072, 210.103, 0.022, 174.929, 0.082,
004-pdm05ABABb1, 9.246350, 0.00018347107438, 228.464, 0.076, -152.32, 0.092, 265.992, 0.079, -159.726, 0.081, 285.327, 0.081, 182.928, 0.015, 238.611, 0.066, -156.876, 0.083, 240.122, 0.072, 146.341, 0.017, 258.936, 0.066, 197.939, 0.013,
004-pdm05ABBAa1, 9.202790, 0.000184975206612, -190.966, 0.087, 239.839, 0.093, 215.421, 0.075, 206.507, 0.019, 194.308, 0.023, 247.064, 0.067, 216.217, 0.069, 167.636, 0.016, 216.985, 0.011, 223.969, 0.061, 184.458, 0.089, -101.383, 0.084,
004-pdm05ABBAb1, 8.606520, 0.00052732231405, 316.373, 0.075, 192.376, 0.014, 167.163, 0.023, 193.539, 0.073, 252.819, 0.082, -152.749, 0.088, -157.672, 0.088, 153.138, 0.072, 255.357, 0.082, 174.678, 0.015, -149.746, 0.088, 193.383, 0.073,
004-pdm06ABABa1, 9.639650, 0.0031453553719, 223.273, 0.03, 234.292, 0.069, 205.079, 0.021, 217.658, 0.064, 202.109, 0.061, 239.667, 0.053, 183.056, 0.021, 245.839, 0.051, 221.459, 0.021, 236.297, 0.056, 241.292, 0.017, 219.274, 0.056,
004-pdm06ABABb1, 9.655400, 0.000223107438017, 208.097, 0.158, 187.96, 0.016, 240.443, 0.072, -164.993, 0.084, 220.309, 0.053, -184.304, 0.091, 239.521, 0.072, 141.674, 0.079, 262.498, 0.072, 217.901, 0.02, 218.641, 0.043, 224.277, 0.018,
004-pdm06ABBAa1, 9.261060, 0.000422363636364, 192.623, 0.025, 262.607, 0.07, 248.383, 0.065, 185.681, 0.02, 192.497, 0.024, 249.784, 0.076, 256.165, 0.063, 145.542, 0.094, 200.243, 0.029, 233.045, 0.08, 242.214, 0.058, 233.312, 0.015,
004-pdm06ABBAb1, 9.095300, 0.000217289256198, 279.851, 0.11, 227.163, 0.026, 220.452, 0.024, 236.351, 0.081, 261.347, 0.093, -172.748, 0.094, 250.159, 0.033, 247.165, 0.071, 259.346, 0.096, 201.604, 0.019, 179.697, 0.024, 141.555, 0.063,
004-pdm07ABABa1, 9.111840, 0.000493239669421, 184.775, 0.025, 141.857, 0.033, 256.318, 0.03, 187.212, 0.111, 289.651, 0.019, 248.907, 0.067, 195.969, 0.02, 141.846, 0.061, 242.05, 0.028, 257.825, 0.046, 201.055, 0.021, 159.747, 0.038,
004-pdm07ABABb1, 9.112850, 0.000924809917355, 268.152, 0.062, 227.285, 0.018, 291.191, 0.072, 221.024, 0.017, 257.615, 0.026, 278.122, 0.018, 280.037, 0.071, 211.421, 0.022, 273.19, 0.091, 195.158, 0.023, 272.325, 0.065, 202.53, 0.016,
004-pdm07ABBAa1, 9.149450, 0.00045547107438, 209.51, 0.02, 207.697, 0.08, 250.075, 0.082, 223.659, 0.015, 258.219, 0.02, 275.619, 0.067, 288.014, 0.055, 253.912, 0.029, 255.333, 0.019, 277.284, 0.079, 206.675, 0.063, 224.003, 0.027,
004-pdm07ABBAb1, 9.068650, 0.000247289256198, 273.66, 0.076, 218.425, 0.024, 230.394, 0.021, 272.491, 0.066, 256.606, 0.073, 248.898, 0.023, 224.931, 0.02, 283.342, 0.073, 287.846, 0.077, 223.726, 0.022, 293.586, 0.016, 266.613, 0.062,
004-pdm08ABABa1, 8.513170, 0.00031305785124, 261.96, 0.033, 287.833, 0.119, 195.476, 0.024, 227.563, 0.094, 211.496, 0.032, 234.152, 0.085, 231.994, 0.027, 251.131, 0.088, 228.015, 0.028, 245.08, 0.082, 275.42, 0.033, 272.204, 0.097,
004-pdm08ABABb1, 8.613840, 0.00045679338843, 326.515, 0.084, 206.345, 0.023, 278.714, 0.083, 201.705, 0.031, 305.487, 0.09, -141.663, 0.014, 309.428, 0.089, 190.77, 0.027, 279.83, 0.076, -168.237, 0.083, 275.698, 0.074, 159.629, 0.012,
004-pdm08ABBAa1, 9.013080, 0.000210628099174, 184.278, 0.039, 279.338, 0.102, 237.856, 0.098, 207.902, 0.027, 196.439, 0.022, 267.802, 0.094, 244.67, 0.093, 181.878, 0.032, 210.898, 0.027, 278.706, 0.084, 252.663, 0.096, 198.704, 0.025,
004-pdm08ABBAb1, 8.444690, 0.00058241322314, 274.509, 0.09, 193.325, 0.027, 224.48, 0.025, 284.345, 0.092, 284.794, 0.108, 191.404, 0.027, 208.385, 0.03, 235.153, 0.086, 276.241, 0.109, 215.599, 0.028, -176.738, 0.073, 221.707, 0.093,
004-pdm09ABABa1, 9.150600, 0.00112515702479, 251.864, 0.037, 209.877, 0.044, 225.935, 0.035, 146.901, 0.057, 155.951, 0.036, 218.278, 0.059, 196.139, 0.036, 134.934, 0.045, 228.048, 0.037, 223.122, 0.061, 220.208, 0.042, 220.769, 0.056,
004-pdm09ABBAa1, 9.504400, 0.000217818181818, 213.323, 0.031, 281.551, 0.087, 268.605, 0.075, 193.917, 0.032, 215.705, 0.022, 231.705, 0.069, 251.252, 0.086, 152.534, 0.024, 243.602, 0.027, 229.567, 0.085, 258.412, 0.068, 168.245, 0.019,
004-pdm09ABBAb1, 9.292030, 0.000152561983471, 217.904, 0.078, 204.397, 0.031, 197.816, 0.027, 184.853, 0.008, 249.696, 0.071, 216.013, 0.032, 182.666, 0.022, 164.83, 0.063, 219.263, 0.067, 234.586, 0.022, 208.676, 0.036, 171.148, 0.06,
004-pdm10ABABa1, 8.843740, 0.000693603305785, 237.607, 0.02, 157.033, 0.061, 163.379, 0.022, 168.431, 0.125, -115.392, 0.067, 202.712, 0.061, 226.528, 0.036, 166.38, 0.076, 259.988, 0.021, -170.254, 0.072, 234.066, 0.021, 200.504, 0.145,
004-pdm10ABABb1, 8.742720, 0.000364776859504, 240.32, 0.092, -168.168, 0.017, 246.594, 0.097, -130.593, 0.065, 229.257, 0.08, 212.57, 0.036, 182.408, 0.067, 181.942, 0.029, 255.71, 0.091, 216.232, 0.022, 211.71, 0.077, -165.435, 0.085,
004-pdm10ABBAa1, 9.681520, 0.000533504132231, 258.481, 0.032, 186.689, 0.094, 184.111, 0.147, 258.064, 0.03, 201.678, 0.018, 244.116, 0.071, 184.105, 0.132, 216.003, 0.026, 181.839, 0.042, 206.13, 0.087, 209.799, 0.054, 169.577, 0.02,
004-pdm10ABBAb1, 8.640270, 0.000627685950413, 190.729, 0.077, 214.352, 0.034, -135.208, 0.08, 167.226, 0.054, 163.542, 0.079, -112.05, 0.06, -132.196, 0.021, 172.157, 0.066, 123.231, 0.005, -143.892, 0.077, -137.314, 0.079, 217.718, 0.075,
004-pdm11ABABa1, 8.740120, 0.000456512396694, 256.758, 0.028, 203.906, 0.054, 247.916, 0.024, 227.965, 0.058, 229.239, 0.028, 202.609, 0.063, 171.175, 0.033, 204.544, 0.058, 211.283, 0.031, 251.045, 0.087, 170.514, 0.036, 174.381, 0.068,
004-pdm11ABABb1, 9.000210, 0.00099, 222.858, 0.061, 207.09, 0.029, 270.438, 0.098, 179.767, 0.031, 293.194, 0.095, 207.592, 0.024, 234.533, 0.026, 282.817, 0.024, 276.191, 0.085, 189.266, 0.035, 262.343, 0.074, 190.252, 0.027,
004-pdm11ABBAa1, 8.509190, 0.000826958677686, 205.313, 0.029, 259.731, 0.08, 228.662, 0.07, 258.362, 0.032, 231.819, 0.04, 239.125, 0.064, 234.514, 0.073, 242.862, 0.039, 251.188, 0.034, 214.751, 0.082, 251.451, 0.068, 207.037, 0.028,
004-pdm11ABBAb1, 8.571870, 0.000285173553719, 173.223, 0.086, 246.878, 0.031, 183.173, 0.047, 221.009, 0.059, 221.763, 0.077, 183.606, 0.015, 209.658, 0.036, 223.795, 0.047, 283.874, 0.058, 207.629, 0.045, 177.823, 0.058, 152.27, 0.062,
004-pdm12ABABa1, 9.053700, 0.000826595041322, 175.867, 0.029, 214.254, 0.075, 191.553, 0.028, 174.537, 0.074, 143.18, 0.023, 203.643, 0.062, 204.502, 0.03, 206.55, 0.059, 270.326, 0.03, 242.823, 0.068, 250.962, 0.026, 159.68, 0.076,
004-pdm12ABABb1, 8.708040, 0.00089226446281, 240.204, 0.075, 231.158, 0.028, 249.78, 0.06, 195.01, 0.02, 251.817, 0.072, 153.496, 0.019, 182.627, 0.069, -132.438, 0.011, 215.118, 0.062, 198.03, 0.022, 209.473, 0.047, 165.893, 0.015,
004-pdm12ABBAa1, 8.764970, 0.000120148760331, 235.97, 0.029, 229.479, 0.083, 264.984, 0.096, 187.619, 0.043, 212.226, 0.03, 258.926, 0.076, 211.528, 0.066, 186.54, 0.029, 183.411, 0.027, 221.06, 0.086, 238.83, 0.074, 169.925, 0.031,
004-pdm12ABBAb1, 8.172140, 0.00131424793388, 202.185, 0.005, -142.674, 0.062, -126.645, 0.078, 179.207, 0.089, 224.205, 0.072, 190.325, 0.026, -166.892, 0.082, 151.247, 0.062, 235.281, 0.072, -163.506, 0.064, -122.028, 0.062, 216.511, 0.065,
004-pdn01ABABa1, 8.945740, 0.00064279338843, 212.492, 0.016, 214.32, 0.089, -142.757, 0.084, 237.383, 0.063, 192.353, 0.014, 226.4, 0.051, -154.064, 0.082, 222.729, 0.065, 216.576, 0.015, 237.404, 0.073, 185.229, 0.022, 149.786, 0.071,
004-pdn01ABABb1, 8.632360, 0.000688446280992, 260.568, 0.07, -133.106, 0.071, 227.442, 0.087, 207.375, 0.026, 259.818, 0.085, 173.645, 0.013, 230.861, 0.07, -156.359, 0.08, 280.429, 0.082, -154.557, 0.079, 204.754, 0.059, 170.782, 0.02,
004-pdn01ABBAa1, 8.404310, 0.000590446280992, 200.065, 0.02, 223.573, 0.078, 257.566, 0.08, 157.946, 0.028, 188.366, 0.021, -123.913, 0.08, 201.015, 0.071, 205.796, 0.019, 205.44, 0.016, 197.482, 0.055, 214.802, 0.064, 195.04, 0.015,
004-pdn01ABBAb1, 8.419710, 0.000661421487603, 243.451, 0.09, 177.004, 0.03, 136.68, 0.086, 206.71, 0.107, 242.182, 0.093, -129.422, 0.083, 148.63, 0.026, 162.379, 0.094, 229.254, 0.073, 153.196, 0.016, 181.669, 0.039, 206.535, 0.083,
004-pdn02ABABa1, 9.428170, 0.00103717355372, 181.293, 0.02, 241.441, 0.088, -154.473, 0.07, 250.304, 0.076, 173.098, 0.02, 232.416, 0.088, 162.309, 0.025, 236.977, 0.081, 190.173, 0.033, 195.788, 0.052, 168.722, 0.036, 235.698, 0.101,
004-pdn02ABABb1, 9.202150, 0.000357090909091, 258.455, 0.059, 159.338, 0.031, 247.843, 0.087, -148.51, 0.089, 265.35, 0.064, 168.652, 0.027, 227.552, 0.066, 131.054, 0.078, 233.801, 0.07, 122.731, 0.032, 205.829, 0.079, -173.424, 0.084,
004-pdn02ABBAa1, 9.002030, 0.000292776859504, 245.621, 0.016, 245.413, 0.087, 214.633, 0.065, 192.06, 0.024, 186.048, 0.018, 247.471, 0.073, 250.473, 0.068, 113.819, 0.016, 158.404, 0.03, 260.922, 0.082, 258.34, 0.07, 176.155, 0.021,
004-pdn02ABBAb1, 9.374800, 0.00048026446281, 214.504, 0.069, -164.799, 0.084, -170.071, 0.085, 222.331, 0.092, 224.507, 0.083, -158.334, 0.089, -174.504, 0.087, 269.087, 0.088, 202.962, 0.088, 169.675, 0.019, 180.001, 0.025, 237.701, 0.099,
004-pdn03ABABa1, 8.663500, 0.000350743801653, 211.456, 0.021, 280.728, 0.076, 164.912, 0.025, 206.274, 0.07, 205.324, 0.03, 246.587, 0.071, 160.988, 0.039, 238.756, 0.066, 221.324, 0.012, 233.674, 0.069, -175.854, 0.076, 206.629, 0.075,
004-pdn03ABABb1, 8.439030, 0.00143983471074, 252.827, 0.082, -174.329, 0.084, 229.786, 0.08, 155.153, 0.086, 159.602, 0.005, 173.177, 0.027, -224.491, 0.081, 143.266, 0.053, 251.845, 0.072, 156.076, 0.025, 207.623, 0.11, 186.279, 0.026,
004-pdn03ABBAa1, 8.792980, 0.000810247933884, 175.404, 0.026, 172.073, 0.075, 209.814, 0.067, 157.495, 0.036, -149.798, 0.075, 257.978, 0.085, 238.086, 0.08, 177.349, 0.021, -167.035, 0.082, 229.695, 0.07, 243.23, 0.058, 176.032, 0.02,
004-pdn03ABBAb1, 8.240550, 0.000726611570248, 164.394, 0.072, 174.388, 0.012, 164.438, 0.013, 167.258, 0.096, 256.176, 0.091, 165.844, 0.013, 166.124, 0.03, 198.619, 0.073, 210.635, 0.082, 161.343, 0.017, 187.955, 0.014, -201.176, 0.142,
004-pdn04ABABa1, 8.344350, 0.00168004958678, 208.548, 0.02, 232.937, 0.066, 234.764, 0.018, 228.829, 0.056, 264.083, 0.066, 222.434, 0.075, 244.554, 0.017, 248.686, 0.057, 257.234, 0.181, 270.749, 0.066, 223.07, 0.02, 278.502, 0.185,
004-pdn04ABABb1, 8.422220, 0.000333537190083, 214.673, 0.069, 168.084, 0.023, 256.102, 0.075, 204.32, 0.024, 233.984, 0.068, 162.984, 0.029, 257.384, 0.072, 173.677, 0.018, 279.772, 0.071, 167.541, 0.02, 233.383, 0.065, 177.518, 0.02,
004-pdn04ABBAa1, 7.977730, 0.0022638677686, 150.665, 0.029, 166.478, 0.079, 122.184, 0.108, 132.349, 0.007, 177.548, 0.024, 194.734, 0.085, 165.544, 0.026, -196.48, 0.066, -194.786, 0.005, 217.728, 0.005, 233.004, 0.08, 162.326, 0.015,
004-pdn04ABBAb1, 8.129200, 0.000740066115702, 207.981, 0.063, 174.791, 0.03, 187.701, 0.023, 199.151, 0.091, 204.85, 0.08, 208.052, 0.016, 188.116, 0.027, 222.172, 0.075, 157.426, 0.116, -167.957, 0.079, -169.746, 0.078, 229.925, 0.114,
004-pdn05ABABa1, 8.998860, 0.00221492561983, -193.46, 0.086, 246.469, 0.074, 159.659, 0.007, 210.582, 0.052, 191.893, 0.012, -146.978, 0.061, 175.532, 0.019, 198.725, 0.064, 182.134, 0.021, 165.985, 0.005, 190.613, 0.019, 187.763, 0.037,
004-pdn05ABABb1, 9.485910, 0.000191785123967, 258.935, 0.067, 191.819, 0.028, 257.683, 0.065, 210.723, 0.033, 256.68, 0.066, 187.475, 0.032, 242.561, 0.076, -141.761, 0.077, 232.399, 0.065, 203.298, 0.067, 247.63, 0.059, 213.13, 0.018,
004-pdn05ABBAa1, 9.333910, 0.000396380165289, 162.878, 0.019, 171.376, 0.005, 224.016, 0.068, 194.06, 0.022, 174.482, 0.021, 272.215, 0.081, 205.765, 0.068, 165.903, 0.015, 197.647, 0.018, 238.075, 0.076, 190.848, 0.068, -177.242, 0.085,
004-pdn05ABBAb1, 9.130200, 0.000135157024793, 259.361, 0.09, 171.517, 0.027, 200.19, 0.024, 220.75, 0.081, 247.921, 0.085, 224.214, 0.031, 210.07, 0.024, 164.263, 0.078, 235.228, 0.075, 224.541, 0.021, 197.379, 0.025, 236.262, 0.075,
004-pdn06ABABa1, 8.298020, 0.000396991735537, 302.558, 0.035, 296.994, 0.064, 228.517, 0.027, 160.334, 0.005, 189.463, 0.029, 252.794, 0.083, 192.332, 0.044, 239.573, 0.076, 202.039, 0.025, 247.168, 0.091, 184.055, 0.027, 165.911, 0.066,
004-pdn06ABABb1, 8.397110, 0.000947520661157, 254.863, 0.056, 174.818, 0.029, 299.871, 0.085, 224.125, 0.032, 275.601, 0.224, 209.758, 0.03, 194.73, 0.142, 258.38, 0.028, 250.547, 0.062, 231.418, 0.033, 258.033, 0.087, 212.425, 0.031,
004-pdn06ABBAa1, 8.497990, 0.0188280165289, 252.626, 0.03, 245.28, 0.056, 281.685, 0.083, 192.197, 0.026, 237.795, 0.025, 289.882, 0.083, 94.5764, 0.081, 192.233, 0.022, 219.147, 0.024, 278.801, 0.079, 296.7, 0.081, 288.133, 0.025,
004-pdn06ABBAb1, 8.639880, 0.0015574214876, 262.199, 0.063, 277.872, 0.027, 235.027, 0.025, 252.865, 0.108, 288.792, 0.079, 209.712, 0.029, 259.03, 0.031, 214.693, 0.086, 274.89, 0.091, 295.327, 0.033, 226.343, 0.029, 220.57, 0.079,
004-pdn07ABABa1, 8.653500, 0.00020932231405, 199.598, 0.021, 228.583, 0.068, 161.265, 0.019, 197.104, 0.054, 172.324, 0.025, 245.018, 0.07, -165.496, 0.019, 134.103, 0.074, 164.278, 0.017, 217.195, 0.069, 183.578, 0.014, 185.617, 0.068,
004-pdn07ABABb1, 8.722180, 0.00056305785124, 271.666, 0.083, 196.42, 0.018, 252.125, 0.094, 196.574, 0.014, 177.094, 0.129, 195.548, 0.017, 235.58, 0.064, 203.697, 0.018, 262.313, 0.079, 173.003, 0.016, 208.459, 0.079, 209.793, 0.017,
004-pdn07ABBAa1, 8.380350, 0.000791355371901, 250.359, 0.022, 192.156, 0.06, 155.797, 0.025, 193.37, 0.018, 178.481, 0.02, 210.997, 0.073, 252.259, 0.084, 186.685, 0.02, 154.48, 0.022, 256.811, 0.081, 173.398, 0.028, 196.763, 0.017,
004-pdn07ABBAb1, 7.770190, 0.000369966942149, 242.303, 0.092, 227.335, 0.021, 204.521, 0.017, 228.425, 0.054, 199.75, 0.065, 212.826, 0.016, -170.464, 0.076, 213.357, 0.067, 284.454, 0.09, 213.053, 0.022, 219.564, 0.028, 187.806, 0.12,
004-pdn08ABABa1, 10.247000, 0.000132429752066, 215.7, 0.024, 260.918, 0.073, 251.664, 0.031, 268.553, 0.076, 261.115, 0.015, 275.586, 0.069, 288.738, 0.018, 291.305, 0.074, 257.649, 0.018, 286.714, 0.07, 256.404, 0.025, 289.02, 0.086,
004-pdn08ABABb1, 10.122300, 0.000293239669421, 290.667, 0.086, 221.977, 0.028, 271.547, 0.04, 225.659, 0.023, 289.065, 0.08, 231.215, 0.023, 305.786, 0.078, 257.645, 0.032, 265.729, 0.077, 257.342, 0.022, 299.784, 0.086, 235.852, 0.029,
004-pdn08ABBAa1, 9.183420, 0.000611338842975, 262.159, 0.028, 281.085, 0.098, 272.006, 0.093, 231.102, 0.034, 263.708, 0.031, 289.099, 0.081, 266.646, 0.086, 234.919, 0.031, 232.503, 0.03, 293.697, 0.08, 254.654, 0.079, 294.792, 0.037,
004-pdn08ABBAb1, 9.598750, 0.000382925619835, 291.283, 0.098, 235.018, 0.026, 255.071, 0.039, 293.546, 0.076, 257.374, 0.085, 263.89, 0.025, 260.148, 0.028, 291.036, 0.094, 282.382, 0.082, 230.925, 0.031, 245.393, 0.027, 201.621, 0.096,
004-pdn09ABABa1, 10.070200, 0.000456049586777, 211.755, 0.024, 238.335, 0.068, 252.57, 0.025, 203.577, 0.046, 237.698, 0.017, 243.598, 0.077, 182.36, 0.034, 196.731, 0.054, 208.795, 0.022, 215.796, 0.066, 216.066, 0.021, 200.564, 0.069,
004-pdn09ABABb1, 9.821160, 0.000378611570248, 255.439, 0.099, 200.614, 0.027, 233.618, 0.066, -163.73, 0.019, 241.806, 0.057, 178.451, 0.026, 251.191, 0.065, 180.194, 0.022, 204.315, 0.05, 124.871, 0.014, 192.21, 0.078, 145.746, 0.014,
004-pdn09ABBAa1, 9.291340, 0.000204247933884, 188.826, 0.032, 203.121, 0.066, 188.332, 0.073, 111.84, 0.049, 220.015, 0.025, 177.822, 0.072, 151.462, 0.075, 111.286, 0.026, 250.962, 0.081, 205.415, 0.036, 214.95, 0.032, 252.79, 0.03,
004-pdn09ABBAb1, 9.926570, 0.000508066115702, 282.181, 0.063, 183.073, 0.021, 181.721, 0.036, 223.528, 0.06, 195.796, 0.063, -170.312, 0.063, 173.02, 0.038, -168.527, 0.062, 225.742, 0.065, 156.318, 0.032, 226.483, 0.025, 192.539, 0.071,
004-pdn10ABABa1, 9.902960, 0.00098226446281, 158.543, 0.036, 234.793, 0.088, 250.415, 0.086, 265.877, 0.03, 245.128, 0.029, 237.955, 0.072, 300.573, 0.068, 292.075, 0.08, 242.091, 0.036, 251.14, 0.076, 240.644, 0.026, 243.715, 0.072,
004-pdn10ABABb1, 9.866470, 0.000295785123967, 202.442, 0.087, 268.578, 0.031, 226.601, 0.09, 252.54, 0.027, 223.423, 0.073, 251.944, 0.031, 189.733, 0.101, 189.606, 0.077, 234.756, 0.04, 276.723, 0.034, 280.088, 0.092, 276.948, 0.033,
004-pdn10ABBAa1, 9.868600, 0.000278512396694, 241.756, 0.025, 279.743, 0.069, 242.264, 0.069, 229.441, 0.031, 254.242, 0.038, 216.737, 0.063, 190.179, 0.07, 207.484, 0.005, 196.521, 0.015, 248.739, 0.08, 240.068, 0.072, 241.711, 0.032,
004-pdn10ABBAb1, 9.291530, 0.00496451239669, 186.599, 0.096, 194.35, 0.019, 190.733, 0.03, 194.618, 0.073, 202.521, 0.08, 189.774, 0.025, 213.519, 0.025, 183.197, 0.043, 193.723, 0.042, 197.924, 0.071, 212.589, 0.032, 263.722, 0.094,
004-pdn11ABABa1, 9.852980, 0.000484049586777, 196.228, 0.024, 263.215, 0.082, 292.51, 0.047, 170.634, 0.064, 239.372, 0.035, 219.859, 0.063, 261.908, 0.036, 227.464, 0.052, 217.075, 0.043, 226.882, 0.054, 240.865, 0.03, 237.926, 0.061,
004-pdn11ABABb1, 9.382780, 0.000383537190083, 244.082, 0.08, 251.636, 0.03, 245.848, 0.079, -147.143, 0.056, 219.317, 0.067, 194.11, 0.044, 291.337, 0.083, 140.096, 0.025, 251.836, 0.087, 172.517, 0.031, 212.797, 0.078, 233.445, 0.031,
004-pdn11ABBAa1, 9.808000, 0.000265090909091, 205.466, 0.033, 275.987, 0.075, 230.763, 0.076, 231.835, 0.029, 242.72, 0.03, 263.403, 0.093, 233.909, 0.092, 165.847, 0.042, 246.577, 0.033, 221.26, 0.091, 203.3, 0.059, 238.997, 0.022,
004-pdn11ABBAb1, 9.440450, 0.00166408264463, 220.46, 0.093, 150.741, 0.023, 229.652, 0.021, 187.152, 0.066, -151.074, 0.071, 208.137, 0.024, 221.614, 0.032, 226.746, 0.06, 220.2, 0.063, 226.848, 0.027, 244.698, 0.023, 236.973, 0.064,
004-pdn12ABABa1, 9.608480, 0.000898198347107, 215.71, 0.027, 239.057, 0.082, 199.708, 0.031, 208.872, 0.074, 259.225, 0.025, 229.348, 0.076, 203.577, 0.034, -228.248, 0.041, 203.289, 0.089, 259.44, 0.036, 241.439, 0.024, 233.547, 0.07,
004-pdn12ABABb1, 9.641620, 0.000558148760331, 274.299, 0.089, 187.078, 0.026, 231.959, 0.06, 158.404, 0.019, 274.982, 0.081, 240.019, 0.029, 274.333, 0.069, 236.891, 0.028, 262.234, 0.074, 234.541, 0.027, 236.625, 0.065, 190.805, 0.026,
004-pdn12ABBAa1, 9.637770, 0.000410363636364, 218.365, 0.029, 246.178, 0.075, 251.813, 0.082, 205.63, 0.023, 216.112, 0.036, 279.869, 0.068, 230.528, 0.07, 229.535, 0.026, 262.625, 0.025, 276.702, 0.077, 262.475, 0.072, 228.506, 0.036,
004-pdn12ABBAb1, 9.604400, 0.000649652892562, 262.885, 0.086, 199.019, 0.022, 197.489, 0.029, 244.26, 0.06, 184.398, 0.14, 160.686, 0.034, 194.85, 0.016, 201.236, 0.076, 255.327, 0.079, 223.36, 0.022, 196.864, 0.012, 205.848, 0.076,
004-psm01ABABa1, 9.027730, 0.00116510743802, 264.243, 0.066, -176.499, 0.078, 237.198, 0.073, 140.563, 0.005, 192.835, 0.069, -187.612, 0.084, 218.051, 0.067, 193.578, 0.053, 255.419, 0.069, 195.256, 0.02, 193.745, 0.052, -159.124, 0.08,
004-psm01ABABb1, 9.051130, 0.000819603305785, 192.338, 0.025, 253.187, 0.061, -180.309, 0.073, 186.189, 0.09, 192.058, 0.017, 258.079, 0.076, 194.054, 0.018, 241.413, 0.056, 198.522, 0.013, 186.22, 0.06, 192.048, 0.014, 222.787, 0.049,
004-psm01ABBAa1, 8.650170, 0.000446363636364, 262.919, 0.054, 188.378, 0.021, 190.975, 0.021, 223.719, 0.05, 264.773, 0.074, -147.832, 0.057, 169.508, 0.033, 231.103, 0.061, 240.275, 0.07, -172.567, 0.087, 201.461, 0.026, 188.676, 0.006,
004-psm01ABBAb1, 8.898890, 0.000485140495868, 176.533, 0.026, 186.387, 0.049, -170.314, 0.057, 166.88, 0.031, 157.01, 0.03, 217.149, 0.055, 199.349, 0.075, 214.624, 0.023, 190.714, 0.031, 240.832, 0.063, 249.833, 0.067, 195.066, 0.03,
004-psm02ABABa1, 8.906380, 0.000549603305785, 198.844, 0.035, 221.596, 0.021, 175.159, 0.077, 217.969, 0.023, 242.52, 0.069, 195.289, 0.025, 174.494, 0.08, 229.207, 0.029, 285.792, 0.084, 221.39, 0.015, 245.416, 0.064, 169.017, 0.017,
004-psm02ABABb1, 8.659810, 0.00125132231405, 167.081, 0.023, 225.619, 0.048, 187.334, 0.018, 157.818, 0.021, 189.201, 0.029, 187.783, 0.137, 182.68, 0.024, 152.59, 0.005, -190.81, 0.074, 198.774, 0.043, -192.016, 0.08, 169.335, 0.011,
004-psm02ABBAa1, 8.031410, 0.000151537190083, 163.955, 0.07, 234.149, 0.021, 197.483, 0.029, 155.669, 0.007, 230.677, 0.07, 211.844, 0.057, -159.516, 0.042, 198.904, 0.056, 218.083, 0.012, -176.317, 0.081, -190.458, 0.084, 227.909, 0.062,
004-psm02ABBAb1, 8.579240, 0.000330809917355, 177.968, 0.032, 202.912, 0.055, 205.343, 0.055, 177.99, 0.024, 203.081, 0.021, 229.76, 0.068, 188.204, 0.005, 178.136, 0.026, 234.614, 0.018, 222.53, 0.045, 254.215, 0.065, -163.036, 0.082,
004-psm03ABABa1, 9.994200, 0.000406743801653, 245.784, 0.073, 185.827, 0.024, 241.731, 0.168, 192.008, 0.025, 239.948, 0.084, 197.829, 0.031, 238.048, 0.089, -153.238, 0.083, 288.378, 0.077, 170.691, 0.036, 292.283, 0.102, 163.007, 0.028,
004-psm03ABABb1, 9.822790, 0.00188123966942, 151.505, 0.025, 223.71, 0.068, 178.358, 0.023, 263.948, 0.055, 230.622, 0.029, 271.28, 0.065, 236.419, 0.027, 214.195, 0.075, 170.808, 0.027, 253.725, 0.069, 189.443, 0.025, 190.935, 0.076,
004-psm03ABBAa1, 10.086000, 0.000198, 252.752, 0.086, 217.88, 0.029, 175.349, 0.035, 226.858, 0.092, 270.723, 0.085, 250.046, 0.026, 222.697, 0.025, 256.303, 0.075, 282.361, 0.086, 203.86, 0.039, 212.278, 0.046, 260.107, 0.071,
004-psm03ABBAb1, 9.679380, 0.000586380165289, 193.103, 0.028, 221.024, 0.072, 231.334, 0.093, 221.912, 0.039, 160.924, 0.048, 169.497, 0.1, 214.076, 0.062, 205.845, 0.024, 247.6, 0.023, 240.914, 0.077, 253.943, 0.062, 211.992, 0.018,
004-psm04ABABa1, 8.979570, 0.000308925619835, 249.409, 0.058, 175.527, 0.014, 203.803, 0.048, -134.911, 0.075, 178.92, 0.055, -148.489, 0.079, 219.443, 0.051, 149.136, 0.074, 211.487, 0.05, 122.073, 0.024, 196.296, 0.054, -138.413, 0.054,
004-psm04ABABb1, 8.496760, 0.000277090909091, 188.665, 0.021, 175.452, 0.052, -176.623, 0.082, 118.274, 0.005, 164.329, 0.026, 179.829, 0.044, 189.282, 0.022, 121.829, 0.005, -166.485, 0.083, 163.87, 0.061, -138.336, 0.078, 199.071, 0.046,
004-psm04ABBAa1, 8.591230, 0.000454727272727, 177.926, 0.082, 172.408, 0.016, 157.712, 0.022, 177.368, 0.068, 74.6696, 0.005, 159.593, 0.01, 155.813, 0.01, 218.194, 0.059, -176.042, 0.049, 148.753, 0.01, -129.561, 0.081, 179.904, 0.051,
004-psm04ABBAb1, 8.953350, 0.000277173553719, 207.513, 0.016, 199.338, 0.06, 187.344, 0.042, 127.86, 0.089, 191.833, 0.014, 159.754, 0.051, 139.826, 0.01, 88.2408, 0.017, 154.182, 0.014, -165.296, 0.091, -125.752, 0.017, 148.06, 0.008,
004-psm05ABABa1, 8.905710, 0.000152743801653, 245.351, 0.07, 194.333, 0.028, 240.208, 0.08, 217.962, 0.032, 256.169, 0.084, 234.663, 0.027, 244.388, 0.08, 221.984, 0.028, 271.31, 0.07, 230.623, 0.027, 249.982, 0.073, 192.326, 0.029,
004-psm05ABABb1, 9.034210, 0.000644148760331, 224.374, 0.028, 239.27, 0.076, 227.42, 0.026, 230.576, 0.078, 214.01, 0.019, 252.124, 0.067, 218.816, 0.021, 237.245, 0.076, 230.435, 0.022, 229.157, 0.071, 234.052, 0.026, 267.173, 0.054,
004-psm05ABBAa1, 8.709880, 0.000445338842975, 253.313, 0.081, 185.943, 0.027, 186.039, 0.023, 232.268, 0.089, 181.917, 0.091, 177.606, 0.024, 216.979, 0.018, 278.314, 0.067, 266.376, 0.082, 211.985, 0.025, 204.852, 0.024, 217.561, 0.069,
004-psm05ABBAb1, 8.960350, 0.000486446280992, 179.945, 0.03, 236.057, 0.065, 211.821, 0.071, 219.851, 0.027, 209.352, 0.023, 258.309, 0.067, 237.784, 0.063, 196.562, 0.024, 187.051, 0.025, 251.848, 0.063, 225.919, 0.072, 218.351, 0.025,
004-psm06ABABa1, 9.224890, 0.000392876033058, 265.972, 0.066, 225.289, 0.031, 254.755, 0.068, 207.868, 0.023, 254.163, 0.07, 219.438, 0.029, 243.148, 0.075, 227.176, 0.02, 215.756, 0.057, 219.363, 0.018, 262.18, 0.063, 169.896, 0.027,
004-psm06ABABb1, 7.486580, 0.0088012892562, 130.734, 0.255, 230.602, 0.053, 169.919, 0.015, 100.898, 0.006, -210.01, 0.083, 165.917, 0.064, 212.005, 0.016, 146.198, 0.045, 224.981, 0.015, 198.314, 0.043, 119.23, 0.051, 136.533, 0.021,
004-psm06ABBAa1, 9.295050, 6.47768595041e-05, 226.923, 0.069, 226.484, 0.024, -165.145, 0.086, 226.582, 0.068, 229.822, 0.066, 206.283, 0.022, 189.509, 0.022, 254.69, 0.067, 230.139, 0.067, 226.813, 0.03, 237.005, 0.026, 219.968, 0.066,
004-psm06ABBAb1, 9.262810, 0.000356198347107, 165.667, 0.017, 259.708, 0.07, 186.939, 0.005, 168.96, 0.017, 202.891, 0.017, 247.146, 0.074, 254.997, 0.058, 197.442, 0.018, 219.193, 0.019, 239.886, 0.064, 239.963, 0.053, 206.034, 0.018,
004-psm07ABABa1, 9.225950, 0.00308823140496, 231.294, 0.074, 233.715, 0.019, 248.033, 0.061, 206.419, 0.02, 211.866, 0.142, 193.76, 0.031, 248.125, 0.05, 268.253, 0.021, 297.508, 0.03, 193.535, 0.032, 232.035, 0.072, 239.747, 0.021,
004-psm07ABABb1, 8.247560, 0.0014620661157, 255.53, 0.016, 213.432, 0.059, 197.51, 0.02, 192.69, 0.047, 222.55, 0.019, 222.133, 0.097, 201.982, 0.018, 193.275, 0.042, 283.087, 0.019, 289.164, 0.066, 213.491, 0.169, 224.579, 0.073,
004-psm07ABBAa1, 8.815490, 0.000202247933884, 183.208, 0.098, 229.403, 0.022, 204.096, 0.031, 263.266, 0.085, 180.78, 0.053, 234.391, 0.029, 209.442, 0.026, 247.475, 0.09, 207.571, 0.079, 220.182, 0.022, 239.013, 0.024, 206.146, 0.132,
004-psm07ABBAb1, 9.341380, 0.000457289256198, 237.614, 0.022, 216.37, 0.089, 241.847, 0.125, 240.303, 0.019, 249.962, 0.022, 233.846, 0.064, 207.212, 0.07, 273.774, 0.023, 222.213, 0.021, 177.35, 0.101, 240.274, 0.037, 240.371, 0.027,
004-psm08ABABa1, 9.723710, 0.000357421487603, 313.714, 0.059, 240.389, 0.027, 258.968, 0.08, 225.365, 0.02, 231.471, 0.076, 214.607, 0.019, 260.696, 0.069, 175.43, 0.029, 292.015, 0.065, 242.733, 0.027, 265.659, 0.055, 247.252, 0.027,
004-psm08ABABb1, 9.834560, 0.00078932231405, 190.695, 0.038, 251.89, 0.079, 271.239, 0.027, 274.484, 0.068, 242.739, 0.027, 259.558, 0.061, 214.152, 0.017, 258.873, 0.077, 215.859, 0.023, 245.815, 0.088, 265.747, 0.022, 242.628, 0.05,
004-psm08ABBAa1, 9.589840, 0.00109626446281, 207.918, 0.097, 205.285, 0.023, 198.658, 0.022, 202.078, 0.104, 224.603, 0.086, 220.688, 0.025, 175.587, 0.026, 188.053, 0.088, 210.877, 0.092, 220.787, 0.021, 223.968, 0.027, 152.904, 0.015,
004-psm08ABBAb1, 9.952070, 0.0019912892562, 173.583, 0.022, -174.333, 0.005, 299.149, 0.083, 247.567, 0.04, 235.26, 0.018, 202.107, 0.032, 217.741, 0.018, 224.565, 0.031, 198.606, 0.02, 259.068, 0.063, 239.118, 0.072, 189.138, 0.024,
004-psm09ABABa1, 8.513600, 0.000612446280992, 226.973, 0.069, 217.653, 0.021, 240.439, 0.063, 181.488, 0.022, 256.122, 0.079, 178.377, 0.007, 192.506, 0.097, -165.26, 0.018, 253.13, 0.078, 174.99, 0.026, 251.067, 0.073, 172.454, 0.027,
004-psm09ABABb1, 8.508980, 0.000384975206612, 212.75, 0.019, -184.528, 0.139, 183.363, 0.026, 223.06, 0.063, 162.936, 0.026, 225.502, 0.074, 215.153, 0.028, 208.623, 0.072, 249.438, 0.024, 250.61, 0.074, 167.382, 0.045, 174.217, 0.064,
004-psm09ABBAa1, 8.792100, 0.000499818181818, 226.877, 0.107, 176.01, 0.027, 162.173, 0.033, 203.64, 0.072, 219.55, 0.073, 185.63, 0.037, 173.341, 0.021, 209.12, 0.079, 234.817, 0.074, 229.903, 0.029, 211.599, 0.036, 240.933, 0.071,
004-psm09ABBAb1, 9.103520, 0.000826049586777, -220.37, 0.095, 230.603, 0.057, 232.656, 0.084, 188.653, 0.034, 205.715, 0.039, 268.425, 0.087, 228.222, 0.064, 201.594, 0.036, 212.313, 0.033, 234.831, 0.081, 258.103, 0.064, 213.786, 0.032,
004-psm10ABABa1, 9.309330, 0.000521239669421, 242.694, 0.079, 195.311, 0.03, 279.833, 0.08, 186.545, 0.005, 245.094, 0.077, 206.694, 0.005, 265.333, 0.089, 213.191, 0.026, 265.499, 0.075, 237.206, 0.028, 258.835, 0.05, 172.727, 0.033,
004-psm10ABABb1, 9.479250, 0.000458380165289, 208.322, 0.024, 242.187, 0.063, 189.082, 0.037, 203.85, 0.069, 193.603, 0.023, -154.803, 0.066, 242.704, 0.021, 268.288, 0.083, 238.103, 0.022, 227.274, 0.073, 210.255, 0.037, 241.602, 0.054,
004-psm10ABBAa1, 9.482210, 0.000551421487603, 247.441, 0.083, 181.703, 0.022, 228.325, 0.03, 214.668, 0.089, 210.218, 0.068, 204.42, 0.022, 189.37, 0.025, 229.553, 0.093, 276.461, 0.092, 202.557, 0.026, 255.171, 0.036, 239.805, 0.051,
004-psm10ABBAb1, 9.461720, 0.000446198347107, 251.254, 0.024, 242.573, 0.069, 204.154, 0.066, 176.482, 0.02, 233.359, 0.028, 234.012, 0.052, 235.572, 0.051, 219.764, 0.028, 229.452, 0.027, 223.045, 0.067, 274.155, 0.066, 174.778, 0.025,
004-psm11ABABa1, 9.571970, 0.000282809917355, 254.461, 0.095, 199.931, 0.033, 225.304, 0.076, 242.455, 0.033, 187.669, 0.078, 183.912, 0.031, 282.215, 0.08, 250.204, 0.034, 266.916, 0.06, 191.824, 0.019, 218.449, 0.067, 205.109, 0.005,
004-psm11ABABb1, 9.532000, 0.000666429752066, 233.32, 0.031, 202.145, 0.068, 193.325, 0.03, 231.47, 0.052, 201.653, 0.027, 239.01, 0.064, 164.875, 0.024, 193.209, 0.058, 242.742, 0.026, 268.35, 0.078, 224.253, 0.019, 226.858, 0.047,
004-psm11ABBAa1, 9.656140, 0.000634429752066, 273.468, 0.076, 196.937, 0.032, 216.889, 0.042, 196.036, 0.077, 209.686, 0.089, 256.964, 0.017, 258.875, 0.04, 176.115, 0.158, 285.143, 0.073, 206.623, 0.037, 261.312, 0.028, 235.206, 0.089,
004-psm11ABBAb1, 9.322800, 0.000212809917355, 216.4, 0.027, 277.202, 0.079, 186.104, 0.062, 122.937, 0.03, 174.05, 0.023, 192.504, 0.074, 250.439, 0.083, 215.638, 0.029, 199.515, 0.031, 250.497, 0.083, 242.203, 0.074, 151.948, 0.027,
004-psm12ABABa1, 9.586320, 0.000312925619835, 282.103, 0.083, 189.457, 0.024, 243.713, 0.074, 211.525, 0.029, 230.527, 0.07, 182.404, 0.033, 194.307, 0.074, 222.27, 0.028, 216.447, 0.054, 193.15, 0.035, 213.074, 0.029, 182.51, 0.112,
004-psm12ABABb1, 9.683590, 0.00578208264463, 224.51, 0.021, 229.833, 0.056, 209.943, 0.034, 192.563, 0.052, 205.132, 0.031, 199.923, 0.049, -180.842, 0.055, 205.256, 0.023, 223.961, 0.03, 295.941, 0.075, 125.903, 0.005, 223.393, 0.026,
004-psm12ABBAa1, 10.139600, 0.000125289256198, 279.535, 0.079, 222.045, 0.025, 232.945, 0.023, 255.844, 0.09, 272.256, 0.083, 231.979, 0.04, 219.475, 0.038, 161.353, 0.056, 265.736, 0.096, 257.867, 0.033, 225.795, 0.036, 192.545, 0.083,
004-psm12ABBAb1, 9.893790, 0.000274231404959, 186.746, 0.031, 247.623, 0.085, 181.239, 0.045, 219.525, 0.035, 237.315, 0.039, 177.495, 0.047, 194.356, 0.144, 213.857, 0.027, 201.546, 0.027, 135.932, 0.134, 126.414, 0.077, 242.182, 0.026,
004-psn01ABABa1, 8.157890, 0.000759785123967, 132.233, 0.005, 194.859, 0.02, 209.438, 0.027, 190.885, 0.027, 257.333, 0.082, 210.176, 0.027, 217.889, 0.064, 214.268, 0.022, 266.274, 0.066, 238.271, 0.023, 247.564, 0.062, 228.738, 0.021,
004-psn01ABABb1, 8.133680, 0.00060479338843, 211.066, 0.025, 221.169, 0.074, 226.395, 0.053, 158.124, 0.006, 202.773, 0.02, 238, 0.045, -166.218, 0.08, 226.353, 0.072, 196.036, 0.02, 216.722, 0.057, 203.805, 0.016, 173.512, 0.044,
004-psn01ABBAa1, 8.289030, 0.000470628099174, 187.485, 0.03, 189.128, 0.028, 222.51, 0.02, 273.096, 0.082, 262.145, 0.066, 222.026, 0.02, 210.65, 0.021, 196.122, 0.083, 177.133, 0.087, 219.492, 0.018, 225.181, 0.028, 280.462, 0.068,
004-psn01ABBAb1, 8.013880, 0.00077505785124, -192.433, 0.084, 183.264, 0.06, 197.945, 0.053, 173.575, 0.017, 226.334, 0.023, 233.091, 0.077, 259.749, 0.078, 168.876, 0.02, 198.318, 0.023, 205.498, 0.069, 157.351, 0.067, 206.747, 0.027,
004-psn02ABABa1, 8.311620, 0.000671884297521, 267.671, 0.082, 220.159, 0.021, 246.091, 0.08, 154.426, 0.027, 174.559, 0.072, -145.486, 0.062, 207.958, 0.087, 142.985, 0.015, 233.331, 0.057, 204.625, 0.035, 286.26, 0.074, 173.329, 0.007,
004-psn02ABABb1, 8.669440, 0.00124872727273, 180.022, 0.023, 208.837, 0.073, -135.485, 0.057, 79.8344, 0.056, -144.903, 0.056, 117.723, 0.057, -154.174, 0.06, 174.431, 0.048, 181.607, 0.027, 154.103, 0.054, 175.285, 0.038, 163.963, 0.067,
004-psn02ABBAa1, 8.525120, 0.00115095867769, 152.874, 0.082, 166.962, 0.021, 170.436, 0.013, 171.862, 0.071, 178.403, 0.101, 177.561, 0.019, 130.802, 0.005, 204.804, 0.071, 167.486, 0.075, 190.98, 0.026, -164.486, 0.077, 239.101, 0.075,
004-psn02ABBAb1, 8.519450, 0.000446429752066, 223.32, 0.029, 244.872, 0.072, 198.543, 0.073, 231.981, 0.017, 234.152, 0.011, 229.991, 0.066, 230.846, 0.068, 171.846, 0.021, 197.325, 0.016, 186.211, 0.005, 188.185, 0.009, 173.937, 0.005,
004-psn03ABABa1, 8.305510, 0.000878611570248, 252.528, 0.088, -126.788, 0.088, 264.38, 0.096, 173.434, 0.032, 207.363, 0.079, 190.121, 0.017, 256.684, 0.093, 178.684, 0.026, 248.531, 0.098, 177.787, 0.028, 229.569, 0.027, 253.826, 0.022,
004-psn03ABABb1, 8.756860, 0.000171107438017, 196.211, 0.02, 217.434, 0.081, 185.732, 0.024, 224.245, 0.083, 227.68, 0.027, 194.701, 0.075, 236.093, 0.025, 226.348, 0.069, 253.431, 0.018, 249.537, 0.08, 183.558, 0.022, 176.294, 0.08,
004-psn03ABBAa1, 8.625090, 0.000448363636364, 229.925, 0.087, -142.81, 0.011, 169.747, 0.027, 192.294, 0.073, 287.183, 0.086, 163.985, 0.016, 209.622, 0.015, 259.004, 0.08, 262.954, 0.084, 203.117, 0.022, 211.574, 0.02, 221.713, 0.087,
004-psn03ABBAb1, 8.796500, 0.000292991735537, 200.277, 0.028, 164.911, 0.05, 148.535, 0.064, 200.677, 0.021, 183.992, 0.026, 260.771, 0.078, 252.484, 0.081, 201.209, 0.033, 190.957, 0.025, 236.805, 0.069, 209.04, 0.08, 171.344, 0.024,
004-psn04ABABa1, 8.274660, 0.000757157024793, 198.21, 0.153, 160.197, 0.005, 219.599, 0.072, 171.079, 0.019, 238.885, 0.062, -135.29, 0.037, 201.421, 0.093, 166.19, 0.007, 224.575, 0.071, -175.43, 0.08, 238.229, 0.094, 105.291, 0.031,
004-psn04ABABb1, 9.062760, 0.000298446280992, 196.037, 0.02, 192.514, 0.062, 191.269, 0.017, 222.882, 0.047, 157.721, 0.015, 236.812, 0.067, -156.767, 0.065, 193.182, 0.054, 224.688, 0.015, 249.786, 0.05, 158.304, 0.015, 214.873, 0.053,
004-psn04ABBAa1, 8.373040, 0.000740975206612, 246.83, 0.082, -161.927, 0.072, 134.371, 0.005, 126.22, 0.043, 207.876, 0.065, 167.976, 0.025, -187.835, 0.079, 103.64, 0.037, 207.384, 0.079, -167.968, 0.07, 117.845, 0.094, 194.861, 0.052,
004-psn04ABBAb1, 8.738190, 0.000628181818182, -187.564, 0.067, -185.641, 0.055, 174, 0.057, -140.084, 0.064, 188.201, 0.01, -179.171, 0.005, 191.825, 0.061, -161.884, 0.033, -161.364, 0.075, 167.596, 0.102, -159.086, 0.063, 145.486, 0.02,
004-psn05ABABa1, 9.101710, 0.000266148760331, 278.418, 0.07, 232.021, 0.027, 249.227, 0.068, 198.484, 0.023, 218.516, 0.073, 196.097, 0.026, 245.822, 0.059, 162.731, 0.043, 206.788, 0.005, 184.165, 0.029, 254.383, 0.055, 222.567, 0.023,
004-psn05ABABb1, 9.431420, 0.000584776859504, 182.243, 0.03, 257.098, 0.083, 206.453, 0.035, 253.89, 0.08, 284.995, 0.026, 272.306, 0.082, 179.658, 0.028, 205.758, 0.078, 181.793, 0.03, 262.658, 0.086, 229.821, 0.034, 146.565, 0.074,
004-psn05ABBAa1, 9.072110, 0.000170611570248, 239.786, 0.08, 213.724, 0.022, 188.482, 0.02, 278.907, 0.095, 229.237, 0.067, 204.535, 0.024, 215.871, 0.027, 272.395, 0.073, 217.384, 0.057, 228.809, 0.03, 224.3, 0.031, 287.111, 0.081,
004-psn05ABBAb1, 9.110750, 0.00119656198347, 190.944, 0.023, 247.267, 0.08, 230.598, 0.079, 130.315, 0.023, 223.205, 0.021, 246.292, 0.077, 283.588, 0.074, 182.695, 0.033, 274.924, 0.043, 265.774, 0.081, 274.035, 0.081, 218.326, 0.034,
004-psn06ABABa1, 8.966630, 0.00142988429752, 249.238, 0.077, 203.146, 0.018, 275.143, 0.078, 227.315, 0.021, 239.738, 0.061, 230.847, 0.017, 267.882, 0.069, 175.128, 0.021, 273.722, 0.084, 271.387, 0.026, 292.698, 0.081, 228.626, 0.018,
004-psn06ABABb1, 8.936640, 0.000630330578512, 198.237, 0.019, 225.832, 0.062, 214.905, 0.021, 200.894, 0.058, -222.886, 0.082, 230.906, 0.063, 213.168, 0.027, 178.758, 0.069, -204.259, 0.092, 227.237, 0.053, 221.304, 0.021, 212.428, 0.119,
004-psn06ABBAa1, 8.699970, 0.000360512396694, 276.69, 0.08, 202.462, 0.026, 251.929, 0.033, 155.046, 0.156, 247.11, 0.073, 207.41, 0.021, 156.271, 0.046, 201.059, 0.064, 247.326, 0.073, -196.462, 0.076, -215.285, 0.043, 243.209, 0.049,
004-psn06ABBAb1, 8.328910, 0.000879867768595, 195.029, 0.027, 278.26, 0.091, 269.355, 0.108, 245.841, 0.033, 237.603, 0.035, 284.155, 0.092, 255.122, 0.106, 266.644, 0.033, 207.641, 0.015, 253.322, 0.085, 269.988, 0.111, 220.168, 0.037,
004-psn07ABABa1, 8.904620, 0.000430561983471, 245.772, 0.072, 163.685, 0.017, 250.286, 0.086, 193.854, 0.014, 243.787, 0.078, -159.374, 0.081, 232.374, 0.08, 182.262, 0.017, 198.702, 0.123, 222.489, 0.014, 249.153, 0.077, 119.263, 0.067,
004-psn07ABABb1, 8.687010, 0.000464809917355, 246.57, 0.02, 234.478, 0.086, 184.07, 0.022, 150.783, 0.059, 194.421, 0.019, 213.555, 0.09, 220.11, 0.014, 213.351, 0.102, 224.829, 0.024, 216.978, 0.069, 198.529, 0.022, 231.945, 0.072,
004-psn07ABBAa1, 8.109230, 0.000863421487603, 279.018, 0.093, 199.607, 0.021, 241.19, 0.018, 159.685, 0.005, 217.685, 0.071, 188.441, 0.016, 156.415, 0.025, 220.786, 0.079, 139.962, 0.028, 236.155, 0.021, 201.698, 0.024, 209.13, 0.066,
004-psn07ABBAb1, 8.938200, 0.000871685950413, 256.782, 0.031, 218.511, 0.068, 237.877, 0.078, 197.97, 0.022, 222.197, 0.023, 265.41, 0.082, 241.247, 0.074, 212.972, 0.026, 238.145, 0.022, 247.913, 0.068, 245.699, 0.082, 208.581, 0.027,
004-psn08ABABa1, 9.779950, 0.000929884297521, 262.278, 0.081, 171.005, 0.021, 247.922, 0.075, 235.092, 0.021, 324.383, 0.088, 231.665, 0.029, 253.568, 0.08, 197.187, 0.039, 315.554, 0.065, 222.589, 0.022, 228.391, 0.062, 241.428, 0.021,
004-psn08ABABb1, 9.458110, 0.000501338842975, 220.375, 0.023, 297.4, 0.067, 193.618, 0.021, 169.738, 0.089, 186.864, 0.021, 246.885, 0.074, 176.725, 0.024, 245.049, 0.068, 236.048, 0.024, 276.718, 0.085, -219.719, 0.087, 254.181, 0.072,
004-psn08ABBAa1, 9.272170, 0.000725140495868, 222.314, 0.096, 182.016, 0.018, 159.91, 0.03, 276.346, 0.068, 287.88, 0.067, 146.669, 0.02, 248.246, 0.021, 247.147, 0.083, 294.036, 0.049, 213.716, 0.021, 205.004, 0.019, 220.319, 0.075,
004-psn08ABBAb1, 8.844970, 0.000348595041322, 257.881, 0.026, 250.414, 0.067, 232.148, 0.072, 163.915, 0.026, 201.663, 0.021, -151.044, 0.061, 279.893, 0.089, 196.353, 0.029, 167.068, 0.029, 235.286, 0.072, 255.198, 0.076, 201.396, 0.022,
004-psn09ABABa1, 8.732880, 0.000501884297521, 260.945, 0.073, 216.188, 0.03, 230.199, 0.056, 131.559, 0.022, 215.609, 0.068, 183.148, 0.027, 219.821, 0.062, -152.553, 0.039, 225.714, 0.068, 171.62, 0.032, 201.102, 0.081, 202.273, 0.036,
004-psn09ABABb1, 9.155700, 0.000235785123967, 193.643, 0.023, 197.511, 0.056, 254.077, 0.022, 204.983, 0.04, 184.09, 0.027, 165.92, 0.109, -186.306, 0.098, 247.743, 0.063, 197.32, 0.021, 192.332, 0.053, 121.641, 0.068, 134.321, 0.044,
004-psn09ABBAa1, 8.717780, 0.000191966942149, 243.911, 0.079, 178.793, 0.029, 228.516, 0.035, 189.496, 0.109, 239.158, 0.068, 175.094, 0.029, 233.653, 0.028, 244.973, 0.083, 245.105, 0.086, 194.689, 0.029, 186.353, 0.043, 194.465, 0.058,
004-psn09ABBAb1, 9.095090, 0.000355702479339, 251.634, 0.025, -160.72, 0.063, 226.218, 0.052, 228.923, 0.03, 198.379, 0.04, 238.797, 0.05, 245.824, 0.064, 232.242, 0.02, 215.626, 0.024, 228.661, 0.051, 243.13, 0.05, 212.767, 0.013,
004-psn10ABABa1, 9.360560, 0.00101978512397, 201.633, 0.093, 221.603, 0.036, 215.972, 0.059, -146.031, 0.035, 278.493, 0.059, 287.804, 0.032, 256.965, 0.058, -183.484, 0.061, 245.848, 0.096, 246.785, 0.038, 283.25, 0.061, 271.964, 0.038,
004-psn10ABABb1, 9.171110, 0.000834429752066, 219.874, 0.031, 247.106, 0.091, 238.219, 0.026, 256.678, 0.051, 236.888, 0.028, 254.485, 0.052, 274.242, 0.024, 274.871, 0.076, 239.851, 0.024, -188.551, 0.046, 240.089, 0.043, -189.159, 0.094,
004-psn10ABBAa1, 9.832040, 0.000217289256198, 247.798, 0.069, 241.413, 0.029, 248.217, 0.028, 261.297, 0.1, 268.123, 0.079, 226.968, 0.037, 207.343, 0.033, 265.993, 0.089, 266.466, 0.078, 275.207, 0.033, 221.767, 0.045, 224.13, 0.048,
004-psn10ABBAb1, 9.591760, 0.000182181818182, 200.817, 0.023, 252.513, 0.071, 280.094, 0.068, 237.91, 0.033, 231.618, 0.032, 240.812, 0.073, 242.483, 0.08, 218.793, 0.03, 239.9, 0.028, 238.212, 0.06, 245.419, 0.057, 252.963, 0.037,
004-psn11ABABa1, 9.784650, 0.000190694214876, 272.798, 0.027, 249.702, 0.022, 266.946, 0.05, 246.928, 0.024, 285.04, 0.055, 243.697, 0.025, 293.975, 0.075, 213.714, 0.018, 261.965, 0.083, 210.411, 0.041, 279.202, 0.061, 186.407, 0.037,
004-psn11ABABb1, 9.831570, 0.000385884297521, 213.721, 0.024, 244.689, 0.068, 235.248, 0.027, 171.516, 0.047, 239.391, 0.028, 250.366, 0.049, 221.596, 0.03, 251.815, 0.048, 195.704, 0.036, 263.753, 0.063, 190.409, 0.021, 197.659, 0.061,
004-psn11ABBAa1, 9.391980, 0.0012327768595, 284.363, 0.083, 253.345, 0.031, 189.745, 0.038, 216.144, 0.143, 286.281, 0.1, -145.052, 0.065, 201.295, 0.005, 265.253, 0.079, 207.503, 0.071, 198.448, 0.027, 209.449, 0.053, 171.566, 0.071,
004-psn11ABBAb1, 9.414390, 0.000517652892562, 233.268, 0.029, 259.076, 0.061, 249.793, 0.057, 237.732, 0.025, 219.121, 0.026, 267.883, 0.068, 265.325, 0.057, 208.926, 0.024, 190.397, 0.021, 186.845, 0.047, 252.188, 0.045, 222.631, 0.023,
004-psn12ABABa1, 9.631270, 0.000776, 196.826, 0.06, 144.626, 0.019, 233.479, 0.062, 195.89, 0.03, 254.904, 0.068, 217.67, 0.025, 272.967, 0.074, 190.912, 0.028, 287.262, 0.072, 251.22, 0.018, 264.92, 0.068, 166.09, 0.033,
004-psn12ABABb1, 9.401220, 0.000548727272727, 224.889, 0.019, 245.456, 0.071, 231.953, 0.026, 243.046, 0.088, 223.521, 0.019, 260.66, 0.083, 215.65, 0.027, 178.71, 0.068, 243.414, 0.031, 266.682, 0.08, 176.848, 0.037, 237.842, 0.076,
004-psn12ABBAa1, 9.531760, 0.000297355371901, 233.052, 0.075, 174.802, 0.025, 162.032, 0.022, 224.218, 0.069, 233.352, 0.071, 190.289, 0.023, 139.447, 0.009, 280.054, 0.085, 225.104, 0.065, 180.44, 0.013, 144.17, 0.031, 233.719, 0.08,
004-psn12ABBAb1, 9.509560, 0.000440082644628, 242.447, 0.025, 248.524, 0.071, 174.634, 0.095, 189.816, 0.022, 190.277, 0.03, 236.766, 0.082, 208.779, 0.068, 195.421, 0.021, 208.502, 0.021, 247.654, 0.087, 221.763, 0.093, 156.907, 0.021,
