046-pdm01ABABa1, 9.151920, 12.000000, 233.073, 0.021, 231.789, 0.061, 231.237, 0.012, 205.487, 0.074, 223.131, 0.012, 224.617, 0.052, 203.176, 0.013, 213.403, 0.061, 226.998, 0.022, 241.514, 0.079, 265.056, 0.012, 249.101, 0.077, 
046-pdm01ABABb1, 8.664970, 12.000000, 229.083, 0.081, 174.892, 0.021, 225.354, 0.073, 226.893, 0.032, 228.887, 0.076, 204.68, 0.047, 229.51, 0.095, 121.478, 0.061, 224.158, 0.073, 155.073, 0.005, 175.852, 0.265, 222.281, 0.022, 
046-pdm01ABBAa1, 8.893200, 12.000000, 184.691, 0.014, 213.643, 0.081, 223.009, 0.096, 164.455, 0.037, 188.636, 0.026, 234.647, 0.083, 226.382, 0.089, 192.577, 0.02, 212.758, 0.014, 228.148, 0.081, 227.445, 0.073, 232.266, 0.02, 
046-pdm01ABBAb1, 8.765480, 12.000000, 236.602, 0.088, 237.137, 0.013, 225.695, 0.011, 239.487, 0.067, 240.871, 0.062, 232.605, 0.022, 212.643, 0.021, 232.227, 0.076, 245.583, 0.07, 179.672, 0.029, 232.891, 0.02, 238.517, 0.071, 
046-pdm02ABABa1, 9.802550, 12.000000, 191.918, 0.031, 235.584, 0.071, 200.196, 0.024, 211.983, 0.079, 193.023, 0.03, 168.356, 0.09, 201.449, 0.037, 228.356, 0.058, 197.996, 0.023, 225.835, 0.093, 223.988, 0.036, 229.847, 0.08, 
046-pdm02ABABb1, 9.792410, 12.000000, 244.765, 0.078, 152.367, 0.054, 214.898, 0.062, 160.37, 0.006, 213.251, 0.066, 195.529, 0.022, 236.642, 0.076, 154.459, 0.037, 258.021, 0.074, 155.129, 0.043, 213.032, 0.055, 201.15, 0.027, 
046-pdm02ABBAa1, 10.163400, 12.000000, 215.853, 0.014, 223.979, 0.084, 244.607, 0.083, 218.235, 0.011, 186.146, 0.02, 216.035, 0.08, 242.261, 0.069, 217.649, 0.026, 206.844, 0.009, 225.484, 0.087, 249.545, 0.09, 188.882, 0.022, 
046-pdm02ABBAb1, 9.014520, 12.000000, 250.959, 0.06, 216.077, 0.011, 242.086, 0.026, 249.273, 0.097, 287.181, 0.079, 226.873, 0.021, 227.288, 0.02, 264.914, 0.089, 294.88, 0.07, 235.189, 0.012, 223.683, 0.012, 244.316, 0.104, 
046-pdm03ABABa1, 8.470140, 12.000000, 215.767, 0.201, 256.48, 0.103, 218.565, 0.005, 214.537, 0.089, 238.85, 0.016, 222.785, 0.093, 237.562, 0.018, 262.482, 0.094, 214.961, 0.025, 196.206, 0.069, 245.217, 0.027, 188.333, 0.054, 
046-pdm03ABABb1, 9.874260, 12.000000, 232.22, 0.078, 211.08, 0.031, 248.056, 0.071, 245.885, 0.036, 228.054, 0.084, 170.959, 0.033, 231.147, 0.074, 225.677, 0.04, 216.267, 0.081, 234.454, 0.041, 257.53, 0.079, 179.705, 0.037, 
046-pdm03ABBAa1, 9.805120, 12.000000, -246.398, 0.005, 241.765, 0.077, 260.844, 0.053, -203.24, 0.005, 261.764, 0.014, 271.595, 0.061, 260.026, 0.084, 180.305, 0.025, -252.549, 0.016, 254.097, 0.076, 261.564, 0.075, 167.003, 0.091, 
046-pdm03ABBAb1, 9.148210, 12.000000, 218.73, 0.302, 205.253, 0.035, 204.373, 0.013, 200.153, 0.085, 252.587, 0.068, -226.247, 0.009, 258.892, 0.019, 247.728, 0.126, 271.953, 0.08, 198.699, 0.009, 200.177, 0.014, 184.306, 0.102, 
046-pdm04ABABa1, 9.075560, 12.000000, 202.072, 0.018, 199.192, 0.051, 186.313, 0.01, 217.383, 0.056, 155.221, 0.011, 190.443, 0.055, 178.745, 0.008, 176.157, 0.034, 195.931, 0.012, 218.783, 0.058, 195.906, 0.012, 223.221, 0.055, 
046-pdm04ABABb1, 8.794650, 12.000000, 213.329, 0.075, 199.868, 0.011, 187.21, 0.06, 180.941, 0.01, 199.456, 0.066, 199.119, 0.027, 196.597, 0.058, 213.516, 0.009, 218.826, 0.063, 199.12, 0.011, 225.464, 0.052, 175.715, 0.033, 
046-pdm04ABBAa1, 9.227440, 12.000000, 223.395, 0.012, 231.844, 0.064, -194.493, 0.005, 198.479, 0.013, 200.435, 0.013, 213.906, 0.059, 226.46, 0.079, -193.643, 0.005, 200.003, 0.013, 213.992, 0.073, 219.543, 0.06, 226.841, 0.012, 
046-pdm04ABBAb1, 8.818840, 12.000000, 217.485, 0.064, 160.931, 0.013, 191.625, 0.009, 237.961, 0.073, 220.929, 0.011, 167.253, 0.079, 235.056, 0.014, 227.498, 0.07, 206.733, 0.066, 215.538, 0.019, 204.581, 0.012, 240.78, 0.062, 
046-pdm05ABABa1, 8.795590, 12.000000, 201.163, 0.016, 174.593, 0.091, 179.085, 0.031, 229.392, 0.06, -216.251, 0.005, 247.873, 0.063, 233.351, 0.012, 226.021, 0.057, 215.662, 0.011, 171.012, 0.078, 230.903, 0.012, 179.585, 0.076, 
046-pdm05ABABb1, 8.920090, 12.000000, 235.011, 0.1, 193.376, 0.009, 233.704, 0.069, 194.794, 0.011, 226.599, 0.071, 168.071, 0.012, 225.244, 0.078, 149.122, 0.036, 243.324, 0.071, 156.448, 0.005, 278.077, 0.08, 139.96, 0.036, 
046-pdm05ABBAa1, 9.042280, 12.000000, 202.431, 0.014, 217.945, 0.065, 217.651, 0.061, 166.512, 0.031, 182.034, 0.011, 234.491, 0.063, 218.792, 0.052, 213.512, 0.011, 228.008, 0.025, 236.328, 0.078, 198.904, 0.061, 129.011, 0.066, 
046-pdm05ABBAb1, 8.869580, 12.000000, 238.307, 0.063, 172.108, 0.01, 159.213, 0.021, 244.518, 0.076, 207.767, 0.08, -163.093, 0.079, 194.284, 0.011, 231.065, 0.069, 232.928, 0.094, 184.144, 0.012, 170.712, 0.035, 168.384, 0.085, 
046-pdm06ABABa1, 8.488420, 12.000000, 223.958, 0.012, 212.687, 0.052, 236.649, 0.012, 232.612, 0.038, 182.258, 0.023, 162.924, 0.012, -226.463, 0.012, 190.045, 0.055, 208.543, 0.023, 208.213, 0.044, 233.599, 0.01, 225.811, 0.051, 
046-pdm06ABABb1, 8.700900, 12.000000, 246.008, 0.063, 201.14, 0.02, 207.406, 0.063, 200.684, 0.024, 231.391, 0.054, 227.457, 0.011, 227.263, 0.034, 216.589, 0.011, 230.403, 0.061, 156.581, 0.019, 227.723, 0.068, 222.08, 0.012, 
046-pdm06ABBAa1, 6.186570, 7.000000, -176.68, 0.013, 217.9, 0.047, 191.297, 0.188, 172.453, 0.158, 218.616, 0.163, 238.007, 0.012, 230.915, 0.06, 
046-pdm06ABBAb1, 7.521450, 7.000000, 205.164, 0.068, 209.518, 0.014, 201.565, 0.011, 264.047, 0.213, 218.735, 0.194, 210.726, 0.011, 241.138, 0.005, 
046-pdm07ABABa1, 9.288920, 12.000000, 212.416, 0.022, 252.539, 0.085, 236.455, 0.019, 251.754, 0.067, 248.672, 0.016, 182.382, 0.075, 195.532, 0.064, 245.381, 0.03, 236.272, 0.01, 237.806, 0.066, 233.639, 0.02, 235.055, 0.082, 
046-pdm07ABABb1, 7.907060, 8.000000, 166.53, 0.183, 208.268, 0.013, 211.279, 0.089, 189.531, 0.015, 214.807, 0.093, 245.677, 0.02, 192.202, 0.189, 136.698, 0.029, 
046-pdm07ABBAa1, 8.679350, 12.000000, 215.966, 0.03, 163.424, 0.095, 183.278, 0.064, -247.79, 0.005, 199.475, 0.064, 166.527, 0.143, 255.256, 0.078, 239.679, 0.012, 191.584, 0.231, 194.98, 0.097, 230.1, 0.073, 243.541, 0.06, 
046-pdm07ABBAb1, 8.510870, 12.000000, 178.798, 0.206, 211.86, 0.017, 243.935, 0.015, 196.848, 0.104, 257.537, 0.012, 236.457, 0.015, 243.006, 0.015, 221.457, 0.083, 206.148, 0.135, 237.254, 0.03, 233.749, 0.034, 205.693, 0.101, 
046-pdm08ABABa1, 7.141400, 10.000000, 238.24, 0.024, 248.719, 0.078, 227.582, 0.021, 251.249, 0.015, 265.869, 0.019, 263.482, 0.017, 280.386, 0.021, 247.718, 0.078, 219.771, 0.015, 232.531, 0.095, 
046-pdm08ABABb1, 8.449410, 12.000000, 221.711, 0.069, 232.486, 0.015, 268.968, 0.065, 225.488, 0.016, 260.427, 0.072, 228.396, 0.017, 281.024, 0.078, 220.309, 0.022, 220.897, 0.306, 152.141, 0.051, 292.597, 0.079, 205.995, 0.012, 
046-pdm08ABBAa1, 7.527010, 8.000000, 228.504, 0.014, 259.347, 0.07, 253.393, 0.059, 242.047, 0.029, 222.469, 0.013, 277.183, 0.072, 194.088, 0.014, 238.07, 0.092, 
046-pdm08ABBAb1, 8.210590, 12.000000, 256.976, 0.08, 174.3, 0.018, 244.169, 0.015, 240.67, 0.069, 256.205, 0.067, 251.33, 0.015, 247.229, 0.013, 260.832, 0.079, 265.691, 0.064, 252.426, 0.024, 245.266, 0.027, 202.92, 0.095, 
046-pdm09ABABa1, 9.605930, 12.000000, 211.028, 0.017, 191.614, 0.108, 213.53, 0.026, 168.525, 0.067, 251.939, 0.019, 225.54, 0.075, 240.67, 0.026, 262.644, 0.055, 257.314, 0.021, 215.77, 0.009, 227.506, 0.025, 242.127, 0.088, 
046-pdm09ABABb1, 8.889560, 12.000000, 242.786, 0.067, 237.451, 0.026, 246.56, 0.082, 229.773, 0.009, 256.643, 0.067, 166.457, 0.038, 282.054, 0.069, 214.319, 0.033, 262.527, 0.1, 175.701, 0.045, 256.764, 0.08, 232.692, 0.018, 
046-pdm09ABBAa1, 9.457920, 12.000000, 220.63, 0.032, 264.436, 0.057, 268.239, 0.07, 234.281, 0.024, 280.152, 0.023, 251.825, 0.066, 268.17, 0.075, 263.993, 0.015, 239.968, 0.019, 269.97, 0.075, 269.986, 0.079, 254.185, 0.02, 
046-pdm09ABBAb1, 9.318290, 12.000000, 260.874, 0.08, 269.288, 0.012, 262.377, 0.015, 227.917, 0.065, 238.926, 0.07, 264.484, 0.014, 241.549, 0.022, 252.121, 0.085, 270.332, 0.078, 272.838, 0.022, 272.252, 0.023, 236.693, 0.092, 
046-pdm10ABABa1, 8.634740, 12.000000, 243.401, 0.039, 258.361, 0.085, 216.594, 0.024, 208.332, 0.108, 247.659, 0.036, 255.04, 0.083, 264.12, 0.041, 234.391, 0.087, 225.512, 0.033, 241.465, 0.064, 238.675, 0.035, 237.125, 0.095, 
046-pdm10ABABb1, 8.676640, 12.000000, 235.838, 0.109, 226.66, 0.026, 237.65, 0.113, 213.089, 0.041, 292.136, 0.115, 250.064, 0.025, 251.098, 0.101, 242.38, 0.033, 230.943, 0.103, 249.379, 0.041, 249.836, 0.093, 226.147, 0.04, 
046-pdm10ABBAa1, 8.146210, 12.000000, 232.759, 0.032, 248.99, 0.089, 248.079, 0.09, 255.14, 0.054, 185.614, 0.091, 274.545, 0.037, 276.095, 0.108, 244.264, 0.028, 258.774, 0.117, 261.889, 0.092, 269.666, 0.081, 238.218, 0.039, 
046-pdm10ABBAb1, 8.893040, 12.000000, 252.851, 0.074, 173.867, 0.028, 209.762, 0.03, 198.912, 0.104, 266.054, 0.076, 188.289, 0.031, 223.348, 0.022, 271.857, 0.104, 292.366, 0.086, 193.969, 0.023, 198.408, 0.021, 227.151, 0.098, 
046-pdm11ABABa1, 8.548400, 12.000000, 256.795, 0.03, 168.339, 0.071, 237.527, 0.048, 191.592, 0.092, 276.505, 0.032, 237.772, 0.068, 253.033, 0.187, 178.201, 0.089, 240.978, 0.027, 140.644, 0.029, 242.107, 0.168, 182.299, 0.07, 
046-pdm11ABABb1, 7.786850, 12.000000, 182.35, 0.196, 228.675, 0.04, 247.17, 0.08, 229.519, 0.026, 283.717, 0.075, 236.819, 0.024, 293.703, 0.073, 238.374, 0.033, 241.233, 0.072, 187.68, 0.03, 268.282, 0.081, 203.711, 0.049, 
046-pdm11ABBAa1, 8.991630, 12.000000, 238.552, 0.029, 204.802, 0.106, 239.892, 0.059, 287.581, 0.032, 280.78, 0.056, 253.447, 0.069, 276.924, 0.072, 275.801, 0.03, 282.191, 0.026, 212.736, 0.088, 258.28, 0.068, 268.427, 0.025, 
046-pdm11ABBAb1, 8.726220, 12.000000, 183.838, 0.163, 223.888, 0.024, 255.901, 0.036, 249.515, 0.073, 277.794, 0.059, 249.728, 0.046, 237.802, 0.032, 195.921, 0.074, 276.531, 0.066, 242.914, 0.041, 305.64, 0.031, 266.728, 0.101, 
046-pdm12ABABa1, 8.647820, 12.000000, 243.318, 0.026, 247.266, 0.075, 210.236, 0.022, 250.665, 0.056, 206.385, 0.024, 238.22, 0.07, 254.989, 0.026, 236.146, 0.091, 309.026, 0.024, 233.395, 0.082, 277.812, 0.028, 253.116, 0.071, 
046-pdm12ABABb1, 7.469700, 8.000000, 267.024, 0.082, 207.563, 0.02, 258.317, 0.078, 265.737, 0.023, 237.698, 0.088, 255.255, 0.088, 262.959, 0.087, 229.966, 0.032, 
046-pdm12ABBAa1, 8.709750, 12.000000, 232.571, 0.023, 247.051, 0.069, 264.487, 0.069, 245.059, 0.013, 216.791, 0.021, 261.233, 0.07, 266.027, 0.074, 249.622, 0.026, 233.74, 0.026, 254.963, 0.088, 274.069, 0.069, 262.872, 0.029, 
046-pdm12ABBAb1, 7.894020, 9.000000, 265.679, 0.084, -141.901, 0.014, 217.213, 0.022, 253.898, 0.019, 287.967, 0.085, 195.247, 0.029, 226.113, 0.021, 204.991, 0.19, 201.819, 0.033, 
046-pdn01ABABa1, 8.623930, 12.000000, 190.566, 0.012, 219.093, 0.057, 192.226, 0.011, 233.538, 0.065, 182.411, 0.028, 218.233, 0.054, 228.965, 0.023, 248.566, 0.057, 202.102, 0.011, 244.75, 0.064, 212.835, 0.012, 187.655, 0.071, 
046-pdn01ABABb1, 8.662560, 12.000000, 165.419, 0.107, 234.788, 0.014, 198.034, 0.074, 216.031, 0.012, 187.744, 0.067, 196.018, 0.012, 210.55, 0.075, 190.372, 0.013, 224.429, 0.08, 147.073, 0.07, 251.791, 0.079, 192.62, 0.027, 
046-pdn01ABBAa1, 8.883660, 12.000000, 191.478, 0.01, 225.282, 0.078, 245.757, 0.062, 226.354, 0.01, 235.292, 0.01, 252.521, 0.063, 238.95, 0.073, 161.499, 0.031, 216.303, 0.011, 217.509, 0.057, 211.949, 0.069, 162.957, 0.017, 
046-pdn01ABBAb1, 7.929520, 9.000000, 237.953, 0.075, 187.669, 0.014, 178.726, 0.021, 238.259, 0.072, 260.949, 0.061, 184.26, 0.014, 249.722, 0.012, 248.613, 0.086, 221.055, 0.015, 
046-pdn02ABABa1, 8.324550, 12.000000, 179.059, 0.026, 252.153, 0.094, 177.671, 0.014, 245.616, 0.084, 194.222, 0.014, 238.804, 0.074, 208.922, 0.012, 233.511, 0.083, -210.945, 0.005, 228.967, 0.07, 210.65, 0.014, 252.303, 0.078, 
046-pdn02ABABb1, 8.716140, 12.000000, 225.808, 0.076, 156.427, 0.014, 282.139, 0.043, 210.164, 0.016, 246.481, 0.057, -164.663, 0.078, 207.292, 0.054, 198.068, 0.028, 252.643, 0.052, 194.363, 0.014, 256.083, 0.077, 169.713, 0.015, 
046-pdn02ABBAa1, 8.555250, 12.000000, -205.958, 0.005, 241.601, 0.08, 236.361, 0.066, 193.494, 0.031, 247.433, 0.011, 231.283, 0.077, 230.949, 0.071, 153.587, 0.034, 215.313, 0.012, 208.833, 0.08, 237.201, 0.093, 144.598, 0.065, 
046-pdn02ABBAb1, 8.614520, 12.000000, 228.187, 0.07, 204.997, 0.012, 221.39, 0.02, 237.916, 0.081, 255.513, 0.065, 232.016, 0.01, 200.404, 0.01, 251.403, 0.084, 239.552, 0.044, 172.492, 0.016, 235.935, 0.034, 177.856, 0.103, 
046-pdn03ABABa1, 8.728540, 12.000000, 186.162, 0.027, 147.358, 0.078, 223.144, 0.009, 248.911, 0.083, 214.66, 0.02, 236.126, 0.072, 190.726, 0.01, 237.157, 0.048, -195.693, 0.067, 223.107, 0.068, -183.642, 0.005, 203.985, 0.084, 
046-pdn03ABABb1, 8.319330, 12.000000, 225.045, 0.077, 233.639, 0.012, 235.666, 0.092, 211.031, 0.014, 232.125, 0.05, 225.819, 0.022, 242.34, 0.087, 232.804, 0.017, 279.704, 0.068, 198.685, 0.014, 221.541, 0.068, 154.933, 0.063, 
046-pdn03ABBAa1, 9.424200, 12.000000, 192.52, 0.017, 219.403, 0.059, 224.831, 0.056, 204.31, 0.02, 219.56, 0.011, 232.181, 0.047, 239.336, 0.051, 193.422, 0.03, -221.488, 0.016, 224.415, 0.035, 239.938, 0.046, 205.871, 0.023, 
046-pdn03ABBAb1, 8.628460, 12.000000, 199.919, 0.077, 212.306, 0.01, 161.171, 0.015, 148.93, 0.048, 237.652, 0.066, 217.414, 0.012, 220.493, 0.012, 218.04, 0.084, 250.548, 0.074, 221.22, 0.021, 208.796, 0.022, 158.645, 0.115, 
046-pdn04ABABa1, 8.341790, 12.000000, 157.084, 0.02, 218.351, 0.068, 187.356, 0.014, 226.491, 0.068, 200.105, 0.02, 223.36, 0.071, 197.913, 0.127, 210.162, 0.068, 182.953, 0.019, -195.266, 0.009, 186.683, 0.152, 234.724, 0.057, 
046-pdn04ABABb1, 7.622150, 12.000000, 185.319, 0.192, 202.444, 0.021, 226.813, 0.062, -175.214, 0.005, 224.582, 0.183, 189.564, 0.012, 229.36, 0.072, 191.154, 0.014, 234.464, 0.089, 186.736, 0.025, 213.652, 0.076, 178.732, 0.048, 
046-pdn04ABBAa1, 7.965580, 9.000000, 181.033, 0.021, 226.373, 0.086, 149.413, 0.005, 184.272, 0.015, 146.322, 0.017, 207.482, 0.01, 235.83, 0.073, 241.634, 0.074, 214.491, 0.012, 
046-pdn04ABBAb1, 8.279070, 12.000000, 209.691, 0.095, 217.763, 0.013, 188.851, 0.015, 109.019, 0.005, 275.716, 0.08, 231.288, 0.012, 201.695, 0.011, 236.546, 0.051, 243.72, 0.067, 193.955, 0.01, 226.154, 0.012, 218.229, 0.072, 
046-pdn05ABABa1, 8.594460, 12.000000, 187.556, 0.019, 206.097, 0.079, 203.475, 0.01, 201.618, 0.066, 212.378, 0.017, 158.551, 0.014, 223.054, 0.011, 222.07, 0.063, 232.377, 0.02, 207.037, 0.063, 233.357, 0.012, 238.621, 0.044, 
046-pdn05ABABb1, 8.874080, 12.000000, 155.678, 0.104, 219.424, 0.022, 253.033, 0.056, 215.74, 0.016, 223.328, 0.054, 213.931, 0.013, 237.786, 0.054, 155.653, 0.02, 207.974, 0.081, 223.388, 0.022, 161.546, 0.077, 225.232, 0.013, 
046-pdn05ABBAa1, 8.730360, 12.000000, 233.914, 0.016, 204.441, 0.071, 211.84, 0.07, 145.205, 0.092, 216.225, 0.012, 214.201, 0.073, -200.913, 0.081, 196.185, 0.036, 218.64, 0.015, 173.454, 0.047, 192.943, 0.068, 182.223, 0.022, 
046-pdn05ABBAb1, 7.611890, 7.000000, 228.609, 0.06, 197.474, 0.02, 231.243, 0.01, 324.832, 0.057, 225.054, 0.022, 162.102, 0.089, 232.722, 0.008, 
046-pdn06ABABa1, 9.632790, 12.000000, 192.962, 0.015, 254.575, 0.101, 209.333, 0.019, 246.873, 0.076, -236.456, 0.081, 259.831, 0.097, 238.592, 0.016, 254.287, 0.084, 233.532, 0.016, 169.816, 0.067, 207.051, 0.023, 235.712, 0.066, 
046-pdn06ABABb1, 9.407060, 12.000000, 199.353, 0.069, 229.776, 0.021, 257.702, 0.073, 256.523, 0.024, 257.405, 0.068, 241.406, 0.028, 249.001, 0.045, 241.088, 0.036, 279.422, 0.057, 162.966, 0.005, 281.916, 0.068, 209.162, 0.024, 
046-pdn06ABBAa1, 9.060870, 12.000000, 188.748, 0.024, 235.604, 0.075, 236.611, 0.068, 266.333, 0.031, 244.452, 0.021, 262.519, 0.074, 245.977, 0.072, -238.155, 0.02, 282.239, 0.086, 218.168, 0.014, 252.91, 0.09, 204.548, 0.037, 
046-pdn06ABBAb1, 8.309400, 8.000000, 208.062, 0.083, 220.055, 0.019, 188.2, 0.02, 248.005, 0.015, 225.752, 0.075, 230.619, 0.013, 222.796, 0.011, 222.575, 0.096, 
046-pdn07ABABa1, 8.432020, 12.000000, 202.245, 0.03, 226.406, 0.007, 180.512, 0.014, 166.028, 0.087, 240.193, 0.013, 249.831, 0.088, 254.85, 0.014, 145.891, 0.005, 186.141, 0.013, 167.204, 0.089, 175.363, 0.012, 248.323, 0.094, 
046-pdn07ABABb1, 7.606340, 7.000000, 189.877, 0.091, 212.329, 0.024, 224.792, 0.025, 176.293, 0.097, 246.272, 0.092, 212.718, 0.011, 193.679, 0.21, 
046-pdn07ABBAa1, 8.226170, 12.000000, 195.232, 0.028, 150.828, 0.088, 256.612, 0.077, 194.889, 0.011, 187.286, 0.012, 231.291, 0.082, 232.986, 0.082, 219.198, 0.011, 193.937, 0.019, 216.343, 0.06, 168.256, 0.089, 175.518, 0.013, 
046-pdn07ABBAb1, 8.013100, 7.000000, 148.169, 0.005, 229.081, 0.009, 203.542, 0.012, -223.636, 0.005, 231.711, 0.078, -137.538, 0.085, 168.445, 0.033, 
046-pdn08ABABa1, 9.681930, 12.000000, 234.814, 0.015, 247.007, 0.057, 218.477, 0.021, 276.052, 0.064, 234.767, 0.022, 244.535, 0.061, 240.38, 0.021, 212.68, 0.111, 244.767, 0.022, 264.289, 0.066, 230.817, 0.023, 260.396, 0.075, 
046-pdn08ABABb1, 10.082700, 12.000000, 218.574, 0.076, 243.795, 0.028, 239.591, 0.068, 243.072, 0.023, 267.137, 0.065, 177.76, 0.026, 270.405, 0.06, 266.367, 0.022, 265.017, 0.062, 254.315, 0.022, 239.303, 0.065, 191.604, 0.03, 
046-pdn08ABBAa1, 9.729320, 12.000000, 218.275, 0.027, 265.215, 0.072, 257.191, 0.057, 213.285, 0.017, 252.247, 0.012, 262.838, 0.068, 261.646, 0.068, 268.451, 0.021, 226.108, 0.023, 259.654, 0.072, 271.994, 0.076, 247.821, 0.019, 
046-pdn08ABBAb1, 8.166090, 7.000000, 232.963, 0.076, 239.718, 0.023, 255.511, 0.028, 202.905, 0.238, 243.636, 0.018, 189.585, 0.36, 270.473, 0.024, 
046-pdn09ABABa1, 8.538780, 12.000000, 253.381, 0.021, 218.018, 0.07, 253.076, 0.02, 224.895, 0.06, 243.365, 0.029, 225.523, 0.049, 235.805, 0.023, 128.198, 0.031, 206.579, 0.029, 224.665, 0.043, 231.374, 0.027, 184.371, 0.057, 
046-pdn09ABABb1, 10.681200, 13.000000, 291.185, 0.077, 261.876, 0.019, 208.109, 0.053, 240.694, 0.034, 181.725, 0.07, 216.602, 0.02, 140.796, 0.016, 197.502, 0.076, 80.4878, 0.046, 164.434, 0.048, 172.569, 0.017, 115.067, 0.06, 121.868, 0.039, 
046-pdn09ABBAa1, 9.541660, 12.000000, 224.091, 0.024, 220.253, 0.042, 241.042, 0.062, 203.214, 0.023, 236.983, 0.019, 250.158, 0.058, 237.727, 0.064, 212.703, 0.038, 236.264, 0.018, 222.665, 0.047, 202.288, 0.052, 199.409, 0.022, 
046-pdn09ABBAb1, 9.459950, 12.000000, 240.324, 0.056, 225.489, 0.021, 235.34, 0.026, 181.13, 0.024, 221.252, 0.063, 224.932, 0.03, 243.317, 0.021, 185.233, 0.02, 242.519, 0.062, 245.017, 0.027, 212.742, 0.02, 144.243, 0.105, 
046-pdn10ABABa1, 9.171020, 12.000000, 246.74, 0.042, 229.574, 0.065, 236.257, 0.053, 234.736, 0.088, 239.056, 0.055, 227.136, 0.069, 217.988, 0.052, 226.171, 0.08, 235.259, 0.047, 226.231, 0.097, 186.177, 0.036, 253.965, 0.085, 
046-pdn10ABABb1, 9.919260, 12.000000, 244.276, 0.094, 240.519, 0.046, 221.965, 0.057, 214.775, 0.057, 224.907, 0.08, 225.469, 0.039, 209.468, 0.061, 218.407, 0.024, 222.135, 0.071, 182.068, 0.042, 219.486, 0.069, 216.257, 0.027, 
046-pdn10ABBAa1, 9.632480, 12.000000, 199.641, 0.04, 244.057, 0.074, 262.052, 0.075, 225.762, 0.022, 244.972, 0.029, 250.488, 0.089, 252.756, 0.092, 243.291, 0.026, 237.395, 0.026, 233.553, 0.09, 270.801, 0.072, 211.088, 0.023, 
046-pdn10ABBAb1, 8.356400, 12.000000, 286.352, 0.078, 230.714, 0.031, 236.26, 0.034, 249.738, 0.074, 274.961, 0.104, 273.236, 0.107, 236.768, 0.026, 273.166, 0.1, -271.42, 0.297, 217.215, 0.032, 246.071, 0.033, 244.272, 0.07, 
046-pdn11ABABa1, 8.512920, 9.000000, 240.654, 0.022, 243.639, 0.05, 213.655, 0.016, 231.467, 0.071, 214.066, 0.019, 80.4165, 0.01, 247.892, 0.024, 234.836, 0.346, 221.595, 0.028, 
046-pdn11ABABb1, 8.941280, 12.000000, 176.517, 0.132, 272.787, 0.023, 254.605, 0.057, 167.118, 0.056, 237.166, 0.072, 257.247, 0.033, 247.625, 0.079, 231.502, 0.031, 187.741, 0.054, 182.505, 0.036, 232.881, 0.08, 218.555, 0.023, 
046-pdn11ABBAa1, 9.549680, 12.000000, 231.084, 0.026, 267.123, 0.082, 250.222, 0.074, 258.413, 0.024, 224.702, 0.021, 258.37, 0.06, 241.92, 0.054, 261.575, 0.027, 218.854, 0.104, 231.661, 0.065, 262.551, 0.077, 262.356, 0.02, 
046-pdn11ABBAb1, 9.432040, 12.000000, 245.909, 0.087, 227.856, 0.023, 245.956, 0.021, 241.092, 0.071, 259.651, 0.072, 235.303, 0.025, 225.522, 0.076, 182.56, 0.008, 245.66, 0.05, 233.799, 0.024, 257.89, 0.024, 167.709, 0.011, 
046-pdn12ABABa1, 8.143000, 12.000000, 212.282, 0.036, 285.633, 0.088, 235.376, 0.03, 262.593, 0.09, 276.861, 0.018, 274.836, 0.067, 285.983, 0.033, 269.518, 0.072, 264.597, 0.039, 245.788, 0.073, 222.577, 0.036, 261.966, 0.07, 
046-pdn12ABABb1, 9.245830, 12.000000, 231.366, 0.088, 254.625, 0.032, 237.812, 0.068, 271.436, 0.027, 296.277, 0.07, 242.43, 0.028, 200.62, 0.06, 239.627, 0.024, 245.988, 0.063, 223.068, 0.025, 263.689, 0.067, 236.542, 0.039, 
046-pdn12ABBAa1, 9.213600, 12.000000, 283.867, 0.025, 249.263, 0.057, 270.086, 0.077, 240.746, 0.033, 204.643, 0.026, 288.462, 0.082, 254.345, 0.085, 278.944, 0.033, 266.369, 0.032, 235.98, 0.07, 284.722, 0.08, 216.439, 0.046, 
046-pdn12ABBAb1, 8.461410, 8.000000, 252.28, 0.058, 224.112, 0.021, 288.865, 0.029, 263.541, 0.063, 274.465, 0.035, 309.206, 0.083, 242.686, 0.029, 269.987, 0.033, 
046-psm01ABABa1, 9.479840, 12.000000, 226.253, 0.006, -221.729, 0.005, 222.278, 0.068, 196.196, 0.019, 218.995, 0.065, 218.001, 0.011, 211.027, 0.058, 164.087, 0.028, 233.476, 0.074, 213.892, 0.012, 243.793, 0.076, 155.682, 0.012, 
046-psm01ABABb1, 8.638860, 12.000000, 211.392, 0.011, 240.871, 0.078, 225.749, 0.011, 232.103, 0.069, 207.397, 0.01, 220.448, 0.071, 207.5, 0.013, 231.841, 0.083, 226.806, 0.012, 223.42, 0.062, 212.693, 0.014, 226.41, 0.069, 
046-psm01ABBAa1, 9.519380, 12.000000, 236.289, 0.067, 210.268, 0.008, 228.886, 0.009, 222.823, 0.078, 262.178, 0.073, 217.939, 0.006, 215.12, 0.01, 239.309, 0.065, 272.427, 0.072, 215.597, 0.009, 226.652, 0.011, 235.249, 0.077, 
046-psm01ABBAb1, 9.355950, 12.000000, 202.204, 0.011, 225.531, 0.051, 243.602, 0.066, 161.514, 0.07, 217.283, 0.019, 218.749, 0.048, 243.766, 0.068, 164.652, 0.009, 234.604, 0.009, 233.288, 0.07, 227.72, 0.076, 215.075, 0.01, 
046-psm02ABABa1, 7.995000, 12.000000, 223.541, 0.071, 213.624, 0.013, 203.504, 0.072, 212.013, 0.005, 144.353, 0.071, 212.052, 0.016, 224.838, 0.081, 216.595, 0.015, 234.658, 0.072, 244.03, 0.016, 239.694, 0.078, 169.95, 0.052, 
046-psm02ABABb1, 8.605290, 12.000000, 203.066, 0.009, 226.789, 0.081, 211.462, 0.013, 200.235, 0.059, 215.038, 0.012, 226.549, 0.041, 231.32, 0.013, 234.214, 0.074, 218.799, 0.014, 233.233, 0.049, 228.758, 0.01, 252.571, 0.059, 
046-psm02ABBAa1, 8.424090, 12.000000, 252.628, 0.085, -181.324, 0.005, 196.058, 0.014, 248.528, 0.08, 268.335, 0.066, 218.961, 0.012, 220.511, 0.014, 226.17, 0.072, 286.816, 0.099, 233.627, 0.014, 230.401, 0.014, 159.198, 0.07, 
046-psm02ABBAb1, 8.681660, 12.000000, 193.656, 0.011, 220.083, 0.051, 217.147, 0.064, 198.301, 0.005, 200.074, 0.01, 228.128, 0.053, 212.342, 0.058, 224.088, 0.008, 209.948, 0.02, 224.479, 0.011, 239.33, 0.101, 243.427, 0.011, 
046-psm03ABABa1, 9.595540, 12.000000, 255.646, 0.076, 190.646, 0.028, 286.791, 0.075, 201.304, 0.024, 222.212, 0.071, 204.382, 0.03, 258.655, 0.086, 196.522, 0.032, 235.678, 0.07, 212.897, 0.021, 267.874, 0.064, 181.541, 0.038, 
046-psm03ABABb1, 9.684450, 12.000000, 201.661, 0.026, 214.519, 0.079, 196.943, 0.036, 243.269, 0.07, 197.214, 0.037, 234.994, 0.07, 208.296, 0.034, 226.399, 0.078, 213.383, 0.051, 234.236, 0.066, 219.132, 0.038, 224.336, 0.067, 
046-psm03ABBAa1, 9.112300, 12.000000, 259.633, 0.085, 197.803, 0.014, 187.566, 0.033, 252.584, 0.098, 259.666, 0.109, 181.242, 0.03, 217.102, 0.025, 267.62, 0.101, 285.746, 0.078, 177.898, 0.027, 187.295, 0.024, 202.677, 0.032, 
046-psm03ABBAb1, 8.699150, 8.000000, 180.67, 0.023, 267.328, 0.086, 250.31, 0.071, 209.658, 0.037, 238.288, 0.019, 239.139, 0.06, 154.47, 0.111, 188.214, 0.086, 
046-psm04ABABa1, 8.950020, 12.000000, 236.531, 0.082, 203.997, 0.005, 228.203, 0.053, 140.807, 0.039, 200.428, 0.061, 132.136, 0.005, 201.152, 0.06, 216.291, 0.009, 198.45, 0.049, -178.881, 0.005, 266.236, 0.08, 187.109, 0.009, 
046-psm04ABABb1, 9.254990, 12.000000, 201.111, 0.011, 210.009, 0.043, 216.454, 0.01, 193.05, 0.041, 202.811, 0.011, 215.043, 0.062, 206.451, 0.012, 165.562, 0.05, 193.621, 0.006, 207.591, 0.056, 195.752, 0.012, 204.02, 0.075, 
046-psm04ABBAa1, 7.777970, 7.000000, 224.671, 0.068, 209.24, 0.005, 218.63, 0.008, 225.999, 0.065, 215.088, 0.067, 234.766, 0.066, 209.163, 0.008, 
046-psm04ABBAb1, 13.010400, 12.000000, 205.668, 0.008, 226.638, 0.048, 203.224, 0.059, 194.63, 0.008, 218.665, 0.008, 224.742, 0.042, 123.48, 0.005, 235.549, 0.006, 124.001, 0.002, 123.385, 0.039, 143.594, 0.011, 148.327, 0.008, 
046-psm05ABABa1, 9.411800, 12.000000, 229.996, 0.061, 202.1, 0.025, 243.725, 0.054, 200.347, 0.015, 264.406, 0.045, 222.636, 0.005, 242.481, 0.038, 162.651, 0.039, 243.044, 0.077, 198.187, 0.006, 231.477, 0.059, 129.257, 0.087, 
046-psm05ABABb1, 9.308890, 12.000000, 206.108, 0.021, 221.416, 0.069, -213.469, 0.005, 236.53, 0.059, 188.019, 0.025, 230.924, 0.076, 207.8, 0.014, 224.116, 0.072, 214.821, 0.014, 234.579, 0.089, -198.969, 0.005, 232.177, 0.08, 
046-psm05ABBAa1, 8.033790, 12.000000, 211.604, 0.45, 202.356, 0.014, 225.779, 0.015, 257.446, 0.075, 253.695, 0.066, 205.211, 0.021, 213.958, 0.045, 256.922, 0.083, 257.057, 0.046, 197.836, 0.012, 224.227, 0.075, 219.236, 0.021, 
046-psm05ABBAb1, 8.969420, 12.000000, 232.944, 0.012, 237.487, 0.052, 234.042, 0.058, 196.414, 0.067, 194.106, 0.029, 242.81, 0.082, 214.278, 0.069, 147.196, 0.067, -223.165, 0.005, 222.365, 0.078, 171.616, 0.068, 231.198, 0.034, 
046-psm06ABABa1, 8.077690, 12.000000, 182.236, 0.097, 228.304, 0.034, 248.54, 0.055, 216.794, 0.016, 237.663, 0.078, 227.221, 0.02, 245.472, 0.08, 208.249, 0.014, 242.609, 0.084, 257.843, 0.022, 162.746, 0.129, 217.154, 0.015, 
046-psm06ABABb1, 8.497840, 12.000000, 224.121, 0.012, 230.934, 0.076, 202.899, 0.018, 241.639, 0.046, 216.886, 0.019, 246.46, 0.044, 192.05, 0.02, 231.432, 0.078, 223.316, 0.011, 215.897, 0.041, 204.813, 0.013, 257.6, 0.067, 
046-psm06ABBAa1, 8.531930, 12.000000, 264.096, 0.047, 218.166, 0.016, 185.115, 0.012, 216.225, 0.044, 227.498, 0.055, 232.623, 0.014, 205.588, 0.025, 247.551, 0.074, 215.628, 0.054, 201.456, 0.011, 223.878, 0.014, 230.862, 0.05, 
046-psm06ABBAb1, 8.737230, 12.000000, 185.541, 0.028, 219.772, 0.055, 208.369, 0.059, 213.07, 0.086, 237.306, 0.005, 239.551, 0.064, 212.054, 0.073, 212.047, 0.015, 229.029, 0.02, 156.496, 0.077, 231.729, 0.059, 158.672, 0.005, 
046-psm07ABABa1, 10.772500, 12.000000, 211.155, 0.099, 218.75, 0.018, 119.967, 0.03, 223.707, 0.075, 138.385, 0.011, 134.877, 0.037, 221.053, 0.076, 214.262, 0.011, 122.553, 0.017, 226.369, 0.061, 206.027, 0.012, 173.796, 0.033, 
046-psm07ABABb1, 8.728280, 12.000000, 219.838, 0.012, 226.515, 0.064, 195.515, 0.014, 230.772, 0.059, 244.571, 0.022, 226.976, 0.068, 226.96, 0.021, 174.524, 0.083, 237.507, 0.013, 218.669, 0.066, 222.704, 0.013, 211.315, 0.066, 
046-psm07ABBAa1, 8.569660, 12.000000, 208.38, 0.175, 235.863, 0.013, 223.696, 0.011, 233.713, 0.062, 240.848, 0.055, 217.979, 0.01, 223.149, 0.016, 180.666, 0.056, 245.274, 0.057, 221.968, 0.04, 246.601, 0.011, 187.113, 0.082, 
046-psm07ABBAb1, 8.816090, 12.000000, 193.282, 0.023, 221.518, 0.086, 241.425, 0.077, 219.075, 0.029, 232.116, 0.023, 219.821, 0.073, 229.314, 0.073, 221.894, 0.034, 224.661, 0.012, 228.531, 0.077, 247.667, 0.087, 232.534, 0.036, 
046-psm08ABABa1, 9.767880, 12.000000, 235.414, 0.06, 260.325, 0.017, 209.343, 0.055, 225.616, 0.014, 218.512, 0.074, 235.289, 0.02, 248.098, 0.057, 201.844, 0.024, 267.378, 0.059, 291.809, 0.013, 234.226, 0.053, 232.867, 0.012, 
046-psm08ABABb1, 9.598730, 12.000000, 215.825, 0.016, 159.478, 0.097, 238.066, 0.015, 247.308, 0.077, 210.601, 0.014, 253.471, 0.075, 251.373, 0.031, 244.666, 0.071, 216.415, 0.018, 260.725, 0.068, -185.574, 0.005, 244.035, 0.057, 
046-psm08ABBAa1, 9.677760, 12.000000, 190.469, 0.064, 202.882, 0.02, 233.556, 0.013, 181.227, 0.061, 233.276, 0.023, 203.031, 0.062, 243.447, 0.016, 204.06, 0.01, 233.573, 0.058, 224.261, 0.011, 218.907, 0.013, 247.838, 0.07, 
046-psm08ABBAb1, 8.727220, 12.000000, 204.665, 0.018, 248.161, 0.073, 221.014, 0.077, -163.833, 0.084, 213.99, 0.033, 230.85, 0.079, 241.498, 0.065, 222.898, 0.015, 248.089, 0.012, 259.968, 0.07, 274.532, 0.072, 244.274, 0.03, 
046-psm09ABABa1, 8.424820, 12.000000, 274.31, 0.085, 228.42, 0.021, 236.352, 0.052, 203.695, 0.038, 273.031, 0.089, 219.593, 0.025, 249.217, 0.064, 242.38, 0.021, 253.047, 0.055, 202.732, 0.025, 253.164, 0.063, 235.434, 0.01, 
046-psm09ABABb1, 9.199720, 12.000000, 223.188, 0.019, 222.066, 0.063, 223.906, 0.026, 232.351, 0.07, 272.458, 0.023, 179.588, 0.075, 256.131, 0.019, 118.542, 0.016, 213.793, 0.046, 186.248, 0.074, 239.856, 0.028, 168.073, 0.073, 
046-psm09ABBAa1, 9.078940, 12.000000, 295.543, 0.104, 236.762, 0.017, 232.327, 0.022, 131.75, 0.086, 264.668, 0.081, 252.637, 0.025, 169.241, 0.108, 171.811, 0.07, 286.993, 0.039, 178.045, 0.024, 140.727, 0.013, 241.267, 0.09, 
046-psm09ABBAb1, 8.988390, 12.000000, 205.504, 0.021, 178.584, 0.069, 176.357, 0.062, 221.097, 0.031, 236.204, 0.018, 269.964, 0.081, 221.522, 0.086, 209.711, 0.033, 252.821, 0.027, 230.478, 0.059, 241.513, 0.088, 181.48, 0.031, 
046-psm10ABABa1, 8.856940, 12.000000, 245.24, 0.068, 208.295, 0.014, 257.223, 0.057, 218.286, 0.025, 271.892, 0.072, 208.575, 0.017, 236.023, 0.054, 230.795, 0.027, 246.268, 0.072, 249.901, 0.018, 243.646, 0.068, 203.13, 0.037, 
046-psm10ABABb1, 9.485500, 12.000000, 214.085, 0.025, 257.914, 0.052, 205.42, 0.02, 225.991, 0.043, 222.13, 0.019, 244.783, 0.055, 202.621, 0.016, 244.523, 0.049, 204.867, 0.023, 233.739, 0.049, 194.716, 0.017, 247.884, 0.06, 
046-psm10ABBAa1, 9.596780, 12.000000, 244.996, 0.071, 205.212, 0.019, 232.082, 0.015, 184.495, 0.073, 259.855, 0.068, 229.499, 0.017, 240.98, 0.016, 258.82, 0.071, 254.481, 0.066, 257.391, 0.022, 239.808, 0.02, 217.721, 0.092, 
046-psm10ABBAb1, 10.020500, 12.000000, 207.966, 0.025, 222.638, 0.052, 263.344, 0.084, 201.214, 0.031, 224.447, 0.024, 262.226, 0.057, 261.118, 0.079, 225.162, 0.017, 253.589, 0.016, 259.08, 0.059, 244.877, 0.074, 231.44, 0.016, 
046-psm11ABABa1, 9.412230, 12.000000, 270.011, 0.09, 260.941, 0.031, 266.92, 0.075, 258.521, 0.025, 279.586, 0.078, 254.75, 0.024, 243.218, 0.081, 262.677, 0.023, 224.22, 0.075, 241.686, 0.052, 272.035, 0.086, 264.522, 0.039, 
046-psm11ABABb1, 9.878050, 12.000000, 244.562, 0.036, 241.862, 0.069, 260.347, 0.038, 226.784, 0.07, 242.347, 0.032, 195.154, 0.075, 245.463, 0.032, 235.747, 0.078, 226.653, 0.026, 269.245, 0.073, 244.828, 0.026, 250.692, 0.073, 
046-psm11ABBAa1, 9.630330, 12.000000, 212.288, 0.096, 199.69, 0.026, 238.701, 0.03, 243.232, 0.073, 249.495, 0.091, 264.06, 0.023, 247.731, 0.027, 247.559, 0.078, 267.923, 0.068, 235.234, 0.02, 207.642, 0.024, 257.837, 0.072, 
046-psm11ABBAb1, 9.881510, 12.000000, 246.357, 0.036, 245.72, 0.064, 260.43, 0.06, 271.204, 0.03, 285.605, 0.062, 261.579, 0.072, 217.776, 0.062, 274.767, 0.026, 282.21, 0.032, 242.187, 0.061, 238.575, 0.069, 250.282, 0.046, 
046-psm12ABABa1, 10.076500, 12.000000, 234.072, 0.094, 256.523, 0.025, 219.248, 0.072, 225.406, 0.024, 248.724, 0.077, 203.15, 0.07, 249.324, 0.08, 217.713, 0.024, 232.922, 0.07, 202.918, 0.045, 267.034, 0.075, 195.344, 0.034, 
046-psm12ABABb1, 10.308600, 12.000000, 223.818, 0.025, 209.976, 0.073, 198.322, 0.025, 218.257, 0.064, 216.188, 0.027, 266.711, 0.07, 253.307, 0.024, 246.259, 0.073, 212.513, 0.032, 218.001, 0.062, 219.152, 0.021, 235.087, 0.065, 
046-psm12ABBAa1, 10.069700, 12.000000, 240.902, 0.098, 169.939, 0.023, 202.867, 0.041, 175.83, 0.103, 256.928, 0.08, 227.916, 0.024, 215.61, 0.025, 222.088, 0.094, 240.006, 0.074, 207.177, 0.028, 207.962, 0.039, 210.932, 0.137, 
046-psm12ABBAb1, 10.203600, 12.000000, 193.544, 0.039, 215.623, 0.068, 245.774, 0.074, 227.528, 0.034, 210.667, 0.024, 207.563, 0.077, 222.475, 0.077, 225.069, 0.017, 251.688, 0.025, 219.51, 0.073, 246.493, 0.053, 233.709, 0.028, 
046-psn01ABABa1, 7.717090, 12.000000, 253.157, 0.073, 228.19, 0.025, 180.456, 0.005, 224.598, 0.025, 218.099, 0.053, 209.129, 0.047, 217.012, 0.05, 217.023, 0.014, 223.245, 0.05, 222.644, 0.04, 224.376, 0.06, 241.026, 0.015, 
046-psn01ABABb1, 7.510790, 12.000000, 156.436, 0.018, 265.315, 0.078, 161.696, 0.015, 242.134, 0.06, 198.302, 0.011, 236.411, 0.077, 210.233, 0.016, 246.826, 0.063, 229.914, 0.012, 244.288, 0.066, 205.837, 0.021, 248.134, 0.065, 
046-psn01ABBAa1, 7.900980, 12.000000, 212.633, 0.065, 211.283, 0.012, 221.29, 0.014, 167.865, 0.073, 239.191, 0.07, 205.522, 0.018, 202.366, 0.019, 216.772, 0.065, 212.142, 0.039, -172.928, 0.079, 175.681, 0.022, 240.859, 0.07, 
046-psn01ABBAb1, 8.416520, 12.000000, 191.073, 0.027, 205.648, 0.077, 235.223, 0.079, 218.678, 0.012, 217.714, 0.014, 214.251, 0.069, 216.31, 0.062, 218.747, 0.019, 212.05, 0.012, 249.595, 0.064, 242.015, 0.053, 203.37, 0.03, 
046-psn02ABABa1, 7.610200, 12.000000, 211.119, 0.073, 212.228, 0.018, 216.256, 0.058, 200.36, 0.015, 224.233, 0.075, 215.718, 0.013, 219.592, 0.055, 172.664, 0.014, 215.271, 0.059, 176.096, 0.013, 182.94, 0.073, 219.978, 0.01, 
046-psn02ABABb1, 10.120200, 12.000000, 240.961, 0.019, 212.935, 0.058, 194.411, 0.009, 187.745, 0.056, 220.127, 0.021, 198.578, 0.055, -82.1071, 0.005, 113.647, 0.037, 170.302, 0.019, 211.253, 0.06, 163.628, 0.005, 141.96, 0.045, 
046-psn02ABBAa1, 8.593760, 12.000000, 225.607, 0.076, 194.289, 0.009, 185.67, 0.014, 243.213, 0.064, 208.648, 0.051, 195.756, 0.023, 207.749, 0.011, 164.33, 0.039, 238.324, 0.055, 209.242, 0.012, 230.099, 0.017, 246.969, 0.069, 
046-psn02ABBAb1, 7.476220, 8.000000, 172.667, 0.016, 223.281, 0.059, 229.431, 0.064, -182.374, 0.011, 178.158, 0.018, 231.873, 0.059, 150.47, 0.193, 247.078, 0.006, 
046-psn03ABABa1, 8.216930, 12.000000, 209.723, 0.193, 166.239, 0.009, 227.48, 0.065, 207.717, 0.026, 234.972, 0.084, -185.968, 0.009, 260.477, 0.072, 191.712, 0.03, 224.414, 0.065, 181.548, 0.018, 240.379, 0.065, -189.164, 0.005, 
046-psn03ABABb1, 8.457370, 12.000000, 191.38, 0.012, 218.88, 0.077, -172.3, 0.007, 207.717, 0.072, 205.299, 0.015, 227.901, 0.065, 206.431, 0.013, 219.616, 0.079, 206.437, 0.017, 219.838, 0.069, 195.78, 0.029, 241.932, 0.069, 
046-psn03ABBAa1, 8.703000, 12.000000, 188.172, 0.092, 232.526, 0.013, 212.003, 0.014, 234.125, 0.08, 226.537, 0.062, 169.221, 0.02, 205.631, 0.031, 251.29, 0.085, 235.514, 0.064, 191.944, 0.033, -216.102, 0.005, 227.886, 0.079, 
046-psn03ABBAb1, 7.810730, 9.000000, 189.843, 0.014, 243.106, 0.048, 214.317, 0.021, 265.315, 0.061, -183.504, 0.074, 242.678, 0.057, 160.63, 0.214, 228.708, 0.066, 206.933, 0.039, 
046-psn04ABABa1, 8.478610, 12.000000, 225.881, 0.069, 218.189, 0.006, 221.784, 0.061, 156.979, 0.021, 216.299, 0.051, -228.993, 0.005, 214.278, 0.042, 208.689, 0.033, 227.582, 0.048, 206.395, 0.009, 209.215, 0.041, 197.915, 0.026, 
046-psn04ABABb1, 8.629950, 12.000000, 220.452, 0.03, 215.323, 0.055, 213.804, 0.008, 209.264, 0.053, 176.737, 0.011, 204.415, 0.059, 206.705, 0.012, 223.433, 0.055, 219.129, 0.012, 221.653, 0.071, 178.464, 0.014, 233.928, 0.088, 
046-psn04ABBAa1, 9.085790, 12.000000, 214.862, 0.076, 204.626, 0.01, 238.856, 0.01, 159.613, 0.066, 237.28, 0.064, 216.286, 0.009, 219.966, 0.01, 181.518, 0.053, 248.378, 0.076, 221.871, 0.013, 135.163, 0.056, 152.296, 0.09, 
046-psn04ABBAb1, 9.287990, 12.000000, 192.386, 0.027, 202.511, 0.055, 229.683, 0.062, 206.446, 0.06, 209.486, 0.009, 217.121, 0.061, 206.594, 0.045, 124.005, 0.074, 206.304, 0.009, 223.015, 0.065, 213.541, 0.043, 222.744, 0.01, 
046-psn05ABABa1, 9.578060, 12.000000, 270.073, 0.059, 207.051, 0.017, 261.917, 0.063, -240.609, 0.014, 201.265, 0.052, 243.28, 0.015, 259.213, 0.059, 216.646, 0.016, 250.406, 0.039, 205.309, 0.015, 245.98, 0.048, 215.988, 0.038, 
046-psn05ABABb1, 9.659380, 12.000000, 187.7, 0.013, 251.913, 0.085, 210.793, 0.02, 238.949, 0.043, 227.439, 0.047, 238.054, 0.063, 191.97, 0.028, 228.576, 0.083, 190.685, 0.031, 241.809, 0.061, 241.141, 0.005, -137.628, 0.005, 
046-psn05ABBAa1, 9.319720, 12.000000, 263.07, 0.08, 155.176, 0.014, 199.14, 0.014, 257.98, 0.097, 270.795, 0.048, 215.443, 0.012, 197.896, 0.02, 182.946, 0.049, 256.315, 0.051, 197.816, 0.027, 232.928, 0.018, 137.024, 0.075, 
046-psn05ABBAb1, 9.637250, 7.000000, 230.7, 0.012, 227.929, 0.062, 209.435, 0.054, 251.946, 0.013, 192.328, 0.062, 175.892, 0.073, 318.561, 0.069, 
046-psn06ABABa1, 7.391900, 12.000000, 249.686, 0.092, 237.972, 0.015, 189.203, 0.032, 232.625, 0.017, 265.471, 0.067, -198.448, 0.005, 268.353, 0.066, 236.411, 0.02, 289.798, 0.096, 227.846, 0.018, 245.605, 0.079, 230.676, 0.011, 
046-psn06ABABb1, 6.813130, 8.000000, 199.759, 0.013, 241.265, 0.082, 218.868, 0.009, 177.568, 0.076, 231.89, 0.013, 216.395, 0.071, 188.863, 0.356, 206.667, 0.231, 
046-psn06ABBAa1, 8.601630, 7.000000, 255.789, 0.072, 214.497, 0.027, 207.481, 0.06, 274.393, 0.069, 218.391, 0.016, 198.444, 0.192, 170.492, 0.021, 
046-psn06ABBAb1, 8.361780, 12.000000, 218.423, 0.021, 184.421, 0.092, 242.308, 0.081, 214.848, 0.011, 197.613, 0.016, 246.532, 0.087, 245.298, 0.08, 203.587, 0.013, 190.067, 0.02, 244.905, 0.075, 243.971, 0.051, 159.834, 0.028, 
046-psn07ABABa1, 8.146300, 12.000000, 188.391, 0.157, 202.434, 0.012, 234.02, 0.069, 137.82, 0.092, 222.998, 0.069, 147.488, 0.098, 248.338, 0.08, -169.727, 0.005, 241.46, 0.072, 147.179, 0.031, 235.417, 0.081, 132.812, 0.054, 
046-psn07ABABb1, 8.859410, 12.000000, -132.325, 0.095, 231.198, 0.084, 222.801, 0.01, 202.549, 0.061, 196.213, 0.013, 228.294, 0.075, 198.84, 0.012, 255.969, 0.081, 200.394, 0.013, 143.137, 0.086, 185.521, 0.016, 162.467, 0.005, 
046-psn07ABBAa1, 8.334160, 12.000000, 122.249, 0.089, 166.114, 0.01, 184.489, 0.014, 187.706, 0.104, 237.294, 0.097, 164.783, 0.013, 206.805, 0.012, 156.399, 0.094, 244.761, 0.099, 196.873, 0.012, 171.896, 0.014, 171.949, 0.005, 
046-psn07ABBAb1, 8.554380, 12.000000, 216.906, 0.013, 234.369, 0.065, 232.012, 0.083, 239.64, 0.012, 170.022, 0.02, 243.689, 0.09, 231.33, 0.086, 195.265, 0.026, 200.525, 0.021, 129.832, 0.005, 250.454, 0.086, 149.583, 0.044, 
046-psn08ABABa1, 9.247630, 12.000000, 214.557, 0.056, 204.321, 0.015, 194.769, 0.071, 214.989, 0.026, 243.917, 0.079, 184.457, 0.029, 253.418, 0.052, 223.121, 0.022, 256.688, 0.069, 210.096, 0.013, 259.334, 0.055, 237.152, 0.015, 
046-psn08ABABb1, 9.274470, 12.000000, 220.65, 0.015, 250.816, 0.052, 211.889, 0.015, 231.561, 0.062, 226.282, 0.019, 217.231, 0.082, 237.421, 0.013, 229.2, 0.066, 178.927, 0.014, 213.227, 0.005, 210.977, 0.013, 226.393, 0.065, 
046-psn08ABBAa1, 9.441480, 12.000000, 189.372, 0.072, 159.812, 0.016, 208.667, 0.023, 162.844, 0.049, 221.325, 0.068, 194.011, 0.014, 214.427, 0.013, 95.1486, 0.006, 236.491, 0.076, 171.651, 0.024, 178.491, 0.017, 136.798, 0.021, 
046-psn08ABBAb1, 8.932940, 12.000000, 216.409, 0.026, 246.373, 0.051, 238.867, 0.068, 188.28, 0.012, 242.496, 0.081, 108.488, 0.005, 228.138, 0.078, 210.77, 0.034, 172.317, 0.019, -186.692, 0.005, -205.573, 0.005, 147.027, 0.005, 
046-psn09ABABa1, 9.327500, 12.000000, 232.091, 0.072, 248.892, 0.015, 257.266, 0.067, 247.023, 0.016, 207.83, 0.041, 241.679, 0.029, 242.701, 0.073, 233.203, 0.035, 285.801, 0.057, 229.08, 0.043, 262.569, 0.057, 252.996, 0.048, 
046-psn09ABABb1, 9.900010, 12.000000, 238.99, 0.021, 274.446, 0.075, 230.231, 0.017, 146.562, 0.074, 226.964, 0.026, 252.85, 0.06, 228.675, 0.027, 256.471, 0.054, 235.741, 0.032, 270.738, 0.062, 254.523, 0.034, 197.565, 0.094, 
046-psn09ABBAa1, 9.611620, 12.000000, 264.287, 0.063, 223.317, 0.019, 217.342, 0.013, 224.124, 0.051, 265.128, 0.074, 233.885, 0.019, 236.255, 0.011, 275.381, 0.064, 247.742, 0.05, 252.039, 0.031, 242.545, 0.026, 237.242, 0.088, 
046-psn09ABBAb1, 9.622510, 12.000000, 248.989, 0.028, 259.659, 0.08, 267.15, 0.083, 179.74, 0.045, 220.429, 0.018, 272.827, 0.084, 268.901, 0.081, 243.745, 0.015, 238.217, 0.019, 276.955, 0.057, 263.947, 0.067, 265.67, 0.019, 
046-psn10ABABa1, 9.825960, 12.000000, 204.689, 0.059, 235.5, 0.018, 213.153, 0.056, 267.049, 0.021, 246.539, 0.073, 200.385, 0.032, 256.704, 0.066, 188.252, 0.02, 258.837, 0.083, 264.067, 0.017, 247.739, 0.056, 216.85, 0.023, 
046-psn10ABABb1, 7.900770, 7.000000, 250.3, 0.024, 218.823, 0.177, 202.043, 0.101, 261.426, 0.074, 183.905, 0.018, 258.272, 0.079, 226.88, 0.026, 
046-psn10ABBAa1, 9.618480, 12.000000, 231.73, 0.073, 228.343, 0.027, 210.595, 0.019, 206.559, 0.087, 261.956, 0.077, 242.998, 0.024, 215.753, 0.022, 262.971, 0.082, 267.172, 0.051, 242.42, 0.031, 194.133, 0.023, 240.564, 0.075, 
046-psn10ABBAb1, 10.297300, 12.000000, 233.455, 0.022, 263.939, 0.071, 261.915, 0.081, 146.067, 0.018, -205.747, 0.098, 249.461, 0.062, 254.07, 0.066, 212.916, 0.036, 244.748, 0.023, 254.471, 0.056, 270.799, 0.075, 229.278, 0.022, 
046-psn11ABABa1, 9.047650, 12.000000, 191.999, 0.058, 250.942, 0.018, 271.277, 0.047, 229.209, 0.02, 259.609, 0.04, 233.263, 0.017, 242.782, 0.072, 231.27, 0.023, 285.667, 0.067, 230.11, 0.018, 230.315, 0.07, 237.413, 0.035, 
046-psn11ABABb1, 8.743850, 12.000000, 302.804, 0.033, 258.467, 0.071, 207.482, 0.019, 204.762, 0.106, 265.794, 0.027, 267.808, 0.074, 225.366, 0.023, 183.145, 0.03, 259.57, 0.017, 232.251, 0.053, 224.68, 0.024, 247.866, 0.047, 
046-psn11ABBAa1, 9.102450, 12.000000, 186.824, 0.094, 247.145, 0.028, 240.18, 0.027, 282.1, 0.055, 273.413, 0.071, 264.219, 0.025, 240.53, 0.021, 257.211, 0.066, 269.123, 0.066, 220.028, 0.02, 253.103, 0.023, 237.998, 0.058, 
046-psn11ABBAb1, 7.691310, 7.000000, 178.252, 0.253, 312.012, 0.113, 179.189, 0.271, 231.314, 0.226, 210.358, 0.022, 235.513, 0.027, 231.568, 0.101, 
046-psn12ABABa1, 9.211720, 12.000000, 266.451, 0.088, 208.825, 0.018, 229.126, 0.076, 216.309, 0.021, 274.861, 0.074, 224.821, 0.036, 257.936, 0.08, 197.306, 0.04, 272.85, 0.074, 291.55, 0.022, 254.18, 0.071, 245.187, 0.024, 
046-psn12ABABb1, 9.552380, 12.000000, 225.239, 0.02, 244.515, 0.073, 225.296, 0.026, 245.825, 0.077, 253.528, 0.026, 230.875, 0.078, 251.425, 0.03, 254.909, 0.08, 262.066, 0.024, 257.518, 0.078, 231.75, 0.024, 250.55, 0.07, 
046-psn12ABBAa1, 9.492800, 12.000000, 254.467, 0.077, 159.909, 0.018, 211.816, 0.022, 248.521, 0.078, 260.014, 0.063, 240.733, 0.024, 254.481, 0.023, 248.959, 0.081, 258.878, 0.072, 215.034, 0.021, 207.02, 0.028, 189.9, 0.08, 
046-psn12ABBAb1, 9.863350, 12.000000, 203.52, 0.022, 260.009, 0.071, 224.298, 0.064, 210.313, 0.025, 243.343, 0.037, 239.483, 0.092, 246.333, 0.067, 288.835, 0.015, 175.754, 0.023, 257.675, 0.064, 260.898, 0.063, 255.846, 0.023, 
