040-pdm01ABABa1, 8.969370, 0.000119900826446, 225.02, 0.022, 237.008, 0.08, 221.92, 0.016, 242.729, 0.091, 227.98, 0.02, 249.025, 0.088, 228.944, 0.015, 268.639, 0.095, 251.972, 0.016, 260.623, 0.079, 236.149, 0.017, 217.526, 0.058,
040-pdm01ABABb1, 9.006210, 0.00102844628099, 189.704, 0.071, 157.307, 0.022, 231.369, 0.056, 175.854, 0.015, 243.766, 0.075, -136.191, 0.085, 256.962, 0.073, -189.56, 0.082, 235.373, 0.067, -123.407, 0.016, 220.457, 0.017, 152.26, 0.043,
040-pdm01ABBAa1, 9.126080, 0.00086626446281, 116.099, 0.098, 274.316, 0.081, 218.472, 0.07, 196.02, 0.014, 223.88, 0.016, 225.658, 0.05, 216.843, 0.064, 196.528, 0.015, 226.55, 0.015, 257.351, 0.057, 270.85, 0.074, 199.138, 0.018,
040-pdm01ABBAb1, 9.352240, 0.00102619834711, 240.065, 0.077, 211.142, 0.015, 187.551, 0.016, 283.153, 0.076, 248.584, 0.069, 161.328, 0.016, 190.053, 0.017, 259.19, 0.055, 268.264, 0.08, 192.498, 0.01, 229.879, 0.016, 259.906, 0.075,
040-pdm02ABABa1, 9.932450, 0.000477421487603, -167.733, 0.248, 242.641, 0.081, 203.014, 0.01, 235.718, 0.054, 216.16, 0.025, 260.25, 0.073, 187.404, 0.014, 260.916, 0.073, 216.419, 0.005, 293.803, 0.074, 210.822, 0.014, 228.463, 0.014,
040-pdm02ABABb1, 10.451200, 0.000712776859504, 225.58, 0.082, 216.971, 0.007, 279.101, 0.086, 247.467, 0.014, 261.841, 0.065, 241.345, 0.014, 279.946, 0.099, 216.24, 0.015, 298.3, 0.089, 239.827, 0.013, 301.584, 0.088, 258.351, 0.017,
040-pdm02ABBAa1, 10.524300, 0.000252561983471, 161.492, 0.014, 267.62, 0.101, 287.659, 0.091, 240.692, 0.019, 242.234, 0.015, 301.005, 0.087, 291.85, 0.077, 225.654, 0.015, 262.078, 0.014, 271.758, 0.062, 307.309, 0.084, 216.673, 0.01,
040-pdm02ABBAb1, 9.733730, 0.000895685950413, 330.266, 0.105, 236.913, 0.012, 256.62, 0.016, 275.897, 0.072, 263.661, 0.076, 247.912, 0.01, 234.665, 0.015, 286.065, 0.074, 275.827, 0.077, 238.298, 0.014, 262.43, 0.013, 292.498, 0.077,
040-pdm03ABABa1, 9.257500, 0.00179601652893, -224.897, 0.071, 236.775, 0.054, 169.15, 0.01, 216.417, 0.056, -223.401, 0.071, 241.302, 0.061, -248.324, 0.079, 228.616, 0.045, 229.269, 0.014, 245.428, 0.058, 210.909, 0.013, 244.788, 0.058,
040-pdm03ABABb1, 9.546210, 0.000874066115702, 217.137, 0.069, -203.253, 0.063, 210.945, 0.043, 187.392, 0.008, 260.673, 0.061, 195.067, 0.013, -237.856, 0.135, -193.412, 0.079, 267.08, 0.062, 244.768, 0.013, 258.838, 0.056, 148.629, 0.044,
040-pdm03ABBAa1, 9.352390, 0.00412781818182, 104.644, 0.005, 276.378, 0.046, 174.974, 0.042, 261.305, 0.016, -232.003, 0.079, 273.504, 0.054, 280.958, 0.07, 177.473, 0.014, 226.745, 0.018, 221.549, 0.04, 254.373, 0.041, 233.891, 0.009,
040-pdm03ABBAb1, 8.896440, 0.000666561983471, 312.331, 0.06, 243.938, 0.015, 266.945, 0.016, 255.051, 0.077, 239.493, 0.075, 248.024, 0.008, -209.949, 0.081, 265.045, 0.082, 263.313, 0.063, 168.549, 0.009, 212.523, 0.009, 258.005, 0.083,
040-pdm04ABABa1, 9.832450, 0.00101841322314, 210.013, 0.015, 240.514, 0.06, 256.6, 0.016, 236.139, 0.038, 235.322, 0.014, 225.872, 0.064, 234.549, 0.015, 220.3, 0.006, 163.077, 0.013, 164.388, 0.061, 199.578, 0.017, 249.384, 0.065,
040-pdm04ABABb1, 10.078200, 0.000366743801653, 181.9, 0.052, 184.357, 0.013, -216.972, 0.092, 199.686, 0.015, -217.383, 0.112, 231.2, 0.01, 222.785, 0.058, 220.631, 0.009, 269.213, 0.072, 231.264, 0.016, 221.141, 0.057, 195.635, 0.013,
040-pdm04ABBAa1, 9.859530, 0.000477421487603, 256.649, 0.017, -220.727, 0.128, 207.66, 0.058, 235.944, 0.017, 236.406, 0.016, 234.493, 0.058, 211.228, 0.067, 229.349, 0.017, 228.393, 0.016, 226.147, 0.054, 242.789, 0.038, 214.199, 0.019,
040-pdm04ABBAb1, 10.000700, 0.000232148760331, 220.04, 0.067, 182.904, 0.009, 184.967, 0.016, 188.067, 0.055, 241.187, 0.078, 173.027, 0.02, 217.959, 0.017, 229.047, 0.064, 218.844, 0.056, 205.523, 0.052, 189.703, 0.014, -171.998, 0.079,
040-pdm05ABABa1, 9.231710, 0.000336975206612, 213.554, 0.019, 202.381, 0.056, 193.957, 0.015, 211.5, 0.061, 223.703, 0.016, 248.619, 0.042, 218.018, 0.016, 228.438, 0.052, 240.93, 0.022, 221.437, 0.052, 197.256, 0.013, 279.708, 0.062,
040-pdm05ABABb1, 9.031070, 0.000164776859504, 206.568, 0.058, -159.943, 0.095, 182.454, 0.061, 190.785, 0.022, 191.461, 0.068, 180.273, 0.027, 224.807, 0.058, 218.219, 0.017, 212.446, 0.049, 206.713, 0.017, 217.989, 0.042, 197.372, 0.016,
040-pdm05ABBAa1, 9.187630, 0.00019732231405, 213.644, 0.02, 216.115, 0.056, 233.306, 0.062, 182.064, 0.022, 196.976, 0.016, 221.245, 0.071, 229.822, 0.055, 201.731, 0.019, 209.305, 0.022, 224.027, 0.07, 202.825, 0.09, 177.435, 0.015,
040-pdm05ABBAb1, 8.156950, 0.00432619834711, 283.507, 0.362, 177.947, 0.016, 214.253, 0.012, 216.297, 0.047, 246.216, 0.051, 205, 0.011, 203.004, 0.018, 226.589, 0.072, 237.639, 0.059, 196.09, 0.014, -126.338, 0.09, 233.473, 0.069,
040-pdm06ABABa1, 9.167340, 0.000217884297521, 238.202, 0.016, 212.807, 0.063, 214.133, 0.026, 198.135, 0.064, 228.904, 0.024, 173.639, 0.06, 237.816, 0.019, 189.581, 0.054, 234.562, 0.024, 211.974, 0.065, 239.116, 0.017, 219.507, 0.065,
040-pdm06ABABb1, 9.238330, 0.000523520661157, 229.708, 0.074, 217.133, 0.021, 186.768, 0.06, 210.072, 0.017, 219.488, 0.065, 179.019, 0.02, 227.869, 0.055, 226.403, 0.013, 220.572, 0.051, 235.61, 0.022, 217.952, 0.051, 206.994, 0.021,
040-pdm06ABBAa1, 9.122270, 0.00041105785124, 269.784, 0.018, 205.865, 0.05, 235.439, 0.058, 222.488, 0.023, 245.433, 0.018, 238.032, 0.056, 184.987, 0.06, 230.93, 0.019, 207.503, 0.03, 253.43, 0.073, 238.275, 0.064, 194.934, 0.023,
040-pdm06ABBAb1, 8.877830, 0.000335603305785, 283.38, 0.085, 198.383, 0.017, 238.608, 0.017, 254.307, 0.065, 256.271, 0.069, 249.148, 0.014, 190.89, 0.015, 213.03, 0.063, 248.501, 0.062, 225.928, 0.016, 234.087, 0.02, 244.868, 0.068,
040-pdm07ABABa1, 8.988520, 0.000482958677686, 285.869, 0.021, 215.348, 0.074, 261.75, 0.017, 242.186, 0.046, 272.438, 0.013, 229.094, 0.045, 248.206, 0.017, 281.946, 0.049, 253.038, 0.019, 203.123, 0.056, 232.592, 0.017, 301.199, 0.054,
040-pdm07ABABb1, 9.200300, 0.000331504132231, 205.412, 0.105, 253.711, 0.014, 244.315, 0.042, 236.571, 0.019, 252.126, 0.063, 213.446, 0.013, 231.258, 0.011, 233.338, 0.039, 238.793, 0.1, 213.434, 0.015, -270.382, 0.102, 244.146, 0.017,
040-pdm07ABBAa1, 8.854780, 0.00116327272727, -169.542, 0.006, 221.861, 0.05, 282.86, 0.06, 248.378, 0.017, 239.497, 0.015, 230.706, 0.05, 251.322, 0.062, 237.316, 0.014, 244.447, 0.015, 216.808, 0.037, 262.267, 0.07, 246.66, 0.015,
040-pdm07ABBAb1, 8.751450, 0.000596330578512, 233.29, 0.069, 264.3, 0.015, 200.362, 0.019, 283.531, 0.062, -254.429, 0.113, 202.289, 0.017, 222.763, 0.016, 301.576, 0.074, 240.973, 0.051, 236.94, 0.015, 243.161, 0.02, 230.978, 0.064,
040-pdm08ABABa1, 8.523100, 0.000446975206612, 221.573, 0.03, 214.61, 0.079, 195.193, 0.027, 232.588, 0.077, 169.362, 0.021, 205.212, 0.078, 179.735, 0.021, 217.181, 0.095, 190.15, 0.025, 199.734, 0.074, 169.368, 0.025, 208.943, 0.071,
040-pdm08ABABb1, 8.390660, 0.000254446280992, 226.163, 0.098, 174.883, 0.028, 246.026, 0.071, 210.051, 0.025, 235.668, 0.077, 189.35, 0.019, 218.733, 0.071, 207.108, 0.021, 234.579, 0.063, 179.074, 0.018, 219.1, 0.094, 232.581, 0.024,
040-pdm08ABBAa1, 8.770900, 0.00015041322314, 198.504, 0.025, 266.224, 0.079, 246.081, 0.073, 205.435, 0.019, 237.319, 0.02, 244.038, 0.09, 275.096, 0.082, 179.186, 0.03, 237.026, 0.026, 253.662, 0.065, 236.19, 0.067, 217.856, 0.022,
040-pdm08ABBAb1, 8.471210, 0.000584198347107, 242.204, 0.076, 192.804, 0.029, -128.525, 0.088, 264.752, 0.082, 252.806, 0.077, 189.005, 0.027, 198.243, 0.026, 241.203, 0.101, 233.359, 0.072, 197.089, 0.02, -128.692, 0.014, 254.635, 0.086,
040-pdm09ABABa1, 9.223960, 0.000698363636364, -182.306, 0.129, 223.179, 0.063, 245.17, 0.019, 215.106, 0.07, 193.251, 0.02, 238.519, 0.058, 221.182, 0.017, 217.033, 0.064, -207.138, 0.078, 218.637, 0.057, 213.566, 0.016, 238.481, 0.061,
040-pdm09ABABb1, 9.331080, 0.000315090909091, 257.074, 0.088, 243.624, 0.018, 215.056, 0.061, 236.558, 0.017, 254.786, 0.048, 247.484, 0.018, 248.119, 0.049, 227.312, 0.02, 230.513, 0.047, 231.909, 0.021, 242.032, 0.064, 231.552, 0.02,
040-pdm09ABBAa1, 9.705010, 0.000283966942149, 200.904, 0.018, 232.479, 0.044, 232.264, 0.066, 220.611, 0.019, 232.154, 0.017, 247.251, 0.059, 244.483, 0.061, 200.844, 0.024, 238.188, 0.028, 217.509, 0.063, 217.145, 0.061, 206.551, 0.025,
040-pdm09ABBAb1, 9.230590, 0.000185900826446, 282.128, 0.083, 200.583, 0.021, 225.364, 0.022, 228.481, 0.083, 250.715, 0.054, 224.915, 0.016, 223.622, 0.016, 243.64, 0.062, 252.608, 0.054, 217.507, 0.016, 202.927, 0.021, 259.257, 0.072,
040-pdm10ABABa1, 8.833700, 0.000436363636364, -119.352, 0.096, 209.554, 0.071, -123.319, 0.095, 215.486, 0.084, -131.772, 0.087, 234.399, 0.075, -122.787, 0.087, 230.469, 0.088, 167.975, 0.03, 198.187, 0.075, 160.883, 0.02, 224.687, 0.079,
040-pdm10ABABb1, 9.174300, 0.000270082644628, 229.07, 0.071, -152.629, 0.086, 198.826, 0.07, 207.485, 0.023, 228.953, 0.078, -131.692, 0.092, 216.999, 0.086, 183.273, 0.035, 272.918, 0.087, 208.472, 0.028, 201.656, 0.048, 226.687, 0.104,
040-pdm10ABBAa1, 9.280680, 0.000247140495868, 207.262, 0.026, 224.791, 0.091, 223.025, 0.075, 201.092, 0.028, 212.92, 0.028, 212.597, 0.066, 245.932, 0.07, 196.025, 0.026, 219.757, 0.034, 249.933, 0.077, 244.63, 0.082, 227.191, 0.023,
040-pdm10ABBAb1, 9.126970, 0.000193900826446, 269.692, 0.093, 176.495, 0.021, -119.127, 0.024, 237.093, 0.092, 245.067, 0.07, 198.33, 0.019, -136.034, 0.088, 246.042, 0.095, 242.536, 0.069, 192.493, 0.036, -135.707, 0.087, 253.459, 0.091,
040-pdm11ABABa1, 8.688520, 0.000338545454545, 266.738, 0.028, 186.727, 0.093, -189.7, 0.097, 262.974, 0.086, 215.848, 0.027, 263.029, 0.085, 234.869, 0.02, 286.242, 0.057, 258.483, 0.026, 249.225, 0.075, 202.978, 0.021, 231.568, 0.069,
040-pdm11ABABb1, 8.692700, 0.000781421487603, 292.272, 0.097, 219.686, 0.024, 261.823, 0.074, 208.238, 0.02, 284.713, 0.06, 229.781, 0.023, 281.594, 0.079, 207.084, 0.026, 255.614, 0.069, 209.656, 0.031, 248.043, 0.074, 223.826, 0.022,
040-pdm11ABBAa1, 8.346640, 0.000322561983471, 275.751, 0.015, 273.872, 0.051, 177.632, 0.079, 218.607, 0.022, 213.245, 0.021, 260.748, 0.073, 277.613, 0.069, 207.329, 0.022, 236.091, 0.016, 265.714, 0.06, 292.829, 0.049, 245.474, 0.021,
040-pdm11ABBAb1, 8.600340, 0.000676181818182, 267.829, 0.08, 186.069, 0.028, 205.462, 0.029, 288.106, 0.081, 236.461, 0.063, 195.166, 0.008, 226.074, 0.02, 201.923, 0.095, 289.219, 0.075, 217.043, 0.017, 199.071, 0.026, 253.654, 0.078,
040-pdm12ABABa1, 8.825770, 0.00028879338843, 216.262, 0.02, 207.097, 0.064, 146.418, 0.029, 218.759, 0.096, 218.135, 0.025, 202.548, 0.06, -151.987, 0.096, 219.332, 0.065, 152.716, 0.025, 245.322, 0.07, 175.42, 0.018, 229.952, 0.075,
040-pdm12ABABb1, 8.490220, 0.00028441322314, 222.871, 0.095, -160.165, 0.089, 148.457, 0.055, -132.799, 0.087, 207.099, 0.082, -109.648, 0.015, 198.489, 0.074, 203.503, 0.027, 233.276, 0.066, 167.266, 0.019, 210.938, 0.068, 180.979, 0.02,
040-pdm12ABBAa1, 9.488460, 0.000490694214876, 153.946, 0.022, 249.713, 0.078, 229.434, 0.068, 148.363, 0.032, 186.302, 0.031, 246.927, 0.093, 251.993, 0.074, -141.979, 0.083, 214.329, 0.028, 236.473, 0.081, 215.442, 0.054, 150.459, 0.027,
040-pdm12ABBAb1, 9.199150, 0.00017905785124, 207.009, 0.059, -139.436, 0.086, 171.967, 0.021, 240.149, 0.064, 243.643, 0.071, 164.592, 0.026, 180.033, 0.03, 220.905, 0.083, 222.383, 0.051, 173.329, 0.031, -136.124, 0.061, 257.79, 0.072,
040-pdn01ABABa1, 8.815200, 0.000973140495868, 193.985, 0.015, -209.014, 0.115, 189.016, 0.018, 213.201, 0.04, 195.168, 0.008, 177.468, 0.038, 169.136, 0.014, 227.394, 0.061, -215.15, 0.085, 174.868, 0.034, -157.684, 0.081, 173.696, 0.092,
040-pdn01ABABb1, 8.600510, 0.000713421487603, 214.512, 0.049, -146.949, 0.069, 169.278, 0.027, 181.427, 0.009, 224.412, 0.034, 170.918, 0.015, 195.432, 0.066, 172.538, 0.016, -192.99, 0.128, -138.062, 0.074, 179.894, 0.026, 180.007, 0.01,
040-pdn01ABBAa1, 8.495180, 0.000489884297521, 147.32, 0.016, -196.87, 0.086, -185.159, 0.092, 152.515, 0.019, 168.177, 0.011, -206.386, 0.098, 174.625, 0.034, 188.885, 0.016, 184.934, 0.017, 180.757, 0.045, -139.441, 0.097, -167.844, 0.079,
040-pdn01ABBAb1, 8.821600, 0.000281504132231, 237.496, 0.064, 148.995, 0.015, 145.467, 0.014, 252.54, 0.091, 245.037, 0.073, 182.325, 0.015, -134.794, 0.073, 249.741, 0.083, 242.74, 0.071, 194.522, 0.01, 174.152, 0.01, 245.454, 0.058,
040-pdn02ABABa1, 9.171650, 0.00051641322314, 165.051, 0.015, 228.231, 0.084, 163.69, 0.008, 261.808, 0.082, -211.593, 0.085, 256.666, 0.074, -174.389, 0.079, 255.91, 0.084, -212.513, 0.092, 203.4, 0.063, -167.775, 0.077, 232.218, 0.073,
040-pdn02ABABb1, 9.066540, 0.000187173553719, 246.032, 0.072, -135.343, 0.078, 217.344, 0.098, 177.841, 0.011, 227.434, 0.084, 170.991, 0.016, 265.824, 0.081, 198.517, 0.016, 304.16, 0.088, -188.085, 0.082, 229.859, 0.08, 156.874, 0.009,
040-pdn02ABBAa1, 1.857520, 0.00572168595041, 180.596, 0.101, 170.244, 0.188, 181.634, 0.356, 153.643, 0.116, 155.65, 0.24, -192.744, 0.017, 144.948, 0.149, 132.988, 0.13, 160.688, 0.299, 178.051, 0.259, 181.435, 0.104, 159.35, 0.013,
040-pdn02ABBAb1, 9.284520, 0.000694628099174, 201.919, 0.052, 193.615, 0.014, 195.531, 0.012, 199.311, 0.074, 254.549, 0.066, 169.837, 0.02, 182.008, 0.021, 202.099, 0.048, 238.774, 0.063, 172.339, 0.015, 200.042, 0.016, 185.994, 0.035,
040-pdn03ABABa1, 8.702180, 0.000898512396694, 184.542, 0.015, 216.318, 0.116, 207.084, 0.012, 230.097, 0.059, -196.532, 0.076, 241.378, 0.068, 236.157, 0.015, 247.857, 0.061, -223.329, 0.085, 223.328, 0.047, -210.766, 0.074, 244.117, 0.069,
040-pdn03ABABb1, 8.791220, 0.000610049586777, 219.581, 0.083, 138.079, 0.014, 190.653, 0.074, 204.965, 0.009, 201.926, 0.073, 146.416, 0.009, 208.76, 0.085, 215.1, 0.009, 211.339, 0.038, 189.833, 0.021, 199.589, 0.039, 171.557, 0.01,
040-pdn03ABBAa1, 9.142350, 0.000256082644628, 190.689, 0.008, 262.069, 0.078, -225.589, 0.095, 227.209, 0.015, 242.352, 0.019, -242.978, 0.101, 260.509, 0.083, 242.709, 0.008, 266.024, 0.009, 255.282, 0.124, 217.326, 0.085, 240.542, 0.005,
040-pdn03ABBAb1, 9.051390, 0.000586016528926, 214.868, 0.048, -203.277, 0.081, -188.662, 0.074, 227.94, 0.067, 213.195, 0.05, 191.905, 0.009, -202.494, 0.083, 175.057, 0.093, -241.278, 0.096, 216.453, 0.015, -200.866, 0.078, 245.632, 0.07,
040-pdn04ABABa1, 8.821560, 0.000502975206612, 211.367, 0.014, 228.072, 0.056, 233.301, 0.014, 237.708, 0.032, 226.283, 0.014, -242.445, 0.105, 242.743, 0.01, 266.587, 0.073, 268.882, 0.015, 230.04, 0.066, 231.098, 0.015, -248.996, 0.114,
040-pdn04ABABb1, 9.036370, 0.000484743801653, -221.198, 0.123, 213.634, 0.011, 211.968, 0.059, 226.617, 0.015, 255.66, 0.07, 229.572, 0.013, 216.203, 0.064, 216.522, 0.023, 261.335, 0.076, 240.502, 0.025, 235.626, 0.091, 275.343, 0.017,
040-pdn04ABBAa1, 9.050140, 0.00109697520661, 182.574, 0.013, 259.234, 0.052, 273.793, 0.068, 215.575, 0.015, 220.595, 0.015, 258.377, 0.057, 264.791, 0.054, 261.682, 0.015, 224.107, 0.015, 225.384, 0.054, 259.463, 0.046, 222.332, 0.015,
040-pdn04ABBAb1, 9.077200, 0.000552595041322, 165.617, 0.005, 207.885, 0.008, 246.65, 0.012, 274.851, 0.061, 230.338, 0.048, 228.976, 0.014, 260.156, 0.015, 225.365, 0.06, 236.732, 0.049, 246.275, 0.009, 206.207, 0.014, 272.88, 0.074,
040-pdn05ABABa1, 9.635120, 0.000118231404959, 220.492, 0.017, 169.818, 0.061, 235.006, 0.016, 198.224, 0.08, 208.544, 0.017, 198.509, 0.058, 225.955, 0.022, 209.793, 0.086, 233.439, 0.018, 200.906, 0.075, 208.773, 0.018, 224.471, 0.074,
040-pdn05ABABb1, 9.481370, 0.000590049586777, 227.164, 0.077, 236.495, 0.016, 205.6, 0.096, 220.527, 0.017, 196.698, 0.083, 225.873, 0.017, 215.259, 0.058, 196.225, 0.02, 234.753, 0.056, 182.656, 0.089, 201.794, 0.016, 152.706, 0.079,
040-pdn05ABBAa1, 9.836300, 0.000155272727273, 214.867, 0.014, 215.374, 0.058, 203.443, 0.066, 229.85, 0.019, 220.118, 0.022, 201.998, 0.073, 205.988, 0.079, 216.064, 0.015, 214.311, 0.02, 228.293, 0.066, 184.467, 0.072, 227.474, 0.016,
040-pdn05ABBAb1, 9.958410, 0.000222148760331, 261.621, 0.068, 220.902, 0.017, 208.521, 0.019, 264.373, 0.098, 212.883, 0.069, 207.038, 0.016, 193.583, 0.02, 227.13, 0.075, 218.282, 0.058, 237.625, 0.018, 221.542, 0.018, 262.266, 0.063,
040-pdn06ABABa1, 8.631160, 0.000983537190083, 206.307, 0.02, 227.488, 0.069, 235.134, 0.02, 266.309, 0.058, 228.403, 0.035, 238.577, 0.067, 200.211, 0.026, 246.796, 0.059, 263.913, 0.028, 230.553, 0.064, 236.846, 0.049, 287.061, 0.08,
040-pdn06ABABb1, 8.348460, 0.000841239669421, 234.91, 0.066, 226.915, 0.018, 252.553, 0.058, 243.876, 0.024, 263.24, 0.051, 242.153, 0.019, 275.934, 0.047, 277.242, 0.017, 279.034, 0.046, 263.512, 0.063, 282.492, 0.037, 231.798, 0.018,
040-pdn06ABBAa1, 9.147360, 0.000580925619835, 223.517, 0.02, 237.039, 0.054, 264.441, 0.051, 281.063, 0.021, 263.713, 0.016, 273.682, 0.053, 269.182, 0.05, 280.82, 0.02, 206.289, 0.026, 294.516, 0.047, 274.8, 0.05, 247.497, 0.012,
040-pdn06ABBAb1, 8.822270, 0.000685867768595, 245.48, 0.083, 282.916, 0.02, 260.973, 0.021, 208.41, 0.086, 297.827, 0.107, 284.117, 0.018, 219.203, 0.015, 250.769, 0.081, 275.969, 0.059, 229.397, 0.016, 217.73, 0.017, 295.808, 0.072,
040-pdn07ABABa1, 8.146320, 0.000671900826446, 200.693, 0.018, 160.438, 0.006, 170.167, 0.019, 243.042, 0.049, 149.555, 0.016, -197.867, 0.125, 191.798, 0.022, 233.442, 0.064, 208.783, 0.017, -168.314, 0.124, 184.729, 0.015, 218.807, 0.051,
040-pdn07ABABb1, 8.158100, 0.00063241322314, 205.757, 0.115, 177.062, 0.017, -175.469, 0.107, 155.455, 0.015, 209.776, 0.094, 176.54, 0.019, 192.869, 0.022, 171.896, 0.018, 219.209, 0.053, 168.688, 0.015, 192.884, 0.035, 219.159, 0.014,
040-pdn07ABBAa1, 7.565490, 0.00021947107438, 173.019, 0.018, 178.043, 0.047, 219.743, 0.057, 200.875, 0.015, 231.574, 0.018, 249.585, 0.081, 237.504, 0.078, 194.658, 0.017, 201.604, 0.018, 213.916, 0.069, 199.776, 0.04, 196.83, 0.012,
040-pdn07ABBAb1, 8.231510, 0.000222181818182, 220.447, 0.074, -146.842, 0.082, 149.067, 0.022, 246.437, 0.072, 216.386, 0.036, 168.916, 0.016, -152.574, 0.078, 238.614, 0.071, 222.251, 0.056, 163.156, 0.018, -127.463, 0.076, 241.709, 0.052,
040-pdn08ABABa1, 9.553520, 0.000300247933884, 211.863, 0.036, 263.183, 0.11, 264.206, 0.025, 277.695, 0.076, 250.6, 0.03, 274.211, 0.104, 227.14, 0.02, 256.702, 0.095, 224.873, 0.025, 275.46, 0.087, 254.991, 0.027, 264.016, 0.087,
040-pdn08ABABb1, 9.856490, 0.000234743801653, 249.049, 0.083, 230.901, 0.026, 252.501, 0.085, 276.698, 0.029, 286.198, 0.051, 227.904, 0.025, 236.896, 0.072, 243.659, 0.033, 260.715, 0.063, 233.625, 0.022, 262.573, 0.084, 194.231, 0.015,
040-pdn08ABBAa1, 9.460250, 0.000498628099174, 238.749, 0.026, 274.275, 0.071, 253.529, 0.098, 259.858, 0.024, 247.046, 0.025, 256.408, 0.066, 284.609, 0.09, 235.238, 0.023, 259.496, 0.026, 268.046, 0.071, 256.609, 0.032, 258.282, 0.026,
040-pdn08ABBAb1, 9.872800, 0.000292975206612, 249.298, 0.084, 257.762, 0.029, 245.984, 0.027, 303.713, 0.112, 270.85, 0.1, 228.793, 0.023, 277.707, 0.026, 263.598, 0.095, 251.14, 0.084, 250.213, 0.028, 246.222, 0.027, 324.409, 0.116,
040-pdn09ABABa1, 9.524020, 0.000371537190083, 223.895, 0.016, 176.365, 0.108, 205.831, 0.023, 226.242, 0.07, 235.314, 0.021, 206.826, 0.068, 179.353, 0.024, 216.691, 0.073, 222.174, 0.023, 225.866, 0.068, 204.388, 0.014, 228.441, 0.071,
040-pdn09ABABb1, 9.645040, 0.000237173553719, 231.568, 0.069, 212.11, 0.019, 207.518, 0.053, 213.116, 0.013, 223.18, 0.057, 228.443, 0.018, 215.09, 0.046, 177.141, 0.015, 210.731, 0.044, 208.132, 0.025, 229.954, 0.058, 200.511, 0.016,
040-pdn09ABBAa1, 9.695360, 0.000136958677686, 176.369, 0.029, 215.071, 0.044, 238.804, 0.047, 227.785, 0.018, 224.428, 0.016, 221.639, 0.068, 203.308, 0.06, 227.048, 0.018, 196, 0.016, 241.197, 0.053, 235.049, 0.057, 209.933, 0.014,
040-pdn09ABBAb1, 9.565480, 0.000221900826446, 201.069, 0.054, 204.771, 0.025, 184.711, 0.023, 222.182, 0.08, 237.118, 0.061, 230.912, 0.016, 210.921, 0.017, 233.964, 0.073, 196.197, 0.057, 245.276, 0.016, 200.625, 0.021, 246.837, 0.071,
040-pdn10ABABa1, 10.149900, 0.000141520661157, 208.202, 0.026, 228.752, 0.093, 213.459, 0.036, 284.265, 0.118, 227.007, 0.026, 233.534, 0.092, 219.789, 0.039, 222.013, 0.032, 220.653, 0.022, 246.18, 0.095, 231.435, 0.033, 228.229, 0.104,
040-pdn10ABABb1, 9.827300, 0.000327173553719, 290.239, 0.095, 200.097, 0.032, 274.267, 0.111, 199.678, 0.029, 240.211, 0.092, 205.797, 0.024, 271.551, 0.111, 196.215, 0.007, 252.583, 0.086, 188.908, 0.029, 271.012, 0.107, 215.958, 0.03,
040-pdn10ABBAa1, 10.298300, 0.000299702479339, 233.876, 0.037, 222.033, 0.089, 229.714, 0.086, 210.669, 0.023, 216.853, 0.03, 225.218, 0.074, 249.785, 0.074, 215.342, 0.018, 226.579, 0.029, 207.315, 0.091, 217.718, 0.083, 180.264, 0.029,
040-pdn10ABBAb1, 9.998580, 0.000474082644628, 253.036, 0.082, 242.087, 0.027, 233.766, 0.042, 270.987, 0.093, 239.404, 0.092, 244.789, 0.032, 269.675, 0.03, 259.554, 0.085, 273.59, 0.087, 245.073, 0.043, 232.532, 0.045, 283.779, 0.097,
040-pdn11ABABa1, 9.929750, 0.000378876033058, 251.074, 0.027, 239.691, 0.087, 199.932, 0.032, 244.488, 0.074, 236.293, 0.029, 244.819, 0.083, 181.139, 0.028, 245.493, 0.096, 233.677, 0.032, 229.19, 0.094, 193.571, 0.039, 246.546, 0.057,
040-pdn11ABABb1, 5.047610, 0.17580153719, 194.743, 0.005, 130.883, 0.097, 107.873, 0.027, 119.235, 0.005, 146.742, 0.037, 142.188, 0.032, 119.332, 0.024, 142.273, 0.118, 167.672, 0.08, 136.255, 0.064, 131.984, 0.005, 139.108, 0.016,
040-pdn11ABBAa1, 10.258200, 0.000198049586777, 245.95, 0.032, 237.856, 0.072, 244.66, 0.065, 245.613, 0.02, 265.29, 0.026, 228.834, 0.074, 248.788, 0.068, 222.358, 0.029, 233.661, 0.019, 250.449, 0.084, 222.415, 0.068, 199.492, 0.028,
040-pdn11ABBAb1, 10.033600, 0.000196082644628, 259.019, 0.107, 216.905, 0.021, 197.022, 0.022, 265.525, 0.092, 222.029, 0.06, 203.675, 0.026, 241.221, 0.021, 231.921, 0.074, 242.901, 0.086, 182.769, 0.034, 195.042, 0.035, 268.55, 0.078,
040-pdn12ABABa1, 9.885230, 0.00053905785124, 216.554, 0.017, 251.684, 0.075, 207.305, 0.024, 250.49, 0.07, 201.865, 0.025, 239.602, 0.063, 148.823, 0.023, 225.237, 0.066, 184.742, 0.027, 190.179, 0.051, 176.666, 0.029, 285.697, 0.07,
040-pdn12ABABb1, 9.584260, 0.000364231404959, 253.002, 0.099, 210.236, 0.026, 254.747, 0.078, 185.523, 0.027, 215.649, 0.072, 199.777, 0.034, 223.857, 0.081, 148.558, 0.025, 224.133, 0.079, 179.082, 0.023, 212.475, 0.099, 177.23, 0.036,
040-pdn12ABBAa1, 9.635890, 0.000338082644628, 199.776, 0.02, 222.087, 0.069, 239.909, 0.086, 188.476, 0.009, 234.01, 0.019, 213.987, 0.08, 215.6, 0.068, 236.181, 0.02, 184.782, 0.021, 230.195, 0.051, 226.453, 0.086, 190.077, 0.038,
040-pdn12ABBAb1, 9.867280, 0.00011105785124, 227.882, 0.084, 200.275, 0.005, 227.901, 0.024, 236.366, 0.053, 242.078, 0.061, -168.2, 0.02, 198.324, 0.027, 219.868, 0.062, 210.763, 0.05, 186.355, 0.025, 203.479, 0.024, 233.685, 0.06,
040-psm01ABABa1, 9.899150, 0.000597900826446, 224.265, 0.069, 232.341, 0.013, 272.775, 0.052, 236.662, 0.014, 277.221, 0.053, 232.969, 0.013, 266.322, 0.061, 216.749, 0.015, 248.142, 0.046, 270.482, 0.014, 277.426, 0.069, 229.41, 0.015,
040-psm01ABABb1, 9.792970, 0.000443157024793, 192.937, 0.014, 240.817, 0.055, -236.258, 0.075, 266.491, 0.055, 233.301, 0.016, 236.953, 0.048, -233.977, 0.078, 289.735, 0.08, -219.257, 0.085, 275.633, 0.068, 252.422, 0.009, 270.915, 0.05,
040-psm01ABBAa1, 8.671200, 0.00146404958678, 291.985, 0.187, 196.42, 0.005, 181.289, 0.007, 253.342, 0.054, 296.503, 0.09, 223.782, 0.012, 243.12, 0.013, 253.799, 0.037, 281.766, 0.059, 237.545, 0.014, 274.075, 0.013, 257.521, 0.046,
040-psm01ABBAb1, 9.875100, 0.000365884297521, 193.395, 0.016, 254.899, 0.021, 294.118, 0.063, 241.837, 0.016, 241.775, 0.016, 280.044, 0.048, 305.876, 0.067, 224.9, 0.014, 244.217, 0.015, 266.272, 0.06, 269.788, 0.051, 205.499, 0.009,
040-psm02ABABa1, 8.359360, 0.000307884297521, 276.021, 0.085, 239.473, 0.014, 245.711, 0.077, -212.61, 0.087, 192.04, 0.08, 227.708, 0.013, 253.633, 0.068, -214.397, 0.074, 275.801, 0.07, 250.043, 0.012, 224.595, 0.081, -230.355, 0.081,
040-psm02ABABb1, 8.120310, 0.00020147107438, 219.991, 0.014, 142.348, 0.064, 244.232, 0.012, 214.776, 0.062, -234.762, 0.072, 256.751, 0.073, 245.745, 0.015, 283.484, 0.075, -236.74, 0.085, 267.804, 0.068, -241.731, 0.08, 183.794, 0.086,
040-psm02ABBAa1, 8.690110, 0.000293966942149, 122.963, 0.09, 247.581, 0.015, 227.553, 0.014, 262.029, 0.053, 274.227, 0.058, 240.105, 0.015, 234.05, 0.009, 263.071, 0.066, 261.099, 0.069, 243.321, 0.009, 216.061, 0.017, 265.737, 0.057,
040-psm02ABBAb1, 8.669310, 0.000210595041322, 184.449, 0.015, 250.879, 0.056, 264.974, 0.063, 226.808, 0.015, 236.882, 0.015, 251.871, 0.048, 260.063, 0.046, 232.152, 0.016, -218.663, 0.082, 271.538, 0.073, 254.66, 0.048, -207.667, 0.078,
040-psm03ABABa1, 9.623540, 0.000423107438017, 258.324, 0.065, 202.641, 0.008, 238.601, 0.082, 216.919, 0.008, 236.829, 0.061, 203.191, 0.014, 265.538, 0.08, 192.312, 0.012, 261.068, 0.079, 192.092, 0.018, 255.401, 0.076, 232.788, 0.01,
040-psm03ABABb1, 9.006140, 0.000507818181818, 179.952, 0.056, 274.742, 0.087, 201.297, 0.014, 277.525, 0.075, 159.41, 0.015, 267.582, 0.09, 216.718, 0.014, 236.447, 0.078, 204.021, 0.017, 226.059, 0.089, 249.294, 0.018, 189.672, 0.019,
040-psm03ABBAa1, 9.706370, 0.000610016528926, 214.431, 0.065, 243.967, 0.021, 168.47, 0.036, 231.872, 0.053, 210.084, 0.044, 176.939, 0.021, 152.82, 0.018, 267.447, 0.062, 253.816, 0.06, 213.042, 0.015, 192.272, 0.022, 279.744, 0.086,
040-psm03ABBAb1, 9.761320, 0.00123019834711, 166.005, 0.017, 262.531, 0.067, 242.826, 0.081, 149.754, 0.017, 212.252, 0.015, 177.999, 0.061, 224.608, 0.066, 196.089, 0.015, 186.29, 0.015, 232.115, 0.077, 286.01, 0.106, 168.397, 0.016,
040-psm04ABABa1, 9.063490, 0.000183157024793, 228.532, 0.07, 205.859, 0.015, 224.185, 0.071, 235.611, 0.015, 237.778, 0.077, 262.558, 0.014, 276.792, 0.068, 241.609, 0.008, 233.844, 0.065, 209.869, 0.015, 249.653, 0.06, 226.49, 0.007,
040-psm04ABABb1, 9.225880, 0.00018479338843, 194.134, 0.019, 202.878, 0.067, 183.765, 0.008, 226.139, 0.064, 224.601, 0.009, 216.776, 0.059, 179.834, 0.006, 267.598, 0.055, 185.099, 0.015, 217.015, 0.061, 184.638, 0.013, 257.928, 0.048,
040-psm04ABBAa1, 9.312340, 0.00031947107438, 213.65, 0.076, 209.367, 0.016, 198.173, 0.015, 273.563, 0.075, 221.146, 0.066, 181.858, 0.014, 177.03, 0.015, 189.442, 0.103, 177.366, 0.026, 195.788, 0.008, 203.957, 0.015, 276.774, 0.076,
040-psm04ABBAb1, 9.150060, 0.000175652892562, 160.69, 0.014, 234.053, 0.058, 219.083, 0.066, 223.954, 0.008, 206.834, 0.01, 207.29, 0.059, 231.974, 0.073, 208.894, 0.016, -192.568, 0.059, 231.726, 0.037, 233.574, 0.052, 255.128, 0.055,
040-psm05ABABa1, 9.188900, 0.000260446280992, 171.76, 0.057, 197.292, 0.016, 233.301, 0.054, 232.28, 0.014, 269.778, 0.039, 180.168, 0.026, 223.296, 0.047, -186.334, 0.083, 245.969, 0.063, 195.247, 0.024, 242.259, 0.04, 177.519, 0.016,
040-psm05ABABb1, 9.254120, 0.000189966942149, 218.302, 0.015, 200.743, 0.05, 227.675, 0.019, 254.153, 0.083, 244.778, 0.017, 218.746, 0.051, 185.656, 0.02, 249.606, 0.079, 223.582, 0.018, 230.486, 0.065, 199.36, 0.019, 234.445, 0.067,
040-psm05ABBAa1, 9.244720, 0.000233520661157, 267.634, 0.088, 222.25, 0.014, 231.388, 0.021, 204.71, 0.057, 258.705, 0.047, 190.897, 0.019, 221.337, 0.022, 246.549, 0.087, 238.45, 0.066, 202.878, 0.019, 222.567, 0.019, 253.554, 0.075,
040-psm05ABBAb1, 9.177190, 0.000101702479339, 235.328, 0.017, 230.554, 0.044, 222.483, 0.047, 216.757, 0.021, 177.885, 0.021, 251.725, 0.041, 226.011, 0.032, 204.579, 0.027, 245.075, 0.015, 245.832, 0.062, 204.247, 0.053, 227.388, 0.022,
040-psm06ABABa1, 8.914190, 0.000600628099174, 305.977, 0.108, 232.013, 0.016, 234.17, 0.049, 235.188, 0.012, 241.107, 0.058, 214.712, 0.02, 237.38, 0.066, 233.909, 0.025, 232.737, 0.057, 235.471, 0.021, 243.839, 0.06, 202.823, 0.021,
040-psm06ABABb1, 9.471510, 0.00016105785124, 188.997, 0.022, 193.932, 0.06, 255.6, 0.018, 206.766, 0.057, 254.425, 0.021, 211.296, 0.055, 209.013, 0.017, 209.078, 0.058, 210.475, 0.024, 225.428, 0.051, 230.353, 0.024, 243.168, 0.051,
040-psm06ABBAa1, 9.179810, 0.000467239669421, 258.899, 0.093, 217.055, 0.022, 183.01, 0.017, 218.298, 0.015, 198.554, 0.019, 245.232, 0.017, 235.171, 0.025, 240.218, 0.11, 240.857, 0.058, 233.292, 0.018, 200.356, 0.019, 240.287, 0.06,
040-psm06ABBAb1, 8.615570, 0.000201719008264, 224.217, 0.017, 212.064, 0.056, 221.117, 0.075, 196.989, 0.018, 266.488, 0.02, 250.755, 0.066, 255.161, 0.069, 217.4, 0.018, 240.935, 0.028, 210.339, 0.053, 208.04, 0.058, 245.479, 0.018,
040-psm07ABABa1, 9.242680, 0.000223140495868, 157.483, 0.085, 231.198, 0.014, 193.918, 0.084, 235.564, 0.015, 266.754, 0.1, 231.761, 0.018, 226.26, 0.057, 244.413, 0.017, 226.667, 0.089, 213.751, 0.015, 243.04, 0.064, 254.717, 0.016,
040-psm07ABABb1, 9.097910, 0.000353173553719, 254.473, 0.019, 179.058, 0.138, 237.852, 0.022, 283.194, 0.098, 230.14, 0.021, 248.196, 0.108, 258.672, 0.022, 239.264, 0.067, 240.069, 0.021, 260.333, 0.084, 231.964, 0.011, 229.046, 0.093,
040-psm07ABBAa1, 9.630980, 0.000493173553719, 269.024, 0.064, 254.868, 0.018, 235.424, 0.018, 250.091, 0.056, 267.077, 0.07, 215.967, 0.015, 248.302, 0.018, 282.382, 0.061, 253.619, 0.063, 232.851, 0.036, 257.526, 0.017, 265.225, 0.047,
040-psm07ABBAb1, 9.672350, 0.000269867768595, 211.649, 0.016, 273.191, 0.086, 255.934, 0.082, 246.589, 0.017, 238.412, 0.015, 245.951, 0.084, 271.189, 0.084, 207.869, 0.015, 238.648, 0.015, 248.492, 0.089, 246.318, 0.07, 262.63, 0.019,
040-psm08ABABa1, 9.844790, 0.00112768595041, 204.297, 0.144, 181.731, 0.022, 252.758, 0.067, 228.788, 0.019, 249.626, 0.113, 179.432, 0.023, 231.113, 0.064, 184.57, 0.023, 291.203, 0.056, 220.051, 0.014, 256.347, 0.054, 210.56, 0.02,
040-psm08ABABb1, 9.671020, 0.00149292561983, 252.74, 0.021, 244.237, 0.061, 231.448, 0.025, 264.405, 0.063, 263.826, 0.019, 203.237, 0.05, 247.806, 0.019, 172.466, 0.005, 258.475, 0.017, 297.844, 0.048, 202.676, 0.019, 221.19, 0.065,
040-psm08ABBAa1, 9.556490, 0.00121117355372, 325.843, 0.06, 256.366, 0.021, 241.02, 0.02, 296.646, 0.062, 285.466, 0.062, 250.955, 0.016, 268.139, 0.016, 269.39, 0.049, 261.622, 0.032, 216.878, 0.018, 241.585, 0.023, 181.384, 0.005,
040-psm08ABBAb1, 10.058800, 0.00154783471074, 200.984, 0.02, 257.463, 0.072, 143.663, 0.007, 240.602, 0.016, 240.047, 0.026, 305.118, 0.053, 274.622, 0.065, 218.989, 0.019, 212.116, 0.02, 263.193, 0.066, 188.928, 0.046, 255.552, 0.018,
040-psm09ABABa1, 9.825250, 0.00014679338843, 214.972, 0.071, 166.535, 0.022, 186.369, 0.056, 164.191, 0.022, 195.599, 0.061, -188.526, 0.082, 246.127, 0.094, 208.476, 0.014, 229.02, 0.064, 186.933, 0.02, 212.43, 0.068, 162.05, 0.036,
040-psm09ABABb1, 9.391600, 0.000530561983471, 181.19, 0.027, 208.617, 0.053, 176.14, 0.015, 179.104, 0.064, 167.109, 0.017, 190.612, 0.065, 221.508, 0.019, 234.997, 0.075, 204.686, 0.019, 198.933, 0.062, 167.542, 0.019, 189.176, 0.061,
040-psm09ABBAa1, 9.738490, 0.000207719008264, 224.81, 0.089, 216.786, 0.019, 211.123, 0.023, 165.26, 0.084, 237.964, 0.07, 190.228, 0.025, 192.169, 0.019, 219.527, 0.068, 209.869, 0.056, 203.777, 0.02, 167.391, 0.017, 190.018, 0.084,
040-psm09ABBAb1, 9.695520, 0.000140925619835, 187.966, 0.015, 188.836, 0.037, 205.015, 0.035, 211.175, 0.022, 208.725, 0.019, 232.066, 0.07, 232.048, 0.047, 178.214, 0.017, 164.048, 0.018, 231.063, 0.077, 238.765, 0.077, 191.108, 0.017,
040-psm10ABABa1, 9.809440, 0.00382370247934, 244.598, 0.071, 210.74, 0.021, 242.302, 0.083, 209.756, 0.024, 260.986, 0.061, 252.188, 0.02, 244.682, 0.07, 160.404, 0.005, 236.115, 0.063, 221.267, 0.027, 230.73, 0.093, 199.272, 0.029,
040-psm10ABABb1, 9.941080, 4.78347107438e-05, 227.015, 0.019, 234.37, 0.081, 217.365, 0.018, 256.461, 0.084, 247.136, 0.024, 238.606, 0.071, 261.17, 0.017, 262.244, 0.064, 246.834, 0.038, 260.573, 0.032, 257.389, 0.013, 244.873, 0.068,
040-psm10ABBAa1, 9.668720, 0.000297884297521, 239.753, 0.079, 201.645, 0.02, 201.415, 0.025, 244.787, 0.088, 217.594, 0.084, 234.941, 0.022, 207.751, 0.027, 269.402, 0.076, 231.914, 0.072, 207.932, 0.024, 226.538, 0.022, 226.948, 0.101,
040-psm10ABBAb1, 10.226400, 0.000142247933884, 172.439, 0.02, 240.203, 0.067, 228.301, 0.063, 198.302, 0.02, 213.895, 0.018, 247.13, 0.061, 212.639, 0.057, 193.642, 0.007, 184.086, 0.019, 221.538, 0.135, 203.29, 0.075, 240.059, 0.006,
040-psm11ABABa1, 9.657570, 0.000503173553719, 285.152, 0.103, 186.711, 0.027, 251.395, 0.069, 249.728, 0.019, 272.127, 0.054, 247.084, 0.018, 275.961, 0.063, 232.532, 0.021, 210.872, 0.062, 220.826, 0.019, 261.19, 0.071, 230.49, 0.021,
040-psm11ABABb1, 9.567670, 0.000282561983471, 228.03, 0.024, 278.858, 0.082, 249.928, 0.026, 267.033, 0.068, 234.672, 0.025, 273.58, 0.087, 215.881, 0.024, 272.968, 0.083, 226.273, 0.022, 255.649, 0.066, 244.509, 0.021, 222.429, 0.024,
040-psm11ABBAa1, 9.860410, 0.000144727272727, 231.618, 0.058, 228.588, 0.021, 244.105, 0.02, 257.51, 0.051, 299.863, 0.06, 209.133, 0.024, 231.442, 0.023, 250.476, 0.055, 286.508, 0.062, 228.962, 0.02, 210.97, 0.02, 249.374, 0.07,
040-psm11ABBAb1, 9.952040, 0.000196049586777, 209.094, 0.027, 222.948, 0.058, 245.302, 0.074, 244.844, 0.03, 253.122, 0.033, 271.434, 0.072, 284.171, 0.066, 236.176, 0.024, 243.978, 0.026, 281.326, 0.081, 273.791, 0.056, 239.724, 0.022,
040-psm12ABABa1, 10.079900, 0.000319834710744, 262.823, 0.098, 214.43, 0.021, 215.054, 0.061, 208.316, 0.029, 221.876, 0.051, 223.359, 0.03, 242.408, 0.059, 216.946, 0.031, 215.818, 0.065, 191.495, 0.024, 231.423, 0.088, 227.772, 0.023,
040-psm12ABABb1, 10.013800, 0.000108743801653, 179.241, 0.015, 219.662, 0.084, 212.087, 0.025, 212.019, 0.055, 195.815, 0.025, 234.031, 0.066, 222.524, 0.033, 238.246, 0.083, 242.319, 0.023, 231.452, 0.057, 202.874, 0.021, 259.957, 0.052,
040-psm12ABBAa1, 10.544800, 0.000198694214876, 232.241, 0.076, 205.463, 0.024, 208.371, 0.022, 253.014, 0.1, 263.857, 0.083, 222.848, 0.031, 229.385, 0.024, 258.626, 0.091, 247, 0.073, 190.624, 0.037, 216.003, 0.031, 218.671, 0.086,
040-psm12ABBAb1, 10.428300, 0.000326380165289, 199.691, 0.018, 253.918, 0.061, 220.69, 0.054, 237.605, 0.024, 219.165, 0.025, 248.644, 0.043, 227.84, 0.039, 189.696, 0.023, 258.76, 0.022, 233.08, 0.059, 232.06, 0.061, 197.343, 0.023,
040-psn01ABABa1, 8.690820, 0.000569338842975, 205.269, 0.064, 243.7, 0.015, 257.962, 0.048, 241.915, 0.016, 241.192, 0.034, 258.834, 0.014, 225.848, 0.06, 244.634, 0.013, -237.556, 0.106, 268.445, 0.015, 248.376, 0.063, 248.938, 0.024,
040-psn01ABABb1, 8.632540, 0.000266148760331, 218.455, 0.013, 257.354, 0.081, 254.433, 0.015, 269.516, 0.063, 236.191, 0.015, 268.498, 0.07, 282.484, 0.014, 250.097, 0.053, 284.425, 0.016, 245.557, 0.049, 268.584, 0.014, 183.316, 0.04,
040-psn01ABBAa1, 8.594410, 0.000202595041322, 187.779, 0.063, 219.791, 0.014, 232.227, 0.016, 257.758, 0.065, 241.348, 0.049, 240.652, 0.015, 219.326, 0.015, 223.865, 0.051, 242.823, 0.061, 213.271, 0.018, 224.264, 0.021, 267.807, 0.074,
040-psn01ABBAb1, 8.762790, 0.000787421487603, 186.521, 0.01, 223.359, 0.124, 223.893, 0.062, 253.577, 0.01, 225.513, 0.016, 246.163, 0.068, 250.049, 0.056, 239.598, 0.009, 258.028, 0.016, 242.329, 0.046, 211.936, 0.05, 225.432, 0.034,
040-psn02ABABa1, 9.142620, 0.000805702479339, 202.389, 0.088, -193.297, 0.078, 258.563, 0.069, -196.066, 0.071, 238.135, 0.127, -229.776, 0.076, 282.08, 0.057, 226.664, 0.017, 264.816, 0.065, 243.672, 0.01, 250.077, 0.064, -196.608, 0.076,
040-psn02ABABb1, 9.021660, 0.00123960330579, 186.202, 0.014, 255.083, 0.074, -206.543, 0.081, 242.884, 0.066, 219.722, 0.015, 157.171, 0.083, 200.426, 0.009, 171.293, 0.082, 211.411, 0.009, 184.213, 0.083, 213.41, 0.015, 247.686, 0.058,
040-psn02ABBAa1, 9.197260, 0.000340247933884, 214.538, 0.04, 193.665, 0.009, 231.228, 0.009, 233.616, 0.059, 252.741, 0.054, 216.067, 0.016, 230.544, 0.016, 244.245, 0.047, 250.924, 0.044, 212.141, 0.052, -225.035, 0.081, 228.812, 0.009,
040-psn02ABBAb1, 7.714390, 0.000244991735537, 189.823, 0.02, 218.81, 0.066, 235.596, 0.053, 245.207, 0.008, 223.566, 0.014, 231.841, 0.053, 252.332, 0.05, -226.81, 0.077, -215.717, 0.079, 232.366, 0.065, 241.934, 0.044, -220.2, 0.078,
040-psn03ABABa1, 8.842940, 0.000724991735537, 231.28, 0.078, -163.874, 0.082, 230.35, 0.101, 197.481, 0.018, 228.311, 0.104, 144.049, 0.017, 274.322, 0.099, 159.863, 0.024, 271.432, 0.077, 180.682, 0.016, 256.314, 0.105, 176.563, 0.023,
040-psn03ABABb1, 8.750110, 0.00132280991736, -201.986, 0.087, 173.301, 0.052, 190.307, 0.016, 268.701, 0.091, 229.834, 0.01, 244.646, 0.093, 165.229, 0.009, 223.884, 0.098, 232.66, 0.017, 239.72, 0.081, 185.277, 0.016, 249.766, 0.075,
040-psn03ABBAa1, 9.038130, 0.000336016528926, 194.315, 0.085, 156.858, 0.016, 136.662, 0.018, 235.706, 0.084, 238.178, 0.088, 151.369, 0.017, 166.323, 0.014, 249.703, 0.074, 249.94, 0.059, 182.894, 0.013, -132.38, 0.08, 250.057, 0.086,
040-psn03ABBAb1, 9.327430, 0.00093826446281, 174.125, 0.009, 245.624, 0.09, 255.525, 0.09, 209.33, 0.009, -202.176, 0.005, 262.474, 0.092, 258.763, 0.089, 181.542, 0.016, 247.712, 0.013, 249.586, 0.08, 261.22, 0.075, 250.831, 0.009,
040-psn04ABABa1, 9.159770, 0.000424, 264.497, 0.084, 215.12, 0.014, 261.801, 0.061, -225.378, 0.077, 253.42, 0.062, 226.3, 0.008, 253.174, 0.057, -211.322, 0.073, 241.671, 0.058, 210.889, 0.008, 257.615, 0.082, 170.451, 0.069,
040-psn04ABABb1, 9.535280, 0.000329157024793, 183.233, 0.016, 216.403, 0.067, 201.745, 0.012, 232.451, 0.063, 255.5, 0.008, 246.147, 0.074, -217.914, 0.082, 230.3, 0.05, 254.18, 0.01, 241.699, 0.062, -217.98, 0.077, 251.204, 0.064,
040-psn04ABBAa1, 9.613080, 0.000287173553719, 213.663, 0.085, 202.767, 0.014, 186.605, 0.012, 243.057, 0.067, 219.596, 0.037, -193.793, 0.078, 207.491, 0.02, 248.618, 0.072, 249.909, 0.059, -204.101, 0.077, 205.401, 0.009, 263.656, 0.066,
040-psn04ABBAb1, 9.728550, 6.32396694215e-05, 212.216, 0.013, 214.787, 0.064, 220.414, 0.069, 231.835, 0.008, 218.542, 0.013, 231.176, 0.066, 250.492, 0.056, 249.784, 0.016, 212.544, 0.015, 238.443, 0.124, 258.921, 0.064, 245.363, 0.009,
040-psn05ABABa1, 9.890780, 0.000362991735537, 222.803, 0.074, 224.206, 0.014, 240.256, 0.08, 234.623, 0.02, 269.255, 0.049, 197.186, 0.021, 253.093, 0.036, 180.851, 0.017, 247.553, 0.069, 215.947, 0.024, 273.846, 0.065, 253.728, 0.016,
040-psn05ABABb1, 9.049600, 0.00143915702479, 277.111, 0.017, 180.247, 0.057, -122.422, 0.027, 269.283, 0.016, 182.521, 0.015, 268.413, 0.057, 237.75, 0.053, 219.482, 0.024, 172.177, 0.031, 216.581, 0.056, 275.428, 0.068, 210.616, 0.023,
040-psn05ABBAa1, 9.245500, 0.000793603305785, 290.127, 0.087, 232.763, 0.017, 223.953, 0.021, 219.981, 0.074, 257.241, 0.042, 229.287, 0.017, 171.354, 0.017, 274.884, 0.06, 244.519, 0.049, 206.517, 0.028, 187.87, 0.019, 166.497, 0.041,
040-psn05ABBAb1, 9.926140, 0.000666082644628, 172.593, 0.017, 260.347, 0.059, 267.255, 0.049, 180.393, 0.012, 252.887, 0.019, 229.54, 0.047, 269.679, 0.056, 157.116, 0.073, 256.713, 0.017, 249.067, 0.034, 268.044, 0.05, 252.215, 0.018,
040-psn06ABABa1, 8.583740, 0.000330363636364, 241.656, 0.078, 216.139, 0.018, 251.689, 0.066, 223.873, 0.018, 235.976, 0.054, 220.568, 0.018, 230.368, 0.07, 240.874, 0.022, 250.496, 0.055, 216.667, 0.017, 238.891, 0.075, 227.126, 0.024,
040-psn06ABABb1, 8.792080, 0.000685173553719, 238.239, 0.025, 223.121, 0.06, 205.116, 0.025, 253.515, 0.059, 250.027, 0.02, 199.55, 0.061, 243.721, 0.02, 262.651, 0.064, 206.8, 0.016, 239.713, 0.059, 212.434, 0.015, 211.409, 0.043,
040-psn06ABBAa1, 8.536380, 0.00183932231405, 243.322, 0.076, 207.251, 0.022, 217.375, 0.013, 203.454, 0.058, 230.993, 0.077, 207.764, 0.027, -204.292, 0.081, 244.475, 0.046, 239.68, 0.065, 216.083, 0.02, 198.843, 0.017, 233.767, 0.066,
040-psn06ABBAb1, 8.540220, 0.000933537190083, 167.648, 0.068, 237.688, 0.072, 252.709, 0.06, 219.138, 0.025, 247.069, 0.014, 245.87, 0.058, 256.105, 0.039, 250.898, 0.02, 227.976, 0.018, 212.084, 0.05, 286.368, 0.081, 224.282, 0.031,
040-psn07ABABa1, 8.462770, 0.000479652892562, 244.689, 0.08, 181.241, 0.013, 172.282, 0.075, 171.115, 0.02, 217.166, 0.111, 190.469, 0.026, 242.73, 0.083, 201.655, 0.025, 223.813, 0.077, 181.044, 0.016, 150.445, 0.056, 205.567, 0.02,
040-psn07ABABb1, 8.520930, 0.000658975206612, 207.926, 0.021, 185.051, 0.077, 174.336, 0.015, 244.626, 0.08, 189.209, 0.023, 235.483, 0.047, 191.705, 0.016, 229.185, 0.074, 203.32, 0.018, 212.209, 0.037, -158.541, 0.084, 205.428, 0.052,
040-psn07ABBAa1, 8.460390, 0.00074626446281, 242.108, 0.105, 179.918, 0.016, 191.451, 0.014, 178.03, 0.101, 245.786, 0.057, 173.608, 0.018, 194.382, 0.016, 246.851, 0.076, 237.531, 0.051, 170.665, 0.018, 201.021, 0.021, 190.65, 0.092,
040-psn07ABBAb1, 8.680380, 0.00021879338843, 207.336, 0.019, 230.989, 0.052, 239.718, 0.062, 171.239, 0.017, 202.588, 0.018, 278.135, 0.085, 250.421, 0.051, 208.94, 0.019, 225.771, 0.023, 219.309, 0.068, 234.661, 0.065, 162.756, 0.012,
040-psn08ABABa1, 8.951700, 0.000415338842975, 230.889, 0.077, 169.727, 0.017, 222.315, 0.068, 220.113, 0.018, -223.026, 0.152, 165.162, 0.017, 231.304, 0.087, 187.034, 0.019, 229.693, 0.058, 178.705, 0.017, 152.169, 0.015, 116.717, 0.085,
040-psn08ABABb1, 9.061300, 0.000640148760331, 186.768, 0.02, 246.089, 0.053, 199.279, 0.014, 248.588, 0.044, 201.035, 0.021, 210.64, 0.072, 152.54, 0.016, 236.181, 0.074, 246.925, 0.018, 240.368, 0.075, 187.031, 0.017, 232.679, 0.07,
040-psn08ABBAa1, 8.864460, 0.000570809917355, 250.065, 0.059, 229.205, 0.017, 194.293, 0.025, 237.744, 0.051, 245.463, 0.051, 187.059, 0.013, 183.522, 0.017, 240.493, 0.078, 204.891, 0.015, 235.62, 0.075, 193.496, 0.056, 241.764, 0.04,
040-psn08ABBAb1, 9.429280, 0.000640066115702, 265.009, 0.016, 279.305, 0.072, 222.664, 0.055, 190.548, 0.017, 237.192, 0.018, 232.245, 0.05, 211.769, 0.045, 180.38, 0.017, 239.311, 0.016, 233.285, 0.066, 146.383, 0.007, 161.335, 0.009,
040-psn09ABABa1, 10.160800, 0.000178743801653, 245.805, 0.064, 251.688, 0.017, 230.305, 0.081, 182.925, 0.017, 235.527, 0.053, 202.93, 0.019, 198.591, 0.062, 238.281, 0.024, 223.243, 0.061, 166.447, 0.025, 256.051, 0.069, 232.347, 0.012,
040-psn09ABABb1, 10.163800, 0.000156512396694, 188.121, 0.017, 226.575, 0.074, 232.404, 0.018, 263.731, 0.096, 230.54, 0.023, 236.568, 0.063, 206.793, 0.02, 250.724, 0.06, 200.933, 0.029, 195.987, 0.046, 221.657, 0.015, 216.55, 0.066,
040-psn09ABBAa1, 10.064500, 7.89256198347e-05, 253.449, 0.066, 218.815, 0.02, 258.439, 0.016, 256.142, 0.051, 265.184, 0.048, 202.187, 0.027, 277.429, 0.019, 253.494, 0.032, 233.768, 0.055, 238.521, 0.022, 236.094, 0.022, 207.913, 0.066,
040-psn09ABBAb1, 10.035000, 0.000257504132231, 251.923, 0.015, 205.557, 0.139, 217.805, 0.071, 211.955, 0.018, 225.257, 0.023, 232.824, 0.082, 236.84, 0.093, 202.26, 0.025, 237.647, 0.024, 217.815, 0.076, 231.904, 0.076, 200.775, 0.022,
040-psn10ABABa1, 9.705760, 0.000342380165289, 213.484, 0.067, 199.503, 0.014, 258.901, 0.066, 224.875, 0.024, 226.525, 0.041, 199.434, 0.025, 206.027, 0.052, 209.854, 0.025, 238.743, 0.096, 240.035, 0.021, 206.214, 0.056, 239.493, 0.018,
040-psn10ABABb1, 9.749110, 0.000512380165289, 234.797, 0.023, -244.878, 0.127, 203.197, 0.018, 228.892, 0.072, 223.883, 0.028, 225.309, 0.047, 220.835, 0.017, 228.572, 0.065, 199.25, 0.018, 220.145, 0.077, 166.501, 0.019, -225.842, 0.113,
040-psn10ABBAa1, 10.132900, 0.000154694214876, 232.324, 0.074, 171.807, 0.02, 173.519, 0.02, 226.899, 0.061, 214.375, 0.049, 185.995, 0.018, 242.218, 0.027, 210.886, 0.068, 252.698, 0.07, 189.471, 0.019, 222.712, 0.017, 217.461, 0.06,
040-psn10ABBAb1, 7.815600, 0.0472804297521, 138.127, 0.05, 269.902, 0.411, 185.917, 0.054, 210.452, 0.028, 216.098, 0.019, 201.079, 0.054, 238.28, 0.051, 207.142, 0.021, 198.27, 0.024, 212.718, 0.054, 234.685, 0.067, 203.21, 0.027,
040-psn11ABABa1, 9.820320, 0.000611900826446, 230.87, 0.096, 225.892, 0.026, 252.564, 0.056, 256.54, 0.028, 227.464, 0.062, 232.205, 0.024, 248.919, 0.066, 221.757, 0.029, 262.532, 0.055, 250.935, 0.066, 287.453, 0.048, 192.877, 0.02,
040-psn11ABABb1, 9.405290, 0.000805289256198, 220.754, 0.022, 238.539, 0.077, 181.587, 0.015, 218.332, 0.058, 224.036, 0.034, 236.173, 0.075, 229.646, 0.045, 238.669, 0.056, 138.279, 0.017, 151.385, 0.005, 223.163, 0.033, 217.51, 0.069,
040-psn11ABBAa1, 10.143100, 0.000330727272727, 236.245, 0.075, 243.386, 0.018, 248.249, 0.015, 276.706, 0.059, 273.055, 0.08, 267.679, 0.015, 238.391, 0.022, 280.811, 0.075, 283.431, 0.072, 266.78, 0.025, 277.11, 0.019, 276.937, 0.043,
040-psn11ABBAb1, 10.212000, 6.5652892562e-05, 189.72, 0.023, 246.863, 0.064, 242.197, 0.067, 232.687, 0.025, 217.47, 0.035, 275.699, 0.066, 259.035, 0.059, 279.706, 0.021, 224.11, 0.028, 271.208, 0.062, 262.451, 0.07, 219.814, 0.018,
040-psn12ABABa1, 9.336520, 5.87438016529e-05, 255.677, 0.1, -136.389, 0.089, 213.413, 0.046, -129.171, 0.06, 231.473, 0.058, -131.363, 0.085, 213.333, 0.056, 174.866, 0.021, 249.418, 0.056, 188.781, 0.016, 206.62, 0.067, 168.22, 0.005,
040-psn12ABABb1, 9.617480, 0.00029705785124, 172.859, 0.027, 219.649, 0.075, 145.923, 0.033, 254.463, 0.097, 193.571, 0.018, 256.174, 0.101, -130.82, 0.075, 239.294, 0.071, 187.059, 0.03, 193.562, 0.059, 166.877, 0.016, 215.922, 0.081,
040-psn12ABBAa1, 9.271130, 0.000500066115702, -200.895, 0.158, 199.053, 0.016, -157.873, 0.083, 231.738, 0.069, 271.035, 0.08, 189.109, 0.021, -130.864, 0.017, 223.697, 0.066, 238.281, 0.06, 170.649, 0.017, -128.206, 0.076, 293.584, 0.104,
040-psn12ABBAb1, 9.692620, 0.000183140495868, 189.003, 0.016, 224.594, 0.068, 239.3, 0.084, 218.941, 0.018, 184.265, 0.015, 246.439, 0.065, 231.28, 0.07, 191.901, 0.023, 217.557, 0.024, 258.696, 0.078, 262.638, 0.098, 157.384, 0.026,
