042-pdm01ABABa1, 9.151360, 0.000212016528926, 281.26, 0.015, 228.852, 0.062, -191.075, 0.074, 160.954, 0.121, -260.501, 0.073, 246.942, 0.06, 202.885, 0.019, -195.016, 0.105, 206.355, 0.005, -218.439, 0.005, 193.111, 0.012, 253.305, 0.075,
042-pdm01ABABb1, 8.941440, 0.00149368595041, 194.54, 0.049, 212.951, 0.021, 247.554, 0.062, 228.005, 0.012, 227.288, 0.07, 196.75, 0.019, 240.233, 0.038, 211.165, 0.014, 147.283, 0.15, -177.063, 0.07, 205.868, 0.042, 189.066, 0.05,
042-pdm01ABBAa1, 9.568970, 0.000640727272727, 183.919, 0.013, 215.899, 0.038, 225.625, 0.044, 139.965, 0.072, 222.712, 0.017, 261.065, 0.085, 231.018, 0.072, 125.574, 0.02, -185.88, 0.013, 208.327, 0.087, 218.461, 0.062, 110.431, 0.02,
042-pdm01ABBAb1, 8.903230, 0.000842380165289, 229.656, 0.07, 187.011, 0.02, 196.788, 0.025, -165.368, 0.061, 203.466, 0.088, -106.751, 0.053, 186.265, 0.038, 199.221, 0.052, 253.902, 0.073, -122.987, 0.083, 162.379, 0.033, 247.291, 0.068,
042-pdm02ABABa1, 10.298900, 0.000558809917355, 214.107, 0.008, 227.185, 0.06, 220.627, 0.012, 198.919, 0.033, 246.32, 0.011, 245.343, 0.04, 232.623, 0.015, 228.573, 0.032, 247.403, 0.014, 278.193, 0.013, 269.302, 0.027, 157.806, 0.036,
042-pdm02ABABb1, 9.889070, 0.00129115702479, 292.69, 0.057, 199.061, 0.013, 262.54, 0.08, 130.553, 0.044, 232.034, 0.063, 211.246, 0.012, 246.167, 0.048, 223.862, 0.014, 294.638, 0.083, 205.363, 0.012, 231.734, 0.041, 172.802, 0.039,
042-pdm02ABBAa1, 10.362600, 0.000440909090909, 181.269, 0.014, 225.46, 0.061, 185.352, 0.04, -191.459, 0.085, 222.543, 0.052, 210.557, 0.013, 199.88, 0.043, 248.253, 0.012, 214.725, 0.019, 211.827, 0.077, 178.789, 0.066, 242.733, 0.029,
042-pdm02ABBAb1, 10.542800, 0.00094679338843, 211.723, 0.057, 222.736, 0.018, 193.673, 0.013, 282.09, 0.066, 219.83, 0.061, 223.406, 0.02, 226.533, 0.013, 220.193, 0.03, 246.763, 0.044, 224.354, 0.012, 225.527, 0.012, 208.319, 0.028,
042-pdm03ABABa1, 9.345530, 0.00286499173554, 177.726, 0.149, 214.289, 0.051, -151.743, 0.005, 207.474, 0.04, 226.819, 0.015, 146.328, 0.013, 189.129, 0.039, 213.982, 0.078, 189.699, 0.012, 182.057, 0.035, 257.581, 0.015, 102.199, 0.04,
042-pdm03ABABb1, 9.481730, 0.00208254545455, 214.273, 0.043, 238.086, 0.019, 176.338, 0.025, 184.885, 0.077, 188.357, 0.029, 250.16, 0.012, 171.673, 0.027, 159.784, 0.023, 206.84, 0.029, 182.373, 0.012, 303.777, 0.044, 139.132, 0.036,
042-pdm03ABBAa1, 9.502090, 0.00278163636364, 255.226, 0.013, 258.185, 0.057, 179.188, 0.035, 173.228, 0.083, 237.758, 0.087, 232.154, 0.013, 202.511, 0.014, 221.163, 0.015, 206.065, 0.016, 272.051, 0.044, -234.855, 0.118, 194.961, 0.015,
042-pdm03ABBAb1, 9.181350, 0.00183251239669, 142.811, 0.217, 105.29, 0.012, 253.072, 0.012, 160.137, 0.015, 223.876, 0.05, 273.306, 0.012, 281.263, 0.012, 210.614, 0.09, 246.141, 0.047, 210.51, 0.02, -170.953, 0.058, 205.566, 0.012,
042-pdm04ABABa1, 9.579900, 0.000690958677686, 217.007, 0.022, 200.288, 0.05, 196.455, 0.012, 154.048, 0.066, -191.503, 0.08, 204.084, 0.038, -149.089, 0.083, 183.967, 0.059, 234.537, 0.011, 165.997, 0.049, 176.004, 0.013, 137.432, 0.051,
042-pdm04ABABb1, 9.653130, 0.00063641322314, 159.485, 0.066, 164.758, 0.008, 223.721, 0.033, 187.394, 0.011, 238.235, 0.035, 161.413, 0.008, 184.924, 0.035, 101.773, 0.026, -150.138, 0.075, 128.384, 0.046, 142.931, 0.028, -129.458, 0.081,
042-pdm04ABBAa1, 9.535960, 0.000397173553719, 217.926, 0.011, 174.308, 0.046, 165.193, 0.04, 185.17, 0.011, -138.983, 0.005, 213.003, 0.005, 160.906, 0.023, 166.357, 0.028, 149.661, 0.017, 173.616, 0.038, 175.935, 0.064, 184.559, 0.012,
042-pdm04ABBAb1, 9.205130, 0.000570446280992, 224.357, 0.06, 198.183, 0.016, 194.778, 0.012, 180.717, 0.065, 152.801, 0.03, 163.519, 0.039, 139.523, 0.007, 150.767, 0.047, 177.734, 0.025, 171.698, 0.036, 152.964, 0.005, 182.434, 0.051,
042-pdm05ABABa1, 9.273640, 0.000280363636364, 238.995, 0.015, 222.054, 0.055, 239.415, 0.014, 163.848, 0.093, 260.689, 0.011, 228.851, 0.037, 232.364, 0.012, 249.357, 0.05, 239.994, 0.016, 214.843, 0.043, 182.889, 0.043, 237.673, 0.024,
042-pdm05ABABb1, 9.196330, 0.000701652892562, 221, 0.044, 203.649, 0.011, 256.643, 0.047, 188.661, 0.012, 239.446, 0.025, 187.963, 0.013, 228.805, 0.043, 182.372, 0.017, 210.989, 0.104, 201.535, 0.013, 197.664, 0.102, 142.388, 0.088,
042-pdm05ABBAa1, 9.405940, 0.000480975206612, 208.638, 0.013, 231.654, 0.033, 250.956, 0.025, 217.439, 0.014, 269.154, 0.013, 233.962, 0.043, 229.368, 0.041, 255.037, 0.014, 228.691, 0.014, 265.217, 0.063, 243.147, 0.03, 232.398, 0.012,
042-pdm05ABBAb1, 8.819640, 0.000251504132231, 249.625, 0.039, 184.532, 0.023, 222.14, 0.013, 214.315, 0.061, 234.02, 0.073, 199.892, 0.018, 191.715, 0.024, 220.383, 0.076, 249.48, 0.058, 223.469, 0.012, -165.218, 0.068, 167.44, 0.124,
042-pdm06ABABa1, 9.189350, 0.000492909090909, -158.002, 0.073, 249.521, 0.065, 201.62, 0.014, 164.773, 0.087, 166.273, 0.013, 190.185, 0.072, 228.611, 0.014, 254.693, 0.029, 192.6, 0.018, 288.533, 0.102, 147.431, 0.066, 184.934, 0.034,
042-pdm06ABABb1, 9.236280, 0.000206611570248, 260.58, 0.065, 208.994, 0.013, 186.835, 0.066, 213.469, 0.015, 250.027, 0.08, 214.066, 0.021, 166.792, 0.085, 169.903, 0.011, 245.166, 0.079, 223.677, 0.013, 229.071, 0.09, 175.256, 0.04,
042-pdm06ABBAa1, 8.711810, 0.00175495867769, 263.736, 0.015, 242.392, 0.067, 195.912, 0.079, 232.349, 0.016, 147.355, 0.064, 168.45, 0.018, 225.583, 0.017, 142.333, 0.05, 279.78, 0.07, 208.178, 0.024, 182.898, 0.017, 160.426, 0.018,
042-pdm06ABBAb1, 9.070570, 0.000911355371901, 207.288, 0.088, 193.018, 0.031, 233.307, 0.016, 182.35, 0.005, 184.854, 0.106, -166.633, 0.08, 193.854, 0.013, 200.101, 0.095, 240.135, 0.08, 195.254, 0.029, 179.668, 0.023, 155.062, 0.076,
042-pdm07ABABa1, 8.921950, 0.000423272727273, 209.203, 0.039, 253.293, 0.032, 227.897, 0.013, 240.45, 0.055, 269.616, 0.016, 224.09, 0.05, 257.618, 0.013, 233.699, 0.076, 251.187, 0.012, 277.981, 0.072, 250.261, 0.016, 211.31, 0.084,
042-pdm07ABABb1, 8.539860, 0.00120196694215, 250.402, 0.113, 202.476, 0.022, 233.429, 0.072, 195.01, 0.023, 300.032, 0.047, 270.313, 0.016, 163.864, 0.055, -215.842, 0.064, 144.27, 0.176, 227.669, 0.013, 232.454, 0.065, 234.534, 0.013,
042-pdm07ABBAa1, 8.382500, 0.000797504132231, 308.842, 0.017, 243.964, 0.039, 281.838, 0.062, 200.785, 0.012, 247.354, 0.026, 248.432, 0.046, 258.511, 0.06, 268.858, 0.013, -243.968, 0.089, -171.231, 0.073, 258.552, 0.064, 215.973, 0.045,
042-pdm07ABBAb1, 8.845470, 0.00150714049587, 229.385, 0.04, 212.301, 0.014, 234.905, 0.022, 208.883, 0.08, 271.967, 0.065, 240.885, 0.033, 231.553, 0.025, 149.541, 0.069, 233.234, 0.053, 143.499, 0.044, 234.637, 0.027, 232.235, 0.015,
042-pdm08ABABa1, 8.843720, 0.000691239669421, -152.651, 0.078, 259.508, 0.051, 171.249, 0.014, 259.971, 0.063, 212.077, 0.014, 255.435, 0.069, 198.235, 0.013, 228.168, 0.129, 273.557, 0.015, 244.609, 0.055, 193.516, 0.03, 184.614, 0.085,
042-pdm08ABABb1, 9.079110, 0.00101132231405, 250.263, 0.077, 212.074, 0.014, 258.248, 0.099, 134.377, 0.014, 197.526, 0.125, 197.261, 0.02, 236.163, 0.067, 201.88, 0.028, 303.458, 0.067, 217.262, 0.022, 219.094, 0.07, 143.832, 0.018,
042-pdm08ABBAa1, 8.765850, 0.000577867768595, -197.749, 0.077, 215.147, 0.064, 226.637, 0.087, 154.398, 0.026, 210.683, 0.017, 237.86, 0.091, 237.667, 0.07, 176.293, 0.015, 230.352, 0.019, 222.412, 0.068, 219.617, 0.082, 178.207, 0.011,
042-pdm08ABBAb1, 8.727240, 0.000678595041322, 249.311, 0.047, 242.637, 0.04, 179.605, 0.037, 253.774, 0.063, 283.255, 0.056, 183.831, 0.014, 229.869, 0.022, 227.716, 0.091, 260.264, 0.08, 163.181, 0.012, 257.052, 0.031, 255.792, 0.039,
042-pdm09ABABa1, 9.777790, 0.00109947107438, 237.223, 0.021, 242.881, 0.062, 211.616, 0.031, 233.786, 0.062, 249.909, 0.04, 177.924, 0.082, 222.361, 0.028, 150.227, 0.045, 279.015, 0.023, 225.283, 0.091, 138.614, 0.079, 136.907, 0.097,
042-pdm09ABABb1, 8.923810, 0.00459968595041, 174.774, 0.445, 143.413, 0.024, 242.227, 0.067, 230.083, 0.032, 240.068, 0.069, 234.46, 0.025, 245.932, 0.066, 165.711, 0.098, 168.161, 0.094, 245.418, 0.018, 209.372, 0.023, 229.042, 0.02,
042-pdm09ABBAa1, 9.749250, 0.00102183471074, 301.226, 0.03, -184.931, 0.047, 197.857, 0.049, 209.234, 0.024, 231.378, 0.035, 227.554, 0.055, 201.059, 0.067, 238.469, 0.014, -188.935, 0.086, 174.359, 0.035, 214.711, 0.035, 208.359, 0.028,
042-pdm09ABBAb1, 10.070400, 0.000342446280992, 175.631, 0.062, 193.804, 0.026, 227.413, 0.029, 244.157, 0.057, 273.049, 0.059, 195.535, 0.021, 159.937, 0.028, 200.938, 0.091, -169.187, 0.057, 246.54, 0.031, 165.832, 0.025, 202.946, 0.051,
042-pdm10ABABa1, 9.066020, 0.000340016528926, 234, 0.031, 264.66, 0.062, -112.902, 0.085, 243.874, 0.073, -201.646, 0.066, -184.291, 0.005, -140.558, 0.033, 163.749, 0.005, 213.635, 0.02, -195.136, 0.056, 162.42, 0.028, 194.327, 0.066,
042-pdm10ABABb1, 8.806710, 0.000414876033058, 241.806, 0.077, 195.807, 0.053, 233.61, 0.063, 182.892, 0.032, -173.367, 0.056, 192.306, 0.042, -221.512, 0.005, 249.002, 0.074, -178.078, 0.075, 242.513, 0.005, 226.906, 0.005, 209.787, 0.07,
042-pdm10ABBAa1, 9.327180, 0.000377966942149, -180.513, 0.096, 278.033, 0.078, 247.821, 0.005, 161.203, 0.051, 196.097, 0.062, 241.705, 0.005, 277.894, 0.092, 160.056, 0.037, 199.52, 0.052, -200.889, 0.064, -171.541, 0.063, 214.318, 0.04,
042-pdm10ABBAb1, 9.242720, 0.000496628099174, 264.315, 0.064, 167.93, 0.042, 177.859, 0.038, 236.461, 0.09, 227.676, 0.09, 202.075, 0.04, 208.245, 0.038, 190.812, 0.078, 272.895, 0.069, -95.6133, 0.013, 208.404, 0.026, 180.993, 0.054,
042-pdm11ABABa1, 8.516940, 0.000980694214876, 268.866, 0.038, 195.127, 0.08, 233.234, 0.038, 142.381, 0.07, 207.613, 0.041, 234.788, 0.006, 186.698, 0.052, 210.147, 0.11, 264.105, 0.048, 250.209, 0.068, 204.002, 0.059, 168.229, 0.042,
042-pdm11ABABb1, 8.518740, 0.000504561983471, 298.205, 0.079, 227.914, 0.061, 270.429, 0.065, 239.13, 0.037, 282.425, 0.11, 209.999, 0.04, 254.904, 0.103, 207.423, 0.044, 267.532, 0.106, 233.017, 0.053, 260.779, 0.065, 192.115, 0.046,
042-pdm11ABBAa1, 8.435770, 0.00126590082645, -174.54, 0.099, 241.749, 0.078, 253.018, 0.048, 226.766, 0.029, 221.952, 0.036, 216.003, 0.005, 226.635, 0.081, 256.336, 0.022, 252.463, 0.026, 175.587, 0.059, 208.496, 0.007, 213.772, 0.043,
042-pdm11ABBAb1, 8.809280, 0.00153287603306, 243.514, 0.062, 181.515, 0.053, 240.401, 0.044, 223.855, 0.059, 287.239, 0.078, 205.292, 0.043, 188.396, 0.124, 237.992, 0.112, 228.68, 0.25, 237.837, 0.027, 241.706, 0.035, 170.221, 0.068,
042-pdm12ABABa1, 8.628180, 0.00151474380165, -171.149, 0.087, 205.355, 0.037, 192.623, 0.026, 150.436, 0.077, -163.094, 0.05, -170.241, 0.055, 210.66, 0.043, 120.061, 0.036, 145.045, 0.046, 199.674, 0.061, -143.932, 0.063, 185.455, 0.157,
042-pdm12ABABb1, 8.728220, 0.000988925619835, 245.501, 0.061, 205.212, 0.029, 221.054, 0.071, 219.034, 0.046, 203.564, 0.038, 116.86, 0.031, 135.835, 0.05, 146.452, 0.057, -192.986, 0.028, 245.661, 0.057, 233.724, 0.053, -147.358, 0.062,
042-pdm12ABBAa1, 8.696600, 0.00129945454545, 284.957, 0.019, 259.051, 0.082, 144.757, 0.092, 181.138, 0.025, 269.747, 0.034, 225.684, 0.071, 200.257, 0.074, 185.987, 0.016, 228.132, 0.029, 216.103, 0.056, -190.727, 0.048, -127.688, 0.064,
042-pdm12ABBAb1, 8.010970, 0.0212895041322, 247.347, 0.081, 192.222, 0.038, -211.529, 0.041, 212.255, 0.067, 221.646, 0.068, 185.742, 0.005, 188.973, 0.043, -121.93, 0.006, 251.187, 0.054, -118.056, 0.03, -212.154, 0.079, 159.108, 0.133,
042-pdn01ABABa1, 8.520170, 0.000647966942149, 245.997, 0.014, 247.297, 0.07, 172.058, 0.034, 203.949, 0.063, 234.264, 0.013, 196.759, 0.057, 261.953, 0.067, -93.4257, 0.055, 249.184, 0.016, 212.503, 0.071, 155.176, 0.023, 152.542, 0.077,
042-pdn01ABABb1, 8.844360, 0.000970049586777, 197.98, 0.052, 205.9, 0.014, 227.102, 0.08, 109.661, 0.005, 314.053, 0.074, 218.555, 0.011, 217.731, 0.052, 113.947, 0.018, 260.144, 0.039, -138.881, 0.078, 218.487, 0.133, 93.9747, 0.043,
042-pdn01ABBAa1, 8.784270, 0.000612743801653, 213.044, 0.056, 151.276, 0.021, 171.01, 0.014, 125.269, 0.043, 210.773, 0.014, 250.178, 0.08, -139.233, 0.048, -120.515, 0.085, 247.798, 0.014, 197.191, 0.071, 178.19, 0.073, -163.173, 0.077,
042-pdn01ABBAb1, 8.633260, 0.000356958677686, 236.482, 0.053, -129.454, 0.079, -138.507, 0.055, 228.999, 0.095, 220.081, 0.05, 162.671, 0.021, -156.415, 0.078, 130.391, 0.099, 207.816, 0.061, 149.979, 0.013, 191.292, 0.018, 222.829, 0.072,
042-pdn02ABABa1, 9.102160, 9.92892561983e-05, -171.314, 0.082, 193.99, 0.069, 224.501, 0.012, 250.373, 0.04, 221.026, 0.012, 251.542, 0.027, 187.978, 0.013, 177.686, 0.016, 194.212, 0.012, 272.348, 0.067, 242.181, 0.029, 188.866, 0.016,
042-pdn02ABABb1, 9.243810, 0.000666975206612, 293.839, 0.076, 230.053, 0.018, -212.215, 0.005, 251.139, 0.014, 285.252, 0.064, 182.788, 0.014, 218.151, 0.073, 186.585, 0.011, 297.897, 0.072, 195.003, 0.018, 222.385, 0.04, 217.956, 0.013,
042-pdn02ABBAa1, 6.918430, 0.0299760826446, 173.667, 0.118, 188.869, 0.07, 274.006, 0.076, 181.178, 0.04, 199.164, 0.011, 259.811, 0.057, 228.392, 0.03, 172.907, 0.017, 206.959, 0.014, 208.513, 0.084, 218.764, 0.058, 165.099, 0.041,
042-pdn02ABBAb1, 9.181930, 0.000983338842975, 215.279, 0.052, 135.969, 0.032, 195.153, 0.042, 209.323, 0.048, 215.234, 0.064, 182.213, 0.034, 151.17, 0.026, 198.018, 0.053, 265.151, 0.072, 151.82, 0.032, -131.639, 0.076, 214.946, 0.069,
042-pdn03ABABa1, 9.140340, 0.000570429752066, 182.051, 0.012, 239.678, 0.043, 197.339, 0.011, 185.171, 0.11, 220.817, 0.03, 231.799, 0.09, 223.963, 0.014, 127.347, 0.043, 221.112, 0.015, 215.425, 0.085, 202.308, 0.012, 158.818, 0.074,
042-pdn03ABABb1, 8.719440, 0.00205826446281, 220.697, 0.049, 192.037, 0.018, 219.019, 0.098, 152.301, 0.073, 277.262, 0.072, 219.188, 0.02, 240.213, 0.06, 221.598, 0.04, 221.164, 0.035, 186.134, 0.021, 263.711, 0.067, -172.257, 0.085,
042-pdn03ABBAa1, 9.053870, 0.000874909090909, 204.333, 0.019, 227.353, 0.055, 204.058, 0.07, 214.608, 0.012, 184.93, 0.021, 204.404, 0.029, 217.588, 0.075, 194.079, 0.016, 240.874, 0.052, 187.827, 0.022, 189.125, 0.015, 218.105, 0.063,
042-pdn03ABBAb1, 9.261070, 0.00108497520661, 173.51, 0.04, 176.242, 0.013, 186.715, 0.021, 230.291, 0.031, 233.281, 0.041, -151.455, 0.093, 239.668, 0.013, 233.657, 0.047, 224.036, 0.073, 163.666, 0.012, 234.881, 0.013, 183.81, 0.073,
042-pdn04ABABa1, 8.756250, 0.00109190082645, 217.62, 0.012, 213.482, 0.062, 231.442, 0.016, 179.792, 0.06, 253.678, 0.015, 242.706, 0.06, -197.503, 0.081, 218.036, 0.119, 244.596, 0.027, 182.688, 0.066, 236.857, 0.039, 182.352, 0.06,
042-pdn04ABABb1, 8.328240, 0.00170823140496, 228.822, 0.048, 199.963, 0.02, 222.195, 0.065, 216.627, 0.018, 234.991, 0.197, 203.977, 0.019, 235.144, 0.076, 236.335, 0.012, 274.551, 0.045, 194.478, 0.034, 184.044, 0.005, 175.12, 0.085,
042-pdn04ABBAa1, 8.665550, 0.000920975206612, 168.773, 0.032, 264.264, 0.051, 212.819, 0.116, 241.587, 0.017, 199.161, 0.031, 256.54, 0.04, 260.185, 0.038, 219.388, 0.014, 219.277, 0.019, 203.496, 0.035, 233.969, 0.065, 264.423, 0.012,
042-pdn04ABBAb1, 8.723340, 0.000638231404959, 234.197, 0.059, 159.228, 0.006, 200.731, 0.018, -184.901, 0.108, 293.058, 0.047, 186.276, 0.012, -192.378, 0.079, 209.653, 0.138, 282.885, 0.065, 297.11, 0.012, 207.562, 0.013, 247.92, 0.085,
042-pdn05ABABa1, 9.583530, 0.000267355371901, 205.89, 0.013, 227.299, 0.079, 218.216, 0.013, 185.066, 0.058, 228.714, 0.02, 230.462, 0.076, 210.024, 0.013, 241.659, 0.024, 271.499, 0.018, 198.822, 0.026, 228.152, 0.014, 220.382, 0.037,
042-pdn05ABABb1, 9.077160, 0.000365652892562, 293.445, 0.066, 192.671, 0.026, 229.527, 0.074, 182.08, 0.028, 254.222, 0.061, 222.729, 0.014, 236.324, 0.078, 181.483, 0.026, 230.534, 0.062, 254.262, 0.015, 218.772, 0.065, 180.478, 0.028,
042-pdn05ABBAa1, 9.434700, 0.000743900826446, 235.673, 0.013, 193.788, 0.044, -170.709, 0.085, 219.03, 0.009, 227.352, 0.013, 231.123, 0.04, 220.923, 0.033, 202.005, 0.033, 223.828, 0.037, 145.044, 0.045, 251.742, 0.035, 241.772, 0.048,
042-pdn05ABBAb1, 9.266210, 0.000244743801653, 236.194, 0.12, 230.336, 0.015, 213.107, 0.016, 203.086, 0.093, 226.619, 0.076, 232.744, 0.032, 188.401, 0.014, 174.999, 0.073, 225.007, 0.076, 232.961, 0.014, 220.774, 0.015, 228.955, 0.068,
042-pdn06ABABa1, 8.909610, 0.0018712892562, 215.308, 0.015, 214.725, 0.216, 250.925, 0.015, 180.821, 0.05, 161.847, 0.017, 250.612, 0.016, 159.82, 0.033, -247.205, 0.129, -216.733, 0.087, 230.807, 0.081, 247.123, 0.019, 208.716, 0.064,
042-pdn06ABABb1, 8.980060, 0.0010040661157, 204.43, 0.061, 207.377, 0.029, 254.941, 0.1, 170.641, 0.03, 246.52, 0.071, 240.628, 0.017, 217.95, 0.125, 284.237, 0.021, 257.382, 0.151, 202.226, 0.018, 303.881, 0.096, 225.857, 0.016,
042-pdn06ABBAa1, 8.461200, 0.0175104297521, 216.803, 0.014, 234.295, 0.092, 317.212, 0.099, 212.185, 0.045, 240.728, 0.029, 216.284, 0.028, 285.874, 0.087, 248.71, 0.15, 236.163, 0.02, 175.456, 0.024, 184.324, 0.06, 204.438, 0.005,
042-pdn06ABBAb1, 8.839400, 0.000609338842975, 235.584, 0.1, 251.121, 0.015, 240.09, 0.012, 255.07, 0.093, 252.035, 0.058, 207.942, 0.029, 227.662, 0.016, 276.213, 0.08, 267.54, 0.077, 184.472, 0.037, 244.775, 0.043, 253.579, 0.146,
042-pdn07ABABa1, 8.754610, 0.000608429752066, 245.09, 0.015, 256.715, 0.034, 205.292, 0.015, 169.992, 0.024, 205.739, 0.025, 196.422, 0.078, 183.154, 0.016, 175.116, 0.075, 279.658, 0.015, 276.444, 0.052, 165.524, 0.015, 193.926, 0.021,
042-pdn07ABABb1, 8.410300, 0.000387107438017, -221.836, 0.111, 173.465, 0.015, 238.895, 0.049, -169.821, 0.079, 277.091, 0.032, 227.602, 0.015, 249.751, 0.049, 137.912, 0.084, 234.993, 0.132, 215.447, 0.013, 223.476, 0.063, 190.316, 0.016,
042-pdn07ABBAa1, 8.786570, 0.000413239669421, 199.854, 0.014, 239.195, 0.075, 229.433, 0.04, 179.072, 0.013, 225.092, 0.014, 243.272, 0.083, -207.116, 0.061, -170.574, 0.077, 240.808, 0.013, 99.0147, 0.089, 264.22, 0.068, 132.21, 0.057,
042-pdn07ABBAb1, 8.537360, 0.000261834710744, 269.821, 0.073, 229.201, 0.014, 236.937, 0.016, 184.799, 0.105, 278.97, 0.064, 120.86, 0.005, 237.946, 0.015, 243.351, 0.083, 206.757, 0.08, 201.857, 0.013, 258.189, 0.014, 227.199, 0.06,
042-pdn08ABABa1, 9.899830, 0.000642512396694, 248.014, 0.022, 267.953, 0.043, 222.938, 0.019, 238.769, 0.036, 281.817, 0.014, 259.793, 0.064, 254.006, 0.016, 223.706, 0.035, 236.747, 0.028, 249.791, 0.036, 255.807, 0.02, 211.883, 0.027,
042-pdn08ABABb1, 10.359700, 0.00124895867769, 226.947, 0.075, 222.149, 0.022, 272.677, 0.081, -187.045, 0.005, 269.468, 0.064, 223.299, 0.015, 288.598, 0.068, 188.593, 0.015, 218.587, 0.04, 218.177, 0.028, 219.959, 0.05, 238.847, 0.014,
042-pdn08ABBAa1, 9.336370, 0.000626198347107, 268.654, 0.019, 193.119, 0.065, 245.703, 0.046, 262.134, 0.014, 220.142, 0.024, 229.713, 0.044, 267.684, 0.076, 225.261, 0.016, 203.476, 0.029, 221.931, 0.024, 162.069, 0.031, 231.677, 0.047,
042-pdn08ABBAb1, 10.140500, 0.00107290909091, 201.271, 0.049, 261.111, 0.013, 254.648, 0.017, 251.263, 0.052, 263.858, 0.086, 252.912, 0.031, 246.525, 0.012, 273.085, 0.035, 307.582, 0.048, 248.931, 0.026, 273.143, 0.028, 260.667, 0.059,
042-pdn09ABABa1, 9.563810, 0.00229461157025, -189.226, 0.096, 204.276, 0.067, 178.058, 0.019, 206.404, 0.04, 173.451, 0.021, 212.401, 0.038, -207.415, 0.079, 195.259, 0.022, 128.835, 0.005, 194.838, 0.033, 185.164, 0.048, 162.988, 0.023,
042-pdn09ABABb1, 9.709040, 0.000632066115702, 234.516, 0.052, 189.433, 0.037, 248.071, 0.064, 170.617, 0.021, 170.263, 0.086, 153.263, 0.078, 232.213, 0.081, 169.093, 0.024, 228.963, 0.057, 201.939, 0.023, 217.497, 0.082, 157.905, 0.02,
042-pdn09ABBAa1, 9.876470, 0.000256380165289, 163.873, 0.073, 172.704, 0.083, 173.038, 0.063, 190.056, 0.023, 208.298, 0.026, 253.153, 0.055, 223.121, 0.073, 164.321, 0.029, 176.855, 0.03, 233.623, 0.048, 213.568, 0.045, 156.998, 0.02,
042-pdn09ABBAb1, 9.534790, 0.000379338842975, 242.588, 0.059, 194.984, 0.033, 181.727, 0.021, 138.965, 0.054, 183.301, 0.084, 162.577, 0.028, 233.294, 0.021, 231.238, 0.125, 210.99, 0.102, 176.57, 0.029, 208.743, 0.021, 166.905, 0.038,
042-pdn10ABABa1, 10.107600, 0.000491966942149, 174.896, 0.045, 235.672, 0.06, 227.468, 0.019, 261.193, 0.031, -200.478, 0.098, 237.093, 0.079, 236.488, 0.019, 238.552, 0.058, 253.616, 0.053, 213.07, 0.053, 196.486, 0.028, 221.254, 0.059,
042-pdn10ABABb1, 10.052300, 0.00056679338843, 275.204, 0.076, 238.239, 0.023, 235.101, 0.07, -224.79, 0.096, 235.325, 0.089, 242.468, 0.04, 240.379, 0.071, 200.764, 0.024, 269.548, 0.083, 227.53, 0.024, 256.889, 0.064, -164.467, 0.041,
042-pdn10ABBAa1, 9.990010, 0.000685537190083, 271.851, 0.027, 271.835, 0.057, 257.96, 0.086, 214.646, 0.037, 258.241, 0.029, 218.579, 0.083, 265.08, 0.086, 242.93, 0.016, 238.758, 0.033, 254.126, 0.089, 233.767, 0.062, 213.445, 0.027,
042-pdn10ABBAb1, 10.085800, 0.000358611570248, 267.909, 0.069, 189.982, 0.034, 214.213, 0.019, 222.676, 0.006, 263.144, 0.068, 169.668, 0.05, -197.861, 0.005, 236.795, 0.068, 264.095, 0.074, 194.642, 0.026, 166.382, 0.033, -174.984, 0.057,
042-pdn11ABABa1, 9.565340, 0.00163674380165, 209.237, 0.045, 251.333, 0.051, 213.071, 0.034, 250.892, 0.066, 274.655, 0.039, 289.079, 0.096, 192.805, 0.048, 232.177, 0.061, 203.467, 0.013, 180.937, 0.138, 226.442, 0.039, 197.574, 0.061,
042-pdn11ABABb1, 5.913310, 0.161207785124, 91.3205, 0.032, 113.553, 0.035, 107.688, 0.001, 203.561, 0.044, 78.0233, 0.064, 126.055, 0.032, 151.756, 0.025, 148.373, 0.089, neg 115.158, 0.0, 156.157, 0.136, 184.504, 0.16, 143.492, 0.013,
042-pdn11ABBAa1, 9.409090, 0.00213856198347, 268.275, 0.03, 205.633, 0.059, 225.502, 0.063, 231.088, 0.036, 176.908, 0.044, 222.191, 0.073, 262.447, 0.086, 181.295, 0.051, 190.459, 0.045, 180.766, 0.066, 268.045, 0.059, 215.83, 0.037,
042-pdn11ABBAb1, 9.832000, 0.000824380165289, 254.723, 0.07, 196.178, 0.026, 179.553, 0.038, 236.065, 0.06, 287.192, 0.097, 187.052, 0.039, 246.477, 0.033, 186.639, 0.101, 204.022, 0.064, 188.159, 0.005, 207.387, 0.027, 194.559, 0.038,
042-pdn12ABABa1, 9.837300, 0.000455702479339, 209.854, 0.029, 192.252, 0.056, 207.416, 0.026, 125.487, 0.067, 220.938, 0.032, 233.197, 0.068, 170.092, 0.031, -204.198, 0.039, 249.088, 0.03, 246.701, 0.068, 240.514, 0.028, 158.993, 0.105,
042-pdn12ABABb1, 9.672330, 0.00165401652893, 226.178, 0.055, 167.36, 0.032, 231.852, 0.076, 171.486, 0.039, 160.984, 0.086, 207.329, 0.043, 170.063, 0.005, 194.641, 0.042, 218.386, 0.044, 179.659, 0.028, 143.501, 0.018, 166.721, 0.057,
042-pdn12ABBAa1, 9.667480, 0.00117887603306, 183.245, 0.03, 198.605, 0.048, 181.156, 0.062, 187.998, 0.024, 306.092, 0.048, 198.865, 0.04, 203.139, 0.091, 142.925, 0.045, 205.769, 0.073, 231.495, 0.055, 192.98, 0.064, -204.79, 0.084,
042-pdn12ABBAb1, 9.514830, 0.0071254214876, 179.893, 0.054, 200.437, 0.045, 218.393, 0.031, 240.251, 0.081, 185.438, 0.094, 217.158, 0.026, 191.864, 0.016, 224.41, 0.05, 216.467, 0.005, 157.549, 0.005, 207.361, 0.046, 168.574, 0.04,
042-psm01ABABa1, 9.832530, 0.00110456198347, 225.365, 0.065, 184.666, 0.011, 240.284, 0.045, 153.978, 0.012, -183.923, 0.077, 213.671, 0.066, 233.103, 0.034, 155.451, 0.027, 272.357, 0.059, 233.762, 0.013, -186.356, 0.066, 178.024, 0.012,
042-psm01ABABb1, 9.509980, 0.000390561983471, 213.394, 0.012, 223.269, 0.044, -193.079, 0.071, 223.07, 0.042, 211.548, 0.011, 190.021, 0.135, 159.902, 0.01, -194.522, 0.105, 232.107, 0.011, 195.442, 0.124, 177.072, 0.028, 172.92, 0.045,
042-psm01ABBAa1, 9.470710, 0.00135778512397, 233.292, 0.029, 158.075, 0.083, 167.446, 0.02, 141.276, 0.033, 217.062, 0.035, 124.653, 0.096, 169.993, 0.023, 145.319, 0.052, 258.914, 0.017, -153.242, 0.082, 242.235, 0.012, 127.977, 0.035,
042-psm01ABBAb1, 9.496550, 0.000488148760331, 270.642, 0.015, -201.896, 0.115, 217.816, 0.038, 186.082, 0.018, 230.337, 0.012, 203.042, 0.122, -189.236, 0.062, 155.949, 0.072, -207.833, 0.073, 204.677, 0.036, 169.626, 0.143, 198.767, 0.013,
042-psm02ABABa1, 8.721000, 0.000744595041322, 229.69, 0.065, 224.662, 0.005, 195.84, 0.038, 195.338, 0.076, 247.683, 0.052, 154.983, 0.013, 210.597, 0.056, 199.948, 0.01, 233.002, 0.055, -182.349, 0.073, 232.994, 0.048, -211.049, 0.075,
042-psm02ABABb1, 8.907020, 0.000382925619835, 183.445, 0.013, 173.016, 0.064, 192.342, 0.041, 151.87, 0.045, 194.695, 0.014, 218.774, 0.021, 175.458, 0.011, 157.754, 0.121, 163.243, 0.012, 221.391, 0.041, 162.06, 0.01, 154.461, 0.054,
042-psm02ABBAa1, 8.547900, 0.000180561983471, 252.931, 0.065, 198.226, 0.021, 175.79, 0.013, 145.912, 0.129, 160.48, 0.071, -161.594, 0.076, 207.274, 0.024, 227.829, 0.064, 243.652, 0.052, 212.299, 0.015, 201.228, 0.015, 216.853, 0.051,
042-psm02ABBAb1, 8.786280, 0.000438561983471, 235.37, 0.012, 251.363, 0.066, -185.785, 0.09, 198.747, 0.012, 134.963, 0.005, 210.571, 0.069, 229.265, 0.036, 212.67, 0.01, 247.628, 0.014, 235.931, 0.033, -194.559, 0.113, 133.642, 0.026,
042-psm03ABABa1, 9.848920, 0.00354438016529, 262.746, 0.039, 209.41, 0.013, 259.767, 0.07, 247.478, 0.013, 229.24, 0.07, 172.644, 0.005, -193.059, 0.054, 196.332, 0.047, 191.308, 0.024, 206.954, 0.032, 181.716, 0.053, 195.625, 0.035,
042-psm03ABABb1, 9.637980, 0.000874876033058, -177.347, 0.069, 280.588, 0.07, 232.25, 0.015, 208.938, 0.044, -179.828, 0.057, 226.665, 0.071, 241.915, 0.013, 187.126, 0.145, 179.574, 0.014, 255.146, 0.079, 170.079, 0.023, 220.019, 0.087,
042-psm03ABBAa1, 10.099200, 0.00111178512397, 223.771, 0.047, 203.675, 0.013, 228.975, 0.022, 239.49, 0.029, 226.407, 0.063, 208.806, 0.014, 173.795, 0.015, 258.915, 0.043, 186.875, 0.045, 247.787, 0.035, 223.064, 0.018, 165.289, 0.022,
042-psm03ABBAb1, 9.265430, 0.000907173553719, -198.306, 0.079, 201.589, 0.117, 256.93, 0.063, 213.446, 0.015, 206.841, 0.015, 223.55, 0.075, 151.68, 0.028, -202.22, 0.089, 242.525, 0.038, 194.378, 0.018, 200.694, 0.018, 273.823, 0.047,
042-psm04ABABa1, 9.271640, 0.000435355371901, -174.376, 0.071, 215.967, 0.01, 149.216, 0.039, 145.013, 0.01, 218.24, 0.081, 237.675, 0.013, 204.967, 0.063, 143.786, 0.012, 218.032, 0.058, 198.711, 0.011, 212.09, 0.061, 119.921, 0.028,
042-psm04ABABb1, 8.629780, 0.000761834710744, 277.741, 0.011, 216.687, 0.05, 205.769, 0.022, 208.842, 0.026, 195.506, 0.012, 188.384, 0.054, 207.927, 0.016, 176.057, 0.051, -190.022, 0.074, -160.471, 0.067, 184.101, 0.079, 135.214, 0.011,
042-psm04ABBAa1, 9.495040, 0.000300876033058, 211.798, 0.048, 206.995, 0.012, 194.434, 0.013, 154.64, 0.049, 228.545, 0.036, 194.904, 0.02, 203.226, 0.011, 170.23, 0.043, 215.915, 0.09, 206.642, 0.012, 198.874, 0.011, 190.714, 0.024,
042-psm04ABBAb1, 8.740360, 0.000513685950413, 233.873, 0.021, 210.829, 0.031, 185.825, 0.035, 122.335, 0.009, -151.115, 0.028, 197.389, 0.098, 211.044, 0.03, 177.074, 0.016, -174.997, 0.005, 203.58, 0.044, 200.471, 0.024, 118.825, 0.028,
042-psm05ABABa1, 9.359680, 0.00152018181818, 170.355, 0.04, 184.799, 0.021, 235.034, 0.036, 139.286, 0.012, 271.281, 0.069, 226.481, 0.011, 254.153, 0.068, 124.956, 0.015, 167.82, 0.038, 213.778, 0.021, 158.763, 0.011, 146.016, 0.06,
042-psm05ABABb1, 9.450660, 0.000305834710744, 203.041, 0.026, 213.812, 0.024, 204.153, 0.014, 202.795, 0.055, 194.066, 0.012, 280.212, 0.06, 217.29, 0.016, 215.907, 0.049, 225.253, 0.014, 256.43, 0.049, 240.734, 0.015, 202.091, 0.026,
042-psm05ABBAa1, 9.259300, 0.000472776859504, 310.474, 0.086, 207.485, 0.022, 211.472, 0.014, 218.409, 0.064, 284.725, 0.087, 191.24, 0.014, 216.25, 0.017, 238.876, 0.13, 231.258, 0.047, 219.274, 0.022, 213.978, 0.017, 198.552, 0.089,
042-psm05ABBAb1, 9.371890, 0.000683636363636, 208.439, 0.012, 245.208, 0.043, 193.186, 0.104, -187.194, 0.073, 230.859, 0.015, 233.758, 0.091, 205.703, 0.036, 243.19, 0.015, 167.734, 0.022, 247.348, 0.028, 211.885, 0.067, 180.132, 0.012,
042-psm06ABABa1, 9.083410, 0.000888694214876, 235.6, 0.064, 195.859, 0.014, 250.37, 0.073, 216.214, 0.019, 266.179, 0.122, 211.959, 0.013, 168.819, 0.074, -201.003, 0.067, 214.263, 0.078, 237.176, 0.014, 218.986, 0.07, -181.56, 0.079,
042-psm06ABABb1, 9.107070, 0.000782231404959, 211.4, 0.015, 250.186, 0.084, 209.928, 0.014, 176.512, 0.083, 170.439, 0.032, 240.156, 0.097, 197.826, 0.036, 162.173, 0.085, 203.373, 0.023, 230.44, 0.088, 246.731, 0.016, 161.023, 0.088,
042-psm06ABBAa1, 8.926000, 0.000907685950413, 253.148, 0.04, 218.128, 0.015, 190.724, 0.023, 191.417, 0.054, 232.541, 0.074, 238.424, 0.014, 189.552, 0.015, 250.205, 0.102, 255.303, 0.068, 200.714, 0.018, 261.047, 0.015, 169.699, 0.125,
042-psm06ABBAb1, 9.034710, 0.00135819834711, 248.841, 0.012, 209.146, 0.08, 232.39, 0.049, 133.879, 0.027, 185.885, 0.016, 235.128, 0.098, 229.212, 0.074, 134.696, 0.044, 145.46, 0.075, 257.163, 0.086, 258.24, 0.07, 229.074, 0.012,
042-psm07ABABa1, 8.973330, 0.00434370247934, 290.585, 0.046, 231.348, 0.013, 204.423, 0.056, 247.673, 0.014, 120.892, 0.317, 159.922, 0.018, 275.775, 0.049, 223.985, 0.015, 246.737, 0.045, 235.373, 0.015, 304.696, 0.04, 229.406, 0.068,
042-psm07ABABb1, 9.001250, 0.00070932231405, 220.877, 0.022, 251.925, 0.055, 235.831, 0.015, 240.991, 0.142, 273.358, 0.014, 297.599, 0.091, 232.176, 0.015, 160.488, 0.11, 244.936, 0.036, 226.008, 0.055, 236.375, 0.014, 145.791, 0.069,
042-psm07ABBAa1, 8.526610, 0.00110687603306, 254.491, 0.168, 261.338, 0.015, 249.159, 0.014, 251.049, 0.061, 332.756, 0.079, 228.736, 0.026, 261.74, 0.017, 253.799, 0.068, 256.585, 0.097, 220.295, 0.017, 214.088, 0.016, 231.278, 0.045,
042-psm07ABBAb1, 9.279750, 0.00040679338843, 223.556, 0.012, 269.267, 0.03, 238.564, 0.032, 222.219, 0.013, 230.907, 0.018, 220.756, 0.094, 206.906, 0.07, 226.794, 0.014, 285.645, 0.015, 193.457, 0.08, 271.011, 0.082, 182.687, 0.011,
042-psm08ABABa1, 9.456950, 0.00529514049587, 312.018, 0.044, 208.315, 0.024, 238.632, 0.058, 201.442, 0.013, 253.086, 0.135, 207.966, 0.013, 218.774, 0.049, 273.525, 0.015, 229.012, 0.046, 232.711, 0.013, -157.792, 0.066, 177.653, 0.101,
042-psm08ABABb1, 9.536060, 0.00295090909091, 180.385, 0.012, 234.13, 0.036, 268.273, 0.016, 182.515, 0.019, 227.736, 0.019, 169.505, 0.024, 210.868, 0.02, 227.005, 0.04, 221.805, 0.017, 207.194, 0.035, 260.865, 0.014, 175.579, 0.019,
042-psm08ABBAa1, 9.395720, 0.00123819834711, 226.155, 0.116, 198.807, 0.014, 212.736, 0.013, 173.25, 0.057, 161.433, 0.006, 196.183, 0.03, 223.863, 0.016, 281.606, 0.066, 283.871, 0.086, 192.45, 0.054, 250.145, 0.021, 163.547, 0.115,
042-psm08ABBAb1, 9.852120, 0.00144095867769, 183.17, 0.013, 235.09, 0.032, 251.333, 0.048, -204.827, 0.068, 174.381, 0.088, 223.614, 0.032, 225.232, 0.051, 150.783, 0.016, -204.909, 0.09, 193.223, 0.029, 256.417, 0.03, 208.139, 0.027,
042-psm09ABABa1, 9.120990, 0.000585966942149, 240.535, 0.061, -214.56, 0.071, 199.29, 0.093, 181.56, 0.017, 221.552, 0.047, 211.612, 0.017, 174.751, 0.104, 216.058, 0.031, 204.42, 0.021, 199.381, 0.039, 181.128, 0.042, 155.237, 0.066,
042-psm09ABABb1, 9.188260, 0.000502016528926, 226.249, 0.019, 161.414, 0.006, 214.924, 0.029, 176.828, 0.132, 163.164, 0.047, 232.989, 0.087, 217.648, 0.02, 167.847, 0.157, 220.494, 0.025, 184.344, 0.07, 189.517, 0.021, 192.699, 0.031,
042-psm09ABBAa1, 9.209120, 0.00128480991736, 197.974, 0.074, 217.087, 0.019, 203.459, 0.024, 236.844, 0.062, 215.329, 0.035, 181.158, 0.015, 132.647, 0.02, 233.514, 0.073, 190.506, 0.035, 162.952, 0.036, 199.778, 0.028, -179.016, 0.127,
042-psm09ABBAb1, 9.006430, 0.000708446280992, 247.337, 0.022, 241.186, 0.093, 216.52, 0.062, 216.376, 0.021, 203.499, 0.016, 201.073, 0.094, 228.005, 0.072, 131.776, 0.075, 230.184, 0.021, 199.829, 0.076, 228.824, 0.05, 137.533, 0.028,
042-psm10ABABa1, 9.941010, 0.000514595041322, 162.255, 0.074, 237.55, 0.042, 262.703, 0.072, 202.079, 0.029, 204.173, 0.076, 162.934, 0.038, 256.788, 0.085, 226.591, 0.024, 309.807, 0.083, 179.626, 0.019, 186.011, 0.068, 192.536, 0.038,
042-psm10ABABb1, 9.774500, 0.0015214214876, 209.073, 0.017, 226.453, 0.058, 238.766, 0.018, 208.73, 0.038, 240.986, 0.018, 253.162, 0.018, 221.936, 0.034, 161.743, 0.084, 261.141, 0.018, 239.353, 0.095, 212.85, 0.017, 118.278, 0.026,
042-psm10ABBAa1, 9.414960, 0.000811900826446, 195.832, 0.069, 234.274, 0.016, 217.992, 0.024, 228.359, 0.121, 250.758, 0.015, -236.066, 0.086, 194.365, 0.063, 223.406, 0.107, 251.123, 0.07, 244.905, 0.016, 149.066, 0.046, 139.756, 0.035,
042-psm10ABBAb1, 9.740830, 0.000621867768595, 200.079, 0.014, 249.193, 0.067, 204.619, 0.053, 133.045, 0.023, 276.019, 0.032, 215.725, 0.051, 209.001, 0.054, 222.148, 0.021, 232.13, 0.024, 249.051, 0.043, 247.388, 0.056, 223.033, 0.025,
042-psm11ABABa1, 9.877730, 0.00155844628099, 207.254, 0.089, -136.533, 0.04, 216.936, 0.082, 220.742, 0.049, 176.034, 0.081, 219.421, 0.029, 229.479, 0.067, 222.923, 0.064, 232.283, 0.047, 210.652, 0.075, 155.762, 0.059, 129.589, 0.029,
042-psm11ABABb1, 9.510820, 0.00128879338843, 223.093, 0.022, 237.657, 0.055, 190.969, 0.035, 204.147, 0.07, 173.024, 0.037, 201.854, 0.041, 199.722, 0.046, 141.681, 0.033, -181.324, 0.031, 217.78, 0.07, 157.27, 0.053, 146.024, 0.043,
042-psm11ABBAa1, 9.852170, 0.000523785123967, 229.021, 0.109, 209.82, 0.029, 250.395, 0.032, 249.78, 0.109, 249.954, 0.054, 200.264, 0.048, 191.346, 0.038, 113.62, 0.041, 232.748, 0.052, 189.515, 0.03, 188.035, 0.029, 223.82, 0.046,
042-psm11ABBAb1, 9.761970, 0.000452876033058, 224.549, 0.03, 263.555, 0.073, 197.312, 0.058, 212.024, 0.031, 220.382, 0.044, 233.454, 0.072, 202.502, 0.048, 289.945, 0.043, 248.648, 0.045, 241.023, 0.084, 226.547, 0.113, 196.718, 0.032,
042-psm12ABABa1, 9.555870, 0.00117887603306, 231.805, 0.056, 223.398, 0.021, 186.185, 0.034, 181.497, 0.045, 205.397, 0.021, 152.959, 0.088, 203.334, 0.096, 179.854, 0.029, -200.026, 0.091, 176.787, 0.055, 251.438, 0.06, 165.584, 0.026,
042-psm12ABABb1, 9.675600, 0.000416198347107, 205.254, 0.027, 216.866, 0.055, 196.7, 0.034, 206.555, 0.049, -211.903, 0.088, 232.16, 0.052, 194.788, 0.024, 154.737, 0.04, 226.979, 0.042, 217.975, 0.069, 214.206, 0.036, 162.845, 0.075,
042-psm12ABBAa1, 9.710510, 0.00141153719008, 250.96, 0.041, 193.771, 0.037, 197.779, 0.03, 234.126, 0.064, 230.979, 0.053, 118.919, 0.021, 210.682, 0.026, 256.26, 0.077, -125.248, 0.008, 205.742, 0.063, 156.018, 0.074, 167.296, 0.067,
042-psm12ABBAb1, 10.449300, 0.000882446280992, 188.738, 0.052, 196.309, 0.066, 252.225, 0.089, 209.993, 0.02, 208.448, 0.024, 217.796, 0.071, -198.664, 0.121, 218.496, 0.02, 215, 0.021, 208.186, 0.089, 195.13, 0.049, -224.041, 0.087,
042-psn01ABABa1, 8.100190, 0.00174092561983, 145.338, 0.038, 200.01, 0.019, 254.963, 0.066, 199.26, 0.025, 242.994, 0.062, 235.152, 0.011, 176.337, 0.058, 214.68, 0.016, 211.705, 0.046, 219.848, 0.02, 213.916, 0.061, 124.992, 0.074,
042-psn01ABABb1, 7.895780, 0.00246495867769, 159.38, 0.135, 209.193, 0.036, 206.36, 0.028, -138.958, 0.03, 228.954, 0.013, 289.628, 0.077, 208.995, 0.018, 136.754, 0.118, 143.538, 0.01, 226.301, 0.016, 231.794, 0.015, 196.308, 0.011,
042-psn01ABBAa1, 7.679910, 0.000821603305785, 246.121, 0.054, 178.439, 0.017, 238.049, 0.009, 235.886, 0.083, 245.831, 0.073, 207.37, 0.019, 189.97, 0.032, 227.312, 0.058, 241.557, 0.025, -176.879, 0.056, 226.143, 0.014, 212.48, 0.027,
042-psn01ABBAb1, 8.039600, 0.00161370247934, 253.299, 0.015, 217.302, 0.045, 240.33, 0.027, 151.16, 0.03, -193.473, 0.038, 245.165, 0.087, 182.478, 0.005, 195.377, 0.011, 202.212, 0.08, 235.219, 0.075, 155.309, 0.012, 244.893, 0.005,
042-psn02ABABa1, 8.811870, 0.000836512396694, 253.336, 0.044, 209.555, 0.012, 210.338, 0.056, 197.628, 0.02, 255.111, 0.061, 201.151, 0.011, 200.076, 0.115, 249.317, 0.013, 229.364, 0.041, 228.22, 0.012, 237.134, 0.039, 220.368, 0.017,
042-psn02ABABb1, 8.794130, 0.000538958677686, 303.991, 0.012, 207.809, 0.043, 206.743, 0.012, 165.737, 0.13, 193.004, 0.005, 220.647, 0.062, 265.373, 0.015, 138.515, 0.043, 274.609, 0.014, 214.094, 0.075, 222.061, 0.014, 147.822, 0.016,
042-psn02ABBAa1, 8.842120, 0.00060626446281, 234.592, 0.06, 189.586, 0.031, 179.522, 0.023, 199.11, 0.028, 163.636, 0.032, 223.036, 0.051, 220.62, 0.033, 151.462, 0.014, 209.704, 0.052, 171.365, 0.033, 162.206, 0.005, 200.793, 0.055,
042-psn02ABBAb1, 9.086020, 0.00035441322314, 195.31, 0.012, 204.63, 0.047, -178.289, 0.087, 226.067, 0.011, 214.267, 0.025, 216.436, 0.035, 193.268, 0.058, 198.065, 0.079, 124.339, 0.081, 217.345, 0.104, 249.768, 0.075, 214.611, 0.012,
042-psn03ABABa1, 8.932070, 0.00276259504132, 228.763, 0.059, 238.655, 0.011, 203.255, 0.049, 241.54, 0.012, 240.237, 0.037, 218.52, 0.014, 247.984, 0.047, 239.492, 0.051, 286.381, 0.029, 219.131, 0.013, 180.549, 0.062, 216.163, 0.015,
042-psn03ABABb1, 9.051480, 0.00114642975207, 190.621, 0.016, 239.401, 0.05, 194.271, 0.013, 196.533, 0.048, -188.331, 0.079, -217.332, 0.057, 200.06, 0.013, 105.875, 0.037, 256.928, 0.014, 233.368, 0.078, 227.97, 0.012, 165.691, 0.124,
042-psn03ABBAa1, 8.803290, 0.000100198347107, 229.949, 0.06, 240.408, 0.013, 250.143, 0.015, 253.348, 0.075, 182.861, 0.07, 201.362, 0.022, 266.877, 0.013, 221.902, 0.069, 251.499, 0.058, -210.177, 0.077, 202.081, 0.022, 156.819, 0.126,
042-psn03ABBAb1, 8.707860, 0.00099641322314, -209.174, 0.081, 258.525, 0.08, 207.882, 0.06, 185.609, 0.013, 272.127, 0.011, 255.052, 0.038, 173.057, 0.117, 224.929, 0.013, -230.944, 0.086, 204.141, 0.01, 254.556, 0.05, 208.98, 0.013,
042-psn04ABABa1, 9.207990, 0.00107226446281, 216.749, 0.056, 201.705, 0.012, 207.958, 0.119, 138.361, 0.07, 259.195, 0.097, 193.547, 0.017, 247.825, 0.065, 154.972, 0.01, 215.174, 0.06, 170.792, 0.013, 110.7, 0.057, 139.578, 0.082,
042-psn04ABABb1, 8.936360, 0.00114768595041, 247.55, 0.114, 217.664, 0.049, 200.711, 0.01, 160.395, 0.044, 222.818, 0.012, 254.983, 0.059, 144.673, 0.091, 192.914, 0.085, 238.379, 0.018, 216.581, 0.042, 224.979, 0.012, 166.083, 0.008,
042-psn04ABBAa1, 9.330200, 0.000343818181818, 197.599, 0.047, 196.717, 0.013, 219.194, 0.013, 179.987, 0.083, 178.864, 0.059, 183.916, 0.015, 176.699, 0.022, 203.91, 0.065, 186.393, 0.092, -195.753, 0.07, 214.246, 0.014, 138.98, 0.081,
042-psn04ABBAb1, 8.231280, 0.00164004958678, 176.889, 0.093, 202.694, 0.063, -183.588, 0.077, 172.524, 0.017, 237.601, 0.061, 211.861, 0.012, 222.283, 0.013, 213.344, 0.039, 195.787, 0.088, 228.905, 0.016, 180.678, 0.034, 119.633, 0.027,
042-psn05ABABa1, 9.787280, 0.000691966942149, 185.314, 0.038, 221.801, 0.021, 246.361, 0.04, -196.676, 0.029, 287.537, 0.067, 233.94, 0.012, 202.876, 0.088, 211.506, 0.019, 271.638, 0.095, 238.905, 0.014, 267.479, 0.072, 164.726, 0.012,
042-psn05ABABb1, 9.592480, 0.000737719008264, 220.453, 0.028, 247.45, 0.045, 249.969, 0.016, 173.683, 0.04, 214.789, 0.021, 240.422, 0.048, 242.148, 0.016, 183.877, 0.139, 259.209, 0.012, 222.174, 0.065, 207.421, 0.023, 126.347, 0.022,
042-psn05ABBAa1, 9.943700, 0.00225495867769, 215.029, 0.062, 260.936, 0.014, 161.881, 0.014, 288.653, 0.06, 284.805, 0.069, 252.107, 0.016, 227.182, 0.014, 201.768, 0.062, -185.229, 0.094, 183.808, 0.012, 199.572, 0.014, 158.398, 0.005,
042-psn05ABBAb1, 9.473520, 0.00327714049587, 256.414, 0.011, 201.098, 0.049, 256.84, 0.047, 240.87, 0.015, 182.514, 0.042, 273.522, 0.051, 274.224, 0.067, 184.262, 0.013, 220.57, 0.016, 300.999, 0.031, 155.147, 0.015, 163.43, 0.043,
042-psn06ABABa1, 8.629460, 0.000968743801653, 227.66, 0.06, 201.816, 0.014, 255.282, 0.045, 180.879, 0.092, 266.165, 0.041, 193.289, 0.005, 239.69, 0.018, -153.255, 0.013, -189.724, 0.066, 202.887, 0.02, 288.209, 0.071, 174.447, 0.011,
042-psn06ABABb1, 8.715560, 0.00170565289256, 189.251, 0.016, 211.966, 0.069, 249.349, 0.02, 198.494, 0.062, 220.727, 0.026, 247.135, 0.046, 197.59, 0.03, 188.104, 0.068, 153.015, 0.034, 226.495, 0.005, 139.139, 0.012, 175.707, 0.044,
042-psn06ABBAa1, 8.604470, 0.00233819834711, 185.049, 0.054, 185.725, 0.015, 211.45, 0.018, 147, 0.063, 275.267, 0.08, 197.605, 0.034, 201.842, 0.023, 148.381, 0.066, 261.923, 0.06, 260.826, 0.036, 204.133, 0.096, 183.516, 0.017,
042-psn06ABBAb1, 8.492570, 0.00227309090909, 204.067, 0.013, 185.968, 0.059, 234.52, 0.005, 203.026, 0.129, 174.333, 0.028, 263.249, 0.041, -204.06, 0.067, 164.211, 0.022, 169.929, 0.017, 222.611, 0.054, -168.096, 0.077, -215.375, 0.069,
042-psn07ABABa1, 8.924200, 0.000994429752066, 211.733, 0.049, 183.668, 0.015, 220.896, 0.047, 168.012, 0.024, 237.376, 0.069, 227.384, 0.014, 235.047, 0.052, 138.687, 0.037, -225.458, 0.081, 203.705, 0.014, 258.756, 0.06, 180.286, 0.014,
042-psn07ABABb1, 9.270070, 0.000253239669421, 197.182, 0.023, 222.317, 0.069, 204.965, 0.023, 170.621, 0.029, 248.483, 0.014, 196.346, 0.078, 218.068, 0.014, 203.476, 0.059, 235.37, 0.019, 220.133, 0.056, 231.385, 0.014, 200.92, 0.016,
042-psn07ABBAa1, 8.834110, 0.00028147107438, 243.889, 0.067, 173.588, 0.013, 141.837, 0.017, 235.944, 0.031, 286.938, 0.076, 194.17, 0.016, 171.97, 0.013, 212.023, 0.076, 251.156, 0.061, 251.621, 0.012, 228.216, 0.019, 154.822, 0.064,
042-psn07ABBAb1, 9.057960, 0.000485289256198, 241.819, 0.013, 268.82, 0.041, 250.827, 0.045, 260.686, 0.013, 212.513, 0.017, 201.661, 0.145, 215.946, 0.061, 185.706, 0.015, 182.524, 0.013, 284.788, 0.081, 200.433, 0.042, 215.673, 0.012,
042-psn08ABABa1, 9.445340, 0.00162571900826, 220.349, 0.041, 198.896, 0.015, 215.853, 0.046, 201.196, 0.014, 210.031, 0.043, 182.565, 0.014, 223.195, 0.01, 243.207, 0.016, 257.769, 0.058, 237.989, 0.015, 219.593, 0.011, 204.857, 0.015,
042-psn08ABABb1, 9.342160, 0.00129353719008, 222.145, 0.017, 256.475, 0.075, 207.192, 0.022, 226.627, 0.117, 182.586, 0.013, 264.754, 0.069, 203.585, 0.015, 140.626, 0.005, 254.757, 0.013, 222.161, 0.046, 231.416, 0.015, 185.229, 0.07,
042-psn08ABBAa1, 8.969240, 0.00048505785124, 218.118, 0.056, 192.748, 0.021, 183.391, 0.025, 204.448, 0.041, 219.845, 0.082, 141.275, 0.05, 156.319, 0.024, 214.138, 0.054, -202.357, 0.118, 159.514, 0.031, 199.115, 0.02, 260.715, 0.048,
042-psn08ABBAb1, 9.517580, 0.00175378512397, 256.504, 0.023, 241.286, 0.046, 267.289, 0.04, 237.466, 0.016, 222.437, 0.016, 202.937, 0.005, 202.761, 0.033, 205.991, 0.012, 205.592, 0.011, 134.925, 0.005, 273.635, 0.068, 195.777, 0.022,
042-psn09ABABa1, 9.321630, 0.000265685950413, 233.477, 0.057, 199.706, 0.029, 230.61, 0.074, 205.842, 0.034, 204.204, 0.084, 191.867, 0.027, 183.162, 0.036, 119.804, 0.033, 266.172, 0.081, 142.415, 0.023, 178.998, 0.099, 135.905, 0.081,
042-psn09ABABb1, 9.489660, 0.000766611570248, 207.925, 0.019, 219.006, 0.062, 201.707, 0.043, 178.656, 0.071, 236.81, 0.022, 227.842, 0.084, 195.074, 0.019, 117.174, 0.028, 228.622, 0.018, 188.676, 0.074, 147.707, 0.022, 149.641, 0.07,
042-psn09ABBAa1, 9.460120, 0.0010758677686, 273.695, 0.037, 215.349, 0.026, -216.218, 0.098, 252.114, 0.035, 195.702, 0.107, 204.047, 0.017, 170.667, 0.022, 228.292, 0.145, 207.285, 0.154, 212.494, 0.029, 201.454, 0.056, 192.149, 0.072,
042-psn09ABBAb1, 9.214840, 0.000607884297521, 219.06, 0.087, 258.89, 0.044, 187.839, 0.095, 151.489, 0.052, 218.805, 0.017, 203.007, 0.086, 235.251, 0.07, 177.887, 0.018, 258.641, 0.019, -171.335, 0.025, 216.315, 0.047, 143.581, 0.037,
042-psn10ABABa1, 9.709800, 0.00124163636364, 249.009, 0.061, 178.812, 0.019, 311.807, 0.084, 177.646, 0.027, 167.434, 0.005, 154.748, 0.024, 196.146, 0.084, 192.421, 0.02, 248.742, 0.081, 217.868, 0.021, 214.053, 0.128, 212.921, 0.044,
042-psn10ABABb1, 9.584030, 0.000422628099174, 234.46, 0.021, 174.113, 0.086, 154.773, 0.044, 152.705, 0.049, 183.846, 0.04, 185.002, 0.133, 167.973, 0.042, 140.38, 0.071, 203.458, 0.038, 250.285, 0.098, 202.191, 0.038, 195.619, 0.009,
042-psn10ABBAa1, 9.751020, 0.00193152066116, 181.416, 0.065, 238.814, 0.031, 136.242, 0.031, 229.282, 0.112, 181.777, 0.06, 199.947, 0.033, 211.992, 0.044, 138.613, 0.087, 238.086, 0.09, 149.781, 0.058, 140.396, 0.1, 213.147, 0.07,
042-psn10ABBAb1, 9.341770, 0.000663884297521, -166.214, 0.237, 221.436, 0.054, 251.304, 0.054, 213.214, 0.033, 226.115, 0.029, 210.169, 0.065, 195.822, 0.062, 147.546, 0.051, -149.591, 0.03, 235.226, 0.053, 224.033, 0.05, 247.953, 0.04,
042-psn11ABABa1, 9.316920, 0.00539114049587, 165.89, 0.072, 241.073, 0.032, 194.018, 0.005, 176.818, 0.052, 259.068, 0.059, 192.059, 0.031, 207.143, 0.056, 133.146, 0.064, 148.72, 0.049, 204.674, 0.046, 185.691, 0.024, 212.128, 0.024,
042-psn11ABABb1, 9.576610, 0.00123515702479, 287.09, 0.023, 222.344, 0.057, 293.087, 0.032, 206.73, 0.039, 236.215, 0.026, 231.861, 0.044, 209.536, 0.035, 148.689, 0.055, 226.565, 0.039, 183.943, 0.042, 225.256, 0.03, 209.511, 0.079,
042-psn11ABBAa1, 9.419090, 0.00206550413223, 280.702, 0.068, 199.198, 0.045, 277.409, 0.046, 239.461, 0.048, -222.678, 0.053, 250.811, 0.044, 205.095, 0.033, 192.577, 0.065, 214.695, 0.092, 191.872, 0.031, 175.759, 0.027, 171.852, 0.084,
042-psn11ABBAb1, 9.668330, 0.000580198347107, 171.819, 0.029, 226.21, 0.082, 206.962, 0.057, 158.744, 0.032, 263.244, 0.032, 230.92, 0.072, 233.185, 0.064, 241.638, 0.025, 198.647, 0.049, 157.279, 0.008, 180.329, 0.03, 143.145, 0.054,
042-psn12ABABa1, 10.004900, 0.000985884297521, 154.077, 0.047, 176.138, 0.029, 240.046, 0.07, 127.262, 0.017, 233.209, 0.058, 193.678, 0.027, 250.415, 0.046, 234.144, 0.016, 213.979, 0.034, 228.222, 0.037, 220.785, 0.081, 142.311, 0.021,
042-psn12ABABb1, 9.623480, 0.000486925619835, 211.896, 0.016, 285.891, 0.092, 196.898, 0.018, 244.115, 0.053, 195.687, 0.025, 206.108, 0.075, 131.485, 0.036, 148.283, 0.016, 172.862, 0.095, 241.386, 0.065, 201.732, 0.02, 196.708, 0.029,
042-psn12ABBAa1, 9.547790, 0.000512429752066, 272.331, 0.085, 221.575, 0.017, 252.522, 0.018, 248.469, 0.034, 262.774, 0.069, 212.929, 0.028, 195.472, 0.02, 163.553, 0.071, 259.059, 0.058, 220.108, 0.035, 221.958, 0.023, 245.464, 0.052,
042-psn12ABBAb1, 9.097190, 0.00113251239669, 204.09, 0.021, 185.331, 0.042, 240.98, 0.037, 140.164, 0.031, 178.733, 0.029, 200.669, 0.057, -150.964, 0.054, 197.18, 0.019, 194.673, 0.024, 227.875, 0.072, 152.788, 0.045, 180.577, 0.041,
