026-pdm01ABABa1, 8.790680, 0.00143601652893, -169.493, 0.076, 247.253, 0.079, 135.045, 0.009, 194.261, 0.078, -205.735, 0.087, 199.013, 0.075, 212.359, 0.02, 249.812, 0.091, -196.929, 0.081, 234.117, 0.064, 211.176, 0.02, 241.98, 0.074,
026-pdm01ABABb1, 9.108790, 0.00182778512397, 181.43, 0.076, -145.056, 0.012, 176.531, 0.079, -160.766, 0.075, 190.858, 0.079, -187.587, 0.08, 189.294, 0.084, -143.447, 0.077, 221.522, 0.091, 143.466, 0.021, 137.875, 0.093, 148.226, 0.041,
026-pdm01ABBAa1, 8.301210, 0.000139884297521, -206.753, 0.075, 187.411, 0.083, 205.992, 0.085, -198.855, 0.074, -209.376, 0.071, 184.279, 0.074, 184.95, 0.064, -247.814, 0.081, 193.144, 0.057, 189.108, 0.064, 174.696, 0.055, 152.284, 0.034,
026-pdm01ABBAb1, 8.889110, 0.00080547107438, 210.02, 0.049, 137.352, 0.015, -140.43, 0.085, 128.24, 0.102, 184.652, 0.012, 118.016, 0.005, 129.075, 0.028, 205.673, 0.081, 240.555, 0.064, -126.417, 0.08, -144.698, 0.078, 224.571, 0.095,
026-pdm02ABABa1, 9.922040, 0.000389289256198, -165.622, 0.078, 232.56, 0.07, -184.486, 0.073, 234.04, 0.071, 223.573, 0.014, 272.274, 0.068, 216.966, 0.011, 222.792, 0.088, 239.681, 0.009, 194.55, 0.091, 229.758, 0.022, 208.276, 0.055,
026-pdm02ABABb1, 9.153140, 0.0203844132231, -173.737, 0.03, -155.62, 0.079, 198.81, 0.054, 253.377, 0.014, 238.044, 0.056, -195.917, 0.073, 232.307, 0.021, 192.085, 0.014, 200.133, 0.199, 187.433, 0.074, 249.207, 0.007, 235.79, 0.072,
026-pdm02ABBAa1, 10.406400, 0.000244446280992, -189.447, 0.076, 186.462, 0.066, 227.478, 0.056, -152.13, 0.072, -196.877, 0.078, 242.231, 0.059, 236.094, 0.05, -226.972, 0.077, 196.716, 0.015, 227.283, 0.052, 217.894, 0.074, 154.229, 0.005,
026-pdm02ABBAb1, 10.644500, 0.00054626446281, 222.555, 0.059, -179.217, 0.078, 226.084, 0.01, 232.693, 0.056, 265.489, 0.05, 235.164, 0.008, -201.008, 0.077, 201.264, 0.062, 246.907, 0.037, -182.654, 0.08, 218.295, 0.021, 186.018, 0.044,
026-pdm03ABABa1, 9.598120, 0.000705900826446, 224.517, 0.005, 239.538, 0.045, 192.67, 0.016, 206.823, 0.07, -231.453, 0.078, 229.043, 0.059, 245.015, 0.01, 272.451, 0.04, 195.428, 0.011, 280.543, 0.04, 241.637, 0.012, 228.208, 0.064,
026-pdm03ABABb1, 8.907060, 0.00396953719008, 154.556, 0.04, -230.468, 0.076, 235.385, 0.091, 193.858, 0.083, 237.21, 0.048, -209.191, 0.07, 203.83, 0.005, 118.966, 0.005, 211.97, 0.068, -175.495, 0.076, 177.822, 0.037, 135.719, 0.005,
026-pdm03ABBAa1, 9.768310, 0.00653224793388, -164.145, 0.096, 236.007, 0.058, 243.934, 0.043, 157.658, 0.043, -194.143, 0.079, 149.789, 0.044, 143.351, 0.05, 231.588, 0.056, 191.294, 0.09, 205.417, 0.033, -232.804, 0.089, 185.26, 0.04,
026-pdm03ABBAb1, 9.613140, 0.00832459504132, 256.177, 0.05, -174.491, 0.071, -136.766, 0.077, 237.522, 0.06, 197.028, 0.058, -175.487, 0.084, -117.989, 0.076, 136.445, 0.106, 175.679, 0.005, 272.375, 0.063, 169.611, 0.005, -187.949, 0.101,
026-pdm04ABABa1, 9.779490, 0.000551239669421, -200.419, 0.079, 201.776, 0.066, -193.32, 0.081, 229.52, 0.064, -209.31, 0.08, 221.648, 0.058, -177.48, 0.084, 206.665, 0.051, -223.037, 0.074, 218.697, 0.058, -184.13, 0.083, 159.144, 0.04,
026-pdm04ABABb1, 9.957580, 0.000272776859504, 199.603, 0.056, -198.964, 0.081, 189.621, 0.07, 153.813, 0.066, 204.575, 0.051, -183.386, 0.083, 212.606, 0.048, 170.28, 0.056, 206.336, 0.055, 185.433, 0.08, 215.945, 0.066, 142.389, 0.068,
026-pdm04ABBAa1, 9.716040, 0.00167168595041, -193.474, 0.076, 154.644, 0.076, 159.464, 0.114, -213.2, 0.076, -172.227, 0.077, 210.211, 0.063, 138.958, 0.009, 122.79, 0.068, -189.777, 0.078, 203.336, 0.075, 179.119, 0.015, 158.429, 0.047,
026-pdm04ABBAb1, 9.817730, 0.000871157024793, 197.776, 0.052, -176.104, 0.084, 253.693, 0.008, 210.862, 0.06, 203.203, 0.061, -174.024, 0.08, -186.911, 0.085, 169.118, 0.01, 209.396, 0.011, 173.881, 0.014, -213.791, 0.078, 223.818, 0.012,
026-pdm05ABABa1, 9.618090, 0.00431996694215, 204.277, 0.018, 191.443, 0.059, 198.167, 0.012, 221.98, 0.076, -185.783, 0.077, 208.448, 0.072, -176.895, 0.076, 225.977, 0.071, 200.951, 0.125, 209.534, 0.051, 148.169, 0.014, 159.473, 0.058,
026-pdm05ABABb1, 9.248510, 0.000254247933884, 219.124, 0.06, -165.222, 0.071, 225.71, 0.078, -163.426, 0.072, 249.684, 0.075, 193.689, 0.019, 260.512, 0.086, 215.404, 0.014, 260.322, 0.075, 153.307, 0.015, 209.151, 0.077, 208.578, 0.014,
026-pdm05ABBAa1, 9.019920, 0.000601652892562, -175.717, 0.078, 190.104, 0.074, 194.105, 0.053, -142.332, 0.011, -182.606, 0.08, 217.999, 0.066, 210.005, 0.077, -199.183, 0.077, 199.776, 0.012, 249.79, 0.084, 221.865, 0.076, -192.714, 0.078,
026-pdm05ABBAb1, 9.582910, 0.000500809917355, 251.185, 0.06, 174.873, 0.01, -139.504, 0.01, 208.489, 0.057, 252.943, 0.061, 199.351, 0.018, 230.449, 0.014, 221.837, 0.069, 251.858, 0.06, -172.414, 0.079, 194.036, 0.013, 219.412, 0.068,
026-pdm06ABABa1, 9.804630, 0.00047105785124, 199.395, 0.019, 236.752, 0.059, 179.334, 0.015, 258.688, 0.07, 190.841, 0.017, 251.659, 0.068, 189.393, 0.015, 260.409, 0.067, 184.784, 0.016, 254.423, 0.078, 190.184, 0.02, 240.069, 0.049,
026-pdm06ABABb1, 9.210250, 0.000244429752066, 264.367, 0.078, 165.579, 0.022, 251.968, 0.06, 135.34, 0.014, 253.524, 0.051, 200.772, 0.023, 252.275, 0.084, 201.89, 0.018, 254.151, 0.069, 232.121, 0.017, 243.137, 0.079, 190.011, 0.022,
026-pdm06ABBAa1, 9.109640, 0.000426628099174, 184.71, 0.014, 226.121, 0.078, 247.125, 0.066, 226.23, 0.015, 201.864, 0.016, 247.741, 0.068, 221.209, 0.079, 154.365, 0.019, 205.981, 0.018, 257.682, 0.064, 275.969, 0.061, 178.719, 0.013,
026-pdm06ABBAb1, 10.856800, 0.00204295867769, 290.245, 0.043, 216.76, 0.018, 229.82, 0.051, 217.248, 0.04, 223.928, 0.029, 190.748, 0.018, 214.36, 0.014, 237.396, 0.051, 218.302, 0.051, 226.717, 0.028, 258.357, 0.073, 232.66, 0.054,
026-pdm07ABABa1, 9.384790, 0.00143532231405, 229.353, 0.015, 249.256, 0.06, 207.59, 0.015, 228.754, 0.051, -217.526, 0.088, 278.074, 0.054, 226.6, 0.013, 243.961, 0.105, 330.262, 0.014, 277.267, 0.064, 285.188, 0.015, -231.866, 0.089,
026-pdm07ABABb1, 9.048460, 0.0017214214876, 162.52, 0.279, -194.983, 0.086, 232.145, 0.071, -179.387, 0.081, 256.62, 0.054, 308.517, 0.018, 277.538, 0.065, 218.908, 0.02, 298.133, 0.067, 255.5, 0.019, 296.754, 0.078, 295.567, 0.02,
026-pdm07ABBAa1, 9.133630, 0.000601785123967, 273.834, 0.014, 220.063, 0.062, 235.163, 0.066, 184.524, 0.011, 252.791, 0.203, 247.099, 0.042, 273.139, 0.056, -249.109, 0.07, 320.571, 0.029, 303.837, 0.063, 221.419, 0.059, -233.87, 0.086,
026-pdm07ABBAb1, 8.817220, 0.00108080991736, 234.204, 0.058, 212.752, 0.016, 245.763, 0.013, 231.547, 0.059, 271.16, 0.059, 268.285, 0.016, 276.7, 0.025, 190.349, 0.005, 184.466, 0.158, -242.27, 0.074, 247.187, 0.014, 228.063, 0.108,
026-pdm08ABABa1, 8.968630, 0.000401107438017, 181.001, 0.018, 222.893, 0.093, 185.895, 0.019, 235.373, 0.087, 177.348, 0.018, 213.906, 0.088, -111.759, 0.092, 221.367, 0.087, 150.054, 0.022, 220.095, 0.091, 171.567, 0.03, 214.565, 0.09,
026-pdm08ABABb1, 8.633790, 0.000673966942149, 298.004, 0.087, -115.65, 0.092, 212.164, 0.079, -157.889, 0.081, 227.21, 0.073, -131.009, 0.084, 229.561, 0.09, 167.703, 0.034, 205.158, 0.084, 185.179, 0.022, 206.146, 0.09, 166.977, 0.027,
026-pdm08ABBAa1, 9.099220, 0.000726925619835, 198.175, 0.017, 206.145, 0.067, 196.025, 0.066, 198.694, 0.016, 142.955, 0.047, 162.069, 0.07, 161.801, 0.075, 165.802, 0.034, 172.424, 0.015, 157.328, 0.073, 213.462, 0.064, -156.88, 0.095,
026-pdm08ABBAb1, 8.831840, 0.000700016528926, 225.265, 0.064, 192.417, 0.015, -119.953, 0.088, 207.899, 0.081, 189.344, 0.087, -127.936, 0.078, 166.301, 0.018, 195.14, 0.048, 235.897, 0.044, -122.48, 0.086, -140.838, 0.076, 188.984, 0.071,
026-pdm09ABABa1, 9.506480, 0.000491785123967, 258.474, 0.031, 245.203, 0.057, 219.47, 0.022, 281.337, 0.075, 213.806, 0.03, 253.568, 0.086, 258.575, 0.028, 266.899, 0.087, 223.291, 0.038, 186.321, 0.06, 232.631, 0.027, 275.13, 0.084,
026-pdm09ABABb1, 9.598250, 0.018039785124, 215.046, 0.017, 113.329, 0.005, 230.394, 0.063, 185.327, 0.02, 247.933, 0.055, 173.022, 0.016, 261.949, 0.073, 243.306, 0.016, 262.191, 0.064, 266.087, 0.021, 238.466, 0.058, 215.72, 0.018,
026-pdm09ABBAa1, 9.230600, 0.000661719008264, 192.087, 0.072, 266.697, 0.082, 217.058, 0.072, 165.1, 0.03, 194.838, 0.026, 263.231, 0.07, 254.092, 0.079, 228.855, 0.03, 262.807, 0.074, 247.941, 0.024, 221.275, 0.047, 165.838, 0.024,
026-pdm09ABBAb1, 9.624450, 0.00649196694215, 195.585, 0.086, 229.328, 0.026, 204.579, 0.024, 241.232, 0.08, 113.12, 0.057, 240.127, 0.075, 254.911, 0.02, 255.615, 0.052, 194.635, 0.051, 213.085, 0.023, 236.415, 0.041, 208.142, 0.061,
026-pdm10ABABa1, 9.308310, 0.000282016528926, 161.385, 0.005, 226.877, 0.086, -128.893, 0.062, 216.267, 0.104, -141.622, 0.005, 219.815, 0.06, -116.568, 0.069, 207.922, 0.075, -133.522, 0.07, 226.268, 0.072, -143.8, 0.073, 209.141, 0.086,
026-pdm10ABABb1, 9.154090, 0.000230975206612, 183.952, 0.068, -110.722, 0.081, 164.399, 0.072, -122.425, 0.07, 187.185, 0.064, -160.077, 0.062, 205.555, 0.079, -91.123, 0.018, 168.103, 0.053, -114.879, 0.069, 204.444, 0.065, -103.743, 0.046,
026-pdm10ABBAa1, 8.733810, 0.0180725454545, -129.602, 0.005, -95.9904, 0.097, 214.354, 0.067, 125.198, 0.057, -103.865, 0.069, 202.322, 0.055, -128.721, 0.059, -108.468, 0.055, -154.965, 0.185, 209.316, 0.073, 173.15, 0.006, -130.339, 0.049,
026-pdm10ABBAb1, 8.801350, 0.000476975206612, 275.762, 0.094, -109.139, 0.058, -116.08, 0.068, 199.794, 0.09, 218.325, 0.067, -117.104, 0.076, -114.654, 0.061, 187.747, 0.104, 163.161, 0.045, -118.601, 0.059, -128.588, 0.064, 179.469, 0.072,
026-pdm11ABABa1, 8.647210, 0.00122644628099, 220.582, 0.032, 224.022, 0.099, -123.326, 0.079, 260.951, 0.116, 173.487, 0.05, 245.22, 0.076, 249.244, 0.04, 251.019, 0.102, 204.818, 0.04, 250.926, 0.104, 216.7, 0.025, 238.378, 0.103,
026-pdm11ABABb1, 8.612330, 0.000690148760331, 211.117, 0.08, -125.616, 0.025, 221.422, 0.113, -137.126, 0.085, 251.715, 0.105, 263.793, 0.041, 251.143, 0.116, 238.01, 0.041, 316.137, 0.084, -120.895, 0.07, 220.926, 0.095, 212.594, 0.039,
026-pdm11ABBAa1, 8.247260, 0.00076841322314, -167.194, 0.1, 295.369, 0.095, 253.647, 0.108, 204.914, 0.034, -166.351, 0.105, 269.36, 0.103, 243.836, 0.074, 271.934, 0.039, 259.437, 0.073, 276.939, 0.125, 247.677, 0.085, 215.453, 0.094,
026-pdm11ABBAb1, 8.650050, 0.00158715702479, 249.854, 0.067, -156.4, 0.156, -155.107, 0.098, 253.465, 0.094, 261.161, 0.102, -136.11, 0.074, -105.288, 0.005, 274.325, 0.118, 304.951, 0.097, 94.1533, 0.024, 180.817, 0.048, 286.426, 0.079,
026-pdm12ABABa1, 9.002460, 0.000924247933884, 178.586, 0.022, 192.587, 0.079, -200.365, 0.092, 214.591, 0.08, -90.7641, 0.073, 235.171, 0.091, -136.558, 0.071, 228.015, 0.073, 130.211, 0.015, 192.985, 0.068, -126.757, 0.084, 235.291, 0.084,
026-pdm12ABABb1, 8.781420, 0.00107642975207, 259.37, 0.092, -127.18, 0.065, 189.885, 0.063, 150.966, 0.025, 211.19, 0.072, -137.042, 0.065, 217.22, 0.068, -104.623, 0.082, 253.468, 0.075, -201.197, 0.061, 244.66, 0.069, 159.625, 0.022,
026-pdm12ABBAa1, 9.125590, 0.000852925619835, 185.913, 0.018, 217.772, 0.071, 205.222, 0.07, -151.496, 0.099, -130.015, 0.092, 227.044, 0.062, 140.941, 0.015, 126.623, 0.016, -141.394, 0.064, 237.866, 0.064, 203.935, 0.062, 207.717, 0.02,
026-pdm12ABBAb1, 8.750080, 0.000299966942149, 243.197, 0.08, -129.476, 0.062, -118.693, 0.086, 162.245, 0.07, 238.02, 0.098, -144.017, 0.075, 146.015, 0.015, 190.687, 0.091, 206.736, 0.095, -116.292, 0.056, -145.755, 0.077, 210.174, 0.074,
026-pdn01ABABa1, 8.555360, 0.000356446280992, 172.325, 0.039, 192.899, 0.056, -169.974, 0.08, 175.072, 0.073, -146.06, 0.079, 188.801, 0.064, -189.829, 0.083, 231.385, 0.062, 195.226, 0.012, 196.33, 0.059, -145.42, 0.077, 139.856, 0.005,
026-pdn01ABABb1, 8.510060, 0.00082547107438, 128.408, 0.069, -165.847, 0.082, 191.36, 0.054, -129.293, 0.082, 126.63, 0.035, -142.314, 0.076, 180.505, 0.071, 163.022, 0.011, 176.538, 0.069, -158.6, 0.083, 178.814, 0.045, -184.289, 0.07,
026-pdn01ABBAa1, 8.358400, 0.002402, 192.551, 0.058, -164.52, 0.088, -139.682, 0.077, 210.403, 0.12, 208.298, 0.052, 180.822, 0.048, 171.186, 0.042, 191.841, 0.052, -188.272, 0.078, 155.744, 0.007, 192.23, 0.047, -160.227, 0.081,
026-pdn01ABBAb1, 8.457830, 0.000706743801653, 237.184, 0.005, -137.731, 0.079, -166.549, 0.082, 153.583, 0.005, 176.843, 0.042, -154.463, 0.078, -153.545, 0.085, 182.692, 0.063, 236.557, 0.068, -162.873, 0.077, 139.782, 0.012, 170.085, 0.059,
026-pdn02ABABa1, 9.095490, 0.000271355371901, 162.626, 0.012, 207.305, 0.065, -131.582, 0.071, 214.092, 0.05, 172.427, 0.022, 196.671, 0.054, 165.363, 0.011, 224.32, 0.067, 142.55, 0.017, 213.944, 0.051, -140.99, 0.073, 209.392, 0.057,
026-pdn02ABABb1, 9.236500, 0.000573636363636, 178.53, 0.057, 147.769, 0.013, 182.869, 0.075, 162.634, 0.016, 215.581, 0.053, 159.521, 0.032, 194.026, 0.075, 154.606, 0.048, 223.744, 0.072, -150.416, 0.076, 182.154, 0.067, 184.433, 0.019,
026-pdn02ABBAa1, 8.359930, 0.000921685950413, -209.155, 0.09, 209.82, 0.057, 169.827, 0.051, 129.467, 0.082, 212.836, 0.069, 192.715, 0.054, 171.793, 0.107, 135.019, 0.079, 229.545, 0.079, 151.577, 0.06, 173.197, 0.05, 120.374, 0.005,
026-pdn02ABBAb1, 9.444460, 0.000202049586777, 203.762, 0.013, 195.628, 0.052, 204.403, 0.049, 210.53, 0.047, 242.982, 0.057, -131.993, 0.074, -150.086, 0.082, 203.349, 0.052, 183.73, 0.023, 185.25, 0.014, 190.938, 0.009, 194.06, 0.061,
026-pdn03ABABa1, 7.713570, 0.00127642975207, -205.463, 0.077, 140.714, 0.005, -213.207, 0.077, 150.81, 0.005, -226.393, 0.079, 165.932, 0.083, -202.913, 0.082, 167.62, 0.092, -232.879, 0.077, 170.114, 0.081, -187.844, 0.071, 168.192, 0.079,
026-pdn03ABABb1, 7.656280, 0.0101340826446, 184.651, 0.078, -165.762, 0.068, 206.051, 0.008, -98.9741, 0.026, -173.479, 0.083, -180.009, 0.087, 154.965, 0.085, -233.585, 0.077, 142.814, 0.08, 205.585, 0.01, 235.965, 0.071, -219.297, 0.086,
026-pdn03ABBAa1, 8.306110, 0.000421818181818, -187.243, 0.073, 185.156, 0.089, 154.561, 0.086, -233.063, 0.072, -216.375, 0.076, 210.889, 0.074, 164.279, 0.057, 220.232, 0.079, 160.29, 0.073, -198.879, 0.107, -206.322, 0.075, 205.412, 0.056,
026-pdn03ABBAb1, 8.472180, 0.00291087603306, 243.105, 0.068, -208.539, 0.078, 173.247, 0.083, 132.278, 0.043, 188.543, 0.069, -186.607, 0.073, -170.658, 0.071, 142.532, 0.035, 142.128, 0.154, 171.492, 0.075, 142.467, 0.008, 134.468, 0.011,
026-pdn04ABABa1, 7.528050, 0.00187699173554, -253.378, 0.078, 252.449, 0.067, -206.007, 0.081, 211.15, 0.071, 238.938, 0.09, 209.564, 0.069, -185.772, 0.081, 169.748, 0.007, 178.872, 0.215, 167.829, 0.005, -205.993, 0.077, 163.339, 0.005,
026-pdn04ABABb1, 7.512300, 0.0124798347107, 118.665, 0.033, -193.405, 0.069, 189.253, 0.057, 240.509, 0.028, 212.354, 0.059, 201.194, 0.06, 165.431, 0.24, 121.182, 0.22, 249.69, 0.042, 250.885, 0.04, 203.019, 0.005, 216.027, 0.054,
026-pdn04ABBAa1, 7.928710, 0.000942380165289, -260.498, 0.078, 197.438, 0.062, 200.822, 0.056, -175.683, 0.083, -196.706, 0.073, 206.257, 0.073, 205.333, 0.061, 173.55, 0.025, 214.217, 0.245, -230.543, 0.078, -220.808, 0.087, -204.406, 0.084,
026-pdn04ABBAb1, 7.693600, 0.0079874214876, 190.177, 0.11, -157.557, 0.078, 216.135, 0.036, 156.668, 0.008, 195.917, 0.02, 125.58, 0.005, 207.997, 0.05, 236.736, 0.038, 234.874, 0.05, -206.555, 0.086, 199.387, 0.059, 225.723, 0.051,
026-pdn05ABABa1, 9.737860, 0.000144198347107, 229.41, 0.016, 225.815, 0.06, 209.036, 0.012, 242.272, 0.082, 197.421, 0.015, 225.572, 0.074, 229.622, 0.02, 184.266, 0.078, 214.602, 0.016, 251.069, 0.07, 242.46, 0.021, 248.983, 0.062,
026-pdn05ABABb1, 8.870850, 0.00100947107438, 234.959, 0.071, 187.636, 0.017, 205.51, 0.076, 182.835, 0.016, 262.739, 0.056, -143.733, 0.075, 253.694, 0.07, 183.541, 0.053, 247.518, 0.013, 210.101, 0.077, 265.981, 0.074, 149.982, 0.088,
026-pdn05ABBAa1, 9.753340, 0.000422776859504, -222.472, 0.089, 247.514, 0.076, 176.862, 0.08, -161.842, 0.079, -163.387, 0.085, 243.824, 0.058, 239.038, 0.071, -161.817, 0.083, 212.537, 0.021, 248.221, 0.076, 236.014, 0.072, 193.867, 0.01,
026-pdn05ABBAb1, 9.899050, 0.000358198347107, 233.871, 0.068, 185.047, 0.012, 174.417, 0.011, 190.844, 0.059, 247.666, 0.051, 197.578, 0.017, 231.517, 0.011, 224.198, 0.059, 284.117, 0.024, 212.965, 0.014, 242.401, 0.013, 189.71, 0.011,
026-pdn06ABABa1, 8.711450, 0.00138333884298, 249.274, 0.015, 301.623, 0.078, -187.7, 0.012, 266.712, 0.07, 179.942, 0.017, 244.612, 0.072, 210.89, 0.02, 292.118, 0.05, 251.936, 0.015, 325.229, 0.054, 250.65, 0.021, 286.379, 0.069,
026-pdn06ABABb1, 8.941200, 0.00075879338843, 238.15, 0.075, -139.435, 0.073, 258.116, 0.071, 227.064, 0.021, 310.459, 0.065, 138.884, 0.015, 270.488, 0.08, 274.579, 0.024, 304.996, 0.069, 271.897, 0.019, 284.035, 0.078, 263.192, 0.02,
026-pdn06ABBAa1, 8.124060, 0.00105371900826, -197.643, 0.061, 276.79, 0.037, 314.24, 0.048, -244.03, 0.089, -254.482, 0.076, 293.193, 0.041, 312.4, 0.059, 292.828, 0.011, 246.256, 0.018, 208.075, 0.165, 332.368, 0.047, 231.389, 0.038,
026-pdn06ABBAb1, 8.819420, 0.00105517355372, 291.786, 0.083, 173.168, 0.015, 201.364, 0.011, 256.209, 0.052, 262.921, 0.053, -182.57, 0.072, 207.648, 0.014, 233.833, 0.035, 258.469, 0.021, 283.773, 0.028, 286.592, 0.039, 200.188, 0.045,
026-pdn07ABABa1, 11.472700, 0.017198231405, 243.208, 0.017, 216.338, 0.079, 119.862, 0.007, -170.09, 0.102, -155.248, 0.075, 244.605, 0.065, 182.646, 0.015, 234.298, 0.064, -135.149, 0.018, -169.242, 0.068, 107.091, 0.016, 187.541, 0.005,
026-pdn07ABABb1, 8.762040, 0.000199884297521, 278.31, 0.061, -144.157, 0.083, 217.945, 0.071, 159.344, 0.015, 250.408, 0.08, 155.851, 0.016, 201.786, 0.036, -142.818, 0.079, 262.043, 0.074, -136.65, 0.077, 225.737, 0.074, 177.066, 0.01,
026-pdn07ABBAa1, 8.405040, 0.000343537190083, -192.053, 0.079, 228.733, 0.065, 200.303, 0.067, 151.599, 0.01, 204.795, 0.019, 234.784, 0.071, 203.455, 0.074, 200.702, 0.012, 161, 0.015, 223.03, 0.079, 225.036, 0.047, 178.907, 0.016,
026-pdn07ABBAb1, 8.405620, 0.00396897520661, 215.489, 0.069, -144.435, 0.073, -155.507, 0.083, 254.244, 0.078, 216.429, 0.015, -159.224, 0.083, 184.808, 0.015, 135.915, 0.036, 291.175, 0.373, -131.661, 0.089, 144.71, 0.013, 241.46, 0.06,
026-pdn08ABABa1, 9.755090, 0.00122887603306, -153.464, 0.091, 228.801, 0.083, -153.993, 0.078, 273.376, 0.075, -114.85, 0.017, 258.567, 0.081, 216.95, 0.024, 265.694, 0.088, -150.596, 0.086, 255.052, 0.062, 174.912, 0.022, 241.546, 0.078,
026-pdn08ABABb1, 10.349200, 0.00031641322314, 250.807, 0.075, 190.374, 0.015, 251.218, 0.061, 211.771, 0.018, 263.344, 0.064, 188.775, 0.017, 254.017, 0.071, 209.304, 0.017, 288.375, 0.073, -143.601, 0.091, 216.779, 0.093, 237.094, 0.024,
026-pdn08ABBAa1, 10.264100, 0.000194925619835, -206.77, 0.087, 203.475, 0.078, 260.291, 0.058, -155.033, 0.074, 223.638, 0.018, 214.087, 0.069, 213.572, 0.063, 149.555, 0.024, 176.98, 0.016, 210.943, 0.058, 192.848, 0.072, -158.129, 0.076,
026-pdn08ABBAb1, 9.699670, 0.000662066115702, 210.268, 0.071, -107.119, 0.081, -130.922, 0.088, 243.031, 0.067, 272.402, 0.065, -113.661, 0.081, -141.24, 0.075, 252.804, 0.073, 301.719, 0.057, -147.974, 0.082, 197.445, 0.023, 213.766, 0.097,
026-pdn09ABABa1, 10.098500, 0.000268016528926, 208.124, 0.025, 217.429, 0.069, 234.792, 0.023, 200.991, 0.055, 166.364, 0.027, 231.497, 0.081, 232.488, 0.028, 187.058, 0.065, 218.972, 0.027, 179.493, 0.075, 191.318, 0.026, 134.129, 0.08,
026-pdn09ABABb1, 10.045600, 0.000230082644628, 242.34, 0.064, 177.778, 0.029, 264.65, 0.064, 204.338, 0.024, 193.384, 0.056, 212.019, 0.031, 240.956, 0.074, 198.119, 0.025, 272.503, 0.07, 208.208, 0.023, 240.525, 0.077, 187.591, 0.078,
026-pdn09ABBAa1, 9.842880, 0.000183157024793, 182.759, 0.026, 214.622, 0.086, 230.915, 0.062, 203.426, 0.023, -152.134, 0.09, 212.383, 0.054, 204.775, 0.064, -148.77, 0.085, 238.727, 0.059, 242.527, 0.063, 251.987, 0.071, 137.235, 0.072,
026-pdn09ABBAb1, 10.084900, 0.000466975206612, 129.178, 0.024, 215.038, 0.032, 240.557, 0.036, 193.985, 0.078, 245.816, 0.077, 171.951, 0.026, 178.045, 0.026, 225.154, 0.056, 274.784, 0.086, 245.054, 0.04, 215.161, 0.034, -146.733, 0.051,
026-pdn10ABABa1, 9.666480, 0.000278975206612, -133.813, 0.02, 208.18, 0.068, -128.272, 0.056, 156.035, 0.038, 190.805, 0.005, 233.126, 0.095, 210.267, 0.045, 187.363, 0.096, 217.252, 0.029, 216.209, 0.066, 229.262, 0.05, 199.969, 0.05,
026-pdn10ABABb1, 9.738800, 0.000484066115702, 241.08, 0.09, -123.641, 0.101, 200.5, 0.064, 198.19, 0.038, 228.921, 0.067, -124.119, 0.065, 211.331, 0.064, -120.636, 0.055, 184.089, 0.058, 254.162, 0.047, 219.458, 0.084, 216.535, 0.055,
026-pdn10ABBAa1, 9.451470, 0.000505107438017, 160.484, 0.005, 193.579, 0.069, 227.039, 0.079, -154.153, 0.076, -156.149, 0.097, 201.497, 0.048, 200.792, 0.005, 212.836, 0.036, 233.889, 0.078, 186.718, 0.048, 215.083, 0.058, 217.208, 0.032,
026-pdn10ABBAb1, 9.875230, 0.00180887603306, 221.991, 0.077, -125.946, 0.086, -115.561, 0.088, 162.313, 0.092, 222.417, 0.079, 220.601, 0.056, 211.144, 0.051, 191.627, 0.077, 249.652, 0.104, 227.77, 0.091, 243.776, 0.078, 175.831, 0.178,
026-pdn11ABABa1, 9.355870, 0.00102550413223, 157.661, 0.023, 210.804, 0.005, 178.366, 0.017, 241.741, 0.063, -166.561, 0.095, 235.058, 0.005, 211.635, 0.018, 184.745, 0.033, -183.399, 0.093, 188.442, 0.098, 138.002, 0.015, 242.065, 0.072,
026-pdn11ABABb1, 9.680750, 0.00109490909091, 276.235, 0.087, 199.378, 0.025, 226.285, 0.062, 222.308, 0.024, 227.275, 0.071, 204.944, 0.033, 258.465, 0.074, 219.385, 0.03, 205.578, 0.063, -121.756, 0.067, 235.657, 0.052, 207.655, 0.049,
026-pdn11ABBAa1, 9.120530, 0.00892897520661, 189.866, 0.036, 237.802, 0.068, 228.92, 0.066, 227.065, 0.03, 249.339, 0.025, 225.774, 0.052, 223.746, 0.079, 228.541, 0.026, 247.609, 0.045, 250.731, 0.051, 230.354, 0.187, 225.678, 0.03,
026-pdn11ABBAb1, 9.887590, 0.000495884297521, 237.995, 0.076, -131.023, 0.053, -130.387, 0.093, 197.603, 0.079, 207.213, 0.078, 173.287, 0.038, 211.123, 0.026, 130.912, 0.052, 223.983, 0.059, 187.857, 0.022, 159.344, 0.021, 233.376, 0.066,
026-pdn12ABABa1, 8.935260, 0.0158312396694, 158.756, 0.041, 240.029, 0.068, 185.63, 0.06, 238.267, 0.057, 154.52, 0.022, 251.883, 0.054, 180.121, 0.058, 144.388, 0.006, 231.439, 0.07, 304.704, 0.077, 218.435, 0.027, 185.386, 0.124,
026-pdn12ABABb1, 10.099200, 0.000326446280992, 172.577, 0.075, 231.685, 0.029, 246.34, 0.083, 222.12, 0.019, 271.751, 0.076, 265.449, 0.029, 284.745, 0.09, 235.18, 0.021, 272.419, 0.087, 230.503, 0.027, 202.69, 0.08, 269.435, 0.028,
026-pdn12ABBAa1, 10.037300, 0.000302231404959, 199.278, 0.017, 304.063, 0.084, 289.33, 0.082, 212.341, 0.028, -187.096, 0.094, 270.14, 0.059, 246.299, 0.085, 166.073, 0.016, 224.15, 0.031, 303.138, 0.09, 268.966, 0.07, 186.166, 0.036,
026-pdn12ABBAb1, 9.505970, 0.00096732231405, 189.034, 0.07, 174.566, 0.017, 230.034, 0.02, 198.707, 0.047, 285.551, 0.06, 178.193, 0.023, 236.627, 0.023, 233.254, 0.066, 249.732, 0.067, 278.041, 0.023, 295.601, 0.022, 203.003, 0.082,
026-psm01ABABa1, 9.299190, 0.000216198347107, -163.771, 0.076, 147.601, 0.04, 206.531, 0.089, 230.55, 0.01, -191.096, 0.124, 199.125, 0.017, 217.008, 0.054, -199.795, 0.07, 218.6, 0.06, 215.364, 0.02, 236.404, 0.058, 162.198, 0.031,
026-psm01ABABb1, 9.108400, 0.000957685950413, 187.535, 0.072, -184.601, 0.082, 152.499, 0.005, -197.423, 0.07, -199.267, 0.073, 131.345, 0.008, 187.409, 0.076, 131.75, 0.055, -201.502, 0.071, 154.138, 0.042, -212.603, 0.077, 129.131, 0.005,
026-psm01ABBAa1, 9.361210, 0.00103233057851, 201.3, 0.073, -184.747, 0.079, -183.752, 0.083, 142.626, 0.036, 155.178, 0.041, -213.115, 0.076, -220.226, 0.07, 161.447, 0.069, 218.605, 0.103, -218.054, 0.075, 211.36, 0.01, 168.005, 0.053,
026-psm01ABBAb1, 9.086320, 0.00125778512397, 216.402, 0.047, 221.935, 0.077, 192.613, 0.068, 179.693, 0.005, 228.311, 0.044, 195.225, 0.061, 195.013, 0.059, 180.827, 0.006, 192.013, 0.005, 186.101, 0.051, 197.872, 0.048, 159.903, 0.042,
026-psm02ABABa1, 9.668630, 0.00864644628099, 214.78, 0.072, 101.094, 0.034, -183.704, 0.078, 139.501, 0.033, 122.498, 0.03, 152.88, 0.033, 143.766, 0.026, 199.65, 0.041, 207.85, 0.066, 140.751, 0.042, 206.537, 0.067, -200.358, 0.081,
026-psm02ABABb1, 8.294290, 0.000578016528926, 208.663, 0.018, 231.62, 0.053, -176.601, 0.075, 192.279, 0.059, -190.505, 0.07, 187.664, 0.068, 251.648, 0.01, 184.163, 0.054, 239.183, 0.012, 170.531, 0.062, 227.593, 0.01, 231.924, 0.054,
026-psm02ABBAa1, 8.209700, 0.000425173553719, 228.224, 0.053, -202.705, 0.077, -187.058, 0.074, 215.665, 0.068, 189.019, 0.06, -179.226, 0.08, -194.773, 0.083, 135.582, 0.009, 225.06, 0.06, 217.327, 0.038, -206.062, 0.072, 151.372, 0.072,
026-psm02ABBAb1, 7.901090, 0.00055226446281, 163.14, 0.296, 171.643, 0.041, 180.847, 0.061, 213.425, 0.007, 198.371, 0.053, 176.955, 0.036, 182.397, 0.059, 146.987, 0.049, 187.329, 0.044, 199.894, 0.052, 201.587, 0.05, 157.956, 0.036,
026-psm03ABABa1, 9.526050, 0.00216178512397, 162.336, 0.059, 228.903, 0.012, 241.887, 0.059, 260.663, 0.011, 253.822, 0.067, -162.926, 0.081, 147.301, 0.066, -156.416, 0.084, 255.028, 0.114, -213.292, 0.08, 221.739, 0.102, -138.101, 0.005,
026-psm03ABABb1, 10.067000, 0.000160727272727, -191.136, 0.08, 251.207, 0.065, -193.275, 0.081, 248.86, 0.085, -170.884, 0.08, 235.365, 0.059, -204.207, 0.079, 212.069, 0.067, -217.879, 0.08, 235.525, 0.06, 237.284, 0.041, 203.32, 0.005,
026-psm03ABBAa1, 9.564290, 0.000766876033058, 284.857, 0.082, 168.171, 0.01, 154.223, 0.013, 199.171, 0.117, 291.519, 0.056, 196.53, 0.011, 211.51, 0.012, 249.715, 0.054, 289.012, 0.061, 206.4, 0.015, -217.432, 0.078, 139.745, 0.046,
026-psm03ABBAb1, 9.619310, 0.00131669421488, -209.173, 0.083, 298.793, 0.078, 255.034, 0.056, 192.193, 0.018, 205.92, 0.019, 238.745, 0.062, 177.65, 0.069, -185.799, 0.076, -244.277, 0.087, 258.523, 0.061, 175.749, 0.005, 211.515, 0.056,
026-psm04ABABa1, 8.335760, 0.000265785123967, 224.841, 0.072, 190.458, 0.009, 203.939, 0.058, 216.21, 0.01, -200.267, 0.093, 165.364, 0.014, 207.943, 0.052, 146.924, 0.009, 189.465, 0.079, -149.273, 0.07, 187.956, 0.056, 140.275, 0.005,
026-psm04ABABb1, 7.521850, 0.00855419834711, 188.932, 0.067, 175.538, 0.019, -189.292, 0.081, 213.095, 0.053, -206.844, 0.085, 201.053, 0.077, 208.538, 0.033, 196.297, 0.05, 203.082, 0.012, 178.165, 0.069, 210.951, 0.072, -197.043, 0.084,
026-psm04ABBAa1, 8.280840, 0.00147279338843, 163.886, 0.005, -204.713, 0.085, 217.644, 0.01, 203.036, 0.058, 229.55, 0.052, -188.298, 0.073, 233.46, 0.009, 242.13, 0.055, 221.727, 0.049, 231.751, 0.01, 194.805, 0.01, 205.521, 0.005,
026-psm04ABBAb1, 8.703400, 0.00126378512397, 198.608, 0.066, 166.228, 0.041, -173.017, 0.087, 185.65, 0.046, 158.687, 0.082, -185.4, 0.072, 195.491, 0.037, 140.503, 0.005, -188.909, 0.08, 183.943, 0.111, 175.595, 0.055, 157.736, 0.005,
026-psm05ABABa1, 8.710910, 0.000307834710744, 233.31, 0.074, 163.241, 0.018, 247.757, 0.071, 194.786, 0.012, 248.375, 0.079, 176.075, 0.013, 223.265, 0.08, 192.492, 0.012, 249.248, 0.082, 207.677, 0.018, 246.603, 0.081, 155.632, 0.016,
026-psm05ABABb1, 8.984570, 0.000263834710744, -151.627, 0.079, 215.336, 0.054, -141.272, 0.011, 232.368, 0.059, 199.718, 0.012, 242.458, 0.07, 135.381, 0.021, 236.021, 0.072, 196.576, 0.015, 259.772, 0.067, 199.793, 0.023, 208.912, 0.059,
026-psm05ABBAa1, 9.142370, 0.00169874380165, 225.683, 0.045, 216.936, 0.014, -177.547, 0.08, 209.213, 0.056, 260.226, 0.063, 141.833, 0.01, 205.324, 0.011, 212.944, 0.051, 260.323, 0.055, -150.023, 0.009, 205.383, 0.013, 215.35, 0.038,
026-psm05ABBAb1, 9.235890, 0.000178512396694, 181.593, 0.014, 222.06, 0.05, 222.881, 0.042, 182.724, 0.012, 159.072, 0.012, 220.554, 0.058, 233.918, 0.063, -134.981, 0.005, 196.186, 0.009, 189.626, 0.044, 222.013, 0.053, 177.786, 0.013,
026-psm06ABABa1, 9.182170, 0.00216218181818, 235.814, 0.058, -176.314, 0.08, 249.602, 0.059, 202.929, 0.011, 229.592, 0.005, 194.016, 0.021, 225.981, 0.049, 228.973, 0.02, 243.184, 0.07, 215.675, 0.018, 238.174, 0.053, 211.416, 0.04,
026-psm06ABABb1, 9.305900, 0.000217603305785, 224.254, 0.017, 229.522, 0.062, -152.882, 0.083, 225.406, 0.072, -140.655, 0.085, 239.048, 0.072, 228.259, 0.018, 231.353, 0.06, 213.78, 0.017, 264.659, 0.059, 206.289, 0.012, 217.282, 0.083,
026-psm06ABBAa1, 9.167790, 0.0010293553719, 272.979, 0.077, 189.713, 0.012, 197.477, 0.015, 260.596, 0.051, 238.484, 0.05, 205.334, 0.011, 210.746, 0.007, 218.493, 0.059, 230.393, 0.06, 242.116, 0.019, 214.878, 0.011, 178.061, 0.025,
026-psm06ABBAb1, 9.131300, 0.00074426446281, -166.059, 0.079, 227.497, 0.069, 225.55, 0.071, 219.242, 0.014, -198.454, 0.077, 243.177, 0.065, 270.823, 0.075, 200.926, 0.018, -169.828, 0.08, 216.132, 0.06, 166.621, 0.08, 173.239, 0.03,
026-psm07ABABa1, 8.684260, 0.000934611570248, 181.671, 0.075, -188.379, 0.086, 205.872, 0.085, 239.685, 0.014, 252.144, 0.074, -155.212, 0.078, 261.188, 0.101, 243.019, 0.02, 249.597, 0.079, 200.635, 0.016, 260.989, 0.075, 277.845, 0.019,
026-psm07ABABb1, 8.547040, 0.000754066115702, -172.31, 0.079, 231.524, 0.071, -167.277, 0.078, 216.541, 0.104, 231.411, 0.017, 245.652, 0.095, 244.022, 0.012, 185.719, 0.021, 286.711, 0.02, 210.14, 0.09, 228.801, 0.025, 172.905, 0.041,
026-psm07ABBAa1, 8.837890, 0.000501157024793, 154.246, 0.016, 197.055, 0.014, 292.577, 0.015, 269.735, 0.072, 300.69, 0.094, 215.733, 0.017, 198.207, 0.027, 236.778, 0.073, 275.007, 0.077, -201.516, 0.087, 230.976, 0.019, 203.013, 0.09,
026-psm07ABBAb1, 8.800580, 0.000787289256198, -205.22, 0.089, 209.669, 0.101, 251.727, 0.115, 133.577, 0.011, -209.288, 0.086, 204.601, 0.096, 164.221, 0.02, 222.718, 0.016, -217.983, 0.081, 156.296, 0.023, 221.983, 0.077, 143.206, 0.015,
026-psm08ABABa1, 9.451530, 0.000850148760331, 238.376, 0.064, 200.971, 0.024, 293.619, 0.08, 139.652, 0.068, 206.844, 0.067, 244.329, 0.028, 300.971, 0.075, 156.198, 0.018, 236.202, 0.06, 220.305, 0.012, 207.751, 0.065, 258.984, 0.025,
026-psm08ABABb1, 9.903480, 0.00137196694215, 218.079, 0.02, 208.585, 0.089, 230.919, 0.013, 211.748, 0.063, -224.811, 0.08, 195.355, 0.113, -188.786, 0.076, 216.4, 0.069, 170.91, 0.017, 226.861, 0.044, 199.189, 0.013, 199.191, 0.024,
026-psm08ABBAa1, 9.315590, 0.0225585950413, 193.339, 0.073, 144.944, 0.015, 162.012, 0.012, 157.352, 0.021, 131.084, 0.031, -120.025, 0.011, 267.833, 0.014, 218.657, 0.016, 178.318, 0.323, 224.962, 0.016, 224.513, 0.025, 169.215, 0.058,
026-psm08ABBAb1, 9.698580, 0.00125790082645, -154.654, 0.075, 236.476, 0.06, 139.073, 0.067, -145.152, 0.076, -157.879, 0.083, 179.86, 0.066, 215.385, 0.065, 192.254, 0.018, -114.311, 0.071, 232.179, 0.059, 233.277, 0.054, 161.828, 0.014,
026-psm09ABABa1, 9.394060, 0.000327107438017, 236.471, 0.077, 170.291, 0.014, 240.754, 0.077, -137.617, 0.094, 247.29, 0.089, -140.814, 0.075, 207.275, 0.088, 190.63, 0.026, 223.706, 0.092, 194.775, 0.017, 225.999, 0.083, 199.521, 0.025,
026-psm09ABABb1, 9.177340, 0.000212809917355, 145.234, 0.032, 184.602, 0.086, 180.143, 0.026, 203.166, 0.07, 173.337, 0.027, 206.656, 0.061, 166.747, 0.018, 210.778, 0.058, 210.271, 0.03, 222.856, 0.067, -142.676, 0.066, 148.232, 0.118,
026-psm09ABBAa1, 9.183720, 0.000586909090909, 207.191, 0.072, -136.306, 0.069, -125.986, 0.067, 204.711, 0.06, 230.788, 0.087, -157.665, 0.079, -168.636, 0.089, 229.205, 0.071, 226.208, 0.096, -134.604, 0.072, -152.628, 0.088, 154.994, 0.018,
026-psm09ABBAb1, 8.396730, 0.000620380165289, 198.872, 0.03, 228.254, 0.082, 213.724, 0.08, 153.339, 0.013, 156.97, 0.01, 196.56, 0.077, 233.763, 0.073, 195.016, 0.023, 159.403, 0.074, 228.41, 0.083, 227.179, 0.06, 214.592, 0.026,
026-psm10ABABa1, 9.444590, 0.000605239669421, 151.064, 0.05, -151.88, 0.056, 169.655, 0.048, -150.584, 0.061, 167.694, 0.088, 169.212, 0.024, -133.716, 0.043, 161.902, 0.03, 172.686, 0.123, 221.798, 0.035, 156.298, 0.135, 170.477, 0.025,
026-psm10ABABb1, 10.054600, 0.00674892561983, -154.096, 0.07, -169.664, 0.082, 223.371, 0.028, -158.687, 0.067, 186.742, 0.031, 210.759, 0.062, 207.261, 0.021, 164.188, 0.038, 243.183, 0.033, 212.637, 0.052, 81.4643, 0.005, 219.095, 0.018,
026-psm10ABBAa1, 9.157900, 0.00271323966942, -146.914, 0.102, -141.466, 0.074, 168.427, 0.026, 153.291, 0.074, 180.137, 0.068, 237.084, 0.029, 216.412, 0.027, 170.993, 0.03, 209.551, 0.065, 220.439, 0.027, 232.628, 0.03, 130.754, 0.043,
026-psm10ABBAb1, 9.363600, 0.00131910743802, 138.458, 0.021, 148.726, 0.04, -170.748, 0.11, 207.914, 0.04, 173.502, 0.015, 159.78, 0.043, 200.04, 0.135, 214.743, 0.15, 207.076, 0.126, -177.302, 0.084, -162.241, 0.062, 144.428, 0.184,
026-psm11ABABa1, 9.973050, 0.000292049586777, 250.818, 0.077, 199.184, 0.019, 248.562, 0.081, 184.883, 0.025, 254.802, 0.064, 188.034, 0.027, 272.768, 0.111, 193.527, 0.031, 259.583, 0.093, 186.083, 0.027, 250.021, 0.102, 164.642, 0.03,
026-psm11ABABb1, 8.426060, 0.00139933884298, -141.282, 0.055, 186.233, 0.065, -146.731, 0.07, 193.701, 0.104, 188.338, 0.026, 200.036, 0.005, -139.657, 0.095, 224.348, 0.079, 235.189, 0.038, 202.133, 0.078, 199.788, 0.029, 198.743, 0.061,
026-psm11ABBAa1, 9.711590, 0.000262066115702, 279.799, 0.087, -147.654, 0.093, 242.415, 0.035, 224.653, 0.077, 276.315, 0.067, 200.782, 0.026, 257.463, 0.027, 268.897, 0.064, 260.46, 0.069, 219.439, 0.029, 210.915, 0.034, 137.488, 0.034,
026-psm11ABBAb1, 9.498080, 0.00956727272727, 166.138, 0.01, 154.278, 0.045, 89.859, 0.092, 151.444, 0.025, 215.12, 0.062, 225.21, 0.076, 229.204, 0.034, 225.92, 0.027, 190.386, 0.092, 131.088, 0.026, 138.932, 0.071, 133.458, 0.045,
026-psm12ABABa1, 9.793570, 0.000610446280992, 239.372, 0.088, 153.861, 0.023, 214.71, 0.082, 157.146, 0.005, 185.519, 0.063, 157.528, 0.027, 186.606, 0.067, 214.711, 0.029, 181.824, 0.073, 166.899, 0.03, 184.85, 0.086, 171.929, 0.024,
026-psm12ABABb1, 9.755770, 0.000214694214876, 199.417, 0.021, 202.835, 0.081, 247.847, 0.025, 214.077, 0.06, 215.471, 0.026, 177.165, 0.073, 251.814, 0.027, 172.173, 0.048, 235.09, 0.02, 190.894, 0.076, -114.917, 0.01, 194.735, 0.084,
026-psm12ABBAa1, 9.981370, 0.000401537190083, 186.005, 0.093, -109.935, 0.071, 174.388, 0.037, 187.467, 0.095, -162.368, 0.064, 187.463, 0.055, 208.376, 0.069, 123.625, 0.031, 241.92, 0.064, 183.327, 0.034, 230.19, 0.034, 175.229, 0.097,
026-psm12ABBAb1, 9.518090, 0.000744958677686, -165.095, 0.094, 186.645, 0.062, 211.23, 0.077, 165.324, 0.031, 213.289, 0.03, 200.259, 0.049, 205.675, 0.071, 229.653, 0.028, 214.871, 0.039, 200.145, 0.095, 172.137, 0.058, 190.983, 0.026,
026-psn01ABABa1, 7.935390, 0.00133833057851, 246.469, 0.056, -216.841, 0.076, 233.278, 0.053, -231.433, 0.074, 216.825, 0.051, -197.941, 0.083, 147.653, 0.055, -222.186, 0.082, 248.957, 0.054, -157.586, 0.07, 234.942, 0.062, 130.693, 0.054,
026-psn01ABABb1, 7.713100, 0.00392917355372, 155.83, 0.336, -133.431, 0.072, 151.042, 0.035, 152.556, 0.123, 116.046, 0.051, 258.289, 0.046, 161.661, 0.005, -119.351, 0.11, 163.756, 0.031, 163.314, 0.005, 190.745, 0.036, 167.249, 0.044,
026-psn01ABBAa1, 7.714580, 0.00119760330579, 159.194, 0.005, -260.14, 0.076, -180.633, 0.073, 218.472, 0.08, 225.369, 0.046, -201.398, 0.077, -227.981, 0.082, 222.228, 0.055, -240.36, 0.073, -229.162, 0.079, 148.359, 0.005, 129.815, 0.01,
026-psn01ABBAb1, 8.010950, 0.00132333884298, -192.791, 0.08, 205.605, 0.089, 193.128, 0.071, 243.848, 0.051, 161.776, 0.055, 136.642, 0.035, 195.796, 0.063, 133.291, 0.051, 235.849, 0.051, 150.142, 0.031, -221.912, 0.08, 163.958, 0.005,
026-psn02ABABa1, 7.626020, 0.00463332231405, 158.196, 0.114, -184.068, 0.071, 74.2341, 0.028, 158.827, 0.029, 98.9667, 0.005, -179.135, 0.073, 154.554, 0.005, 146.574, 0.005, 175.751, 0.005, -190.805, 0.072, 144.042, 0.052, 152.429, 0.005,
026-psn02ABABb1, 8.281870, 0.00804661157025, -236.191, 0.08, 156.545, 0.005, 174.923, 0.088, 155.784, 0.005, 162.883, 0.005, 162.555, 0.005, 182.816, 0.008, 164.65, 0.005, 147.409, 0.078, -185.602, 0.072, -198.632, 0.077, 143.925, 0.005,
026-psn02ABBAa1, 8.402100, 0.00332952066116, 141.487, 0.005, 191.652, 0.044, 218.311, 0.045, -221.254, 0.005, 147.03, 0.006, -178.303, 0.075, 164.546, 0.03, 151.88, 0.005, 139.378, 0.033, 160.12, 0.034, 145.771, 0.013, 173.295, 0.007,
026-psn02ABBAb1, 8.311110, 0.00189633057851, 215.476, 0.048, 182.028, 0.079, 219.876, 0.005, 154.045, 0.005, -211.9, 0.072, 110.634, 0.022, 142.204, 0.044, 161.917, 0.005, 199.522, 0.031, 144.74, 0.038, 163.567, 0.005, 157.529, 0.031,
026-psn03ABABa1, 8.459540, 0.00179532231405, 222.337, 0.058, -158.846, 0.084, 197.228, 0.069, 173.039, 0.053, 221.97, 0.061, -173.956, 0.089, 201.632, 0.089, -169.265, 0.082, 174.842, 0.048, -174.476, 0.072, 191.331, 0.078, -160.355, 0.076,
026-psn03ABABb1, 8.360590, 0.00144818181818, 185.492, 0.011, 143.279, 0.056, 215.489, 0.09, 204.734, 0.012, 217.378, 0.018, 132.103, 0.083, 202.441, 0.018, 168.95, 0.005, 225.95, 0.018, 255.269, 0.093, 203.62, 0.019, 213.517, 0.085,
026-psn03ABBAa1, 8.779930, 0.000766809917355, 189.647, 0.06, -180.664, 0.081, -187.923, 0.08, 213.84, 0.074, 225.991, 0.056, -139.367, 0.075, 187.787, 0.011, 252.235, 0.09, 261.393, 0.08, -179.493, 0.082, -194.469, 0.068, 220.851, 0.104,
026-psn03ABBAb1, 8.082650, 0.00213183471074, -205.206, 0.074, 222.025, 0.071, 249.602, 0.074, 146.412, 0.017, 240.584, 0.074, 211.517, 0.013, 256.118, 0.014, 232.183, 0.066, 228.899, 0.02, 289.158, 0.093, 242.032, 0.073, 243.644, 0.088,
026-psn04ABABa1, 8.734140, 0.00361487603306, 209.674, 0.073, -178.919, 0.079, 201.598, 0.066, 211.316, 0.01, 214.546, 0.08, 197.79, 0.017, 215.852, 0.056, 171.384, 0.009, 188.848, 0.054, 222.695, 0.009, 174.673, 0.065, 192.124, 0.009,
026-psn04ABABb1, 8.930720, 0.000630231404959, 174.809, 0.047, 149.876, 0.026, -212.266, 0.079, 191.979, 0.048, -170.825, 0.074, 173.158, 0.06, -156.091, 0.082, 208.688, 0.052, -198.719, 0.078, 217.514, 0.065, -204.449, 0.075, 196.517, 0.028,
026-psn04ABBAa1, 8.777270, 0.000258958677686, 149.464, 0.064, -183.049, 0.076, -181.432, 0.078, 197.973, 0.072, 165.444, 0.088, -184.235, 0.078, 203.145, 0.009, 198.821, 0.045, 204.762, 0.068, -196.664, 0.073, -184.539, 0.077, 211.289, 0.059,
026-psn04ABBAb1, 8.766990, 0.000189884297521, -167.923, 0.074, 189.805, 0.053, 189.295, 0.005, -197.676, 0.068, -197.847, 0.081, 234.687, 0.056, 208.889, 0.054, 184.768, 0.009, 175.381, 0.018, 207.699, 0.036, 175.254, 0.029, 149.444, 0.008,
026-psn05ABABa1, 10.298900, 0.00113153719008, 228.938, 0.07, -154.828, 0.073, 288.583, 0.05, 247.079, 0.011, 284.149, 0.053, -198.627, 0.072, 242.541, 0.063, 202.053, 0.012, 306.899, 0.049, -184.06, 0.068, 243.52, 0.07, -175.664, 0.005,
026-psn05ABABb1, 17.291700, 0.00486026446281, 109.346, 0.03, 133.772, 0.005, 97.6565, 0.026, 192.231, 0.026, 119.81, 0.005, 174.243, 0.039, 99.2465, 0.001, 188.401, 0.011, 117.428, 0.005, 204.652, 0.053, 216.311, 0.013, 267.986, 0.051,
026-psn05ABBAa1, 9.312690, 0.0023973553719, 320.279, 0.066, 132.736, 0.012, 153.252, 0.013, 240.592, 0.066, 280.451, 0.041, 211.256, 0.021, 219.868, 0.015, 209.041, 0.062, 330.922, 0.09, -193.969, 0.005, 236.757, 0.024, 185.252, 0.073,
026-psn05ABBAb1, 9.804040, 0.00123583471074, 171.76, 0.013, 313.414, 0.053, 288.597, 0.034, 188.858, 0.011, 192.753, 0.013, 296.572, 0.066, 284.453, 0.066, 210.757, 0.011, 151.249, 0.013, 299.76, 0.059, 317.026, 0.07, 134.876, 0.005,
026-psn06ABABa1, 8.661040, 0.00105347107438, 247.402, 0.071, 180.016, 0.018, 288.549, 0.076, 199.16, 0.013, 244.606, 0.045, 212.271, 0.017, 275.727, 0.063, 236.022, 0.017, 269.636, 0.062, 246.097, 0.023, 255.564, 0.048, 157.468, 0.083,
026-psn06ABABb1, 8.551620, 0.00104363636364, 232.369, 0.017, 267.212, 0.071, 162.711, 0.016, 217.929, 0.078, 246.414, 0.017, 256.964, 0.04, 224.969, 0.02, 239.355, 0.058, 227.482, 0.016, 279.578, 0.068, 211.291, 0.011, 268.037, 0.059,
026-psn06ABBAa1, 8.027440, 0.00189487603306, 194.003, 0.397, 215.605, 0.019, 219.803, 0.041, 246.172, 0.057, 235.849, 0.059, 268.138, 0.019, 238.059, 0.021, 279.326, 0.045, 250.263, 0.016, 216.679, 0.024, 248.63, 0.068, 231.612, 0.045,
026-psn06ABBAb1, 7.865000, 0.0027218677686, 245.563, 0.177, 250.357, 0.099, 208.287, 0.08, 178.295, 0.029, 270.017, 0.049, 212.084, 0.057, 238.241, 0.048, 263.912, 0.021, 263.954, 0.013, 227.951, 0.056, 221.145, 0.031, 229.192, 0.019,
026-psn07ABABa1, 8.690240, 0.000333355371901, 187.748, 0.072, 163.465, 0.019, 179.022, 0.075, 183.711, 0.017, 205.824, 0.076, 155.475, 0.018, 172.472, 0.078, 182.201, 0.017, 208.53, 0.092, 166.347, 0.016, 196.785, 0.078, 185.121, 0.012,
026-psn07ABABb1, 8.495340, 0.000444561983471, 224.582, 0.094, 168.458, 0.077, -162.631, 0.08, 160.392, 0.086, -134.434, 0.084, 191.206, 0.079, -154.366, 0.083, 187.394, 0.091, 172.713, 0.013, 236.387, 0.082, 185.238, 0.018, 173.332, 0.086,
026-psn07ABBAa1, 8.362770, 0.000834925619835, 126.155, 0.014, -124.718, 0.079, -157.649, 0.08, 189.689, 0.072, 208.788, 0.075, -130.879, 0.091, -167.716, 0.079, 179.386, 0.089, 221.224, 0.07, -156.989, 0.084, -132.573, 0.09, 182.391, 0.067,
026-psn07ABBAb1, 8.517300, 0.000318628099174, -156.128, 0.083, 152.146, 0.041, 135.429, 0.057, 183.221, 0.022, -146.607, 0.087, 157.813, 0.072, 172.669, 0.067, 190.044, 0.012, 143.965, 0.042, 205.676, 0.075, 206.782, 0.076, -139.907, 0.088,
026-psn08ABABa1, 9.283330, 0.000323157024793, 199.416, 0.084, 179.617, 0.025, 179.39, 0.078, 175.709, 0.02, 267.767, 0.066, 166.941, 0.019, 226.014, 0.084, 203.907, 0.018, 248.523, 0.08, 153.858, 0.017, 214.657, 0.063, 175.7, 0.021,
026-psn08ABABb1, 9.595190, 0.000106561983471, 167.237, 0.013, 187.751, 0.067, 194.312, 0.02, 215.115, 0.076, 162.36, 0.019, 242.76, 0.064, 206.237, 0.024, 256.433, 0.071, 186.792, 0.014, 207.92, 0.089, 207.019, 0.019, 232.439, 0.08,
026-psn08ABBAa1, 9.548140, 0.000607504132231, 201.918, 0.075, 163.138, 0.013, -177.347, 0.09, 174.774, 0.034, 201.569, 0.071, 171.183, 0.014, 158.75, 0.023, 214.145, 0.086, 248.753, 0.078, 166.182, 0.018, 211.952, 0.018, 160.617, 0.024,
026-psn08ABBAb1, 9.502230, 0.000174561983471, -199.229, 0.086, 181.692, 0.056, 173.411, 0.054, 171.475, 0.014, 172.959, 0.017, 195.932, 0.055, 174.211, 0.067, 162.941, 0.014, 168, 0.017, 183.194, 0.071, 168.467, 0.068, 191.3, 0.018,
026-psn09ABABa1, 9.601510, 0.00048479338843, 226.204, 0.073, 174.043, 0.025, 248.41, 0.058, 182.649, 0.014, 244.963, 0.029, 146.906, 0.005, 224.355, 0.058, 201.852, 0.036, 257.863, 0.065, -157.612, 0.069, 253.298, 0.075, 155.713, 0.033,
026-psn09ABABb1, 9.381500, 0.000527338842975, 184.024, 0.025, -181.351, 0.061, 176.617, 0.005, 216.224, 0.066, 206.248, 0.026, 211.056, 0.067, 182.592, 0.005, 143.943, 0.078, 236.667, 0.021, 228.003, 0.068, 252.294, 0.031, 196.51, 0.057,
026-psn09ABBAa1, 9.280760, 0.00011105785124, 283.621, 0.107, 204.163, 0.032, 254.747, 0.034, 247.622, 0.056, 269.083, 0.06, 209.886, 0.03, 253.177, 0.019, 244.51, 0.054, 252.867, 0.081, 268.043, 0.03, 257.555, 0.029, 228.102, 0.058,
026-psn09ABBAb1, 8.982870, 0.00135851239669, -210.56, 0.105, 239.494, 0.091, 210.13, 0.073, 179.664, 0.04, -165.873, 0.068, 225.573, 0.069, 249.932, 0.055, 191.589, 0.018, 161.804, 0.026, 222.416, 0.073, 172.963, 0.005, 186.494, 0.005,
026-psn10ABABa1, 9.287620, 0.00132459504132, 152.946, 0.036, -138.587, 0.064, 166.93, 0.058, 175.374, 0.02, 192.437, 0.071, 169.005, 0.017, 174.402, 0.061, 194.079, 0.024, 201.723, 0.042, 140.155, 0.029, 177.338, 0.086, 170.78, 0.034,
026-psn10ABABb1, 9.640140, 0.000388809917355, -127.855, 0.087, 179.137, 0.097, 251.104, 0.028, 168.034, 0.112, 171.234, 0.012, 177.57, 0.089, -142.145, 0.064, 178.916, 0.085, 227.345, 0.031, 168.608, 0.088, 200.061, 0.061, 210.388, 0.041,
026-psn10ABBAa1, 9.386860, 0.00113414876033, 224.636, 0.086, -173.67, 0.06, 203.473, 0.037, 205.991, 0.076, 202.409, 0.087, -157.055, 0.049, 165.145, 0.023, 170.149, 0.06, 247.788, 0.074, 185.558, 0.04, -136.513, 0.076, 151.99, 0.026,
026-psn10ABBAb1, 9.159880, 0.00101910743802, 190.333, 0.03, 159.908, 0.033, 187.988, 0.074, 125.814, 0.025, -118.36, 0.066, 241.78, 0.086, 232.28, 0.071, 213.504, 0.028, 263.059, 0.046, 203.215, 0.105, 204.448, 0.072, 146.629, 0.038,
026-psn11ABABa1, 9.731460, 0.00215026446281, 255.454, 0.068, 191.286, 0.033, 268.302, 0.072, 197.036, 0.031, 258.099, 0.054, -151.04, 0.068, 238.133, 0.059, 229.236, 0.029, 106.67, 0.053, -183.169, 0.032, 210.168, 0.028, 145.3, 0.015,
026-psn11ABABb1, 9.909730, 0.000426991735537, 188.588, 0.033, 248.347, 0.072, 178.098, 0.032, 235.412, 0.07, -162.801, 0.077, 215.132, 0.057, 224.847, 0.028, 199.299, 0.047, -140.311, 0.07, 220.953, 0.057, -159.395, 0.009, 143.746, 0.062,
026-psn11ABBAa1, 9.480590, 0.000508561983471, 282.184, 0.085, -143.924, 0.083, -152.572, 0.099, 192.43, 0.053, 248.881, 0.069, 235.782, 0.034, 217.008, 0.034, 220.526, 0.065, 291.365, 0.077, 213.362, 0.032, 288.177, 0.026, 223.505, 0.056,
026-psn11ABBAb1, 9.411820, 0.00122350413223, 118.176, 0.005, 238.857, 0.088, 244.447, 0.09, -137.1, 0.08, -202.244, 0.095, 272.235, 0.079, 231.463, 0.057, 231.059, 0.028, -155.95, 0.069, 194.897, 0.052, 174.794, 0.005, 223.369, 0.023,
026-psn12ABABa1, 9.648350, 0.000545239669421, 158.104, 0.051, -129.227, 0.068, 183.56, 0.066, -142.066, 0.062, 205.726, 0.069, -85.3659, 0.057, 235.155, 0.073, 154.549, 0.005, 226.209, 0.061, -124.079, 0.064, 233.624, 0.078, -120.763, 0.07,
026-psn12ABABb1, 9.595060, 0.000640727272727, -132.091, 0.068, 207.963, 0.053, 141.286, 0.005, 161.961, 0.058, 176.76, 0.005, 195.475, 0.067, -161.316, 0.062, 174.286, 0.054, 175.935, 0.032, 191.721, 0.042, 158.192, 0.032, 175.12, 0.076,
026-psn12ABBAa1, 8.782650, 0.000935785123967, 178.824, 0.057, -112.677, 0.067, -148.181, 0.055, 186.425, 0.063, 153.763, 0.079, -124.589, 0.057, -114.069, 0.074, 209.798, 0.047, 210.581, 0.073, -117.627, 0.064, 171.096, 0.005, 160.797, 0.103,
026-psn12ABBAb1, 9.419570, 0.00102442975207, 168.497, 0.005, 157.499, 0.036, 160.117, 0.032, 173.162, 0.014, 146.275, 0.024, 174.44, 0.039, 160.351, 0.047, -106.709, 0.074, 178.985, 0.007, 209.119, 0.06, 212.01, 0.047, -139.606, 0.081,
