003-pdm01ABABa1, 8.805960, 0.00023147107438, 164.468, 0.01, 215.46, 0.061, 157.738, 0.02, 208.205, 0.076, 153.92, 0.02, 223.409, 0.051, 164.017, 0.03, 228.424, 0.04, 171.093, 0.027, 201.376, 0.061, -151.494, 0.064, 221.011, 0.055,
003-pdm01ABABb1, 8.832770, 0.000290561983471, 212.563, 0.075, -111.682, 0.068, -186.244, 0.059, -141.535, 0.074, 242.776, 0.083, -125.534, 0.071, 259.239, 0.078, -196.157, 0.005, 193.658, 0.07, -108.042, 0.071, 213.054, 0.066, -153.477, 0.079,
003-pdm01ABBAa1, 8.664520, 0.000556413223141, -159.662, 0.008, 266.373, 0.059, 261.78, 0.08, -179.348, 0.073, 169.049, 0.016, 209.47, 0.08, 244.667, 0.035, -157.323, 0.008, -177.403, 0.084, 188.991, 0.067, 222.799, 0.05, -161.182, 0.079,
003-pdm01ABBAb1, 8.708890, 0.000578049586777, 214.342, 0.06, -104.356, 0.074, 188.603, 0.02, 245.912, 0.062, 193.428, 0.021, -163.148, 0.069, 153.386, 0.03, 252.768, 0.081, 243.634, 0.085, -137.175, 0.077, 168.087, 0.026, 206.468, 0.068,
003-pdm02ABABa1, 9.942930, 0.000408148760331, -133.571, 0.073, 238.86, 0.07, -152.991, 0.055, 210.609, 0.08, -119.567, 0.079, 232.743, 0.078, 165.467, 0.129, 193.669, 0.041, 220.858, 0.017, 236.675, 0.06, 209.24, 0.013, 269.378, 0.034,
003-pdm02ABABb1, 10.239200, 0.000213173553719, 211.545, 0.055, -148.85, 0.087, 230.818, 0.035, 204.656, 0.022, 225.242, 0.039, -168.048, 0.084, 145.043, 0.031, 154.162, 0.032, 243.279, 0.089, 148.309, 0.088, 191.438, 0.135, 197.616, 0.02,
003-pdm02ABBAa1, 9.913230, 0.00246133884298, 191.03, 0.219, 191.46, 0.027, 222.428, 0.024, 182.162, 0.022, 226.854, 0.026, 239.639, 0.077, 242.742, 0.057, 191.614, 0.035, -167.809, 0.079, 197.773, 0.065, 209.533, 0.066, 210.239, 0.028,
003-pdm02ABBAb1, 10.649300, 0.000452776859504, 228.688, 0.045, 187.767, 0.019, 219.015, 0.015, 165.523, 0.061, 153.593, 0.085, 249.254, 0.032, 198.879, 0.019, 232.983, 0.042, 238.19, 0.046, 174.041, 0.041, 207.753, 0.021, 227.374, 0.065,
003-pdm03ABABa1, 9.408260, 0.000377834710744, 139.402, 0.005, 240.348, 0.036, 168.891, 0.005, 233.857, 0.052, -138.308, 0.069, 220.2, 0.061, 174.085, 0.018, 237.283, 0.034, 217.98, 0.012, 219.914, 0.072, 210.047, 0.017, 220.561, 0.055,
003-pdm03ABABb1, 7.106040, 0.0783048099174, 235.21, 0.134, 168.561, 0.005, 225.811, 0.081, 218.951, 0.184, 242.711, 0.036, 169.446, 0.005, 210.383, 0.077, 206.502, 0.013, 191.942, 0.015, 158.551, 0.018, 221.834, 0.075, 197.077, 0.018,
003-pdm03ABBAa1, 9.507940, 0.001716, 211.958, 0.021, 231.589, 0.128, 222.224, 0.071, 227.367, 0.011, 212.579, 0.022, 200.071, 0.041, 267.038, 0.089, 237.069, 0.023, 241.772, 0.018, 236.71, 0.082, 227.272, 0.055, 208.242, 0.016,
003-pdm03ABBAb1, 9.546700, 0.000899537190083, 222.911, 0.075, -166.453, 0.072, 185.076, 0.005, 240.578, 0.079, 231.635, 0.103, 204.382, 0.01, 196.485, 0.014, 253.015, 0.068, 175.265, 0.079, 216.8, 0.023, 199.872, 0.013, 248.672, 0.068,
003-pdm04ABABa1, 9.497500, 0.000260876033058, -200.209, 0.054, 220.766, 0.039, -136.963, 0.058, 203.856, 0.023, -144.814, 0.072, 172.404, 0.023, -182.036, 0.06, 191.047, 0.025, -171.86, 0.005, 223.987, 0.044, 161.399, 0.006, 215.875, 0.029,
003-pdm04ABABb1, 9.716160, 0.000122446280992, 175.756, 0.063, 170.323, 0.015, 227.776, 0.051, 148.447, 0.015, 188.17, 0.043, 172.118, 0.005, 215.163, 0.051, 168.467, 0.013, -204.694, 0.089, -146.337, 0.071, 203.363, 0.032, 164.368, 0.009,
003-pdm04ABBAa1, 9.697410, 0.000813966942149, 207.089, 0.026, 220.307, 0.055, 237.269, 0.05, 199.252, 0.013, -192.289, 0.08, 236.773, 0.048, 236.012, 0.058, 160.951, 0.016, -175.06, 0.074, 185.605, 0.038, 181.433, 0.036, 180.047, 0.017,
003-pdm04ABBAb1, 9.245760, 0.000572595041322, 202.033, 0.039, 154.1, 0.025, 216.821, 0.013, 215.427, 0.037, 178.763, 0.042, -139.327, 0.081, -141.787, 0.058, 190.595, 0.053, -197.154, 0.079, 193.357, 0.017, 198.931, 0.014, 189.827, 0.042,
003-pdm05ABABa1, 9.192210, 0.000583421487603, 225.425, 0.027, 266.129, 0.053, -152.122, 0.081, 226.131, 0.066, -160.727, 0.071, 234.356, 0.063, -152.39, 0.075, 246.571, 0.067, -150.847, 0.073, 240.338, 0.053, 188.223, 0.015, 224.537, 0.034,
003-pdm05ABABb1, 8.825960, 0.000259504132231, 315.666, 0.073, 177.273, 0.019, 262.799, 0.069, 188.114, 0.019, 282.185, 0.073, 187.905, 0.014, 239.178, 0.08, 188.73, 0.015, 214.69, 0.053, 203.447, 0.015, 278.278, 0.07, 203.223, 0.016,
003-pdm05ABBAa1, 9.174130, 0.00067841322314, 230.532, 0.02, 222.701, 0.09, 274.403, 0.061, 183.617, 0.013, 194.87, 0.015, 227.129, 0.068, 258.409, 0.037, 207.471, 0.014, 192.424, 0.014, 200.477, 0.039, 284.017, 0.055, -170.228, 0.067,
003-pdm05ABBAb1, 8.641800, 0.000605884297521, 281.037, 0.079, 154.904, 0.016, -143.515, 0.064, 230.489, 0.062, 257.171, 0.086, 165.865, 0.016, -177.256, 0.084, 256.512, 0.072, 236.476, 0.086, 178.591, 0.022, 170.711, 0.02, 252.808, 0.086,
003-pdm06ABABa1, 9.233850, 0.000390380165289, 233.92, 0.026, 257.012, 0.045, 228.952, 0.019, 248.367, 0.058, 229.548, 0.016, 252.72, 0.053, 247.894, 0.023, 250.65, 0.056, 226.828, 0.02, 227.362, 0.061, 193.859, 0.023, 237.557, 0.058,
003-pdm06ABABb1, 9.191450, 0.000394446280992, 223.078, 0.065, 224.73, 0.02, 217.466, 0.056, 191.376, 0.019, 224.782, 0.059, 174.497, 0.018, 245.314, 0.083, 218.74, 0.029, 233.04, 0.075, 195.782, 0.017, 239.326, 0.035, 221.488, 0.022,
003-pdm06ABBAa1, 8.518940, 0.00067679338843, 219.985, 0.019, 257.256, 0.056, 233.112, 0.057, 227.428, 0.024, 221.75, 0.016, 224.317, 0.039, 215.31, 0.056, 252.008, 0.02, 240.995, 0.017, 163.586, 0.039, 239.806, 0.183, 176.776, 0.03,
003-pdm06ABBAb1, 8.076040, 0.0140124297521, 290.24, 0.05, 227.004, 0.014, 211.703, 0.018, 223.991, 0.047, 205.978, 0.065, 223.997, 0.023, 196.236, 0.022, 236.158, 0.038, 273.004, 0.078, 207.282, 0.019, 254.42, 0.025, 136, 0.096,
003-pdm07ABABa1, 8.888040, 0.000563652892562, 243.557, 0.02, 218.27, 0.053, 226.993, 0.023, 250.174, 0.102, 240.573, 0.014, 253.613, 0.045, 298.013, 0.022, 321.269, 0.036, -196.799, 0.082, 256.759, 0.055, 234.971, 0.028, 280.84, 0.038,
003-pdm07ABABb1, 8.910710, 0.00750378512397, 218.546, 0.035, 275.635, 0.018, 223.158, 0.033, 232.725, 0.018, 255.311, 0.057, 219.066, 0.019, 140.667, 0.057, 217.256, 0.014, 209.457, 0.056, 253.813, 0.015, 269.3, 0.036, 252.133, 0.022,
003-pdm07ABBAa1, 8.740340, 0.000137702479339, 265.372, 0.016, 255.257, 0.052, 254.77, 0.034, 241.367, 0.013, 261.378, 0.013, 264.934, 0.018, 251.634, 0.041, 234.636, 0.013, 229.074, 0.057, 222.143, 0.014, 186.574, 0.096, 243.064, 0.012,
003-pdm07ABBAb1, 8.349090, 0.000352330578512, 227.955, 0.094, 198.177, 0.019, 197.608, 0.015, 198.335, 0.056, 226.689, 0.072, 233.853, 0.015, 221.469, 0.02, 237.994, 0.056, 219.596, 0.05, 217.654, 0.014, 252.126, 0.014, 251.698, 0.056,
003-pdm08ABABa1, 9.060600, 0.000614611570248, 197.8, 0.023, 258.622, 0.094, 185.978, 0.02, 228.303, 0.076, -151.937, 0.083, 229.373, 0.076, 163.508, 0.015, 257.3, 0.078, -142.559, 0.08, 188.311, 0.056, -144.701, 0.09, 253.068, 0.079,
003-pdm08ABABb1, 8.834310, 0.000329966942149, 217.496, 0.061, 177.225, 0.018, 288.762, 0.082, -154.145, 0.09, 263.419, 0.075, -145.168, 0.021, 260.08, 0.06, -134.969, 0.087, 204.308, 0.095, 179.704, 0.018, 236.437, 0.093, -159.07, 0.016,
003-pdm08ABBAa1, 9.047510, 0.000529785123967, 236.99, 0.022, 258.17, 0.068, 224.155, 0.058, -125.002, 0.013, 252.053, 0.024, 263.559, 0.066, 266.76, 0.081, 188.376, 0.031, 233.052, 0.027, 270.167, 0.071, 256.239, 0.058, -147.537, 0.021,
003-pdm08ABBAb1, 8.455800, 0.00053347107438, 258.359, 0.065, -116.993, 0.016, -143.567, 0.079, 255.753, 0.075, 269.207, 0.086, -166.927, 0.084, -133.835, 0.022, 216.329, 0.088, 221.344, 0.104, -150.557, 0.091, -137.736, 0.017, 223.701, 0.062,
003-pdm09ABABa1, 8.880160, 0.000631338842975, 240.126, 0.015, 243.556, 0.069, -170.702, 0.058, 237.323, 0.052, 197.992, 0.023, 263.553, 0.076, 183.844, 0.027, 275.735, 0.093, 247.315, 0.016, 270.973, 0.094, 202.594, 0.017, 200.792, 0.062,
003-pdm09ABABb1, 8.440720, 0.00253062809917, 226.879, 0.243, 204.212, 0.028, -160.19, 0.053, 202.588, 0.031, -212.105, 0.064, 174.681, 0.023, 246.624, 0.042, 260.296, 0.017, 174.15, 0.007, 200.459, 0.018, 220.405, 0.021, 216.441, 0.025,
003-pdm09ABBAa1, 9.148030, 0.00079279338843, 206.093, 0.028, 247.41, 0.049, 243.591, 0.054, -204.442, 0.081, 197.437, 0.017, 223.359, 0.062, 243.642, 0.07, 232.056, 0.016, 206.67, 0.021, 260.531, 0.092, 254.358, 0.033, 217.321, 0.016,
003-pdm09ABBAb1, 8.840510, 0.000470429752066, 266.496, 0.058, 246.105, 0.032, 180.338, 0.057, 241.492, 0.088, 243.653, 0.077, -163.875, 0.058, 171.72, 0.014, 245.238, 0.056, 188.373, 0.07, 187.617, 0.023, 190.454, 0.027, 221.297, 0.045,
003-pdm10ABABa1, 8.702630, 0.000144148760331, 220.086, 0.033, 241.738, 0.066, 154.688, 0.032, 218.426, 0.06, -99.3859, 0.098, 188.134, 0.06, -142.235, 0.067, 196.561, 0.063, -121.131, 0.095, 195.248, 0.06, -115.871, 0.057, 213.957, 0.061,
003-pdm10ABABb1, 9.372250, 0.000198561983471, 237.199, 0.091, -125.073, 0.088, 218.118, 0.084, 183.635, 0.041, 216.348, 0.101, 143.529, 0.022, 229.124, 0.099, 159.158, 0.038, 282.349, 0.087, 183.931, 0.031, 291.44, 0.084, 195.022, 0.03,
003-pdm10ABBAa1, 8.592400, 0.000496743801653, 227.5, 0.027, 257.408, 0.086, 220.986, 0.074, -130.606, 0.06, 265.476, 0.085, 201.06, 0.075, 231.936, 0.059, 148.14, 0.035, 179.457, 0.017, 209.075, 0.063, 190.818, 0.058, 157.683, 0.04,
003-pdm10ABBAb1, 8.163020, 0.00133523966942, 305.776, 0.084, 156.266, 0.054, -133.221, 0.08, 277.957, 0.084, 229.874, 0.058, 182.197, 0.031, -133.803, 0.087, 251.951, 0.066, 260.748, 0.082, 208.079, 0.024, 225.422, 0.037, 250.669, 0.067,
003-pdm11ABABa1, 9.066650, 0.000538727272727, 193.896, 0.033, 244.551, 0.06, 233.992, 0.026, 233.205, 0.06, 213.722, 0.033, 236.949, 0.05, 206.321, 0.018, 196.519, 0.071, 196.992, 0.019, 220.352, 0.065, 223.071, 0.028, 230.633, 0.074,
003-pdm11ABABb1, 8.851780, 8.34214876033e-05, 205.87, 0.091, 233.394, 0.036, 233.635, 0.077, 238.911, 0.04, 251.829, 0.07, 259.844, 0.031, 259.463, 0.072, 221.667, 0.029, 263.631, 0.071, -157.33, 0.049, 301.573, 0.091, 179.74, 0.034,
003-pdm11ABBAa1, 8.461760, 0.000745504132231, 215.601, 0.031, 239.626, 0.078, 273.297, 0.072, 233.125, 0.034, -220.527, 0.086, 250.355, 0.086, 245.435, 0.054, 259.731, 0.027, 224.793, 0.019, 265.407, 0.048, 235.748, 0.048, -152.247, 0.083,
003-pdm11ABBAb1, 8.739700, 0.00035705785124, 223.813, 0.078, 195.998, 0.031, 200.96, 0.054, 238.886, 0.06, 198.166, 0.029, -165.776, 0.06, 213.254, 0.045, 236.035, 0.063, 239.369, 0.067, 189.68, 0.048, 195.771, 0.041, 261.533, 0.041,
003-pdm12ABABa1, 8.797940, 0.000708512396694, 202.498, 0.03, 207.595, 0.106, 194.303, 0.024, 256.036, 0.064, 176.056, 0.025, 258.074, 0.077, 167.119, 0.019, 260.371, 0.085, 198.074, 0.029, 186.261, 0.081, 213.253, 0.028, 211.062, 0.048,
003-pdm12ABABb1, 9.020660, 0.000144247933884, 264.424, 0.075, 183.322, 0.023, 267.564, 0.073, 189.24, 0.03, 260.781, 0.073, -124.138, 0.084, 265.237, 0.075, 189.577, 0.028, 276.09, 0.08, -155.535, 0.082, 252.998, 0.071, 191.258, 0.031,
003-pdm12ABBAa1, 8.912570, 0.000306512396694, 183.877, 0.03, 231.077, 0.073, 264.383, 0.08, 254.4, 0.047, 187.466, 0.025, 207.214, 0.066, 214.63, 0.06, -140.783, 0.016, -147.778, 0.083, 205.324, 0.082, 208.83, 0.057, 172.204, 0.023,
003-pdm12ABBAb1, 8.381690, 0.00192568595041, 254.922, 0.085, 162.777, 0.016, 150.82, 0.005, 251.797, 0.082, 259.709, 0.056, -127.073, 0.079, -124.426, 0.091, 235.54, 0.058, 237.442, 0.064, 147.488, 0.019, 202.687, 0.023, 242.905, 0.066,
003-pdn01ABABa1, 9.422110, 0.000385702479339, 187.175, 0.017, 244.74, 0.042, 168.724, 0.018, 239.894, 0.08, 144.518, 0.021, 228.841, 0.059, -152.471, 0.085, 241.401, 0.05, 159.91, 0.012, 247.795, 0.066, -137.664, 0.08, 247.047, 0.044,
003-pdn01ABABb1, 8.977400, 0.000567338842975, 183.894, 0.073, -146.611, 0.07, 220.419, 0.077, -172.217, 0.078, -192.66, 0.047, -162.791, 0.067, 212.105, 0.104, 176.443, 0.02, 158.346, 0.014, 186.112, 0.031, 217.793, 0.059, -133.603, 0.083,
003-pdn01ABBAa1, 9.485120, 0.000543355371901, -166.446, 0.065, 210.848, 0.063, 233.583, 0.049, 148.115, 0.018, -157.675, 0.077, 205.849, 0.058, 215.498, 0.044, -165.798, 0.078, -182.414, 0.074, 221.224, 0.051, 193.511, 0.038, -161.371, 0.08,
003-pdn01ABBAb1, 8.994090, 0.000208049586777, -208.506, 0.1, 140.044, 0.02, -157.005, 0.078, 213.37, 0.052, 238.596, 0.055, -127.135, 0.078, -173.108, 0.058, 189.809, 0.033, 259.383, 0.057, -144.249, 0.059, 188.826, 0.02, 205.577, 0.052,
003-pdn02ABABa1, 8.823030, 0.000953652892562, 173.708, 0.318, 194.559, 0.046, -105.503, 0.073, 178.087, 0.054, 138.079, 0.025, 188.156, 0.054, -101.58, 0.082, 236.247, 0.07, -109.607, 0.015, 214.747, 0.069, -133.555, 0.077, 209.677, 0.063,
003-pdn02ABABb1, 9.236730, 0.000185652892562, 228.009, 0.052, -118.193, 0.063, 232.657, 0.065, -125.189, 0.075, 232.079, 0.055, -97.2607, 0.073, 186.739, 0.061, -125.09, 0.068, 193.49, 0.072, -103.518, 0.081, 219.858, 0.061, -145.214, 0.071,
003-pdn02ABBAb1, 8.869840, 0.00110079338843, 176.712, 0.064, 146.801, 0.022, -116.492, 0.058, 217.624, 0.059, 242.399, 0.081, 146.064, 0.02, -194.463, 0.071, 255.84, 0.074, 249.668, 0.081, 138.763, 0.015, 188.984, 0.016, 193.447, 0.087,
003-pdn03ABABa1, 8.135730, 0.000223537190083, 242.596, 0.022, 226.041, 0.064, 163.73, 0.005, 239.155, 0.074, 154.582, 0.005, 216.113, 0.067, 171.463, 0.005, 247.298, 0.088, 183.899, 0.029, 215.37, 0.076, -144.318, 0.072, 269.939, 0.089,
003-pdn03ABABb1, 8.942070, 0.000222925619835, 216.895, 0.056, -148.801, 0.083, 229.93, 0.069, -177.939, 0.078, 239.337, 0.085, 151.675, 0.018, 238.151, 0.099, 182.154, 0.028, 230.215, 0.107, -176.024, 0.08, 204.644, 0.037, 182.884, 0.022,
003-pdn03ABBAa1, 8.296880, 0.000303140495868, 178.307, 0.02, 247.536, 0.024, 252.1, 0.084, 214.5, 0.014, 207.121, 0.013, 269.726, 0.077, 247.678, 0.053, 208.691, 0.013, 144.295, 0.005, 220.681, 0.045, 220.981, 0.014, 181.894, 0.014,
003-pdn03ABBAb1, 8.676780, 0.00131492561983, -139.012, 0.111, -67.1786, 0.006, 195.038, 0.02, 240.186, 0.06, 210.468, 0.045, 172.705, 0.014, 173.556, 0.019, 265.89, 0.089, 260.09, 0.084, 168.808, 0.02, 163.286, 0.015, 277.519, 0.072,
003-pdn04ABABa1, 8.258900, 0.000366975206612, 213.579, 0.017, 244.548, 0.04, 218.903, 0.016, 212.828, 0.04, 212.359, 0.022, 194.819, 0.038, 226.062, 0.028, 244.492, 0.066, 229.328, 0.014, 254.942, 0.072, 229.903, 0.015, 263.711, 0.072,
003-pdn04ABABb1, 7.966660, 0.000211140495868, 255.37, 0.057, 183.162, 0.017, 249.773, 0.064, 201.212, 0.032, 247.239, 0.059, 242.499, 0.014, 245.626, 0.053, 232.06, 0.013, 233.969, 0.086, 198.972, 0.021, 221.213, 0.03, 233.841, 0.015,
003-pdn04ABBAa1, 8.155070, 0.00200933884298, -205.61, 0.005, 199.634, 0.024, 195.289, 0.055, 210.492, 0.028, 247.842, 0.016, 235.924, 0.05, 293.741, 0.073, 231.081, 0.013, 244.616, 0.015, 200.469, 0.021, 203.617, 0.018, 192.908, 0.018,
003-pdn04ABBAb1, 8.049790, 0.00184890909091, -168.401, 0.1, 192.558, 0.005, 196.748, 0.029, 210.241, 0.075, 212.768, 0.076, 193.37, 0.023, 207.279, 0.024, 226.978, 0.061, 254.315, 0.105, 168.959, 0.019, 154.281, 0.06, -103.404, 0.034,
003-pdn05ABABa1, 9.650600, 0.000282958677686, 213.485, 0.026, 218.857, 0.041, 196.577, 0.029, 240.835, 0.049, 221.137, 0.015, 226.533, 0.034, 211.074, 0.014, 255.764, 0.056, 174.655, 0.034, 260.745, 0.071, 203.143, 0.02, 233.459, 0.063,
003-pdn05ABABb1, 9.600910, 0.0012687768595, 268.811, 0.091, 220.091, 0.015, 245.089, 0.066, 236.433, 0.038, 225.455, 0.019, 171.518, 0.099, 203.783, 0.058, 206.238, 0.017, 249.738, 0.075, 228.083, 0.021, 263.484, 0.088, 210.921, 0.02,
003-pdn05ABBAa1, 9.192980, 0.000840628099174, 276.378, 0.024, 215.561, 0.057, 190.384, 0.064, 193.937, 0.028, 221.619, 0.017, 235.061, 0.06, 267.766, 0.088, 216.476, 0.022, 191.748, 0.017, 232.165, 0.043, 264.471, 0.08, 190.197, 0.018,
003-pdn05ABBAb1, 9.550760, 0.000525966942149, 260.273, 0.063, 199.88, 0.018, 221.216, 0.02, 254.369, 0.065, 246.242, 0.057, 212.783, 0.021, 200.788, 0.018, 255.734, 0.076, 244.221, 0.083, 207.178, 0.016, 186.366, 0.013, 250.435, 0.067,
003-pdn06ABABa1, 8.720830, 0.00110368595041, 218.326, 0.034, 249.062, 0.06, 213.04, 0.019, 311.045, 0.067, 198.897, 0.031, 299.277, 0.066, 178.286, 0.033, 261.887, 0.073, 235.299, 0.022, 234.334, 0.059, 281.171, 0.018, 230.759, 0.227,
003-pdn06ABABb1, 8.508640, 0.00125581818182, 226.148, 0.088, 207.529, 0.021, 315.042, 0.068, 203.836, 0.082, 239.317, 0.042, 209.138, 0.033, 264.098, 0.066, 219.31, 0.023, 307.51, 0.077, 238.884, 0.028, 251.51, 0.064, 230.027, 0.021,
003-pdn06ABBAa1, 8.374710, 0.00140256198347, 290.743, 0.024, 248.396, 0.053, 286.796, 0.047, 223.817, 0.017, 232.873, 0.023, 305.574, 0.06, 284.547, 0.057, 190.313, 0.023, 259.764, 0.018, 257.328, 0.067, 307.11, 0.06, 199.159, 0.016,
003-pdn06ABBAb1, 8.466610, 0.00765132231405, 289.014, 0.067, 198.924, 0.018, 118.14, 0.102, 250.101, 0.065, 236.952, 0.055, 188.227, 0.031, 224.662, 0.022, 211.114, 0.061, 271.887, 0.061, 173.166, 0.024, 161.372, 0.084, 226.949, 0.021,
003-pdn07ABABa1, 8.634360, 0.00043747107438, 229.184, 0.017, 262.623, 0.059, 201.917, 0.015, 232.305, 0.049, -149.674, 0.079, 261.609, 0.069, 177.049, 0.012, 232.712, 0.042, 183.247, 0.013, 214.565, 0.043, -149.154, 0.014, 241.17, 0.032,
003-pdn07ABABb1, 8.575150, 0.000351785123967, 237.278, 0.062, -149.327, 0.078, 260.125, 0.074, -165.021, 0.073, 275.002, 0.081, -159.338, 0.083, 233.144, 0.07, -155.326, 0.074, 243.75, 0.086, 153.701, 0.028, 262.813, 0.045, 254.888, 0.015,
003-pdn07ABBAa1, 8.157880, 0.00042132231405, 208.185, 0.019, 274.387, 0.092, 241.713, 0.077, 176.368, 0.015, 164.335, 0.016, 237.569, 0.062, 240.776, 0.064, 188.855, 0.015, -151.174, 0.079, 231.815, 0.06, 211.65, 0.045, 182.3, 0.018,
003-pdn07ABBAb1, 8.296280, 0.00036932231405, 211.062, 0.065, 148.644, 0.017, -137.887, 0.078, 229.933, 0.048, 225.784, 0.056, -158.331, 0.084, -155.617, 0.081, 220.751, 0.048, 194.921, 0.025, -118.79, 0.072, -151.078, 0.081, 250.63, 0.047,
003-pdn08ABABa1, 9.069650, 0.000330925619835, -172.347, 0.082, 242.079, 0.07, 281.195, 0.028, 221.668, 0.1, 284.241, 0.04, 198.762, 0.097, 259.288, 0.032, 225.546, 0.101, 266.381, 0.032, 292.021, 0.081, 281.218, 0.027, 263.044, 0.067,
003-pdn08ABABb1, 7.359370, 0.0276737190083, 275.248, 0.056, 213.819, 0.028, 232.122, 0.084, 214.568, 0.034, 274.369, 0.075, 231.771, 0.033, 234.986, 0.109, 249.795, 0.039, 291.059, 0.035, 279.709, 0.041, 279.364, 0.056, -175.3, 0.015,
003-pdn08ABBAa1, 9.229130, 0.000695239669421, 204.882, 0.031, 262.044, 0.057, 250.318, 0.077, 247.961, 0.029, 309.196, 0.036, 270.118, 0.069, 286.406, 0.051, 243.429, 0.031, 280.991, 0.024, 255.928, 0.062, 230.769, 0.052, 263.794, 0.057,
003-pdn08ABBAb1, 9.661790, 0.000556909090909, 203.601, 0.083, 190.602, 0.024, 245.622, 0.03, 209.087, 0.079, 195.487, 0.135, 203.211, 0.039, 270.812, 0.038, 251.78, 0.072, 295.954, 0.081, 173.634, 0.035, 238.905, 0.048, 251.411, 0.049,
003-pdn09ABABa1, 9.252660, 0.00026147107438, 257.26, 0.019, 254.966, 0.051, 191.611, 0.022, 231.269, 0.059, 222.079, 0.015, 259.106, 0.074, -179.189, 0.051, 216.741, 0.061, 171.79, 0.014, 235.952, 0.071, 196.881, 0.017, 228.847, 0.079,
003-pdn09ABABb1, 9.668370, 0.00083732231405, 281.073, 0.075, 231.979, 0.022, 240.706, 0.063, 218.095, 0.015, 224.403, 0.108, 216.654, 0.033, 258.533, 0.07, 217.307, 0.021, 291.632, 0.075, 192.339, 0.025, 251.324, 0.055, 218.486, 0.023,
003-pdn09ABBAa1, 9.450260, 0.000323504132231, 218.911, 0.018, 267.248, 0.079, 260.161, 0.063, -136.909, 0.012, 214.008, 0.021, 238.121, 0.053, 218.734, 0.053, 239.409, 0.026, 217.358, 0.027, 252.484, 0.08, 256.918, 0.051, 233.813, 0.018,
003-pdn09ABBAb1, 9.417600, 0.000197966942149, 234.444, 0.041, 205.127, 0.017, 232.102, 0.025, 257.179, 0.058, 134.457, 0.085, 210.26, 0.015, 219.419, 0.023, 258.384, 0.047, 209.189, 0.061, 202.077, 0.028, 210.054, 0.021, 244.157, 0.062,
003-pdn10ABABa1, 9.890970, 0.000171289256198, 242.728, 0.037, 207.375, 0.065, 235.417, 0.031, 229.712, 0.063, 225.97, 0.029, 246.52, 0.084, 237.287, 0.023, 254.543, 0.054, 240.264, 0.024, 240.979, 0.058, 197.735, 0.055, 233.186, 0.085,
003-pdn10ABABb1, 9.799880, 0.00028626446281, 300.639, 0.091, 218.141, 0.032, 249.462, 0.085, 167.804, 0.027, 275.217, 0.113, 174.219, 0.032, 231.384, 0.092, 187.759, 0.035, 256.571, 0.091, 209.991, 0.031, 278.383, 0.096, 229.298, 0.04,
003-pdn10ABBAa1, 9.111850, 0.000764247933884, 204.719, 0.058, 265.915, 0.08, 246.356, 0.092, -151.81, 0.173, 259.878, 0.032, 185.069, 0.077, 239.285, 0.075, 249.058, 0.039, 249.227, 0.027, 165.218, 0.075, 222.078, 0.088, 232.465, 0.033,
003-pdn10ABBAb1, 10.076600, 0.000170380165289, 335.195, 0.058, 248.846, 0.032, 221.591, 0.035, 230.694, 0.068, 199.754, 0.098, 175.603, 0.043, 240.626, 0.025, 246.801, 0.061, 241.849, 0.06, 230.822, 0.017, 242.805, 0.027, 228.81, 0.065,
003-pdn11ABABa1, 9.720080, 0.000679173553719, 188.669, 0.035, 240.679, 0.072, 195.695, 0.042, 157.262, 0.051, 197.857, 0.03, 239.42, 0.078, 212.776, 0.034, 237.835, 0.101, 192.282, 0.022, 240.246, 0.089, 181.771, 0.032, 233.529, 0.074,
003-pdn11ABABb1, 9.980580, 0.000976198347107, 241.521, 0.082, 214.96, 0.034, 279.917, 0.076, 191.624, 0.036, 176.571, 0.056, 253.213, 0.036, 212.901, 0.072, 178.728, 0.039, 240.615, 0.079, 222.973, 0.037, 199.749, 0.053, 238.451, 0.031,
003-pdn11ABBAa1, 9.469850, 0.00194051239669, 195.787, 0.027, 213.826, 0.041, 255.025, 0.044, 247.697, 0.023, 233.634, 0.033, 241.036, 0.04, 213.46, 0.047, 221.329, 0.026, 195.029, 0.098, 218.918, 0.038, 250.231, 0.089, 245.849, 0.025,
003-pdn11ABBAb1, 3.321780, 0.277859239669, -129.403, 0.035, 157.087, 0.192, 138.759, 0.299, 100.286, 0.032, 156.504, 0.112, 126.082, 0.115, 143.341, 0.033, 126.916, 0.005, 131.956, 0.005, 121.184, 0.046, 137.948, 0.005, 117.536, 0.035,
003-pdn12ABABa1, 10.017600, 0.000230363636364, 231.048, 0.021, 259.687, 0.074, 266.47, 0.022, 248.928, 0.075, -188.187, 0.026, 262.212, 0.066, 258.369, 0.031, 297.407, 0.071, 228.688, 0.036, 244.295, 0.066, 239.125, 0.029, 248.962, 0.094,
003-pdn12ABABb1, 9.765430, 0.000183785123967, 226.651, 0.098, 218.729, 0.039, 221.491, 0.066, 190.51, 0.017, 275.07, 0.081, 190.996, 0.033, 230.727, 0.072, 242.652, 0.03, 242.036, 0.096, 217.592, 0.04, -214.479, 0.134, 190.665, 0.03,
003-pdn12ABBAa1, 9.782020, 0.000548231404959, 194.779, 0.027, 261.449, 0.063, 254.232, 0.071, 236.114, 0.021, 231.147, 0.025, 237.143, 0.079, 211.78, 0.056, 222, 0.023, 240.165, 0.018, 237.996, 0.06, 211.916, 0.064, 223.996, 0.029,
003-pdn12ABBAb1, 10.067200, 0.00022026446281, 211.166, 0.055, 218.31, 0.023, 240.432, 0.027, 254.429, 0.079, 233.21, 0.081, 228.417, 0.034, 247.204, 0.024, 237.225, 0.061, 158.173, 0.078, 236.665, 0.025, 234.508, 0.022, 246.89, 0.041,
003-psm01ABABa1, 9.741570, 0.000263537190083, 206.294, 0.068, -175.045, 0.062, 204.221, 0.047, -202.344, 0.07, 235.544, 0.052, -182.119, 0.067, 226.527, 0.052, -190.753, 0.082, 231.619, 0.035, 191.336, 0.032, 240.596, 0.032, -153.72, 0.053,
003-psm01ABABb1, 9.343150, 0.000496611570248, -163.206, 0.079, 252.03, 0.044, -201.072, 0.073, 239.343, 0.036, -215.607, 0.055, 225.691, 0.044, -189.997, 0.065, 241.445, 0.049, -215.683, 0.081, 216.585, 0.047, -179.485, 0.065, 252.808, 0.044,
003-psm01ABBAa1, 8.652560, 0.00141332231405, 201.544, 0.073, 169.215, 0.02, -140.272, 0.072, 218.839, 0.081, 230.409, 0.079, 154.839, 0.014, -172.324, 0.064, -220.363, 0.124, 206.181, 0.051, -190.785, 0.068, 147.09, 0.014, 243.716, 0.046,
003-psm01ABBAb1, 9.459570, 9.31570247934e-05, -160.058, 0.064, 188.955, 0.033, 211.229, 0.022, 218.659, 0.016, 192.44, 0.016, 215.85, 0.014, 194.064, 0.08, -198.352, 0.079, 179.436, 0.013, 206.393, 0.034, 235.637, 0.027, -152.546, 0.09,
003-psm02ABABa1, 8.935070, 0.000301636363636, 192.174, 0.107, 169.178, 0.019, 227.748, 0.051, 187.7, 0.01, 235.226, 0.06, 203.455, 0.01, 226.381, 0.064, 209.207, 0.012, 204.098, 0.068, 195.507, 0.014, 244.611, 0.059, 198.148, 0.014,
003-psm02ABABb1, 8.333920, 0.000175140495868, -161.472, 0.073, 186.185, 0.038, -196.729, 0.057, 190.336, 0.06, -176.064, 0.083, 191.81, 0.052, 162.39, 0.005, 233.873, 0.044, -163.268, 0.09, 209.085, 0.062, 163.861, 0.009, 191.965, 0.035,
003-psm02ABBAa1, 8.400510, 0.000597107438017, 241.2, 0.093, 192.044, 0.015, 192.257, 0.018, 225.737, 0.065, 223.822, 0.087, 148.722, 0.022, 244.854, 0.015, 229.863, 0.09, 216.767, 0.148, 209.526, 0.009, 206.734, 0.015, 230.098, 0.042,
003-psm02ABBAb1, 8.584830, 0.000824231404959, 158.713, 0.02, 234.038, 0.04, 227.422, 0.042, -156.398, 0.062, 185.032, 0.02, 191.035, 0.024, 204.371, 0.04, 177.404, 0.021, 190.451, 0.013, 213.589, 0.047, 190.399, 0.062, 206.658, 0.024,
003-psm03ABABa1, 10.250500, 0.000892198347107, 229.698, 0.042, 203.535, 0.025, 202.645, 0.029, 145.492, 0.111, 202.926, 0.075, 180.303, 0.025, 267.49, 0.067, 193.191, 0.023, 268.152, 0.078, 211.112, 0.019, 208.756, 0.069, 178.882, 0.025,
003-psm03ABABb1, 12.221500, 0.0106509586777, 188.813, 0.005, 189.514, 0.048, 142.35, 0.017, 104.608, 0.008, 214.249, 0.032, 107.119, 0.005, 220.522, 0.017, 233.528, 0.054, 157.549, 0.011, 196.863, 0.052, 125.362, 0.005, 92.5425, 0.005,
003-psm03ABBAa1, 10.066500, 0.00063626446281, 254.945, 0.097, 183.151, 0.016, 194.324, 0.013, 247.151, 0.077, 286.454, 0.08, 219.493, 0.015, 241.809, 0.015, 227.192, 0.027, 249.383, 0.065, 183.446, 0.02, 193.808, 0.023, 276.745, 0.03,
003-psm03ABBAb1, 10.279600, 0.000545719008264, 165.66, 0.022, 220.309, 0.055, 264.943, 0.043, 212.004, 0.034, 203.962, 0.031, 213.152, 0.074, 199.831, 0.025, 197.22, 0.027, 191.245, 0.017, 247.689, 0.088, 266.106, 0.033, 238.341, 0.019,
003-psm04ABABa1, 9.205000, 0.000143355371901, 198.335, 0.047, -148.363, 0.071, 203.051, 0.029, -138.448, 0.075, 226.348, 0.043, -128.29, 0.058, 209.603, 0.037, -146.14, 0.066, 198.446, 0.024, 161.262, 0.005, 205.046, 0.026, -159.038, 0.007,
003-psm04ABABb1, 9.001430, 0.000542561983471, -172.207, 0.074, 227.681, 0.045, -132.99, 0.076, 174.574, 0.024, -162.209, 0.076, 225.587, 0.052, -156.477, 0.078, 219.776, 0.04, 220.784, 0.012, 210.487, 0.031, 185.019, 0.018, 215.444, 0.016,
003-psm04ABBAa1, 9.338710, 0.000248628099174, 212.405, 0.048, 195.558, 0.015, 198.793, 0.012, 223.383, 0.047, 260.083, 0.052, 251.243, 0.015, 183.667, 0.005, 204.782, 0.054, 231.617, 0.036, 222.791, 0.014, -172.055, 0.07, 237.991, 0.043,
003-psm04ABBAb1, 9.249400, 0.000924363636364, 224.794, 0.02, 220.391, 0.049, 259.134, 0.038, 218.133, 0.014, 177.406, 0.017, 192.824, 0.03, 211.578, 0.031, 198.551, 0.013, -171.289, 0.061, 187.838, 0.027, 221.529, 0.024, 211.594, 0.012,
003-psm05ABABa1, 8.746580, 0.000218727272727, 221.936, 0.066, 215.468, 0.016, 269.081, 0.074, 224.172, 0.019, 227.706, 0.052, 237.919, 0.022, 295.278, 0.097, 218.587, 0.024, 280.765, 0.094, 230.122, 0.03, 260.873, 0.097, 176.458, 0.02,
003-psm05ABABb1, 6.806980, 0.0158749752066, -177.844, 0.074, 293.436, 0.08, 248.873, 0.016, 245.712, 0.053, 242.638, 0.022, 290.036, 0.097, 236.961, 0.015, 270.328, 0.074, 176.936, 0.176, 227.301, 0.034, 213.096, 0.017, 171.622, 0.006,
003-psm05ABBAa1, 8.856490, 0.000454809917355, 231.591, 0.054, 243.709, 0.025, 223.773, 0.026, 278.49, 0.08, 277.195, 0.018, 265.109, 0.02, 239.161, 0.023, 267.509, 0.057, 260.827, 0.07, 239.22, 0.027, 217.94, 0.023, 237.499, 0.047,
003-psm05ABBAb1, 9.393080, 0.00295424793388, 152.766, 0.005, 274.053, 0.045, 236.261, 0.022, 243.029, 0.031, 230.678, 0.015, 261.186, 0.035, 245.817, 0.031, 185.711, 0.018, 245.171, 0.02, 180.795, 0.024, 288.851, 0.073, 238.152, 0.019,
003-psm06ABABa1, 8.661790, 0.000373900826446, 239.507, 0.067, 210.212, 0.019, 215.074, 0.06, 250.288, 0.019, 237.353, 0.06, 241.687, 0.017, 237.633, 0.058, 192.272, 0.019, 228.139, 0.091, 206.784, 0.016, 237.931, 0.065, 185.953, 0.014,
003-psm06ABABb1, 9.180060, 0.00041679338843, 205.065, 0.018, 219.883, 0.049, 201.412, 0.02, 230.854, 0.035, 242.874, 0.025, 242.692, 0.065, 216.722, 0.026, 249.193, 0.047, 211.76, 0.02, 239.751, 0.043, 193.8, 0.017, 252.163, 0.048,
003-psm06ABBAa1, 8.469640, 0.000244066115702, 251.34, 0.086, 232.76, 0.019, 219.571, 0.024, 246.896, 0.054, 279.045, 0.075, 224.82, 0.019, 248.337, 0.025, 228.214, 0.086, 271.773, 0.085, 228.769, 0.025, 200.866, 0.03, 227.562, 0.07,
003-psm06ABBAb1, 8.894160, 0.000566247933884, 242.168, 0.017, 193.458, 0.033, 222.035, 0.061, 225.621, 0.019, 228.191, 0.019, 264.151, 0.07, 256.624, 0.069, 212.989, 0.015, 196.133, 0.012, 170.523, 0.049, 209.837, 0.029, 184.347, 0.018,
003-psm07ABABa1, 8.355720, 0.00033505785124, 291.367, 0.064, 267.079, 0.027, 282.599, 0.088, 285.811, 0.017, 240.892, 0.086, -181.073, 0.077, 266.667, 0.088, 216.064, 0.023, 267.961, 0.07, 245.907, 0.022, 299.237, 0.068, 256.292, 0.018,
003-psm07ABABb1, 8.609270, 0.00144408264463, 220.129, 0.021, 213.586, 0.036, 227.728, 0.014, 230.821, 0.076, 218.736, 0.023, 217.439, 0.039, 265.309, 0.017, 203.577, 0.032, 220.882, 0.024, 255.159, 0.05, 233.434, 0.02, 281.275, 0.025,
003-psm07ABBAa1, 8.825320, 0.000370561983471, 204.136, 0.08, 259.264, 0.023, 207.703, 0.023, 228.559, 0.059, 215.196, 0.062, 223.509, 0.021, 273.744, 0.017, 193.303, 0.076, 201.038, 0.069, 178.787, 0.02, 239.729, 0.02, 202.212, 0.062,
003-psm07ABBAb1, 8.812380, 0.000775272727273, 245.103, 0.018, 186.958, 0.03, 226.033, 0.028, 162.513, 0.005, 215.21, 0.015, 257.441, 0.043, 258.546, 0.043, 218.917, 0.017, 255.326, 0.021, 212.549, 0.079, 183.284, 0.055, 251.474, 0.017,
003-psm08ABABa1, 9.314610, 0.000441867768595, 259.338, 0.072, 175.733, 0.023, 280.192, 0.057, 231.343, 0.019, 216.917, 0.069, 218.261, 0.027, 228.038, 0.086, -186.346, 0.081, 236.98, 0.105, 236.061, 0.03, 243.139, 0.041, 220.105, 0.018,
003-psm08ABABb1, 9.266010, 0.000205157024793, -193.677, 0.083, 252.025, 0.044, 223.934, 0.013, 257.163, 0.064, 248.414, 0.018, 293.562, 0.082, 231.426, 0.018, 251.697, 0.057, 257.156, 0.013, 272.599, 0.073, 239.502, 0.015, 308.89, 0.057,
003-psm08ABBAa1, 9.771190, 0.000496016528926, 180.688, 0.038, 175.939, 0.019, 223.963, 0.022, 235.001, 0.056, 270.921, 0.049, 189.755, 0.014, 200.553, 0.018, 228.473, 0.05, 230.036, 0.069, 212.297, 0.02, 254.454, 0.018, 260.314, 0.042,
003-psm08ABBAb1, 9.506780, 0.00032679338843, 218.935, 0.018, 217.351, 0.048, 225.991, 0.053, 233.762, 0.017, 225.379, 0.018, 245.067, 0.052, 227.344, 0.063, 208.061, 0.018, 223.677, 0.016, 215.825, 0.037, 245.291, 0.026, 190.762, 0.014,
003-psm09ABABa1, 9.202280, 0.0026918677686, 261.213, 0.07, 196.764, 0.028, 256.766, 0.068, 181.986, 0.026, 231.048, 0.114, 215.294, 0.034, 246.731, 0.122, 190.318, 0.034, 196.953, 0.005, 241.107, 0.028, 242.493, 0.094, 211.152, 0.027,
003-psm09ABABb1, 9.082810, 0.000849685950413, 238.629, 0.043, 187.817, 0.038, 210.49, 0.035, 257.256, 0.058, 207.837, 0.023, 234.972, 0.063, 244.174, 0.028, 252.189, 0.064, 170.698, 0.024, 224.453, 0.057, 230.239, 0.025, 254.374, 0.082,
003-psm09ABBAa1, 9.140110, 0.00087479338843, 257.198, 0.106, 237.964, 0.033, 217.946, 0.032, 267.204, 0.07, -159.905, 0.005, 215.254, 0.03, 203.434, 0.032, 242.878, 0.059, 250.967, 0.053, 228.816, 0.049, 173.365, 0.02, 238.399, 0.055,
003-psm09ABBAb1, 8.683490, 0.00368770247934, 210.302, 0.016, 287.218, 0.087, 281.32, 0.06, 197.96, 0.021, 224.471, 0.025, 185.027, 0.022, 249.375, 0.058, 227.804, 0.027, 232.185, 0.043, 192.355, 0.042, 267.117, 0.036, 194.664, 0.032,
003-psm10ABABa1, 10.006900, 0.000224446280992, 274.918, 0.078, 233.388, 0.03, 252.78, 0.062, 208.401, 0.039, 223.191, 0.067, 205.585, 0.022, 228.952, 0.075, 182.732, 0.021, 277.989, 0.086, -138.534, 0.056, 261.404, 0.089, 155.323, 0.024,
003-psm10ABABb1, 9.445160, 0.000800958677686, 231.037, 0.017, 245.419, 0.072, 237.101, 0.023, 228.139, 0.055, 158.667, 0.023, 228.444, 0.084, -136.924, 0.062, 189.585, 0.067, 222.334, 0.019, 261.561, 0.077, 175.972, 0.029, 199.361, 0.06,
003-psm10ABBAa1, 10.014000, 0.00038879338843, 201.388, 0.079, 182.037, 0.032, 212.576, 0.041, 187.421, 0.046, 266.489, 0.099, 238.748, 0.019, -161.004, 0.094, 210.73, 0.056, 216.468, 0.111, 218.21, 0.022, 220.708, 0.031, 259.45, 0.062,
003-psm10ABBAb1, 9.363340, 0.000493520661157, 251.376, 0.032, 249.869, 0.057, 270.241, 0.075, -142.373, 0.087, -141.932, 0.072, 189.052, 0.066, 219.983, 0.054, 217.723, 0.022, 229.91, 0.018, 298.636, 0.104, 250.806, 0.058, 237.848, 0.019,
003-psm11ABABa1, 9.356470, 0.000156380165289, 244.988, 0.089, 250.97, 0.033, 246.674, 0.086, 207.83, 0.026, 268.768, 0.087, 253.27, 0.035, 237.886, 0.091, 282.86, 0.037, 266.169, 0.097, 236.397, 0.033, 231.082, 0.1, 230.597, 0.028,
003-psm11ABABb1, 9.728290, 0.000652446280992, 185.112, 0.042, 244.752, 0.085, 183.384, 0.008, 247.056, 0.092, 245.87, 0.027, 247.219, 0.073, -176.327, 0.022, 223.112, 0.073, 219.495, 0.025, 150.892, 0.072, 179.942, 0.049, 188.544, 0.061,
003-psm11ABBAa1, 9.218370, 0.000287239669421, 232.367, 0.067, 235.286, 0.025, 213.732, 0.033, 248.231, 0.062, 238.719, 0.072, 198.701, 0.023, 195.685, 0.036, 247.693, 0.089, -206.999, 0.005, -143.323, 0.054, 183.166, 0.038, 202.641, 0.074,
003-psm11ABBAb1, 9.371290, 0.000595421487603, 228.63, 0.023, 250.761, 0.082, 230.763, 0.066, 217.51, 0.026, 239.423, 0.02, 267.801, 0.078, 239.657, 0.069, 170.798, 0.03, 186.068, 0.024, 226.081, 0.069, 159.182, 0.053, -165.237, 0.025,
003-psm12ABABa1, 9.815190, 0.000360181818182, 306.09, 0.089, 212.653, 0.025, 238.47, 0.1, 237.557, 0.029, 191.071, 0.096, 234.189, 0.031, 241.758, 0.115, 234.387, 0.024, 291.485, 0.084, 219.474, 0.027, 271.143, 0.069, 182.176, 0.028,
003-psm12ABABb1, 10.499500, 0.000330049586777, 222.255, 0.043, 225.861, 0.022, 211.736, 0.078, 191.867, 0.03, 221.828, 0.051, 247.64, 0.078, 222.977, 0.029, 279.2, 0.072, 221.713, 0.027, 260.498, 0.093, 201.886, 0.035, 213.976, 0.07,
003-psm12ABBAa1, 10.091700, 0.00022841322314, 198.627, 0.026, 195.812, 0.034, 206.294, 0.056, 236.31, 0.029, 211.935, 0.039, 163.594, 0.039, 220.025, 0.021, 243.614, 0.056, 229.747, 0.033, 184.318, 0.041, 234.406, 0.021, 204.315, 0.037,
003-psm12ABBAb1, 9.815820, 0.000464628099174, 225.692, 0.033, 269.118, 0.057, 258.587, 0.061, 235.498, 0.019, 185.476, 0.023, 253.742, 0.044, 234.354, 0.036, 246.102, 0.018, 200.463, 0.054, 237.581, 0.075, 255.373, 0.023, 249.974, 0.027,
003-psn01ABABa1, 7.810360, 0.000796628099174, 214.933, 0.069, -144.662, 0.077, 216.949, 0.055, 196.251, 0.039, 206.324, 0.051, 177.954, 0.014, 231.431, 0.056, 181.464, 0.015, 227.039, 0.057, 194.894, 0.013, 215.341, 0.074, 194.97, 0.018,
003-psn01ABABb1, 7.692920, 0.000209157024793, 199.216, 0.019, 198.611, 0.053, -161.062, 0.057, 164.687, 0.107, -159.925, 0.081, 209.259, 0.062, -176.121, 0.056, 263.701, 0.061, -172.842, 0.057, 199.11, 0.016, 190.226, 0.017, 222.606, 0.057,
003-psn01ABBAa1, 7.184290, 0.000574809917355, 231.608, 0.063, -174.863, 0.087, 194.247, 0.019, 244.672, 0.062, 193.126, 0.048, -175.206, 0.076, -182.268, 0.06, 214.836, 0.019, 202.727, 0.043, 213.385, 0.014, 229.115, 0.015, 172.193, 0.015,
003-psn01ABBAb1, 7.848450, 0.00159347107438, -154.138, 0.152, 211.899, 0.048, 198.087, 0.02, -167.042, 0.082, 171.877, 0.017, 193.003, 0.05, 235.383, 0.057, 213.888, 0.018, 194.925, 0.018, 184.295, 0.038, 220.514, 0.035, -152.671, 0.062,
003-psn02ABABa1, 8.260100, 0.000432082644628, 259.378, 0.052, 193.382, 0.018, 241.018, 0.063, -160.971, 0.079, 218.222, 0.06, -178.383, 0.052, 220.437, 0.077, -192.961, 0.061, 157.244, 0.077, 200.225, 0.018, 180.383, 0.065, -169.755, 0.077,
003-psn02ABABb1, 8.494300, 0.000864595041322, 211.056, 0.015, 224.984, 0.051, -123.966, 0.079, 222.154, 0.041, -157.454, 0.07, 210.985, 0.06, 187.329, 0.013, 210.353, 0.061, 149.347, 0.025, 197.915, 0.046, 202.055, 0.013, 223.175, 0.051,
003-psn02ABBAa1, 8.548050, 0.00075426446281, 185.592, 0.056, 183.12, 0.02, 238.431, 0.017, 183.059, 0.075, 218.849, 0.069, 215.907, 0.016, 219.999, 0.018, 151.104, 0.06, 218.751, 0.049, -177.166, 0.062, 236.504, 0.019, 175.459, 0.071,
003-psn02ABBAb1, 8.413880, 0.00157880991736, 184.876, 0.057, 230.481, 0.047, 219.939, 0.058, 228.855, 0.016, 193.281, 0.018, 170.24, 0.056, 222.79, 0.041, -157.573, 0.086, -172.979, 0.015, 235.151, 0.056, 210.236, 0.055, 184.545, 0.021,
003-psn03ABABa1, 8.608600, 0.000923818181818, 252.453, 0.073, 189.371, 0.021, 263.683, 0.086, 174.767, 0.021, 250.297, 0.076, -133.394, 0.076, 248.478, 0.085, -173.163, 0.07, 174.912, 0.091, -126.32, 0.061, 247.895, 0.097, -176.167, 0.073,
003-psn03ABABb1, 9.072680, 0.000767421487603, -155.993, 0.078, 258.429, 0.037, -126.591, 0.01, 242.391, 0.074, 146.339, 0.016, 257.454, 0.062, 179.695, 0.02, 227.152, 0.068, -107.437, 0.008, 248.49, 0.057, 167.539, 0.021, 255.521, 0.084,
003-psn03ABBAa1, 8.913640, 0.000732429752066, 218.047, 0.04, -205.056, 0.08, 194.881, 0.017, 254.089, 0.101, 219.521, 0.081, -129.773, 0.01, 157.985, 0.018, 244.652, 0.046, 241.446, 0.106, 173.088, 0.015, 222.084, 0.023, 249.757, 0.164,
003-psn03ABBAb1, 8.518490, 0.00317145454545, 172.919, 0.005, 248.504, 0.117, 257.411, 0.038, 181.005, 0.009, -157.42, 0.014, 237.045, 0.079, 279.986, 0.055, 181.519, 0.015, -124.864, 0.08, 266.638, 0.063, 255.621, 0.053, 166.644, 0.015,
003-psn04ABABa1, 9.252650, 0.000170016528926, 210.446, 0.063, -113.872, 0.083, 210.34, 0.048, 183.91, 0.018, 231.828, 0.064, -157.448, 0.078, 214.671, 0.064, -151.294, 0.076, 270.484, 0.075, -165.203, 0.08, 250.87, 0.066, 172.113, 0.024,
003-psn04ABABb1, 9.012710, 0.000300595041322, -139.214, 0.062, 232.049, 0.04, -124.521, 0.088, 199.932, 0.041, 206.703, 0.005, 217.196, 0.041, 111.078, 0.017, 184.11, 0.029, -175.748, 0.008, 222.39, 0.056, -160.865, 0.079, 193.967, 0.047,
003-psn04ABBAa1, 8.925360, 0.000531966942149, 197.39, 0.07, 187.271, 0.019, 190.074, 0.021, -194.29, 0.065, 251.148, 0.072, 199.229, 0.027, 201.289, 0.016, 258.209, 0.083, 224.02, 0.077, 173.713, 0.024, -161.316, 0.052, 169.098, 0.033,
003-psn04ABBAb1, 8.144830, 0.00568581818182, 216.172, 0.005, 219.838, 0.054, 242.585, 0.016, 211.872, 0.013, 210.859, 0.05, 243.715, 0.048, 241.022, 0.048, 159.834, 0.016, 168.712, 0.006, 213.006, 0.041, 189.569, 0.024, 203.075, 0.015,
003-psn05ABABa1, 9.353330, 0.00137747107438, 320.067, 0.083, 243.556, 0.018, 195.499, 0.046, 233.756, 0.017, 193.063, 0.108, 216.147, 0.029, 291.137, 0.061, 221.755, 0.02, 248.023, 0.066, 213.678, 0.016, 262.94, 0.084, 272.071, 0.022,
003-psn05ABABb1, 9.631510, 0.000827719008264, 216.216, 0.036, 254.214, 0.076, 248.318, 0.016, 306.245, 0.069, 245.514, 0.023, 306.843, 0.065, 289.987, 0.019, 249.616, 0.065, 284.194, 0.016, 235.205, 0.06, 190.914, 0.026, 280.747, 0.073,
003-psn05ABBAa1, 9.784800, 0.000868446280992, 224.855, 0.069, 179.608, 0.018, 238.209, 0.017, 223.995, 0.049, 144.845, 0.005, 179.333, 0.014, 196.003, 0.027, 283.812, 0.058, 240.916, 0.049, 275.71, 0.019, 263.361, 0.028, 287.762, 0.048,
003-psn05ABBAb1, 9.349590, 0.00122433057851, 237.655, 0.028, 238.64, 0.078, 202.115, 0.029, 215.519, 0.015, 233.782, 0.017, 263.263, 0.041, 277.227, 0.027, 212.418, 0.016, 214.714, 0.021, 161.866, 0.032, 250.253, 0.03, 225.8, 0.014,
003-psn06ABABa1, 8.552290, 0.000511173553719, 201.778, 0.066, 204.395, 0.02, 241.298, 0.063, 260.223, 0.018, 230.04, 0.136, 218.79, 0.015, 241.667, 0.143, 210.566, 0.017, 228.904, 0.089, 238.98, 0.018, 235.811, 0.08, 215.067, 0.015,
003-psn06ABABb1, 8.507750, 0.000824429752066, 173.206, 0.026, 212.99, 0.065, 198.901, 0.024, 283.692, 0.051, 204.915, 0.017, 261.429, 0.133, 183.857, 0.024, 246.518, 0.123, 233.122, 0.025, 225.78, 0.061, 196.801, 0.019, 250.12, 0.055,
003-psn06ABBAa1, 8.695500, 0.000545520661157, 255.992, 0.066, 244.567, 0.023, 258.212, 0.026, 260.769, 0.065, 232.244, 0.052, 245.549, 0.024, 252.784, 0.017, 229.016, 0.044, 228.676, 0.038, 216.365, 0.017, 228.808, 0.019, 263.983, 0.079,
003-psn06ABBAb1, 8.917980, 0.000842413223141, 304.818, 0.018, 243.367, 0.039, 232.175, 0.019, 262.763, 0.025, 253.481, 0.016, 253.481, 0.053, 248.808, 0.056, -176.834, 0.077, 275.271, 0.023, 231.449, 0.051, 213.619, 0.054, 214.782, 0.017,
003-psn07ABABa1, 9.352320, 0.000150082644628, 277.742, 0.071, 174.171, 0.017, 263.772, 0.064, 173.928, 0.024, 252.212, 0.054, -144.075, 0.073, 221.986, 0.059, 186.134, 0.014, 259.317, 0.059, 186.61, 0.012, 292.208, 0.069, -165.068, 0.079,
003-psn07ABABb1, 9.144360, 0.000157719008264, 252.752, 0.018, 211.332, 0.078, -154.79, 0.075, 255.457, 0.083, 178.415, 0.015, 263.947, 0.055, -146.212, 0.085, 211.45, 0.052, 193.657, 0.016, 262.41, 0.058, -147.702, 0.075, 210.296, 0.047,
003-psn07ABBAa1, 8.167460, 0.000789140495868, 233.233, 0.073, 192.861, 0.016, -156.58, 0.074, 231.972, 0.074, 140.713, 0.084, 183.563, 0.019, -142.552, 0.091, 263.548, 0.08, 218.671, 0.088, 177.015, 0.023, -161.324, 0.014, 242.24, 0.097,
003-psn07ABBAb1, 9.117990, 0.00151619834711, 216.198, 0.015, 174.332, 0.058, 216.454, 0.063, 194.255, 0.018, 204.871, 0.028, -150.453, 0.06, 178.773, 0.064, 180.733, 0.015, 212.181, 0.015, 199.452, 0.081, 186.776, 0.057, 163.346, 0.017,
003-psn08ABABa1, 9.076350, 0.000153652892562, 229.179, 0.049, 197.204, 0.014, 226.109, 0.073, 155.467, 0.024, 230.5, 0.072, 142.956, 0.014, 178.155, 0.067, 180.816, 0.025, 213.742, 0.091, 183.298, 0.029, 181.573, 0.071, 168.587, 0.029,
003-psn08ABABb1, 9.572590, 0.000302016528926, 208.474, 0.015, 161.254, 0.036, -173.851, 0.082, 281.388, 0.049, 243.944, 0.017, 261.022, 0.073, -201.596, 0.013, 246.322, 0.017, 221.738, 0.013, 249.749, 0.073, 212.417, 0.015, 202.103, 0.03,
003-psn08ABBAa1, 9.108130, 0.000904446280992, 198.787, 0.085, 238.076, 0.024, 225.019, 0.023, 285.98, 0.046, 283.272, 0.064, 195.153, 0.019, 200.353, 0.019, 262.225, 0.069, 276.447, 0.086, 182.035, 0.024, 188.351, 0.015, -217.306, 0.011,
003-psn08ABBAb1, 8.562030, 0.000748545454545, 225.861, 0.03, 183.629, 0.055, 237.082, 0.053, 175.879, 0.017, -136.213, 0.015, 242.929, 0.051, -181.438, 0.133, 189.781, 0.019, 163.604, 0.023, 181.492, 0.029, 225.585, 0.048, 144.165, 0.031,
003-psn09ABABa1, 8.946800, 0.0011292892562, 222.752, 0.08, 223.222, 0.023, 259.078, 0.07, 210.394, 0.024, 283.902, 0.082, 229.971, 0.021, 231.834, 0.068, 267.334, 0.029, 257.201, 0.058, 228.058, 0.025, 166.712, 0.108, 226.976, 0.035,
003-psn09ABABb1, 9.236940, 0.00102862809917, 233.671, 0.024, 232.622, 0.085, 240.28, 0.022, 275.806, 0.076, 209.729, 0.027, 216.633, 0.058, 203.511, 0.027, 223.427, 0.062, 201.889, 0.028, 181.329, 0.026, 235.051, 0.018, 268.185, 0.084,
003-psn09ABBAa1, 8.921930, 0.000364876033058, 197.22, 0.099, 211.631, 0.028, 185.685, 0.026, 221.081, 0.078, 255.211, 0.088, 210.771, 0.032, 222.616, 0.024, 230.555, 0.085, 237.701, 0.032, 207.959, 0.027, 218.781, 0.027, 263.075, 0.086,
003-psn09ABBAb1, 8.753200, 0.000898628099174, 191.465, 0.034, 228.772, 0.045, 224.854, 0.086, 197.184, 0.028, 192.373, 0.027, 224.955, 0.122, -175.895, 0.12, 204.98, 0.019, 205.208, 0.021, 261.425, 0.085, 246.867, 0.062, 177.473, 0.025,
003-psn10ABABa1, 9.438850, 0.00261824793388, 245.488, 0.071, 203.835, 0.031, 152.08, 0.005, 192.093, 0.024, 265.235, 0.103, -175.89, 0.097, 259.143, 0.104, 204.872, 0.029, 297.488, 0.107, 242.858, 0.029, 266.367, 0.11, 224.726, 0.028,
003-psn10ABABb1, 9.299780, 0.000368330578512, 233.099, 0.035, 259.608, 0.052, 231.113, 0.032, 244.685, 0.096, 207.401, 0.035, 273.246, 0.101, 208.673, 0.04, 244.279, 0.1, -197.095, 0.084, 263.028, 0.062, 199.982, 0.026, 264.167, 0.06,
003-psn10ABBAa1, 9.567310, 0.000230776859504, 254.609, 0.065, 210.149, 0.022, 205.07, 0.035, 258.794, 0.049, 231.359, 0.08, -171.838, 0.022, 257.396, 0.026, 240.484, 0.058, 330.211, 0.089, -157.811, 0.086, 235.068, 0.03, 204.598, 0.055,
003-psn10ABBAb1, 9.164710, 0.00148970247934, 164.625, 0.051, 243.239, 0.05, 217.144, 0.052, 243.398, 0.034, 253.155, 0.036, 176.628, 0.031, 282.427, 0.127, 208.071, 0.028, 235.108, 0.022, 211.739, 0.054, 262.357, 0.047, 241.102, 0.025,
003-psn11ABABa1, 9.288460, 0.000423652892562, 192.607, 0.068, 172.574, 0.018, -145.895, 0.005, 176.423, 0.029, 161.696, 0.005, 218.147, 0.035, 222.35, 0.079, 242.68, 0.019, 251.396, 0.071, 222.082, 0.022, 180.685, 0.029, 206.167, 0.022,
003-psn11ABABb1, 9.312820, 0.00148099173554, 179.652, 0.005, 254.503, 0.058, 231.739, 0.021, 245.782, 0.048, -160.014, 0.085, 269.409, 0.048, 230.155, 0.03, 278.825, 0.059, 258.342, 0.023, 309.441, 0.073, 213.806, 0.018, 291.873, 0.043,
003-psn11ABBAa1, 9.582580, 0.000217173553719, 233.772, 0.06, 224.178, 0.03, 252.039, 0.031, 277.696, 0.034, 244.307, 0.048, 246.831, 0.026, 262.461, 0.03, 284.021, 0.057, 260.598, 0.033, 258.759, 0.027, 275.709, 0.026, 285.965, 0.061,
003-psn11ABBAb1, 9.168750, 0.00182218181818, 226.315, 0.025, 174.413, 0.005, 268.669, 0.046, 142.187, 0.01, 209.37, 0.018, 188.069, 0.056, 240.433, 0.059, 221.677, 0.022, 271.488, 0.02, 270.951, 0.069, 288.779, 0.07, 254.163, 0.019,
003-psn12ABABa1, 9.862470, 0.000230975206612, 157.719, 0.07, -154.198, 0.059, 263.294, 0.087, -148.037, 0.069, 259.993, 0.079, -145.257, 0.059, 262.56, 0.069, -135.004, 0.065, 232.121, 0.065, -135.284, 0.091, 206.317, 0.052, 151.233, 0.021,
003-psn12ABABb1, 9.915720, 0.000259818181818, 214.266, 0.032, 202.373, 0.06, 156.25, 0.021, 231.261, 0.056, 147.405, 0.017, 234.095, 0.076, -135.545, 0.069, 255.335, 0.036, -145.285, 0.066, 242.534, 0.057, 147.99, 0.025, 224.49, 0.067,
003-psn12ABBAa1, 9.649480, 0.000283966942149, 256.659, 0.08, 180.379, 0.018, -138.529, 0.058, 229.409, 0.075, 233.075, 0.064, 187.159, 0.03, -139.629, 0.074, 244.945, 0.058, 193.067, 0.028, 155.158, 0.034, 157.088, 0.027, 230.877, 0.072,
003-psn12ABBAb1, 9.738380, 0.000746776859504, 218.77, 0.031, 292.541, 0.068, 277.865, 0.058, -152.515, 0.062, -132.372, 0.088, 227.835, 0.044, 228.512, 0.06, -132.198, 0.092, 157.231, 0.022, 221.283, 0.064, 219.922, 0.051, -154.776, 0.057,
