028-pdm01ABABa1, 8.732960, 0.000276, 214.919, 0.02, 211.776, 0.082, 184.994, 0.027, 240.914, 0.069, 225.748, 0.022, 234.38, 0.058, 180.74, 0.026, 205.778, 0.07, 186.733, 0.03, 209.02, 0.063, -176.971, 0.076, 221.8, 0.07, 
028-pdm01ABABb1, 9.498690, 0.000280, 246.033, 0.076, 197.405, 0.012, 237.65, 0.077, 176.799, 0.014, 238.452, 0.076, 161.612, 0.016, 218.829, 0.07, 195.238, 0.015, 240.397, 0.065, 206.642, 0.014, 189.507, 0.062, 225.426, 0.015, 
028-pdm01ABBAa1, 8.887760, 0.000363, 194.65, 0.01, 211.244, 0.059, 231.785, 0.061, 177.548, 0.015, 224.652, 0.01, -198.222, 0.006, 215.787, 0.043, 175.003, 0.02, 223.637, 0.026, 215.834, 0.052, 235.553, 0.054, -145.78, 0.072, 
028-pdm01ABBAb1, 9.557740, 0.000423, 220.46, 0.059, 171.727, 0.011, 189.818, 0.037, 223.211, 0.065, 255.82, 0.039, -138.278, 0.084, 160.968, 0.013, 264.049, 0.06, 280.459, 0.069, -156.411, 0.098, 176.084, 0.018, 239.848, 0.054, 
028-pdm02ABABa1, 11.157800, 0.000179, 221.153, 0.008, 252.721, 0.061, 213.738, 0.007, 249.29, 0.056, 225.987, 0.009, 255.619, 0.043, 187.878, 0.018, 223.54, 0.043, 225.103, 0.017, 266.06, 0.039, 217.904, 0.011, 244.487, 0.043, 
028-pdm02ABABb1, 10.663100, 0.000256, 258.787, 0.049, 222.395, 0.014, 246.812, 0.047, 215.734, 0.014, 252.179, 0.073, 225.608, 0.023, 230.247, 0.052, 217.663, 0.016, 246.89, 0.059, 232.653, 0.014, 237.417, 0.034, 233.426, 0.015, 
028-pdm02ABBAa1, 9.604750, 0.001159, 219.294, 0.148, 267.89, 0.035, 253.065, 0.046, 200.163, 0.008, 237.162, 0.014, 256.201, 0.049, 256.453, 0.044, 218.47, 0.009, 231.296, 0.009, 277.708, 0.042, 252.733, 0.028, 224.752, 0.007, 
028-pdm02ABBAb1, 10.803800, 0.000252, 236.583, 0.03, 212.78, 0.007, 207.781, 0.007, 257.92, 0.054, 264.17, 0.038, 197.696, 0.007, 203.68, 0.007, 244.523, 0.035, 245.709, 0.045, 219.384, 0.009, 210.285, 0.008, 268.11, 0.064, 
028-pdm03ABABa1, 9.952140, 0.001119, 183.24, 0.025, 234.78, 0.051, 201.213, 0.013, 248.94, 0.049, 186.403, 0.012, 264.37, 0.035, 201.269, 0.023, 253.164, 0.036, 252.827, 0.03, 233.166, 0.048, 193.411, 0.063, 272.802, 0.04, 
028-pdm03ABABb1, 11.227100, 0.000591, 291.064, 0.054, 175.417, 0.005, 256.272, 0.054, 222.732, 0.015, 241.375, 0.061, 219.734, 0.014, 275.425, 0.066, 256.617, 0.014, 254.563, 0.051, 250.322, 0.016, 
028-pdm03ABBAa1, 9.722590, 0.001133, 212.377, 0.008, 231.149, 0.053, 198.702, 0.033, 181.108, 0.013, 181.434, 0.014, 215.815, 0.043, 261.389, 0.033, 239.526, 0.01, 188.034, 0.007, 227.012, 0.035, 223.64, 0.034, 231.35, 0.012, 
028-pdm03ABBAb1, 9.620900, 0.003889, 265.063, 0.044, 156.618, 0.012, -137.996, 0.072, 261.43, 0.033, 263.778, 0.051, 192.409, 0.013, 169.014, 0.014, 216.789, 0.053, 286.225, 0.047, 225.764, 0.01, 198.495, 0.009, 
028-pdm04ABABa1, 9.470790, 0.000502, 207.59, 0.013, 239.408, 0.042, 200.303, 0.022, 221.163, 0.047, 196.935, 0.009, 225.474, 0.042, 205.04, 0.019, 230.26, 0.05, 218.129, 0.01, 238.399, 0.056, 223.408, 0.01, 234.961, 0.008, 
028-pdm04ABABb1, 9.848260, 0.000436, 268.192, 0.048, 211.447, 0.012, 244.043, 0.053, 225.317, 0.012, 227.181, 0.042, 197.638, 0.012, 241.3, 0.046, 222.304, 0.013, 222.783, 0.028, 184.847, 0.011, 213.703, 0.04, 241.546, 0.021, 
028-pdm04ABBAa1, 9.494110, 0.001324, 137.95, 0.128, 220.386, 0.038, 209.434, 0.037, 211.626, 0.014, 212.711, 0.013, 211.374, 0.048, 204.182, 0.039, 211.22, 0.009, 216.522, 0.009, 206.219, 0.005, 188.664, 0.046, 210.105, 0.015, 
028-pdm04ABBAb1, 8.005450, 0.000603, 247.786, 0.052, 186.654, 0.005, 182.189, 0.02, 244.048, 0.041, 198.564, 0.011, 200.044, 0.01, 194.401, 0.038, 208.333, 0.039, 197.048, 0.007, 246.921, 0.048, 191.33, 0.051, 202.336, 0.053, 
028-pdm05ABABa1, 8.987700, 0.000198, 198.48, 0.029, 293.295, 0.065, 220.611, 0.022, 278.328, 0.051, 246.56, 0.02, 281.359, 0.056, 223.423, 0.032, 250.57, 0.06, 251.704, 0.021, 279.884, 0.062, 202.891, 0.024, 240.598, 0.052, 
028-pdm05ABABb1, 9.398640, 0.000394, 269.47, 0.05, 194.378, 0.023, 262.618, 0.072, 197.599, 0.018, 256.544, 0.061, 193.721, 0.019, 248.282, 0.063, 210.87, 0.018, 263.16, 0.062, 203.341, 0.016, 202.672, 0.019, 235.19, 0.053, 
028-pdm05ABBAa1, 9.748310, 0.000370, 278.793, 0.023, 242.441, 0.045, 268.65, 0.046, 225.713, 0.021, 181.026, 0.041, 229.612, 0.056, 213.29, 0.046, 211.713, 0.022, 188.02, 0.017, 231.861, 0.054, 257.191, 0.053, 217.262, 0.015, 
028-pdm05ABBAb1, 8.269150, 0.003349, 208.342, 0.031, 256.575, 0.058, 221.554, 0.015, 256.404, 0.052, 193.342, 0.016, 251.27, 0.017, 179.226, 0.075, 180.99, 0.015, 263.283, 0.059, 242.561, 0.053, 167.165, 0.015, 197.623, 0.015, 250.62, 0.07, 
028-pdm06ABABa1, 9.261800, 0.000627, 242.622, 0.023, 258.314, 0.057, 240.253, 0.016, 249.569, 0.075, 211.771, 0.02, 272.436, 0.064, 222.424, 0.016, 249.202, 0.067, 216.508, 0.014, 282.327, 0.07, 253.254, 0.014, 228.32, 0.054, 
028-pdm06ABABb1, 9.152060, 0.000318, 274.728, 0.065, 250.983, 0.018, 259.398, 0.062, 246.251, 0.019, 268.868, 0.06, 242.846, 0.015, 263.558, 0.077, 213.45, 0.014, 244.377, 0.052, 204.528, 0.019, 260.329, 0.064, 220.229, 0.015, 
028-pdm06ABBAa1, 8.591510, 0.003862, 232.621, 0.032, 286.233, 0.069, 285.463, 0.074, 268.599, 0.015, 200.132, 0.016, 281.121, 0.077, 271.203, 0.075, 224.295, 0.012, 282.779, 0.02, 271.411, 0.07, 262.508, 0.064, 236.801, 0.02, 
028-pdm06ABBAb1, 9.220210, 0.000201, 260.965, 0.052, 221.262, 0.018, 218.746, 0.017, 248.25, 0.051, 265.368, 0.062, 221.568, 0.018, 232.519, 0.013, 242.479, 0.06, 257.616, 0.055, 229.153, 0.017, 210.497, 0.017, 240.799, 0.068, 
028-pdm07ABABa1, 9.312630, 0.000325, 176.104, 0.036, 286.809, 0.055, 211.804, 0.019, 274.531, 0.05, 231.37, 0.018, 245.721, 0.059, 232.529, 0.015, 304.182, 0.064, 273.877, 0.013, 293.378, 0.044, 263.273, 0.019, 297.73, 0.039, 
028-pdm07ABABb1, 9.831210, 0.000517, 224.832, 0.067, 215.74, 0.017, 299.593, 0.075, 291.306, 0.014, 275.663, 0.045, 265.519, 0.014, 255.694, 0.069, 223.843, 0.013, 282.327, 0.065, -162.029, 0.015, 284.215, 0.085, 289.6, 0.014, 
028-pdm07ABBAa1, 9.166060, 0.000466, 245.116, 0.023, 246.947, 0.073, 304.112, 0.06, 202.304, 0.015, 279.154, 0.015, 266.073, 0.073, 287.777, 0.076, 250.415, 0.015, 217.237, 0.019, 286.822, 0.059, 309.796, 0.071, 171.851, 0.014, 
028-pdm07ABBAb1, 9.245550, 0.000431, 219.064, 0.137, 187.97, 0.015, 216.687, 0.016, 235.777, 0.034, 294.469, 0.067, 251.673, 0.015, 211.675, 0.015, 260.287, 0.086, 262.521, 0.02, 240.611, 0.022, 248.853, 0.016, 284.354, 0.075, 
028-pdm08ABABa1, 8.303220, 0.000290, 315.62, 0.022, 324.173, 0.081, 257.112, 0.03, 305.919, 0.079, 277.837, 0.033, 294.691, 0.087, 243.139, 0.036, 313.821, 0.085, 277.054, 0.041, 318.717, 0.096, 280.901, 0.03, 323.364, 0.1, 
028-pdm08ABABb1, 8.548930, 0.000727, 305.82, 0.067, 239.387, 0.033, 282.856, 0.061, 253.011, 0.028, 299.465, 0.079, 235.417, 0.031, 288.975, 0.086, 259.958, 0.031, 318.646, 0.091, 252.284, 0.036, 336.445, 0.081, 276.451, 0.03, 
028-pdm08ABBAa1, 7.965590, 0.000544, 245.357, 0.016, 253.893, 0.07, 283.279, 0.081, 223.899, 0.021, 226.401, 0.022, 273.006, 0.08, 301.77, 0.069, 199.909, 0.022, 218.883, 0.023, 287.784, 0.072, 297.893, 0.074, 214.697, 0.016, 259.592, 0.023, 
028-pdm08ABBAb1, 8.694850, 0.000403, 306.449, 0.082, 210.297, 0.019, 208.961, 0.018, 279.839, 0.081, 273.761, 0.024, 284.037, 0.069, 300.737, 0.059, 320.382, 0.09, 371.849, 0.078, 260.946, 0.051, 261.098, 0.023, 268.239, 0.029, 
028-pdm09ABABa1, 9.463130, 0.000959, 272.268, 0.026, 264.414, 0.041, 196.101, 0.026, 260.723, 0.057, 199.794, 0.02, 262.451, 0.059, 231.267, 0.019, 249.978, 0.047, 234.122, 0.028, 226.523, 0.038, 208.542, 0.025, 235.801, 0.025, 
028-pdm09ABABb1, 2.330220, 0.001327, 154.176, 0.371, 146.258, 0.152, 151.339, 0.378, 166.45, 0.005, 168.16, 0.297, 164.759, 0.193, 152.258, 0.036, 107.978, 0.409, 
028-pdm09ABBAa1, 9.480150, 0.000653, 170.658, 0.039, 257.396, 0.065, 266.551, 0.066, 239.769, 0.027, 244.119, 0.03, 249.954, 0.064, 255.091, 0.064, 223.255, 0.028, 217.611, 0.019, 250.112, 0.047, 270.052, 0.039, 236.243, 0.034, 
028-pdm09ABBAb1, 9.079910, 0.002104, 251.46, 0.358, 235.262, 0.021, 247.585, 0.022, 266.004, 0.084, 244.044, 0.053, 214.33, 0.029, 238.088, 0.024, 252.765, 0.063, 230.056, 0.065, 222.658, 0.02, 206.996, 0.024, 271.719, 0.074, 
028-pdm10ABABa1, 8.671100, 0.000433, 230.993, 0.032, 233.151, 0.103, 205.352, 0.042, 258.94, 0.093, 259.343, 0.034, 231.792, 0.109, 226.165, 0.04, 182.754, 0.101, 272.252, 0.04, 250.307, 0.087, 247.807, 0.039, 262.567, 0.077, 
028-pdm10ABABb1, 9.451230, 0.000189, 244.943, 0.087, 215.606, 0.036, 240.089, 0.082, 224.34, 0.026, 266.91, 0.092, 254.195, 0.032, 234.676, 0.087, 231.25, 0.029, 266.803, 0.086, 219.222, 0.036, 229.913, 0.079, 231.203, 0.028, 
028-pdm10ABBAa1, 7.723650, 0.001198, 216.657, 0.102, 282.037, 0.094, 263.421, 0.087, 224.804, 0.032, 230.755, 0.03, 232.192, 0.081, 295.928, 0.094, 238.94, 0.038, 209.38, 0.031, 255.04, 0.091, 238.125, 0.076, 207.515, 0.027, 286.432, 0.035, 
028-pdm10ABBAb1, 8.926090, 0.000780, 281.92, 0.073, 169.882, 0.023, 201.072, 0.026, 217.348, 0.069, 269.297, 0.083, 204.378, 0.036, 209.747, 0.034, 242.11, 0.059, 255.541, 0.059, 196.847, 0.028, 215.382, 0.038, 201.38, 0.073, 
028-pdm11ABABa1, 9.415880, 0.001001, 243.654, 0.027, 287.849, 0.074, 282.865, 0.03, 296.422, 0.07, 281.362, 0.032, 292.451, 0.064, -214.402, 0.013, 261.59, 0.064, 264.593, 0.027, 274.139, 0.068, 240.624, 0.024, 204.103, 0.059, 
028-pdm11ABABb1, 9.567360, 0.000823, 228.857, 0.052, 218.836, 0.032, 257.457, 0.06, 259.947, 0.019, 296.332, 0.071, 233.669, 0.027, 273.614, 0.066, 274.629, 0.03, 309.743, 0.058, 281.801, 0.029, 244.29, 0.057, 253.595, 0.038, 
028-pdm11ABBAa1, 9.428520, 0.000809, 291.517, 0.033, 241.847, 0.05, 232.128, 0.02, 246.702, 0.037, 253.181, 0.022, 258.178, 0.068, 269.021, 0.074, 264.272, 0.027, 271.211, 0.024, 254.249, 0.084, 260.829, 0.085, 263.225, 0.045, 
028-pdm11ABBAb1, 7.984450, 0.002059, 190.967, 0.14, 238.761, 0.028, 217.046, 0.019, 273.221, 0.061, 252.307, 0.033, 284.766, 0.056, 232.93, 0.026, 243.465, 0.045, 205.551, 0.041, 188.251, 0.09, 267.827, 0.026, 281.639, 0.027, 
028-pdm12ABABa1, 9.107800, 0.000431, 212.332, 0.025, 252.339, 0.075, 203.817, 0.021, 236.24, 0.054, 271.601, 0.034, 255.982, 0.08, 216.946, 0.022, 225.284, 0.073, 264.988, 0.028, 256.478, 0.072, 240.674, 0.023, 234.085, 0.058, 
028-pdm12ABABb1, 9.176550, 0.001215, 253.154, 0.059, -136.088, 0.026, 199.509, 0.066, 211.57, 0.025, 262.485, 0.07, 201.947, 0.022, 223.791, 0.073, 207.73, 0.028, 262.136, 0.029, 215.149, 0.035, 217.3, 0.057, -143.441, 0.085, 
028-pdm12ABBAa1, 9.273620, 0.000469, 234.25, 0.026, 219.542, 0.06, 220.688, 0.028, 211.638, 0.051, 249.948, 0.023, 234.829, 0.059, 266.426, 0.084, 177.396, 0.029, 211.743, 0.024, 226.115, 0.073, 220.413, 0.057, 232.863, 0.022, 
028-pdm12ABBAb1, 8.930840, 0.000440, 239.065, 0.075, 189.932, 0.027, -126.084, 0.024, 255.91, 0.068, 238.605, 0.065, 171.428, 0.025, 183.099, 0.022, 240.036, 0.074, 246.062, 0.073, 212.885, 0.033, -117.629, 0.083, 238.486, 0.072, 
028-pdn01ABABa1, 7.807540, 0.002380, 159.735, 0.039, 190.976, 0.064, -167.998, 0.077, 231.241, 0.049, 191.633, 0.033, 280.64, 0.07, 179.45, 0.043, 216.972, 0.084, 232.802, 0.034, 256.877, 0.075, 150.905, 0.035, 215.484, 0.039, 
028-pdn01ABABb1, 8.741770, 0.000566, 241.801, 0.04, 126.58, 0.014, 151.237, 0.04, 162.196, 0.014, 218.186, 0.064, 143.024, 0.012, 176.945, 0.045, 207.957, 0.013, 219.587, 0.054, 157.165, 0.015, 193.567, 0.061, -153.35, 0.092, 
028-pdn01ABBAa1, 7.875040, 0.000504, 209.827, 0.01, 193.953, 0.049, 196.441, 0.044, 153.375, 0.014, 146.654, 0.021, 235.93, 0.054, 206.538, 0.062, 169.205, 0.028, 145.849, 0.025, 203.481, 0.038, 201.069, 0.043, -195.57, 0.006, 200.607, 0.013, 
028-pdn01ABBAb1, 8.895590, 0.000486, 240.406, 0.059, 116.181, 0.015, 123.566, 0.016, 215.71, 0.047, 200.374, 0.049, 133.392, 0.024, -110.103, 0.066, 218.394, 0.048, 217.226, 0.061, -134.609, 0.074, 156.962, 0.007, 227.424, 0.048, 
028-pdn02ABABa1, 9.323680, 0.000194, 220.018, 0.01, 216.503, 0.079, 167.987, 0.012, 256.09, 0.071, -183.433, 0.092, 214.315, 0.059, 165.504, 0.013, 264.613, 0.06, 199.303, 0.013, 261.81, 0.088, 199.549, 0.015, 242.213, 0.067, 
028-pdn02ABABb1, 9.418220, 0.000692, 278.071, 0.067, 188.55, 0.013, 216.629, 0.082, -160.846, 0.012, 262.641, 0.084, -149.609, 0.086, 260.734, 0.076, 209.32, 0.015, 237.743, 0.069, 211.419, 0.016, 276.609, 0.088, 118.669, 0.015, 
028-pdn02ABBAa1, 7.809340, 0.001084, 197.721, 0.161, 240.855, 0.076, 269.3, 0.089, 188.328, 0.01, 189.132, 0.018, 269.99, 0.072, 236.001, 0.062, 157.682, 0.019, 212.292, 0.013, 233.604, 0.073, 255.85, 0.075, 207.807, 0.014, 249.908, 0.017, 
028-pdn02ABBAb1, 8.911370, 0.000629, 250.974, 0.044, -147.384, 0.071, -150.81, 0.067, 261.492, 0.077, 257.559, 0.068, -140.743, 0.069, -161.877, 0.071, 263.129, 0.076, 290.75, 0.072, 145.915, 0.012, 189.753, 0.013, 255.925, 0.068, 
028-pdn03ABABa1, 9.531770, 0.000364, 202.39, 0.011, 237.851, 0.051, 155.693, 0.025, 266.861, 0.054, 165.539, 0.014, 259.532, 0.055, 159.021, 0.019, 249.585, 0.053, 178.041, 0.018, 230.297, 0.06, 189.112, 0.016, 246.352, 0.039, 
028-pdn03ABABb1, 9.753910, 0.000223, 218.942, 0.06, 146.754, 0.016, 200.567, 0.048, -148.876, 0.072, 216.448, 0.049, -118.699, 0.067, 208.315, 0.05, -122.419, 0.089, 255.565, 0.06, -143.737, 0.083, 245.153, 0.045, -151.155, 0.085, 
028-pdn03ABBAa1, 9.168280, 0.000329, 178.642, 0.01, 203.74, 0.053, 225.791, 0.056, 153.529, 0.014, 244.451, 0.009, 226.571, 0.045, 244.437, 0.039, 190.679, 0.015, 235.984, 0.008, 210.585, 0.054, 241.374, 0.04, 171.576, 0.007, 
028-pdn03ABBAb1, 9.262180, 0.000225, 208.537, 0.048, 177.818, 0.011, 175.997, 0.014, 237.559, 0.071, 269.751, 0.05, 173.529, 0.018, 201.752, 0.009, 278.739, 0.068, 257.76, 0.058, 173.251, 0.012, 194.691, 0.009, 228.216, 0.062, 
028-pdn04ABABa1, 8.122500, 0.001326, -194.317, 0.005, 215.641, 0.016, 197.85, 0.014, 259.255, 0.069, 269.672, 0.051, 217.961, 0.017, 216.612, 0.017, 245.898, 0.068, 259.528, 0.032, 234.927, 0.023, 245.592, 0.025, 190.425, 0.017, 270.514, 0.032, 
028-pdn04ABABb1, 8.650750, 0.000837, 240.605, 0.05, 244.004, 0.013, 261.133, 0.063, 262.948, 0.018, 248.653, 0.063, 226.65, 0.015, 255.122, 0.061, 234.797, 0.013, 238.33, 0.052, 233.717, 0.014, 256.412, 0.05, 251.88, 0.022, 
028-pdn04ABBAa1, 8.497520, 0.000695, 201.014, 0.013, 252.219, 0.071, 254.731, 0.064, 227.67, 0.014, 218.585, 0.014, 272.483, 0.063, 265.75, 0.041, 211.679, 0.015, 255.544, 0.017, 282.199, 0.061, 239.766, 0.032, 241.928, 0.017, 
028-pdn04ABBAb1, 8.837170, 0.000322, 208.709, 0.045, 202.61, 0.011, 205.815, 0.012, 220.154, 0.061, 233.192, 0.048, -218.537, 0.008, 192.136, 0.018, 238.733, 0.058, 252.807, 0.052, -155.732, 0.008, 218.536, 0.019, 257.574, 0.06, 
028-pdn05ABABa1, 9.548880, 0.000455, 256.458, 0.02, 272.862, 0.049, 219.597, 0.017, 251.471, 0.052, 215.77, 0.013, 262.888, 0.046, 204.192, 0.01, 254.33, 0.049, 210.934, 0.01, 279.326, 0.05, 223.789, 0.009, 175.61, 0.042, 
028-pdn05ABABb1, 9.502510, 0.000225, 308.782, 0.065, 192.629, 0.023, 231.025, 0.056, 228.527, 0.017, 255.155, 0.066, 211.436, 0.013, 238.466, 0.051, 218.199, 0.01, 280.561, 0.058, 231.484, 0.012, 232.414, 0.072, 243.636, 0.014, 
028-pdn05ABBAa1, 9.759430, 0.000493, 219.038, 0.028, 228.386, 0.041, 272.211, 0.048, 238.478, 0.015, 192.766, 0.019, 222.351, 0.066, 285.786, 0.08, 230.857, 0.012, 245.401, 0.066, 221.485, 0.013, 229.411, 0.016, 225.53, 0.008, 
028-pdn05ABBAb1, 7.142800, 0.004369, 226.205, 0.058, 227.456, 0.014, 197.553, 0.013, 198.785, 0.044, 224.945, 0.04, 206.146, 0.01, 196.736, 0.012, 226.666, 0.035, 253.376, 0.037, 193.304, 0.019, 171.152, 0.027, 177.573, 0.07, 118.557, 0.331, 
028-pdn06ABABa1, 9.222340, 0.000134, 266.266, 0.018, 309.603, 0.056, 217.874, 0.018, 306.685, 0.062, 266.467, 0.015, 291.468, 0.041, 193.351, 0.014, 277.391, 0.038, 228.202, 0.013, 282.214, 0.061, 200.166, 0.014, 272.971, 0.044, 
028-pdn06ABABb1, 9.399480, 0.000337, 245.837, 0.048, 216.091, 0.019, 270.796, 0.054, 190.909, 0.014, 304.858, 0.052, 157.922, 0.018, 273.999, 0.048, 213.8, 0.014, 295.222, 0.027, 227.784, 0.019, 272.654, 0.057, 178.206, 0.031, 
028-pdn06ABBAa1, 8.802550, 0.001894, 168.791, 0.151, 262.281, 0.059, 288.099, 0.064, 195.702, 0.015, 214.301, 0.014, 266.175, 0.071, 290.701, 0.063, 194.268, 0.014, 260.666, 0.035, 257.445, 0.063, 277.799, 0.055, -184.137, 0.122, 
028-pdn06ABBAb1, 9.244230, 0.000128, 286.201, 0.058, 235.261, 0.018, 207.309, 0.017, 277.608, 0.06, 310.665, 0.075, 221.627, 0.022, 231.273, 0.023, 275.887, 0.054, 320.66, 0.056, 249.74, 0.019, -213.629, 0.012, 211.654, 0.054, 
028-pdn07ABABa1, 8.604270, 0.000898, 267.978, 0.025, 260.118, 0.057, 231.352, 0.019, 163.522, 0.106, 216.154, 0.015, 269.262, 0.061, 231.136, 0.016, 198.404, 0.095, 203.183, 0.015, 290.552, 0.066, 212.99, 0.016, 200.51, 0.086, 
028-pdn07ABABb1, 8.405100, 0.000211, 283.217, 0.077, 183.312, 0.016, 303.385, 0.087, -163.294, 0.011, 244.59, 0.08, 193.52, 0.015, 186.95, 0.101, 227.668, 0.015, 247.587, 0.074, -144.769, 0.008, 247.85, 0.049, 240.409, 0.011, 
028-pdn07ABBAa1, 8.428250, 0.000240, 209.965, 0.015, 197.339, 0.069, 193.077, 0.049, 189.676, 0.006, 235.005, 0.015, 292.613, 0.078, 228.956, 0.069, 226.004, 0.011, 191.585, 0.017, 181.915, 0.029, 211.286, 0.097, 130.747, 0.011, 
028-pdn07ABBAb1, 8.167780, 0.000400, 285.775, 0.063, 165.645, 0.023, 190.749, 0.016, 183.819, 0.061, 277.989, 0.065, 153.239, 0.02, 218.416, 0.015, 296.514, 0.082, 226.201, 0.015, 199.447, 0.084, 232.443, 0.019, 259.065, 0.069, 
028-pdn08ABABa1, 9.943120, 0.000244, 271.271, 0.018, 304.579, 0.074, 278.628, 0.028, 282.692, 0.069, 230.816, 0.021, 293.976, 0.067, -137.583, 0.086, 289.807, 0.052, 309.738, 0.023, 292.089, 0.06, 234.464, 0.016, 309.881, 0.08, 
028-pdn08ABABb1, 9.692190, 0.000359, 275.419, 0.068, 272.894, 0.027, 292.829, 0.077, 260.788, 0.028, 290.855, 0.061, 262.144, 0.024, 279.056, 0.072, 217.094, 0.022, 279.701, 0.06, 244.031, 0.027, 266.878, 0.061, 254.226, 0.02, 
028-pdn08ABBAa1, 10.081100, 0.000190, 254.632, 0.015, 321.803, 0.088, 309.921, 0.08, 250.043, 0.025, 261.377, 0.013, 307.071, 0.087, 327.138, 0.09, 246.22, 0.017, 274.975, 0.015, 330.803, 0.093, 319.361, 0.094, 234.358, 0.019, 
028-pdn08ABBAb1, 9.112260, 0.000772, 332.512, 0.07, 239.863, 0.034, 163.743, 0.005, 317.146, 0.082, 319.876, 0.027, 301.432, 0.056, 304.046, 0.024, 316.31, 0.073, 296.013, 0.079, 301.632, 0.041, 318.418, 0.039, 319.532, 0.076, 
028-pdn09ABABa1, 9.826620, 0.000140, 228.541, 0.03, 279.099, 0.077, 203.151, 0.023, 260.012, 0.063, 201.691, 0.017, 265.486, 0.065, 232.363, 0.017, 243.855, 0.06, 239.917, 0.016, 240.608, 0.061, 244.051, 0.013, 194.395, 0.03, 
028-pdn09ABABb1, 9.259810, 0.000795, 270.812, 0.067, 239.521, 0.017, 268.967, 0.065, 233.02, 0.015, 275.428, 0.064, 246.065, 0.019, 267.13, 0.064, 183.399, 0.016, 273.607, 0.053, 224.733, 0.016, 246.466, 0.072, 171.226, 0.017, 
028-pdn09ABBAa1, 9.667870, 0.000413, 263.361, 0.026, 286.545, 0.063, 242.837, 0.062, 236.548, 0.022, 219.946, 0.022, 264.979, 0.075, 249.024, 0.068, 239.608, 0.019, 230.404, 0.019, 266.728, 0.071, 275.393, 0.072, 221.111, 0.021, 
028-pdn09ABBAb1, 9.318460, 0.000305, 226.762, 0.052, 193.049, 0.02, 222.294, 0.019, 276.772, 0.051, 262.9, 0.056, 205.911, 0.02, 186.892, 0.019, 247.919, 0.069, 251.266, 0.061, 200.072, 0.019, 197.45, 0.019, 242.149, 0.066, 
028-pdn10ABABa1, 9.889410, 0.000383, 290.293, 0.028, 297.193, 0.071, 271.745, 0.029, 293.126, 0.086, 271.495, 0.032, 303.125, 0.073, 266.886, 0.027, 277.753, 0.071, 257.731, 0.032, 318.892, 0.074, 276.835, 0.032, 225.922, 0.06, 
028-pdn10ABABb1, 9.874460, 0.000772, 253.289, 0.091, 268.821, 0.034, 269.325, 0.081, 261.195, 0.033, 279.433, 0.085, 278.655, 0.036, 260.676, 0.043, 242.804, 0.074, 280.266, 0.055, 271.115, 0.033, 292.957, 0.086, 276.795, 0.036, 
028-pdn10ABBAa1, 10.564400, 0.000335, 231.059, 0.024, 281.55, 0.072, 287.797, 0.077, 207.304, 0.026, 235.562, 0.027, 264.011, 0.071, 282.616, 0.08, 242.241, 0.026, 243.348, 0.029, 284.09, 0.071, 268.57, 0.075, 253.78, 0.022, 
028-pdn10ABBAb1, 10.370300, 0.000177, 269.237, 0.069, 234.043, 0.026, 237.671, 0.027, 283.42, 0.08, 294.484, 0.055, 279.823, 0.029, 275.803, 0.024, 292.045, 0.082, 278.603, 0.065, 283.226, 0.028, 275.505, 0.028, 280.495, 0.077, 
028-pdn11ABABa1, 10.195400, 0.000201, 226.611, 0.027, 277.416, 0.058, 247.724, 0.024, 257.754, 0.045, 252.235, 0.022, 280.399, 0.056, 248.112, 0.021, 269.663, 0.061, 274.254, 0.028, 285.493, 0.056, 244.576, 0.02, 252.923, 0.036, 
028-pdn11ABABb1, 8.388340, 0.001579, 162.422, 0.007, 102.529, 0.017, 249.106, 0.056, 268.908, 0.03, 243.391, 0.059, 256.748, 0.025, 265.956, 0.055, 193.586, 0.016, 256.595, 0.055, 281.992, 0.018, 298.801, 0.052, 242.446, 0.021, 272.363, 0.047, 284.133, 0.022, 
028-pdn11ABBAa1, 9.322620, 0.001538, 219.131, 0.042, 268.825, 0.062, 250.355, 0.059, 203.423, 0.02, 236.542, 0.022, 265.472, 0.06, 235.149, 0.059, 279.401, 0.017, 239.658, 0.017, 165.074, 0.005, 319.325, 0.076, 212.746, 0.016, 
028-pdn11ABBAb1, 10.042300, 0.000841, 246.904, 0.057, 230.76, 0.021, 215.707, 0.022, 255.715, 0.055, 243.91, 0.053, 226.879, 0.018, 245.906, 0.02, 258.451, 0.067, 295.044, 0.02, 233.653, 0.044, 233.868, 0.036, 242.765, 0.033, 
028-pdn12ABABa1, 9.163650, 0.001052, 210.339, 0.024, 264.939, 0.063, 271.13, 0.024, 185.314, 0.057, 245.157, 0.026, 245.09, 0.078, 235.746, 0.031, 240.913, 0.076, 236.24, 0.026, 185.25, 0.005, 242.408, 0.02, 177.483, 0.005, 
028-pdn12ABABb1, 9.601980, 0.001595, 230.152, 0.06, 244.063, 0.028, 299.82, 0.079, 219.802, 0.041, 254.958, 0.067, 236.59, 0.025, 251.444, 0.068, 211.783, 0.043, 286.371, 0.063, 223.663, 0.025, 239.725, 0.049, 102.508, 0.005, 
028-pdn12ABBAa1, 9.474920, 0.002674, 253.087, 0.021, 257.29, 0.083, 255.228, 0.077, 238.209, 0.025, 223.865, 0.023, 304.975, 0.083, -191.587, 0.005, 210.936, 0.024, 242.674, 0.023, 260.151, 0.067, -177.909, 0.005, 182.869, 0.035, 
028-pdn12ABBAb1, 9.621130, 0.000939, 269.167, 0.065, 148.074, 0.027, 195.582, 0.023, 189.748, 0.005, 233.573, 0.068, 220.424, 0.018, 268.718, 0.02, 251.554, 0.083, 242.593, 0.021, 130.175, 0.005, 240.7, 0.03, 207.422, 0.021, 
028-psm01ABABa1, 9.075070, 0.000792, 221.99, 0.264, 216.491, 0.01, 294.436, 0.056, 237.989, 0.011, 265.413, 0.042, 231.372, 0.015, 254.003, 0.048, 242.815, 0.009, 285.949, 0.059, 202.368, 0.022, 203.241, 0.045, 231.9, 0.014, 
028-psm01ABABb1, 9.725950, 0.000110, 207.909, 0.01, 243.339, 0.043, 206.118, 0.013, 256.352, 0.048, 212.319, 0.013, 240.041, 0.031, 223.574, 0.023, 246.034, 0.054, 248.279, 0.014, 183.447, 0.091, 226.94, 0.015, 251.895, 0.047, 
028-psm01ABBAa1, 9.434480, 0.000164, 228.364, 0.061, 213.817, 0.016, 222.845, 0.012, 246.144, 0.06, 252.661, 0.055, 234.057, 0.01, 214.965, 0.012, 253.284, 0.063, 258.284, 0.054, 238.223, 0.009, 225.913, 0.013, 233.815, 0.05, 
028-psm01ABBAb1, 9.816510, 0.000516, 214.017, 0.014, 221.929, 0.046, 229.921, 0.046, 228.838, 0.014, 203.955, 0.011, 257.627, 0.058, 233.666, 0.046, 232.7, 0.008, 225.382, 0.012, 252.485, 0.044, 237.428, 0.027, 231.661, 0.005, 
028-psm02ABABa1, 9.237940, 0.000344, 213.166, 0.062, 214.465, 0.013, 223.196, 0.053, 218.339, 0.013, 227.668, 0.06, 222.053, 0.051, 232.393, 0.039, 231.161, 0.01, 244.367, 0.035, -210.042, 0.009, 254.079, 0.039, 192.238, 0.056, 
028-psm02ABABb1, 8.966230, 0.000169, 250.969, 0.012, 271.511, 0.056, 211.462, 0.014, 229.423, 0.044, 219.366, 0.009, 245.697, 0.06, 208.605, 0.014, 172.069, 0.053, 224.119, 0.012, 256.517, 0.046, 249.373, 0.013, 173.101, 0.014, 
028-psm02ABBAa1, 8.804180, 0.000252, 251.15, 0.048, 199.598, 0.011, 207.964, 0.009, 244.032, 0.05, 250.17, 0.055, 218.28, 0.009, 196.998, 0.012, 216.234, 0.061, 251.546, 0.043, 182.631, 0.012, 218.455, 0.012, 219.016, 0.049, 
028-psm02ABBAb1, 8.553330, 0.001016, 194.613, 0.024, 238.253, 0.046, 221.543, 0.012, 194.262, 0.076, 217.117, 0.012, 231.699, 0.016, 252.617, 0.038, 239.246, 0.007, 217.321, 0.038, 209.607, 0.013, 187.921, 0.008, 213.284, 0.008, 
028-psm03ABABa1, 9.846710, 0.001701, 216.914, 0.045, 216.57, 0.014, 275, 0.087, 206.882, 0.022, -173.137, 0.005, 232.293, 0.013, 180.244, 0.046, 222.182, 0.033, 306.587, 0.08, 216.627, 0.029, 249.495, 0.034, 158.233, 0.036, 
028-psm03ABABb1, 9.823840, 0.001224, 197.089, 0.033, 254.193, 0.074, 159.346, 0.014, 240.671, 0.069, 228.881, 0.015, 226.245, 0.029, 228.576, 0.018, 218.877, 0.062, 271.541, 0.014, 252.369, 0.082, 232.749, 0.027, 247.829, 0.066, 
028-psm03ABBAa1, 9.530410, 0.001758, 263.492, 0.064, 233.937, 0.009, -137.608, 0.068, 252.201, 0.056, 246.601, 0.062, -112.993, 0.082, 211.827, 0.011, 277.433, 0.087, 256.826, 0.056, 222.169, 0.014, 169.383, 0.015, 177.458, 0.038, 
028-psm03ABBAb1, 9.953430, 0.001208, 169.886, 0.018, 285.351, 0.058, 259.823, 0.051, 197.167, 0.014, -211.183, 0.013, 257.295, 0.044, 245.937, 0.05, 201.801, 0.01, 187.329, 0.015, 274.089, 0.047, 273.513, 0.057, 198.65, 0.017, 
028-psm04ABABa1, 9.359400, 0.000670, 244.496, 0.052, 218.427, 0.015, 252.875, 0.063, 240.257, 0.014, 250.75, 0.058, 229.684, 0.013, 245.224, 0.063, 239.924, 0.007, 248.326, 0.06, 223.653, 0.009, 251.987, 0.055, 233.775, 0.009, 
028-psm04ABABb1, 9.609540, 0.000594, 209.614, 0.02, 239.488, 0.063, 244.474, 0.011, 256.419, 0.051, 227.602, 0.014, 268.527, 0.063, 220.379, 0.012, 250.301, 0.053, 215.929, 0.013, 237.381, 0.056, 224.041, 0.014, 228.69, 0.022, 
028-psm04ABBAa1, 9.415500, 0.000537, 218.713, 0.06, 232.161, 0.012, 234.037, 0.008, 174.15, 0.064, 249.786, 0.065, -214.141, 0.008, 202.646, 0.009, 178.863, 0.052, 246.744, 0.042, 218.481, 0.008, 210.33, 0.008, 226.596, 0.054, 
028-psm04ABBAb1, 9.193570, 0.000609, -195.463, 0.007, 250.174, 0.062, 237.18, 0.061, 223.894, 0.007, 207.724, 0.012, 245.167, 0.068, 243.74, 0.063, 229.606, 0.008, 239.312, 0.024, 237.308, 0.055, 226.664, 0.013, 225.819, 0.008, 
028-psm05ABABa1, 9.242610, 0.000410, 299.95, 0.069, 226.409, 0.027, 280.408, 0.065, 267.695, 0.02, 271.034, 0.065, 229.3, 0.029, 275.23, 0.062, 261.73, 0.019, 291.518, 0.053, 221.747, 0.017, 253.231, 0.052, 248.526, 0.018, 
028-psm05ABABb1, 9.106760, 0.000689, 308.397, 0.022, 272.832, 0.061, 219.433, 0.02, 285.107, 0.054, 275.552, 0.019, 262.784, 0.057, 242.061, 0.018, 272.537, 0.068, 239.102, 0.024, 268.085, 0.053, 245.934, 0.023, 242.094, 0.039, 
028-psm05ABBAa1, 9.167250, 0.000176, 284.869, 0.069, 207.071, 0.016, 192.203, 0.017, 245.579, 0.095, 291.101, 0.073, -140.624, 0.02, 212.418, 0.017, 277.678, 0.078, 249.92, 0.07, 229.849, 0.024, 213.865, 0.018, 253.994, 0.059, 
028-psm05ABBAb1, 8.949570, 0.000877, 279.342, 0.02, 253.259, 0.054, 190.175, 0.027, 245.414, 0.034, 230.783, 0.029, 259.209, 0.048, 250.13, 0.048, 257.445, 0.028, 245.536, 0.016, 256.351, 0.057, 239.167, 0.03, 222.872, 0.013, 
028-psm06ABABa1, 9.392150, 0.000236, 262.056, 0.064, 250.764, 0.015, 251.623, 0.05, 275.878, 0.02, 263.538, 0.058, 218.412, 0.015, 258.861, 0.061, 239.74, 0.018, 255.72, 0.057, 229.134, 0.019, 270.187, 0.065, 291.367, 0.019, 
028-psm06ABABb1, 8.813830, 0.000682, 272.649, 0.03, 251.229, 0.06, 248.82, 0.016, 272.939, 0.057, 243.714, 0.014, 249.552, 0.06, 241.038, 0.014, 265.576, 0.066, 230.868, 0.014, 259.946, 0.059, 243.84, 0.012, 253.002, 0.043, 
028-psm06ABBAa1, 7.704530, 0.000428, 256.725, 0.071, 228.694, 0.02, 228.613, 0.018, 249.026, 0.066, 195.337, 0.018, 233.403, 0.049, 213.469, 0.016, 253.785, 0.058, 283.543, 0.03, 205.758, 0.015, 220.916, 0.01, 236.328, 0.064, 
028-psm06ABBAb1, 9.348500, 0.000281, 228.901, 0.02, 239.036, 0.046, 269.214, 0.054, 253.138, 0.018, 191.347, 0.033, 252.448, 0.062, 265.576, 0.059, 228.27, 0.017, 205.83, 0.017, 277.261, 0.068, 249.019, 0.043, 209.162, 0.019, 
028-psm07ABABa1, 8.859090, 0.002222, 250.525, 0.372, 266.442, 0.013, 250.432, 0.054, 227.501, 0.013, 255.902, 0.064, 218.377, 0.014, 251.829, 0.068, -267.86, 0.01, 264.435, 0.063, 199.473, 0.013, 228.431, 0.016, 233.609, 0.016, 
028-psm07ABABb1, 9.487890, 0.000199, 210.227, 0.022, 281.75, 0.057, 243.398, 0.014, 249.135, 0.079, 265.564, 0.015, 279.683, 0.071, 258.857, 0.015, 261.647, 0.067, 270.872, 0.015, 276.051, 0.066, 280.219, 0.011, 244.966, 0.062, 
028-psm07ABBAa1, 8.430230, 0.001609, 200.941, 0.223, 237.616, 0.014, 255.198, 0.041, 214.78, 0.014, 271.044, 0.061, 185.396, 0.013, 227.81, 0.014, 256.793, 0.063, 293.205, 0.02, 223.104, 0.014, 243.841, 0.016, 282.889, 0.02, 
028-psm07ABBAb1, 9.047900, 0.000636, 227.847, 0.037, 243.705, 0.035, 256.777, 0.014, 248.105, 0.045, 245.995, 0.019, 226.496, 0.052, 251.542, 0.075, 271.925, 0.013, 264.351, 0.016, 202.722, 0.035, 249.225, 0.05, 266.892, 0.013, 
028-psm08ABABa1, 9.167390, 0.001296, 195.449, 0.113, 244.075, 0.028, 262.519, 0.058, 226.277, 0.032, 284.829, 0.064, 233.551, 0.019, 276.424, 0.055, 239.793, 0.017, 199.579, 0.005, 192.599, 0.026, 196.159, 0.01, 203.214, 0.045, 
028-psm08ABABb1, 9.485820, 0.000948, -222.7, 0.019, 307.969, 0.064, 214.451, 0.018, 278.592, 0.056, -152.531, 0.015, 308.895, 0.066, 214.33, 0.015, 317.671, 0.06, 228.007, 0.015, 299.535, 0.043, 223.838, 0.018, -201.941, 0.005, 
028-psm08ABBAa1, 7.573380, 0.001633, 116.852, 0.005, 178.7, 0.079, 158.685, 0.046, 244.893, 0.053, 237.964, 0.014, 258.2, 0.015, 209.988, 0.014, 219.626, 0.028, 271.958, 0.014, 265.071, 0.062, 273.712, 0.023, 227.575, 0.069, 219.143, 0.013, 236.996, 0.014, 277.213, 0.02, 
028-psm08ABBAb1, 9.587850, 0.002302, 258.548, 0.02, 284.732, 0.054, 255.423, 0.04, 203.562, 0.014, 257.116, 0.016, 271.014, 0.042, 273.048, 0.049, 243.507, 0.021, 283.498, 0.014, 266.86, 0.05, 214.823, 0.005, 243.441, 0.019, 
028-psm09ABABa1, 9.325230, 0.000170, 261.527, 0.073, 186.934, 0.033, 272.176, 0.067, 216.656, 0.025, 284.183, 0.07, 237.488, 0.035, 240.601, 0.04, 233.463, 0.037, 252.372, 0.039, 213.827, 0.025, 239.954, 0.045, -197.179, 0.008, 
028-psm09ABABb1, 9.387720, 0.000744, 196.255, 0.023, 275.105, 0.07, 255.737, 0.024, 273.754, 0.056, 223.826, 0.024, 293.134, 0.066, 233.848, 0.025, 245.499, 0.059, 234.918, 0.026, 284.227, 0.059, 241.493, 0.021, 249.915, 0.057, 
028-psm09ABBAa1, 8.683320, 0.001255, 185.337, 0.035, 288.795, 0.005, 244.089, 0.049, 237.658, 0.033, 239.731, 0.02, 214.167, 0.026, 194.734, 0.047, 251.532, 0.038, 275.181, 0.053, 193.664, 0.036, 211.87, 0.024, 224.168, 0.031, 
028-psm09ABBAb1, 8.270530, 0.000578, 262.42, 0.022, 271.065, 0.082, 256.79, 0.071, 239.853, 0.032, 237.554, 0.068, 227.172, 0.036, 253.244, 0.035, 217.383, 0.02, 213.214, 0.056, 187.453, 0.023, 197.76, 0.038, 160.212, 0.087, 
028-psm10ABABa1, 9.392440, 0.000475, 174.507, 0.112, 231.089, 0.02, 250.874, 0.05, 243.209, 0.017, 239.363, 0.047, 208.838, 0.017, 285.316, 0.035, 236.492, 0.016, 247.406, 0.031, 242.766, 0.017, 272.533, 0.058, 238.801, 0.015, 
028-psm10ABABb1, 10.019700, 0.000202, 251.16, 0.035, 266.327, 0.052, 245.455, 0.026, 259.837, 0.05, 253.101, 0.022, 277.319, 0.054, 250.481, 0.032, 250.683, 0.021, 271.95, 0.021, 254.366, 0.034, 265.946, 0.019, 267.006, 0.056, 
028-psm10ABBAa1, 9.904280, 0.000640, 227.352, 0.059, 214.84, 0.017, 212.224, 0.017, 256.032, 0.063, 235.2, 0.054, 200.568, 0.016, 214.341, 0.016, 246.967, 0.062, 271.551, 0.044, 197.924, 0.041, 218.65, 0.016, 267.527, 0.045, 
028-psm10ABBAb1, 9.572950, 0.000642, 169.101, 0.091, 236.348, 0.072, 244.353, 0.034, 228.838, 0.018, 241.269, 0.023, 259.235, 0.065, 277.562, 0.055, 226.946, 0.006, 197.668, 0.015, 266.189, 0.054, 266.8, 0.053, 233.505, 0.019, 
028-psm11ABABa1, 9.351960, 0.000400, 205.862, 0.047, 197.864, 0.032, 263.816, 0.053, 229.127, 0.025, 234.445, 0.066, 189.146, 0.019, 267.032, 0.059, 236.761, 0.026, 222.554, 0.069, 209.591, 0.016, 270.354, 0.063, 245.267, 0.026, 
028-psm11ABABb1, 10.195000, 0.000030, 242.889, 0.034, 279.425, 0.076, 239.516, 0.033, 234.578, 0.086, 247.547, 0.039, 275.82, 0.07, 244.809, 0.022, 246.274, 0.063, 243.805, 0.039, 274.321, 0.044, 253.167, 0.069, 211.06, 0.065, 
028-psm11ABBAa1, 7.428490, 0.000428, 222.569, 0.061, 253.419, 0.028, 239.382, 0.026, 240.763, 0.065, 239.341, 0.06, 258.965, 0.023, 265.137, 0.025, 255.489, 0.075, 241.778, 0.071, 267.123, 0.019, 231.877, 0.032, 260.122, 0.079, 252.792, 0.053, 263.282, 0.034, 
028-psm11ABBAb1, 8.709600, 0.006133, 201.272, 0.023, 259.305, 0.048, 248.56, 0.046, 239.853, 0.028, 251.237, 0.061, 211.092, 0.021, 243.086, 0.029, 214.057, 0.026, 105.375, 0.032, 290.594, 0.052, 247.234, 0.033, 243.592, 0.019, 267.861, 0.056, 
028-psm12ABABa1, 9.473840, 0.000415, 285.516, 0.075, 213.165, 0.025, 282.583, 0.067, 236.687, 0.029, 279.05, 0.075, 214.213, 0.037, 263.822, 0.047, 241.329, 0.027, 268.841, 0.066, 200.472, 0.027, 251.275, 0.048, 231.346, 0.021, 
028-psm12ABABb1, 9.867230, 0.000461, 203.574, 0.072, 253.88, 0.07, 207.797, 0.024, 271.418, 0.061, 210.029, 0.026, 289.874, 0.075, 249.519, 0.027, 251.969, 0.067, 222.477, 0.03, 267.728, 0.064, 195.966, 0.018, 258.995, 0.048, 
028-psm12ABBAa1, 10.136100, 0.000412, 206.062, 0.062, 208.718, 0.024, 192.054, 0.019, 258.336, 0.079, 256.382, 0.059, 204.135, 0.044, 219.859, 0.028, 258.312, 0.085, 270.036, 0.072, 225.322, 0.021, 215.565, 0.024, 220.012, 0.087, 
028-psm12ABBAb1, 10.355000, 0.000458, 222.646, 0.017, 287.497, 0.084, 279.676, 0.08, 198.288, 0.021, 236.041, 0.02, 293.37, 0.084, 244.756, 0.087, 232.795, 0.024, 257.842, 0.02, 280.79, 0.069, 264.544, 0.06, 265.707, 0.017, 
028-psn01ABABa1, 8.649760, 0.001677, 215.992, 0.043, 212.196, 0.018, 255.565, 0.034, 234.266, 0.014, 272.649, 0.06, 220.351, 0.016, 225.815, 0.047, 213.06, 0.01, 286.21, 0.063, 244.036, 0.012, 214.043, 0.049, 251.233, 0.021, 
028-psn01ABABb1, 7.573420, 0.004297, 180.525, 0.04, 237.406, 0.019, 275.046, 0.017, 264.139, 0.055, 117.463, 0.029, 230.889, 0.042, -196.229, 0.081, 251.255, 0.048, 235.682, 0.011, 265.887, 0.063, 183.81, 0.03, 213.994, 0.038, 233.26, 0.013, 227.551, 0.038, 
028-psn01ABBAa1, 7.222470, 0.002908, 198.984, 0.011, 217.514, 0.011, 223.24, 0.011, 239.427, 0.051, 205.915, 0.013, 197.376, 0.065, 238.051, 0.045, 212.329, 0.008, 234.222, 0.036, 219.399, 0.009, 234.619, 0.007, 239.902, 0.05, 
028-psn01ABBAb1, 8.304890, 0.000850, -145.102, 0.084, 277.852, 0.046, 256.036, 0.036, 185.33, 0.015, -237.47, 0.005, 258.728, 0.053, 231.278, 0.055, -166.455, 0.082, 224.202, 0.029, 238.32, 0.023, 234.426, 0.012, 202.624, 0.007, 
028-psn02ABABa1, 8.841240, 0.000360, 210.337, 0.044, 207.302, 0.011, 247.196, 0.06, 246.114, 0.009, 264.734, 0.057, 223.867, 0.013, 256.205, 0.054, 228.528, 0.008, 213.816, 0.05, 208.598, 0.008, 237.884, 0.039, 232.39, 0.02, 
028-psn02ABABb1, 9.128020, 0.000735, 192.267, 0.016, 244.227, 0.058, 182.148, 0.017, 265.63, 0.05, 231.452, 0.011, 230.541, 0.059, 215.392, 0.013, 246.845, 0.059, 179.826, 0.017, 253.635, 0.055, 232.148, 0.013, 208.877, 0.077, 
028-psn02ABBAa1, 8.864440, 0.000759, 201.905, 0.033, 206.063, 0.012, 201.884, 0.008, 255.844, 0.06, 247.691, 0.049, 171.628, 0.018, 207.211, 0.018, 246.136, 0.061, 267.607, 0.054, 212.551, 0.012, 190.637, 0.013, 249.778, 0.063, 
028-psn02ABBAb1, 8.260280, 0.000523, 237.166, 0.01, 220.138, 0.049, 208.077, 0.008, 212.016, 0.023, 202.607, 0.009, 211.813, 0.051, 239.641, 0.05, 208.119, 0.009, 237.931, 0.059, 206.029, 0.008, 225.055, 0.008, 219.016, 0.056, 
028-psn03ABABa1, 9.278100, 0.000879, 285.16, 0.07, 136.476, 0.013, 285.208, 0.089, 191.403, 0.014, 274.132, 0.063, 194.118, 0.014, 257.732, 0.077, 211.489, 0.013, 278.247, 0.071, -171.32, 0.086, 243.591, 0.078, 202.819, 0.012, 
028-psn03ABABb1, 8.750700, 0.000461, 184.476, 0.017, 254.376, 0.073, -156.664, 0.086, 267.172, 0.086, 201.734, 0.016, 231.223, 0.08, 166.668, 0.014, 241.143, 0.08, -206.35, 0.088, 239.96, 0.066, 179.859, 0.014, 232.275, 0.075, 
028-psn03ABBAa1, 9.515600, 0.000254, 214.4, 0.055, 126.694, 0.018, -136.281, 0.076, 225.587, 0.06, 246.893, 0.054, 135.569, 0.012, -134.594, 0.067, 255.522, 0.066, 265.099, 0.063, -154.221, 0.089, -158.981, 0.07, 201.871, 0.091, 
028-psn03ABBAb1, 9.581020, 0.000713, 200.923, 0.024, 197.304, 0.071, 216.166, 0.065, 150.375, 0.01, -155.575, 0.009, 207.122, 0.065, 216.387, 0.067, 193.014, 0.01, 230.009, 0.014, 202.493, 0.012, 213.314, 0.043, -205.422, 0.072, 
028-psn04ABABa1, 9.451540, 0.000527, 258.178, 0.036, 221.599, 0.013, 243.044, 0.049, 214.554, 0.009, 199.477, 0.012, 209.449, 0.009, 242.027, 0.051, 161.128, 0.005, 269.064, 0.036, 232.173, 0.008, 252.549, 0.036, 167.295, 0.014, 
028-psn04ABABb1, 8.693150, 0.000475, 210.531, 0.013, 275.289, 0.065, 214.084, 0.009, 227.367, 0.059, 246.637, 0.022, 235.568, 0.013, 250.7, 0.008, -209.977, 0.095, 222.387, 0.01, 244.421, 0.057, 237.529, 0.039, 237.437, 0.013, 
028-psn04ABBAa1, 9.427970, 0.000395, 233.275, 0.047, 185.104, 0.01, 215.666, 0.008, 226.96, 0.06, 258.402, 0.038, 211.523, 0.012, 214.332, 0.012, 228.7, 0.062, 228.451, 0.028, 198.974, 0.013, 209.314, 0.011, 221.365, 0.058, 
028-psn04ABBAb1, 8.828750, 0.000492, 175.92, 0.009, 260.32, 0.063, 232.147, 0.047, 209.132, 0.009, 218.53, 0.008, 244.136, 0.054, 242.594, 0.05, 228.514, 0.007, 246.818, 0.008, 252.182, 0.047, 218.598, 0.033, 221.452, 0.006, 
028-psn05ABABa1, 9.287040, 0.002065, 263.493, 0.109, 244.247, 0.019, 218.813, 0.019, 261.794, 0.029, 289.694, 0.06, -157.497, 0.014, 235.923, 0.007, 227.338, 0.019, 284.543, 0.049, 229.846, 0.019, 323.276, 0.059, 264.442, 0.032, 
028-psn05ABABb1, 9.534020, 0.001626, 246.71, 0.02, 301.269, 0.061, 215.887, 0.018, 265.612, 0.048, 223.762, 0.014, 245.845, 0.041, 205.639, 0.02, 251.425, 0.048, 236.606, 0.016, -215.319, 0.005, 243.653, 0.038, 262.899, 0.033, 
028-psn05ABBAa1, 9.909680, 0.001603, 214.94, 0.058, 159.042, 0.015, 184.627, 0.017, 273.689, 0.036, 283.331, 0.059, 188.627, 0.016, 185.777, 0.014, 271.421, 0.022, 272.706, 0.056, 224.42, 0.022, 222.816, 0.012, 279.032, 0.055, 
028-psn05ABBAb1, 9.682340, 0.001307, 196.239, 0.021, 259.771, 0.005, 243.508, 0.04, 254.574, 0.024, 234.867, 0.015, 249.24, 0.054, 287.778, 0.061, 159.037, 0.022, 232.133, 0.016, 256.301, 0.058, 206.437, 0.005, 187.228, 0.021, 
028-psn06ABABa1, 8.552350, 0.000249, 247.83, 0.057, 206.589, 0.014, 261.506, 0.045, 225.434, 0.01, 272.193, 0.059, 212.504, 0.016, 258.028, 0.061, 219.321, 0.009, 271.777, 0.052, 220.899, 0.022, 227.961, 0.024, 249.012, 0.014, 
028-psn06ABABb1, 8.549630, 0.000627, 225.608, 0.016, 262.111, 0.06, 215.577, 0.014, 256.366, 0.038, 223.434, 0.015, 249.499, 0.061, 205.961, 0.015, 262.597, 0.038, 217.668, 0.019, 260.409, 0.055, 241.627, 0.015, 255.692, 0.03, 
028-psn06ABBAa1, 7.917200, 0.000822, 221.558, 0.068, 240.073, 0.014, 223.741, 0.013, 256.67, 0.057, 285.258, 0.058, 238.548, 0.013, 238.814, 0.014, 258.824, 0.05, 219.84, 0.023, 224.621, 0.021, 207.386, 0.024, 284.612, 0.08, 
028-psn06ABBAb1, 7.337550, 0.000692, 241.385, 0.021, 254.085, 0.071, 259.47, 0.065, 231.385, 0.014, 233.374, 0.014, 278.475, 0.081, 235.672, 0.047, 216.961, 0.03, 173.853, 0.025, 258.757, 0.058, 223.539, 0.059, 189.224, 0.012, 221.009, 0.053, 
028-psn07ABABa1, 9.030060, 0.000222, 260.11, 0.06, 184.785, 0.018, 270.517, 0.063, 197.241, 0.021, 237.687, 0.081, 208.12, 0.015, 242.346, 0.087, 209.43, 0.015, 263.785, 0.081, 210.067, 0.021, 250.578, 0.074, 218.899, 0.016, 
028-psn07ABABb1, 8.749030, 0.000664, 304.833, 0.017, 281.747, 0.085, 268.975, 0.016, 290.482, 0.081, 292.296, 0.027, 269.429, 0.091, 235.551, 0.016, 247.056, 0.078, 215.447, 0.016, 225.328, 0.052, 280.949, 0.012, 224.434, 0.064, 
028-psn07ABBAa1, 8.921150, 0.000479, 266.21, 0.081, 198.508, 0.019, 200.838, 0.015, 196.677, 0.094, 204.046, 0.041, 190.751, 0.015, 197.216, 0.031, 264.682, 0.074, 264.783, 0.039, 184.043, 0.014, 192.057, 0.015, 182.74, 0.093, 
028-psn07ABBAb1, 8.604460, 0.000317, 233.726, 0.02, 244.438, 0.07, 243.055, 0.069, 207.729, 0.015, 224.989, 0.015, 239.272, 0.075, 255.756, 0.087, 195.712, 0.017, 234.012, 0.015, 234.82, 0.07, 269.308, 0.077, 226.343, 0.016, 
028-psn08ABABa1, 8.986780, 0.000157, 275.836, 0.066, 180.867, 0.019, 258.477, 0.045, 223.814, 0.022, 248.205, 0.04, 210.646, 0.016, 270.758, 0.054, 253.69, 0.031, 267.053, 0.051, 233.778, 0.016, 259.324, 0.047, 243.189, 0.021, 
028-psn08ABABb1, 9.203340, 0.000744, 247.286, 0.018, 262.961, 0.063, 202.809, 0.021, 260.16, 0.068, 209.071, 0.019, 257.386, 0.056, 235.994, 0.022, -172.652, 0.005, 232.329, 0.017, 282.147, 0.05, 221.144, 0.017, 264.25, 0.065, 
028-psn08ABBAa1, 9.503600, 0.000291, 256.24, 0.067, 192.529, 0.015, 196.789, 0.014, 247.406, 0.063, 254.988, 0.055, 164.74, 0.015, 157.482, 0.014, 233.13, 0.06, 255.508, 0.063, 189.581, 0.017, 207.123, 0.014, 239.462, 0.064, 
028-psn08ABBAb1, 9.555720, 0.000169, 244.56, 0.019, 224.051, 0.053, 242.1, 0.049, 202.136, 0.02, 173.563, 0.015, 224.606, 0.059, 223.089, 0.05, 214.166, 0.016, 237.551, 0.02, 235.621, 0.06, 275.233, 0.05, 224.727, 0.016, 
028-psn09ABABa1, 8.953030, 0.001707, 180.713, 0.098, 211.806, 0.028, 275.232, 0.057, 232.984, 0.022, 250.855, 0.053, 234.47, 0.02, 277.01, 0.055, 240.07, 0.036, 315.824, 0.062, 230.468, 0.028, 196.116, 0.007, 151.151, 0.027, 
028-psn09ABABb1, 9.859260, 0.000139, 226.338, 0.028, 251.947, 0.071, 189.332, 0.024, 255.006, 0.064, 183.604, 0.027, 250.305, 0.056, 223.254, 0.024, 244.603, 0.048, 218.376, 0.027, 258.337, 0.055, 244.004, 0.027, 248.214, 0.055, 
028-psn09ABBAa1, 9.167780, 0.000565, 280.089, 0.043, 202.415, 0.035, 238.006, 0.019, 256.896, 0.068, 276.961, 0.07, 214.53, 0.024, 202.489, 0.019, 266.109, 0.074, 284.406, 0.078, 222.081, 0.024, 225.812, 0.024, 282.1, 0.052, 
028-psn09ABBAb1, 9.491120, 0.001101, 205.111, 0.024, 255.306, 0.062, 215.374, 0.045, 227.396, 0.024, 228.368, 0.027, 239.401, 0.036, 243.724, 0.057, 208.059, 0.022, 250.954, 0.02, 257.093, 0.049, 227.395, 0.044, 205.359, 0.027, 
028-psn10ABABa1, 9.391160, 0.001431, 219.522, 0.076, 200.964, 0.02, 239.945, 0.059, 229.476, 0.022, 284.59, 0.059, 172.318, 0.024, 285.921, 0.061, 257.184, 0.02, 298.15, 0.031, 245.202, 0.028, 226.677, 0.062, 220.659, 0.029, 
028-psn10ABABb1, 9.772030, 0.000950, 197.258, 0.026, 254.791, 0.053, 203.997, 0.022, 244.503, 0.058, 189.401, 0.025, 238.726, 0.044, 215.801, 0.02, 239.186, 0.048, 213.598, 0.021, 245.053, 0.045, 241.656, 0.018, 260.878, 0.051, 
028-psn10ABBAa1, 8.716750, 0.000784, 225.221, 0.058, 222.676, 0.019, 232.226, 0.021, 253.864, 0.059, 238.086, 0.025, 250.853, 0.055, 247.015, 0.029, 250.436, 0.055, 287.032, 0.056, 203.47, 0.025, 222.768, 0.021, 236.087, 0.051, 
028-psn10ABBAb1, 9.500010, 0.001671, 188.509, 0.021, 274.491, 0.067, 269.927, 0.073, 231.166, 0.029, 232.458, 0.029, 227.131, 0.069, 202.51, 0.03, 199.585, 0.03, 245.767, 0.027, 224.864, 0.027, 223.477, 0.042, 241.313, 0.026, 
028-psn11ABABa1, 9.060240, 0.000580, 250.743, 0.069, 190.44, 0.017, 167.142, 0.052, 221.045, 0.025, 198.162, 0.058, 230.933, 0.023, 197.439, 0.005, 216.928, 0.024, 282.741, 0.059, 219.253, 0.026, 266.91, 0.066, 243.956, 0.027, 
028-psn11ABABb1, 9.355030, 0.001274, 231.118, 0.036, 263.976, 0.059, 264.094, 0.023, 225.698, 0.066, 257.923, 0.027, 243.455, 0.059, 234.516, 0.035, 250.274, 0.058, 217.649, 0.033, -198.304, 0.005, 215.414, 0.03, -174.107, 0.005, 
028-psn11ABBAa1, 9.864100, 0.000333, 238.394, 0.076, 220.194, 0.025, 297.115, 0.025, 275.553, 0.078, 265.938, 0.081, 234.045, 0.023, 252.646, 0.023, 292.581, 0.08, 268.135, 0.07, 224.623, 0.018, 229.808, 0.023, 280.641, 0.073, 
028-psn11ABBAb1, 9.709110, 0.001311, 215.884, 0.02, 274.056, 0.063, 247.963, 0.054, 247.232, 0.027, 211.526, 0.024, 270.972, 0.046, -170.364, 0.005, 220.797, 0.031, 261.57, 0.025, 234.324, 0.049, 220.168, 0.039, 190.738, 0.046, 
028-psn12ABABa1, 9.351660, 0.004526, 288.108, 0.062, 189.821, 0.02, 232.03, 0.071, 244.909, 0.02, 278.139, 0.084, 180.858, 0.021, 307.331, 0.079, 213.737, 0.03, 204.583, 0.157, 179.582, 0.031, 241.976, 0.043, 
028-psn12ABABb1, 9.553640, 0.000272, 198.381, 0.03, 219.624, 0.078, 207.684, 0.032, 254.199, 0.072, 135.535, 0.022, 199.432, 0.069, 204.536, 0.025, 261.901, 0.079, 202.069, 0.02, 210.13, 0.053, 219.387, 0.026, 245.396, 0.031, 
028-psn12ABBAa1, 9.894730, 0.000138, 249.748, 0.067, -129.559, 0.018, -106.787, 0.019, 226.71, 0.063, 256.447, 0.06, 144.79, 0.02, 196.757, 0.025, 259.513, 0.089, 184.437, 0.024, 176.032, 0.054, 198.546, 0.033, 228.511, 0.059, 
028-psn12ABBAb1, 8.574130, 0.001125, 201.722, 0.034, 286.907, 0.082, 296.813, 0.059, -119.666, 0.019, 198.848, 0.029, 274.2, 0.069, 209.701, 0.027, 276.738, 0.021, 248.558, 0.044, 227.364, 0.036, 233.42, 0.029, 189.596, 0.091, 
