043-pdm01ABABa1, 9.548100, 0.000373685950413, 198.684, 0.019, 237.754, 0.048, 232.697, 0.012, 248.109, 0.053, 232.051, 0.012, 205.095, 0.044, -172.968, 0.014, 200.869, 0.05, 218.511, 0.016, 200.195, 0.038, 227.649, 0.015, 251.244, 0.056,
043-pdm01ABABb1, 9.427220, 0.000320925619835, 251.008, 0.048, 225.094, 0.016, 242.446, 0.06, 232.811, 0.016, 230.036, 0.061, -159.884, 0.076, 259.834, 0.077, -176.982, 0.088, 262.248, 0.072, -116.72, 0.074, 289.885, 0.061, -175.617, 0.078,
043-pdm01ABBAa1, 9.854550, 0.000261504132231, 176.575, 0.013, 221.413, 0.057, 226.085, 0.052, -163.238, 0.013, -166.681, 0.079, 251.083, 0.057, 232.824, 0.045, -175.746, 0.077, -174.417, 0.08, 245.317, 0.06, 263.53, 0.053, -180.833, 0.077,
043-pdm01ABBAb1, 9.534990, 0.000266363636364, 233.918, 0.036, -173.902, 0.013, -175.385, 0.082, 230.346, 0.06, 228.811, 0.057, -178.522, 0.072, 237.077, 0.017, 225.256, 0.042, 203.825, 0.045, -169.675, 0.082, -169.455, 0.081, 242.36, 0.044,
043-pdm02ABABa1, 10.258900, 0.000614066115702, 251.544, 0.013, 240.569, 0.045, 234.669, 0.019, 253.718, 0.047, 239.751, 0.023, 275.34, 0.042, 241.71, 0.017, 245.379, 0.044, 220.197, 0.018, 266.914, 0.05, 255.315, 0.018, 265.681, 0.057,
043-pdm02ABABb1, 9.615570, 0.00280880991736, 314.378, 0.048, -155.312, 0.077, 255.914, 0.046, -160.436, 0.073, 278.06, 0.039, -148.893, 0.078, 282.253, 0.05, 241.973, 0.015, 221.473, 0.182, -128.051, 0.005, 241.857, 0.027, -152.504, 0.081,
043-pdm02ABBAa1, 10.823800, 0.000597867768595, -111.849, 0.011, 222.714, 0.039, 247.993, 0.074, -127.57, 0.078, 204.548, 0.013, 269.826, 0.064, 241.242, 0.057, -139.7, 0.078, 223.821, 0.017, 260.611, 0.053, 273.339, 0.046, -133.536, 0.077,
043-pdm02ABBAb1, 10.984500, 0.000475719008264, 308.621, 0.038, -113.628, 0.083, -159.012, 0.015, 264.11, 0.049, 224.993, 0.031, -127.195, 0.08, 219.648, 0.017, 243.554, 0.044, 233.64, 0.028, 132.825, 0.005, 228.514, 0.013, 238.482, 0.043,
043-pdm03ABABa1, 9.809650, 0.00216553719008, 213.882, 0.015, 214.793, 0.047, 194.171, 0.013, 221.569, 0.046, 229.395, 0.012, 240.589, 0.036, 193.994, 0.016, 213.239, 0.034, 167.852, 0.146, 206.279, 0.033, 215.748, 0.011, 217.79, 0.032,
043-pdm03ABABb1, 8.458230, 0.00125388429752, 198.104, 0.35, 209.563, 0.012, 254.873, 0.083, 235.499, 0.013, 234.553, 0.075, 247.366, 0.008, 266.019, 0.074, 218.44, 0.014, 269.249, 0.084, 211.829, 0.014, 247.809, 0.068, 225.215, 0.015,
043-pdm03ABBAa1, 9.709540, 0.000624247933884, 147.809, 0.112, 232.191, 0.057, 237.527, 0.045, 232.186, 0.012, 205.654, 0.014, 211.37, 0.044, 210.559, 0.046, 212.474, 0.01, 201.291, 0.012, 228.343, 0.043, 219.167, 0.041, 194.209, 0.011,
043-pdm03ABBAb1, 11.167300, 0.000262628099174, 223.688, 0.039, 227.243, 0.014, 216.613, 0.015, 228.907, 0.045, 236.671, 0.058, 192.003, 0.016, 222.668, 0.012, 221.569, 0.038, 221.595, 0.042, 228.989, 0.011, 187.103, 0.015, 216.044, 0.047,
043-pdm04ABABa1, 10.045800, 0.000226958677686, -101.638, 0.069, 184.949, 0.036, -161.756, 0.077, 168.469, 0.046, -134.117, 0.012, 202.718, 0.045, -149.289, 0.08, 186.932, 0.036, 165.624, 0.012, 211.438, 0.034, 176.636, 0.011, 235.814, 0.031,
043-pdm04ABABb1, 9.811060, 0.000173338842975, 229.445, 0.047, 215.518, 0.011, 230.538, 0.055, 208.796, 0.012, 238.218, 0.036, 230.8, 0.012, 240.094, 0.042, 205.67, 0.012, 239.302, 0.041, 180.355, 0.015, 221.79, 0.061, 193.885, 0.012,
043-pdm04ABBAa1, 10.285000, 0.000384611570248, 180.479, 0.015, 194.864, 0.036, 170.169, 0.033, 180.853, 0.01, 198.835, 0.015, 186.713, 0.033, 218.866, 0.031, 155.883, 0.015, 160.098, 0.012, 193.451, 0.031, 165.987, 0.037, -124.262, 0.085,
043-pdm04ABBAb1, 9.706550, 0.000560363636364, 186.224, 0.047, 206.829, 0.015, 239.811, 0.017, 183.53, 0.044, 170.092, 0.039, 246.539, 0.014, 214.387, 0.015, 202.25, 0.047, 184.638, 0.041, 185.309, 0.011, 207.036, 0.011, 178.858, 0.043,
043-pdm05ABABa1, 8.913130, 0.000297107438017, 244.076, 0.025, 207.526, 0.061, -175.934, 0.079, 238.519, 0.053, -163.369, 0.082, 233.409, 0.047, -184.173, 0.072, 229.787, 0.053, -154.778, 0.078, 210.356, 0.062, -161.325, 0.08, 233.23, 0.046,
043-pdm05ABABb1, 8.995160, 0.000206231404959, 253.034, 0.059, -162.092, 0.083, 207.828, 0.132, -151.095, 0.078, 189.433, 0.045, -155.12, 0.092, 220.662, 0.051, -154.85, 0.073, 230.742, 0.049, -149.857, 0.012, 228.123, 0.057, -145.795, 0.074,
043-pdm05ABBAa1, 9.600860, 0.000207603305785, -135.648, 0.019, 199.968, 0.055, 210.631, 0.054, -164.84, 0.018, 198.566, 0.024, 244.066, 0.062, 233.364, 0.047, -155.326, 0.014, 214.117, 0.017, 238.009, 0.04, 224.948, 0.046, -162.403, 0.012,
043-pdm05ABBAb1, 8.650770, 0.000317173553719, 237.641, 0.047, -131.703, 0.086, -156.083, 0.081, 228.559, 0.054, 229.491, 0.047, -146.877, 0.083, -148.931, 0.078, 196.473, 0.069, -205.463, 0.109, -160.085, 0.015, -173.99, 0.077, 203.496, 0.047,
043-pdm06ABABa1, 7.480190, 0.0332018842975, 273.853, 0.021, 277.802, 0.147, 175.905, 0.02, 200.945, 0.058, 223.504, 0.018, 200.261, 0.047, 161.341, 0.019, 220.888, 0.043, 177.75, 0.172, 229.987, 0.048, 176.618, 0.019, 244.135, 0.054,
043-pdm06ABABb1, 8.999300, 0.000706958677686, 262.668, 0.05, -147.744, 0.08, 193.166, 0.05, 217.754, 0.017, 211.321, 0.05, 201.851, 0.016, 189.735, 0.039, 210.673, 0.018, 190.423, 0.052, -152.361, 0.077, 237.294, 0.06, -157.569, 0.081,
043-pdm06ABBAa1, 9.721860, 0.000994049586777, 238.124, 0.025, 205.026, 0.059, 217.72, 0.049, -153.156, 0.08, 201.613, 0.021, 206.199, 0.061, 209.856, 0.066, -161.602, 0.022, 202.314, 0.02, 183.512, 0.052, 232.485, 0.047, -166.691, 0.015,
043-pdm06ABBAb1, 9.717110, 0.000169867768595, 230.787, 0.067, -121.774, 0.018, 192.465, 0.024, 200.927, 0.056, 233.164, 0.047, 206.588, 0.02, 231.971, 0.017, 225.384, 0.056, 192.08, 0.049, 221.283, 0.018, 209.682, 0.019, 229.975, 0.055,
043-pdm07ABABa1, 9.393390, 9.63801652893e-05, 263.098, 0.018, 236.493, 0.052, 268.674, 0.013, 225.274, 0.04, 207.137, 0.015, 241.332, 0.051, 233.286, 0.017, 295.966, 0.067, 263.028, 0.017, 234.565, 0.038, 239.115, 0.014, 282.555, 0.071,
043-pdm07ABABb1, 8.889400, 0.000957520661157, 190.468, 0.293, 239.291, 0.019, 258.511, 0.096, 238.14, 0.02, 248.065, 0.067, 260.506, 0.018, 253.579, 0.055, 196.555, 0.02, 275.49, 0.069, 268.694, 0.016, 232.261, 0.053, 261.51, 0.017,
043-pdm07ABBAa1, 9.714490, 0.000183603305785, 270.051, 0.016, 266.163, 0.049, -235.02, 0.108, -155.383, 0.015, 252.135, 0.016, 219.675, 0.065, 258.862, 0.045, 227.896, 0.015, 244.376, 0.019, 260.005, 0.062, 261.859, 0.043, 246.957, 0.015,
043-pdm07ABBAb1, 9.808230, 0.000488628099174, 254.163, 0.044, -166.582, 0.015, -177.421, 0.016, 214.96, 0.067, 228.628, 0.023, 266.559, 0.021, 225.81, 0.017, 247.909, 0.058, -237.504, 0.104, 220.03, 0.018, 221.231, 0.015, 283.473, 0.081,
043-pdm08ABABa1, 8.887230, 0.00100408264463, 223.481, 0.018, 248.293, 0.081, 223.803, 0.026, 253.148, 0.082, 250.656, 0.025, 277.996, 0.082, 252.478, 0.024, 257.338, 0.083, 238.075, 0.033, 258.364, 0.075, 287.286, 0.029, 259.626, 0.074,
043-pdm08ABABb1, 8.040270, 0.000668330578512, 255.93, 0.065, -124.902, 0.089, 235.995, 0.064, -142.866, 0.075, 240.929, 0.056, -149.241, 0.076, 231.328, 0.066, -158.983, 0.077, 238.322, 0.074, -129.901, 0.081, 225.211, 0.061, -135.396, 0.074,
043-pdm08ABBAa1, 7.808370, 0.000205603305785, 245.096, 0.025, 252.293, 0.078, 199.641, 0.052, 186.229, 0.018, -108.91, 0.017, 219.345, 0.063, 231.748, 0.057, -137.211, 0.082, 196.13, 0.023, 215.838, 0.053, -121.945, 0.011, 254.05, 0.073,
043-pdm08ABBAb1, 7.452530, 0.000483173553719, 216.981, 0.07, -99.1766, 0.084, -114.317, 0.014, 201.769, 0.042, 233.962, 0.074, -120.273, 0.085, -113.572, 0.078, 188.511, 0.062, 160.801, 0.035, -117.734, 0.083, -114.755, 0.006, 198.105, 0.059,
043-pdm09ABABa1, 9.551600, 0.00297604958678, 231.091, 0.019, 205.503, 0.049, 240.628, 0.02, 218.379, 0.056, 222.63, 0.016, 243.787, 0.06, -218.107, 0.075, 219.103, 0.043, 236.837, 0.019, 203.967, 0.049, 222.258, 0.019, 274.235, 0.045,
043-pdm09ABABb1, 8.881550, 0.00234019834711, 294.385, 0.446, -144.689, 0.084, 195.557, 0.053, 229.108, 0.021, 212.269, 0.055, 232.743, 0.019, 234.001, 0.045, 228.414, 0.014, 232.754, 0.053, 231.257, 0.018, 217.911, 0.055, 226.589, 0.017,
043-pdm09ABBAa1, 10.207400, 0.000184809917355, 196.033, 0.021, 252.807, 0.046, 231.688, 0.072, 250.009, 0.019, 231.143, 0.02, 257.191, 0.042, 248.44, 0.043, 240.706, 0.02, 223.089, 0.022, 239.529, 0.042, 229.826, 0.039, 232.445, 0.019,
043-pdm09ABBAb1, 9.479980, 0.000395652892562, 240.3, 0.064, -145.191, 0.089, 205.967, 0.021, 224.566, 0.055, 207.76, 0.061, -126.709, 0.013, 208.601, 0.017, 237.587, 0.048, 219.839, 0.053, 220.959, 0.015, 219.673, 0.016, 214.041, 0.056,
043-pdm10ABABa1, 9.255800, 0.000545785123967, 209.256, 0.017, 185.235, 0.052, 184.592, 0.02, 190.702, 0.048, -122.724, 0.02, 201.893, 0.054, 170.115, 0.024, 204.766, 0.079, 198.512, 0.022, 232.85, 0.07, 199.113, 0.028, 210.328, 0.075,
043-pdm10ABABb1, 8.510980, 0.000630694214876, 325.483, 0.069, -113.506, 0.069, 198.105, 0.074, -126.819, 0.069, 264.476, 0.08, -152.97, 0.069, 243.13, 0.085, -174.174, 0.077, 210.17, 0.068, -166.948, 0.066, 251.104, 0.092, -123.619, 0.08,
043-pdm10ABBAa1, 8.677180, 0.000857867768595, -132.686, 0.082, 195.495, 0.06, 192.304, 0.066, -121.448, 0.058, -95.583, 0.066, 183.504, 0.066, 218.362, 0.079, -149.55, 0.087, -114.977, 0.065, 218.399, 0.074, 240.519, 0.078, -202.785, 0.098,
043-pdm10ABBAb1, 8.489060, 0.00033279338843, 239.362, 0.065, -117.625, 0.089, -98.9261, 0.057, 191.841, 0.078, 231.379, 0.071, -145.204, 0.075, -107.65, 0.062, 161.777, 0.033, 237.068, 0.072, -122.091, 0.065, -116.231, 0.062, 221.687, 0.07,
043-pdm11ABABa1, 8.842430, 0.000481900826446, 213.77, 0.028, 226.629, 0.049, 210.22, 0.018, 244.439, 0.06, 190.501, 0.022, 239.445, 0.049, 223.079, 0.019, 250.159, 0.045, 241.643, 0.017, 257.068, 0.062, 243.519, 0.019, 214.578, 0.068,
043-pdm11ABABb1, 8.057340, 0.000744, 281.964, 0.081, -133.614, 0.058, 231.746, 0.074, -129.78, 0.065, 211.067, 0.054, 245.842, 0.023, 217.176, 0.073, 221.477, 0.019, 226.187, 0.066, -138.804, 0.009, 221.062, 0.085, 224.129, 0.019,
043-pdm11ABBAa1, 9.437410, 0.000264512396694, 182.343, 0.016, 241.151, 0.052, 245.262, 0.054, -113.265, 0.013, 218.185, 0.022, 268.567, 0.069, 237.03, 0.052, -115.255, 0.015, 241.972, 0.019, 238.774, 0.063, 255.225, 0.056, 215.966, 0.018,
043-pdm11ABBAb1, 9.202680, 0.000104016528926, 210.56, 0.057, -93.2458, 0.078, 222.184, 0.012, 149.635, 0.058, 199.855, 0.051, -121.13, 0.078, 204.26, 0.015, 243.169, 0.059, 226.094, 0.027, 212.64, 0.013, 224.274, 0.026, 261.764, 0.068,
043-pdm12ABABa1, 8.752160, 0.000355289256198, -153.825, 0.08, 159.129, 0.053, 220.263, 0.024, 166.057, 0.047, 210.363, 0.017, 126.813, 0.058, 173.366, 0.024, 152.819, 0.065, 128.33, 0.023, 175.353, 0.045, 185.955, 0.021, 196.395, 0.052,
043-pdm12ABABb1, 7.890980, 0.000169834710744, 252.972, 0.067, -102.177, 0.072, 178.253, 0.054, -126.282, 0.079, 217.832, 0.055, -113.61, 0.078, 208.585, 0.055, -102.755, 0.041, 203.772, 0.055, -144.608, 0.09, 211.965, 0.052, -117.611, 0.078,
043-pdm12ABBAa1, 8.102640, 0.000460512396694, 191.212, 0.019, 214.077, 0.064, 175.698, 0.067, -128.775, 0.095, -115.007, 0.066, 135.583, 0.041, 212.397, 0.046, -89.7863, 0.07, -115.823, 0.068, 147.086, 0.008, 187.984, 0.057, -174.255, 0.078,
043-pdm12ABBAb1, 8.586050, 0.000276016528926, 234.544, 0.055, -104.052, 0.062, -134.294, 0.021, 154.594, 0.059, 172.364, 0.057, -114.677, 0.063, -109.444, 0.012, 198.855, 0.066, 210.509, 0.05, -131.775, 0.078, -98.0327, 0.013, 232.507, 0.048,
043-pdn01ABABa1, 8.660700, 0.0167312396694, 199.656, 0.01, 207.753, 0.039, 194.856, 0.012, 190.907, 0.042, 209.077, 0.012, 179.916, 0.038, 193.796, 0.007, 176.223, 0.041, 211.482, 0.011, 159.018, 0.033, 226.08, 0.012, 252.715, 0.01,
043-pdn01ABABb1, 8.269080, 0.000410512396694, 219.34, 0.041, -152.21, 0.079, 212.437, 0.076, -143.324, 0.083, 209.936, 0.07, -144.357, 0.076, 225.338, 0.061, -127.231, 0.074, 228.194, 0.067, -125.228, 0.08, 233.945, 0.06, -134.57, 0.078,
043-pdn01ABBAa1, 8.634390, 0.000557685950413, 208.349, 0.015, 205.251, 0.048, 186.585, 0.045, -133.539, 0.068, -116.734, 0.069, 174.057, 0.064, -164.739, 0.105, -118.305, 0.076, 200.11, 0.015, 213.843, 0.066, 181.296, 0.05, -181.924, 0.08,
043-pdn01ABBAb1, 8.598260, 0.0013918677686, 222.667, 0.047, -146.464, 0.082, -146.037, 0.074, 161.597, 0.031, -145.977, 0.096, 167.575, 0.045, 173.849, 0.013, 215.92, 0.058, 235.13, 0.061, -141.754, 0.075, 164.569, 0.013, 185.897, 0.014,
043-pdn02ABABa1, 9.070320, 0.000511504132231, -166.76, 0.077, 243.707, 0.072, 212.571, 0.016, 212.765, 0.057, 215.507, 0.016, 266.806, 0.069, 177.014, 0.014, 254.652, 0.062, 190.61, 0.013, 205.677, 0.055, -127.351, 0.074, 195.935, 0.046,
043-pdn02ABABb1, 8.845200, 0.000527454545455, 226.546, 0.044, -109.967, 0.083, 177.466, 0.037, -108.428, 0.075, 174.168, 0.076, -125.356, 0.074, 193.279, 0.033, -123.607, 0.08, 209.856, 0.036, -123.306, 0.086, 208.513, 0.032, -137.896, 0.081,
043-pdn02ABBAa1, 8.850970, 0.000278429752066, 206.902, 0.014, 187.222, 0.067, 172.72, 0.057, -117.519, 0.077, -140.092, 0.078, 184.781, 0.071, 210.09, 0.061, -133.076, 0.078, -110.533, 0.079, 178.018, 0.057, 166.593, 0.047, -107, 0.011,
043-pdn02ABBAb1, 9.080290, 0.000790330578512, 233.922, 0.033, -112.719, 0.075, -128.38, 0.075, 188.576, 0.081, 202.902, 0.056, -120.759, 0.084, -117.997, 0.079, 168.017, 0.053, 241.687, 0.034, -119.247, 0.073, -121.264, 0.08, 189.475, 0.052,
043-pdn03ABABa1, 9.093140, 0.000498876033058, 179.925, 0.014, 191.604, 0.082, -164.871, 0.073, 205.582, 0.058, -137.597, 0.064, 237.343, 0.077, -150.966, 0.081, 203.434, 0.039, -162.04, 0.08, 191.518, 0.023, -181.863, 0.077, 208.792, 0.028,
043-pdn03ABABb1, 8.884160, 0.000358512396694, 246.023, 0.044, -172.371, 0.079, 260.19, 0.061, -129.953, 0.069, 185.497, 0.039, -147.808, 0.075, -199.568, 0.091, -114.842, 0.07, 197.289, 0.054, -158.723, 0.083, -204.616, 0.084, -168.544, 0.083,
043-pdn03ABBAa1, 8.947080, 0.000954231404959, -150.924, 0.078, 197.281, 0.086, -195.196, 0.109, -139.618, 0.073, -117.635, 0.074, 233.279, 0.078, -216.134, 0.094, -150.533, 0.079, 211.638, 0.009, 218.117, 0.056, -217.511, 0.088, -172.863, 0.073,
043-pdn03ABBAb1, 8.253280, 0.00173092561983, -236.361, 0.108, -176.086, 0.065, -184.107, 0.08, 216.645, 0.073, -167.577, 0.105, 198.133, 0.012, 174.22, 0.076, 186.372, 0.051, -216.803, 0.105, -119.823, 0.07, -206.608, 0.072, 186.274, 0.044,
043-pdn04ABABa1, 8.852060, 0.000530148760331, 254.912, 0.014, 209.932, 0.037, 224.59, 0.021, 243.535, 0.04, 197.649, 0.016, 218.617, 0.041, 217.839, 0.015, 207.139, 0.037, 229.156, 0.015, 212.643, 0.042, 230.571, 0.008, 224.969, 0.035,
043-pdn04ABABb1, 8.444790, 0.000546991735537, 256.326, 0.045, 219.258, 0.02, 211.02, 0.044, 178.803, 0.017, 231.636, 0.044, 221.091, 0.016, 229.277, 0.053, 245.942, 0.016, 320.807, 0.072, 183.433, 0.017, 250.168, 0.07, 209.593, 0.018,
043-pdn04ABBAa1, 9.320320, 0.000596628099174, 234.24, 0.014, 237.781, 0.042, 204.71, 0.046, -155.268, 0.071, -173.941, 0.073, 252.602, 0.06, 205.048, 0.099, 220.607, 0.01, 235.226, 0.015, 208.275, 0.038, 193.019, 0.05, 220.146, 0.01,
043-pdn04ABBAb1, 9.935400, 0.00028747107438, 202.117, 0.043, 206.147, 0.015, 200.376, 0.015, 226.978, 0.035, 217.125, 0.039, 202.001, 0.015, 213.445, 0.015, 223.647, 0.035, 213.246, 0.033, 218.02, 0.01, 220.986, 0.015, 243.159, 0.033,
043-pdn05ABABa1, 9.789480, 0.000252231404959, 245.49, 0.023, 212.506, 0.054, -135.173, 0.075, 239.915, 0.038, -133.919, 0.076, 220.781, 0.059, 168.846, 0.014, 235.8, 0.041, -138.099, 0.077, 249.32, 0.043, 188.037, 0.016, 201.523, 0.054,
043-pdn05ABABb1, 9.594700, 0.000225090909091, 235.265, 0.071, 197.488, 0.019, 209.965, 0.055, 188.335, 0.016, 224.059, 0.064, 208.345, 0.016, 247.967, 0.069, 218.44, 0.016, 269.319, 0.073, 196.648, 0.015, 180.929, 0.065, 221.128, 0.019,
043-pdn05ABBAa1, 9.951930, 0.000543818181818, -148.908, 0.092, 241.859, 0.046, 213.524, 0.06, -124.834, 0.019, 156.908, 0.02, 232.209, 0.074, 215.794, 0.069, 187.467, 0.021, 213.208, 0.016, 228.645, 0.066, 226.962, 0.06, -140.766, 0.086,
043-pdn05ABBAb1, 9.679680, 0.000243966942149, 177.001, 0.056, -122.486, 0.086, 189.201, 0.019, 202.511, 0.05, 233.422, 0.025, 167.379, 0.016, 198.993, 0.019, 227.503, 0.046, 220.906, 0.066, 164.2, 0.018, 160.677, 0.021, 213.359, 0.046,
043-pdn06ABABa1, 9.606370, 0.000217652892562, 244.909, 0.019, 256.769, 0.049, 247.423, 0.015, 273.809, 0.067, 250.606, 0.013, 272.924, 0.07, 279.326, 0.013, 275.599, 0.053, 259.055, 0.015, 281.218, 0.076, 278.932, 0.015, 303.22, 0.058,
043-pdn06ABABb1, 9.764930, 0.000268016528926, 219.162, 0.059, 283.546, 0.019, 219.296, 0.045, 263.231, 0.015, 259.649, 0.062, 271.897, 0.016, 242.449, 0.037, 289.145, 0.018, 249.288, 0.035, 236.78, 0.021, 264.518, 0.036, 276.707, 0.016,
043-pdn06ABBAa1, 9.334810, 0.000198380165289, 232.426, 0.019, 264.593, 0.04, 266.433, 0.043, 221.56, 0.021, 277.341, 0.015, 239.477, 0.043, 202.275, 0.015, 243.823, 0.062, 236.338, 0.023, 235.293, 0.044, 235.929, 0.041, -174.056, 0.081,
043-pdn06ABBAb1, 10.566900, 0.000183289256198, 238.762, 0.056, 248.022, 0.022, 238.076, 0.02, 224.16, 0.048, 212.602, 0.054, -184.745, 0.019, 278.823, 0.02, 245.878, 0.065, 235.779, 0.06, -175.628, 0.015, 236.721, 0.023, 257.178, 0.059,
043-pdn07ABABa1, 8.166510, 0.000306561983471, 212.739, 0.017, 208.086, 0.084, 188.717, 0.013, 184.26, 0.03, 203.705, 0.016, 190.433, 0.014, 160.903, 0.015, -163.823, 0.142, 163.237, 0.016, 226.689, 0.056, 173.984, 0.009, 216.651, 0.069,
043-pdn07ABABb1, 7.919960, 0.000286991735537, 207.894, 0.05, -124.26, 0.014, 232.699, 0.036, -114.4, 0.013, 162.115, 0.026, -127.145, 0.014, 198.374, 0.031, -132.615, 0.064, 178.201, 0.032, -107.608, 0.078, 157.478, 0.032, -134.733, 0.073,
043-pdn07ABBAa1, 7.825970, 0.00015747107438, -156.531, 0.08, 190.659, 0.05, 198.744, 0.047, -111.213, 0.016, 217.303, 0.058, -149.811, 0.14, 218.94, 0.018, -129.448, 0.084, 182.545, 0.018, 197.153, 0.05, 230.409, 0.049, -134.889, 0.084,
043-pdn07ABBAb1, 7.578930, 0.000522545454545, 264.425, 0.057, -152.625, 0.076, -130.236, 0.014, -167.884, 0.094, 183.229, 0.048, -128.586, 0.076, -125.847, 0.013, 205.11, 0.041, 194.784, 0.044, -124.932, 0.084, 145.929, 0.012, 169.342, 0.051,
043-pdn08ABABa1, 10.164800, 8.22314049587e-05, 240.506, 0.016, 275.867, 0.062, 225.384, 0.027, 286.408, 0.062, 273.155, 0.025, 280.958, 0.058, 242.486, 0.019, 267.479, 0.069, 277.861, 0.022, 294.544, 0.066, 260.968, 0.022, 258.595, 0.058,
043-pdn08ABABb1, 10.403900, 0.000116727272727, 270.293, 0.049, 238.308, 0.022, 300.343, 0.047, 257.33, 0.019, 277.435, 0.043, -166.246, 0.088, 273.794, 0.041, 237.178, 0.021, 270.709, 0.049, 241.538, 0.019, 266.107, 0.048, 253.546, 0.021,
043-pdn08ABBAa1, 10.214500, 0.000727900826446, 275.261, 0.021, 274.802, 0.07, 277.355, 0.061, 215.885, 0.022, 245.749, 0.021, 261.38, 0.066, 276.612, 0.07, 250.08, 0.02, 263.325, 0.02, 269.593, 0.058, 255.873, 0.048, -162.322, 0.017,
043-pdn08ABBAb1, 11.135100, 0.000176082644628, 217.369, 0.058, -134.906, 0.043, 241.297, 0.027, 289.961, 0.072, 262.13, 0.054, 250.63, 0.021, 228.923, 0.028, 249.653, 0.05, 264.487, 0.055, 244.691, 0.021, 231.802, 0.024, 274.035, 0.068,
043-pdn09ABABa1, 9.453500, 0.000236446280992, 184.175, 0.018, 224.151, 0.048, 192.173, 0.022, 230.097, 0.047, 203.474, 0.022, 246.447, 0.061, 191.951, 0.018, 154.603, 0.018, 235.813, 0.023, 201.068, 0.059, 199.619, 0.022, 223.856, 0.067,
043-pdn09ABABb1, 9.695890, 0.000275685950413, 230.983, 0.061, -130.672, 0.091, 222.709, 0.037, -123.153, 0.08, 225.246, 0.04, 223.465, 0.021, 222.832, 0.041, -114.355, 0.092, 227.585, 0.044, -111.258, 0.078, 220.16, 0.041, -140.962, 0.016,
043-pdn09ABBAa1, 10.061300, 0.000496247933884, 216.385, 0.025, 218.593, 0.047, 196.582, 0.055, 197.902, 0.012, 187.824, 0.02, 213.293, 0.047, 204.361, 0.044, -136.985, 0.078, 224.202, 0.016, 171.34, 0.045, 194.351, 0.04, -127.991, 0.013,
043-pdn09ABBAb1, 9.343730, 0.000361636363636, 267.296, 0.042, -129.381, 0.067, -147.515, 0.079, 204.745, 0.04, 180.233, 0.041, 206.059, 0.018, 207.419, 0.015, 210.855, 0.048, 211.211, 0.028, 222.772, 0.014, 189.892, 0.017, 213.402, 0.042,
043-pdn10ABABa1, 9.662320, 0.000590958677686, 251.969, 0.235, 222.796, 0.053, 213.758, 0.028, 194.724, 0.059, 207.497, 0.026, 228.062, 0.093, 236.896, 0.029, 219.87, 0.072, 243.871, 0.022, 245.511, 0.056, -157.99, 0.081, 253.955, 0.06,
043-pdn10ABABb1, 9.645410, 0.00711623140496, 280.612, 0.079, 147.713, 0.006, 268.71, 0.078, -122.563, 0.081, 252.637, 0.063, 128.965, 0.005, 275.434, 0.059, -148.418, 0.054, 230.248, 0.19, 192.487, 0.017, 242.401, 0.051, -122.545, 0.078,
043-pdn10ABBAa1, 10.456100, 0.000436363636364, -162.242, 0.092, 244.864, 0.058, 218.928, 0.064, 182.221, 0.014, 236.162, 0.023, 242.077, 0.059, 234.884, 0.063, 120.123, 0.005, -147.262, 0.092, 219.767, 0.049, 236.123, 0.051, 208.904, 0.015,
043-pdn10ABBAb1, 10.116200, 0.000411867768595, 298.421, 0.057, -154.39, 0.059, 209.733, 0.017, 212.642, 0.057, 233.915, 0.043, 125.429, 0.005, 224.242, 0.023, 215.779, 0.06, 247.392, 0.046, 158.786, 0.005, 228.294, 0.024, 246.563, 0.069,
043-pdn11ABABa1, 10.358400, 0.000349239669421, 214.477, 0.016, 249.37, 0.055, 196.617, 0.016, 222.762, 0.048, 214.244, 0.016, 253.176, 0.034, 200.683, 0.017, 247.866, 0.045, 194.185, 0.019, 261.185, 0.047, 220.292, 0.017, 288.836, 0.044,
043-pdn11ABABb1, 9.675710, 0.000483289256198, 296.106, 0.065, 169.63, 0.025, 237.537, 0.069, 202.029, 0.032, 223.383, 0.048, 209.711, 0.022, 231.527, 0.046, 196.082, 0.026, 204.549, 0.068, 217.898, 0.017, 231.19, 0.056, 233.183, 0.017,
043-pdn11ABBAa1, 9.609900, 0.00118983471074, 247.378, 0.068, 220.681, 0.049, 225.352, 0.068, 188.544, 0.022, 235.422, 0.026, 243.658, 0.06, 242.749, 0.054, -148.744, 0.087, 220.796, 0.024, 243.009, 0.056, 218.347, 0.054, -124.004, 0.066,
043-pdn11ABBAb1, 10.584600, 0.000317537190083, 262.016, 0.051, 213.365, 0.025, 199.894, 0.024, 229.011, 0.059, 244.604, 0.061, -126.775, 0.079, 230.062, 0.019, 239.017, 0.059, 210.414, 0.053, 189.732, 0.016, 183.433, 0.023, 242.874, 0.079,
043-pdn12ABABa1, 9.472000, 0.000108628099174, 255.236, 0.024, 259.34, 0.053, 211.119, 0.027, 270.431, 0.077, 260.177, 0.02, 251.601, 0.064, 223.296, 0.027, 232.081, 0.063, 256.824, 0.025, 260.044, 0.072, 243.085, 0.02, 265.848, 0.063,
043-pdn12ABABb1, 10.110600, 0.000168809917355, 203.84, 0.063, 188.471, 0.019, 239.128, 0.061, 205.297, 0.021, 238.188, 0.057, 217.097, 0.026, 233.847, 0.056, 204.426, 0.027, 229.554, 0.065, 203.319, 0.026, 222.885, 0.053, 193.591, 0.025,
043-pdn12ABBAa1, 10.216800, 0.000406694214876, 246.64, 0.019, 231.895, 0.061, 199.045, 0.048, 170.613, 0.021, 213.537, 0.022, 178.122, 0.059, 223.551, 0.067, 171.754, 0.017, 207.899, 0.029, 207.31, 0.075, 225.302, 0.065, -150.962, 0.097,
043-pdn12ABBAb1, 10.564100, 0.000336611570248, 241.936, 0.072, 197.908, 0.02, 178.63, 0.022, 244.395, 0.06, 226.765, 0.057, 203.087, 0.015, 231.635, 0.031, 179.487, 0.054, 233.52, 0.055, 191.539, 0.025, 217.207, 0.025, 242.205, 0.059,
043-psm01ABABa1, 10.132500, 0.000281421487603, 236.955, 0.044, 206.67, 0.011, 213.648, 0.035, 206.475, 0.008, 215.844, 0.039, 206.896, 0.01, 228.187, 0.04, 221.937, 0.013, 201.567, 0.031, 221.628, 0.012, 242.683, 0.04, 185.249, 0.021,
043-psm01ABABb1, 9.356600, 0.000615603305785, 226.49, 0.01, 196.475, 0.056, 194.656, 0.016, 262.75, 0.083, -220.004, 0.078, 212.94, 0.052, -215.942, 0.075, 260.279, 0.072, 188.373, 0.012, 239.616, 0.054, 238.585, 0.013, 229.741, 0.052,
043-psm01ABBAa1, 9.916780, 0.00101601652893, 254.869, 0.033, 190.228, 0.01, 184.776, 0.015, 225.886, 0.037, 210.398, 0.026, 205.62, 0.012, 197.089, 0.011, 257.822, 0.059, 218.878, 0.041, 185.614, 0.01, 219.487, 0.015, 223.044, 0.046,
043-psm01ABBAb1, 10.047600, 0.000759603305785, 246.391, 0.009, 237.877, 0.047, -203.338, 0.107, 201.716, 0.021, 195.973, 0.015, 217.494, 0.038, 200.394, 0.042, 175.975, 0.014, 195.897, 0.014, 221.424, 0.034, 216.487, 0.045, 197.427, 0.014,
043-psm02ABABa1, 8.298580, 0.000284743801653, 247.32, 0.055, -163.231, 0.077, 230.976, 0.074, 202.244, 0.012, 249.555, 0.06, 198.451, 0.017, 215.948, 0.063, 237.497, 0.009, 200.435, 0.071, 247.466, 0.014, 236.089, 0.052, 228.077, 0.012,
043-psm02ABABb1, 8.715580, 0.000284429752066, 186.701, 0.015, 225.131, 0.05, 209.23, 0.014, 242.513, 0.092, 211.481, 0.009, 260.195, 0.077, 203.912, 0.007, 272.778, 0.076, 202.984, 0.01, 263.968, 0.067, 201.693, 0.009, 267.79, 0.07,
043-psm02ABBAa1, 9.320930, 0.000155272727273, 218.278, 0.037, 215.109, 0.01, 192.786, 0.015, 207.373, 0.046, 181.27, 0.034, 202.154, 0.009, 187.091, 0.011, 225.171, 0.05, 225.512, 0.045, 143.618, 0.005, 195.764, 0.015, 227.547, 0.041,
043-psm02ABBAb1, 8.359140, 0.000632247933884, -182.483, 0.077, 211.832, 0.04, 214.284, 0.043, 195.973, 0.01, 195.231, 0.02, 206.439, 0.041, 219.185, 0.014, 216.826, 0.015, 223.459, 0.014, 222.145, 0.045, 224.153, 0.047, 198.605, 0.01,
043-psm03ABABa1, 10.741900, 0.000166727272727, 282.978, 0.04, 196.104, 0.01, 258.648, 0.058, -159.667, 0.068, 254.803, 0.05, -136.729, 0.079, 238.084, 0.032, -161.095, 0.078, 236.858, 0.03, 194.431, 0.012, 246.144, 0.039, -143.218, 0.078,
043-psm03ABABb1, 10.839500, 0.000732925619835, 234.808, 0.015, 279.483, 0.039, 226.672, 0.015, 245.353, 0.057, 194.657, 0.012, 259.949, 0.063, 255.324, 0.018, 258.071, 0.058, 212.916, 0.017, 235.077, 0.048, 228.28, 0.017, 270.505, 0.067,
043-psm03ABBAa1, 10.805200, 0.000672198347107, 257.163, 0.047, -130.128, 0.078, -149.108, 0.014, 233.787, 0.037, 247.79, 0.035, 164.515, 0.005, 235.674, 0.018, 248.8, 0.047, 267.336, 0.041, -163.231, 0.083, 199.35, 0.013, 251.248, 0.036,
043-psm03ABBAb1, 11.561800, 0.000530595041322, 198.007, 0.021, 267.269, 0.043, 254.829, 0.041, 220.847, 0.016, 256.683, 0.017, 271.976, 0.047, 265.037, 0.051, 248.623, 0.014, 234.491, 0.016, 268.411, 0.063, 240.594, 0.035, -149.556, 0.074,
043-psm04ABABa1, 9.631530, 0.000366016528926, 207.644, 0.036, 215.928, 0.009, 223.697, 0.035, 222.87, 0.007, 213.507, 0.034, 218.642, 0.012, 205.817, 0.031, 201.929, 0.011, 208.964, 0.035, 222.735, 0.015, 196.791, 0.047, 219.981, 0.008,
043-psm04ABABb1, 9.196420, 0.000883140495868, 241.122, 0.012, 234.06, 0.04, 210.726, 0.012, 212.168, 0.04, 206.992, 0.013, 230.032, 0.04, 189.27, 0.013, 219.807, 0.043, 208.273, 0.016, 243.029, 0.058, 145.944, 0.013, 253.497, 0.065,
043-psm04ABBAa1, 9.753010, 0.000386743801653, 198.736, 0.036, 211.206, 0.01, -127.537, 0.012, 229.172, 0.048, 213.119, 0.036, -168.971, 0.005, 219.054, 0.011, 219.221, 0.03, 227.544, 0.037, -146.819, 0.079, 219.52, 0.012, 208.334, 0.04,
043-psm04ABBAb1, 9.719540, 0.000486363636364, 249.931, 0.01, 226.076, 0.031, 211.834, 0.021, -135.036, 0.076, 212.325, 0.014, 192.036, 0.038, 192.101, 0.033, 213.134, 0.011, -170.232, 0.08, 208.908, 0.06, 212.676, 0.038, 229.252, 0.011,
043-psm05ABABa1, 8.720960, 0.000616809917355, 232.04, 0.055, -154.203, 0.018, 217.732, 0.057, 182.569, 0.017, 205.16, 0.049, -162.303, 0.09, 191.742, 0.038, -130.928, 0.083, 199.917, 0.04, -131.747, 0.078, 225.313, 0.037, -127.028, 0.08,
043-psm05ABABb1, 8.691040, 0.000804016528926, 231.882, 0.221, 200.67, 0.068, 233.157, 0.017, 244.355, 0.066, 185.773, 0.021, 195.426, 0.048, 205.277, 0.017, 219.11, 0.034, 191.676, 0.02, 184.175, 0.058, 194.705, 0.02, 221.376, 0.047,
043-psm05ABBAa1, 8.889930, 0.000318561983471, 197.674, 0.05, -162.247, 0.083, 189.581, 0.017, 185.657, 0.051, 184.95, 0.045, -152.262, 0.019, 178.427, 0.023, 219.181, 0.026, 206.056, 0.05, -133.369, 0.085, 149.376, 0.017, -208.663, 0.111,
043-psm05ABBAb1, 8.910470, 0.000480231404959, 268.564, 0.021, 204.73, 0.049, 206.266, 0.04, -116.545, 0.079, 188.076, 0.017, 222.042, 0.052, 237.504, 0.051, -148.201, 0.016, 195.258, 0.016, 222.075, 0.06, 204.686, 0.036, -123.455, 0.083,
043-psm06ABABa1, 9.030540, 0.000358330578512, 270.073, 0.062, 239.308, 0.018, 233.861, 0.055, 246.618, 0.025, 235.179, 0.057, 198.997, 0.019, 226.632, 0.058, 222.484, 0.024, 185.375, 0.081, 189.527, 0.02, 223.709, 0.076, 253.956, 0.018,
043-psm06ABABb1, 8.982240, 0.000117107438017, 236.449, 0.015, 216.105, 0.04, 230.124, 0.017, 200.616, 0.056, 218.961, 0.02, 169.191, 0.053, 216.989, 0.013, 171.869, 0.052, 193.963, 0.02, 189.472, 0.061, -155.308, 0.014, 199.302, 0.06,
043-psm06ABBAa1, 9.362490, 0.000386016528926, 304.343, 0.065, -135.252, 0.082, 218.378, 0.015, 225.326, 0.056, 227.678, 0.041, 214.912, 0.018, 226.799, 0.021, 204.959, 0.038, 204.902, 0.048, 217.528, 0.018, 208.251, 0.044, 214.375, 0.048,
043-psm06ABBAb1, 9.458060, 0.000371818181818, 203.488, 0.026, 214.208, 0.053, 226.196, 0.041, -173.503, 0.076, 223.337, 0.016, 197.756, 0.048, 215.865, 0.045, 220.645, 0.015, 230.933, 0.02, 238.934, 0.06, 255.229, 0.027, 213.695, 0.017,
043-psm07ABABa1, 8.712570, 0.0027612892562, 271.447, 0.366, 232.143, 0.014, 258.468, 0.054, 220.649, 0.018, 239.086, 0.058, 268.01, 0.018, 191.643, 0.077, 258.421, 0.017, 237.504, 0.085, 276.67, 0.023, 228.049, 0.076, 257.031, 0.017,
043-psm07ABABb1, 9.246880, 0.000937289256198, 260.601, 0.016, 268.111, 0.052, 241.802, 0.02, 253.96, 0.056, 263.678, 0.018, 286.666, 0.067, 239.593, 0.022, 242.205, 0.041, 256.978, 0.017, 247.543, 0.039, 244.35, 0.015, 244.982, 0.038,
043-psm07ABBAa1, 9.415860, 0.000552876033058, 221.804, 0.055, 251.129, 0.015, 236.394, 0.02, 259.398, 0.064, 242.675, 0.048, 235.901, 0.017, 256.821, 0.023, 296.601, 0.063, 223.845, 0.044, 242.051, 0.017, 289.847, 0.018, 250.829, 0.05,
043-psm07ABBAb1, 9.624600, 0.000328561983471, 192.429, 0.02, 227.531, 0.048, 265.717, 0.049, 246.905, 0.018, 264.61, 0.017, 256.717, 0.055, 307.544, 0.039, 288.476, 0.019, 251.072, 0.017, 219.493, 0.055, 242.359, 0.031, 245.208, 0.016,
043-psm08ABABa1, 10.257400, 0.000553867768595, 274.188, 0.06, -194.734, 0.086, 233.889, 0.046, -179.64, 0.079, 260.2, 0.043, -190.547, 0.087, 260.773, 0.04, -185.669, 0.08, 200.369, 0.037, 268.08, 0.02, 247.117, 0.045, 208.177, 0.014,
043-psm08ABABb1, 9.460970, 0.0018360661157, 266.448, 0.101, 274.64, 0.07, 253.103, 0.022, 295.488, 0.06, 272.034, 0.02, 273.313, 0.065, 283.139, 0.018, 275.607, 0.066, 266.063, 0.021, 256.629, 0.064, 217.068, 0.021, 280.94, 0.062,
043-psm08ABBAa1, 10.171200, 0.00124390082645, 249.245, 0.048, -177.081, 0.088, -140.481, 0.087, 232.662, 0.058, 262.365, 0.045, -133.904, 0.08, -174.996, 0.081, 277.813, 0.047, 219.493, 0.055, -136.053, 0.079, 257.116, 0.016, 274.553, 0.064,
043-psm08ABBAb1, 10.060100, 0.00113642975207, -144.47, 0.087, 301.764, 0.053, 250.474, 0.048, 234.654, 0.019, -198.09, 0.071, 243.29, 0.049, 258.797, 0.041, 249.365, 0.02, -208.892, 0.087, 269.62, 0.054, 267.902, 0.055, -198.421, 0.078,
043-psm09ABABa1, 9.206730, 0.00027905785124, 245.216, 0.063, 185.165, 0.018, 225.539, 0.062, 204.909, 0.018, 231.662, 0.053, 202.412, 0.024, 242.172, 0.05, 198.916, 0.021, 267.727, 0.075, 207.588, 0.02, 269.667, 0.066, 239.776, 0.022,
043-psm09ABABb1, 9.217270, 0.000143834710744, 231.54, 0.015, 205.685, 0.042, 232.885, 0.025, 214.665, 0.051, 204.174, 0.02, 235.825, 0.042, 208.365, 0.018, 217.286, 0.038, 226.88, 0.016, 234.17, 0.034, 226.139, 0.02, 242.564, 0.041,
043-psm09ABBAa1, 8.658810, 0.000525966942149, 200.724, 0.045, -129.776, 0.057, 202.305, 0.016, 195.9, 0.047, -178.49, 0.105, -157.148, 0.084, 198.548, 0.02, 189.662, 0.04, 217.825, 0.049, -159.752, 0.087, 185.656, 0.017, 148.175, 0.051,
043-psm09ABBAb1, 8.774310, 0.000311140495868, 226.507, 0.021, 170.749, 0.05, 210.756, 0.059, -162.962, 0.016, 227.307, 0.013, 194.645, 0.059, 161.123, 0.044, -148.367, 0.064, 198.435, 0.02, 194.024, 0.048, 168.933, 0.048, -174.234, 0.083,
043-psm10ABABa1, 9.641740, 0.000183173553719, 251.812, 0.049, 178.343, 0.024, 243.108, 0.078, 202.891, 0.022, 208.588, 0.067, 218.924, 0.026, 281.032, 0.069, 211.304, 0.024, 212.659, 0.069, -175.14, 0.077, 245.63, 0.049, 205.156, 0.022,
043-psm10ABABb1, 9.768560, 0.00071947107438, 234.625, 0.017, 230.802, 0.033, 221.746, 0.02, 264.129, 0.035, 224.892, 0.018, 265.063, 0.038, -111.097, 0.019, 265.308, 0.044, 163.978, 0.005, 274.763, 0.043, -162.783, 0.015, 296.843, 0.051,
043-psm10ABBAa1, 10.394600, 0.00061879338843, 218.907, 0.049, 220.91, 0.021, 244.83, 0.021, 242.871, 0.045, 212.263, 0.05, -126.721, 0.014, 229.905, 0.018, 256.327, 0.045, 231.698, 0.054, 210.296, 0.015, 218.079, 0.018, 226.974, 0.06,
043-psm10ABBAb1, 10.229200, 0.000636876033058, 202.344, 0.019, 259.517, 0.042, 216.639, 0.054, -126.211, 0.015, -149.629, 0.076, 277.965, 0.055, 221.566, 0.052, -133.387, 0.072, 243.289, 0.019, 200.916, 0.048, 251.267, 0.048, -136.999, 0.071,
043-psm11ABABa1, 9.472230, 0.000524809917355, 236.796, 0.075, 183.336, 0.017, 243.318, 0.062, 203.126, 0.019, 225.122, 0.053, 204.574, 0.024, 236.239, 0.061, 197.966, 0.152, 181.627, 0.072, 172.63, 0.018, 204.494, 0.059, 182.552, 0.018,
043-psm11ABABb1, 9.572180, 0.000387157024793, 240.423, 0.024, 214.135, 0.046, 190.904, 0.027, 244.88, 0.039, 216.395, 0.016, 227.345, 0.051, 202.583, 0.026, 226.053, 0.052, 241.171, 0.019, 226.883, 0.053, 222.783, 0.018, 217.493, 0.047,
043-psm11ABBAa1, 9.922500, 0.000460991735537, 273.034, 0.056, 214.152, 0.026, 240.527, 0.027, 245.331, 0.053, 233.912, 0.058, 196.035, 0.024, 199.387, 0.027, 251.967, 0.054, 226.275, 0.052, -130.464, 0.021, 219.042, 0.027, 241.714, 0.056,
043-psm11ABBAb1, 9.954660, 0.000732049586777, 168.523, 0.005, 178.055, 0.045, 228.278, 0.054, 162.96, 0.025, 208.702, 0.072, 242.766, 0.029, 196.303, 0.059, 168.08, 0.029, 203.769, 0.028, 198.324, 0.069, 210.142, 0.053, 182.877, 0.018,
043-psm12ABABa1, 9.526920, 0.000344198347107, 236.666, 0.055, 169.369, 0.023, 235.576, 0.059, 196.377, 0.019, 263.023, 0.039, 227.09, 0.017, 239.955, 0.055, 191.614, 0.019, 240.24, 0.052, 242.231, 0.019, 268.296, 0.061, 245.359, 0.019,
043-psm12ABABb1, 9.892760, 0.000248446280992, 232.263, 0.024, 231.85, 0.046, 190.281, 0.024, 227.338, 0.051, 226.546, 0.023, 208.244, 0.047, 213.976, 0.017, 221.269, 0.051, 228.463, 0.024, 245.742, 0.053, 238.285, 0.024, 231.99, 0.049,
043-psm12ABBAa1, 9.456170, 0.000493719008264, 203.934, 0.046, -105.93, 0.077, 198.54, 0.025, 229.051, 0.064, 230.658, 0.058, 181.941, 0.02, 202.364, 0.023, 209.441, 0.065, 257.568, 0.065, -150.796, 0.06, 175.718, 0.03, 223.147, 0.057,
043-psm12ABBAb1, 9.651330, 0.000457338842975, 225.9, 0.025, 244.046, 0.051, 215.531, 0.034, 183.304, 0.022, 268.113, 0.049, 218.098, 0.052, 218.979, 0.048, 130.334, 0.005, 249.544, 0.03, 223.124, 0.047, 241.948, 0.056, 184.551, 0.023,
043-psn01ABABa1, 8.948920, 0.000283140495868, 203.467, 0.044, 231.041, 0.017, 236.117, 0.062, 210.933, 0.015, 303.805, 0.073, 220.148, 0.015, 233.455, 0.036, 244.59, 0.012, 223.379, 0.026, 234.283, 0.017, 247.075, 0.067, 269.271, 0.013,
043-psn01ABABb1, 8.646950, 0.00049226446281, 210.973, 0.015, 205.327, 0.046, 238.149, 0.015, -204.098, 0.103, 244.712, 0.015, 228.854, 0.035, 223.692, 0.011, 257.688, 0.028, 230.434, 0.014, 201.853, 0.034, 219.847, 0.012, 267.994, 0.034,
043-psn01ABBAa1, 8.187840, 0.0126496859504, 214.554, 0.05, 219.413, 0.018, 225.507, 0.017, 237.743, 0.042, 198.275, 0.016, 230.683, 0.032, 115.907, 0.05, 216.62, 0.042, 267.282, 0.058, 221.109, 0.013, 175.366, 0.326, 224.948, 0.034,
043-psn01ABBAb1, 8.726300, 0.00126441322314, 169.325, 0.015, 193.532, 0.045, 218.534, 0.043, 238.218, 0.012, -128.824, 0.079, 211.992, 0.039, -187.05, 0.093, -155.111, 0.077, -130.958, 0.014, 272.206, 0.065, 180.214, 0.041, -176.225, 0.08,
043-psn02ABABa1, 8.562510, 0.000479685950413, 227.263, 0.042, -143.458, 0.07, 249.967, 0.058, -153.845, 0.073, 240.049, 0.064, -150.729, 0.067, 233.27, 0.062, 223.485, 0.012, 242.649, 0.079, 217.949, 0.01, 249.31, 0.071, 206.5, 0.013,
043-psn02ABABb1, 9.099370, 0.000428363636364, 212.123, 0.016, 258.492, 0.061, 238.655, 0.016, 244.611, 0.049, 245.332, 0.015, 249.665, 0.04, 252.35, 0.015, 252.013, 0.056, 231.222, 0.015, 240.524, 0.042, 258.812, 0.011, 257.172, 0.039,
043-psn02ABBAa1, 9.151900, 0.00962069421488, 214.512, 0.047, -125.608, 0.076, -128.403, 0.062, 236.3, 0.051, 84.7769, 0.043, 217.086, 0.042, -144.35, 0.078, 246.367, 0.044, 239.433, 0.039, 85.5417, 0.091, 254.185, 0.015, 238.551, 0.064,
043-psn02ABBAb1, 9.007800, 0.000469090909091, 286.346, 0.015, 204.427, 0.051, 239.194, 0.04, 137.807, 0.005, -136.54, 0.02, 232.243, 0.035, 218.496, 0.041, 153.097, 0.005, -158.475, 0.081, 240.011, 0.051, 215.828, 0.043, -138.507, 0.085,
043-psn03ABABa1, 8.729180, 0.000421520661157, 241.758, 0.041, -161.639, 0.079, 251.166, 0.082, -160.585, 0.078, 274.444, 0.069, -168.833, 0.076, 270.082, 0.066, -179.516, 0.073, 286.324, 0.068, -124.232, 0.083, 284.9, 0.063, -170.972, 0.085,
043-psn03ABABb1, 9.541740, 0.000613454545455, 241.984, 0.012, 263.285, 0.074, -172.69, 0.011, 284.857, 0.076, 175.901, 0.015, 291.665, 0.074, -118.169, 0.079, 270.377, 0.062, 142.186, 0.016, 262.29, 0.05, 163.44, 0.016, 281.311, 0.083,
043-psn03ABBAa1, 9.114630, 0.000412743801653, 248.805, 0.046, -146.081, 0.081, -146.37, 0.009, 255.91, 0.069, 188.005, 0.041, -129.69, 0.068, -161.411, 0.082, 263.984, 0.054, 230.669, 0.054, -170.102, 0.088, 157.417, 0.011, 244.855, 0.055,
043-psn03ABBAb1, 8.986180, 0.000592975206612, 215.506, 0.014, 234.988, 0.056, 241.51, 0.055, -154.704, 0.01, -171.499, 0.077, 257.981, 0.065, 218.48, 0.052, -120.431, 0.077, 163.065, 0.01, 261.383, 0.075, 268.177, 0.059, -164.025, 0.075,
043-psn04ABABa1, 9.464760, 0.000368512396694, 245.392, 0.045, 165.896, 0.005, 198.983, 0.022, -151.134, 0.073, 179.659, 0.021, 233.926, 0.012, 206.689, 0.041, -157.757, 0.066, 245.75, 0.061, -162.166, 0.009, 209.95, 0.048, -156.798, 0.074,
043-psn04ABABb1, 9.789930, 0.000629239669421, 219.368, 0.018, 164.812, 0.035, 186.035, 0.011, 231.149, 0.048, 211.56, 0.01, 211.817, 0.046, 209.568, 0.012, 212.238, 0.032, 208.606, 0.01, 235.706, 0.037, 224.265, 0.012, 212.437, 0.046,
043-psn04ABBAa1, 9.773810, 0.000171239669421, 226.664, 0.043, 187.769, 0.011, 218.322, 0.011, 231.265, 0.048, 215.391, 0.04, 203.005, 0.012, 212.5, 0.012, 244.904, 0.035, 225.346, 0.041, 232.754, 0.011, 234.039, 0.007, 236.787, 0.047,
043-psn04ABBAb1, 10.001900, 0.000336776859504, 213.235, 0.019, 212.582, 0.041, 241.85, 0.037, -144.958, 0.076, 235.867, 0.015, 224.257, 0.043, 234.168, 0.039, -164.928, 0.082, -162.56, 0.086, 231.962, 0.037, 205.479, 0.031, -163.735, 0.078,
043-psn05ABABa1, 10.102800, 0.000371702479339, 250.036, 0.047, 227.014, 0.015, -243.002, 0.117, 207.84, 0.021, -227.439, 0.1, 241.548, 0.017, 252.237, 0.05, 263.786, 0.017, -223.659, 0.101, 204.888, 0.015, -238.701, 0.097, -169.405, 0.013,
043-psn05ABABb1, 8.787230, 0.000556148760331, 189.986, 0.021, 246.175, 0.108, 246.948, 0.033, 263.879, 0.098, 202.021, 0.022, 227.019, 0.084, 157.592, 0.024, 161.185, 0.072, 187.122, 0.022, 149.413, 0.082, 215.789, 0.022, 228.182, 0.057,
043-psn05ABBAa1, 10.339100, 0.000673966942149, 205.44, 0.056, -161.879, 0.018, -169.209, 0.089, 180.532, 0.053, 220.362, 0.051, 171.468, 0.015, 260.866, 0.023, 216.873, 0.07, 230.897, 0.049, 225.348, 0.017, 247.611, 0.016, 226.511, 0.051,
043-psn05ABBAb1, 10.153200, 0.000763421487603, 215.978, 0.023, 246.356, 0.14, 225.626, 0.039, 231.911, 0.016, 222.847, 0.058, 254.315, 0.02, -241.599, 0.126, 208.378, 0.02, 234.728, 0.017, 235.349, 0.058, 224.693, 0.04, 205.137, 0.015,
043-psn06ABABa1, 8.818130, 0.000155603305785, 220.509, 0.055, 192.454, 0.022, 222.037, 0.05, 200.593, 0.021, 243.35, 0.052, 213.493, 0.019, 226.703, 0.069, 261.011, 0.021, 243.094, 0.049, 214.289, 0.018, 248.093, 0.05, 200.776, 0.015,
043-psn06ABABb1, 9.236150, 0.000795867768595, 247.161, 0.021, 240.912, 0.045, 219.127, 0.025, 219.051, 0.05, 238.553, 0.022, 227.366, 0.056, 221.592, 0.024, 231.575, 0.039, 212.063, 0.021, 207.529, 0.032, 216.963, 0.016, 243.997, 0.036,
043-psn06ABBAa1, 9.233070, 0.000854429752066, 270.545, 0.054, -169.313, 0.091, 220.51, 0.02, 276.558, 0.049, 245.508, 0.054, 246.552, 0.02, 222.954, 0.022, 257.165, 0.047, 293.001, 0.049, 199.865, 0.025, 277.212, 0.016, 260.491, 0.055,
043-psn06ABBAb1, 9.123910, 0.000564958677686, 265.874, 0.027, 232.834, 0.056, 274.648, 0.064, 235.85, 0.02, 213.909, 0.02, 254.439, 0.049, 240.042, 0.061, 226.633, 0.022, 227.915, 0.018, 244.828, 0.054, 246.565, 0.068, -191.126, 0.075,
043-psn07ABABa1, 7.910740, 0.000563652892562, 241.761, 0.049, -130.084, 0.07, -182.31, 0.106, -140.747, 0.083, 229.87, 0.023, -159.912, 0.015, 250.099, 0.027, -155.795, 0.08, 254.64, 0.082, -149.886, 0.075, 203.476, 0.044, -140.685, 0.08,
043-psn07ABABb1, 8.530090, 0.000480595041322, 185.294, 0.013, 187.764, 0.049, -151.361, 0.013, 181.266, 0.041, 211.575, 0.015, 201.511, 0.032, 189.888, 0.017, 198.431, 0.03, 211.264, 0.017, 224.139, 0.045, -142.894, 0.016, 197.618, 0.045,
043-psn07ABBAa1, 8.002490, 0.000161834710744, 238.956, 0.034, -130.018, 0.015, 194.998, 0.017, 208.947, 0.041, 207.065, 0.053, -145.217, 0.018, -134.783, 0.08, 192.073, 0.038, 193.394, 0.051, -141.756, 0.08, -143.117, 0.077, 208.188, 0.064,
043-psn07ABBAb1, 7.604580, 0.000764231404959, 213.873, 0.019, 208.323, 0.042, 168.963, 0.04, -144.523, 0.02, -140.905, 0.079, 193.935, 0.036, 210.104, 0.046, -140.239, 0.084, 219.153, 0.055, -136.983, 0.015, 240.918, 0.059, -138.466, 0.081,
043-psn08ABABa1, 7.960340, 0.000911685950413, 206.501, 0.052, -118.662, 0.079, 193.431, 0.036, -127.437, 0.09, 197.868, 0.048, -147.362, 0.084, 191.598, 0.037, -138.101, 0.071, 183.793, 0.041, -148.867, 0.08, 204.151, 0.036, -128.376, 0.09,
043-psn08ABABb1, 8.646630, 0.000393603305785, 217.025, 0.017, 173.8, 0.041, 180.405, 0.016, 214.533, 0.037, 184.428, 0.017, 199.101, 0.042, 194.381, 0.014, 174.072, 0.037, 206.142, 0.014, 220.796, 0.043, 162.748, 0.016, 177.374, 0.041,
043-psn08ABBAa1, 8.113990, 0.000552231404959, 229.095, 0.048, -167.742, 0.084, -135.071, 0.089, 182.2, 0.032, 207.903, 0.032, -134.838, 0.013, -133.703, 0.084, 201.571, 0.032, 237.37, 0.042, -138.43, 0.078, -139.071, 0.084, 214.291, 0.046,
043-psn08ABBAb1, 8.542760, 0.00104641322314, -161.682, 0.088, 173.218, 0.04, 184.511, 0.043, -163.109, 0.081, -135.317, 0.083, 204.344, 0.054, 158.6, 0.005, -116.15, 0.015, 230.611, 0.05, 226.62, 0.029, 227.216, 0.015, 201.001, 0.02,
043-psn09ABABa1, 9.313150, 0.000306611570248, 222.687, 0.046, 177.12, 0.028, 213.328, 0.052, 200.884, 0.022, 249.346, 0.103, 253.001, 0.018, 231.201, 0.043, 240.447, 0.018, 235.687, 0.048, 214.851, 0.02, 250.144, 0.039, 214.096, 0.022,
043-psn09ABABb1, 9.981530, 8.4e-05, 197.253, 0.022, 265.988, 0.032, 246.842, 0.018, 231.51, 0.065, 221.702, 0.029, 228.534, 0.044, 226.272, 0.028, 235.366, 0.053, 201.756, 0.028, 262.135, 0.05, 206.501, 0.027, 241.007, 0.054,
043-psn09ABBAa1, 10.305700, 0.000332561983471, 187.623, 0.041, 201.01, 0.022, 233.793, 0.023, 209.886, 0.043, 231.022, 0.04, 213.809, 0.022, 220.159, 0.023, 226.185, 0.049, 215.539, 0.042, 187.086, 0.02, 211.313, 0.02, 228.633, 0.053,
043-psn09ABBAb1, 9.961360, 0.00035041322314, 210.633, 0.017, 239.281, 0.049, 233.862, 0.044, 234.68, 0.017, 216.39, 0.017, 213.337, 0.063, 233.701, 0.053, 215.609, 0.019, 192.136, 0.019, 185.531, 0.047, 205.583, 0.044, 224.675, 0.017,
043-psn10ABABa1, 9.641230, 0.000368082644628, 275.338, 0.04, 221.114, 0.023, 234.062, 0.059, 260.495, 0.017, 255.956, 0.045, 238.47, 0.026, 244.452, 0.056, 242.021, 0.026, 232.259, 0.064, 273.42, 0.021, 271.329, 0.044, 275.866, 0.025,
043-psn10ABABb1, 9.376370, 0.00125219834711, 270.734, 0.024, 222.692, 0.055, 229.125, 0.027, 266.954, 0.056, 220.932, 0.034, 303.998, 0.05, 263.032, 0.025, 247.919, 0.05, 229.684, 0.033, 280.171, 0.053, 223.203, 0.02, 266.822, 0.074,
043-psn10ABBAa1, 10.104800, 0.000491966942149, 196.846, 0.051, 217.184, 0.019, 238.395, 0.019, 238.991, 0.057, 241.073, 0.057, 213.542, 0.026, 251.056, 0.016, 222.268, 0.055, 219.14, 0.064, 250.01, 0.017, 219.392, 0.027, 228.131, 0.059,
043-psn10ABBAb1, 10.601800, 0.000391900826446, 187.293, 0.022, 232.446, 0.066, 243.002, 0.055, 238.461, 0.019, 236.094, 0.024, 247.042, 0.052, 238.56, 0.053, 212.496, 0.018, 190.376, 0.023, 266.359, 0.049, 274.479, 0.046, 240.238, 0.022,
043-psn11ABABa1, 9.695250, 0.0010940661157, 160.338, 0.005, 231.829, 0.021, 241.084, 0.057, 270.48, 0.016, 207.554, 0.06, 199.418, 0.018, 236.021, 0.05, 229.138, 0.018, 275.224, 0.051, 250.896, 0.017, 194.305, 0.042, 218.993, 0.028,
043-psn11ABABb1, 9.658680, 0.000183652892562, 169.308, 0.025, 211.264, 0.064, 241.94, 0.025, 201.206, 0.059, 233.966, 0.02, 224.864, 0.047, 217.348, 0.022, 195.919, 0.065, 215.385, 0.026, 191.505, 0.05, 217.905, 0.023, 231.924, 0.051,
043-psn11ABBAa1, 9.114980, 0.000276925619835, 244.923, 0.047, 210.229, 0.021, 156.684, 0.028, 189.624, 0.058, 201.181, 0.112, 227.472, 0.025, 203.337, 0.02, 205.599, 0.06, 203.074, 0.054, 226.609, 0.018, 240.326, 0.021, 241.489, 0.064,
043-psn11ABBAb1, 9.794490, 0.000469140495868, 226.816, 0.023, 251.61, 0.051, 204.624, 0.018, 244.483, 0.04, 246.181, 0.018, 221.547, 0.047, 257.815, 0.049, 175.921, 0.019, 215.512, 0.017, 255.687, 0.053, 242.182, 0.036, 197.356, 0.017,
043-psn12ABABa1, 8.170040, 0.0098834214876, 240.265, 0.041, 187.974, 0.022, 233.56, 0.051, -133.662, 0.056, 199.226, 0.049, -129.824, 0.069, 182.542, 0.056, -145.434, 0.062, 206.509, 0.056, -119.548, 0.059, 171.936, 0.062, 208.735, 0.059,
043-psn12ABABb1, 9.596150, 0.000521685950413, 213.791, 0.024, 189.666, 0.068, 235.474, 0.026, 234.14, 0.059, 216.286, 0.025, 183.358, 0.061, 214.134, 0.019, 216.65, 0.058, 214.345, 0.024, 254.582, 0.06, 217.557, 0.022, 207.68, 0.057,
043-psn12ABBAa1, 9.020080, 0.000243520661157, 203.101, 0.058, -128.521, 0.072, -122.197, 0.083, 203.792, 0.045, 192.122, 0.061, -141.376, 0.071, -127.636, 0.075, 145.52, 0.031, 202.956, 0.066, -133.267, 0.062, 139.256, 0.017, 175.876, 0.007,
043-psn12ABBAb1, 9.481280, 0.000701900826446, 159.859, 0.019, 197.317, 0.052, 209.451, 0.055, -108.867, 0.071, 199.559, 0.025, 205.329, 0.048, -215.775, 0.138, -130.206, 0.015, 188.346, 0.005, 191.204, 0.065, 214.805, 0.04, -128.395, 0.061,
