039-pdm01ABABa1, 9.229450, 0.00236233057851, 206.517, 0.021, 229.932, 0.053, -137.32, 0.076, 201.55, 0.06, -127.569, 0.018, 223.885, 0.068, -154.902, 0.08, 216.194, 0.067, -156.994, 0.08, 152.194, 0.044, -148.679, 0.086, 207.793, 0.047,
039-pdm01ABABb1, 9.065900, 0.00107196694215, 261.969, 0.067, -138.774, 0.076, 214.707, 0.07, -134.608, 0.083, 248.811, 0.07, -188.293, 0.005, 246.813, 0.067, -148.978, 0.011, 242.93, 0.065, 176.995, 0.021, 286.248, 0.085, 198.647, 0.017,
039-pdm01ABBAa1, 8.359940, 0.0012687768595, 246.579, 0.034, 248.332, 0.083, 247.601, 0.077, -139.647, 0.026, -107.14, 0.083, 152.299, 0.091, 105.956, 0.005, -151.169, 0.077, -149.697, 0.081, 207.669, 0.086, 246.034, 0.058, -197.849, 0.081,
039-pdm01ABBAb1, 9.014080, 0.000584743801653, 238.21, 0.048, -146.743, 0.016, -133.517, 0.064, 259.431, 0.08, 239.052, 0.053, 200.155, 0.014, -135.545, 0.059, 230.96, 0.077, 272.23, 0.067, -142.705, 0.081, -127.885, 0.082, 228.193, 0.08,
039-pdm02ABABa1, 8.569680, 0.0230858677686, 235.239, 0.019, 321.271, 0.06, 279.636, 0.018, 264.351, 0.06, 287.444, 0.029, 284.561, 0.05, 279.383, 0.023, 278.387, 0.065, 264.718, 0.033, 283.963, 0.056, 246.708, 0.018, 299.238, 0.071,
039-pdm02ABABb1, 10.466300, 0.000330595041322, 298.132, 0.046, 251.283, 0.013, 287.074, 0.063, 252.019, 0.017, 300.496, 0.081, 246.417, 0.013, 248.68, 0.051, 231.439, 0.015, 282.587, 0.065, 241.943, 0.02, 262.472, 0.064, 241.208, 0.018,
039-pdm02ABBAa1, 10.511300, 0.000294016528926, 272.685, 0.013, 278.741, 0.049, 253.774, 0.047, 253.777, 0.015, 242.087, 0.044, 283.335, 0.038, 258.421, 0.041, 229.232, 0.013, 215.944, 0.018, 258.055, 0.043, 288.07, 0.054, 260.195, 0.01,
039-pdm02ABBAb1, 10.277500, 0.000658148760331, 249.45, 0.047, 237.912, 0.014, 239.177, 0.016, 284.72, 0.048, 267.128, 0.053, 179.186, 0.011, 273.239, 0.016, 263.603, 0.061, 254.022, 0.062, 252.109, 0.012, 245.057, 0.016, 252.564, 0.055,
039-pdm03ABABa1, 9.539850, 0.00166347107438, 202.233, 0.016, 209.322, 0.058, 225.334, 0.013, 246.82, 0.06, 260.338, 0.016, 222.979, 0.063, 197.32, 0.02, 264.317, 0.064, 228.998, 0.019, 287.315, 0.05, 218.942, 0.024, neg 54.2133, 0.0,
039-pdm03ABABb1, 8.882330, 0.00050626446281, 192.155, 0.145, 233.614, 0.018, 231.672, 0.059, 242.806, 0.014, 255, 0.068, 196.366, 0.021, 273.414, 0.079, 238.013, 0.015, 234.779, 0.056, 250.257, 0.029, 238.544, 0.056, 225.005, 0.017,
039-pdm03ABBAa1, 9.155400, 0.000378247933884, 230.081, 0.016, 255.157, 0.059, 218.438, 0.03, 169.872, 0.023, 223.142, 0.019, 253.913, 0.039, 215.339, 0.037, 146.389, 0.017, 194.971, 0.011, 249.131, 0.039, 247.694, 0.036, 186.765, 0.027,
039-pdm03ABBAb1, 8.990420, 0.00243838016529, 248.234, 0.032, 163.042, 0.014, 223.059, 0.012, 250.436, 0.053, 273.072, 0.032, 203.996, 0.012, 226.54, 0.013, 292.93, 0.062, 188.029, 0.026, 266.783, 0.055, 167.945, 0.012, 258.004, 0.048,
039-pdm04ABABa1, 9.608350, 0.00035426446281, 250.807, 0.022, 234.867, 0.038, 208.61, 0.012, 247.236, 0.03, 199.28, 0.016, 230.067, 0.058, 197.255, 0.017, 250.938, 0.05, 184.053, 0.014, 243.508, 0.051, 216.631, 0.013, 241.112, 0.061,
039-pdm04ABABb1, 9.266010, 0.000599454545455, 297.843, 0.056, 231.428, 0.022, 260.196, 0.048, 214.895, 0.02, 205.137, 0.055, 198.663, 0.013, 233.612, 0.05, 189.034, 0.015, 241.263, 0.058, 243.037, 0.016, 194.474, 0.013, 199.388, 0.025,
039-pdm04ABBAa1, 9.044390, 0.000778743801653, 203.055, 0.023, 202.422, 0.046, 247.748, 0.058, 186.279, 0.016, 207.131, 0.019, 226.919, 0.058, -156.425, 0.06, 228.888, 0.018, -173.329, 0.065, 270.418, 0.064, 202.011, 0.023, 201.734, 0.014,
039-pdm04ABBAb1, 9.341310, 0.000419834710744, 246.059, 0.051, 253.501, 0.012, 198.872, 0.022, 217.197, 0.048, 235.328, 0.066, 247.346, 0.012, 242.902, 0.016, 214.376, 0.043, 211.053, 0.044, 182.763, 0.017, 227.1, 0.018, 225.323, 0.044,
039-pdm05ABABa1, 9.069510, 0.000391157024793, 198.245, 0.018, 229.669, 0.042, 190.314, 0.015, 222.986, 0.037, 222.706, 0.015, 227.218, 0.041, -150.517, 0.016, 214.984, 0.039, -160.162, 0.015, 222.331, 0.04, 203.233, 0.017, 233.583, 0.062,
039-pdm05ABABb1, 9.291530, 0.000591173553719, 233.879, 0.042, 236.151, 0.021, 235.471, 0.062, 193.472, 0.017, 249.268, 0.06, 178.945, 0.02, 241.447, 0.064, 178.538, 0.018, 234.901, 0.062, -149.183, 0.013, 238.711, 0.064, 198.447, 0.016,
039-pdm05ABBAa1, 8.797950, 0.00020441322314, 246.153, 0.025, 230.366, 0.069, 241.402, 0.068, -143.568, 0.015, 207.166, 0.013, 254.081, 0.085, 238.038, 0.053, 205.224, 0.016, 194.122, 0.03, 264.666, 0.069, 236.573, 0.05, 184.667, 0.022,
039-pdm05ABBAb1, 8.665730, 0.000393719008264, 311.36, 0.053, 193.627, 0.015, 186.026, 0.015, 245.553, 0.074, 231.429, 0.054, 218.436, 0.016, 182.379, 0.018, 188.995, 0.032, 195.268, 0.034, -157.525, 0.01, 212.43, 0.013, 194.475, 0.035,
039-pdm06ABABa1, 9.240840, 0.000239090909091, 229.381, 0.017, 274.847, 0.06, 252.625, 0.014, 295.507, 0.063, 236.855, 0.02, 271.408, 0.051, 231.349, 0.014, 266.798, 0.04, 209.599, 0.021, 247.85, 0.062, 260.553, 0.025, 268.603, 0.059,
039-pdm06ABABb1, 9.482070, 0.000391966942149, 252.46, 0.046, 217.868, 0.01, 248.413, 0.04, 242.6, 0.03, 254.563, 0.052, 228.663, 0.02, 233.657, 0.056, 251.431, 0.028, 244.054, 0.038, 240.067, 0.016, 270.821, 0.03, 271.273, 0.019,
039-pdm06ABBAa1, 9.014560, 0.00047347107438, 234.635, 0.028, 245.684, 0.051, 240.574, 0.046, 205.545, 0.019, 203.529, 0.016, 277.549, 0.055, 251.931, 0.051, 221.429, 0.016, 247.213, 0.023, 240.931, 0.06, 247.986, 0.027, 191.262, 0.023,
039-pdm06ABBAb1, 9.095580, 0.00112396694215, 235.533, 0.051, 202.121, 0.017, 238.282, 0.039, 259.905, 0.019, 257.384, 0.047, 249.867, 0.055, 242.082, 0.016, 251.295, 0.055, 270.153, 0.064, 231.253, 0.022, 278.522, 0.041, 219.671, 0.041,
039-pdm07ABABa1, 9.281930, 0.00041479338843, 258.473, 0.018, 256.941, 0.055, 213.188, 0.012, 266.655, 0.046, 245.203, 0.024, 269.231, 0.053, 249.881, 0.019, 270.165, 0.042, 263.261, 0.023, 285.686, 0.047, 264.775, 0.023, 248.809, 0.047,
039-pdm07ABABb1, 8.842460, 0.000376595041322, 299.398, 0.048, 224.471, 0.015, 234.241, 0.049, 237.191, 0.014, 223.477, 0.033, 216.791, 0.014, 235.66, 0.048, 234.943, 0.016, 257.466, 0.04, 189.881, 0.024, 218.166, 0.029, 231.044, 0.016,
039-pdm07ABBAa1, 9.129180, 0.000534958677686, 272.351, 0.023, 259.206, 0.055, 260.787, 0.054, 226.51, 0.013, 232.052, 0.014, 242.5, 0.059, 274.653, 0.027, 272.909, 0.06, 224.545, 0.025, 262.491, 0.04, 244.729, 0.063, 232.53, 0.012,
039-pdm07ABBAb1, 9.428210, 0.000469239669421, 252.64, 0.058, 226.245, 0.018, 244.877, 0.016, 258.284, 0.083, 249.708, 0.058, 242.366, 0.017, 219.583, 0.016, 261.218, 0.066, 333.15, 0.068, 235.741, 0.017, 231.317, 0.02, 297.872, 0.075,
039-pdm08ABABa1, 9.014460, 0.000162330578512, 207.582, 0.018, 259.324, 0.07, 211.418, 0.018, 199.719, 0.055, 186.852, 0.014, 233.84, 0.037, 224.822, 0.019, 242.326, 0.066, 224.685, 0.021, 271.711, 0.069, 218.911, 0.019, 274.895, 0.058,
039-pdm08ABABb1, 11.477300, 0.0124626280992, 268.201, 0.037, -150.127, 0.085, -151.442, 0.115, 141.912, 0.005, 196.211, 0.05, 126.106, 0.005, -124.227, 0.024, -144.648, 0.014, 229.486, 0.062, -158.773, 0.083, 246.213, 0.064, -143.582, 0.078,
039-pdm08ABBAa1, 9.171390, 0.000563900826446, 256.062, 0.021, 261.094, 0.078, 250.165, 0.059, 190.953, 0.015, 210.289, 0.016, 253.673, 0.096, 219.197, 0.083, 201.568, 0.016, 184.734, 0.017, 244.069, 0.076, 250.808, 0.072, 211.887, 0.017,
039-pdm08ABBAb1, 9.061990, 0.000452743801653, 247.783, 0.059, -137.359, 0.012, -134.717, 0.082, 247.265, 0.082, 234.175, 0.072, 209.187, 0.024, 197.257, 0.016, 246.619, 0.07, 245.122, 0.059, -146.795, 0.024, 174.674, 0.025, 181.118, 0.079,
039-pdm09ABABa1, 9.366190, 0.00029932231405, 249.439, 0.037, 259.908, 0.087, 209.644, 0.054, 279.47, 0.106, 232.388, 0.054, 286.162, 0.086, 249.845, 0.051, 266.855, 0.079, 247.859, 0.043, 272.051, 0.063, 207.689, 0.058, 263.225, 0.091,
039-pdm09ABABb1, 9.623320, 0.000343966942149, 323.333, 0.053, 266.364, 0.036, 268.74, 0.08, 246.781, 0.027, 234.822, 0.081, 274.737, 0.039, 262.611, 0.094, 264.631, 0.056, 259.099, 0.081, 261.596, 0.042, 264.112, 0.088, 247.044, 0.033,
039-pdm09ABBAa1, 9.830390, 0.000184975206612, 263.7, 0.035, 264.618, 0.071, 255.964, 0.061, 252.543, 0.033, 279.292, 0.036, 286.358, 0.065, 268.252, 0.079, 290.972, 0.038, 237.381, 0.052, 263.308, 0.066, 257.593, 0.072, 229.497, 0.048,
039-pdm09ABBAb1, 10.405500, 0.000187603305785, 278.906, 0.076, 250.815, 0.031, 285.577, 0.031, 255.438, 0.073, 261.996, 0.086, 243.785, 0.032, 270.93, 0.035, 267.475, 0.066, 252.889, 0.093, 207.938, 0.04, 232.221, 0.043, 242.18, 0.069,
039-pdm10ABABa1, 8.337470, 0.000910198347107, 246.023, 0.025, 250.321, 0.051, -118.75, 0.064, 180.939, 0.045, -128.096, 0.056, 220.71, 0.051, -134.368, 0.067, 237.61, 0.06, 213.682, 0.038, 260.006, 0.055, 208.042, 0.029, 234.723, 0.06,
039-pdm10ABABb1, 9.092040, 0.000271421487603, 242.476, 0.061, -151.529, 0.016, 263.847, 0.076, 189.263, 0.022, 246.91, 0.061, 196.893, 0.029, 260.566, 0.081, 172.429, 0.023, 269.817, 0.075, -151.826, 0.038, 264.046, 0.078, 175.225, 0.035,
039-pdm10ABBAa1, 9.027990, 0.000118958677686, 257.797, 0.033, 272.752, 0.092, 248.793, 0.075, 187.652, 0.027, 203.584, 0.028, 232.985, 0.083, 248.067, 0.072, 202.327, 0.036, 192.828, 0.03, 249.282, 0.087, 251.435, 0.075, 191.383, 0.046,
039-pdm10ABBAb1, 8.051160, 0.00140062809917, 250.515, 0.07, 161.78, 0.024, -114.11, 0.077, 272.17, 0.077, 201.72, 0.051, 173.639, 0.027, 164.927, 0.005, 206.626, 0.057, 205.543, 0.169, 239.35, 0.042, 191.078, 0.032, 215.392, 0.059,
039-pdm11ABABa1, 8.726410, 0.00105560330579, 247.616, 0.028, 272.843, 0.081, 219.672, 0.033, 237.568, 0.058, 252.641, 0.023, 246.202, 0.105, 257.25, 0.057, 280.822, 0.08, 265.767, 0.164, 276.63, 0.07, 273.477, 0.039, 256.916, 0.064,
039-pdm11ABABb1, 8.748620, 0.000614181818182, 263.052, 0.076, 260.842, 0.073, 277.095, 0.087, 255.506, 0.054, 293.633, 0.081, 268.075, 0.065, 321.633, 0.083, 260.71, 0.056, 299.928, 0.1, 270.099, 0.049, 311.497, 0.107, 260.235, 0.061,
039-pdm11ABBAa1, 8.760120, 0.000344975206612, 239.298, 0.035, 264.137, 0.097, 269.689, 0.086, 218.569, 0.045, 277.413, 0.05, 278.376, 0.08, 247.796, 0.087, 288.954, 0.038, 289.516, 0.058, 270.964, 0.084, 259.044, 0.082, 259.134, 0.042,
039-pdm11ABBAb1, 9.293950, 0.00139152066116, 275.347, 0.083, 224.986, 0.039, 218.525, 0.049, 281.53, 0.076, 307.143, 0.071, 254.087, 0.027, 274.617, 0.039, 257.944, 0.08, 306.435, 0.068, 217.042, 0.044, 278.216, 0.036, 247.156, 0.076,
039-pdm12ABABa1, 9.518270, 0.000560991735537, 258.965, 0.037, 249.112, 0.056, 230.632, 0.024, 246.775, 0.054, 187.057, 0.033, 240.707, 0.057, 196.991, 0.027, 235.139, 0.042, 215.39, 0.04, 247.911, 0.073, -145.042, 0.064, 236.916, 0.063,
039-pdm12ABABb1, 9.144390, 0.000208628099174, 292.879, 0.06, 228.373, 0.029, 273.915, 0.065, 231.723, 0.029, 271.016, 0.071, 203.539, 0.025, 240.682, 0.06, 212.928, 0.031, 269.835, 0.077, 240.011, 0.025, 274.624, 0.085, 207.162, 0.036,
039-pdm12ABBAa1, 8.941410, 0.000500330578512, 241.184, 0.03, 260.535, 0.08, 244.38, 0.075, 160.67, 0.041, 157.53, 0.05, 267.483, 0.081, 255.557, 0.07, -113.628, 0.055, -160.039, 0.062, 258.36, 0.07, 247.149, 0.097, 205.71, 0.045,
039-pdm12ABBAb1, 8.475930, 0.00137981818182, 238.04, 0.048, -98.1504, 0.016, -158.976, 0.064, 229.416, 0.071, 246.712, 0.067, -170.614, 0.083, -157.026, 0.091, 236.14, 0.072, 220.566, 0.056, -163.733, 0.023, -113.863, 0.021, 249.658, 0.069,
039-pdn01ABABa1, 9.854520, 0.000944082644628, 197.974, 0.061, 236.815, 0.051, 157.22, 0.021, 180.82, 0.031, 178.786, 0.016, 243.71, 0.052, 197.451, 0.015, 184.611, 0.038, 187.548, 0.015, 239.451, 0.045, -143.701, 0.078, 239.856, 0.053,
039-pdn01ABABb1, 8.962060, 0.000941966942149, 229.692, 0.046, -151.176, 0.01, 222.069, 0.046, -166.445, 0.075, 235.074, 0.058, -167.988, 0.011, 228.429, 0.05, 184.183, 0.015, 228.267, 0.04, -163.963, 0.014, 249.641, 0.069, -157.228, 0.012,
039-pdn01ABBAa1, 8.840900, 0.000426776859504, 235.798, 0.019, 243.308, 0.066, 247.739, 0.07, -114.336, 0.081, 155.547, 0.015, 228.137, 0.078, 240.02, 0.071, -145.832, 0.086, -130.733, 0.074, 237.887, 0.088, 241.871, 0.073, 159.755, 0.017,
039-pdn01ABBAb1, 9.054530, 0.00041705785124, 251.317, 0.047, 166.405, 0.011, -188.248, 0.077, 228.568, 0.059, 221.918, 0.056, 180.853, 0.013, 217.453, 0.015, 230.01, 0.08, 221.903, 0.064, -168.027, 0.016, 184.104, 0.022, 238.664, 0.073,
039-pdn02ABABa1, 9.382110, 0.000417272727273, 246.71, 0.013, 257.935, 0.06, 169.098, 0.019, 236.732, 0.072, -137.134, 0.077, 267.545, 0.071, 215.21, 0.017, 250.91, 0.073, -124.544, 0.056, 285.873, 0.078, 192.065, 0.025, 212.616, 0.039,
039-pdn02ABABb1, 9.438600, 0.000700743801653, 257.161, 0.053, -144.819, 0.079, 240.184, 0.066, -167.007, 0.083, 178.311, 0.046, -142.748, 0.08, 216.427, 0.077, 174.763, 0.016, 245.269, 0.073, -137.936, 0.079, 236.934, 0.069, 190.594, 0.016,
039-pdn02ABBAa1, 9.263060, 0.000597289256198, 234.485, 0.016, 272.167, 0.075, 268.979, 0.068, 158.58, 0.018, 204.532, 0.018, 260.929, 0.077, 263.99, 0.069, 202.419, 0.02, 198.571, 0.022, 263.985, 0.086, 270.711, 0.059, 177.819, 0.018,
039-pdn02ABBAb1, 9.643180, 0.00113072727273, 297.573, 0.057, -151.544, 0.075, -155.495, 0.079, 243.832, 0.073, 242.418, 0.05, -152.638, 0.08, 172.829, 0.015, 233.575, 0.07, 212.712, 0.052, 183.023, 0.013, -146.633, 0.081, 191.811, 0.063,
039-pdn03ABABa1, 9.412330, 0.000811834710744, 188.886, 0.012, 238.388, 0.065, 203.513, 0.012, 267.982, 0.085, 206.116, 0.012, 279.362, 0.078, 201.117, 0.014, 265.915, 0.073, 164.552, 0.014, 262.778, 0.085, 200.737, 0.014, 259.137, 0.091,
039-pdn03ABABb1, 8.649020, 0.000712743801653, 259.203, 0.052, -146.89, 0.077, 186.951, 0.059, -165.54, 0.055, 200.049, 0.044, -208.175, 0.081, 190.224, 0.074, -152.479, 0.085, 205.994, 0.064, -152.804, 0.078, 208.823, 0.044, -143.783, 0.08,
039-pdn03ABBAa1, 9.355400, 0.000737685950413, 209.435, 0.017, 244.129, 0.073, 226.707, 0.046, -117.253, 0.011, 143.621, 0.025, 208.261, 0.082, 252.667, 0.068, -128.195, 0.076, -111.176, 0.081, 221.797, 0.052, 228.815, 0.061, 139.106, 0.014,
039-pdn03ABBAb1, 8.845200, 0.000683107438017, 254.265, 0.043, -124.39, 0.076, -112.114, 0.081, 209.722, 0.078, 205.089, 0.049, -139.477, 0.08, -141.741, 0.005, 246.343, 0.069, 221.503, 0.041, -128.055, 0.045, 175.342, 0.014, 185.306, 0.015,
039-pdn04ABABa1, 8.905750, 0.000268198347107, 199.398, 0.013, 196.334, 0.005, 233.67, 0.016, 274.583, 0.041, 243.789, 0.018, 250.846, 0.035, 261.781, 0.015, 252.073, 0.041, 265.264, 0.012, 274.505, 0.05, 242.655, 0.016, 280.765, 0.076,
039-pdn04ABABb1, 8.453260, 0.000380066115702, 229.588, 0.059, -186.134, 0.071, 233.043, 0.048, 217.806, 0.03, 265.882, 0.073, 200.782, 0.005, 275.675, 0.06, 262.762, 0.02, 312.947, 0.096, -183.987, 0.03, 213.169, 0.028, 274.802, 0.032,
039-pdn04ABBAa1, 8.632350, 0.00129819834711, 231.221, 0.011, 240.149, 0.056, 264.176, 0.07, 250.294, 0.019, 268.799, 0.062, 254.743, 0.047, 264.636, 0.083, 235.538, 0.015, 210.629, 0.086, 285.053, 0.065, 324.475, 0.06, 273.152, 0.011,
039-pdn04ABBAb1, 8.353080, 0.000692611570248, 228.946, 0.059, 229.721, 0.021, 245.136, 0.022, 285.624, 0.082, 287.24, 0.075, 220.836, 0.024, 201.757, 0.026, 301.407, 0.077, 254.073, 0.015, 273.546, 0.065, 244.659, 0.014, 223.701, 0.021,
039-pdn05ABABa1, 9.213640, 0.000312512396694, 199.697, 0.017, 206.73, 0.037, 228.155, 0.041, 207.65, 0.031, 199.005, 0.032, 192.957, 0.042, 198.517, 0.031, 228.749, 0.038, 247.791, 0.016, 228.06, 0.046, 213.118, 0.023, 227.868, 0.077,
039-pdn05ABABb1, 8.651990, 0.000750876033058, 266.764, 0.056, 256.91, 0.037, 263.919, 0.075, 240.745, 0.029, 272.314, 0.07, 223.604, 0.027, 266.188, 0.062, 252.195, 0.049, 241.747, 0.068, 247.711, 0.025, 260.104, 0.063, 233.584, 0.028,
039-pdn05ABBAa1, 9.549890, 0.000287157024793, 223.544, 0.015, 272.907, 0.06, 254.135, 0.034, 246.376, 0.022, 251.15, 0.019, 266.81, 0.066, 281.686, 0.058, 219.913, 0.016, 249.021, 0.022, 277.096, 0.063, 215.811, 0.033, 184.272, 0.005,
039-pdn05ABBAb1, 9.105000, 0.00109804958678, 269.965, 0.057, 222.072, 0.023, 262.629, 0.033, 307.035, 0.096, 265.766, 0.058, 251.817, 0.017, 221.195, 0.038, 274.534, 0.071, 251.093, 0.038, 230.625, 0.026, 242.706, 0.015, 191.98, 0.08,
039-pdn06ABABa1, 8.886450, 0.000622512396694, 226.965, 0.023, 298.533, 0.057, 245.555, 0.025, 266.637, 0.063, 240.089, 0.023, 293.076, 0.069, 242.794, 0.019, 285.601, 0.054, 247.366, 0.019, 277.651, 0.074, 230.858, 0.021, 302.307, 0.048,
039-pdn06ABABb1, 8.325910, 0.000833785123967, 158.649, 0.005, 204.215, 0.014, 252.81, 0.062, -165.44, 0.078, 279.636, 0.059, 233.153, 0.01, 271.851, 0.068, 245.813, 0.02, 263.607, 0.016, 270.589, 0.021, 281.15, 0.07, 283.098, 0.058,
039-pdn06ABBAa1, 8.950210, 0.000466776859504, 243.99, 0.017, 320.707, 0.066, 297.708, 0.063, 215.865, 0.025, 230.636, 0.025, 271.377, 0.067, 278.704, 0.052, 257.847, 0.018, 277.494, 0.019, 310.946, 0.054, 273.827, 0.07, 209.151, 0.021,
039-pdn06ABBAb1, 9.043250, 0.000205900826446, 303.855, 0.061, 237.761, 0.019, 240.217, 0.02, 303.782, 0.075, 315.568, 0.065, 240.035, 0.016, 261.049, 0.017, 279.146, 0.022, 293.344, 0.076, -209.222, 0.024, 279.141, 0.031, 290.646, 0.051,
039-pdn07ABABa1, 9.037570, 0.00031747107438, 272.86, 0.013, 214.478, 0.046, 191.615, 0.018, 222.095, 0.052, 190.944, 0.019, 223.615, 0.046, 195.984, 0.017, 240.552, 0.058, 183.937, 0.014, 256.937, 0.076, 195.476, 0.012, 266.206, 0.069,
039-pdn07ABABb1, 8.796740, 0.000171173553719, 281.798, 0.054, -157.273, 0.078, 248.973, 0.068, 204.725, 0.019, 238.716, 0.063, 172.512, 0.013, 230.559, 0.052, -178.762, 0.011, 246.785, 0.079, 164.434, 0.012, 202.889, 0.048, 187.04, 0.023,
039-pdn07ABBAa1, 8.715120, 0.000397338842975, 228.871, 0.016, 244.373, 0.065, 251.908, 0.069, 155.707, 0.011, 158.529, 0.015, 210.04, 0.06, 228.046, 0.049, 181.342, 0.012, 205.792, 0.046, 248.792, 0.057, 266.251, 0.063, 206.11, 0.014,
039-pdn07ABBAb1, 8.599650, 0.000375966942149, 301.333, 0.062, 187.407, 0.016, 192.238, 0.013, 242.072, 0.084, 223.392, 0.087, 158.205, 0.016, 194.067, 0.013, 241.733, 0.054, 251.022, 0.066, 200.128, 0.013, 197.307, 0.014, 205.76, 0.088,
039-pdn08ABABa1, 9.930340, 0.000438958677686, 320.288, 0.03, 268.129, 0.049, 272.658, 0.035, 289.032, 0.052, 239.012, 0.023, 320.125, 0.074, 280.934, 0.021, 292.606, 0.052, 278.503, 0.023, 318.599, 0.07, 295.081, 0.025, 303.996, 0.072,
039-pdn08ABABb1, 9.892370, 0.000433719008264, 309.791, 0.043, 241.16, 0.02, 324.071, 0.067, 297.126, 0.02, 306.715, 0.057, 242.796, 0.028, 285.859, 0.052, 280.764, 0.037, 331.013, 0.068, 287.101, 0.016, 245.882, 0.036, 260.353, 0.028,
039-pdn08ABBAa1, 9.870280, 0.000300925619835, 238.731, 0.026, 269.914, 0.086, 269.311, 0.066, 281.807, 0.028, 300.214, 0.07, 244.776, 0.02, 308.101, 0.094, 277.932, 0.024, 270.506, 0.046, 264.187, 0.024, 261.463, 0.059, 291.908, 0.043,
039-pdn08ABBAb1, 8.784870, 0.000437289256198, 294.411, 0.155, 284.25, 0.021, 268.177, 0.019, 299.951, 0.027, 300.794, 0.086, 267.926, 0.024, 297.2, 0.035, 304.169, 0.092, 300.708, 0.063, 258.125, 0.016, 269.678, 0.024, 290.922, 0.07,
039-pdn09ABABa1, 9.670110, 0.000142446280992, 277.361, 0.026, 223.239, 0.071, 241.894, 0.035, 269.96, 0.074, 224.327, 0.044, 254.658, 0.059, 212.826, 0.032, 269.382, 0.078, 220.839, 0.047, 262.273, 0.078, 245.445, 0.044, 246.933, 0.05,
039-pdn09ABABb1, 9.730650, 0.000586247933884, 259.481, 0.058, 240.717, 0.028, 265.068, 0.07, 236.917, 0.028, 254.029, 0.057, 224.413, 0.019, 269.095, 0.054, 233.848, 0.037, 289.92, 0.071, 281.922, 0.046, 244.356, 0.059, 250.72, 0.036,
039-pdn09ABBAa1, 9.513420, 0.000286545454545, 249.622, 0.047, 249.416, 0.066, 249.821, 0.086, 247.442, 0.031, 231.626, 0.04, 251.643, 0.06, 240.629, 0.067, 234.835, 0.039, 209.157, 0.044, 261.682, 0.07, 254.662, 0.073, 230.276, 0.028,
039-pdn09ABBAb1, 9.407290, 0.000345421487603, 239.966, 0.058, 212.689, 0.033, 262.493, 0.031, 256.364, 0.065, 237.815, 0.075, 238.54, 0.031, 240.861, 0.029, 251.824, 0.08, 213.804, 0.061, 253.041, 0.032, 241.846, 0.042, 233.578, 0.079,
039-pdn10ABABa1, 9.578080, 0.000532512396694, 227.211, 0.056, 249.447, 0.035, 268.257, 0.055, 237.804, 0.043, 259.347, 0.053, 248.451, 0.03, 229.925, 0.039, 259.226, 0.041, 271.585, 0.074, 242.102, 0.054, 283.235, 0.037, 262.369, 0.07,
039-pdn10ABABb1, 10.013300, 0.000171289256198, 216.473, 0.064, 253.277, 0.039, 261.46, 0.078, 249.445, 0.046, 253.012, 0.052, 229.711, 0.036, 245.476, 0.087, 217.502, 0.039, 294.117, 0.083, 250.561, 0.049, 279.623, 0.091, 204.875, 0.03,
039-pdn10ABBAa1, 9.793170, 0.000274809917355, 225.184, 0.021, 250.616, 0.087, 231.722, 0.078, 232.505, 0.024, 248.448, 0.033, 254.127, 0.071, 228.129, 0.037, 243.426, 0.034, 206.623, 0.026, 253.885, 0.068, 269.364, 0.088, 200.085, 0.025,
039-pdn10ABBAb1, 9.461750, 0.000284049586777, 288.31, 0.085, 260.851, 0.035, 269.737, 0.036, 282.81, 0.087, 292.084, 0.06, 253.774, 0.032, 255.586, 0.06, 279.054, 0.078, 273.915, 0.057, 283.313, 0.034, 277.089, 0.038, 279.321, 0.069,
039-pdn11ABABa1, 9.969530, 0.00106279338843, 240.947, 0.041, 264.736, 0.05, 247.424, 0.038, 257.884, 0.06, 269.405, 0.031, 257.561, 0.062, 242.327, 0.03, 250.586, 0.063, 231.012, 0.038, 254.49, 0.049, 294.952, 0.027, 255.191, 0.071,
039-pdn11ABABb1, 9.220660, 0.000442925619835, 286.664, 0.062, 253.01, 0.038, 258.964, 0.078, 277.725, 0.042, 279.709, 0.068, 250.275, 0.041, 264.227, 0.083, 179.414, 0.065, 292.895, 0.082, 222.142, 0.067, 310.962, 0.069, 264.537, 0.035,
039-pdn11ABBAa1, 9.380290, 0.000541702479339, 296.368, 0.064, 281.045, 0.074, 253.299, 0.066, 239.13, 0.027, 264.582, 0.028, 273.168, 0.085, 269.083, 0.065, 252.663, 0.029, 269.546, 0.064, 267.67, 0.067, 246.59, 0.048, 247.159, 0.025,
039-pdn11ABBAb1, 9.201350, 0.000349504132231, 293.96, 0.069, 253.766, 0.047, 229.908, 0.049, 248.572, 0.081, 276.971, 0.079, 254.659, 0.03, 184.855, 0.035, 270.013, 0.071, 262.365, 0.058, 225.976, 0.033, 269.658, 0.063, 324.838, 0.167,
039-pdn12ABABa1, 9.534780, 0.000279719008264, 227.436, 0.042, 279.41, 0.071, 279.514, 0.038, 316.026, 0.084, 281.57, 0.045, 293.934, 0.065, 286.411, 0.048, 292.841, 0.079, 277.26, 0.037, 308.211, 0.078, 290.588, 0.039, 287.989, 0.074,
039-pdn12ABABb1, 9.553330, 0.000253107438017, 229.995, 0.066, 248.029, 0.041, 299.929, 0.07, 256.744, 0.037, 289.121, 0.067, 280.082, 0.034, 298.263, 0.068, 257.382, 0.037, 309.687, 0.069, 284.468, 0.041, 296.086, 0.078, 237.157, 0.04,
039-pdn12ABBAa1, 9.362910, 0.000417355371901, 239.677, 0.029, 291.614, 0.096, 247.273, 0.068, 275.164, 0.031, 232.706, 0.026, 223.943, 0.072, 285.923, 0.059, 212.29, 0.029, 259.65, 0.028, 276.718, 0.054, 279.938, 0.052, 207.319, 0.038,
039-pdn12ABBAb1, 11.416900, 0.0137192727273, 122.991, 0.062, neg 88.6884, 0.0, 213.976, 0.048, 126.913, 0.052, 194.337, 0.037, 93.817, 0.032, 195.157, 0.044, 206.826, 0.056, 203.254, 0.042, 232.712, 0.037, 266.076, 0.052, 281.762, 0.058,
039-psm01ABABa1, 9.410350, 0.000796198347107, 289.483, 0.029, 252.246, 0.016, 285.327, 0.085, 251.89, 0.024, 269.225, 0.058, 249.399, 0.016, 266.746, 0.059, 259.423, 0.015, 300.417, 0.077, 279.977, 0.02, 277.322, 0.072, 250.368, 0.021,
039-psm01ABABb1, 9.307220, 0.000224776859504, 226.966, 0.019, 250.773, 0.07, 233.524, 0.021, 250.915, 0.046, 222.673, 0.018, 312.409, 0.084, 228.354, 0.017, 292.726, 0.074, 240.071, 0.018, 276.466, 0.071, 228.971, 0.023, 261.426, 0.048,
039-psm01ABBAa1, 9.059470, 0.00053132231405, 271.603, 0.058, 176.441, 0.013, 209.504, 0.015, 249.392, 0.066, 277.853, 0.064, 233.94, 0.017, 215.418, 0.026, 217.106, 0.013, 220.156, 0.066, 254.573, 0.013, 174.48, 0.017, 221.972, 0.039,
039-psm01ABBAb1, 9.704120, 0.000336958677686, 205.529, 0.018, 268.555, 0.074, 253.469, 0.046, 236.207, 0.022, 250.664, 0.017, 268.197, 0.072, 264.597, 0.053, 240.833, 0.017, 258.933, 0.02, 306.702, 0.068, 305.56, 0.066, 249.808, 0.014,
039-psm02ABABa1, 8.941500, 0.000217157024793, 260.408, 0.069, 245.459, 0.015, 270.741, 0.072, 219.336, 0.016, 252.979, 0.081, 238.72, 0.019, 264.831, 0.061, 231.295, 0.019, 257.611, 0.064, 235.58, 0.021, 287.867, 0.067, 253.868, 0.015,
039-psm02ABABb1, 9.185780, 0.000172148760331, 218.741, 0.012, 205.262, 0.027, 197.194, 0.017, 236.469, 0.032, 241.007, 0.017, 253.155, 0.033, 227.039, 0.016, 221.31, 0.028, 247.388, 0.016, 208.279, 0.021, 252.266, 0.013, 255.435, 0.066,
039-psm02ABBAa1, 8.716730, 0.000179504132231, 275.777, 0.046, 232.706, 0.013, 182.53, 0.016, 286.111, 0.051, 226.226, 0.018, 220.592, 0.014, 200.286, 0.017, 272.321, 0.051, 264.404, 0.05, 240.567, 0.014, 231.064, 0.013, 256.339, 0.064,
039-psm02ABBAb1, 8.716220, 0.000537603305785, 203.693, 0.015, 263.63, 0.055, 216.114, 0.015, 234.885, 0.016, 216.818, 0.015, 261.981, 0.053, 265.835, 0.047, 232.027, 0.015, 233.989, 0.016, 255.232, 0.07, 266.952, 0.098, 247.846, 0.013,
039-psm03ABABa1, 9.750420, 0.000670066115702, 275.679, 0.058, 186.66, 0.005, 243.601, 0.067, 237.811, 0.016, 229.077, 0.049, 215.609, 0.015, 235.898, 0.046, 183.739, 0.013, 217.745, 0.051, 240.595, 0.012, 294.841, 0.046, 249.009, 0.014,
039-psm03ABABb1, 9.278330, 0.000902958677686, 206.759, 0.024, 299.262, 0.042, 247.142, 0.014, 264.607, 0.062, 233.707, 0.018, 328.887, 0.075, 193.994, 0.022, 224.778, 0.046, 165.938, 0.019, 246.507, 0.055, 199.859, 0.018, 230.474, 0.05,
039-psm03ABBAa1, 9.464220, 0.000699900826446, 294.271, 0.072, 195.117, 0.023, 196.777, 0.017, 228.751, 0.088, 211.845, 0.062, 207.281, 0.018, 204.087, 0.018, 220.259, 0.086, 267.47, 0.057, 209.047, 0.074, 180.17, 0.038, 221.06, 0.087,
039-psm03ABBAb1, 9.464180, 0.000336247933884, 231.06, 0.017, 301.474, 0.07, 225.743, 0.061, 256.544, 0.016, 196.668, 0.018, 238.518, 0.069, 209.731, 0.053, 194.973, 0.012, 204.268, 0.018, 215.415, 0.067, 242.296, 0.055, 180.685, 0.015,
039-psm04ABABa1, 9.533540, 0.000229272727273, 227.082, 0.041, 169.238, 0.015, 247.984, 0.033, 212.663, 0.011, 226.564, 0.033, 240.348, 0.011, 252.592, 0.032, 203.532, 0.009, 264.142, 0.043, 172.466, 0.015, 292.436, 0.049, 175.764, 0.015,
039-psm04ABABb1, 9.472170, 0.000480991735537, 227.764, 0.019, 257.26, 0.051, 223.403, 0.015, 256.487, 0.037, 196.183, 0.013, 243.092, 0.037, 240.089, 0.012, 245.24, 0.035, 226.428, 0.017, 264.719, 0.069, 240.151, 0.013, 249.637, 0.038,
039-psm04ABBAa1, 8.993950, 0.000239900826446, 296.135, 0.038, 218.62, 0.011, 185.712, 0.011, 251.834, 0.042, 282.61, 0.028, 212.284, 0.011, 200.584, 0.011, 273.206, 0.054, 230.609, 0.022, 190.459, 0.012, -175.446, 0.081, 264.695, 0.052,
039-psm04ABBAb1, 9.135390, 0.000211338842975, 239.528, 0.005, 224.559, 0.041, 223.466, 0.036, 214.199, 0.011, 169.692, 0.016, 248.898, 0.06, 224.916, 0.015, 239.642, 0.016, 208.387, 0.013, 263.763, 0.058, 252.368, 0.061, 227.367, 0.013,
039-psm05ABABa1, 8.936200, 0.000353504132231, 218.816, 0.037, 200.713, 0.022, 257.275, 0.063, 187.001, 0.021, 196.848, 0.048, 205.188, 0.017, 214.48, 0.056, 194.664, 0.017, 252.854, 0.052, 163.331, 0.02, 245.94, 0.057, 186.54, 0.02,
039-psm05ABABb1, 8.992670, 0.00051226446281, 274.438, 0.015, 233.193, 0.056, 205.289, 0.018, 257.704, 0.06, 209.542, 0.016, 245.635, 0.062, 215.846, 0.019, 286.731, 0.062, 221.836, 0.02, 288.99, 0.084, 213.946, 0.019, 256.155, 0.064,
039-psm05ABBAa1, 9.072140, 0.000283702479339, 248.062, 0.048, 167.083, 0.023, 192.792, 0.024, 274.71, 0.073, 259.184, 0.063, 216.185, 0.018, 237.766, 0.017, 252.778, 0.056, 228.409, 0.064, 216.666, 0.014, 229.198, 0.016, 288.529, 0.064,
039-psm05ABBAb1, 8.811090, 0.000354743801653, 220.734, 0.017, 240.378, 0.061, 255.753, 0.065, 207.197, 0.023, 184.471, 0.017, 238.748, 0.069, 258.31, 0.079, 197.217, 0.018, 216.543, 0.021, 273.393, 0.089, 288.215, 0.099, 203.887, 0.03,
039-psm06ABABa1, 9.167570, 0.000427537190083, 278.865, 0.062, 243.412, 0.018, 299.54, 0.078, 237.629, 0.024, 244.783, 0.069, 242.835, 0.026, 250.408, 0.066, 239.069, 0.026, 300.033, 0.064, 226.974, 0.039, 246.54, 0.059, 215, 0.023,
039-psm06ABABb1, 9.608980, 0.000319520661157, 246.213, 0.02, 270.26, 0.055, 217.415, 0.013, 234.567, 0.038, 240.864, 0.02, 242.104, 0.046, 209.974, 0.018, 280.067, 0.058, 256.589, 0.016, 257.892, 0.05, 232.338, 0.02, 242.344, 0.042,
039-psm06ABBAa1, 8.966980, 0.000924925619835, 172.834, 0.005, 208.554, 0.016, 186.555, 0.015, 237.457, 0.051, 252.428, 0.065, 204.408, 0.022, 222.842, 0.017, 223.903, 0.053, 183.22, 0.029, 229.258, 0.027, 232.088, 0.026, 262.487, 0.058,
039-psm06ABBAb1, 8.788580, 0.00068547107438, 231.893, 0.014, 257.61, 0.046, 248.615, 0.033, 256.744, 0.02, 254.989, 0.018, 280.434, 0.055, 255.106, 0.033, 264.686, 0.018, 247.052, 0.017, 256.387, 0.07, 254.019, 0.026, 252.194, 0.029,
039-psm07ABABa1, 9.199870, 0.000622446280992, 298.983, 0.061, 239.734, 0.026, 280.985, 0.075, 252.434, 0.018, 257.782, 0.043, 275.057, 0.023, 262.654, 0.046, 281.358, 0.022, 274.356, 0.056, 239.465, 0.03, 271.552, 0.051, 259.334, 0.039,
039-psm07ABABb1, 8.909120, 0.00044026446281, 279.998, 0.019, 273.427, 0.042, 279.487, 0.016, 242.946, 0.046, 259.591, 0.014, 308.208, 0.082, 287.717, 0.018, 275.754, 0.085, 269.798, 0.018, 275.356, 0.068, 280.317, 0.017, 248.185, 0.075,
039-psm07ABBAa1, 8.821390, 0.000827702479339, 244.628, 0.137, 279.124, 0.016, 276.283, 0.036, 256.674, 0.053, 291.213, 0.078, 247.254, 0.014, 228.705, 0.019, 254.663, 0.039, 284.086, 0.071, 219.743, 0.016, 287.019, 0.067, 267.647, 0.078,
039-psm07ABBAb1, 11.627900, 0.0127018181818, 239.172, 0.014, 250.73, 0.044, 254.37, 0.052, 133.982, 0.005, 102.79, 0.005, 219.791, 0.02, 232.425, 0.05, 121.402, 0.005, 120.133, 0.044, 224.18, 0.066, 298.627, 0.058, 252.718, 0.015,
039-psm08ABABa1, 8.985560, 0.00069626446281, 318.338, 0.041, 160.882, 0.028, 256.594, 0.041, 223.499, 0.021, 194.751, 0.035, 230.165, 0.03, 184.987, 0.048, 173.924, 0.021, 226.946, 0.048, 217.571, 0.026, 221.156, 0.046, 207.656, 0.016,
039-psm08ABABb1, 8.842970, 0.000633421487603, 301.732, 0.024, 272.383, 0.057, 267.303, 0.018, 179.868, 0.025, 231.255, 0.018, 227.679, 0.054, 211.411, 0.018, 255.664, 0.051, 223.041, 0.021, 269.079, 0.057, 231.463, 0.017, 258.955, 0.061,
039-psm08ABBAa1, 9.210730, 0.000480958677686, 231.738, 0.051, 228.559, 0.012, 218.94, 0.016, 259.194, 0.047, 271.919, 0.053, 169.323, 0.017, 169.412, 0.011, 273.385, 0.048, 257.227, 0.054, 181.302, 0.013, 222.896, 0.013, 209.629, 0.055,
039-psm08ABBAb1, 9.512990, 0.0021158677686, 224.618, 0.013, 194.027, 0.005, 251.345, 0.048, 220.94, 0.017, 228.134, 0.017, 238.64, 0.045, 240.16, 0.053, 164.629, 0.013, 226.159, 0.015, 222.288, 0.046, 258.397, 0.042, 194.939, 0.015,
039-psm09ABABa1, 9.141270, 0.000404809917355, 296.133, 0.063, 218.328, 0.026, 243.646, 0.07, 216.945, 0.025, 231.253, 0.063, 241.597, 0.031, 233.397, 0.085, 211.726, 0.031, 301.528, 0.082, 225.022, 0.032, 254.551, 0.071, 226.144, 0.02,
039-psm09ABABb1, 9.562170, 0.00114550413223, 245.563, 0.023, 231.138, 0.063, 208.546, 0.026, 229.195, 0.047, -124.89, 0.092, 210.703, 0.05, 216.694, 0.029, 242.182, 0.052, 179.619, 0.034, 228.007, 0.049, 231.428, 0.029, 217.341, 0.056,
039-psm09ABBAa1, 8.838580, 0.000917537190083, 274.421, 0.052, 180.432, 0.031, 146.854, 0.034, 276.049, 0.078, 260.864, 0.103, 196.417, 0.02, 235.607, 0.028, 257.281, 0.069, 293.609, 0.084, 208.328, 0.024, 230.642, 0.03, 251.39, 0.077,
039-psm09ABBAb1, 8.311190, 0.000387719008264, 199.722, 0.018, 188.351, 0.067, 225.131, 0.067, 165.204, 0.024, 127.491, 0.04, 210.005, 0.054, 211.778, 0.023, 241.486, 0.077, 184.748, 0.032, 218.985, 0.023, 211.48, 0.023, 273.957, 0.064,
039-psm10ABABa1, 12.175200, 0.0161676033058, 89.9958, 0.038, 138.54, 0.06, 138.034, 0.025, 216.92, 0.06, 106.332, 0.005, 244.64, 0.025, 292.081, 0.085, 270.397, 0.026, 285.795, 0.072, 244.351, 0.03, 290.726, 0.077, 232.851, 0.034,
039-psm10ABABb1, 9.888910, 0.000461289256198, 274.303, 0.03, 279.638, 0.06, 242.077, 0.028, 268.473, 0.061, 251.482, 0.021, 274.322, 0.064, 251.928, 0.024, 318.203, 0.061, 257.63, 0.028, 324.288, 0.065, 256.577, 0.028, 296.937, 0.079,
039-psm10ABBAa1, 9.670120, 0.000146958677686, 342.132, 0.063, 268.78, 0.023, 276.591, 0.023, 297.907, 0.067, 291.665, 0.065, 258.241, 0.023, 276.029, 0.027, 291.997, 0.073, 284.58, 0.05, 272.442, 0.02, 247.815, 0.046, 247.669, 0.065,
039-psm10ABBAb1, 10.009100, 0.00119659504132, 200.014, 0.023, 242.976, 0.06, 286.41, 0.067, 239.108, 0.02, 234.61, 0.021, 314.997, 0.063, 281.428, 0.06, 263.186, 0.015, 259.239, 0.019, 283.051, 0.058, 252.743, 0.055, 218.226, 0.017,
039-psm11ABABa1, 9.095830, 0.00046641322314, 261.302, 0.071, 259.658, 0.028, 272.159, 0.073, 235.177, 0.036, 300.363, 0.063, 264.009, 0.041, 271.781, 0.058, 273.002, 0.04, 295.422, 0.08, 284.179, 0.032, 290.347, 0.059, 275.282, 0.029,
039-psm11ABABb1, 9.812470, 0.000296776859504, 204.391, 0.033, 276.028, 0.085, 243.556, 0.048, 286.985, 0.085, 232.877, 0.054, 283.269, 0.075, 251.778, 0.044, 270.752, 0.083, 199.247, 0.057, 247.905, 0.092, 226.764, 0.045, 270.618, 0.059,
039-psm11ABBAa1, 9.977960, 0.000646776859504, 294.374, 0.057, 249.322, 0.024, 281.487, 0.053, 275.027, 0.071, 299.407, 0.069, -185.029, 0.021, 203.32, 0.027, 269.124, 0.071, 273.417, 0.057, 269.672, 0.021, 280.66, 0.051, 291.675, 0.073,
039-psm11ABBAb1, 9.182890, 0.000402876033058, 285.112, 0.08, 236.621, 0.04, 282.339, 0.034, 272.573, 0.044, 265.176, 0.068, 283.072, 0.074, 304.863, 0.082, 210.845, 0.045, 251.344, 0.047, 294.504, 0.07, 282.572, 0.095, -144.282, 0.056,
039-psm12ABABa1, 9.168940, 0.000281289256198, 255.229, 0.04, 267.155, 0.029, 237.929, 0.04, 241.79, 0.021, 257.734, 0.051, 226.542, 0.031, 260.131, 0.074, 234.383, 0.028, 231.738, 0.06, 237.698, 0.028, 247.911, 0.066, 227.609, 0.026,
039-psm12ABABb1, 9.347220, 0.0010278677686, 232.673, 0.02, 251.438, 0.042, 245.669, 0.022, 246.45, 0.046, 206.492, 0.026, 228.881, 0.055, 245.441, 0.025, 286.445, 0.051, 247.621, 0.03, 252.978, 0.048, 253.581, 0.026, 232.73, 0.06,
039-psm12ABBAa1, 8.759290, 0.000995900826446, 253.72, 0.062, -121.582, 0.07, -160.744, 0.075, 218.819, 0.005, 187.494, 0.005, 235.595, 0.025, 209.875, 0.034, 210.271, 0.005, 248.274, 0.054, 220.815, 0.08, -137.754, 0.059, 248.377, 0.056,
039-psm12ABBAb1, 9.471960, 0.000698694214876, 192.234, 0.021, 226.28, 0.071, 230.524, 0.052, 195.11, 0.016, 181.467, 0.015, 296.089, 0.066, 259.443, 0.024, 232.958, 0.027, 257.832, 0.029, 274.41, 0.071, 247.823, 0.023, 221.742, 0.025,
039-psn01ABABa1, 8.659760, 0.000573355371901, 209.824, 0.056, 214.692, 0.025, 289.549, 0.064, 245.226, 0.015, 259.857, 0.067, 242.064, 0.016, 245.496, 0.048, 259.122, 0.012, 257.763, 0.067, 236.923, 0.013, 245.838, 0.068, -206.318, 0.079,
039-psn01ABABb1, 8.588670, 0.000799421487603, 200.947, 0.012, 261.276, 0.043, 242.728, 0.021, 267.753, 0.038, 281.496, 0.012, 249.346, 0.02, 270.357, 0.016, 267.399, 0.041, 177.324, 0.015, 280.701, 0.051, 242.088, 0.012, 243.321, 0.057,
039-psn01ABBAa1, 8.005710, 0.00190345454545, 203.159, 0.041, 248.354, 0.01, 255.883, 0.012, 242.113, 0.071, 172.403, 0.005, 224.199, 0.016, 223.063, 0.015, 263.598, 0.076, 178.654, 0.094, 204.617, 0.012, 227.566, 0.021, 254.258, 0.062,
039-psn01ABBAb1, 7.756550, 0.0013594214876, 211.918, 0.015, 219.516, 0.052, 267.708, 0.084, 192.778, 0.015, 207.618, 0.015, 185.688, 0.046, 238.47, 0.014, 164.64, 0.078, 199.11, 0.019, 244.033, 0.052, 194.506, 0.015, 230.119, 0.024,
039-psn02ABABa1, 8.703200, 0.00011547107438, 226.652, 0.062, 261.8, 0.022, 301.97, 0.076, 256.583, 0.016, 239.714, 0.056, 210.663, 0.016, 276.832, 0.057, 251.753, 0.017, 275.798, 0.063, 261.342, 0.016, 252.28, 0.049, 235.453, 0.041,
039-psn02ABABb1, 8.837500, 0.000392082644628, 184.216, 0.016, 210.774, 0.028, 225.466, 0.012, 248.891, 0.062, 210.462, 0.012, 260.412, 0.037, 204.33, 0.012, 275.361, 0.045, 192.669, 0.012, 264.512, 0.065, 209.103, 0.013, 260.914, 0.063,
039-psn02ABBAa1, 8.608840, 0.000750446280992, 220.843, 0.058, -218.419, 0.005, 244.084, 0.015, 228.384, 0.067, 265.138, 0.03, 253.18, 0.012, 209.023, 0.016, 231.006, 0.067, 268.516, 0.075, 233.397, 0.015, 196.984, 0.025, 202.556, 0.086,
039-psn02ABBAb1, 8.350060, 0.000245537190083, 194.449, 0.025, 277.462, 0.09, 292.567, 0.075, 221.431, 0.005, 228.398, 0.03, 266.665, 0.073, 275.704, 0.036, 213.065, 0.028, 225.717, 0.019, 252.468, 0.055, 265.757, 0.05, 183.946, 0.015,
039-psn03ABABa1, 9.716320, 0.00017147107438, 256.99, 0.061, 163.026, 0.016, 263.941, 0.077, 158.609, 0.022, 226.192, 0.058, 212.235, 0.029, 243.386, 0.091, 206.711, 0.026, 266.174, 0.085, 191.63, 0.027, 257.064, 0.058, 179.338, 0.019,
039-psn03ABABb1, 10.433600, 0.00116438016529, 210.338, 0.016, 215.897, 0.032, -151.321, 0.081, 236.52, 0.048, -144.683, 0.077, 227.506, 0.034, 221.465, 0.013, 230.045, 0.048, 234.104, 0.015, 202.339, 0.034, 196.538, 0.014, 240.127, 0.059,
039-psn03ABBAa1, 9.348310, 0.000391157024793, 255.481, 0.063, 179.26, 0.014, 186.307, 0.016, 248.996, 0.088, 255.738, 0.07, 167.193, 0.018, 197.709, 0.029, 237.506, 0.095, 254.252, 0.07, 155.072, 0.023, 201.199, 0.03, 226.773, 0.084,
039-psn03ABBAb1, 9.172920, 0.000409504132231, 208.803, 0.009, 246.97, 0.061, 248.771, 0.064, -173.797, 0.085, 170.26, 0.015, 233.126, 0.058, 213.583, 0.05, -177.24, 0.084, -177.313, 0.039, 235.38, 0.068, 221.159, 0.059, -118.438, 0.014,
039-psn04ABABa1, 9.479600, 0.00025105785124, 240.464, 0.045, 209.199, 0.015, 215.388, 0.033, 233.212, 0.015, 263.485, 0.034, 251.51, 0.015, 262.055, 0.039, 231.77, 0.019, 242.245, 0.04, 217.92, 0.015, 257.801, 0.061, 231.284, 0.016,
039-psn04ABABb1, 9.157030, 0.000285504132231, 279.785, 0.017, 232.577, 0.036, 241.33, 0.014, 225.186, 0.029, 253.952, 0.014, 274.787, 0.067, 232.748, 0.012, 232.452, 0.038, 245.993, 0.025, 238.724, 0.056, 214.776, 0.012, 222.492, 0.023,
039-psn04ABBAa1, 8.983030, 0.000966198347107, 308.818, 0.059, 199.491, 0.02, 202.348, 0.015, 263.068, 0.066, 259.826, 0.053, 236.147, 0.012, 225.242, 0.011, 270.742, 0.08, 221.441, 0.018, 208.344, 0.016, 221.613, 0.016, 260.914, 0.017,
039-psn04ABBAb1, 9.430300, 0.00043641322314, 249.276, 0.015, 266.412, 0.054, 261.8, 0.038, 254.683, 0.015, 209.126, 0.013, 281.759, 0.063, 208.832, 0.016, 214.678, 0.016, 237.084, 0.012, 278.453, 0.091, 284.318, 0.043, 263.347, 0.013,
039-psn05ABABa1, 9.607650, 0.000397157024793, 257.526, 0.042, 180.929, 0.028, 287.334, 0.051, 207.478, 0.013, 269.361, 0.059, 177.478, 0.012, 238.194, 0.049, 209.674, 0.013, 237.435, 0.054, 169.783, 0.016, 263.455, 0.046, 204.046, 0.014,
039-psn05ABABb1, 9.397630, 0.000180958677686, 199.821, 0.017, 252.562, 0.06, 213.013, 0.014, 242.251, 0.054, 166.076, 0.016, 201.782, 0.057, 192.953, 0.017, 219.482, 0.05, 168.396, 0.015, 239.711, 0.065, 190.461, 0.013, 273.244, 0.052,
039-psn05ABBAa1, 9.436910, 0.000736049586777, 250.019, 0.047, 187.212, 0.013, 175.048, 0.012, 209.568, 0.034, 198.75, 0.005, 211.862, 0.013, 198.645, 0.017, 251.107, 0.054, 229.3, 0.04, 186.34, 0.013, 206.88, 0.016, 266.922, 0.055,
039-psn05ABBAb1, 9.384050, 0.000630958677686, 247.434, 0.043, 201.113, 0.063, 202.997, 0.005, 225.393, 0.014, 190.688, 0.01, 246.93, 0.067, 235.183, 0.059, 253.528, 0.016, 202.86, 0.02, 239.607, 0.058, 188.06, 0.046, 198.407, 0.017,
039-psn06ABABa1, 8.220980, 0.000828181818182, 248.338, 0.275, 240.871, 0.019, 262.908, 0.049, 239.714, 0.018, 304.157, 0.071, 259.943, 0.018, 292.846, 0.055, 249.644, 0.02, 251.608, 0.078, 267.252, 0.032, 263.689, 0.059, 248.838, 0.02,
039-psn06ABABb1, 9.276560, 0.000464247933884, 279.715, 0.018, 225.757, 0.043, 191.707, 0.006, 243.322, 0.049, 216.093, 0.021, 250.848, 0.065, 248.33, 0.015, 273.292, 0.058, 237.735, 0.015, 247.415, 0.049, 244.232, 0.019, 245.388, 0.065,
039-psn06ABBAa1, 7.877170, 0.00072879338843, 300.606, 0.051, 171.945, 0.014, 228.165, 0.024, 257.327, 0.047, 248.18, 0.056, 221.143, 0.016, 225.192, 0.016, 277.079, 0.062, 243.934, 0.036, 178.502, 0.015, 212.968, 0.018, 248.072, 0.056,
039-psn06ABBAb1, 8.827970, 0.000276231404959, 246.423, 0.023, 251.497, 0.042, 253.676, 0.054, 246.144, 0.016, 196.38, 0.017, 240.631, 0.058, 240.941, 0.068, 233.022, 0.029, 213.272, 0.056, 260.639, 0.059, 273.041, 0.047, 234.069, 0.015,
039-psn07ABABa1, 8.789420, 0.00208295867769, 323.525, 0.056, -157.395, 0.08, 242.748, 0.067, -155.305, 0.078, 214.619, 0.045, 183.88, 0.014, 246.2, 0.073, 312.241, 0.025, 249.501, 0.08, -154.659, 0.076, 262.632, 0.097, 211.291, 0.028,
039-psn07ABABb1, 9.250460, 0.000541884297521, 301.244, 0.014, 234.359, 0.069, 205.82, 0.015, 235.543, 0.058, 182.095, 0.016, 210.066, 0.043, 182.661, 0.017, 245.044, 0.063, 205.076, 0.016, 244.841, 0.051, 188.454, 0.017, 224.437, 0.054,
039-psn07ABBAa1, 8.724900, 0.000465355371901, 238.607, 0.047, -168.126, 0.076, 165.713, 0.016, 228.671, 0.079, 220.723, 0.075, 202.781, 0.016, 198.926, 0.014, 231.193, 0.089, 261.817, 0.075, -168.045, 0.075, 185.803, 0.014, 181.641, 0.031,
039-psn07ABBAb1, 9.136630, 0.000799355371901, 235.948, 0.019, 258.572, 0.069, 263.364, 0.083, 176.825, 0.016, 190.804, 0.017, 184.315, 0.103, 208.329, 0.038, -163.558, 0.017, 204.869, 0.016, 221.672, 0.071, 244.528, 0.06, -153.528, 0.062,
039-psn08ABABa1, 8.757840, 0.000648694214876, 221.276, 0.046, -141.358, 0.077, 218.335, 0.05, 180.921, 0.015, 232.54, 0.054, -145.069, 0.013, 153.271, 0.005, 205.703, 0.017, 234.332, 0.062, 181.186, 0.016, 163.544, 0.035, 177.559, 0.017,
039-psn08ABABb1, 8.910400, 0.000346909090909, 223.312, 0.016, 222, 0.051, 184.083, 0.019, 235.227, 0.058, 209.32, 0.015, 245.571, 0.046, 213.652, 0.016, 232.403, 0.04, 201.228, 0.017, 292.295, 0.052, 196.46, 0.015, 234.94, 0.042,
039-psn08ABBAa1, 8.764940, 0.000262561983471, 233.828, 0.053, 169.202, 0.015, 218.934, 0.016, 239.186, 0.071, 189.884, 0.02, 187.754, 0.017, 191.813, 0.012, 249.525, 0.065, 230.129, 0.062, 203.353, 0.013, 189.493, 0.014, 236.135, 0.055,
039-psn08ABBAb1, 8.974590, 0.000189338842975, 239.02, 0.017, 238.561, 0.051, 244.076, 0.077, 201.738, 0.011, 179.632, 0.012, 258.394, 0.073, 246.239, 0.063, 194.692, 0.016, 215.587, 0.012, 259.927, 0.06, 225.698, 0.053, 173.045, 0.011,
039-psn09ABABa1, 9.742530, 0.000167173553719, 298.497, 0.043, 254.332, 0.019, 280.67, 0.061, 256.532, 0.019, 267.87, 0.071, 252.32, 0.025, 291.35, 0.071, 260.777, 0.024, 265.319, 0.068, 237.097, 0.022, 252.052, 0.06, 265.838, 0.037,
039-psn09ABABb1, 12.282300, 0.0129885619835, 120.85, 0.052, 100.712, 0.005, 240.621, 0.023, 249.715, 0.057, 242.748, 0.027, 257.291, 0.07, 246.58, 0.031, 284.161, 0.087, 274.382, 0.027, 103.509, 0.056, 204.156, 0.076, 111.278, 0.031,
039-psn09ABBAa1, 9.435780, 0.000708628099174, 279.725, 0.059, 229.881, 0.02, 259.534, 0.051, 261.698, 0.06, 259.142, 0.056, 246.23, 0.018, 208.255, 0.02, 292.822, 0.073, 252.302, 0.028, 252.076, 0.019, 259.931, 0.039, 286.341, 0.08,
039-psn09ABBAb1, 9.534530, 0.000332776859504, 270.7, 0.024, 292.487, 0.089, 281.839, 0.064, 266.656, 0.024, 239.641, 0.021, 270.88, 0.062, 272.3, 0.061, 247.551, 0.022, 249.192, 0.028, 251.169, 0.06, 242.869, 0.056, 197.704, 0.027,
039-psn10ABABa1, 8.703330, 0.00111105785124, 233.432, 0.051, 219.379, 0.024, 229.45, 0.042, 209.523, 0.025, 262.452, 0.07, 231.414, 0.029, 259.305, 0.072, 233.033, 0.028, 339.478, 0.067, 215.229, 0.029, 239.355, 0.065, 265.898, 0.055,
039-psn10ABABb1, 9.619630, 0.00146887603306, 248.97, 0.024, 284.882, 0.079, 212.025, 0.02, 259.479, 0.075, 249.973, 0.034, 300.727, 0.064, 281.502, 0.024, 317.904, 0.124, 272.16, 0.037, 306.367, 0.086, 298, 0.034, 281.369, 0.051,
039-psn10ABBAa1, 8.341370, 0.000958958677686, 247.052, 0.047, 266.355, 0.031, 253.092, 0.028, 237.73, 0.066, 301.322, 0.076, 240.156, 0.033, 220.294, 0.026, 203.316, 0.073, 272.574, 0.075, 238.252, 0.023, 242.115, 0.019, 242.353, 0.065,
039-psn10ABBAb1, 7.951160, 0.000125140495868, 256.064, 0.024, 258.578, 0.063, 213.09, 0.063, 224.308, 0.03, 228.647, 0.025, 248.893, 0.066, 235.615, 0.039, 232.127, 0.032, 207.376, 0.034, 229.316, 0.071, 257.965, 0.036, 235.589, 0.033,
039-psn11ABABa1, 8.809180, 0.000650958677686, 327.06, 0.059, 237.237, 0.03, 239.293, 0.089, 219.346, 0.026, 258.773, 0.065, 260.984, 0.028, 244.203, 0.05, 223.987, 0.03, 289.052, 0.063, 258.731, 0.039, 305.26, 0.066, 296.603, 0.026,
039-psn11ABABb1, 9.289250, 0.000640512396694, 217.456, 0.037, 242.793, 0.068, 281.988, 0.028, 305.173, 0.067, 280.737, 0.029, 285.335, 0.056, 256.201, 0.027, 251.718, 0.066, 211.985, 0.036, 283.584, 0.038, 292.756, 0.036, 330.194, 0.065,
039-psn11ABBAa1, 9.119660, 0.00168347107438, 226.437, 0.006, 221.888, 0.021, 209.518, 0.078, 254.646, 0.057, 250.81, 0.058, 225.99, 0.034, 227.406, 0.065, 247.242, 0.063, 188.854, 0.069, 231.418, 0.021, 314.132, 0.021, 185.882, 0.04,
039-psn11ABBAb1, 9.307320, 0.000614743801653, 194.916, 0.024, 234.361, 0.063, 243.651, 0.048, 157.097, 0.005, 262.929, 0.029, 228.496, 0.06, 257.629, 0.07, 190.309, 0.031, 181.265, 0.023, 245.559, 0.058, 197.223, 0.03, 162.122, 0.027,
039-psn12ABABa1, 9.435480, 0.000633504132231, 285.319, 0.053, -134.904, 0.082, 238.771, 0.05, -153.007, 0.069, 263.856, 0.062, 197.398, 0.032, 248.664, 0.061, -152.3, 0.018, 229.863, 0.04, 201.558, 0.026, 272.096, 0.079, 191.107, 0.032,
039-psn12ABABb1, 8.867760, 0.000298776859504, 270.465, 0.029, 232.343, 0.056, -153.753, 0.025, 231.949, 0.054, 226.822, 0.034, 243.92, 0.051, 224.946, 0.023, 246.005, 0.063, 198.428, 0.035, 263.786, 0.081, 227.618, 0.029, 238.383, 0.065,
039-psn12ABBAa1, 9.389620, 0.000212628099174, 249.156, 0.053, 184.901, 0.023, 179.664, 0.023, 240.1, 0.07, 256.573, 0.07, 185.502, 0.022, -138.96, 0.019, 244.611, 0.057, -148.575, 0.036, 211.414, 0.026, -158.555, 0.031, 246.289, 0.04,
039-psn12ABBAb1, 9.340220, 0.000424809917355, 231.55, 0.025, 235.651, 0.063, 239.612, 0.064, 176.279, 0.019, 231.544, 0.061, 228.165, 0.046, 191.211, 0.025, 270.629, 0.092, 223.861, 0.024, 245.723, 0.061, 269.423, 0.061, -133.398, 0.06,
