024-pdm01ABABa1, 9.649700, 0.000466975206612, 202.079, 0.015, 265.103, 0.052, 270.521, 0.027, 260.681, 0.061, 253.657, 0.019, 244.375, 0.078, 266.542, 0.022, 233.975, 0.066, 248.561, 0.02, 255.757, 0.067, 278.58, 0.015, 253.375, 0.064,
024-pdm01ABABb1, 9.641190, 0.000194727272727, 282.879, 0.051, 260.781, 0.017, 261.615, 0.081, 226.466, 0.022, 225.334, 0.083, 245.464, 0.016, 247.724, 0.075, 258.177, 0.017, 256.966, 0.08, 240.335, 0.022, 280.139, 0.087, 247.022, 0.021,
024-pdm01ABBAa1, 9.454950, 0.000437719008264, 232.067, 0.016, 239.93, 0.068, 257.022, 0.069, 280.675, 0.014, 221.534, 0.025, 256.867, 0.096, 267.774, 0.084, 264.92, 0.018, 257.065, 0.02, 223.058, 0.062, 270.768, 0.086, 256.428, 0.015,
024-pdm01ABBAb1, 7.976470, 0.000173636363636, 145.544, 0.108, 193.951, 0.016, 207.529, 0.017, 256.332, 0.079, 280.277, 0.076, 198.467, 0.017, 228.172, 0.014, 256.3, 0.071, 278.39, 0.076, 228.848, 0.012, 271.742, 0.014, 189.249, 0.077,
024-pdm02ABABa1, 9.884980, 0.00043479338843, 196.872, 0.012, 232.884, 0.051, 189.526, 0.016, 255.773, 0.044, 233.647, 0.021, 245.702, 0.058, 213.446, 0.017, 204.127, 0.09, 231.018, 0.023, 250.475, 0.055, 247.259, 0.02, 293.928, 0.06,
024-pdm02ABABb1, 9.482690, 0.000263338842975, 167.597, 0.059, 233.986, 0.013, 252.004, 0.043, 248.699, 0.013, 220.768, 0.052, 241.894, 0.016, 252.353, 0.049, 244.139, 0.017, 241.818, 0.045, 258.198, 0.017, 264.687, 0.045, 231.407, 0.017,
024-pdm02ABBAa1, 10.025900, 0.000146925619835, 220.89, 0.009, 261.372, 0.07, 246.778, 0.047, 222.048, 0.019, 258.616, 0.014, 252.668, 0.04, 247.194, 0.031, 257.25, 0.013, 244.795, 0.014, 282.655, 0.047, 279.844, 0.04, 235.858, 0.014,
024-pdm02ABBAb1, 9.128120, 0.000455702479339, 230.576, 0.053, 237.937, 0.015, 259.447, 0.015, 242.55, 0.06, 263.522, 0.043, 218.263, 0.015, 260.023, 0.014, 280.578, 0.045, 283.263, 0.044, 228.16, 0.015, 246.406, 0.015, 247.069, 0.049,
024-pdm03ABABa1, 8.628540, 0.00168838016529, 166.001, 0.012, 290.132, 0.053, 239.468, 0.007, 280.982, 0.05, 155.762, 0.163, 277.746, 0.046, 207.017, 0.017, 286.369, 0.052, 188.028, 0.014, 289.625, 0.059, 213.739, 0.014, 280.167, 0.062,
024-pdm03ABABb1, 8.764410, 0.00258423140496, 227.553, 0.257, 276.353, 0.012, 238.195, 0.053, 184.978, 0.183, 249.834, 0.07, 279.168, 0.027, 277.426, 0.072, 241.676, 0.018, 286.146, 0.041, 241.356, 0.019, 252.943, 0.046, 243.079, 0.024,
024-pdm03ABBAa1, 8.954630, 0.00071932231405, 229.276, 0.173, 301.646, 0.051, 274.701, 0.056, 255.668, 0.012, 261.536, 0.012, 266.915, 0.048, 306.447, 0.048, 290.72, 0.011, 236.368, 0.026, 268.453, 0.045, 300.941, 0.045, 257.548, 0.015,
024-pdm03ABBAb1, 9.642810, 0.00143915702479, 226.634, 0.061, 222.697, 0.019, 195.19, 0.017, 270.401, 0.064, 303.578, 0.067, 222.679, 0.016, 210.331, 0.016, 267.622, 0.072, 308.096, 0.07, 226.494, 0.016, 195.823, 0.038, 293.286, 0.064,
024-pdm04ABABa1, 9.582760, 0.000247652892562, 276.853, 0.025, 236.449, 0.054, 239.354, 0.019, 212.978, 0.052, 248.3, 0.014, 247.92, 0.056, 267.83, 0.014, 236.779, 0.063, 222.397, 0.017, 242.448, 0.066, 232.819, 0.018, 244.07, 0.057,
024-pdm04ABABb1, 9.795430, 0.00171687603306, 245.811, 0.057, 236.254, 0.014, 194.556, 0.074, 227.4, 0.014, 243.008, 0.067, 188.838, 0.014, 200.76, 0.047, 253.666, 0.05, 256.592, 0.024, 244.904, 0.04, 181.307, 0.029, 208.024, 0.013,
024-pdm04ABBAa1, 10.052200, 0.000593636363636, 222.61, 0.016, 243.787, 0.07, 205.156, 0.065, 247.317, 0.014, 230.506, 0.016, 217.673, 0.062, 198.095, 0.059, 174.424, 0.014, 244.22, 0.015, 229.769, 0.069, 245.835, 0.063, 223.198, 0.015,
024-pdm04ABBAb1, 9.811240, 0.00050641322314, 226.46, 0.072, 193.544, 0.014, 199.954, 0.014, 191.909, 0.07, 215.702, 0.054, 210.4, 0.015, 230.249, 0.016, 237.733, 0.061, 242.048, 0.016, 214.316, 0.052, 226.409, 0.063, 180.929, 0.044,
024-pdm05ABABa1, 9.663310, 0.000144991735537, 218.118, 0.017, 237.228, 0.05, 175.229, 0.018, 216.494, 0.054, 194.977, 0.018, 233.964, 0.096, 210.811, 0.021, 257.537, 0.071, 210.509, 0.031, 211.523, 0.05, 204.159, 0.019, 243.619, 0.062,
024-pdm05ABABb1, 9.840690, 0.000523090909091, 244.308, 0.071, 213.558, 0.015, 237.183, 0.096, 191.462, 0.022, 247.48, 0.074, 181.691, 0.019, 224.237, 0.069, 189.619, 0.016, 230.135, 0.073, 181.191, 0.026, 218.094, 0.066, 188.922, 0.026,
024-pdm05ABBAa1, 9.671470, 0.000214611570248, 231.189, 0.02, 273.419, 0.081, 258.513, 0.081, 204.119, 0.02, 243.722, 0.015, 251.788, 0.072, 215.9, 0.077, 188.51, 0.022, 225.167, 0.022, 255.568, 0.047, 245.389, 0.082, 188.719, 0.024,
024-pdm05ABBAb1, 9.093830, 0.000584512396694, 289.903, 0.095, -176.739, 0.01, 178.423, 0.023, 223.285, 0.073, 215.748, 0.089, 182.8, 0.016, 195.198, 0.023, 229.717, 0.096, 237.221, 0.05, 204.622, 0.014, 185.154, 0.015, 205.867, 0.069,
024-pdm06ABABa1, 8.664900, 0.000490380165289, 184.028, 0.005, 272.799, 0.079, 185.318, 0.021, 238.789, 0.073, 191.343, 0.02, 245.861, 0.073, 200.332, 0.025, 245.716, 0.052, 264.608, 0.015, 208.448, 0.06, 234.527, 0.014, 255.209, 0.06,
024-pdm06ABABb1, 8.647120, 0.000257355371901, 263.165, 0.064, 246.806, 0.018, 239.969, 0.066, 207.451, 0.033, 221.075, 0.065, 191.853, 0.036, 232.297, 0.071, 223.215, 0.033, 225.055, 0.071, 205.944, 0.018, 265.909, 0.072, 247.188, 0.024,
024-pdm06ABBAa1, 8.982250, 0.00109, 235.939, 0.02, 244.756, 0.067, 243.875, 0.061, 185.719, 0.014, 216.715, 0.014, 227.389, 0.069, 208.708, 0.064, 181.873, 0.028, 203.037, 0.023, 271.719, 0.092, 242.52, 0.065, 234.081, 0.031,
024-pdm06ABBAb1, 9.267390, 0.000537239669421, 212.756, 0.081, 177.819, 0.016, 186.532, 0.013, 242.591, 0.089, 231.139, 0.065, 214.964, 0.016, 195.129, 0.022, 276.958, 0.084, 160.81, 0.073, 206.477, 0.02, 212.765, 0.017, 245.387, 0.082,
024-pdm07ABABa1, 9.706700, 0.00189370247934, 159.305, 0.006, 286.762, 0.045, 269.889, 0.016, 296.174, 0.059, 287.308, 0.013, 325.293, 0.063, 208.527, 0.099, 290.574, 0.065, 200.343, 0.186, 277.67, 0.064, 263.577, 0.015, 273.106, 0.082,
024-pdm07ABABb1, 9.677340, 0.000614148760331, 271.13, 0.073, 309.641, 0.015, 301.814, 0.067, 339.339, 0.015, 286.56, 0.067, 315.92, 0.018, 215.872, 0.08, 316.968, 0.017, 314.457, 0.066, 320.767, 0.015, 220.815, 0.087, 165.463, 0.102,
024-pdm07ABBAa1, 8.483540, 0.000678595041322, 169.734, 0.297, 291.865, 0.074, 268.613, 0.018, 275.564, 0.016, 268.557, 0.063, 285.332, 0.062, 280.961, 0.013, 222.437, 0.135, 261.763, 0.062, 294.871, 0.07, 187.321, 0.011, 174.514, 0.053,
024-pdm07ABBAb1, 9.803420, 0.000499520661157, 194.891, 0.084, 302.623, 0.015, 294.251, 0.015, 255.873, 0.072, 290.938, 0.047, 314.977, 0.017, 302.525, 0.015, 221.02, 0.07, 243.984, 0.089, 293.161, 0.018, 268.006, 0.015, 264.983, 0.062,
024-pdm08ABABa1, 8.737770, 0.000530628099174, 225.254, 0.026, 240.868, 0.093, 222.608, 0.028, 218.274, 0.099, 214.075, 0.027, 209.063, 0.095, 199.68, 0.031, 226.062, 0.071, 188.042, 0.031, 235.657, 0.068, 171.152, 0.035, 234.423, 0.095,
024-pdm08ABABb1, 8.183120, 0.000316198347107, 240.537, 0.075, -147.636, 0.079, 211.106, 0.072, -137.899, 0.07, 229.04, 0.079, -161.081, 0.071, 196.817, 0.083, 188.262, 0.024, 197.428, 0.092, -146.457, 0.064, 212.34, 0.074, 206.853, 0.03,
024-pdm08ABBAa1, 8.120190, 0.000217338842975, 287.109, 0.024, 219.063, 0.08, 257.718, 0.092, 230.684, 0.025, 211.157, 0.026, 247.045, 0.097, 215.686, 0.091, 226.629, 0.033, 267.293, 0.023, 249.823, 0.089, 194.306, 0.095, 222.209, 0.026,
024-pdm08ABBAb1, 8.473400, 0.000292231404959, 268.771, 0.075, 189.675, 0.018, -143.003, 0.076, 203.402, 0.088, 235.237, 0.1, 201.66, 0.036, 223.744, 0.036, 240.554, 0.091, 266.49, 0.093, 189.738, 0.027, -174.008, 0.028, 228.599, 0.08,
024-pdm09ABABa1, 8.955900, 0.000224743801653, 295.092, 0.023, 240.249, 0.072, 251.49, 0.027, 263.863, 0.058, 262.426, 0.03, 240.446, 0.058, 244.998, 0.028, 267.311, 0.072, 251.927, 0.03, 285.189, 0.062, 257.953, 0.031, 280.294, 0.078,
024-pdm09ABABb1, 8.448470, 0.000762247933884, 252.618, 0.072, 225.279, 0.037, 273.425, 0.052, 265.539, 0.024, 193.381, 0.058, 226.078, 0.027, 206.744, 0.047, 220.255, 0.036, 248.026, 0.049, 217.498, 0.034, 268.986, 0.044, 259.914, 0.03,
024-pdm09ABBAa1, 9.282550, 0.00027626446281, 226.703, 0.019, 220.295, 0.06, 213.494, 0.047, 222.979, 0.015, 221.378, 0.016, 245.825, 0.062, 250.748, 0.07, 174.806, 0.015, -211.751, 0.074, 220.275, 0.079, 261.161, 0.078, 235.171, 0.03,
024-pdm09ABBAb1, 9.308300, 0.000591157024793, 273.875, 0.092, 259.43, 0.033, 263.627, 0.031, 265.439, 0.075, 282.587, 0.069, 252.205, 0.03, 207.049, 0.019, 275.659, 0.068, 243.553, 0.074, 243.165, 0.027, 266.981, 0.036, 243.911, 0.074,
024-pdm10ABABa1, 8.549920, 8.73553719008e-05, 224.944, 0.018, 237.252, 0.092, 196.646, 0.025, 216.849, 0.092, 214.701, 0.025, 176.234, 0.085, 191.407, 0.005, 195.172, 0.078, 166.282, 0.034, 221.436, 0.131, 203.785, 0.028, 223.755, 0.075,
024-pdm10ABABb1, 8.524330, 0.000131537190083, 261.742, 0.086, 207.917, 0.027, 269.635, 0.097, 230.854, 0.031, 265.419, 0.096, 226.182, 0.028, 268.275, 0.094, 197.259, 0.034, 256.788, 0.09, 168.626, 0.032, 235.45, 0.108, 203.152, 0.031,
024-pdm10ABBAa1, 8.606640, 0.000185157024793, 191.609, 0.03, 250.352, 0.09, 186.986, 0.088, 204.175, 0.032, 251.849, 0.028, 248.909, 0.081, 226.359, 0.079, 221.495, 0.024, 242.787, 0.027, 201.428, 0.08, 209.459, 0.078, 208.166, 0.029,
024-pdm10ABBAb1, 8.522270, 0.000446776859504, 252.719, 0.093, 218.026, 0.027, 186.844, 0.029, 223.313, 0.085, 241.239, 0.095, 146.288, 0.032, -161.041, 0.053, 197.993, 0.08, 208.536, 0.072, 180.682, 0.034, 177.442, 0.031, 215.903, 0.083,
024-pdm11ABABa1, 8.376500, 0.00344092561983, 127.263, 0.005, -167.481, 0.005, 238.188, 0.188, 315.01, 0.077, 329.392, 0.021, 291.501, 0.076, 222.952, 0.126, 337.513, 0.062, 310.944, 0.034, 299.54, 0.074, 261.116, 0.125, 325.084, 0.076,
024-pdm11ABABb1, 9.074730, 0.000953537190083, 266.272, 0.075, 305.951, 0.036, 309.225, 0.087, 292.035, 0.04, 307.235, 0.071, 311.487, 0.037, 258.459, 0.09, 315.358, 0.029, 288.634, 0.048, 302.906, 0.033, 216.065, 0.051, 264.101, 0.035,
024-pdm11ABBAa1, 8.694060, 0.0010538677686, 225.393, 0.032, 278.936, 0.074, 272.844, 0.087, 242.204, 0.03, 240.224, 0.206, 291.323, 0.082, 245.731, 0.179, 212.692, 0.03, 259.692, 0.208, 255.103, 0.085, 276.829, 0.089, 236.338, 0.028,
024-pdm11ABBAb1, 8.636410, 0.000827090909091, 269.459, 0.089, 270.193, 0.03, 252.822, 0.037, 288.078, 0.083, 323.754, 0.244, 282.595, 0.035, 274.154, 0.046, 200.837, 0.099, 296.115, 0.084, 287.642, 0.038, 293.279, 0.04, 251.595, 0.083,
024-pdm12ABABa1, 8.275810, 0.000187652892562, 226.427, 0.038, 194.165, 0.073, 235.968, 0.033, 249.566, 0.081, 168.649, 0.036, 215.866, 0.082, -185.778, 0.005, 199.431, 0.07, 232.828, 0.031, 210.883, 0.068, 192.52, 0.032, 207.526, 0.095,
024-pdm12ABABb1, 8.799290, 0.000223107438017, 251.089, 0.097, 191.538, 0.036, 220.463, 0.087, 177.89, 0.031, 202.882, 0.074, 162.933, 0.042, 203.065, 0.089, 176.771, 0.032, 223.592, 0.084, 182.455, 0.032, 252.261, 0.093, 209.796, 0.041,
024-pdm12ABBAa1, 7.919270, 0.00165547107438, 196.553, 0.024, 191.165, 0.085, 231.747, 0.005, 210.346, 0.023, 215.996, 0.026, 236.744, 0.076, 239.962, 0.115, 209.446, 0.025, 224.837, 0.025, 227.271, 0.064, 178.509, 0.084, 170.255, 0.027,
024-pdm12ABBAb1, 8.328380, 0.000261520661157, 240.751, 0.096, 222.835, 0.03, 195.158, 0.027, 209.436, 0.079, 275.551, 0.089, 201.42, 0.027, 173.503, 0.035, 206.318, 0.083, 184.799, 0.005, 208.818, 0.035, 205.669, 0.035, 269.245, 0.095,
024-pdn01ABABa1, 8.280850, 0.000674512396694, 212.598, 0.017, 196.811, 0.063, 206.224, 0.024, 115.363, 0.093, 220.957, 0.016, 214.309, 0.072, 199.75, 0.025, 211.123, 0.093, 217.862, 0.023, 213.67, 0.083, 178.587, 0.022, 139.7, 0.088,
024-pdn01ABABb1, 8.898820, 0.000109603305785, 222.324, 0.057, 177.999, 0.017, 184.854, 0.077, -150.371, 0.083, 200.913, 0.075, -160.029, 0.076, 213.173, 0.071, -160.392, 0.055, 197.423, 0.076, 149.123, 0.032, 217.372, 0.074, 204.092, 0.029,
024-pdn01ABBAa1, 8.796910, 0.000113289256198, -187.419, 0.078, 215.44, 0.086, 195.208, 0.068, 199.43, 0.013, -174.715, 0.073, 228.912, 0.085, 172.157, 0.055, 229.113, 0.014, 191.437, 0.012, 205.968, 0.087, 198.133, 0.072, 209.287, 0.013,
024-pdn01ABBAb1, 9.174760, 0.000566413223141, 230.837, 0.081, 159.704, 0.014, 221.581, 0.013, 230.946, 0.075, 175.09, 0.075, 217.477, 0.018, 204.531, 0.02, 239.411, 0.088, 188.874, 0.153, 179.641, 0.013, 225.094, 0.014, 233.652, 0.079,
024-pdn02ABABa1, 8.357520, 0.00243051239669, 170.29, 0.021, 208.608, 0.065, 184.22, 0.018, -160.39, 0.136, 200.545, 0.017, 239.065, 0.077, 194.045, 0.017, 232.12, 0.076, 91.7337, 0.07, 166.696, 0.046, 182.399, 0.017, 237.735, 0.072,
024-pdn02ABABb1, 9.081270, 8.12396694215e-05, 223.448, 0.062, -142.8, 0.067, 206.899, 0.075, -138.997, 0.085, -171.019, 0.06, -144.549, 0.081, 168.127, 0.055, -140.373, 0.085, 199.377, 0.07, -154.13, 0.06, -167.821, 0.077, 175.816, 0.023,
024-pdn02ABBAa1, 8.293640, 0.000277785123967, 182.019, 0.017, 212.143, 0.067, 198.337, 0.06, 196.217, 0.014, 189.212, 0.014, 235.108, 0.091, 238.515, 0.069, 231.494, 0.015, 204.506, 0.015, 201.329, 0.063, 220.74, 0.062, 198.575, 0.015,
024-pdn02ABBAb1, 8.468670, 0.00134623140496, 259.723, 0.081, 189.938, 0.012, -125.401, 0.072, 257.743, 0.083, 165.31, 0.131, 149.763, 0.015, 182.447, 0.015, 242.431, 0.075, 202.621, 0.057, 175.497, 0.02, 212.455, 0.017, 236.885, 0.075,
024-pdn03ABABa1, 9.223940, 0.000214247933884, 224.717, 0.016, 219.007, 0.066, 253.567, 0.009, 237.572, 0.082, 216.253, 0.016, 271.592, 0.075, 266.904, 0.021, 275.244, 0.066, 266.515, 0.015, 291.341, 0.067, 267.947, 0.013, 278.36, 0.084,
024-pdn03ABABb1, 9.201450, 0.000379900826446, 250.375, 0.055, 232.847, 0.013, 257.598, 0.082, 249.316, 0.015, 254.774, 0.072, 261.858, 0.009, 281.488, 0.057, 248.523, 0.016, 279.197, 0.058, 251.526, 0.015, 252.747, 0.063, 246.312, 0.016,
024-pdn03ABBAa1, 9.358550, 0.000153685950413, 199.146, 0.012, 249.412, 0.078, 221.415, 0.054, 232.719, 0.009, 207.043, 0.011, 266.498, 0.071, 225.451, 0.064, 209.84, 0.012, 228.157, 0.008, 227.809, 0.078, -187.301, 0.066, 238.488, 0.013,
024-pdn03ABBAb1, 8.845080, 0.00120123966942, 189.929, 0.054, 154.072, 0.012, 244.582, 0.013, 220.522, 0.048, 190.016, 0.137, 186.927, 0.012, 215.998, 0.012, 256.49, 0.049, 218.068, 0.062, 235.793, 0.013, 266.476, 0.014, 267.044, 0.06,
024-pdn04ABABa1, 7.923600, 0.00106788429752, 176.488, 0.013, 288.392, 0.053, 249.159, 0.019, 293.12, 0.055, 186.783, 0.178, 280.902, 0.051, 243.67, 0.026, 277.939, 0.057, 227.578, 0.173, 297.155, 0.066, 295.819, 0.016, 205.162, 0.067,
024-pdn04ABABb1, 12.552100, 0.00694950413223, 243.864, 0.064, 192.046, 0.181, 184.939, 0.005, 167.942, 0.005, 278.655, 0.024, 159.403, 0.016, 124.197, 0.005, 155.159, 0.005, 125.155, 0.089, 222.389, 0.017, 128.761, 0.03, 171.566, 0.052,
024-pdn04ABBAa1, 6.454860, 0.0161629917355, 209.712, 0.016, 266.66, 0.083, 272.91, 0.076, 241.896, 0.013, 261.865, 0.013, 263.505, 0.076, 272.731, 0.057, 209.941, 0.015, -228.041, 0.079, 258.763, 0.065, 278.431, 0.063, 184.371, 0.169,
024-pdn04ABBAb1, 8.463840, 0.00131874380165, -137.207, 0.005, 217.583, 0.048, 210.679, 0.016, 262.032, 0.049, 289.386, 0.054, 261.171, 0.017, 260.77, 0.015, 271.15, 0.048, 268.908, 0.154, 306.316, 0.033, 293.52, 0.037, 185.042, 0.041,
024-pdn05ABABa1, 9.526440, 0.00026, 260.568, 0.017, 247.169, 0.061, 194.786, 0.023, 260.853, 0.071, 211.504, 0.022, 248.153, 0.053, 236.38, 0.03, 214.726, 0.041, 236.406, 0.015, 245.697, 0.047, 195.139, 0.016, 194.707, 0.062,
024-pdn05ABABb1, 9.989230, 0.000165785123967, 278.693, 0.07, 220.763, 0.012, 282.31, 0.084, 214.554, 0.021, 184.505, 0.091, 198.33, 0.02, 238.086, 0.097, 201.707, 0.021, 276.842, 0.08, 240.417, 0.014, 145.783, 0.076, 232.797, 0.018,
024-pdn05ABBAa1, 9.950780, 0.000112446280992, 211.498, 0.015, 245.817, 0.062, 245.694, 0.072, 224.087, 0.017, 224.129, 0.021, 260.077, 0.076, 244.978, 0.071, 195.901, 0.02, 260.888, 0.018, 267.573, 0.074, 265.467, 0.069, 239.494, 0.021,
024-pdn05ABBAb1, 9.499380, 0.000625884297521, 206.206, 0.082, 232.086, 0.024, 250.699, 0.019, 228.384, 0.093, 230.375, 0.093, 207.453, 0.015, 222.373, 0.049, 232.492, 0.079, 206.682, 0.072, 212.936, 0.021, 225.17, 0.013, 233.526, 0.083,
024-pdn06ABABa1, 8.999840, 0.000545834710744, 194.335, 0.017, 296.341, 0.032, 289.598, 0.015, 303.269, 0.035, 267.012, 0.017, 333.295, 0.047, 255.432, 0.019, 310.707, 0.049, 250.745, 0.02, 303.052, 0.057, 290.223, 0.017, 301.062, 0.048,
024-pdn06ABABb1, 9.237660, 0.000663785123967, 213.059, 0.061, 308.888, 0.014, 300.99, 0.061, 254.046, 0.022, 227.492, 0.069, 305.926, 0.03, 305.096, 0.055, 279.592, 0.019, 310.671, 0.065, 301.512, 0.019, 332.336, 0.07, 254.838, 0.017,
024-pdn06ABBAa1, 8.221800, 0.000850049586777, 148.405, 0.385, 280.095, 0.044, 250.517, 0.012, 271.461, 0.024, 214.262, 0.08, 322.79, 0.076, 253.896, 0.019, 293.837, 0.016, 258.533, 0.071, 272.803, 0.06, 235.477, 0.013, 172.231, 0.061,
024-pdn06ABBAb1, 9.251270, 0.00196674380165, 160.249, 0.005, 289.313, 0.021, 291.706, 0.016, 323.133, 0.05, 303.177, 0.057, 266.436, 0.015, 279.884, 0.014, 289.369, 0.069, 294.49, 0.059, 305.333, 0.017, 273.63, 0.016, 262.413, 0.065,
024-pdn07ABABa1, 8.884950, 0.000187272727273, 264.864, 0.019, 196.571, 0.067, 186.073, 0.017, 218.234, 0.069, 196.008, 0.021, 230.431, 0.104, 200.998, 0.013, 241.1, 0.079, 188.91, 0.022, 209.525, 0.063, 188.905, 0.02, 214.243, 0.081,
024-pdn07ABABb1, 8.442490, 0.000418380165289, 265.343, 0.075, 205.776, 0.016, 226.427, 0.081, -169.771, 0.012, 234.847, 0.083, -159.599, 0.071, 202.711, 0.084, -185.75, 0.01, 238.09, 0.104, 193.019, 0.025, 228.114, 0.09, 180.743, 0.02,
024-pdn07ABBAa1, 8.487330, 0.000364231404959, 238.059, 0.03, 190.479, 0.04, 236.662, 0.076, 166.251, 0.015, 222.119, 0.021, 200.678, 0.069, 207.008, 0.076, -148.726, 0.005, 242.803, 0.02, 203.346, 0.084, 204.645, 0.076, 163.322, 0.015,
024-pdn07ABBAb1, 8.514610, 0.00036347107438, 308.113, 0.098, -156.026, 0.011, -152.35, 0.005, 160.595, 0.087, 186.025, 0.091, 215.593, 0.013, -159.603, 0.014, 160.605, 0.079, 242.877, 0.077, -146.123, 0.074, -165.456, 0.008, 189.489, 0.039,
024-pdn08ABABa1, 9.519760, 0.000106743801653, 284.085, 0.019, 256.002, 0.044, 275.6, 0.022, 287.582, 0.059, 269.09, 0.024, 222.629, 0.055, 297.219, 0.028, 282.699, 0.066, 301.371, 0.024, 272.912, 0.052, 276.893, 0.031, 295.053, 0.074,
024-pdn08ABABb1, 8.866210, 0.00110426446281, 237.208, 0.047, 265.534, 0.026, 268.039, 0.046, 228.498, 0.022, 265.616, 0.052, 273.015, 0.033, 283.083, 0.05, 264.729, 0.028, 232.182, 0.055, 296.085, 0.02, 239.721, 0.062, 247.159, 0.025,
024-pdn08ABBAa1, 9.558530, 0.000146975206612, 240.388, 0.026, 295.45, 0.076, 280.521, 0.06, 263.855, 0.018, 272.33, 0.019, 296.68, 0.071, 280.764, 0.063, 267.36, 0.023, 268.318, 0.029, 258.91, 0.058, 283.868, 0.069, 250.702, 0.018,
024-pdn08ABBAb1, 9.537880, 0.000243719008264, 292.957, 0.049, 258.472, 0.021, 243.19, 0.02, 255.494, 0.076, 268.953, 0.065, 255.142, 0.022, 265.306, 0.018, 303.468, 0.056, 265.561, 0.061, 268.391, 0.029, 278.631, 0.023, 274.234, 0.048,
024-pdn09ABABa1, 9.802530, 0.000105884297521, 247.527, 0.032, 257.428, 0.052, 239.303, 0.029, 262.457, 0.092, 214.534, 0.034, 262.615, 0.061, 229.797, 0.028, 238.933, 0.06, 248.868, 0.028, 259.611, 0.082, 202.697, 0.025, 184.365, 0.039,
024-pdn09ABABb1, 9.129840, 0.00054841322314, 290.374, 0.071, 222.134, 0.024, 241.969, 0.086, 239.515, 0.035, 254.165, 0.081, 204.565, 0.036, 228.615, 0.094, 259.157, 0.028, 256.873, 0.076, 220.965, 0.035, 245.915, 0.079, 203.541, 0.025,
024-pdn09ABBAa1, 9.686790, 0.000405090909091, 239.221, 0.028, 263.045, 0.075, 244.577, 0.071, 232.95, 0.016, 230.348, 0.023, 219.161, 0.085, 224.166, 0.079, 225.536, 0.019, 225.807, 0.021, 238.803, 0.08, 279.146, 0.086, 236.812, 0.025,
024-pdn09ABBAb1, 9.583280, 0.000308231404959, 257.233, 0.09, 238.745, 0.022, 237.89, 0.022, 227.559, 0.062, 185.935, 0.076, 201.565, 0.022, 213.501, 0.025, 235.141, 0.069, 264.02, 0.074, 227.846, 0.027, 223.027, 0.005, 213.982, 0.084,
024-pdn10ABABa1, 10.093400, 0.000221289256198, 202.685, 0.029, 261.847, 0.071, 224.74, 0.038, 262.099, 0.101, 258.241, 0.036, 213.556, 0.08, 294.669, 0.034, 256.644, 0.084, 254.18, 0.04, 211.147, 0.062, 261.569, 0.025, 206.19, 0.078,
024-pdn10ABABb1, 9.647150, 0.00062332231405, 226.392, 0.205, 264.256, 0.034, 267.564, 0.099, 203.108, 0.044, 255.873, 0.086, 227.623, 0.033, 254.642, 0.096, 247.548, 0.028, 258.554, 0.091, 241.003, 0.034, 254.881, 0.095, 216.572, 0.031,
024-pdn10ABBAa1, 9.835290, 0.000862628099174, 335.442, 0.027, 279.124, 0.087, 249.074, 0.091, 270.671, 0.026, 269.441, 0.034, 263.477, 0.093, 235.607, 0.083, 227.576, 0.037, 267.712, 0.03, 281.742, 0.089, 267.394, 0.076, 227.15, 0.032,
024-pdn10ABBAb1, 9.783260, 0.000533107438017, 265.612, 0.095, 246.043, 0.03, 259.606, 0.032, 253.38, 0.079, 248.318, 0.082, 240.567, 0.032, 245.06, 0.029, 239.917, 0.063, 255.525, 0.085, 237.966, 0.031, 262.464, 0.024, 251.746, 0.067,
024-pdn11ABABa1, 9.662460, 0.000208975206612, 185.432, 0.039, 258.769, 0.054, 244.072, 0.039, 199.804, 0.054, 182.349, 0.028, 209.694, 0.051, -181.11, 0.005, 189.726, 0.064, 202.456, 0.03, 176.941, 0.052, 164.262, 0.038, 191.476, 0.005,
024-pdn11ABABb1, 6.004470, 0.113961785124, 171.733, 0.17, 150.805, 0.07, 125.075, 0.059, 134.644, 0.082, 148.777, 0.005, 163.152, 0.247, 111.554, 0.074, 108.908, 0.047, 110.268, 0.134, 103.733, 0.06, 106.614, 0.03, 142.37, 0.084,
024-pdn11ABBAa1, 8.613310, 0.021501785124, 248.439, 0.025, 238.608, 0.083, 222.99, 0.06, 117.319, 0.005, 271.922, 0.032, 87.5703, 0.029, 267.113, 0.061, 215.115, 0.021, 98.2559, 0.005, 233.447, 0.07, 120.956, 0.058, 254.119, 0.031,
024-pdn11ABBAb1, 9.266530, 0.000503636363636, 211.074, 0.068, 223.791, 0.025, 254.624, 0.03, 239.899, 0.055, 241.22, 0.059, 195.669, 0.026, 239.315, 0.023, 239.098, 0.093, 209.79, 0.071, 268.611, 0.026, 246.844, 0.044, 160.277, 0.005,
024-pdn12ABABa1, 9.765400, 0.00625160330579, 247.733, 0.219, 195.169, 0.012, 191.466, 0.025, 265.426, 0.051, 260.788, 0.028, 301.88, 0.045, 307.158, 0.034, 194.291, 0.046, 237.4, 0.023, 291.376, 0.062, 285.48, 0.03, 277.777, 0.048,
024-pdn12ABABb1, 7.926800, 0.00297687603306, -165.184, 0.005, 319.205, 0.021, 300.697, 0.063, 279.656, 0.027, 295.473, 0.048, 275.2, 0.035, 303.723, 0.068, 307.547, 0.035, 251.295, 0.059, 280.86, 0.03, 251.999, 0.061, 305.137, 0.045,
024-pdn12ABBAa1, 9.475300, 0.010908446281, 257.623, 0.028, 265.14, 0.056, 279.367, 0.068, 224.941, 0.062, 207.315, 0.022, 240.492, 0.077, 163.088, 0.037, 246.591, 0.024, 251.11, 0.028, 308.564, 0.083, 315.839, 0.07, 282.147, 0.029,
024-pdn12ABBAb1, 9.119330, 0.00139438016529, 205.887, 0.101, 229.668, 0.028, 254.02, 0.023, -126.281, 0.005, 254.654, 0.07, 209.105, 0.022, 203.749, 0.033, 175.674, 0.025, 231.175, 0.049, 221.75, 0.029, 241.617, 0.024, 231.586, 0.07,
024-psm01ABABa1, 9.462680, 5.85619834711e-05, 249.247, 0.063, 191.74, 0.015, 252.878, 0.049, 238.06, 0.014, 259.766, 0.044, 210.915, 0.014, 270.772, 0.058, 212.355, 0.016, 235.744, 0.045, 248.671, 0.027, 211.46, 0.049, 227.541, 0.017,
024-psm01ABABb1, 9.462320, 0.000340595041322, 228.718, 0.012, 266.152, 0.057, 191.88, 0.017, 277.096, 0.051, 253.22, 0.015, 234.084, 0.065, 240.442, 0.013, 263.114, 0.046, 230.764, 0.013, 259.397, 0.04, 260.565, 0.014, 254.248, 0.059,
024-psm01ABBAa1, 9.627210, 0.000264743801653, 225.946, 0.068, 231.003, 0.012, 238.144, 0.013, 267.664, 0.091, 253.404, 0.055, 202.539, 0.017, 212.907, 0.015, 243.783, 0.049, 256.127, 0.06, 214.548, 0.011, 237.203, 0.013, 241.204, 0.066,
024-psm01ABBAb1, 9.646740, 0.000426363636364, 190.341, 0.013, 237.762, 0.074, 229.161, 0.049, 227.597, 0.013, 221.718, 0.013, 264.262, 0.061, 227.361, 0.058, 213.256, 0.015, -212.364, 0.078, 273.45, 0.065, 238.832, 0.061, 236.54, 0.014,
024-psm02ABABa1, 8.440860, 0.000132776859504, 256.241, 0.072, 203.196, 0.016, 226.326, 0.068, 217.459, 0.022, 221.659, 0.076, 220.001, 0.015, 212.352, 0.072, 230.636, 0.017, 244.708, 0.081, 168.282, 0.019, 241.037, 0.072, 200.497, 0.017,
024-psm02ABABb1, 8.805480, 6.78842975207e-05, -163.117, 0.071, 223.678, 0.062, 250.185, 0.011, 203.821, 0.069, -225.228, 0.075, 237.138, 0.078, 244.119, 0.013, 221.47, 0.069, 194.249, 0.021, 221.285, 0.069, 250.753, 0.012, 271.299, 0.072,
024-psm02ABBAa1, 8.573610, 0.000396743801653, 275.092, 0.067, 187.49, 0.015, 226.174, 0.013, 229.185, 0.06, 202.377, 0.079, 206.437, 0.014, 215.882, 0.014, 235.975, 0.07, 214.34, 0.077, 212.185, 0.013, 205.506, 0.014, 241.919, 0.081,
024-psm02ABBAb1, 8.980140, 0.000250429752066, 224.13, 0.014, 246.5, 0.069, 262.058, 0.069, 222.728, 0.016, -190.266, 0.078, 244.007, 0.07, 254.047, 0.069, 205.534, 0.016, 225.958, 0.019, 234.12, 0.067, 257.901, 0.066, 169.156, 0.016,
024-psm03ABABa1, 8.798230, 0.00161479338843, -124.295, 0.086, 252.722, 0.009, 290.888, 0.049, 242.248, 0.01, 312.462, 0.06, 283.4, 0.014, 315.224, 0.058, 233.531, 0.013, 271.291, 0.035, 196.178, 0.015, 278.106, 0.063, 234.165, 0.011,
024-psm03ABABb1, 9.542210, 0.00120150413223, 249.406, 0.005, 285.547, 0.063, 256.2, 0.013, 313.939, 0.061, 309.846, 0.015, 197.746, 0.05, 249.251, 0.015, 316.582, 0.069, 189.709, 0.017, 314.435, 0.072, 236.093, 0.017, 282.874, 0.065,
024-psm03ABBAa1, 9.568690, 0.0020580661157, 201.916, 0.071, 253.753, 0.01, 193.913, 0.021, 291.961, 0.044, 211.415, 0.033, 213.47, 0.014, 194.297, 0.016, 222.851, 0.049, 314.364, 0.053, 241.644, 0.014, 269.722, 0.026, 258.57, 0.052,
024-psm03ABBAb1, 7.508920, 0.0127045950413, 110.143, 0.005, 254.841, 0.056, 252.246, 0.043, 206.466, 0.018, 259.509, 0.012, 297.988, 0.063, 190.649, 0.052, 170.931, 0.013, 249.859, 0.022, 303.174, 0.042, -187.115, 0.076, 169.308, 0.064,
024-psm04ABABa1, 9.370080, 0.000458909090909, 279.925, 0.053, 197.564, 0.012, 235.724, 0.048, 196.859, 0.015, 230.432, 0.059, 209.393, 0.011, 203.446, 0.036, 215.119, 0.015, 229.217, 0.059, 219.451, 0.016, 219.04, 0.069, 199.791, 0.016,
024-psm04ABABb1, 9.565320, 0.00041132231405, 254.581, 0.016, 228.28, 0.052, 202.307, 0.013, 237.573, 0.041, 210.885, 0.017, 234.946, 0.055, 194.222, 0.013, 234.041, 0.057, 209.749, 0.016, 249.371, 0.044, 215.336, 0.016, 228.018, 0.041,
024-psm04ABBAa1, 9.426690, 0.000182991735537, 194.438, 0.059, 194.812, 0.006, 201.249, 0.014, 250.722, 0.055, 222.7, 0.076, 252.073, 0.012, 234.585, 0.012, 228.184, 0.056, 235.034, 0.07, 220.987, 0.012, 210.941, 0.013, 208.776, 0.058,
024-psm04ABBAb1, 9.841400, 0.00016041322314, 194.088, 0.014, 256.798, 0.058, 239.769, 0.053, 230.275, 0.013, 235.856, 0.019, 256.982, 0.044, 239.12, 0.049, 236.656, 0.013, 214.735, 0.016, 260.452, 0.063, 238.078, 0.045, 196.434, 0.016,
024-psm05ABABa1, 9.484350, 0.000398380165289, 285.442, 0.062, 233.751, 0.015, 260.855, 0.068, 225.077, 0.027, 235.509, 0.071, 193.727, 0.023, 244.13, 0.073, 208.41, 0.023, 228.891, 0.073, 182.405, 0.024, 268.788, 0.063, 229.174, 0.029,
024-psm05ABABb1, 9.294770, 0.000873173553719, 194.924, 0.023, 275.916, 0.067, 181.109, 0.021, 283.231, 0.067, 215.928, 0.03, 315.336, 0.07, 208.9, 0.016, 259.395, 0.055, 203.971, 0.019, 207.355, 0.06, 262.801, 0.026, 257.829, 0.056,
024-psm05ABBAa1, 8.657520, 0.0017000661157, 234.889, 0.066, 220.879, 0.015, 209.754, 0.016, 248.663, 0.097, 254.726, 0.077, 198.407, 0.022, 224.167, 0.027, -124.169, 0.053, 209.666, 0.067, 229.072, 0.022, 214.828, 0.017, 178.115, 0.046,
024-psm05ABBAb1, 9.307460, 0.000589338842975, 267.871, 0.021, 249.531, 0.074, 270.344, 0.062, 228.894, 0.025, 256.625, 0.024, 265.936, 0.073, 271.092, 0.066, 231.874, 0.022, 279.43, 0.026, 255.486, 0.069, 272.413, 0.057, 276.403, 0.024,
024-psm06ABABa1, 8.214180, 0.000653107438017, 227.705, 0.18, 199.292, 0.014, 234.338, 0.064, 203.543, 0.021, 260.09, 0.073, 215.086, 0.023, 240.541, 0.057, 234.043, 0.023, 238.347, 0.054, 236.637, 0.02, -212.906, 0.005, 228.706, 0.061,
024-psm06ABABb1, 8.886200, 0.00038747107438, 214.931, 0.022, 254.799, 0.074, 212.259, 0.014, 250.174, 0.067, -184.27, 0.072, 253.076, 0.061, 223.444, 0.026, 250.483, 0.078, 220.064, 0.028, 232.268, 0.064, 221.125, 0.021, 211.295, 0.05,
024-psm06ABBAa1, 8.625120, 0.000662363636364, 240.769, 0.097, 213.153, 0.015, 207.783, 0.02, 213.494, 0.088, 247.156, 0.08, 201.605, 0.019, 208.228, 0.027, 237.911, 0.076, 260.378, 0.075, 191.106, 0.028, 199.864, 0.017, 253.818, 0.09,
024-psm06ABBAb1, 8.942370, 0.000662148760331, 251.804, 0.02, 235.154, 0.07, 214.978, 0.066, 238.355, 0.015, 180.076, 0.034, 234.731, 0.082, 213.216, 0.071, 224.311, 0.019, 214.857, 0.022, 263.688, 0.083, 274.357, 0.075, 212.433, 0.028,
024-psm07ABABa1, 9.067830, 0.000670545454545, 292.55, 0.06, 257.701, 0.016, 256.163, 0.067, 266.852, 0.015, 190.714, 0.092, 272.708, 0.016, 241.18, 0.074, 266.138, 0.016, 273.914, 0.065, 253.851, 0.016, 266.135, 0.068, 255.126, 0.016,
024-psm07ABABb1, 8.594320, 0.000396066115702, 205.273, 0.126, 283.599, 0.067, 235.764, 0.019, 273.158, 0.063, 260.929, 0.022, 278.203, 0.068, 250.041, 0.018, 288.435, 0.063, 245.074, 0.022, 297.733, 0.06, 274.608, 0.016, 264.991, 0.07,
024-psm07ABBAa1, 8.127140, 0.000536016528926, 234.428, 0.086, 250.682, 0.018, 234.487, 0.016, 224.846, 0.069, 294.731, 0.066, 246.919, 0.015, 277.755, 0.019, 269.553, 0.058, 304.648, 0.061, 267.024, 0.016, 243.789, 0.018, 256.622, 0.052,
024-psm07ABBAb1, 9.216490, 0.000264776859504, 221.343, 0.015, 253.871, 0.052, 284.115, 0.066, 225.288, 0.016, 289.292, 0.014, 280.146, 0.069, 263.371, 0.065, 250.218, 0.019, 228.619, 0.019, 256.903, 0.064, 256.036, 0.07, 228.141, 0.02,
024-psm08ABABa1, 9.864260, 0.00421165289256, 175.721, 0.005, 314.903, 0.019, 310.397, 0.066, 288.532, 0.02, 329.7, 0.067, 293.679, 0.021, 196.273, 0.005, 283.022, 0.019, 324.806, 0.063, 261.726, 0.021, 315.014, 0.058, 237.589, 0.015,
024-psm08ABABb1, 9.655690, 0.00242105785124, 186.856, 0.093, 184.142, 0.005, 274.83, 0.016, 294.304, 0.054, 315.762, 0.014, 297.509, 0.055, 290.401, 0.016, 317.037, 0.047, 262.731, 0.015, 297.633, 0.039, 322.177, 0.015, 323.759, 0.058,
024-psm08ABBAa1, 9.138650, 0.00340790082645, 225.752, 0.094, 254.141, 0.014, 282.761, 0.016, 276.44, 0.079, 336.431, 0.082, 271.76, 0.021, 288.493, 0.017, 287.179, 0.072, 170.88, 0.005, 280.021, 0.017, 272.131, 0.017, 156.597, 0.04,
024-psm08ABBAb1, 10.069200, 0.0050892892562, 261.249, 0.017, 307.011, 0.056, 182.16, 0.005, 270.848, 0.017, 204.021, 0.016, 299.289, 0.071, 332.943, 0.068, 207.018, 0.02, 312.438, 0.023, 192.347, 0.005, 289.375, 0.066, 289.108, 0.024,
024-psm09ABABa1, 8.789060, 0.00057505785124, 320.5, 0.06, 258.65, 0.035, 259.73, 0.075, 248.216, 0.032, 258.591, 0.063, 252.348, 0.038, 279.148, 0.061, 241.018, 0.034, 276.606, 0.064, 196.627, 0.036, 262.608, 0.056, 273.846, 0.034,
024-psm09ABABb1, 8.505590, 0.00180895867769, 222.155, 0.16, 264.507, 0.051, 232.33, 0.03, 226.278, 0.041, 228.412, 0.032, 178.322, 0.03, 220.061, 0.029, 238.954, 0.059, 252.234, 0.034, -162.504, 0.005, 231.643, 0.034, 233.098, 0.058,
024-psm09ABBAa1, 9.003460, 0.000384776859504, 263.715, 0.079, 234.624, 0.028, 255.024, 0.034, 256.511, 0.075, 304.492, 0.08, 258.465, 0.028, 219.497, 0.025, 224.729, 0.073, 267.584, 0.069, 250.947, 0.026, 240.164, 0.017, 256.901, 0.081,
024-psm09ABBAb1, 9.831460, 0.000179454545455, 207.432, 0.026, 272.125, 0.064, 270.504, 0.073, 236.553, 0.043, 278.021, 0.033, 276.507, 0.066, 282.135, 0.071, 246.698, 0.029, 293.019, 0.032, 290.775, 0.063, 284.379, 0.049, 239.129, 0.025,
024-psm10ABABa1, 8.825330, 0.000749652892562, 220.592, 0.074, 240.97, 0.028, 203.648, 0.087, 237.401, 0.026, 255.088, 0.078, 214.8, 0.036, 237.826, 0.078, 247.987, 0.029, 274.969, 0.075, 264.621, 0.036, 238.753, 0.084, 247.017, 0.03,
024-psm10ABABb1, 8.880170, 0.00323990082645, -149.385, 0.063, 246.258, 0.047, 247.302, 0.028, 250.312, 0.069, 205.332, 0.025, 238.715, 0.076, 262.833, 0.033, 243.95, 0.057, 230.751, 0.027, 253.637, 0.071, 238.282, 0.031, 257.111, 0.096,
024-psm10ABBAa1, 8.989840, 0.000204066115702, 289.302, 0.088, 211.888, 0.023, 237.243, 0.023, 188.489, 0.088, 261.297, 0.071, 240.104, 0.023, 207.501, 0.024, 244.366, 0.072, 280.93, 0.075, 242.168, 0.026, 253.74, 0.027, 200.543, 0.124,
024-psm10ABBAb1, 9.206310, 0.000179537190083, 240.948, 0.029, 254.883, 0.074, 252.361, 0.073, 197.124, 0.019, 226.694, 0.028, 242.104, 0.087, 255.913, 0.066, 232.543, 0.024, 213.553, 0.024, 254.575, 0.099, 269.904, 0.081, 242.093, 0.028,
024-psm11ABABa1, 9.480900, 0.000128727272727, 216.656, 0.076, 206.075, 0.032, 271.322, 0.071, 264.276, 0.033, 272.614, 0.071, 255.59, 0.038, 256.641, 0.075, 265.296, 0.036, 279.339, 0.082, 238.1, 0.033, 284.554, 0.076, 271.872, 0.036,
024-psm11ABABb1, 8.479900, 0.000115355371901, 263.176, 0.031, 227.631, 0.043, 269.16, 0.027, 248.669, 0.042, 224.176, 0.023, 247.111, 0.052, 292.293, 0.03, 263.023, 0.05, 267.051, 0.028, 264.966, 0.053, 268.552, 0.027, 253.996, 0.057,
024-psm11ABBAa1, 8.765940, 0.000171289256198, 221.108, 0.075, 216.1, 0.026, 193.924, 0.024, 257.149, 0.066, 212.456, 0.063, 235.208, 0.023, 280.514, 0.023, 254.78, 0.048, 238.146, 0.069, 229.792, 0.022, 277.482, 0.026, 259.957, 0.063,
024-psm11ABBAb1, 9.448110, 0.000185603305785, 246.765, 0.022, 276.831, 0.058, 269.609, 0.06, 259.915, 0.038, 225.441, 0.034, 263.182, 0.068, 326.332, 0.069, 258.381, 0.032, 295.725, 0.028, 293.103, 0.057, 281.079, 0.07, 275.34, 0.027,
024-psm12ABABa1, 9.391390, 0.000970429752066, 278.936, 0.084, 265.781, 0.03, 258.622, 0.081, 255.848, 0.03, 196.967, 0.072, 217.409, 0.037, 271.118, 0.085, 247.244, 0.031, 288.283, 0.079, 261.193, 0.027, 266.538, 0.09, 232.948, 0.03,
024-psm12ABABb1, 9.927060, 0.000125900826446, 224.144, 0.029, 261.306, 0.052, 254.94, 0.023, 277.493, 0.067, 241.875, 0.033, 231.758, 0.065, 256.169, 0.03, 262.061, 0.058, 252.563, 0.033, 261.474, 0.054, 241.293, 0.031, 235.062, 0.055,
024-psm12ABBAa1, 9.993120, 0.00015, 254.403, 0.088, 258.553, 0.032, 259, 0.032, 239.107, 0.066, 292.334, 0.075, 238.063, 0.042, 238.541, 0.041, 232.091, 0.073, 274.431, 0.083, 233.197, 0.038, 255.012, 0.043, 281.979, 0.074,
024-psm12ABBAb1, 9.958060, 0.000240595041322, 228.55, 0.032, 270.604, 0.078, 252.768, 0.064, 230.279, 0.024, 261.557, 0.025, 276.207, 0.07, 286.68, 0.069, 167.999, 0.027, 250.717, 0.024, 271.859, 0.083, 269.007, 0.085, 244.615, 0.023,
024-psn01ABABa1, 13.618400, 0.00637697520661, 249.432, 0.058, neg 100.652, 0.0, 111.309, 0.007, 191.488, 0.013, 277.604, 0.052, 120.739, 0.005, 105.277, 0.036, 204.151, 0.012, 294.711, 0.06, -127.547, 0.023, 121.247, 0.024, 186.144, 0.011,
024-psn01ABABb1, 10.602500, 0.00687823140496, 192.436, 0.015, 163.477, 0.016, 173.169, 0.056, 136.695, 0.007, 202.263, 0.018, 157.729, 0.016, 182.696, 0.069, 142.576, 0.018, 226.656, 0.017, 240.84, 0.042, 242.494, 0.015, 263.202, 0.06,
024-psn01ABBAa1, 8.248240, 0.000315090909091, 204.56, 0.068, 212.565, 0.016, 237.336, 0.017, 264.635, 0.061, 249.043, 0.061, 241.565, 0.016, 237.077, 0.015, 264.476, 0.06, 262.169, 0.051, 240.566, 0.013, 267.938, 0.013, 264.091, 0.074,
024-psn01ABBAb1, 8.369300, 0.00151733884298, 123.709, 0.005, 260.68, 0.056, 245.875, 0.064, 244.356, 0.02, 293.963, 0.017, 285.899, 0.049, 274.348, 0.037, 267.581, 0.018, 257.056, 0.018, 280.594, 0.065, 270.176, 0.051, 252.596, 0.017,
024-psn02ABABa1, 8.762800, 0.00045347107438, 270.453, 0.072, 218.396, 0.015, 218.493, 0.08, 255.452, 0.015, 221.361, 0.069, 239.1, 0.022, 240.489, 0.082, 257.877, 0.019, 245.807, 0.068, 252.056, 0.024, 222.605, 0.072, 233.491, 0.022,
024-psn02ABABb1, 7.771350, 0.000612958677686, 201.017, 0.011, 232.339, 0.057, 245.674, 0.018, 228.285, 0.08, 231.498, 0.015, 261.246, 0.056, 269.695, 0.016, 243.886, 0.077, 237.333, 0.015, 238.741, 0.076, 206.887, 0.018, 204.441, 0.077,
024-psn02ABBAa1, 8.161270, 0.00016105785124, 214.585, 0.078, 245.236, 0.01, 244.784, 0.012, 217.489, 0.073, 246.199, 0.081, 262.065, 0.013, 209.35, 0.011, 234.37, 0.068, 255.021, 0.07, 249.521, 0.013, 242.34, 0.017, 248.542, 0.063,
024-psn02ABBAb1, 8.978860, 0.000381702479339, 219.017, 0.017, 241.836, 0.067, 251.081, 0.063, 260.541, 0.017, 227.367, 0.016, 254.35, 0.075, 239.773, 0.054, 269.877, 0.016, 256.543, 0.019, 264.274, 0.078, 248.194, 0.06, 229.751, 0.016,
024-psn03ABABa1, 9.748960, 0.000358049586777, 253.933, 0.068, 214.018, 0.019, 237.331, 0.094, 238.693, 0.021, 265.866, 0.093, 220.836, 0.021, 288.005, 0.091, 258.101, 0.02, 269.212, 0.104, 235.806, 0.027, 184.39, 0.103, 237.278, 0.021,
024-psn03ABABb1, 9.703450, 0.000846363636364, 218.569, 0.015, 238.365, 0.08, 251.421, 0.017, 260.5, 0.071, 229.333, 0.019, 258.3, 0.088, 257.127, 0.021, 248.889, 0.079, 286.759, 0.024, 243.336, 0.077, 262.27, 0.024, 256.659, 0.07,
024-psn03ABBAa1, 9.448430, 0.00177715702479, 157.739, 0.096, 216.324, 0.02, 256.19, 0.018, 232.553, 0.086, 199.891, 0.05, 237.074, 0.014, 217.881, 0.018, 247.769, 0.073, 240.427, 0.064, 214.138, 0.018, 264.71, 0.018, 274.859, 0.077,
024-psn03ABBAb1, 9.642070, 0.00116080991736, 239.725, 0.014, 253.423, 0.086, 264.08, 0.067, -220.782, 0.079, 183.135, 0.014, 233.443, 0.066, 272.246, 0.059, -196.555, 0.082, 189.156, 0.022, 260.933, 0.067, 270.656, 0.068, 227.428, 0.018,
024-psn04ABABa1, 9.119620, 0.000169520661157, 270.51, 0.059, 235.486, 0.016, 225.247, 0.063, 234.275, 0.016, 240.579, 0.064, 226.765, 0.015, 245.562, 0.062, 248.172, 0.015, 238.526, 0.072, 210.605, 0.019, 243.115, 0.074, 237.937, 0.035,
024-psn04ABABb1, 9.608520, 7.20495867769e-05, 196.014, 0.012, 219.399, 0.055, 228.857, 0.016, 214.851, 0.066, 206.558, 0.022, 263.474, 0.059, 233.257, 0.015, 242.108, 0.089, 189.783, 0.013, 238.526, 0.071, 220.304, 0.017, 219.806, 0.072,
024-psn04ABBAa1, 9.146410, 0.00106441322314, 255.093, 0.089, 230.519, 0.012, 239.583, 0.011, 165.197, 0.077, 221.772, 0.068, 211.938, 0.02, 233.63, 0.021, 221.744, 0.049, 243.631, 0.087, 175.981, 0.015, 215.649, 0.015, 252.423, 0.078,
024-psn04ABBAb1, 9.517930, 0.000191685950413, 232.609, 0.008, 225.948, 0.057, 196.856, 0.058, 209.495, 0.008, 182.348, 0.013, 198.5, 0.045, 255.733, 0.057, -183.43, 0.082, 213.857, 0.012, 205.687, 0.041, 239.087, 0.076, 146.589, 0.07,
024-psn05ABABa1, 9.784440, 0.00141909090909, 216.718, 0.064, 279.951, 0.017, 269.526, 0.071, 262.945, 0.021, 278.109, 0.059, 307.598, 0.026, 261.385, 0.061, 291.484, 0.022, 306.485, 0.08, 248.049, 0.031, 229.001, 0.063, 254.331, 0.022,
024-psn05ABABb1, 17.224400, 0.00225041322314, 211.588, 0.016, 111.259, 0.062, 202.445, 0.049, 119.03, 0.005, 192.152, 0.02, 108.979, 0.028, 121.51, 0.007, 214.992, 0.006, 217.754, 0.017, 243.14, 0.016, 139.248, 0.005, 217.302, 0.077,
024-psn05ABBAa1, 9.663420, 0.00219915702479, 205.199, 0.055, 260.151, 0.013, 248.737, 0.015, 145.617, 0.026, 165.691, 0.037, 253.131, 0.017, 240.098, 0.021, 237.184, 0.078, 292.221, 0.056, 226.369, 0.019, 237.782, 0.017, 236.989, 0.081,
024-psn05ABBAb1, 9.992540, 0.000369685950413, 264.386, 0.02, 301.882, 0.079, 302.159, 0.063, 256.63, 0.019, 272.996, 0.015, 265.135, 0.064, 273.898, 0.068, 277.944, 0.019, 229.306, 0.016, 300.653, 0.071, 311.825, 0.072, 248.783, 0.016,
024-psn06ABABa1, 8.011890, 0.00206153719008, 292.372, 0.046, 184.251, 0.023, 273.32, 0.068, 242.009, 0.016, 306.739, 0.067, 98.9388, 0.029, 233.668, 0.074, 143.257, 0.02, 310.626, 0.075, 162.221, 0.014, 284.139, 0.067, 213.997, 0.02,
024-psn06ABABb1, 8.859490, 0.00647783471074, 211.884, 0.279, -188.405, 0.072, 116.189, 0.1, 189.958, 0.043, 229.19, 0.019, 278.117, 0.059, 228.1, 0.015, 214.12, 0.055, 190.088, 0.019, 233.508, 0.045, 219.19, 0.018, 196.998, 0.025,
024-psn06ABBAa1, 8.416010, 0.00147196694215, 227.914, 0.076, 207.184, 0.023, 239.141, 0.016, 233.492, 0.05, 299.048, 0.081, 180.517, 0.019, 246.302, 0.02, 229.96, 0.051, 281.654, 0.072, 203.004, 0.021, 216.902, 0.019, 254.718, 0.059,
024-psn06ABBAb1, 14.777500, 0.00204114049587, 127.411, 0.005, -163.211, 0.068, -104.943, 0.006, 235.503, 0.023, 96.5558, 0.011, 249.165, 0.048, 131.514, 0.005, 221.346, 0.017, -156.369, 0.005, 190.842, 0.018, 125.081, 0.045, 125.597, 0.02,
024-psn07ABABa1, 9.206450, 0.000236049586777, 198.736, 0.068, 225.027, 0.014, 226.551, 0.096, 182.93, 0.021, 224.173, 0.099, 191.822, 0.017, 207.32, 0.042, 198.221, 0.014, 220.278, 0.088, 208.733, 0.019, 212.397, 0.093, -138.692, 0.017,
024-psn07ABABb1, 8.704740, 0.000634958677686, 258.983, 0.021, 186.851, 0.08, 216.329, 0.018, 206.224, 0.07, 204.481, 0.02, 196.049, 0.085, 179.421, 0.029, 201.25, 0.084, 201.292, 0.023, 213.196, 0.077, 226.803, 0.029, 204.388, 0.085,
024-psn07ABBAa1, 9.084970, 0.000767289256198, 253.258, 0.083, 195.134, 0.015, 215.576, 0.019, 221.121, 0.089, 223.877, 0.073, 201.933, 0.02, 186.578, 0.018, 225.54, 0.088, 166.583, 0.13, -162.921, 0.014, 193.295, 0.019, 228.532, 0.075,
024-psn07ABBAb1, 9.105350, 0.000305834710744, 224.548, 0.016, 196.319, 0.085, 224.675, 0.081, 196.402, 0.019, 225.225, 0.016, 218.865, 0.074, 172.298, 0.073, 203.471, 0.016, 173.342, 0.023, 261.461, 0.086, 247.159, 0.082, 194.117, 0.017,
024-psn08ABABa1, 9.387120, 0.000600049586777, 268.554, 0.093, 218.454, 0.017, 224.802, 0.075, 186.773, 0.014, 260.322, 0.077, 251.893, 0.02, 270.133, 0.078, 187.09, 0.023, -164.915, 0.005, 254.48, 0.02, 234.303, 0.096, 230.951, 0.019,
024-psn08ABABb1, 9.434010, 0.000249173553719, 256.64, 0.016, 277.001, 0.066, 216.177, 0.016, 239.52, 0.067, 268.663, 0.015, 240.107, 0.092, 210.749, 0.019, 234.009, 0.056, 229.814, 0.02, 257.851, 0.062, 221.453, 0.019, 254.781, 0.069,
024-psn08ABBAa1, 9.224380, 0.000964148760331, 262.497, 0.095, 198.395, 0.015, 184.892, 0.015, 134.901, 0.036, -168.648, 0.071, 249.457, 0.019, 211.259, 0.015, 123.711, 0.026, 179.05, 0.005, 207.382, 0.018, 240.396, 0.016, 258.129, 0.095,
024-psn08ABBAb1, 9.494810, 0.000580628099174, 212.647, 0.016, 237.058, 0.065, 168.051, 0.036, 247.555, 0.019, 213.59, 0.016, 177.7, 0.007, 275.853, 0.084, 228.979, 0.018, 290.255, 0.017, 288.058, 0.063, 286.939, 0.072, 207.807, 0.018,
024-psn09ABABa1, 8.320940, 0.000916595041322, 238.945, 0.055, 222.747, 0.033, 245.489, 0.068, 238.073, 0.029, 220.134, 0.047, 216.329, 0.024, 266.562, 0.072, 226.639, 0.027, 171.771, 0.051, 215.21, 0.034, 229.237, 0.056, 193.011, 0.018,
024-psn09ABABb1, 8.390490, 0.000190958677686, 247.216, 0.025, 255.727, 0.042, 215.557, 0.027, 263.576, 0.046, 236.419, 0.028, 283.778, 0.048, 221.865, 0.027, 269.483, 0.054, 229.58, 0.023, 255.498, 0.045, 240.067, 0.025, 274.233, 0.064,
024-psn09ABBAa1, 8.381380, 0.000287520661157, 225.509, 0.076, 235.74, 0.023, 220.743, 0.026, 195.88, 0.12, 217.362, 0.08, 226.125, 0.021, 251.02, 0.019, 222.16, 0.08, 269.012, 0.08, 222.826, 0.024, 229.575, 0.023, 273.916, 0.065,
024-psn09ABBAb1, 8.907800, 0.000201173553719, 225.06, 0.025, 280.733, 0.058, 261.673, 0.047, 240.933, 0.027, 245.896, 0.023, 259.635, 0.068, 269.243, 0.066, 253.231, 0.034, 239.279, 0.025, 250.225, 0.072, -206.402, 0.132, 248.646, 0.028,
024-psn10ABABa1, 9.309790, 0.000587900826446, 235.578, 0.076, 250.91, 0.028, 292.968, 0.082, 262.448, 0.037, 290.377, 0.066, 252.511, 0.037, 260.056, 0.072, 237.147, 0.038, 169.185, 0.053, 174.132, 0.048, 260.59, 0.053, 252.665, 0.036,
024-psn10ABABb1, 9.782830, 0.00063841322314, 222.791, 0.026, 301.57, 0.054, 260.381, 0.033, 273.973, 0.072, 264.776, 0.035, 271.726, 0.071, 242.75, 0.036, 287.525, 0.058, 266.596, 0.043, 269.256, 0.07, 207.168, 0.036, 255.615, 0.07,
024-psn10ABBAa1, 9.202260, 0.00124056198347, 228.958, 0.092, 285.144, 0.03, 263.62, 0.03, 213.195, 0.144, 289.472, 0.089, 219.312, 0.032, 299.304, 0.037, 255.746, 0.063, 242.423, 0.077, 310.646, 0.037, 240.576, 0.037, 250.714, 0.064,
024-psn10ABBAb1, 9.360450, 0.000673504132231, 292.835, 0.037, 282.141, 0.079, 272.701, 0.072, 252.45, 0.035, 298.72, 0.04, 264.649, 0.088, 262.607, 0.095, 178.472, 0.043, 204.745, 0.036, 281.295, 0.078, 312.36, 0.085, 310.494, 0.034,
024-psn11ABABa1, 9.090790, 0.000685884297521, 204.798, 0.061, 281.852, 0.025, 269.528, 0.048, 262.93, 0.033, 296.359, 0.056, 274.427, 0.028, 282.943, 0.068, 268.354, 0.032, 293.887, 0.062, 287.566, 0.031, 298.924, 0.058, 301.992, 0.031,
024-psn11ABABb1, 5.370730, 0.0668556528926, 268.226, 0.242, 326.031, 0.074, 267.152, 0.029, 294.848, 0.071, 254.568, 0.031, 289.542, 0.06, 271.691, 0.028, 289.719, 0.062, 259.628, 0.023, 233.79, 0.062, 148.163, 0.102, 156.279, 0.109,
024-psn11ABBAa1, 8.387680, 0.000320363636364, 240.213, 0.08, 295.153, 0.018, 224.965, 0.021, 288.6, 0.056, 294.469, 0.063, 289.641, 0.016, 286.884, 0.021, 292.01, 0.048, 240.22, 0.057, 266.15, 0.02, 274.71, 0.03, 253.223, 0.056,
024-psn11ABBAb1, 9.885880, 0.00024105785124, 220.444, 0.019, 307.436, 0.063, 299.895, 0.065, 281.094, 0.028, 300.868, 0.028, 287.047, 0.073, 277.288, 0.062, 266.504, 0.025, 299.45, 0.028, 299.57, 0.055, 291.071, 0.06, 298.615, 0.033,
024-psn12ABABa1, 9.124670, 0.000206743801653, 209.533, 0.104, 166.54, 0.026, 196.484, 0.083, 141.295, 0.027, 196.844, 0.09, 188.595, 0.005, 198.532, 0.08, -192.232, 0.005, 246.655, 0.097, 223.426, 0.038, 205.156, 0.077, 146.841, 0.045,
024-psn12ABABb1, 9.214270, 8.80661157025e-05, 209.804, 0.027, 215.441, 0.075, 198.237, 0.028, 179.461, 0.005, 232.977, 0.033, 193.962, 0.065, 211.592, 0.034, 177.166, 0.056, 210.547, 0.032, 217.453, 0.061, 136.665, 0.041, 205.853, 0.049,
024-psn12ABBAa1, 9.349480, 0.000532743801653, 230.76, 0.088, 152.217, 0.017, 201.962, 0.026, 236.947, 0.083, 196.519, 0.005, 169.373, 0.041, 195.633, 0.027, 164.682, 0.053, 226.209, 0.005, 176.15, 0.025, 200.42, 0.029, 243.852, 0.095,
024-psn12ABBAb1, 8.903890, 0.000327603305785, 188.455, 0.027, 223.519, 0.081, 249.885, 0.078, 223.821, 0.024, 226.394, 0.023, -177.644, 0.152, 270.293, 0.085, 240.391, 0.025, 196.107, 0.038, 228.497, 0.088, 247.979, 0.075, 248.69, 0.022,
