037-pdm01ABABa1, 7.841420, 0.000221867768595, -162.604, 0.082, 214.141, 0.067, 215.043, 0.01, 213.757, 0.065, -170.593, 0.075, 205.396, 0.069, 160.865, 0.005, 195.469, 0.063, 190.561, 0.005, 211.413, 0.06, 220.263, 0.014, 217.713, 0.061,
037-pdm01ABABb1, 8.506490, 0.000113173553719, 218.127, 0.065, -137.102, 0.06, 204.821, 0.081, 203.716, 0.005, 215.846, 0.065, 153.715, 0.005, 274.445, 0.094, -186.544, 0.091, 233.069, 0.072, -123.187, 0.087, 247.056, 0.088, -125.896, 0.083,
037-pdm01ABBAa1, 8.852690, 0.000331818181818, -189, 0.071, 244.884, 0.088, 238.973, 0.067, -171.727, 0.063, -156.501, 0.017, 201.156, 0.058, 231.211, 0.098, 154.269, 0.017, 215.948, 0.018, 191.161, 0.065, 203.266, 0.058, 150.759, 0.014,
037-pdm01ABBAb1, 9.229630, 0.00018932231405, 214.116, 0.068, -172.305, 0.068, -169.257, 0.067, 192.931, 0.073, 245.882, 0.062, -120.765, 0.056, 178.312, 0.023, 228.263, 0.054, 196.559, 0.062, -157.973, 0.081, -165.967, 0.081, 191.137, 0.049,
037-pdm02ABABa1, 12.816800, 0.0145718842975, -151.606, 0.106, 226.196, 0.061, 212.195, 0.016, 260.984, 0.07, 134.312, 0.001, 131.248, 0.005, 171.149, 0.015, 269.478, 0.07, 226.602, 0.013, 128.354, 0.005, 198.46, 0.043, 109.555, 0.007,
037-pdm02ABABb1, 10.873300, 0.000174561983471, 256.891, 0.048, 192.642, 0.011, 252.992, 0.061, 214.684, 0.009, 245.488, 0.069, 166.847, 0.012, 238.552, 0.061, -206.167, 0.062, 239.054, 0.052, 163.759, 0.005, 230.25, 0.053, -205.766, 0.023,
037-pdm02ABBAa1, 10.580600, 0.000361090909091, 242.718, 0.051, 214.989, 0.012, 243.61, 0.032, 255.856, 0.018, 233.747, 0.01, 192.262, 0.036, 188.071, 0.031, 186.626, 0.012, -197.796, 0.075, 250.868, 0.045, 251.287, 0.057, 194.979, 0.019,
037-pdm02ABBAb1, 10.285300, 0.000926247933884, 178.92, 0.005, 170.863, 0.016, 237.464, 0.02, 240.28, 0.044, 219.817, 0.037, 251.795, 0.016, 229.508, 0.014, 252.865, 0.057, 246.88, 0.036, 248.395, 0.013, 257.91, 0.016, 214.75, 0.047,
037-pdm03ABABa1, 9.864210, 0.000487834710744, 135.34, 0.005, 241.364, 0.058, 217.658, 0.005, 217.019, 0.068, -153.282, 0.082, 245.093, 0.065, 167.461, 0.021, 226.598, 0.049, -205.471, 0.005, 205.347, 0.066, 188.651, 0.007, 201.801, 0.066,
037-pdm03ABABb1, 9.244230, 0.000489504132231, 253.936, 0.069, -236.87, 0.005, 291.83, 0.059, -191.855, 0.075, 281.097, 0.065, 186.915, 0.008, 232.037, 0.071, 218.251, 0.013, 297.119, 0.058, 250.278, 0.007, 269.522, 0.1, 151.701, 0.009,
037-pdm03ABBAa1, 9.075130, 0.0024952892562, 243.443, 0.051, 236.12, 0.055, 201.914, 0.029, 231.848, 0.012, 189.323, 0.016, 238.966, 0.079, 250.743, 0.068, 154.506, 0.055, 218.081, 0.016, 296.212, 0.078, 215.07, 0.061, 240.464, 0.033,
037-pdm03ABBAb1, 8.728700, 0.0103247272727, 224.596, 0.053, 126.905, 0.005, 219.393, 0.014, 209.065, 0.037, 237.276, 0.051, 223.572, 0.121, 217.295, 0.021, 253.842, 0.1, 277.256, 0.073, 220.933, 0.005, 218.609, 0.012, 294.576, 0.15,
037-pdm04ABABa1, 9.197800, 0.000754231404959, -132.784, 0.076, 214.511, 0.053, 183.908, 0.016, 187.29, 0.005, 226.155, 0.011, 237.514, 0.043, 256.613, 0.014, 210.486, 0.059, 235.255, 0.015, 229.738, 0.081, 208.661, 0.016, 225.292, 0.01,
037-pdm04ABABb1, 9.483830, 0.000534595041322, 226.403, 0.062, 174.744, 0.012, 208.555, 0.039, 200.632, 0.013, 186.109, 0.044, 181.758, 0.005, 183.536, 0.029, -148.452, 0.072, 211.993, 0.075, 199.753, 0.037, 203.809, 0.045, 210.818, 0.013,
037-pdm04ABBAa1, 9.462060, 0.00030226446281, 145.558, 0.005, 206.199, 0.056, 183.587, 0.056, 187.111, 0.009, -194.682, 0.077, 250.684, 0.046, 222.324, 0.053, -165.695, 0.065, -135.514, 0.061, 175.238, 0.005, 151.119, 0.021, 150.586, 0.015,
037-pdm04ABBAb1, 8.816600, 0.000620380165289, 261.243, 0.059, -175.499, 0.072, -179.882, 0.07, 191.844, 0.068, 201.749, 0.03, 210.226, 0.005, 209.333, 0.041, 223.449, 0.015, 235.782, 0.061, -186.86, 0.073, 146.43, 0.014, 194.435, 0.005,
037-pdm05ABABa1, 8.012020, 0.000650975206612, -219.241, 0.078, 247.178, 0.069, 214.039, 0.011, 237.369, 0.059, 218.857, 0.012, 274.902, 0.065, -201.584, 0.063, 236.646, 0.063, -167.166, 0.076, 250.535, 0.066, 232.959, 0.014, 168.818, 0.083,
037-pdm05ABABb1, 7.362590, 0.000415785123967, 264.912, 0.098, 205.152, 0.013, 238.145, 0.069, 168.604, 0.014, 259.536, 0.09, 217.251, 0.016, 259.054, 0.078, -167.088, 0.077, 251.231, 0.079, -160.935, 0.081, 257.087, 0.08, -133.015, 0.006,
037-pdm05ABBAa1, 8.453290, 0.000582181818182, -181.422, 0.084, 233.772, 0.066, 259.438, 0.085, -171.837, 0.078, 189.629, 0.011, 194.326, 0.044, 223.574, 0.055, -169.997, 0.07, -176.571, 0.077, 168.919, 0.081, 239.128, 0.063, -165.529, 0.078,
037-pdm05ABBAb1, 8.419930, 0.000248198347107, 290.27, 0.063, -200.352, 0.076, -172.73, 0.077, 213.381, 0.14, 201.048, 0.078, -188.378, 0.077, -156.921, 0.07, 231.343, 0.063, 227.635, 0.061, -169.792, 0.07, 181.359, 0.007, 209.049, 0.068,
037-pdm06ABABa1, 8.365420, 0.000825272727273, 313.317, 0.016, 247.704, 0.071, 146.823, 0.012, 213.796, 0.061, 173.874, 0.016, 238.22, 0.061, 163.284, 0.032, 217.672, 0.063, 168.139, 0.015, 241.704, 0.049, 223.135, 0.055, 204.662, 0.038,
037-pdm06ABABb1, 8.290920, 0.00215127272727, 299.975, 0.423, -160.434, 0.074, 259.41, 0.061, 191.087, 0.016, 215.394, 0.049, 210.137, 0.013, 251.697, 0.065, 220.214, 0.017, 209.07, 0.035, 235.468, 0.019, 234.408, 0.032, 166.875, 0.016,
037-pdm06ABBAa1, 8.663690, 0.000550743801653, 238.68, 0.046, 253.07, 0.067, 261.414, 0.036, -100.962, 0.056, 248.06, 0.031, 242.917, 0.072, 160.227, 0.016, 235.629, 0.03, 255.341, 0.028, 251.514, 0.02, 218.903, 0.016, 229.186, 0.023,
037-pdm06ABBAb1, 7.784450, 0.000578743801653, 141.953, 0.015, 230.198, 0.066, 175.398, 0.083, 196.465, 0.025, 241.937, 0.094, -161.138, 0.067, 278.736, 0.015, 186.755, 0.078, 282.662, 0.092, -156.605, 0.061, 260.085, 0.016, 219.243, 0.086,
037-pdm07ABABa1, 8.545300, 0.000424016528926, 241.565, 0.015, 312.583, 0.075, 254.126, 0.015, 305.636, 0.059, 272.645, 0.011, 317.065, 0.075, 227.525, 0.016, 243.053, 0.083, 257.907, 0.014, 269.147, 0.076, 251.854, 0.009, 300.713, 0.065,
037-pdm07ABABb1, 9.369200, 0.000322876033058, 238.295, 0.075, 213.375, 0.015, 291.074, 0.09, 243.21, 0.011, 279.663, 0.084, 224.012, 0.01, 320.246, 0.074, 284.168, 0.011, 213.287, 0.078, 228.441, 0.015, 311.617, 0.09, 202.224, 0.009,
037-pdm07ABBAa1, 9.654990, 0.000390066115702, 251.541, 0.013, 304.83, 0.072, 288.232, 0.076, -207.326, 0.069, -211.791, 0.074, 306.046, 0.075, 250.349, 0.017, -168.229, 0.076, 253.295, 0.014, 275.921, 0.067, 252.191, 0.053, 195.073, 0.009,
037-pdm07ABBAb1, 9.020980, 0.000938694214876, 212.125, 0.077, 260.627, 0.014, 274.432, 0.011, 273.779, 0.074, 332.632, 0.062, -237.513, 0.079, 215.312, 0.014, 273.737, 0.076, 354.085, 0.026, 251.608, 0.015, 240.424, 0.015, 290.368, 0.043,
037-pdm08ABABa1, 7.771130, 0.00038226446281, 296.65, 0.022, 237.715, 0.078, 199.355, 0.019, 269.416, 0.081, 204.864, 0.019, 235.449, 0.069, 214.722, 0.015, 236.818, 0.071, 229.999, 0.02, 247.644, 0.053, 244.619, 0.019, 230.301, 0.072,
037-pdm08ABABb1, 8.003940, 0.000123702479339, 249.99, 0.078, -120.834, 0.012, 238.382, 0.061, 199.692, 0.018, 232.521, 0.072, 215.526, 0.016, 252.341, 0.075, 214.233, 0.025, 238.722, 0.073, -144.27, 0.012, 230.625, 0.064, 212.413, 0.02,
037-pdm08ABBAa1, 8.166170, 0.000241504132231, 216.969, 0.019, 246.388, 0.073, 231.279, 0.072, 199.172, 0.022, 219.873, 0.02, 252.683, 0.073, 231.087, 0.07, -166.551, 0.081, 199.182, 0.014, 250.37, 0.072, 264.273, 0.07, -143.809, 0.085,
037-pdm08ABBAb1, 7.673850, 0.000464049586777, 270.432, 0.089, -123.076, 0.012, 206.849, 0.018, 247.136, 0.061, 221.581, 0.073, -132.282, 0.079, -157.556, 0.014, 247.826, 0.052, 264.826, 0.085, -124.319, 0.075, 231.307, 0.021, 247.875, 0.055,
037-pdm09ABABa1, 8.552670, 0.00106933884298, 251.692, 0.276, 252.709, 0.085, 223.042, 0.018, 225.871, 0.076, 177.185, 0.013, 155.211, 0.093, 179.128, 0.021, 198.802, 0.078, 240.624, 0.018, 213.809, 0.083, 171.713, 0.023, 190.089, 0.089,
037-pdm09ABABb1, 8.752030, 0.000986991735537, 267.532, 0.295, 249.27, 0.021, 264.144, 0.089, 200.1, 0.026, 260.833, 0.074, 255.302, 0.023, 197.23, 0.065, -187.411, 0.038, 253.434, 0.081, 232.083, 0.023, 156.123, 0.086, 229.837, 0.024,
037-pdm09ABBAa1, 9.608390, 0.00117819834711, 234.398, 0.029, 266.891, 0.072, 287.398, 0.075, 216.759, 0.022, 242.308, 0.023, 263.55, 0.075, 200.166, 0.005, 171.794, 0.011, 170.798, 0.023, 219.591, 0.074, 241.817, 0.076, 177.974, 0.022,
037-pdm09ABBAb1, 9.482190, 8.15371900826e-05, 245.498, 0.069, 230.684, 0.019, 222.525, 0.018, 246.911, 0.075, 255.683, 0.06, 211.496, 0.019, 219.832, 0.024, 207.254, 0.075, 254.232, 0.077, 214.701, 0.022, 179.858, 0.022, 198.242, 0.064,
037-pdm10ABABa1, 8.365720, 0.000534148760331, 271.072, 0.026, 221.714, 0.075, 229.245, 0.023, 252.069, 0.083, 154.338, 0.022, 243.301, 0.076, 186.968, 0.033, 218.316, 0.072, 198.965, 0.024, 205.861, 0.057, 238.109, 0.032, 231.898, 0.088,
037-pdm10ABABb1, 6.649670, 0.0146763801653, 257.332, 0.088, 150.319, 0.029, 232.999, 0.074, 229.926, 0.022, 235.99, 0.091, 193.593, 0.028, 240.77, 0.073, 237.538, 0.033, 230.147, 0.082, 237.213, 0.022, 285.86, 0.092, 272.931, 0.089,
037-pdm10ABBAa1, 7.741810, 0.00113238016529, 230.916, 0.029, 190.28, 0.08, 216.709, 0.089, 197.47, 0.005, 221.012, 0.033, 246.941, 0.079, 274.643, 0.08, -157.283, 0.005, 257.32, 0.095, 214.501, 0.07, 203.077, 0.049, 164.356, 0.058,
037-pdm10ABBAb1, 7.902530, 0.00041041322314, 286.91, 0.083, 155.751, 0.029, 152.275, 0.017, 254.086, 0.067, 235.676, 0.05, 186.443, 0.021, 165.319, 0.017, 226.668, 0.05, 217.14, 0.06, -146.493, 0.08, 193.011, 0.021, 245.802, 0.051,
037-pdm11ABABa1, 8.285310, 0.00124638016529, -146.677, 0.092, 256.332, 0.056, 237.472, 0.028, 233.471, 0.072, -177.696, 0.088, 298.992, 0.065, 255.434, 0.028, 253.491, 0.083, 205.141, 0.012, 266.572, 0.064, 247.724, 0.025, 296.266, 0.086,
037-pdm11ABABb1, 8.752350, 0.000964380165289, 286.926, 0.088, 240.206, 0.031, 295.424, 0.092, 189.169, 0.033, 312.425, 0.074, 236.852, 0.034, 293.753, 0.08, 226.562, 0.063, 328.547, 0.078, 244.441, 0.031, 246.268, 0.026, 245.877, 0.036,
037-pdm11ABBAa1, 8.031060, 0.00156626446281, 170.769, 0.101, 251.985, 0.064, 273.21, 0.066, 233.83, 0.057, 294.154, 0.038, 303.73, 0.076, 293.695, 0.079, 288.331, 0.048, 332.943, 0.091, 282.076, 0.06, 281.648, 0.068, 191.441, 0.031,
037-pdm11ABBAb1, 8.341200, 0.00243879338843, 252.81, 0.076, -147.008, 0.101, 213.048, 0.033, 243, 0.068, 242.618, 0.016, 239.141, 0.067, 268.918, 0.049, 240.576, 0.042, 213.396, 0.26, 215.874, 0.029, 206.72, 0.03, 250.339, 0.073,
037-pdm12ABABa1, 7.577660, 0.000826380165289, 210.477, 0.02, 168.214, 0.095, 218.176, 0.032, 211.723, 0.085, 233.198, 0.024, 180.944, 0.052, 219.181, 0.039, 197.49, 0.073, 204.487, 0.03, 221.49, 0.065, 220.703, 0.025, 191.898, 0.026,
037-pdm12ABABb1, 8.659170, 0.0193923801653, 142.147, 0.087, 175.231, 0.027, 213.114, 0.062, 205.304, 0.033, 223.446, 0.034, 202.029, 0.035, 209.61, 0.069, -164.391, 0.058, -155.352, 0.106, 131.004, 0.005, 188.924, 0.005, -163.454, 0.059,
037-pdm12ABBAa1, 7.790740, 0.00013932231405, 248.575, 0.028, 236.108, 0.076, 232.932, 0.054, 187.822, 0.026, 218.018, 0.022, 238.041, 0.06, 240.552, 0.062, 187.503, 0.005, 200.27, 0.026, 234.832, 0.074, 225.966, 0.049, 187.255, 0.03,
037-pdm12ABBAb1, 7.086450, 0.0037274214876, 234.027, 0.065, -128.138, 0.023, 208.862, 0.016, 186.315, 0.062, 207.187, 0.049, -204.417, 0.22, -187.241, 0.085, 174.871, 0.055, 214.034, 0.073, -143.078, 0.064, 155.6, 0.013, 201.711, 0.067,
037-pdn01ABABa1, 8.569230, 0.000728198347107, 214.849, 0.008, 218.657, 0.074, 182.932, 0.008, 210.98, 0.047, -150.653, 0.068, 178.792, 0.055, 155.873, 0.005, 163.084, 0.038, -137.645, 0.081, 180.955, 0.035, -137.082, 0.062, 227.89, 0.071,
037-pdn01ABABb1, 7.419070, 0.0116240495868, 265.286, 0.093, 170.502, 0.013, 171.733, 0.054, 159, 0.015, 154.721, 0.051, -118.536, 0.021, 212.169, 0.054, 172.993, 0.009, 237.594, 0.041, -123.699, 0.063, 167.179, 0.01, -81.9979, 0.023,
037-pdn01ABBAa1, 7.947780, 0.011335322314, -155.157, 0.07, 215.171, 0.064, 207.296, 0.059, 143.064, 0.012, 172.419, 0.01, 209.23, 0.059, 202.079, 0.045, 176.731, 0.015, 156.64, 0.01, 218.897, 0.045, 218.888, 0.041, 195.688, 0.015,
037-pdn01ABBAb1, 7.475640, 0.000417239669421, 240.685, 0.079, 156.378, 0.016, 176.026, 0.011, 215.718, 0.064, 248.373, 0.071, 203.212, 0.014, -144.667, 0.077, 186.512, 0.029, 215.211, 0.078, -149.7, 0.082, -159.894, 0.079, 230.03, 0.056,
037-pdn02ABABa1, 9.093110, 0.00073441322314, 168.443, 0.017, 222.606, 0.064, -154.766, 0.064, 226.409, 0.049, 177.447, 0.012, 247.203, 0.061, 192.652, 0.023, 208.567, 0.022, 148.219, 0.013, 232.888, 0.077, 202.355, 0.046, 184.698, 0.042,
037-pdn02ABABb1, 7.782520, 0.00141960330579, 242.533, 0.118, 140.537, 0.005, 134.285, 0.122, -145.423, 0.074, 210.149, 0.054, -127.455, 0.066, 224.894, 0.05, 164.759, 0.012, 199.98, 0.07, 191.77, 0.014, 207.313, 0.068, -136.782, 0.077,
037-pdn02ABBAa1, 8.779770, 0.00023147107438, -178.978, 0.078, 253.561, 0.092, 220.592, 0.068, 186.085, 0.011, 187.873, 0.013, 194.053, 0.061, 236.985, 0.049, 179.951, 0.01, 152.136, 0.014, 196.225, 0.062, 175.203, 0.042, 165.428, 0.015,
037-pdn02ABBAb1, 8.452520, 0.000837884297521, 235.297, 0.149, -149.183, 0.068, 179.118, 0.012, 204.936, 0.057, 199.282, 0.064, 171.48, 0.012, 180.407, 0.015, 211.96, 0.054, 205.608, 0.06, -142.041, 0.08, 151.889, 0.01, 182.637, 0.058,
037-pdn03ABABa1, 8.351770, 0.000331719008264, -128.426, 0.046, 234.621, 0.068, -183.489, 0.087, 217.165, 0.084, -192.601, 0.062, 186.12, 0.093, 234.555, 0.013, 224.248, 0.088, -182.261, 0.073, 238.715, 0.092, 197.079, 0.014, 245.109, 0.075,
037-pdn03ABABb1, 8.268700, 0.000472363636364, 250.299, 0.074, -219.669, 0.076, 237.906, 0.063, 199.212, 0.011, 271.635, 0.088, 190.164, 0.013, 264.766, 0.083, 198.029, 0.066, 241.446, 0.231, 183.495, 0.005, -211.621, 0.09, 165.272, 0.009,
037-pdn03ABBAa1, 9.191650, 0.000482330578512, -178.386, 0.081, 208.143, 0.064, 215.134, 0.066, 168.959, 0.009, 213.791, 0.014, 240.967, 0.096, 263.905, 0.085, 179.263, 0.014, 220.24, 0.03, 219.643, 0.058, 250.898, 0.067, 195.743, 0.012,
037-pdn03ABBAb1, 9.119360, 0.000237785123967, 250.754, 0.068, -187.973, 0.073, -197.874, 0.07, 203.034, 0.087, 264.954, 0.072, -187.705, 0.081, -179.143, 0.008, 258.78, 0.091, 273.778, 0.076, -189.33, 0.079, 251.278, 0.015, 241.892, 0.073,
037-pdn04ABABa1, 7.605400, 0.00166087603306, -139.244, 0.072, 252.772, 0.056, 228.355, 0.012, 256.993, 0.069, 269.72, 0.015, 227.412, 0.061, 247.13, 0.023, -171.385, 0.066, 231.152, 0.194, 254.976, 0.092, 272.505, 0.015, 237.04, 0.075,
037-pdn04ABABb1, 7.898770, 0.000471785123967, 243.737, 0.06, 198.615, 0.024, 183.055, 0.048, -189.096, 0.056, 278.275, 0.062, 212.729, 0.016, 238.154, 0.068, -174.115, 0.073, 258.931, 0.06, 212.67, 0.005, 310.576, 0.167, 204.889, 0.011,
037-pdn04ABBAa1, 8.613200, 0.000908925619835, -165.064, 0.071, 291.483, 0.063, 241.467, 0.069, 261.965, 0.124, 231.853, 0.016, 226.481, 0.061, 230.369, 0.068, 215.165, 0.014, 255.753, 0.02, 226.135, 0.059, 239.508, 0.051, -188.915, 0.005,
037-pdn04ABBAb1, 8.506610, 0.000890876033058, 199.989, 0.244, 198.207, 0.016, 232.445, 0.137, 239.221, 0.055, 230.826, 0.058, 228.687, 0.017, 237.315, 0.012, 229.081, 0.05, 227.3, 0.045, 227.015, 0.015, 188.739, 0.015, 226.1, 0.05,
037-pdn05ABABa1, 8.679190, 0.000235504132231, -207.43, 0.075, 188.09, 0.053, 187.036, 0.012, 263.935, 0.057, 174.375, 0.013, 261.551, 0.062, 186.936, 0.016, 215.465, 0.054, 146.116, 0.014, 201.065, 0.054, 201.521, 0.015, 135.807, 0.047,
037-pdn05ABABb1, 7.920120, 0.00048147107438, 293.165, 0.085, 224.412, 0.02, 274.174, 0.075, 213.385, 0.013, 274.252, 0.079, 211.646, 0.012, 240.646, 0.079, 197.746, 0.013, 261.26, 0.053, 178.561, 0.013, 245.208, 0.075, 175.649, 0.018,
037-pdn05ABBAa1, 8.534280, 0.000210512396694, -167.127, 0.083, 239.263, 0.08, 219.515, 0.067, 147.373, 0.015, 175.336, 0.007, 240.381, 0.052, 236.78, 0.057, 183.903, 0.016, -116.975, 0.074, 207.18, 0.052, 229.426, 0.055, 201.543, 0.01,
037-pdn05ABBAb1, 8.502220, 0.000309685950413, 262.076, 0.08, 198.75, 0.015, 190.124, 0.014, 222.445, 0.066, 197.081, 0.078, 192.811, 0.012, 202.906, 0.016, 202.005, 0.068, 225.304, 0.069, 211.711, 0.017, 220.082, 0.015, 231.808, 0.077,
037-pdn06ABABa1, 9.422670, 0.000376066115702, 282.194, 0.025, 276.375, 0.103, 222.907, 0.02, 260.686, 0.084, 286.286, 0.018, 282.32, 0.103, 303.378, 0.021, 284.335, 0.088, 263.399, 0.025, 321.98, 0.096, 244.669, 0.016, 286.278, 0.102,
037-pdn06ABABb1, 9.695570, 0.000587636363636, 226.401, 0.065, -161.553, 0.076, 280.174, 0.085, 181.846, 0.021, 307.67, 0.071, 249.793, 0.016, 283.254, 0.064, 228.333, 0.02, 295.982, 0.062, 311.38, 0.023, 277.729, 0.075, 241.157, 0.018,
037-pdn06ABBAa1, 9.066250, 0.000770198347107, 320.448, 0.062, 265.964, 0.017, 295.208, 0.083, 263.16, 0.017, 258.716, 0.112, 302.205, 0.083, 298.68, 0.068, 216.588, 0.017, 272.747, 0.013, 293.859, 0.091, 273.394, 0.088, 209.353, 0.02,
037-pdn06ABBAb1, 9.364000, 0.000218561983471, 303.857, 0.073, 217.547, 0.019, 228.042, 0.019, 277.799, 0.07, 259.868, 0.018, 300.902, 0.025, 302.366, 0.025, 284.797, 0.076, 350.02, 0.052, 275.148, 0.019, 297.416, 0.019, 239.004, 0.07,
037-pdn07ABABa1, 8.386260, 0.000627603305785, 216.858, 0.014, 247.026, 0.07, 180.659, 0.014, 220.098, 0.033, 175.331, 0.015, 237.681, 0.054, 185.137, 0.014, 238.518, 0.063, -163.467, 0.076, 222.814, 0.064, 193.907, 0.016, 226.111, 0.054,
037-pdn07ABABb1, 8.514390, 8.23801652893e-05, 280.825, 0.069, 192.758, 0.01, 276.814, 0.063, 233.666, 0.016, 276.269, 0.069, 203.866, 0.014, 242.794, 0.058, 209.623, 0.017, 255.944, 0.061, 195.679, 0.013, 243.445, 0.067, 185.645, 0.01,
037-pdn07ABBAa1, 8.187140, 0.000560991735537, 199.861, 0.012, 177.64, 0.016, 239.151, 0.022, 181.732, 0.056, 207.67, 0.011, 241.111, 0.052, 198.073, 0.062, 170.901, 0.018, 201.374, 0.016, 218.959, 0.066, 190.97, 0.043, 200.828, 0.014,
037-pdn07ABBAb1, 8.300720, 0.000263173553719, 290.485, 0.085, -146.047, 0.073, 225.519, 0.013, 208.392, 0.053, 238.87, 0.036, 171.137, 0.008, -163.388, 0.075, 218.737, 0.064, 221.453, 0.063, -144.188, 0.08, 234.91, 0.015, 214.023, 0.064,
037-pdn08ABABa1, 9.633760, 0.000452561983471, 320.671, 0.029, 242.189, 0.084, 236.104, 0.031, 225.889, 0.068, 232.928, 0.019, 289.01, 0.078, 195.749, 0.02, 264.564, 0.062, 220.994, 0.022, 289.19, 0.071, 224.886, 0.018, 231.633, 0.065,
037-pdn08ABABb1, 10.017100, 0.000737702479339, 241.878, 0.083, 234.332, 0.021, 262.065, 0.084, 234.039, 0.018, 274.506, 0.073, 240.526, 0.02, 279.541, 0.076, 246.879, 0.02, 305.084, 0.09, 211.252, 0.015, 292.827, 0.081, 211.581, 0.017,
037-pdn08ABBAa1, 9.738880, 0.000992231404959, -179.553, 0.08, 207.026, 0.083, 245.001, 0.062, 218.019, 0.018, 251.138, 0.021, 262.473, 0.079, 290.042, 0.083, 222.231, 0.016, 181.69, 0.019, 290.425, 0.084, 271.881, 0.078, 232.183, 0.016,
037-pdn08ABBAb1, 8.977850, 0.000806727272727, 252.653, 0.083, 264.603, 0.026, 207.254, 0.026, 226.085, 0.07, -146.949, 0.072, 267.072, 0.047, 222.116, 0.047, 235.245, 0.048, 332.371, 0.077, 278.784, 0.023, 273.5, 0.015, 239.613, 0.063,
037-pdn09ABABa1, 9.155890, 0.000820148760331, 219.736, 0.022, 173.998, 0.054, 202.315, 0.016, 228.236, 0.052, 228.088, 0.019, 218.587, 0.087, 167.281, 0.005, 217.97, 0.051, 190.172, 0.02, 218.386, 0.057, 218.623, 0.021, 245.228, 0.048,
037-pdn09ABABb1, 8.805020, 0.000275239669421, 246.348, 0.06, 164.315, 0.02, 210.746, 0.074, 187.264, 0.016, 199.24, 0.04, 230.929, 0.019, 193.685, 0.05, 205.429, 0.018, 208.671, 0.056, 193.236, 0.019, 214.906, 0.065, 207.051, 0.026,
037-pdn09ABBAa1, 8.779170, 0.000352545454545, 187.052, 0.026, 261.116, 0.078, 204.067, 0.067, 174.579, 0.018, -164.677, 0.055, 225.168, 0.052, 216.185, 0.048, 176.244, 0.022, 184.628, 0.019, 238.055, 0.066, 212.444, 0.056, -177.398, 0.064,
037-pdn09ABBAb1, 8.960850, 0.00114287603306, 197.573, 0.061, -184.675, 0.021, -112.996, 0.05, 187.623, 0.023, 246.758, 0.039, 166.193, 0.026, 223.679, 0.036, 212.935, 0.027, 257.713, 0.025, 194.437, 0.049, 173.563, 0.022, 219.887, 0.032,
037-pdn10ABABa1, 9.045220, 0.00349414876033, 265.02, 0.277, 248.327, 0.032, 285.973, 0.05, 273.537, 0.085, 242.374, 0.023, 277.706, 0.091, 248.417, 0.031, 271.96, 0.088, 238.777, 0.029, 225.903, 0.097, 227.28, 0.028, 219.378, 0.084,
037-pdn10ABABb1, 9.478380, 0.000219603305785, 321.31, 0.075, 237.273, 0.023, 269.346, 0.082, -179.253, 0.076, 239.757, 0.048, 243.362, 0.057, 253.463, 0.034, 242.685, 0.026, 240.665, 0.084, 241.549, 0.025, 269.255, 0.076, 229.039, 0.06,
037-pdn10ABBAa1, 9.024460, 0.000134776859504, -155.562, 0.018, 238.996, 0.088, 228.201, 0.074, -129.497, 0.054, -121.904, 0.058, 248.272, 0.048, 242.534, 0.072, -186.059, 0.072, -129.267, 0.005, 247.911, 0.064, 235.909, 0.07, 177.406, 0.008,
037-pdn10ABBAb1, 8.045210, 0.00256487603306, 250.582, 0.019, 203.84, 0.077, 250.547, 0.076, 234.901, 0.071, 224.855, 0.254, 231.99, 0.079, 243.204, 0.08, -191.64, 0.062, 276.523, 0.069, 215.534, 0.023, 178.857, 0.031, 209.909, 0.059,
037-pdn11ABABa1, 9.343750, 0.000196512396694, 209.421, 0.031, 243.306, 0.054, 222.218, 0.039, 175.241, 0.078, 192.21, 0.029, 256.528, 0.067, 277.368, 0.031, 258.974, 0.058, 254.941, 0.043, 241.331, 0.059, 284.257, 0.041, 191.633, 0.046,
037-pdn11ABABb1, 5.119280, 0.105317785124, 193.92, 0.195, 164.718, 0.035, 144.234, 0.05, -131.141, 0.117, 171.811, 0.059, 122.975, 0.076, 100.897, 0.063, 194.145, 0.281, 163.511, 0.048, 124.364, 0.085, 125.956, 0.049, 146.615, 0.075,
037-pdn11ABBAa1, 9.064270, 0.000338330578512, 236.483, 0.029, 255.382, 0.057, 255.581, 0.07, 204.563, 0.035, 263.459, 0.043, 233.609, 0.063, 232.802, 0.048, 168.044, 0.03, 258.705, 0.066, 227.628, 0.054, 227.028, 0.045, 204.822, 0.023,
037-pdn11ABBAb1, 9.138680, 0.000822545454545, 258.716, 0.095, 226.809, 0.033, 238.569, 0.028, 201.83, 0.053, 258.747, 0.029, 241.551, 0.048, 223.774, 0.04, 292.454, 0.041, 252.206, 0.09, 228.836, 0.035, 228.274, 0.029, 234.805, 0.075,
037-pdn12ABABa1, 8.658870, 0.00067241322314, 248.207, 0.025, 285.956, 0.076, 227.792, 0.033, 234.931, 0.087, 204.661, 0.028, 278.669, 0.072, 240.449, 0.028, 238.348, 0.08, 221.184, 0.022, 222.023, 0.065, 209.685, 0.033, 227.98, 0.082,
037-pdn12ABABb1, 9.257800, 0.000550595041322, 275.849, 0.059, 285.67, 0.022, 233.826, 0.052, 221.5, 0.025, -206.419, 0.119, 207.474, 0.024, 240.556, 0.066, 182.228, 0.025, 199.805, 0.057, 204.303, 0.02, 281.127, 0.075, 204.756, 0.023,
037-pdn12ABBAa1, 9.802820, 0.000584776859504, 224.182, 0.067, 256.548, 0.027, 265.424, 0.041, 221.435, 0.042, 294.858, 0.031, 261.228, 0.071, 256.684, 0.082, 201.546, 0.035, 274.348, 0.058, 270.016, 0.072, 252.054, 0.033, 223.245, 0.023,
037-pdn12ABBAb1, 9.051270, 0.00174953719008, 239.02, 0.275, 218.463, 0.021, 222.353, 0.032, 222.962, 0.059, 247.631, 0.077, 234.679, 0.027, 232.114, 0.025, 241.724, 0.073, 250.732, 0.066, 249.418, 0.024, 217.638, 0.03, 252.149, 0.081,
037-psm01ABABa1, 9.760860, 0.000244446280992, 161.099, 0.015, 215.509, 0.006, 240.408, 0.071, -193.409, 0.058, 231.087, 0.043, 196.177, 0.008, 276.46, 0.054, 196.491, 0.016, 253.353, 0.058, 201.471, 0.009, 239.303, 0.07, 198.379, 0.008,
037-psm01ABABb1, 9.358640, 0.000278561983471, 194.724, 0.013, 193.799, 0.071, 214.86, 0.015, 211.902, 0.033, 250.323, 0.01, 278.936, 0.075, 241.138, 0.03, 229.264, 0.093, 214.622, 0.013, 214.376, 0.057, 247.257, 0.017, 223.476, 0.067,
037-psm01ABBAa1, 9.556190, 0.000150231404959, 227.075, 0.047, -153.093, 0.086, 240.992, 0.01, 249.428, 0.036, 253.888, 0.01, 208.614, 0.007, -168.931, 0.01, 243.38, 0.046, 267.389, 0.039, 206.133, 0.014, 216.897, 0.016, 219.075, 0.049,
037-psm01ABBAb1, 9.616600, 0.000158909090909, 232.94, 0.013, 223.763, 0.061, 242.404, 0.05, 228.818, 0.017, 239.954, 0.009, 261.395, 0.06, 270.252, 0.063, 202.141, 0.009, -138.507, 0.077, 223.824, 0.048, 236.042, 0.015, 222.417, 0.041,
037-psm02ABABa1, 8.956330, 0.00127638016529, 263.942, 0.052, 227.752, 0.012, 213.718, 0.06, 177.912, 0.008, 221.126, 0.081, 199.741, 0.011, 193.122, 0.07, 228.48, 0.027, 233.58, 0.088, 240.336, 0.01, 244.527, 0.095, 161.261, 0.007,
037-psm02ABABb1, 7.425930, 0.00120242975207, 224.662, 0.223, 234.316, 0.06, -164.448, 0.068, -183.117, 0.119, -202.819, 0.078, 260.904, 0.053, 231.847, 0.02, 238.587, 0.044, 215.414, 0.009, 242.506, 0.051, 206.195, 0.012, 191.581, 0.035,
037-psm02ABBAa1, 8.851230, 0.000177338842975, 263.624, 0.062, 175.839, 0.011, 219.515, 0.01, 228.998, 0.057, 242.885, 0.052, 187.415, 0.012, 227.038, 0.012, 210.853, 0.033, 273.656, 0.048, 209.369, 0.013, 218.018, 0.008, 253.244, 0.052,
037-psm02ABBAb1, 8.047470, 0.000424016528926, -233.272, 0.08, 231.757, 0.062, -188.242, 0.066, 210.465, 0.058, -177.7, 0.072, 249.848, 0.064, 238.911, 0.062, -175.481, 0.076, 266.761, 0.014, 228.83, 0.074, 216.305, 0.065, 192.571, 0.043,
037-psm03ABABa1, 9.388830, 0.00273242975207, 272.145, 0.314, -162.478, 0.084, 282.954, 0.054, -125.189, 0.081, 272.891, 0.087, 182.658, 0.012, 242.892, 0.08, 225.754, 0.011, 326.415, 0.054, 234.722, 0.01, 199.583, 0.036, -205.996, 0.08,
037-psm03ABABb1, 10.087100, 0.000177537190083, 220.939, 0.005, 258.668, 0.077, -150.953, 0.071, 202.726, 0.078, 167.578, 0.015, 242.344, 0.072, -130.751, 0.072, 220.131, 0.071, -166.681, 0.077, 240.753, 0.082, 204.297, 0.01, 238.209, 0.067,
037-psm03ABBAa1, 9.582680, 0.00116933884298, 222.511, 0.054, 234.764, 0.013, 158.259, 0.005, 156.92, 0.014, 210.003, 0.014, 236.42, 0.034, 241.614, 0.039, 244.613, 0.026, 296.743, 0.068, 213.292, 0.014, 220.226, 0.015, 209.777, 0.01,
037-psm03ABBAb1, 9.569690, 0.000102231404959, -150.444, 0.064, 212.284, 0.068, 234.225, 0.073, 199.096, 0.009, -196.194, 0.071, 229.002, 0.05, 246.766, 0.058, -185.2, 0.069, 208.57, 0.009, 239.211, 0.049, 222.831, 0.036, 183.197, 0.01,
037-psm04ABABa1, 8.261720, 0.000227685950413, 268.016, 0.055, -176.635, 0.061, 216.41, 0.033, 213.755, 0.008, 250.764, 0.041, 224.17, 0.009, 240.892, 0.031, 171.292, 0.061, 260.13, 0.054, 193.537, 0.013, 193.592, 0.025, 152.661, 0.02,
037-psm04ABABb1, 5.882250, 0.0319546942149, 120.059, 0.026, 137.995, 0.073, -125.339, 0.028, -170.567, 0.04, 170.081, 0.005, 167.236, 0.005, 158.758, 0.013, 143.85, 0.015, 111.487, 0.091, 177.774, 0.019, 107.067, 0.005, 142.51, 0.027,
037-psm04ABBAa1, 8.754380, 0.000601107438017, 263.453, 0.055, -128.59, 0.059, 217.214, 0.009, 202.541, 0.037, 227.875, 0.041, 181.11, 0.013, 199.692, 0.045, 166.928, 0.021, 199.497, 0.01, 214.215, 0.014, -187.696, 0.039, 193.675, 0.026,
037-psm04ABBAb1, 8.627140, 0.000984776859504, -167.016, 0.058, 227.131, 0.049, 228.156, 0.046, -142.862, 0.045, 181.496, 0.014, 225.793, 0.053, 208.93, 0.043, -185.113, 0.083, 187.516, 0.01, 218.284, 0.042, 207.866, 0.044, 205.892, 0.007,
037-psm05ABABa1, 8.822550, 0.000694148760331, 309.804, 0.083, 172.933, 0.012, 247.85, 0.049, 182.685, 0.01, 226.781, 0.044, 202.547, 0.013, 226.951, 0.058, 235.999, 0.011, 246.624, 0.079, 194.252, 0.012, 255.528, 0.082, 203.464, 0.009,
037-psm05ABABb1, 8.952780, 0.00034279338843, 313.614, 0.016, 246.171, 0.07, 197.002, 0.015, 261.429, 0.086, 229.651, 0.013, 288.272, 0.102, 185.915, 0.015, 255.66, 0.091, 236.111, 0.015, 243.327, 0.055, 215.021, 0.015, 204.789, 0.078,
037-psm05ABBAa1, 9.006900, 0.000217537190083, 243.145, 0.073, 182.368, 0.017, 206.942, 0.016, 240.135, 0.081, 214.155, 0.047, 208.206, 0.015, 205.979, 0.016, 248.544, 0.082, 251.909, 0.06, 211.293, 0.019, 207.633, 0.012, 221.043, 0.066,
037-psm05ABBAb1, 9.134240, 4.43305785124e-05, -169.85, 0.068, 209.117, 0.062, 226.236, 0.078, -159.128, 0.078, 200.3, 0.011, 234.33, 0.067, 224.097, 0.062, 149.369, 0.009, 209.878, 0.013, 226.015, 0.06, 249.224, 0.074, -160.447, 0.081,
037-psm06ABABa1, 8.457900, 0.000458512396694, 303.356, 0.063, 205.554, 0.013, 275.878, 0.072, 225.147, 0.024, 253.848, 0.073, 172.735, 0.005, 216.633, 0.046, 158.891, 0.014, 252.067, 0.069, 184.606, 0.015, 254.425, 0.075, 189.578, 0.006,
037-psm06ABABb1, 8.137020, 0.000783966942149, 199.371, 0.013, 206.052, 0.051, 152.885, 0.021, 250.886, 0.062, 166.153, 0.012, 235.908, 0.065, 177.354, 0.021, 205.804, 0.045, -201.343, 0.005, 229.923, 0.045, 122.13, 0.017, 184.586, 0.062,
037-psm06ABBAa1, 8.616520, 0.000867719008264, 241.464, 0.091, 194.089, 0.016, -184.911, 0.073, 231.048, 0.08, 257.516, 0.061, 170.293, 0.013, 153.8, 0.019, 229.817, 0.059, 255.625, 0.066, 218.834, 0.007, 179.149, 0.014, 199.626, 0.058,
037-psm06ABBAb1, 8.803730, 0.000375900826446, 212.556, 0.028, 135.555, 0.005, 224.307, 0.068, -156.752, 0.088, -155.634, 0.07, 205.287, 0.069, 230.52, 0.063, 143.99, 0.005, -132.589, 0.078, 260.147, 0.081, 259.981, 0.073, -125.574, 0.084,
037-psm07ABABa1, 8.819740, 0.00131414876033, 264.008, 0.064, 244.346, 0.017, 260.007, 0.052, 247.919, 0.018, 249.551, 0.02, 253.157, 0.014, 282.461, 0.038, 234.587, 0.009, 280.629, 0.026, 231.208, 0.013, 291.331, 0.058, 270.641, 0.015,
037-psm07ABABb1, 8.883530, 0.000379239669421, 236.297, 0.015, 257.514, 0.064, 252.554, 0.014, 294.52, 0.062, 238.405, 0.014, 254.733, 0.059, 273.738, 0.014, 299.966, 0.056, 266.189, 0.014, 291.963, 0.068, 221.505, 0.014, 247.894, 0.064,
037-psm07ABBAa1, 9.144480, 0.000968330578512, 314.242, 0.069, 242.384, 0.012, -128.655, 0.08, 295.204, 0.075, 286.978, 0.038, 248.49, 0.015, -148.781, 0.074, 273.553, 0.063, 321.048, 0.057, 294.953, 0.013, 225.147, 0.014, 256.023, 0.071,
037-psm07ABBAb1, 9.186870, 0.000541355371901, 239.24, 0.015, 235.826, 0.074, 320.943, 0.072, 254.37, 0.014, 187.713, 0.015, 258.933, 0.062, 268.382, 0.074, 219.001, 0.014, 233.763, 0.013, 309.596, 0.061, 302.801, 0.047, 202.181, 0.012,
037-psm08ABABa1, 9.855950, 0.000556561983471, 235.379, 0.062, 236.841, 0.013, 228.836, 0.044, 159.94, 0.025, 290.674, 0.055, 252.375, 0.014, 300.76, 0.056, 215.142, 0.013, 279.429, 0.063, 161.348, 0.014, 215.63, 0.017, 135.103, 0.039,
037-psm08ABABb1, 9.319040, 0.00141008264463, 232.938, 0.02, 249.62, 0.071, 224.956, 0.015, 320.432, 0.082, 292.624, 0.015, 263.788, 0.084, 265.842, 0.015, 234.505, 0.058, 229.555, 0.015, 207.462, 0.005, 236.29, 0.015, 221.44, 0.081,
037-psm08ABBAa1, 8.389790, 0.0213696033058, 177.448, 0.073, 189.909, 0.018, 254.048, 0.028, 255.221, 0.017, 154.276, 0.035, 218.382, 0.015, 304.368, 0.067, 141.84, 0.038, 238.759, 0.159, 253.497, 0.015, 241.845, 0.014, 194.541, 0.005,
037-psm08ABBAb1, 9.510330, 0.000950016528926, -175.869, 0.079, 250.884, 0.073, 247.692, 0.015, 258.433, 0.079, 192.768, 0.016, 274.902, 0.081, 177.029, 0.005, 181.92, 0.015, 219.65, 0.01, 175.373, 0.054, 250.862, 0.067, 170.247, 0.015,
037-psm09ABABa1, 9.351680, 0.000810198347107, 247.893, 0.294, 199.766, 0.023, 231.989, 0.054, 197.143, 0.022, 247.834, 0.071, 219.119, 0.024, 288.614, 0.077, 194.423, 0.024, 268.969, 0.082, 219.662, 0.017, 253.469, 0.068, 226.185, 0.055,
037-psm09ABABb1, 8.585510, 0.00194672727273, 244.42, 0.044, 184.519, 0.047, 237.268, 0.025, 197.005, 0.086, 207.185, 0.019, 236.709, 0.066, 202.133, 0.026, 206.732, 0.099, 295.747, 0.021, 203.025, 0.053, 218.131, 0.025, 204.996, 0.076,
037-psm09ABBAa1, 9.095170, 0.000612512396694, 241.881, 0.075, 181.573, 0.013, 190.503, 0.025, 217.099, 0.071, 256.518, 0.062, 198.095, 0.024, 209.36, 0.024, 167.162, 0.033, 235.449, 0.066, 174.409, 0.029, 212.328, 0.025, 248.539, 0.098,
037-psm09ABBAb1, 8.626710, 0.000818991735537, 224.619, 0.026, 240.277, 0.073, 216.777, 0.053, 243.593, 0.028, 212.198, 0.03, 252.83, 0.084, 232.099, 0.07, 176.581, 0.013, 199.957, 0.022, 200.146, 0.005, -190.116, 0.005, 223.695, 0.027,
037-psm10ABABa1, 9.119030, 0.00167553719008, 263.463, 0.08, 185.062, 0.023, 234.692, 0.077, 211.23, 0.021, 223.316, 0.06, 231.838, 0.035, 189.302, 0.062, 201.821, 0.039, 243.511, 0.055, 176.485, 0.032, 186.368, 0.005, 219.128, 0.029,
037-psm10ABABb1, 9.427560, 0.000272925619835, 220.315, 0.024, 216.035, 0.084, 204.424, 0.022, 179.129, 0.071, 183.008, 0.02, 213.84, 0.04, 235.212, 0.026, -176.357, 0.058, 189.551, 0.022, 209.014, 0.056, 220.467, 0.022, 199.579, 0.086,
037-psm10ABBAa1, 9.147670, 0.000548016528926, 254.671, 0.061, 221.11, 0.025, 178.486, 0.022, 266.641, 0.068, 243.756, 0.056, 252.584, 0.026, 245.222, 0.029, 156.74, 0.059, 258.777, 0.069, 211.003, 0.027, 197.056, 0.033, 198.059, 0.053,
037-psm10ABBAb1, 9.455160, 0.00022305785124, 195.016, 0.022, 259.952, 0.083, 229.838, 0.078, 198.355, 0.026, 234.579, 0.028, 291.557, 0.07, 259.589, 0.071, 197.008, 0.014, 227.897, 0.02, 253.683, 0.069, 255.575, 0.069, 208.095, 0.024,
037-psm11ABABa1, 9.515040, 0.000538380165289, 264.443, 0.059, 231.553, 0.023, 225.155, 0.079, 239.941, 0.034, 284.635, 0.078, 214.64, 0.026, 271.355, 0.089, 247.099, 0.025, 201.952, 0.103, 249.486, 0.029, 269.258, 0.085, 266.537, 0.028,
037-psm11ABABb1, 9.767980, 0.000211685950413, 219.885, 0.027, 238.097, 0.06, 200.534, 0.025, 270.663, 0.076, 224.129, 0.016, 272.839, 0.065, 244.819, 0.019, 223.598, 0.075, 260.492, 0.021, 246.225, 0.068, 168.591, 0.009, 259.556, 0.068,
037-psm11ABBAa1, 9.780700, 0.000538198347107, 251, 0.066, 241.473, 0.023, 235.719, 0.021, 177.649, 0.076, 291.69, 0.074, 274.575, 0.025, 255.399, 0.017, 235.254, 0.08, 299.814, 0.084, 259.837, 0.029, 245.246, 0.025, 224.513, 0.033,
037-psm11ABBAb1, 10.186900, 0.00044532231405, 172.414, 0.023, 250.415, 0.063, 263.807, 0.075, 210.558, 0.031, 271.097, 0.023, 250.98, 0.055, 236.825, 0.076, 142.979, 0.005, 189.226, 0.024, 243.476, 0.068, 228.047, 0.071, 145.339, 0.005,
037-psm12ABABa1, 8.730460, 0.00169899173554, 263.866, 0.028, 206.837, 0.019, 241.486, 0.029, 249.33, 0.041, 227.259, 0.027, 207.825, 0.028, 208.641, 0.028, 195.75, 0.02, 233.726, 0.025, 217.48, 0.026, 199.625, 0.023, 220.294, 0.033,
037-psm12ABABb1, 8.567700, 0.000512876033058, 219.668, 0.057, 210.661, 0.029, 230.898, 0.054, 243.107, 0.031, 185.197, 0.027, 252.898, 0.061, 231.349, 0.028, 262.837, 0.074, 218.674, 0.036, 233.443, 0.076, 229.194, 0.024, 234.474, 0.079,
037-psm12ABBAa1, 9.767370, 0.000640809917355, 237.118, 0.065, 197.331, 0.021, 203.557, 0.021, 175.251, 0.005, 266.598, 0.047, 211.029, 0.026, 244.546, 0.035, 173.09, 0.005, 230.112, 0.06, 236.548, 0.02, 218.713, 0.031, 261.206, 0.074,
037-psm12ABBAb1, 9.104440, 0.001204, 227.597, 0.027, 252.846, 0.066, 244.778, 0.083, 197.773, 0.02, 255.532, 0.083, 199.582, 0.026, 238.617, 0.027, 212.9, 0.078, 254.557, 0.051, 199.474, 0.024, 221.495, 0.029, 239.847, 0.086,
037-psn01ABABa1, 8.641470, 0.000698, 224.298, 0.06, -182.046, 0.067, 251.989, 0.092, 186.606, 0.018, 217.336, 0.057, 181.161, 0.005, 232.871, 0.092, 176.63, 0.017, 262.52, 0.07, 245.687, 0.015, 281.793, 0.088, 182.266, 0.015,
037-psn01ABABb1, 7.555570, 0.00371705785124, 257.902, 0.215, 231.187, 0.069, -158.66, 0.085, 243.502, 0.08, 245.781, 0.017, 233.828, 0.055, 179.551, 0.005, 225.227, 0.058, -149.016, 0.079, 238.712, 0.072, 240.18, 0.022, 151.509, 0.012,
037-psn01ABBAa1, 8.470130, 0.000229537190083, 140.692, 0.073, 257.878, 0.015, 235.627, 0.017, 221.206, 0.058, 226.564, 0.052, 207.567, 0.016, 247.283, 0.015, 223.787, 0.056, 228.521, 0.038, 258.193, 0.013, 212.418, 0.013, 166.552, 0.005,
037-psn01ABBAb1, 7.765100, 0.00908861157025, 195.939, 0.165, 239.144, 0.066, 252.298, 0.063, -175.839, 0.08, 214.23, 0.016, 277.312, 0.056, 198.953, 0.019, 252.882, 0.009, 240.624, 0.019, 138.141, 0.002, -137.335, 0.005, -197.895, 0.075,
037-psn02ABABa1, 8.280720, 0.000488809917355, 231.203, 0.066, -149.906, 0.076, 274.97, 0.08, 251.878, 0.016, 229.335, 0.082, 223.479, 0.015, 243.376, 0.098, 173.757, 0.093, 256.721, 0.055, 213.84, 0.018, 248.9, 0.058, 230.631, 0.01,
037-psn02ABABb1, 8.516870, 0.000102958677686, 256.214, 0.014, 243.966, 0.07, 244.426, 0.016, 218.014, 0.082, -207.323, 0.081, 239.791, 0.072, 269.59, 0.014, 221.483, 0.058, -198.134, 0.075, 265.541, 0.064, 204.689, 0.014, 229.25, 0.061,
037-psn02ABBAa1, 8.387610, 0.000686082644628, 197.607, 0.059, -163.401, 0.072, 231.421, 0.014, 247.548, 0.07, 218.021, 0.08, -177.546, 0.07, 248.471, 0.014, 203.167, 0.049, 265.83, 0.055, 213.416, 0.015, 239.701, 0.048, 240.622, 0.011,
037-psn02ABBAb1, 8.222720, 0.000528049586777, -179.302, 0.075, 241.388, 0.054, 273.44, 0.078, -160.435, 0.072, -147.603, 0.075, 272.866, 0.067, 246.047, 0.062, 202.172, 0.015, -143.914, 0.013, 203.952, 0.03, 241.558, 0.056, 210.545, 0.04,
037-psn03ABABa1, 9.183060, 0.000495702479339, 248.072, 0.071, -203.101, 0.068, 218.092, 0.073, -180.167, 0.069, 234.649, 0.09, 180.865, 0.005, 191.125, 0.05, 135.391, 0.005, 263.583, 0.005, -204.04, 0.005, 197.695, 0.043, 197.254, 0.042,
037-psn03ABABb1, 8.969130, 0.00310451239669, 194.46, 0.184, 196.129, 0.097, 209.792, 0.018, 194.698, 0.08, 215.132, 0.018, 255.357, 0.084, 234.89, 0.018, 252.457, 0.083, 236.892, 0.019, 204.031, 0.076, 245.384, 0.021, 252.765, 0.08,
037-psn03ABBAa1, 9.502240, 0.000124512396694, 233.904, 0.058, -184.189, 0.072, 198.518, 0.016, 270.464, 0.077, 258.355, 0.066, 178.01, 0.017, 207.522, 0.017, 252.863, 0.074, 257.315, 0.071, 177.808, 0.016, 178.999, 0.016, 235.27, 0.07,
037-psn03ABBAb1, 9.216750, 0.000343834710744, 210.08, 0.015, 220.614, 0.086, 209.647, 0.018, 205.235, 0.07, 232.626, 0.014, 191.753, 0.056, 215.139, 0.06, 200.422, 0.005, 181.485, 0.276, 232.42, 0.073, 204.446, 0.062, 171.259, 0.024,
037-psn04ABABa1, 8.067750, 0.00401659504132, 320.138, 0.427, -176.632, 0.077, 224.31, 0.047, -144.081, 0.081, 234.82, 0.037, 207.647, 0.013, 218.891, 0.065, 163.814, 0.036, 187.03, 0.051, 201.851, 0.013, 226.007, 0.062, 166.337, 0.013,
037-psn04ABABb1, 8.854200, 0.000460429752066, 215.793, 0.015, 238.535, 0.065, -152.205, 0.065, 215.413, 0.053, 201.887, 0.012, 209.834, 0.061, -176.672, 0.076, 243.864, 0.055, -146.341, 0.025, 201.276, 0.071, -176.577, 0.077, 173.261, 0.055,
037-psn04ABBAa1, 8.120510, 0.00220826446281, 246.913, 0.183, -155.864, 0.076, 216.974, 0.052, 174.935, 0.024, 205.933, 0.124, 217.266, 0.007, -153.71, 0.074, 240.67, 0.062, 221.607, 0.049, -161.747, 0.07, 177.476, 0.009, 216.555, 0.041,
037-psn04ABBAb1, 8.904350, 0.000369338842975, 152.531, 0.005, 212.227, 0.058, 207.858, 0.064, -164.23, 0.069, 186.495, 0.019, 193.212, 0.047, 186.535, 0.017, 154.792, 0.037, -166.455, 0.077, 217.467, 0.041, 198.442, 0.048, -114.53, 0.067,
037-psn05ABABa1, 9.818120, 0.000335289256198, 241.75, 0.081, 249.896, 0.019, 266.325, 0.084, 177.571, 0.018, 257.434, 0.109, 246.701, 0.013, 301.209, 0.083, 200.3, 0.017, 278.323, 0.064, 232.047, 0.012, 288.068, 0.08, 183.938, 0.015,
037-psn05ABABb1, 7.908410, 0.0192912892562, 224.404, 0.014, 249.348, 0.072, -174.68, 0.078, 279.204, 0.079, 205.39, 0.081, 240.002, 0.071, 216.305, 0.008, 199.782, 0.07, 196.73, 0.012, 206.968, 0.081, 189.421, 0.01, 227.739, 0.075,
037-psn05ABBAa1, 9.858840, 0.000189173553719, 263.41, 0.084, -174.667, 0.082, 249.94, 0.014, 247.386, 0.079, 229.488, 0.075, 259.904, 0.015, 242.869, 0.015, 219.505, 0.068, 285.612, 0.067, 180.236, 0.015, 215.945, 0.015, 186.974, 0.111,
037-psn05ABBAb1, 10.045700, 0.00196310743802, 228.966, 0.017, 253.93, 0.073, 169.531, 0.009, 165.985, 0.005, 237.045, 0.015, 244.791, 0.083, 191.3, 0.005, 158.233, 0.013, 199.422, 0.012, 210.702, 0.034, 223.214, 0.018, 225.352, 0.024,
037-psn06ABABa1, 7.804850, 0.000431603305785, 225.624, 0.077, 183.604, 0.013, 268.843, 0.058, 188.546, 0.009, 301.726, 0.071, 184.479, 0.008, 255.696, 0.066, 167.157, 0.015, 260.628, 0.078, 246.128, 0.017, 236.456, 0.096, 257.631, 0.146,
037-psn06ABABb1, 8.139950, 0.000328049586777, 245.722, 0.018, 229.866, 0.071, 252.059, 0.015, 271.657, 0.056, 248.231, 0.008, 279.115, 0.074, 239.209, 0.014, 253.793, 0.078, 233.38, 0.013, 266.271, 0.071, 260.585, 0.009, 130.863, 0.006,
037-psn06ABBAa1, 8.880100, 0.000411818181818, 230.244, 0.07, 238.11, 0.008, 191.327, 0.014, 190.269, 0.063, 197.383, 0.059, 171.48, 0.009, 191.321, 0.008, 206.556, 0.052, 255.707, 0.06, -163.228, 0.014, 223.851, 0.012, 197.372, 0.049,
037-psn06ABBAb1, 8.626230, 0.00171571900826, 234.383, 0.02, 233.884, 0.066, 221.464, 0.059, -143.48, 0.077, -167.119, 0.078, 266.963, 0.067, 238.068, 0.07, -174.559, 0.068, 232.016, 0.038, 228.222, 0.007, 284.589, 0.081, 209.585, 0.011,
037-psn07ABABa1, 8.000450, 0.000609966942149, 278.149, 0.076, 172.294, 0.013, 247.567, 0.065, 198.887, 0.016, 248.638, 0.064, 223.617, 0.014, 251.704, 0.082, 186.533, 0.061, 251.337, 0.064, 183.459, 0.014, 246.431, 0.018, 209.928, 0.068,
037-psn07ABABb1, 7.863740, 0.000542958677686, 284.593, 0.019, 285.9, 0.092, 235.174, 0.015, 245.511, 0.075, 215.08, 0.015, 197.472, 0.059, 234.463, 0.015, 211.16, 0.067, 174.885, 0.014, 225.819, 0.06, 226.414, 0.016, 225.164, 0.076,
037-psn07ABBAa1, 8.385740, 0.00025932231405, 248.566, 0.021, 207.468, 0.015, 188.106, 0.053, 195.15, 0.034, 208.776, 0.047, 174.314, 0.013, 185.343, 0.016, 208.561, 0.069, -172.572, 0.005, 216.751, 0.013, -151.621, 0.012, 226.058, 0.078,
037-psn07ABBAb1, 7.922140, 0.00117550413223, 178.078, 0.082, -153.953, 0.123, -195.02, 0.008, 227.502, 0.062, 194.154, 0.012, 203.623, 0.056, 169.158, 0.039, 169.351, 0.04, -144.501, 0.08, 174.246, 0.026, 189.778, 0.031, -154.687, 0.074,
037-psn08ABABa1, 8.809010, 0.00134590082645, 265.966, 0.066, 236.702, 0.023, 266.129, 0.078, 201.754, 0.016, 241.906, 0.078, 185.434, 0.013, 191.212, 0.005, 200.599, 0.016, 257.735, 0.064, 212.442, 0.013, 181.376, 0.031, 196.195, 0.01,
037-psn08ABABb1, 8.709410, 0.00130188429752, 262.28, 0.015, 244.937, 0.076, 202.466, 0.017, 267.524, 0.066, 228.272, 0.015, 268.713, 0.084, 203.292, 0.015, 243.988, 0.063, 214.588, 0.011, 221.502, 0.005, 219.694, 0.014, 226.124, 0.053,
037-psn08ABBAa1, 8.972490, 0.000327289256198, 232.013, 0.074, 214.052, 0.017, 248.75, 0.014, 247.727, 0.067, 179.906, 0.065, 208.022, 0.021, 244.036, 0.016, 180.281, 0.074, 244.771, 0.062, 193.441, 0.016, 233.447, 0.018, 261.946, 0.075,
037-psn08ABBAb1, 9.338160, 0.000957867768595, -147.166, 0.078, 176.846, 0.005, -154.014, 0.059, 202.58, 0.016, 187.727, 0.015, 170.6, 0.014, 174.178, 0.005, 175.776, 0.014, -151.48, 0.077, 187.742, 0.007, 161.528, 0.005, 171.87, 0.015,
037-psn09ABABa1, 9.433650, 0.000250049586777, 208.634, 0.079, 223.655, 0.021, 268.853, 0.071, 172.682, 0.026, 200.668, 0.066, 232.625, 0.026, 256.438, 0.075, 144.281, 0.056, 240.256, 0.049, 220.275, 0.024, 169.403, 0.037, 180.229, 0.038,
037-psn09ABABb1, 8.994000, 0.00070079338843, 172.769, 0.21, 229.886, 0.063, 221.703, 0.022, 196.473, 0.086, 226.101, 0.02, 250.254, 0.062, 219.043, 0.02, 98.3205, 0.022, 240.987, 0.021, 244.923, 0.084, 249.221, 0.028, 219.855, 0.071,
037-psn09ABBAa1, 9.656590, 0.000720512396694, 197.461, 0.066, 250.56, 0.03, 220.222, 0.027, 193.168, 0.076, 251.932, 0.085, 209.419, 0.028, 250.966, 0.025, -146.847, 0.054, 272.69, 0.042, 281.636, 0.032, 190.815, 0.014, 184.816, 0.092,
037-psn09ABBAb1, 9.729800, 0.00123532231405, -154.221, 0.069, 197.047, 0.036, 239.956, 0.061, 174.6, 0.013, 186.748, 0.024, 236.84, 0.049, 208.749, 0.005, -131.274, 0.067, 156.446, 0.012, 214.333, 0.042, 182.764, 0.028, 154.155, 0.025,
037-psn10ABABa1, 9.055850, 0.0065073553719, 233.433, 0.063, 221.19, 0.027, 259.56, 0.081, 265.04, 0.028, 267.361, 0.08, 207.255, 0.016, 259.657, 0.074, 260.356, 0.06, 265.06, 0.064, -153.07, 0.086, -164.083, 0.005, 245.259, 0.063,
037-psn10ABABb1, 8.880650, 0.000391173553719, 250.33, 0.023, 248.621, 0.093, 231.669, 0.031, 266.15, 0.066, 237.281, 0.022, 239.144, 0.064, 219.831, 0.027, 251.512, 0.064, 234.998, 0.025, 254.997, 0.081, 217.082, 0.031, 250.361, 0.103,
037-psn10ABBAa1, 8.500980, 0.000910694214876, 242.602, 0.072, 211.24, 0.029, 243.513, 0.028, 172.946, 0.005, 259.608, 0.066, 190.084, 0.028, 186.66, 0.029, 236.236, 0.079, 279.587, 0.056, 230.653, 0.027, 278.063, 0.031, 218.714, 0.069,
037-psn10ABBAb1, 8.963570, 0.00134514049587, -130.96, 0.047, 174.36, 0.005, -171.748, 0.005, 203.271, 0.043, 208.848, 0.026, 196.03, 0.005, 198.91, 0.005, 217.795, 0.025, 209.675, 0.034, 177.127, 0.005, 259.566, 0.064, 201.762, 0.03,
037-psn11ABABa1, 8.762320, 0.00112910743802, 227.606, 0.143, 225.731, 0.021, 276.097, 0.069, 190.287, 0.023, 279.871, 0.075, 211.031, 0.024, 221.713, 0.048, 184.237, 0.005, 257.514, 0.058, 229.458, 0.02, 271.562, 0.06, 217.711, 0.022,
037-psn11ABABb1, 8.201930, 0.00256190082645, 272.368, 0.018, 295.54, 0.074, 264.576, 0.021, 153.88, 0.051, 247.903, 0.025, 240.705, 0.097, 210.212, 0.024, 199.993, 0.066, 244.676, 0.025, 240.111, 0.09, 224.849, 0.025, 191.17, 0.086,
037-psn11ABBAa1, 9.477060, 0.000300743801653, 212.831, 0.074, 221.188, 0.024, 261.19, 0.023, 205.689, 0.084, 279.374, 0.052, 264.098, 0.027, 146.445, 0.005, 175.189, 0.054, 233.504, 0.049, 234.786, 0.025, 177.952, 0.029, 167.232, 0.029,
037-psn11ABBAb1, 9.112110, 0.0014678677686, 200.003, 0.016, 196.145, 0.054, 198.647, 0.021, -156.085, 0.068, 241.55, 0.058, 213.056, 0.04, -164.375, 0.06, 117.46, 0.026, 271.705, 0.027, 205.906, 0.053, 245.666, 0.076, 197.636, 0.032,
037-psn12ABABa1, 8.554030, 0.00794424793388, 248.987, 0.086, 183.5, 0.026, 257.894, 0.077, 177.336, 0.03, 251.146, 0.092, 206.213, 0.033, 235.526, 0.08, 221.59, 0.032, 290.226, 0.285, 193.131, 0.025, 231.655, 0.069, 160.798, 0.01,
037-psn12ABABb1, 9.082470, 0.000464247933884, 220.605, 0.03, 230.657, 0.055, 204.789, 0.028, 229.673, 0.068, 178.843, 0.021, 226.453, 0.063, 179.222, 0.02, 210.633, 0.059, 174.91, 0.019, 218.637, 0.053, 202.23, 0.017, 244.374, 0.058,
037-psn12ABBAa1, 8.418190, 0.000400611570248, 291.642, 0.067, 173.122, 0.013, 198.635, 0.03, 220.768, 0.052, 202.65, 0.033, -121.327, 0.065, 198.989, 0.022, 228.366, 0.061, 190.921, 0.067, 141.702, 0.019, 172.536, 0.005, 171.407, 0.054,
037-psn12ABBAb1, 8.814780, 0.000223140495868, 232.27, 0.025, 218.18, 0.054, 262.592, 0.094, 196.873, 0.025, 196.792, 0.016, 260.074, 0.071, 217.902, 0.051, 175.935, 0.025, 158.081, 0.021, 220.644, 0.039, 198.606, 0.05, -153.479, 0.074,
