017-pdm01ABABa1, 9.356660, 0.000699652892562, -169.5, 0.062, 187.446, 0.037, 216.596, 0.018, 205.659, 0.052, 234.848, 0.028, 202.537, 0.005, 183.47, 0.017, 232.016, 0.04, 202.885, 0.025, 236.241, 0.048, -167.109, 0.005, 270.597, 0.031,
017-pdm01ABABb1, 9.231390, 0.000167900826446, 227.404, 0.034, 187.107, 0.019, 249.896, 0.054, -141, 0.072, 251.66, 0.061, -133.444, 0.056, 186.919, 0.136, -179.804, 0.076, 232.645, 0.064, -178.663, 0.069, 230.805, 0.071, -123.398, 0.044,
017-pdm01ABBAa1, 8.863190, 0.000400694214876, 178.643, 0.022, 259.246, 0.056, 216.931, 0.048, 145.499, 0.022, 138.83, 0.005, 243.172, 0.059, 207.429, 0.044, 166.43, 0.017, 170.232, 0.018, 201.602, 0.074, 194.848, 0.063, 194.406, 0.021,
017-pdm01ABBAb1, 9.145760, 0.000518429752066, 242.473, 0.073, -193.051, 0.071, 159.934, 0.017, 217.746, 0.059, 246.656, 0.055, -159.52, 0.084, 198.383, 0.027, 210.881, 0.054, 178.272, 0.051, 183.103, 0.025, -138, 0.055, 215.917, 0.065,
017-pdm02ABABa1, 10.816600, 0.000291603305785, -165.41, 0.077, 257.998, 0.042, 218.138, 0.012, 267.437, 0.039, 197.951, 0.011, 257.004, 0.049, 237.791, 0.012, 276.621, 0.046, 238.927, 0.008, 265.266, 0.043, 215.319, 0.015, 266.152, 0.041,
017-pdm02ABABb1, 10.542800, 0.000301140495868, 218.062, 0.043, 206.104, 0.025, 259.197, 0.061, 207.87, 0.03, 257.655, 0.042, 231.728, 0.027, 280.534, 0.058, 229.301, 0.039, 253.583, 0.052, 183.586, 0.023, 292.204, 0.06, 210.195, 0.046,
017-pdm02ABBAa1, 10.066600, 0.000918694214876, 133.953, 0.005, 209.235, 0.032, 198.411, 0.045, 226.858, 0.016, 251.383, 0.013, 255.016, 0.052, 231.967, 0.02, 249.477, 0.018, 276.035, 0.024, 268.247, 0.049, 226.326, 0.03, -226.463, 0.078,
017-pdm02ABBAb1, 10.649900, 0.000562198347107, 223.615, 0.056, 209.167, 0.011, 242.215, 0.012, 311.826, 0.082, 266.215, 0.054, 237.722, 0.013, 256.986, 0.021, 248.452, 0.058, 242.946, 0.049, 257.808, 0.018, 237.03, 0.015, 257.361, 0.049,
017-pdm03ABABa1, 8.324230, 0.00115778512397, 142.265, 0.193, 272.407, 0.061, 235.365, 0.016, 223.836, 0.056, 128.061, 0.011, 217.143, 0.043, 160.839, 0.012, 260.703, 0.042, 175.478, 0.025, 223.704, 0.052, 196.255, 0.017, 216.214, 0.045,
017-pdm03ABABb1, 9.102350, 0.00131960330579, 134.251, 0.036, 213.136, 0.011, 251.339, 0.061, 209.132, 0.012, 273.428, 0.069, 205.499, 0.02, 245.626, 0.082, 231.235, 0.012, 272.561, 0.047, 140.358, 0.034, 283.694, 0.045, 227.74, 0.018,
017-pdm03ABBAa1, 9.412580, 0.000437272727273, 193.793, 0.012, 270.216, 0.067, 261.975, 0.059, 230.11, 0.005, 246.17, 0.012, 279.33, 0.059, 271.148, 0.048, 252.585, 0.016, 256.457, 0.016, 275.679, 0.083, 273.811, 0.052, -255.544, 0.081,
017-pdm03ABBAb1, 9.999050, 0.000713421487603, 204.229, 0.06, -215.383, 0.072, 185.445, 0.014, 257.194, 0.086, 226.492, 0.061, 203.814, 0.019, 213.276, 0.015, 264.882, 0.104, 279.144, 0.057, 232.448, 0.01, 242.851, 0.013, 255.205, 0.062,
017-pdm04ABABa1, 9.284490, 0.00153826446281, 199.835, 0.029, 168.993, 0.041, 213.68, 0.018, 191.71, 0.033, 213.135, 0.016, 198.392, 0.037, 209.175, 0.016, 165.806, 0.104, 234.314, 0.016, 167.314, 0.107, 226.129, 0.016, -209.274, 0.056,
017-pdm04ABABb1, 9.140830, 0.00072426446281, 222.286, 0.055, -161.468, 0.005, 216.723, 0.054, 147.538, 0.011, 193.941, 0.053, -130.057, 0.071, 136.717, 0.049, 159.071, 0.024, 211.542, 0.053, 201.043, 0.044, 207.471, 0.016, -166.282, 0.005,
017-pdm04ABBAa1, 9.081820, 0.000991603305785, 113.749, 0.006, 238.128, 0.044, 197.704, 0.034, 168.358, 0.021, 139.952, 0.005, 246.528, 0.04, 198.44, 0.044, 125.572, 0.005, 154.153, 0.005, 215.049, 0.042, 212.168, 0.047, 182.436, 0.005,
017-pdm04ABBAb1, 9.268080, 0.000578991735537, 287.181, 0.052, 199.489, 0.019, 196.495, 0.015, 179.017, 0.048, -173.762, 0.005, 179.714, 0.02, 178.402, 0.023, 208.075, 0.049, 259.302, 0.048, 230.742, 0.016, 189.932, 0.019, 198.473, 0.045,
017-pdm05ABABa1, 8.870970, 0.000258991735537, 166.787, 0.021, 200.957, 0.051, -120.649, 0.088, 230.629, 0.055, 182.49, 0.017, 225.794, 0.045, -170.887, 0.016, 216.882, 0.052, 195.739, 0.02, 239.222, 0.033, 202.894, 0.021, 242.811, 0.067,
017-pdm05ABABb1, 8.631040, 0.000816611570248, 222.416, 0.241, -131.162, 0.08, 211.373, 0.042, -151.731, 0.054, 225.597, 0.052, 154.431, 0.026, 242.726, 0.052, -134.912, 0.061, 237.144, 0.053, -113.238, 0.067, 222.741, 0.039, -165.687, 0.087,
017-pdm05ABBAa1, 9.151620, 3.6958677686e-05, 159.284, 0.032, 236.936, 0.033, 216.138, 0.033, 197.009, 0.03, 235.269, 0.021, 219.624, 0.042, 241.371, 0.06, 228.21, 0.016, 200.761, 0.017, 263.876, 0.065, 227.777, 0.055, 204.497, 0.015,
017-pdm05ABBAb1, 8.829670, 0.000987652892562, 257.132, 0.14, -153.544, 0.081, -156.795, 0.012, 229.653, 0.049, 237.231, 0.035, -171.744, 0.016, -159.54, 0.082, 240.396, 0.041, 232.644, 0.051, 229.57, 0.013, 220.148, 0.011, 224.786, 0.063,
017-pdm06ABABa1, 9.329720, 0.00033, 210.969, 0.023, 225.15, 0.042, 233.24, 0.024, 264.9, 0.034, 248.193, 0.014, 228.992, 0.031, 231.076, 0.017, 247.053, 0.033, 237.029, 0.028, 239.144, 0.031, 235.2, 0.019, 218.53, 0.036,
017-pdm06ABABb1, 9.051040, 0.000207834710744, 290.595, 0.069, 193.126, 0.018, 252.281, 0.047, 216.021, 0.019, 222.307, 0.056, 157.585, 0.005, 245.181, 0.045, 208.351, 0.019, 249.448, 0.045, 213.149, 0.027, 249.153, 0.053, 225.334, 0.031,
017-pdm06ABBAa1, 9.189670, 0.000448082644628, 215.372, 0.018, 249.328, 0.056, 244.249, 0.043, 240.204, 0.016, 274.564, 0.026, 234.211, 0.055, 227.084, 0.043, 238.967, 0.015, 252.575, 0.025, 249.984, 0.052, 237.561, 0.045, 208.458, 0.016,
017-pdm06ABBAb1, 8.992220, 0.000670694214876, 220.621, 0.033, 246.33, 0.019, 244.423, 0.023, 263.048, 0.056, 223.606, 0.057, 246.951, 0.019, 264.774, 0.047, 243.348, 0.039, 210.851, 0.043, 227.962, 0.019, 257.627, 0.055, 263.464, 0.026,
017-pdm07ABABa1, 9.130580, 0.000730330578512, 298.321, 0.014, 258.506, 0.058, 272.131, 0.015, 269.281, 0.032, 227.775, 0.016, 273.497, 0.029, 198.228, 0.016, 231.534, 0.03, 194.611, 0.024, 283.678, 0.024, 301.381, 0.017, 256.201, 0.031,
017-pdm07ABABb1, 8.299240, 0.000515421487603, 155.394, 0.355, 239.131, 0.026, 289.284, 0.077, 238.651, 0.03, 292.685, 0.075, 221.108, 0.021, 269.316, 0.075, 272.143, 0.023, 247.73, 0.069, 269.028, 0.021, 186.834, 0.046, 298.637, 0.041,
017-pdm07ABBAa1, 9.054010, 0.00054679338843, 280.489, 0.015, 249.446, 0.069, 260.108, 0.038, 257.939, 0.016, 285.39, 0.02, 295.609, 0.056, 307.516, 0.044, 349.215, 0.016, 300.846, 0.024, 302.715, 0.049, 286.389, 0.053, 264.089, 0.023,
017-pdm07ABBAb1, 8.650390, 0.00138315702479, 224.613, 0.066, 266.491, 0.018, 246.858, 0.015, 288.128, 0.066, 279.452, 0.04, 252.017, 0.02, 241.762, 0.015, 290.258, 0.069, 271.948, 0.099, 266.516, 0.016, 271.637, 0.021, 224.884, 0.095,
017-pdm08ABABa1, 8.968080, 0.000388595041322, 229.201, 0.017, 176.192, 0.08, 193.046, 0.018, 255.894, 0.058, 205.702, 0.018, 264.502, 0.069, 205.22, 0.019, 199.993, 0.021, 254.262, 0.017, 281.466, 0.068, 222.151, 0.02, 234.115, 0.06,
017-pdm08ABABb1, 8.551410, 0.000326380165289, 319.661, 0.068, 185.317, 0.016, 256.163, 0.085, 188.061, 0.018, 249.617, 0.05, 207.164, 0.023, 269.853, 0.049, -172.437, 0.078, 270.274, 0.103, 191.367, 0.023, 268.927, 0.063, -141.082, 0.021,
017-pdm08ABBAa1, 8.636610, 0.000266016528926, 239.864, 0.017, 199.191, 0.077, 248.564, 0.024, 232.856, 0.021, 274.749, 0.04, 291.589, 0.085, 230.272, 0.021, 246.704, 0.049, 245.928, 0.027, 257.789, 0.075, 242.822, 0.056, 252.908, 0.026,
017-pdm08ABBAb1, 8.366600, 0.000970561983471, -209.905, 0.005, -151.062, 0.081, -114.512, 0.012, 217.07, 0.081, 145.494, 0.072, 224.306, 0.017, -127.597, 0.076, 259.279, 0.044, 226.143, 0.049, 248.884, 0.016, 210.541, 0.026, 267.271, 0.068,
017-pdm09ABABa1, 8.764850, 0.00171578512397, 259.886, 0.148, 244.296, 0.047, 167.688, 0.032, 245.44, 0.045, 220.972, 0.02, 249.951, 0.052, 157.227, 0.032, 210.87, 0.03, 203.331, 0.038, 258.679, 0.058, 242.443, 0.02, 178.309, 0.043,
017-pdm09ABABb1, 9.514160, 0.000591652892562, 288.502, 0.062, 230.925, 0.029, 209.721, 0.051, 177.684, 0.033, 273.15, 0.045, -189.691, 0.005, 266.599, 0.078, 253.085, 0.03, 221.644, 0.061, 216.358, 0.022, 222.018, 0.057, 181.332, 0.006,
017-pdm09ABBAa1, 9.433350, 0.000862380165289, 233.814, 0.02, 265.445, 0.083, 174.47, 0.035, 245.982, 0.038, 220.879, 0.074, 244.732, 0.049, 239.217, 0.06, 212.913, 0.03, 162.951, 0.026, 203.537, 0.066, 222.609, 0.059, 142.778, 0.02,
017-pdm09ABBAb1, 9.698080, 0.000293421487603, 283.939, 0.081, 245.268, 0.023, 227.344, 0.021, 243.47, 0.068, 239.316, 0.062, 262.416, 0.017, 201.524, 0.023, 264.769, 0.084, 227.284, 0.05, 183.8, 0.02, 219.593, 0.019, 269.626, 0.079,
017-pdm10ABABa1, 8.961140, 0.00017332231405, 243.88, 0.027, 229.924, 0.062, -155.938, 0.053, 183.062, 0.049, 190.375, 0.005, 243.654, 0.081, -182.075, 0.005, 236.871, 0.052, 202.857, 0.029, 208.292, 0.077, 183.365, 0.026, 251.323, 0.076,
017-pdm10ABABb1, 8.704870, 0.00033226446281, 240.1, 0.062, 199.712, 0.026, 245.174, 0.087, 171.519, 0.027, 264.477, 0.069, -119.034, 0.072, 207.734, 0.062, 197.295, 0.037, 256.243, 0.072, -177.57, 0.005, 239.837, 0.079, 211.222, 0.022,
017-pdm10ABBAa1, 7.184420, 0.0358906942149, 262.997, 0.176, 278.573, 0.347, 268.336, 0.072, 235.869, 0.032, 239.851, 0.028, 269.116, 0.069, 239.319, 0.056, 278.115, 0.029, 273.697, 0.026, 246.921, 0.041, 255.749, 0.061, 228.741, 0.023,
017-pdm10ABBAb1, 8.606260, 5.17024793388e-05, 221.968, 0.065, 178.774, 0.033, 169.074, 0.023, 222.319, 0.065, 246.183, 0.089, 243.614, 0.04, 178.727, 0.031, 269.898, 0.083, 279.144, 0.076, 221.332, 0.029, 195.707, 0.024, 288.727, 0.057,
017-pdm11ABABa1, 8.327180, 0.00143679338843, 200.888, 0.02, 273.029, 0.035, 255.594, 0.02, 296.069, 0.046, -187.006, 0.085, 215.084, 0.041, 297.471, 0.028, 318.288, 0.035, 257.498, 0.03, 201.762, 0.034, 194.643, 0.027, 283.303, 0.07,
017-pdm11ABABb1, 8.984100, 0.00171160330579, 244.898, 0.065, 200.074, 0.028, 225.097, 0.038, 162.651, 0.023, 201.581, 0.06, 189.676, 0.015, 282.283, 0.058, 278.707, 0.029, 283.63, 0.071, 259.95, 0.036, 288.426, 0.061, 230.382, 0.035,
017-pdm11ABBAa1, 9.099010, 0.000729603305785, 189.222, 0.029, 227.685, 0.066, -158.219, 0.061, 221.446, 0.042, 201.652, 0.039, 246.078, 0.089, 213.334, 0.059, 236.282, 0.027, 227.893, 0.022, 261.925, 0.072, 217.182, 0.067, 245.56, 0.029,
017-pdm11ABBAb1, 8.925890, 0.00110705785124, 257.018, 0.042, 256.098, 0.02, 195.287, 0.03, 282.97, 0.05, 306.149, 0.028, 300.745, 0.068, 196.675, 0.034, 221.212, 0.052, 197.761, 0.026, 269.622, 0.034, 237.658, 0.024, 259.717, 0.056,
017-pdm12ABABa1, 9.005310, 0.000174247933884, 223.442, 0.026, 221.274, 0.044, 197.395, 0.019, 251.377, 0.058, 233.752, 0.021, 224.534, 0.042, 213.137, 0.024, 261.48, 0.04, 234.036, 0.038, 223.684, 0.043, 222.863, 0.019, 264.626, 0.043,
017-pdm12ABABb1, 8.284430, 0.00190656198347, 253.028, 0.073, -133.224, 0.077, 203.388, 0.056, -149.559, 0.054, 265.098, 0.062, 204.908, 0.032, 233.598, 0.048, -192.866, 0.005, 252.014, 0.078, -159.29, 0.049, 276.241, 0.09, 184.749, 0.054,
017-pdm12ABBAa1, 8.771850, 0.000149355371901, 211.392, 0.02, 258.828, 0.068, 235.908, 0.037, 209.606, 0.021, 182.322, 0.026, 278.603, 0.052, 236.29, 0.052, 198.696, 0.029, 191.174, 0.031, 264.685, 0.082, 272.367, 0.074, 238.519, 0.022,
017-pdm12ABBAb1, 8.508120, 0.000412, 234.142, 0.088, 222.034, 0.022, -142.628, 0.062, 250.993, 0.059, 227.423, 0.063, 211.438, 0.027, -149.255, 0.092, 267.64, 0.084, 259.878, 0.067, 231.824, 0.026, 225.34, 0.027, 276.09, 0.059,
017-pdn01ABABa1, 9.044190, 0.000168925619835, 130.854, 0.019, 187.02, 0.029, -114.519, 0.078, 188.688, 0.037, 148.664, 0.013, 195.176, 0.034, -135.908, 0.07, 230.201, 0.045, 160.908, 0.024, 204.611, 0.03, -105.892, 0.064, 196.553, 0.045,
017-pdn01ABABb1, 7.877890, 0.000768925619835, 286.908, 0.067, -184.233, 0.085, 195.946, 0.041, -102.614, 0.008, 229.018, 0.067, -117.945, 0.071, 214.294, 0.07, -133.938, 0.079, 234.288, 0.059, -142.862, 0.075, 221.251, 0.068, 187.012, 0.017,
017-pdn01ABBAa1, 7.949900, 0.000476247933884, 170.102, 0.01, 230.058, 0.035, 218.181, 0.041, 177.929, 0.015, 169.468, 0.016, 238.06, 0.042, 227.893, 0.038, 195.138, 0.012, 188.616, 0.017, 226.815, 0.056, 214.355, 0.049, 192.167, 0.01,
017-pdn01ABBAb1, 8.442800, 0.000531140495868, 243.725, 0.063, -119.525, 0.081, -126.354, 0.07, 224.506, 0.049, 239.113, 0.043, 233.8, 0.029, -207.002, 0.093, 178.907, 0.092, 247.645, 0.062, 227.016, 0.015, 184.223, 0.016, 295.235, 0.079,
017-pdn02ABABa1, 9.165510, 0.000187289256198, -195.805, 0.005, 195.679, 0.041, -141.453, 0.064, 222.673, 0.052, 176.846, 0.015, 233.118, 0.06, 149.818, 0.017, 218.973, 0.048, 181.404, 0.005, 247.005, 0.052, 204.464, 0.015, 261.698, 0.048,
017-pdn02ABABb1, 8.634800, 0.000558231404959, 277.67, 0.058, -165.339, 0.072, -127.485, 0.083, -137.632, 0.076, 220.502, 0.028, -136.021, 0.081, 216.935, 0.038, -165.467, 0.074, 254.623, 0.056, -140.958, 0.079, 227.501, 0.042, -146.246, 0.077,
017-pdn02ABBAa1, 8.814960, 0.000140561983471, 169.344, 0.011, 223.869, 0.061, -178.061, 0.12, 212.304, 0.012, 193.331, 0.018, 216.988, 0.067, 200.384, 0.05, 179.239, 0.011, 199.941, 0.02, 224.062, 0.07, 234.371, 0.056, 229.541, 0.015,
017-pdn02ABBAb1, 8.941800, 0.000461900826446, 285.478, 0.074, -133.737, 0.073, 149.266, 0.008, 219.929, 0.057, 266.768, 0.057, 166.971, 0.011, -155.244, 0.066, 240.755, 0.034, 270.973, 0.066, 162.579, 0.005, -140.732, 0.088, 247.951, 0.037,
017-pdn03ABABa1, 8.866070, 0.000737355371901, 131.382, 0.015, 185.592, 0.02, 164.198, 0.024, 212.497, 0.031, 197.979, 0.02, 169.363, 0.112, -161.871, 0.086, 193.051, 0.105, 222.524, 0.016, 198.362, 0.047, 190.119, 0.026, -194.458, 0.114,
017-pdn03ABABb1, 9.378140, 0.000291785123967, -215.596, 0.09, -138.31, 0.071, 218.743, 0.037, 168.843, 0.021, 206.733, 0.051, -138.645, 0.066, 241.251, 0.048, 149.135, 0.035, 225.46, 0.054, 190.472, 0.024, 241.094, 0.057, 178.087, 0.019,
017-pdn03ABBAa1, 9.275650, 0.000359702479339, 186.756, 0.011, 244.467, 0.041, 206.57, 0.041, 264.838, 0.015, -140.963, 0.084, 254.241, 0.053, 199.737, 0.068, 182.992, 0.013, 212.926, 0.025, 272.555, 0.084, -184.658, 0.005, 215.319, 0.014,
017-pdn03ABBAb1, 8.701300, 0.00106208264463, 226.185, 0.076, -147.825, 0.055, -160.416, 0.087, 251.658, 0.042, 192.339, 0.069, -146.987, 0.078, -129.724, 0.069, 264.243, 0.047, 215.034, 0.045, -175.505, 0.078, 152.909, 0.019, 250.681, 0.065,
017-pdn04ABABa1, 8.213090, 0.00105619834711, -133.666, 0.089, 290.534, 0.033, 255.544, 0.016, 283.322, 0.031, 249.65, 0.027, 243.278, 0.031, 256.396, 0.015, 292.41, 0.032, 251.413, 0.022, 298.852, 0.046, 256.067, 0.026, 293.333, 0.071,
017-pdn04ABABb1, 8.647480, 0.000826429752066, 258.349, 0.06, 239.029, 0.14, 208.312, 0.071, -198.084, 0.086, 225.345, 0.054, 195.791, 0.147, 223.451, 0.076, 216.978, 0.015, 252.532, 0.073, 181.598, 0.015, 262.221, 0.062, 188.712, 0.015,
017-pdn04ABBAa1, 8.811140, 0.000270809917355, 154.689, 0.019, 243.32, 0.044, 202.449, 0.04, -181.596, 0.069, 194.426, 0.008, -186.166, 0.058, 211.812, 0.052, 203.628, 0.005, -193.928, 0.067, 201.615, 0.049, 218.59, 0.031, -187.913, 0.062,
017-pdn04ABBAb1, 8.862620, 0.000517966942149, 271.576, 0.059, 178.528, 0.017, 231.449, 0.012, 282.27, 0.043, 263.31, 0.055, 204.733, 0.021, 230.355, 0.025, 269.319, 0.071, 228.755, 0.038, 212.741, 0.017, 192.06, 0.02, 287.609, 0.069,
017-pdn05ABABa1, 9.218010, 0.000288611570248, 247.231, 0.025, 201.588, 0.042, 181.028, 0.021, 197.651, 0.039, 207.789, 0.018, 210.868, 0.049, 149.588, 0.023, 216.946, 0.041, 223.159, 0.015, 159.858, 0.034, 215.511, 0.015, 231.194, 0.04,
017-pdn05ABABb1, 7.459280, 0.0118132892562, 251.091, 0.124, 168.845, 0.027, 218.293, 0.057, 201.239, 0.018, 213.335, 0.046, 209.152, 0.018, 218.36, 0.045, 219.294, 0.025, 209.603, 0.046, 228.411, 0.023, 217.284, 0.026, 211.679, 0.043,
017-pdn05ABBAa1, 9.252550, 0.000111289256198, 196.564, 0.021, 249.554, 0.054, 249.82, 0.047, 193.402, 0.014, 231.021, 0.013, 231.267, 0.039, 218.246, 0.043, 228.918, 0.012, 250.326, 0.015, 237.869, 0.057, 207.695, 0.037, 225.661, 0.012,
017-pdn05ABBAb1, 9.681320, 0.00751909090909, 264.333, 0.07, 215.936, 0.016, 150.962, 0.01, 175.299, 0.005, 254.297, 0.054, 226.857, 0.018, 218.949, 0.024, 236.715, 0.022, 211.631, 0.017, 230.625, 0.017, 207.991, 0.015, 234.345, 0.051,
017-pdn06ABABa1, 8.755310, 0.000570181818182, 152.59, 0.019, 271.621, 0.05, 222.299, 0.019, 288.587, 0.063, -223.042, 0.039, 236.62, 0.038, 271.119, 0.027, 261.744, 0.027, 264.635, 0.017, 283.664, 0.036, 232.363, 0.033, 261.274, 0.03,
017-pdn06ABABb1, 9.023430, 0.00101019834711, 233.327, 0.042, -239.828, 0.079, 299.737, 0.064, 238.75, 0.029, 298.979, 0.052, -230.579, 0.056, 290.65, 0.085, 237.596, 0.029, 301.146, 0.069, 271.444, 0.027, 262.18, 0.144, 256.215, 0.025,
017-pdn06ABBAa1, 8.646910, 0.000560876033058, 240.686, 0.019, 266.737, 0.09, -199.36, 0.088, 300.882, 0.055, 241.207, 0.016, 284.98, 0.052, -210.39, 0.082, 271.098, 0.019, 270.347, 0.018, 284.82, 0.059, -221.418, 0.076, 298.612, 0.028,
017-pdn06ABBAb1, 8.278320, 0.0013058677686, 213.589, 0.065, 214.679, 0.02, 218.631, 0.015, 240.316, 0.071, 257.63, 0.035, 258.149, 0.016, 235.783, 0.02, 289.598, 0.072, 187.628, 0.016, 298.606, 0.016, 233.337, 0.017, 276.615, 0.06,
017-pdn07ABABa1, 8.476680, 0.000301173553719, 159.967, 0.017, 206.596, 0.052, 188.663, 0.015, 238.277, 0.026, 167.562, 0.023, 248.651, 0.064, 230.848, 0.023, 221.188, 0.048, 150.917, 0.017, 217.015, 0.05, 200.626, 0.02, 212.474, 0.049,
017-pdn07ABABb1, 10.315600, 0.0128343636364, 258.405, 0.056, -182.535, 0.068, 226.934, 0.056, -143.511, 0.075, 135.516, 0.008, 198.265, 0.018, -130.186, 0.073, -144.287, 0.044, 188.562, 0.005, 140.692, 0.007, 240.729, 0.075, -100.17, 0.086,
017-pdn07ABBAa1, 8.459200, 0.000783107438017, 215.982, 0.015, 179.05, 0.075, 235.828, 0.063, 286.808, 0.014, 235.168, 0.022, 204.45, 0.127, 257.076, 0.041, 264.699, 0.016, 228.232, 0.019, 199.545, 0.139, 215.564, 0.075, 205.453, 0.015,
017-pdn07ABBAb1, 8.063940, 0.000753272727273, 276.597, 0.062, -144.616, 0.075, -140.144, 0.078, 217.904, 0.052, 262.027, 0.054, -157.832, 0.073, -138.105, 0.081, 237.403, 0.051, 237.375, 0.068, -121.04, 0.014, -132.877, 0.073, 221.838, 0.07,
017-pdn08ABABa1, 10.081000, 0.000291702479339, 249.223, 0.017, 268.502, 0.042, 203.125, 0.024, 278.369, 0.05, 237.242, 0.023, 257.125, 0.039, 265.451, 0.029, 297.314, 0.053, 277.347, 0.026, 252.436, 0.048, 282.792, 0.02, 228.412, 0.031,
017-pdn08ABABb1, 8.713380, 0.000995719008264, 198.088, 0.065, 211.365, 0.034, 293.349, 0.052, 231.265, 0.028, 261.373, 0.048, 249.115, 0.03, 237.264, 0.05, 256.933, 0.018, 248.66, 0.061, 278.435, 0.024, 237.106, 0.061, 266.111, 0.028,
017-pdn08ABBAa1, 9.961080, 0.000864247933884, 220.856, 0.02, 240.669, 0.039, 268.038, 0.017, 287.841, 0.025, 298.339, 0.056, 247.189, 0.025, 258, 0.019, 288.679, 0.04, 280.484, 0.016, 204.905, 0.061, 287.597, 0.044, 254.167, 0.043,
017-pdn08ABBAb1, 9.741790, 0.000276429752066, 277.92, 0.087, 248.792, 0.019, 250.274, 0.023, 265.525, 0.08, 238.957, 0.059, 247.838, 0.026, 201.642, 0.019, 262.639, 0.088, 252.704, 0.043, 245.885, 0.021, 233.738, 0.023, 237.301, 0.042,
017-pdn09ABABa1, 9.846820, 0.00052905785124, 239.866, 0.012, 246.026, 0.043, 219.986, 0.018, 238.298, 0.057, 172.444, 0.023, 225.703, 0.06, 185.339, 0.019, 235.525, 0.051, 224.65, 0.02, 232.75, 0.061, 220.611, 0.024, 235.432, 0.054,
017-pdn09ABABb1, 9.644900, 0.00022026446281, 261.489, 0.078, 164.622, 0.026, 237.273, 0.072, 224.669, 0.025, 246.729, 0.052, 200.245, 0.005, 262.062, 0.039, 211.342, 0.026, 222.439, 0.031, 182.916, 0.024, 219.146, 0.053, 201.12, 0.028,
017-pdn09ABBAa1, 9.695760, 0.000216231404959, 178.394, 0.022, 222.986, 0.055, 225.395, 0.023, 153.553, 0.023, 232.387, 0.018, 235.357, 0.053, 166.398, 0.023, 189.719, 0.021, 197.991, 0.025, 232.627, 0.049, 206.483, 0.005, 225.045, 0.015,
017-pdn09ABBAb1, 10.042700, 0.0099212892562, 245.021, 0.047, 257.224, 0.016, -194.207, 0.005, 216.541, 0.047, 247.388, 0.019, 95.818, 0.005, 217.064, 0.021, 270.798, 0.063, 100.946, 0.005, 242.61, 0.026, -202.99, 0.005, 209.716, 0.005,
017-pdn10ABABa1, 10.208700, 0.000186198347107, 226.091, 0.022, 238.916, 0.071, 195.298, 0.015, 187.513, 0.034, 219.927, 0.025, 245.487, 0.082, 232.424, 0.016, 280.823, 0.074, 226.701, 0.022, 270.759, 0.065, 199.678, 0.037, 229.196, 0.055,
017-pdn10ABABb1, 9.801490, 0.000175884297521, 286.506, 0.053, 229.424, 0.026, 244.641, 0.061, 191.779, 0.021, 269.239, 0.048, 204.077, 0.026, 276.795, 0.07, -193.673, 0.005, 258.113, 0.053, -166.86, 0.056, 243.851, 0.07, 206.772, 0.039,
017-pdn10ABBAa1, 9.755300, 0.000519338842975, 274.266, 0.017, 265.263, 0.062, 243.625, 0.054, 272.563, 0.019, 220.569, 0.019, 274.913, 0.06, 250.427, 0.049, 232.883, 0.034, -154.942, 0.065, 259.763, 0.074, 213.925, 0.063, -199.855, 0.027,
017-pdn10ABBAb1, 9.137970, 0.000541504132231, 322.545, 0.062, 262.447, 0.018, 229.113, 0.026, 247.619, 0.069, 254.542, 0.05, 243.225, 0.023, 200.923, 0.024, 286.825, 0.054, -216.707, 0.005, 257.484, 0.038, -194.546, 0.005, 276.942, 0.066,
017-pdn11ABABa1, 9.265130, 0.000526231404959, 218.273, 0.023, 207.552, 0.054, 235.313, 0.026, 213.764, 0.06, 248.635, 0.034, 235.12, 0.062, 238.716, 0.028, 272.806, 0.07, 213.001, 0.022, 229.509, 0.041, 220.149, 0.016, 237.925, 0.034,
017-pdn11ABABb1, 9.516120, 0.00146990082645, 233.129, 0.062, 228.719, 0.038, 227.442, 0.065, -183.337, 0.061, 208.364, 0.062, 187.63, 0.038, 269.475, 0.049, 239.897, 0.005, 220.676, 0.039, 173.351, 0.024, 237.622, 0.053, 200.996, 0.044,
017-pdn11ABBAa1, 9.319720, 0.000269834710744, 190.677, 0.026, 222.925, 0.053, 230.88, 0.058, 225.027, 0.036, 225.986, 0.071, 184.569, 0.041, 207.781, 0.024, 236.216, 0.035, 202.333, 0.023, 217.745, 0.045, -220.493, 0.005, 177.649, 0.029,
017-pdn11ABBAb1, 9.557760, 0.00056132231405, 256.428, 0.067, 230.042, 0.024, 228.344, 0.019, 217.52, 0.005, 220.553, 0.045, -197.935, 0.005, 203.648, 0.005, 252.743, 0.068, 216.65, 0.048, 182.842, 0.018, -184.3, 0.005, 206.9, 0.069,
017-pdn12ABABa1, 9.267240, 0.000496611570248, 237.839, 0.061, 242.978, 0.049, 190.463, 0.03, 300.068, 0.078, 227.691, 0.035, 244.8, 0.061, 250.306, 0.047, 233.739, 0.06, 215.612, 0.02, 262.303, 0.05, 169.984, 0.04, 284.701, 0.07,
017-pdn12ABABb1, 8.881490, 0.00219262809917, 252.506, 0.067, 218.091, 0.024, 216.652, 0.058, 154.043, 0.03, 262.151, 0.079, 199.978, 0.04, 222.444, 0.083, 236.933, 0.018, 121.02, 0.026, -184.414, 0.042, -185.307, 0.128, 250.189, 0.027,
017-pdn12ABBAa1, 10.054600, 0.00200692561983, 211.831, 0.02, 237.004, 0.059, 283.412, 0.028, 221.177, 0.031, 220.314, 0.023, 254.5, 0.091, 219.461, 0.025, 237.844, 0.047, 207.172, 0.027, 236.712, 0.029, 206.344, 0.039, 121.343, 0.005,
017-pdn12ABBAb1, 8.667730, 0.000520628099174, 225.433, 0.059, 214.031, 0.027, 237.064, 0.028, 259.67, 0.047, 271.696, 0.05, 251.382, 0.03, 232.061, 0.03, 246.535, 0.048, 282.284, 0.065, 198.782, 0.03, 220.515, 0.028, 255.369, 0.066,
017-psm01ABABa1, 9.555830, 0.000462049586777, 276.893, 0.046, 208.465, 0.019, 230.976, 0.044, 197.3, 0.005, 229.418, 0.041, -218.587, 0.057, 266.673, 0.058, 181.796, 0.028, 242.649, 0.032, 204.583, 0.022, 255.611, 0.053, 167.025, 0.005,
017-psm01ABABb1, 9.602240, 0.000638776859504, 187.876, 0.005, 223.856, 0.044, 178.106, 0.005, 173.54, 0.073, 201.636, 0.02, 236.121, 0.028, 231.126, 0.016, 250.738, 0.058, 214.999, 0.025, 247.53, 0.035, 233.622, 0.02, 228.548, 0.037,
017-psm01ABBAa1, 9.111030, 0.000563818181818, 302.577, 0.075, -182.148, 0.069, 172.052, 0.005, 254.247, 0.074, 232.435, 0.048, -193.363, 0.066, 182.855, 0.005, 207.985, 0.05, 188.597, 0.102, 186.22, 0.021, 206.651, 0.015, 238.782, 0.057,
017-psm01ABBAb1, 9.366790, 0.000210876033058, 199.585, 0.015, 238.437, 0.047, 171.835, 0.063, 214.788, 0.016, 223.695, 0.005, 223.608, 0.079, 207.289, 0.005, 241.938, 0.012, 223.494, 0.016, 243.21, 0.052, 287.177, 0.062, 213.107, 0.016,
017-psm02ABABa1, 8.846570, 0.000312909090909, 206.337, 0.043, 205.177, 0.021, 243.986, 0.036, 179.217, 0.018, 269.137, 0.046, 172.643, 0.019, 228.199, 0.046, 237.564, 0.015, 246.539, 0.02, 209.339, 0.016, 205.883, 0.011, 208.29, 0.012,
017-psm02ABABb1, 8.839550, 0.000348082644628, 175.555, 0.015, 202.508, 0.041, 179.625, 0.015, 202.175, 0.036, 252.996, 0.014, 252.676, 0.055, 210.228, 0.015, 211.218, 0.045, 216.55, 0.02, 221.959, 0.042, 239.661, 0.015, 200.895, 0.054,
017-psm02ABBAa1, 8.611460, 0.000480082644628, 248.341, 0.062, 211.665, 0.01, 194.301, 0.015, 246.073, 0.051, 183.65, 0.064, 223.346, 0.017, 220.872, 0.016, 276.069, 0.076, 235.7, 0.07, 209.313, 0.02, 226.396, 0.018, 262.162, 0.062,
017-psm02ABBAb1, 8.966350, 0.000483966942149, 160.34, 0.015, 253.69, 0.047, 247.712, 0.065, 230.425, 0.012, 205.798, 0.014, 233.359, 0.058, 269.656, 0.061, 263.53, 0.013, 241.969, 0.015, 213.46, 0.094, 237.189, 0.042, -249.368, 0.08,
017-psm03ABABa1, 9.695670, 0.000359090909091, 237.23, 0.06, 186.414, 0.005, 222.765, 0.045, 163.602, 0.016, 283.74, 0.066, 162.423, 0.016, 228.428, 0.052, 222.152, 0.005, 274.066, 0.039, 185.548, 0.022, 250.712, 0.069, -166.836, 0.005,
017-psm03ABABb1, 9.680970, 0.000960082644628, 175.883, 0.012, 235.625, 0.059, 178.772, 0.016, 254.611, 0.036, 186.557, 0.014, 248.754, 0.045, 188.797, 0.012, 225.456, 0.029, 180.93, 0.012, 208.524, 0.044, 196.413, 0.023, 204.183, 0.022,
017-psm03ABBAa1, 8.998170, 0.00060347107438, 207.547, 0.062, 192.799, 0.015, 205.451, 0.013, 224.221, 0.058, 235.192, 0.064, 219.447, 0.017, 151.79, 0.018, 216.518, 0.054, 215.364, 0.048, 210.065, 0.016, 215.701, 0.023, 291.722, 0.041,
017-psm03ABBAb1, 10.073000, 0.000363900826446, 215.967, 0.01, 252.316, 0.037, 235.187, 0.059, 246.015, 0.009, 227.582, 0.011, 236.689, 0.02, 215.276, 0.044, 262.412, 0.012, 235.962, 0.011, 280.773, 0.026, 252.73, 0.039, 233.312, 0.009,
017-psm04ABABa1, 9.514190, 0.000348066115702, 214.011, 0.085, 193.082, 0.005, 182.121, 0.049, 176.763, 0.005, 183.188, 0.081, -153.498, 0.06, 240.918, 0.068, 169.572, 0.005, 236.675, 0.029, -191.182, 0.005, 254.087, 0.042, 161.435, 0.005,
017-psm04ABABb1, 9.105610, 0.000131652892562, 207.42, 0.014, 158.963, 0.08, 209.788, 0.01, 161.896, 0.102, 195.21, 0.011, 213.433, 0.041, 149.616, 0.007, 205.983, 0.055, 167.712, 0.005, 209.025, 0.069, 192.209, 0.017, 197.733, 0.048,
017-psm04ABBAa1, 9.443440, 0.000502958677686, 226.599, 0.061, 193.449, 0.005, 167.598, 0.005, 237.04, 0.035, 266.003, 0.056, 181.414, 0.024, -142.67, 0.005, 239.019, 0.057, 192.684, 0.047, 219.23, 0.014, 190.452, 0.01, 212.171, 0.049,
017-psm04ABBAb1, 9.446650, 0.000718049586777, 124.751, 0.029, 157.859, 0.032, 169.822, 0.052, 178.616, 0.005, 180.714, 0.01, 207.617, 0.032, 184.677, 0.039, -199.544, 0.005, -165.859, 0.069, 192.732, 0.038, 189.404, 0.075, -181.959, 0.005,
017-psm05ABABa1, 8.791140, 0.000401900826446, 249.034, 0.055, 197.748, 0.015, 231.436, 0.075, 187.986, 0.023, 255.451, 0.065, 204.318, 0.015, 241.223, 0.052, 192.589, 0.02, 278.524, 0.026, 207.855, 0.019, 300.186, 0.082, 173.244, 0.012,
017-psm05ABABb1, 9.063450, 0.00046932231405, 194.227, 0.013, 199.947, 0.039, 189.751, 0.017, 198.831, 0.038, 145.771, 0.015, 237.71, 0.039, 166.349, 0.016, 185.928, 0.031, 185.758, 0.017, 217.159, 0.051, 208.53, 0.018, 231.784, 0.035,
017-psm05ABBAa1, 9.275250, 0.000342975206612, 284.027, 0.059, 189.433, 0.011, 172.972, 0.016, 247.783, 0.063, 225.083, 0.05, 187.894, 0.016, 197.938, 0.016, 225.877, 0.041, 205.872, 0.049, 229.305, 0.017, 215.991, 0.026, 214.34, 0.042,
017-psm05ABBAb1, 9.065850, 0.000834975206612, 181.592, 0.016, 230.55, 0.043, 251.507, 0.032, 257.336, 0.026, 199.382, 0.016, 262.073, 0.075, 215.934, 0.014, 270.793, 0.019, 217.514, 0.016, 236.914, 0.056, 277.556, 0.071, 230.22, 0.013,
017-psm06ABABa1, 9.090560, 0.000410016528926, 335.42, 0.067, 225.887, 0.018, 231.816, 0.058, 206.14, 0.025, 212.59, 0.041, 231.992, 0.023, 211.613, 0.034, 196.666, 0.031, 234.221, 0.046, 196.874, 0.016, 226.927, 0.036, 175.408, 0.014,
017-psm06ABABb1, 9.229250, 0.000144380165289, 263.14, 0.019, 244.173, 0.036, 242.263, 0.018, 246.706, 0.038, 266.207, 0.015, 266.038, 0.055, 238.768, 0.015, 273.945, 0.048, 241.124, 0.014, 241.037, 0.04, 212.634, 0.014, 223.341, 0.04,
017-psm06ABBAa1, 9.003360, 0.000200082644628, 282.147, 0.053, 199.323, 0.015, 221.558, 0.017, 246.378, 0.044, 256.334, 0.028, 240.816, 0.015, 204.529, 0.018, 278.245, 0.047, 250.585, 0.015, 243.77, 0.023, 249.623, 0.037, 256.632, 0.052,
017-psm06ABBAb1, 9.130420, 0.000125173553719, 203.139, 0.02, 216.673, 0.049, 220.742, 0.057, 253.744, 0.015, 223.73, 0.015, 240.122, 0.051, 231.613, 0.048, 234.837, 0.016, 262.689, 0.028, 260.197, 0.051, 248.812, 0.046, 190.804, 0.015,
017-psm07ABABa1, 10.489700, 0.008518, 209.586, 0.066, 122.242, 0.09, 124.142, 0.079, 159.124, 0.037, 122.127, 0.01, 118.195, 0.005, 141.198, 0.035, 109.652, 0.027, 88.4104, 0.007, 204.226, 0.083, 126.709, 0.093, 139.799, 0.08,
017-psm07ABABb1, 8.772990, 0.000302429752066, 294.602, 0.028, 278.822, 0.061, 253.131, 0.015, 257.625, 0.032, 204.925, 0.015, 255.006, 0.08, 197.889, 0.016, 259.909, 0.035, -185.983, 0.005, 175.446, 0.042, 173.186, 0.048, 259.881, 0.053,
017-psm07ABBAa1, 9.316930, 0.000706198347107, 246.742, 0.055, 254.587, 0.015, 202.995, 0.015, 205.167, 0.042, 279.049, 0.073, 255.571, 0.015, 257.784, 0.023, 282.332, 0.049, 249.616, 0.063, 217.79, 0.019, 238.431, 0.028, 207.531, 0.035,
017-psm07ABBAb1, 8.575120, 0.000311289256198, 255.556, 0.018, 234.685, 0.052, 236.793, 0.038, 203.707, 0.015, 233.103, 0.014, 270.51, 0.055, 241.561, 0.045, 212.21, 0.016, 237.147, 0.016, 261.128, 0.061, 239.713, 0.056, 211.327, 0.02,
017-psm08ABABa1, 8.785460, 0.00394880991736, 230.029, 0.065, 211.383, 0.019, 254.328, 0.075, 253.354, 0.017, 256.773, 0.044, 260.435, 0.019, -119.241, 0.134, 252.293, 0.02, 280.402, 0.027, 262.058, 0.017, 287.423, 0.032, 228.669, 0.023,
017-psm08ABABb1, 9.677300, 0.000425520661157, 214.016, 0.016, 205.446, 0.083, 207.977, 0.02, 186.812, 0.049, 182.51, 0.03, 237.663, 0.054, 211.997, 0.024, 242.589, 0.043, 243.582, 0.021, 218.918, 0.051, 196.519, 0.018, 322.275, 0.047,
017-psm08ABBAa1, 9.298860, 0.000498380165289, 242.706, 0.039, 239.928, 0.016, 221.651, 0.018, 229.763, 0.063, 208.324, 0.106, 271.785, 0.019, 269.23, 0.018, 268.773, 0.039, 203.324, 0.047, 202.296, 0.021, 229.463, 0.017, 278.343, 0.041,
017-psm08ABBAb1, 9.456160, 0.000582512396694, 214.422, 0.083, -189.694, 0.12, 256.371, 0.039, 231.262, 0.02, 243.175, 0.02, 268.135, 0.042, 271.687, 0.066, 239.198, 0.016, 258.891, 0.02, 288.686, 0.049, 280.411, 0.059, 235.965, 0.021,
017-psm09ABABa1, 8.762470, 0.000639537190083, 292.041, 0.057, 146.913, 0.039, 153.498, 0.005, 173.245, 0.037, 212.407, 0.064, 205.491, 0.034, 229.88, 0.11, 193.792, 0.039, 241.836, 0.056, 222.589, 0.05, 222.758, 0.044, 209.49, 0.041,
017-psm09ABABb1, 9.116670, 0.000370446280992, 214.881, 0.046, 222.201, 0.046, 208.738, 0.046, 232.681, 0.059, 232.752, 0.041, 226.77, 0.045, 249.53, 0.036, 246.957, 0.038, 225.276, 0.034, 239.522, 0.06, 218.173, 0.036, 217.131, 0.041,
017-psm09ABBAa1, 9.141830, 0.00037826446281, 316.098, 0.058, 229.021, 0.018, 199.701, 0.027, 183.649, 0.027, 235.629, 0.039, 259.049, 0.025, 197.729, 0.027, 240.509, 0.057, 222.416, 0.068, 196.832, 0.022, -140.637, 0.055, 237.842, 0.078,
017-psm09ABBAb1, 8.959940, 0.000430330578512, 206.46, 0.022, 197.351, 0.046, 204.57, 0.018, 204.769, 0.049, 211.741, 0.017, 280.352, 0.072, 248.913, 0.032, 224.108, 0.022, 215.872, 0.028, 235.971, 0.09, 219.76, 0.037, 255.72, 0.03,
017-psm10ABABa1, 9.437600, 0.000967173553719, 218.11, 0.053, 181.598, 0.029, 207.507, 0.056, 183.971, 0.029, 210.371, 0.053, 212.534, 0.028, 201.512, 0.07, 202.174, 0.028, 226.199, 0.055, 196.768, 0.017, 218.932, 0.039, 261.167, 0.035,
017-psm10ABABb1, 9.749490, 0.000125719008264, 223.343, 0.025, 221.101, 0.042, 204.286, 0.02, 265.187, 0.046, 237.92, 0.022, 244.23, 0.071, 239.323, 0.029, 253.964, 0.055, 236.183, 0.023, 278.966, 0.078, -182.022, 0.059, 271.722, 0.061,
017-psm10ABBAa1, 8.989430, 0.000629966942149, 244.18, 0.067, 276.456, 0.015, 263.725, 0.021, 284.508, 0.061, 189.879, 0.054, 268.66, 0.03, 233.901, 0.014, 258.029, 0.07, 241.645, 0.068, 211.053, 0.028, -189.935, 0.084, 208.695, 0.089,
017-psm10ABBAb1, 9.809280, 0.000400198347107, 211.289, 0.019, 181.031, 0.122, 263.722, 0.058, 264.193, 0.02, -153.646, 0.005, 194.067, 0.123, 239.236, 0.047, 249.218, 0.021, 248.851, 0.029, 299.388, 0.079, 217.58, 0.074, 213.856, 0.034,
017-psm11ABABa1, 9.194960, 0.000491702479339, 236.508, 0.063, 180.046, 0.005, 233.921, 0.057, 212.515, 0.005, 241.672, 0.053, -161.175, 0.005, 215.523, 0.069, -234.353, 0.005, 244.062, 0.073, 178.921, 0.046, 249.173, 0.087, 209.979, 0.072,
017-psm11ABABb1, 9.684040, 0.000122198347107, 201.059, 0.049, 245.373, 0.055, 248.701, 0.029, 219.898, 0.054, 243.88, 0.048, 223.213, 0.074, 194.496, 0.032, 242.404, 0.058, 265.853, 0.049, 252.225, 0.085, -205.033, 0.09, 267.644, 0.063,
017-psm11ABBAa1, 9.354120, 0.00029105785124, 238.514, 0.072, 217.928, 0.03, 250.411, 0.025, 221.455, 0.051, 231.497, 0.032, 183.978, 0.027, 248.427, 0.036, 271.839, 0.055, 282.906, 0.066, 273.618, 0.025, 247.56, 0.031, 253.41, 0.064,
017-psm11ABBAb1, 9.163850, 0.000957355371901, 197.473, 0.018, 250.846, 0.064, -222.873, 0.109, 204.842, 0.023, 244.034, 0.031, 259.409, 0.072, 273.785, 0.075, -201.233, 0.08, 159.616, 0.027, -145.447, 0.005, 177.004, 0.005, 252.809, 0.028,
017-psm12ABABa1, 10.036500, 0.000209867768595, 267.818, 0.057, 237.458, 0.03, 231.439, 0.045, 211.277, 0.005, 257.73, 0.077, 196.133, 0.04, 279.127, 0.056, -164.873, 0.005, 223.876, 0.057, 221.442, 0.057, 257.467, 0.051, 205.598, 0.039,
017-psm12ABABb1, 10.050400, 0.000252198347107, 201.287, 0.025, 234.806, 0.039, 186.876, 0.022, 252.376, 0.042, 198.175, 0.031, 233.881, 0.038, 208.348, 0.026, 225.433, 0.04, 187.503, 0.029, 240.249, 0.051, 213.573, 0.031, 224.463, 0.041,
017-psm12ABBAa1, 9.552010, 0.000333520661157, 239.297, 0.054, 245.136, 0.015, 234.716, 0.02, 208.093, 0.039, 231.994, 0.027, 211.973, 0.033, 240.952, 0.029, 240.359, 0.066, 256.165, 0.091, 239.071, 0.035, 250.241, 0.034, 226.707, 0.08,
017-psm12ABBAb1, 9.919250, 0.000180628099174, 228.867, 0.022, 256.603, 0.039, 233.914, 0.042, 219.035, 0.031, 246.685, 0.028, 227.027, 0.037, 212.031, 0.035, 241.752, 0.026, 177.529, 0.021, 235.216, 0.05, 236.697, 0.03, 216.575, 0.033,
017-psn01ABABa1, 8.033080, 0.00182214876033, 237.768, 0.052, 223.013, 0.015, 239.167, 0.051, -212.049, 0.061, 231.148, 0.055, 203.793, 0.018, 234.994, 0.017, 244.454, 0.023, 245.207, 0.044, 239.308, 0.015, -141.386, 0.052, 237.497, 0.019,
017-psn01ABABb1, 7.489130, 0.00203844628099, 166.122, 0.015, 288.426, 0.057, 237.704, 0.028, 318.481, 0.031, 273.108, 0.029, 233.677, 0.033, 227.737, 0.031, 270.589, 0.04, 241.182, 0.02, 300.744, 0.056, 253.03, 0.029, 282.578, 0.035,
017-psn01ABBAa1, 8.838140, 0.000806743801653, 182.974, 0.109, 236.018, 0.019, 182.839, 0.005, 268.4, 0.042, 266.412, 0.028, -193.982, 0.005, 205.301, 0.02, 211.037, 0.031, 217.611, 0.027, 216.245, 0.005, 190.289, 0.005, 237.313, 0.028,
017-psn01ABBAb1, 8.500130, 0.00127641322314, 178.832, 0.016, 293.554, 0.066, 273.896, 0.039, 248.369, 0.012, 229.817, 0.017, 251.387, 0.067, 247.247, 0.05, 167.556, 0.017, 179.335, 0.021, 260.141, 0.069, 286.786, 0.061, 170.597, 0.023,
017-psn02ABABa1, 8.448200, 0.000320628099174, 210.239, 0.077, -161.652, 0.005, 257.49, 0.055, 202.17, 0.013, 159.118, 0.005, 160.079, 0.018, 216.624, 0.055, 219.083, 0.013, 232.565, 0.108, 205.374, 0.016, 218.242, 0.057, 198.419, 0.032,
017-psn02ABABb1, 6.480530, 0.0707876363636, 250.324, 0.318, 272.236, 0.352, 197.007, 0.025, 262.025, 0.043, 241.349, 0.012, 255.355, 0.045, 210.542, 0.015, 258.501, 0.045, 200.661, 0.016, 265.296, 0.04, 244.672, 0.016, -218.196, 0.078,
017-psn02ABBAa1, 8.419420, 0.000451603305785, 269.675, 0.051, 182.52, 0.005, 149.559, 0.005, 245.712, 0.025, 178.814, 0.048, 250.932, 0.016, -206.986, 0.005, 241.777, 0.056, 219.185, 0.048, -196.344, 0.058, -165.236, 0.085, 184.506, 0.04,
017-psn02ABBAb1, 8.895290, 0.000212561983471, 248.586, 0.015, 234.13, 0.067, 176.198, 0.005, 187.287, 0.019, 202.221, 0.015, 232.862, 0.045, 168.396, 0.048, 253.467, 0.013, 210.533, 0.016, 246.338, 0.057, -171.942, 0.086, 226.609, 0.012,
017-psn03ABABa1, 9.189650, 0.00020347107438, 251.619, 0.062, -166.799, 0.074, 214.337, 0.047, 165.131, 0.012, 244.505, 0.044, 166.004, 0.011, 249.654, 0.068, 197.296, 0.012, 257.013, 0.058, 190.718, 0.016, 242.191, 0.041, 169.847, 0.005,
017-psn03ABABb1, 9.392830, 0.000319867768595, 164.485, 0.016, 189.001, 0.049, 160.86, 0.015, 189.423, 0.063, 200.957, 0.022, 160.112, 0.04, 195.285, 0.028, 211.936, 0.047, 224.262, 0.025, 231.224, 0.044, 182.867, 0.018, 235.511, 0.037,
017-psn03ABBAa1, 8.958680, 0.000514363636364, 203.816, 0.056, -143.125, 0.076, -126.319, 0.072, 240.938, 0.049, 215.344, 0.076, 176.031, 0.017, 187.296, 0.016, 256.56, 0.068, 197.259, 0.048, 190.266, 0.018, 197.713, 0.018, 253.311, 0.055,
017-psn03ABBAb1, 9.054390, 0.00043905785124, 285.662, 0.01, 247.293, 0.044, 257.814, 0.055, 179.873, 0.011, 234.477, 0.012, 255.697, 0.069, 203.111, 0.042, 229.608, 0.015, 207.629, 0.013, 246.759, 0.06, 215.008, 0.043, 263.164, 0.015,
017-psn04ABABa1, 9.376430, 0.000416809917355, 279.931, 0.05, 153.693, 0.005, 206.994, 0.065, 157.607, 0.005, 192.042, 0.074, 183.386, 0.005, 234.078, 0.071, 151.859, 0.015, 202.383, 0.047, -167.523, 0.068, 238.696, 0.077, 156.737, 0.012,
017-psn04ABABb1, 9.033160, 0.000531719008264, 244.755, 0.017, 240.177, 0.045, 189.89, 0.032, 215.922, 0.032, 220.684, 0.014, 215.652, 0.049, 179.964, 0.015, 201.445, 0.056, -170.017, 0.063, 207.452, 0.055, 189.767, 0.005, 197.109, 0.033,
017-psn04ABBAa1, 9.264430, 0.000300198347107, 248.438, 0.072, 187.688, 0.015, -142.559, 0.066, 220.973, 0.068, 207.189, 0.05, 181.235, 0.015, 182.671, 0.025, 226.04, 0.061, 228.276, 0.035, 183.738, 0.02, 186.05, 0.021, 239.785, 0.069,
017-psn04ABBAb1, 9.374380, 0.000287421487603, 276.378, 0.012, 227.137, 0.046, 226.606, 0.046, 193.406, 0.015, 176.288, 0.023, 247.356, 0.068, 231.516, 0.031, 212.36, 0.015, 170.72, 0.006, 251.042, 0.048, 229.235, 0.044, 232.095, 0.013,
017-psn05ABABa1, 9.557830, 0.00166568595041, 261.511, 0.05, 227.757, 0.021, -147.439, 0.064, 209.184, 0.028, 208.834, 0.05, 208.349, 0.019, 276.553, 0.056, 159.362, 0.018, 245.21, 0.034, 256.953, 0.02, 318.962, 0.066, 205.259, 0.017,
017-psn05ABABb1, 9.606300, 0.00139297520661, 204.747, 0.016, 216.603, 0.057, 162.683, 0.005, 282.403, 0.042, 188.546, 0.018, 211.946, 0.044, 170.702, 0.013, 270.057, 0.04, 265.247, 0.02, 220.146, 0.04, 263.327, 0.019, 243.616, 0.044,
017-psn05ABBAa1, 9.269560, 0.000591173553719, 253.891, 0.072, 169.297, 0.015, 199.433, 0.019, 233.784, 0.023, 210.816, 0.052, 225.119, 0.023, 199.568, 0.015, 274.159, 0.046, -170.841, 0.005, -227.8, 0.071, -190.592, 0.08, 229.047, 0.039,
017-psn05ABBAb1, 9.421450, 0.00123747107438, 201.71, 0.021, 268.09, 0.06, 249.687, 0.054, 163.904, 0.03, 246.773, 0.016, 268.815, 0.044, 295.905, 0.072, 259.128, 0.015, 215.195, 0.019, 253.054, 0.052, 287.246, 0.061, 233.005, 0.016,
017-psn06ABABa1, 8.324240, 0.00235753719008, 293.761, 0.062, 218.173, 0.017, 263.886, 0.065, 235.127, 0.017, 275.781, 0.066, 247.714, 0.015, 267.976, 0.021, 290.3, 0.038, 232.235, 0.047, 234.32, 0.035, 339.335, 0.023, 286.728, 0.025,
017-psn06ABABb1, 8.565050, 0.00058026446281, 247.167, 0.025, 254.479, 0.063, 237.517, 0.022, 280.599, 0.065, 207.918, 0.017, 210.294, 0.042, 252.907, 0.018, 242.973, 0.035, 225.511, 0.023, 226.357, 0.045, 236.188, 0.02, 249.276, 0.094,
017-psn06ABBAa1, 8.687630, 0.00324345454545, 257.679, 0.066, 218.734, 0.018, 184.286, 0.025, 290.152, 0.071, 266.098, 0.065, 200.237, 0.019, 233.832, 0.013, 274.603, 0.072, 284.79, 0.031, 196.935, 0.016, 203.184, 0.005, 282.855, 0.064,
017-psn06ABBAb1, 8.571480, 0.00195133884298, 223.347, 0.005, 245.898, 0.054, 216.916, 0.014, 266.368, 0.015, 255.425, 0.06, 227.461, 0.013, 244.631, 0.016, 256.501, 0.059, 270.905, 0.021, 269.436, 0.043, 289.035, 0.069, 222.536, 0.015,
017-psn07ABABa1, 8.333020, 0.000918049586777, 236.687, 0.06, -155.936, 0.081, -151.937, 0.096, -158.786, 0.015, 201.579, 0.064, -176.362, 0.073, 197.574, 0.144, -148.835, 0.016, 234.547, 0.032, -169.451, 0.015, 295.548, 0.099, 205.651, 0.024,
017-psn07ABABb1, 8.941940, 0.000316066115702, 228.706, 0.014, 206.154, 0.03, 223.588, 0.019, 174.846, 0.023, -149.905, 0.079, 183.892, 0.019, -150.169, 0.015, 234.365, 0.038, -150.822, 0.015, 218.083, 0.02, 233.266, 0.014, 232.974, 0.026,
017-psn07ABBAa1, 8.471720, 0.000561537190083, 253.767, 0.051, -151.099, 0.076, 163.38, 0.016, 206.985, 0.026, 260.279, 0.065, 233.708, 0.016, 212.762, 0.016, 244.095, 0.049, 230.826, 0.044, 181.78, 0.017, -169.129, 0.074, 160.11, 0.107,
017-psn07ABBAb1, 8.295930, 0.000325107438017, 175.512, 0.017, 234.13, 0.057, 202.702, 0.061, 210.563, 0.012, 188.582, 0.013, 198.718, 0.074, 167.643, 0.029, 217.372, 0.016, 165.633, 0.014, 238.715, 0.06, 248.166, 0.066, 232.576, 0.014,
017-psn08ABABa1, 8.979440, 0.000208066115702, 318.799, 0.071, 191.917, 0.019, 195.488, 0.038, 156.987, 0.017, 237.957, 0.028, 183.047, 0.02, 208.432, 0.037, 167.916, 0.018, 234.027, 0.033, 206.009, 0.02, 247.047, 0.034, 182.044, 0.045,
017-psn08ABABb1, 8.421080, 0.000266148760331, 269.145, 0.039, 207.868, 0.034, 193.321, 0.016, 185.346, 0.039, 187.84, 0.021, 158.432, 0.107, 210.833, 0.021, 240.463, 0.036, 189.293, 0.027, 215.271, 0.037, 189.663, 0.024, 235.744, 0.034,
017-psn08ABBAa1, 8.903650, 0.000552066115702, 212.276, 0.061, -184.346, 0.083, -171.829, 0.016, -161.628, 0.084, 192.975, 0.02, 241.21, 0.023, -149.702, 0.08, 198.742, 0.053, 251.847, 0.032, 207.653, 0.016, 215.513, 0.028, 214.034, 0.028,
017-psn08ABBAb1, 9.176290, 0.00033347107438, 227.451, 0.015, 230.573, 0.046, 206.989, 0.031, 213.499, 0.013, 206.489, 0.016, 210.245, 0.048, 247.561, 0.057, 247.397, 0.014, 206.957, 0.014, 199.715, 0.041, 248.425, 0.037, 217.143, 0.017,
017-psn09ABABa1, 9.448050, 0.000502198347107, 265.708, 0.039, 180.666, 0.021, 250.572, 0.057, 229.397, 0.037, 218.607, 0.052, 224.95, 0.029, 252.832, 0.069, 192.827, 0.043, 271.61, 0.073, 202.263, 0.047, 289.811, 0.079, 193.469, 0.041,
017-psn09ABABb1, 9.362880, 0.00061079338843, 224.072, 0.033, 253.854, 0.064, 200.04, 0.029, 234.51, 0.057, 262.462, 0.037, 229.227, 0.055, 229.262, 0.033, 275.491, 0.051, 220.018, 0.033, 213.693, 0.063, 222.528, 0.036, 229.676, 0.045,
017-psn09ABBAa1, 9.807690, 0.000708380165289, 243.543, 0.086, 190.61, 0.017, 211.525, 0.025, 228.408, 0.044, 271.527, 0.08, 195.133, 0.029, 180.209, 0.028, 210.467, 0.056, 202.335, 0.083, -184.677, 0.051, 211.472, 0.034, 248.759, 0.063,
017-psn09ABBAb1, 9.481170, 0.000290743801653, 187.259, 0.021, 279.502, 0.082, 205.956, 0.005, 229.506, 0.047, 230.025, 0.035, 286.825, 0.075, 235.196, 0.086, 183.597, 0.032, -161.524, 0.065, 218.837, 0.058, 218.652, 0.077, 236.26, 0.022,
017-psn10ABABa1, 8.943560, 0.000692066115702, 185.221, 0.128, 205.58, 0.028, 244.254, 0.088, 205.803, 0.04, 251.386, 0.072, 218.971, 0.039, 190.107, 0.158, 251.982, 0.055, 291.629, 0.078, 196.857, 0.04, 261.558, 0.06, 197.263, 0.005,
017-psn10ABABb1, 8.661020, 0.000301504132231, 187.609, 0.028, 215.035, 0.047, 239.109, 0.035, 226.224, 0.076, 221.451, 0.031, 257.946, 0.042, 196.276, 0.031, 244.41, 0.043, 212.559, 0.041, 276.367, 0.066, 236.967, 0.042, 219.863, 0.086,
017-psn10ABBAa1, 8.285960, 0.000442148760331, 229.289, 0.07, 207.276, 0.037, 225.4, 0.021, 216.217, 0.046, 273.04, 0.074, 182.27, 0.042, -166.346, 0.005, 251.052, 0.048, 250.522, 0.052, 224.427, 0.034, 189.791, 0.031, 245.074, 0.09,
017-psn10ABBAb1, 8.982410, 0.000462512396694, 186.93, 0.021, 265.332, 0.066, 221.684, 0.058, 192.172, 0.017, 239.274, 0.03, 191.229, 0.147, 265.444, 0.065, 241.211, 0.035, 219.522, 0.051, 273.836, 0.087, 285.641, 0.074, 198.959, 0.022,
017-psn11ABABa1, 8.518740, 0.000400743801653, 304.026, 0.059, 232.302, 0.028, 208.068, 0.067, 189.276, 0.041, 188.514, 0.059, 208.11, 0.005, 189.549, 0.046, 208.784, 0.005, 211.507, 0.06, 201.564, 0.044, 232.469, 0.057, 208.531, 0.05,
017-psn11ABABb1, 8.693350, 0.000619884297521, 230.641, 0.039, 196.773, 0.048, 239.073, 0.03, 227.967, 0.056, 219.242, 0.03, 217.735, 0.05, 252.642, 0.033, 258.43, 0.054, 256.929, 0.036, 257.591, 0.055, 193.121, 0.038, 255.112, 0.055,
017-psn11ABBAa1, 8.456130, 0.00140014876033, 284.71, 0.062, 180.074, 0.022, 163.317, 0.028, -133.783, 0.005, -123.287, 0.066, 226.039, 0.022, 240.564, 0.027, -151.267, 0.005, -145.749, 0.005, 208.97, 0.019, 199.593, 0.005, 242.067, 0.035,
017-psn11ABBAb1, 9.123160, 0.000926247933884, 215.443, 0.018, 206.929, 0.05, 173.25, 0.005, 240.177, 0.029, 249.066, 0.039, 247.402, 0.066, 230.541, 0.075, 253.419, 0.034, 228.484, 0.044, 270.956, 0.052, 305.545, 0.078, 240.057, 0.046,
017-psn12ABABa1, 8.740000, 0.000339140495868, 203.93, 0.107, -128.959, 0.071, 243.694, 0.057, -148.89, 0.079, 266.998, 0.035, 171.919, 0.012, 275.847, 0.033, -143.634, 0.067, 275.938, 0.059, -133.358, 0.081, 283.419, 0.063, 214.459, 0.031,
017-psn12ABABb1, 9.328670, 0.000452231404959, 197.838, 0.037, 229.941, 0.046, 181.308, 0.019, 207.631, 0.05, 208.001, 0.023, 206.02, 0.062, 167.564, 0.028, 229.864, 0.05, 204.436, 0.021, 220.693, 0.038, 173.973, 0.046, 251.678, 0.058,
017-psn12ABBAa1, 9.356630, 0.000796611570248, 226.082, 0.055, 206.65, 0.021, 145.065, 0.025, 240.32, 0.031, 226.874, 0.046, 223.648, 0.019, 173.436, 0.03, 244.849, 0.049, 248.71, 0.045, 193.734, 0.005, 209.858, 0.035, 242.044, 0.04,
017-psn12ABBAb1, 9.444390, 0.000231239669421, 261.936, 0.018, 213.339, 0.037, 283.645, 0.072, 190.108, 0.027, 229.237, 0.024, 234.793, 0.051, 233.963, 0.043, 200.108, 0.026, 233.354, 0.02, 202.981, 0.033, 247.21, 0.03, -169.252, 0.05,
