021-pdm01ABABa1, 6.855330, 0.001389, 217.294, 0.02, 223.449, 0.08, 167.275, 0.02, 171.39, 0.091, 143.494, 0.02, 141.77, 0.121, -162.251, 0.061, 112.744, 0.058, 226.944, 0.04, 131.896, 0.086, 232.358, 0.044, 213.044, 0.096, 111.175, 0.065, 
021-pdm01ABABb1, 7.700780, 0.000603, 141.245, 0.009, 153.272, 0.043, 208.182, 0.095, 172.173, 0.049, 167.81, 0.008, 175.386, 0.027, 153.768, 0.008, 210.31, 0.022, 229.044, 0.074, 163.5, 0.042, 220.217, 0.103, 225.016, 0.022, 
021-pdm01ABBAa1, 8.918640, 0.000452, 186.365, 0.022, 156.607, 0.101, 208.072, 0.098, 235.147, 0.015, 209.193, 0.018, 247.864, 0.086, 235.545, 0.11, 230.008, 0.02, 230.686, 0.013, 235.614, 0.085, 187.447, 0.097, 220.551, 0.018, 
021-pdm01ABBAb1, 8.821960, 0.000476, 226.856, 0.072, -163.057, 0.011, 157.497, 0.033, 200.176, 0.099, 228.243, 0.094, 170.549, 0.046, 201.127, 0.036, 219.325, 0.08, 202.413, 0.101, -153.413, 0.082, 241.711, 0.039, 188.893, 0.087, 
021-pdm02ABABa1, 6.843900, 0.041559, 134.643, 0.062, 165.432, 0.013, 136.611, 0.007, 210.03, 0.013, 90.1567, 0.005, 174.878, 0.06, 212.141, 0.009, 209.066, 0.06, 231.951, 0.007, 200.053, 0.063, 203.017, 0.01, 209.98, 0.067, 196.564, 0.024, 228.776, 0.334, 
021-pdm02ABABb1, 9.950920, 0.000888, 180.794, 0.083, 186.03, 0.062, 200.906, 0.078, 145.148, 0.013, 162.558, 0.06, -170.388, 0.065, 198.969, 0.062, 141.98, 0.024, 180.255, 0.065, 205.568, 0.017, 211.139, 0.06, 228.711, 0.02, 
021-pdm02ABBAa1, 9.396790, 0.005692, 192.741, 0.015, 249.008, 0.047, 235.812, 0.063, 178.652, 0.016, 175.663, 0.077, 200.975, 0.021, 195.417, 0.017, 223.656, 0.057, 196.464, 0.015, 225.528, 0.05, 214.514, 0.014, 252.241, 0.01, 192.353, 0.009, 94.1189, 0.005, 
021-pdm02ABBAb1, 9.617590, 0.001855, 231.942, 0.204, -205.303, 0.073, 250.067, 0.012, 241.223, 0.047, 259.454, 0.049, 234.673, 0.014, 223.306, 0.008, 158.137, 0.035, 221.217, 0.055, 236.882, 0.017, 202.543, 0.008, 225.819, 0.028, 
021-pdm03ABABa1, 9.005810, 0.001763, 202.428, 0.017, 201.35, 0.091, 220.939, 0.053, 182.972, 0.068, 242.508, 0.017, 252.867, 0.037, 208.21, 0.017, -205.494, 0.099, 241.335, 0.048, 246.408, 0.041, 243.628, 0.021, 232.505, 0.037, 
021-pdm03ABABb1, 6.460630, 0.004973, -145.814, 0.005, 231.422, 0.009, 200.449, 0.009, 177.517, 0.014, 256.409, 0.094, 158.536, 0.009, 288.14, 0.08, 
021-pdm03ABBAa1, 10.251900, 0.000315, 193.442, 0.01, 232.216, 0.047, 230.431, 0.01, 173.639, 0.064, 225.23, 0.012, 231.607, 0.056, 248.372, 0.069, 236.711, 0.009, 222.967, 0.008, 176.708, 0.09, 205.451, 0.096, 223.301, 0.008, 
021-pdm03ABBAb1, 8.422740, 0.007740, 124.07, 0.1, 195.692, 0.014, 158.669, 0.015, 109.391, 0.006, 190.749, 0.058, 236.435, 0.011, 194.678, 0.012, 256.715, 0.065, 233.654, 0.084, 257.592, 0.017, 223.529, 0.01, 220.644, 0.077, 156.059, 0.054, 
021-pdm04ABABa1, 9.460870, 0.001413, 180.577, 0.046, -144.367, 0.006, 197.169, 0.015, 193.073, 0.086, 174.132, 0.013, 214.018, 0.059, 231.415, 0.013, 210.625, 0.042, 214.476, 0.015, 217.448, 0.067, 200.048, 0.017, 197.242, 0.035, 
021-pdm04ABABb1, 9.523740, 0.000895, 188.464, 0.057, 175.731, 0.028, 195.736, 0.074, 164.156, 0.042, 187.449, 0.09, 160.206, 0.047, 128.48, 0.087, 141.668, 0.012, 184.166, 0.06, 170.322, 0.024, 190.907, 0.084, 169.119, 0.034, 
021-pdm04ABBAa1, 9.251710, 0.000363, 217.616, 0.024, 257.569, 0.062, 238.694, 0.075, 229.688, 0.111, 198.431, 0.021, 185.978, 0.086, 227.135, 0.071, 220.551, 0.015, 196.419, 0.015, 226.982, 0.072, 231.249, 0.094, 189.423, 0.034, 
021-pdm04ABBAb1, 9.152380, 0.000595, 212.971, 0.073, 188.792, 0.035, 208.069, 0.065, 187.462, 0.018, 248.977, 0.076, 221.637, 0.022, 173.495, 0.022, 186.41, 0.067, 185.02, 0.072, 204.679, 0.017, 222.149, 0.025, 119.511, 0.057, 
021-pdm05ABABa1, 8.734030, 0.000297, 178.722, 0.029, 257.223, 0.068, 226.035, 0.022, 226.723, 0.097, 186.625, 0.017, 235.806, 0.113, 140.812, 0.016, 224.831, 0.065, 205.107, 0.016, 179.999, 0.074, 198.073, 0.018, 235.987, 0.069, 
021-pdm05ABABb1, 9.054420, 0.000308, 245.241, 0.072, 169.801, 0.015, 218.84, 0.101, 188.381, 0.016, 205.167, 0.086, 186.372, 0.015, 209.002, 0.1, 202.396, 0.007, 223.076, 0.134, 159.464, 0.015, 223.908, 0.091, 160.921, 0.016, 
021-pdm05ABBAa1, 8.403430, 0.000416, 231.233, 0.067, 188.193, 0.018, 244.3, 0.101, 165.432, 0.005, 253.392, 0.083, 186.674, 0.017, 148.104, 0.026, 202.66, 0.016, 215.783, 0.016, 233.511, 0.083, 260.116, 0.09, 195.641, 0.016, 
021-pdm05ABBAb1, 8.338770, 0.000449, 242.77, 0.073, 172.414, 0.014, 218.71, 0.024, 221.168, 0.066, 184.865, 0.088, 213.107, 0.021, 194.817, 0.022, 225.196, 0.106, 192.375, 0.087, 198.936, 0.021, 191.322, 0.024, 255.232, 0.075, 
021-pdm06ABABa1, 8.930970, 0.001276, 201.681, 0.019, 230.046, 0.046, 229.77, 0.014, 202.225, 0.07, 222.518, 0.016, 239.665, 0.061, 198.301, 0.021, 245.601, 0.06, 220.019, 0.032, 253.333, 0.069, 262.077, 0.066, 195.513, 0.032, 
021-pdm06ABABb1, 8.597600, 0.000753, 241.544, 0.053, 219.199, 0.015, 264.134, 0.053, 239.049, 0.021, 239.175, 0.052, 213.32, 0.021, 243.251, 0.065, 189.975, 0.06, 257.974, 0.084, 253.34, 0.025, 259.793, 0.055, 202.327, 0.024, 
021-pdm06ABBAa1, 8.704370, 0.000401, 206.575, 0.033, 256.067, 0.058, 219.68, 0.05, 252.228, 0.026, 217.497, 0.017, 287.169, 0.078, 256.607, 0.074, 235.077, 0.026, 261.815, 0.021, 212.933, 0.083, 277.256, 0.087, 254.778, 0.025, 
021-pdm06ABBAb1, 8.495870, 0.000492, 243.833, 0.067, 244.802, 0.014, 229.419, 0.013, 256.079, 0.047, 265.444, 0.066, 220.618, 0.019, 209.803, 0.014, 149.023, 0.032, 251.566, 0.058, 195.702, 0.016, 229.826, 0.017, 247.871, 0.065, 
021-pdm07ABABa1, 8.956030, 0.000456, 231.185, 0.023, 300.34, 0.076, 232.205, 0.015, 228.143, 0.106, 275.619, 0.015, 225.784, 0.118, 263.805, 0.015, 272.217, 0.097, 280.816, 0.015, 242.354, 0.088, 269.165, 0.019, 189.154, 0.021, 
021-pdm07ABABb1, 8.078260, 0.000630, 192.843, 0.028, 209.685, 0.012, 176.612, 0.049, 205.122, 0.015, 163.215, 0.032, 264.509, 0.017, 208.055, 0.018, 254.96, 0.015, 273.899, 0.084, 273.435, 0.012, 235.306, 0.11, 217.917, 0.04, 
021-pdm07ABBAa1, 8.241230, 0.001585, 256.971, 0.016, 210.279, 0.087, 200.205, 0.041, 276.493, 0.015, 198.618, 0.03, 261.125, 0.013, 196.926, 0.042, 208.751, 0.107, 256.261, 0.082, 223.613, 0.041, 269.123, 0.067, 242.799, 0.011, 
021-pdm07ABBAb1, 9.015910, 0.000746, 257.243, 0.059, 236.337, 0.012, 255.985, 0.011, 277.796, 0.074, 235.963, 0.107, 275.394, 0.013, 260.334, 0.014, 196.02, 0.037, 233.828, 0.115, 228.972, 0.014, 241.755, 0.016, 297.448, 0.099, 
021-pdm08ABABa1, 7.854920, 0.000596, 217.753, 0.023, 189.374, 0.067, 190.504, 0.016, 224.617, 0.105, 201.019, 0.025, 265.633, 0.097, 230.49, 0.019, 186.755, 0.111, 185.169, 0.061, 170.188, 0.035, 179.56, 0.033, 186.663, 0.038, 
021-pdm08ABABb1, 8.453170, 0.000044, 223.646, 0.068, 230.838, 0.027, 224.194, 0.075, 244.85, 0.016, 242.873, 0.08, 247.161, 0.016, 236.21, 0.088, 263.796, 0.021, 257.924, 0.112, 263.621, 0.028, 223.126, 0.092, 250.667, 0.024, 
021-pdm08ABBAa1, 7.798600, 0.001264, 248.421, 0.019, 159.712, 0.087, 228.457, 0.02, 157.613, 0.093, 203.418, 0.022, 203.539, 0.112, 246.299, 0.018, 134.236, 0.037, 221.445, 0.02, -206.611, 0.005, 248.942, 0.109, 198.771, 0.026, 
021-pdm08ABBAb1, 7.867560, 0.011729, 216.494, 0.046, 229.729, 0.022, 234.836, 0.019, 171.726, 0.052, 361.854, 0.104, 225.116, 0.021, 210.861, 0.017, 173.184, 0.007, 255.084, 0.106, 189.328, 0.092, 234.935, 0.022, 242.079, 0.033, 170.867, 0.005, 177.618, 0.074, 
021-pdm09ABABa1, 8.433700, 0.000771, 259.033, 0.02, 213.42, 0.072, 225.165, 0.022, 260.786, 0.067, 240.282, 0.029, 245.915, 0.072, 267.662, 0.015, 235.398, 0.064, 246.881, 0.013, 235.283, 0.066, 214.637, 0.016, 250.804, 0.042, 
021-pdm09ABABb1, 9.533260, 0.001204, 265.759, 0.054, 242.295, 0.024, 238.621, 0.039, 209.491, 0.019, 240.847, 0.06, 216.142, 0.023, 184.852, 0.066, 267.585, 0.033, 265.554, 0.049, 243.927, 0.027, 295.919, 0.041, 65.9318, 0.01, 
021-pdm09ABBAa1, 8.482380, 0.001329, 286.896, 0.018, 277.325, 0.058, 260.088, 0.062, 253.123, 0.019, 220.77, 0.015, 181.9, 0.094, 247.605, 0.071, 249.106, 0.018, 247.16, 0.018, 206.398, 0.079, 252.914, 0.062, 269.743, 0.019, 274.339, 0.021, 
021-pdm09ABBAb1, 9.340040, 0.005219, 314.15, 0.05, 261.112, 0.021, 250.017, 0.016, 214.869, 0.076, 278.102, 0.079, 208.451, 0.016, 242.981, 0.02, 98.5291, 0.061, 223.375, 0.037, 242.777, 0.023, 241.719, 0.018, 247.91, 0.028, 142.679, 0.037, 
021-pdm10ABABa1, 8.634170, 0.000902, 222.178, 0.023, 214.518, 0.097, 211.509, 0.03, 248.965, 0.091, 197.052, 0.031, 199.27, 0.107, 205.502, 0.027, 245.591, 0.088, 218.488, 0.029, 240.877, 0.092, 149.559, 0.047, 242.251, 0.084, 
021-pdm10ABABb1, 7.308880, 0.001096, 208, 0.13, 192.895, 0.035, 140.837, 0.11, 247.635, 0.04, 186.104, 0.088, 261.317, 0.047, 228.897, 0.103, 265.894, 0.044, 252.617, 0.111, 232.563, 0.044, 230.141, 0.096, 202.331, 0.03, 
021-pdm10ABBAa1, 12.503500, 0.000315, 226.069, 0.037, 235.232, 0.071, 258.953, 0.12, 243.626, 0.04, 213.882, 0.043, 247.563, 0.099, 247.927, 0.101, 
021-pdm10ABBAb1, 8.189800, 0.010515, 242.524, 0.087, 130.042, 0.008, -153.41, 0.005, 194.405, 0.092, 222.15, 0.066, 206.688, 0.023, 221.154, 0.023, 171.141, 0.082, -219.756, 0.006, 254.476, 0.005, -71.1994, 0.007, 
021-pdm11ABABa1, 8.616280, 0.000385, 237.332, 0.029, 215.978, 0.051, 244.517, 0.032, 253.508, 0.055, 266.715, 0.022, 216.047, 0.056, 246.849, 0.018, 239.139, 0.059, 256.097, 0.027, 251.223, 0.178, 254.12, 0.025, 206.615, 0.072, 
021-pdm11ABABb1, 9.310190, 0.000888, 224.76, 0.066, 227.416, 0.023, 239.933, 0.055, 226.54, 0.02, 262.826, 0.069, 244.801, 0.027, 208.989, 0.069, 179.68, 0.032, 241.785, 0.071, 239.132, 0.027, 240.164, 0.073, 182.399, 0.028, 
021-pdm11ABBAa1, 9.072050, 0.000729, 231.331, 0.023, 209.522, 0.07, 262.412, 0.058, 246.413, 0.044, 267.255, 0.027, 260.002, 0.062, 278.377, 0.057, 256.297, 0.036, 263.411, 0.034, 244.276, 0.077, 236.511, 0.059, 264.687, 0.041, 
021-pdm11ABBAb1, 8.533170, 0.001188, 183.276, 0.042, 261.601, 0.029, 273.771, 0.025, 231.888, 0.06, 203.183, 0.181, 202.095, 0.019, 242.655, 0.172, 249.876, 0.068, 271.706, 0.058, 240.659, 0.026, 255.1, 0.025, 293.08, 0.063, 
021-pdm12ABABa1, 8.270490, 0.000132, 195.574, 0.109, -160.347, 0.005, 158.885, 0.041, 194.049, 0.084, 178.177, 0.035, 228.852, 0.084, 211.661, 0.038, 214.906, 0.08, 230.889, 0.042, 192.388, 0.084, 180.36, 0.044, -191.515, 0.005, 
021-pdm12ABABb1, 8.374900, 0.000385, 244.874, 0.077, 238.719, 0.024, 235.167, 0.087, 210.714, 0.005, 243.57, 0.074, 219.548, 0.027, -203.256, 0.005, 109.975, 0.005, 214.24, 0.102, 210.709, 0.033, 215.885, 0.073, 229.016, 0.03, 
021-pdm12ABBAa1, 8.319850, 0.000866, 207.448, 0.019, 236.919, 0.059, 203.66, 0.088, 229.49, 0.032, 222.567, 0.023, 164.017, 0.097, 223.008, 0.062, 151.433, 0.047, 248.354, 0.034, 156.127, 0.046, 210.947, 0.08, 181.769, 0.028, 
021-pdm12ABBAb1, 8.378030, 0.000251, 240.479, 0.074, -129.631, 0.018, -98.5492, 0.085, 170.183, 0.107, 247.174, 0.068, 220.432, 0.038, 199.378, 0.035, 161.598, 0.094, 232.351, 0.075, 188.504, 0.023, 220.377, 0.029, 234.385, 0.084, 
021-pdn01ABABa1, 7.956610, 0.000395, -175.061, 0.079, 207.616, 0.076, 199.309, 0.008, 196.711, 0.094, 151.355, 0.026, 206.525, 0.08, 166.926, 0.02, 190.174, 0.075, 207.93, 0.025, 202.775, 0.077, 154.953, 0.024, 216.834, 0.088, 
021-pdn01ABABb1, 7.991650, 0.000594, 194.71, 0.008, 137.314, 0.041, 204.988, 0.082, 179.137, 0.018, 219.206, 0.075, 163.859, 0.045, 140.642, 0.088, 124.571, 0.005, 144.794, 0.087, 182.89, 0.016, 126.685, 0.07, 157.498, 0.037, 
021-pdn01ABBAa1, 8.284980, 0.000793, 195.322, 0.012, 223.478, 0.084, 246.878, 0.08, 215.185, 0.015, 180.1, 0.013, 227.222, 0.076, 209.586, 0.082, 215.437, 0.014, 218.048, 0.012, 239.829, 0.094, 214.291, 0.02, 123.761, 0.041, 
021-pdn01ABBAb1, 8.523200, 0.000431, 242.139, 0.086, -132.262, 0.074, 177.179, 0.017, 191.399, 0.069, 222.114, 0.085, -114.998, 0.086, 198.15, 0.017, 232.412, 0.091, 216.825, 0.085, -125.083, 0.071, 170.565, 0.027, 207.218, 0.094, 
021-pdn02ABABa1, 8.511650, 0.001899, 149.689, 0.046, 134.471, 0.01, 169.431, 0.06, 141.717, 0.014, 144.246, 0.076, 191.699, 0.088, 154.065, 0.016, 147.121, 0.031, 198.097, 0.07, 186.792, 0.088, 191.217, 0.012, 201.666, 0.082, 
021-pdn02ABABb1, 8.348790, 0.000793, 169.03, 0.053, 163.454, 0.015, 206.482, 0.11, 203.367, 0.017, 234.933, 0.086, -115.364, 0.086, 184.275, 0.074, 217.123, 0.08, 226.354, 0.1, 201.76, 0.017, 91.0308, 0.07, 168.689, 0.015, 
021-pdn02ABBAa1, 6.836400, 0.006631, 175.236, 0.045, -169.745, 0.005, 209.324, 0.116, 200.713, 0.044, 242.021, 0.11, 190.505, 0.009, 187.881, 0.005, 195.41, 0.005, 200.161, 0.015, 248.747, 0.073, 208.122, 0.085, 148.815, 0.016, 216.417, 0.013, 189.112, 0.014, 
021-pdn02ABBAb1, 8.159920, 0.001874, 124.655, 0.005, 112.465, 0.015, 116.997, 0.005, 173.171, 0.073, 209.407, 0.082, 145.038, 0.018, 153.691, 0.016, 182.821, 0.076, 203.944, 0.083, -157.797, 0.077, 185.427, 0.023, 187.032, 0.071, 
021-pdn03ABABa1, 8.031780, 0.001743, 217.163, 0.01, 202.068, 0.053, 228.507, 0.012, 200.105, 0.074, 199.839, 0.014, 145.868, 0.005, 161.283, 0.021, 229.527, 0.079, 213.359, 0.013, 212.057, 0.09, 194.201, 0.034, 210.684, 0.088, 
021-pdn03ABABb1, 8.247420, 0.000487, 167.413, 0.011, 150.086, 0.044, 153.623, 0.009, 121.862, 0.053, 223.318, 0.084, 176.599, 0.033, 202.36, 0.082, 136.515, 0.027, 140.313, 0.094, 173.393, 0.019, 213.873, 0.098, 226.311, 0.019, 
021-pdn03ABBAa1, 8.737070, 0.000465, 227.904, 0.012, 205.538, 0.076, 229.677, 0.087, 204.728, 0.012, 235.08, 0.013, 223.878, 0.089, 153.122, 0.094, 182.661, 0.008, 215.852, 0.012, 242.728, 0.108, 239.205, 0.075, 186.019, 0.019, 
021-pdn03ABBAb1, 8.307420, 0.000761, 150.567, 0.081, 165.75, 0.016, 190.255, 0.024, 217.228, 0.097, 241.816, 0.094, 214.443, 0.015, 168.933, 0.013, 249.365, 0.096, 201.964, 0.091, 197.697, 0.014, 201.888, 0.03, 211.666, 0.086, 
021-pdn04ABABa1, 7.483220, 0.000537, 179.338, 0.037, 243.487, 0.062, 220.123, 0.021, 160.294, 0.049, -200.024, 0.069, 148.701, 0.011, 254.762, 0.014, 263.534, 0.039, 232.807, 0.015, 221.763, 0.058, 250.814, 0.033, 
021-pdn04ABABb1, 6.696690, 0.012550, 135.289, 0.031, 216.207, 0.064, 200.079, 0.037, 203.313, 0.072, 194.904, 0.039, 176.612, 0.038, 176.186, 0.077, 181.833, 0.041, 216.767, 0.068, 200.776, 0.024, 230.405, 0.077, 212.492, 0.041, 191.548, 0.076, 185.29, 0.028, 
021-pdn04ABBAa1, 7.913320, 0.000393, 205.094, 0.027, 255.621, 0.065, 233.867, 0.064, 196.999, 0.028, 246.307, 0.029, 195.685, 0.066, 233.965, 0.075, 211.953, 0.028, 202.622, 0.044, 222.503, 0.077, 205.538, 0.071, 170.13, 0.025, 
021-pdn04ABBAb1, 8.448800, 0.001231, 219.012, 0.058, 186.538, 0.036, 155.081, 0.018, 194.649, 0.066, 213.255, 0.24, 203.096, 0.013, 202.935, 0.055, 246.682, 0.072, 224.502, 0.066, 207.229, 0.013, 248.866, 0.013, 236.045, 0.057, 
021-pdn05ABABa1, 7.595260, 0.006986, 235.607, 0.067, 211.55, 0.074, 247.512, 0.014, 249.769, 0.08, 195.018, 0.014, 209.845, 0.075, 190.862, 0.041, 132.372, 0.023, 162.978, 0.01, -211.035, 0.005, -155.113, 0.005, 200.889, 0.023, 197.394, 0.074, 
021-pdn05ABABb1, 9.667060, 0.000951, 256.396, 0.071, 203.985, 0.014, 241.217, 0.096, 241.585, 0.024, 178.392, 0.087, 206.928, 0.015, 302.674, 0.122, 248.2, 0.016, 170.469, 0.097, 233.234, 0.01, 195.484, 0.089, 198.568, 0.014, 
021-pdn05ABBAa1, 9.868700, 0.000431, 163.458, 0.013, 285.045, 0.088, 200.493, 0.081, 203.542, 0.014, 239.394, 0.019, 255.921, 0.094, 185.591, 0.1, 127.204, 0.014, 198.037, 0.031, 150.739, 0.095, 209.668, 0.099, 171.08, 0.037, 
021-pdn05ABBAb1, 9.073860, 0.000501, 270.681, 0.073, 198.154, 0.014, 245.686, 0.02, 168.425, 0.113, 144.991, 0.008, 209.287, 0.018, 219.945, 0.017, 207.581, 0.08, 197.043, 0.086, 202.474, 0.027, 231.527, 0.035, 173.911, 0.106, 
021-pdn06ABABa1, 9.250230, 0.001793, 193.966, 0.02, 201.303, 0.091, 217.857, 0.016, 234.406, 0.071, 228.101, 0.016, 296.718, 0.064, 203.882, 0.016, 263.963, 0.085, 249.758, 0.027, 131.325, 0.018, 240.334, 0.021, 269.554, 0.097, 
021-pdn06ABABb1, 8.076790, 0.000604, 240.846, 0.162, 259.938, 0.017, 247.314, 0.07, 233.434, 0.022, 282.772, 0.073, 191.906, 0.015, 251.144, 0.084, 240.751, 0.018, 228.426, 0.071, 221.358, 0.075, 217.592, 0.087, 252.582, 0.037, 
021-pdn06ABBAa1, 8.070730, 0.006551, 237.115, 0.023, 214.09, 0.063, 184.187, 0.018, 172.95, 0.015, 227.123, 0.053, 253.389, 0.019, 293.372, 0.072, 160.066, 0.08, 297.283, 0.036, 291.093, 0.068, 288.329, 0.04, 290.089, 0.082, 180.861, 0.043, 
021-pdn06ABBAb1, 9.254350, 0.001240, 231.388, 0.06, 265.861, 0.024, 257.68, 0.019, 245.991, 0.075, 283.16, 0.081, 202.979, 0.013, 249.206, 0.021, 175.89, 0.014, 250.147, 0.076, 273.782, 0.019, 262.359, 0.019, 226.624, 0.119, 
021-pdn07ABABa1, 7.886840, 0.009172, 190.457, 0.016, 191.842, 0.046, 179.218, 0.014, -282.679, 0.126, 125.008, 0.038, 193.371, 0.017, 100.189, 0.12, 208.508, 0.015, 115.883, 0.033, 217.573, 0.024, 107.472, 0.072, 187.686, 0.018, 165.175, 0.086, 
021-pdn07ABABb1, 7.239420, 0.016312, 202.925, 0.058, 247.969, 0.015, 253.276, 0.112, -160.63, 0.009, 190.66, 0.124, 196.214, 0.012, 109.053, 0.085, -169.35, 0.008, 63.9419, 0.074, 223.241, 0.109, 178.602, 0.018, 188.285, 0.043, 295.624, 0.014, 
021-pdn07ABBAa1, 8.209410, 0.001646, 207.927, 0.019, 154.84, 0.09, 245.732, 0.11, 188.917, 0.015, 277.761, 0.014, 208.758, 0.113, 153.458, 0.061, 228.305, 0.015, 203.067, 0.015, 154.367, 0.005, 113.725, 0.092, 180.763, 0.015, 
021-pdn07ABBAb1, 8.399690, 0.000911, 134.163, 0.058, 182.197, 0.019, 182.89, 0.016, 116.111, 0.075, 246.568, 0.082, 178.433, 0.016, 236.552, 0.015, 141.336, 0.032, 254.894, 0.118, 193.34, 0.022, 184.998, 0.02, 173.958, 0.093, 
021-pdn08ABABa1, 7.789880, 0.002013, 275.152, 0.019, 202.361, 0.078, 224.65, 0.016, 298.164, 0.055, 239.368, 0.021, 292.705, 0.056, 234.572, 0.018, 252.029, 0.066, 221.219, 0.014, 243.939, 0.069, 225.745, 0.007, 155.013, 0.091, 131.699, 0.125, 
021-pdn08ABABb1, 9.842340, 0.001181, 241.923, 0.058, 249.864, 0.024, 235.48, 0.071, 237.751, 0.025, 240.299, 0.072, 259.031, 0.02, 247.918, 0.074, 245.469, 0.025, 253.88, 0.074, 247.276, 0.02, 250.621, 0.081, 218.811, 0.02, 
021-pdn08ABBAa1, 9.161710, 0.002087, 217.332, 0.019, 236.967, 0.071, 257.846, 0.096, 240.697, 0.024, 304.797, 0.06, 274.515, 0.072, 254.784, 0.09, 214.07, 0.021, 276.828, 0.023, 250.523, 0.056, 260.717, 0.089, 187.61, 0.015, 
021-pdn08ABBAb1, 10.103100, 0.001095, 230.607, 0.071, 236.842, 0.017, 249.055, 0.022, 260.317, 0.054, 277.14, 0.07, 199.954, 0.039, 241.081, 0.018, 225.653, 0.064, 258.568, 0.07, 223.177, 0.021, 255.337, 0.021, 248.913, 0.092, 
021-pdn09ABABa1, 9.692970, 0.000504, 209.16, 0.02, 246.095, 0.074, 243.876, 0.023, 276.654, 0.056, 256.385, 0.022, 282.416, 0.071, 222.063, 0.019, 244.613, 0.046, 217.27, 0.021, 247.178, 0.078, 242.568, 0.021, 246.447, 0.04, 
021-pdn09ABABb1, 9.439380, 0.000515, 227.441, 0.069, 243.984, 0.014, 265.332, 0.062, 198.338, 0.021, 262.258, 0.075, 234.1, 0.022, 279.296, 0.078, 189.57, 0.02, 250.228, 0.091, 248.667, 0.022, 248.777, 0.091, 170.353, 0.028, 
021-pdn09ABBAa1, 9.217000, 0.000383, 235.127, 0.02, 267.066, 0.05, 233.727, 0.044, 233.154, 0.022, 260.548, 0.031, 254.064, 0.064, 256.822, 0.06, 241.912, 0.023, 221.07, 0.017, 262.891, 0.083, 264.423, 0.07, 213.837, 0.022, 
021-pdn09ABBAb1, 8.981220, 0.000347, 266.932, 0.096, 222.795, 0.028, 230.559, 0.021, 239.041, 0.057, 216.491, 0.07, 231.182, 0.026, 261.458, 0.025, 239.421, 0.057, 271.732, 0.06, 229.565, 0.024, 222.152, 0.025, 278.938, 0.071, 
021-pdn10ABABa1, 9.629440, 0.000142, 164.533, 0.038, 204.161, 0.095, 252.971, 0.053, 197.771, 0.052, 245.845, 0.025, 155.95, 0.051, 275.408, 0.032, 171.851, 0.069, 235.482, 0.028, 181.717, 0.059, 247.86, 0.035, 217.158, 0.088, 
021-pdn10ABABb1, 6.308300, 0.020916, 140.612, 0.033, 142.561, 0.262, 250.935, 0.082, 253.712, 0.023, 234.394, 0.079, 249.848, 0.03, 245.471, 0.059, 253.722, 0.03, 224.024, 0.075, 241.753, 0.023, 236.822, 0.092, 218.712, 0.026, 264.946, 0.068, 
021-pdn10ABBAa1, 10.059000, 0.000342, 233.084, 0.026, 261.72, 0.094, 291.974, 0.089, 231.578, 0.031, 269.322, 0.032, 260.455, 0.06, 260.567, 0.078, 230.078, 0.028, 244.852, 0.033, 243.165, 0.069, 254.119, 0.081, 249.113, 0.032, 
021-pdn10ABBAb1, 8.895490, 0.000936, 284.619, 0.099, 267.001, 0.06, 266.234, 0.034, 266.45, 0.076, 236.818, 0.08, 241.53, 0.094, 251.711, 0.016, 264.512, 0.074, 268.102, 0.095, 252.276, 0.047, 248.985, 0.036, 250.641, 0.064, 
021-pdn11ABABa1, 9.084820, 0.000406, 248.892, 0.035, 256.379, 0.057, 249.287, 0.033, 191.279, 0.048, 232.218, 0.034, 264.33, 0.052, 207.95, 0.037, 216.252, 0.052, 270.08, 0.029, 231.005, 0.06, -176.187, 0.005, 136.183, 0.053, 
021-pdn11ABABb1, 9.504330, 0.000722, 181.466, 0.063, 276.019, 0.033, 231.638, 0.073, 240.961, 0.032, 240.762, 0.079, 244.771, 0.026, 192.219, 0.079, 202.65, 0.029, 236.27, 0.097, 235.069, 0.049, 171.784, 0.072, 231.083, 0.028, 
021-pdn11ABBAa1, 9.270380, 0.001421, 242.432, 0.026, 221.09, 0.065, 201.825, 0.053, 238.046, 0.03, 259.405, 0.025, 244.718, 0.065, 217.002, 0.088, 252.369, 0.032, 254.912, 0.026, 262.963, 0.058, 262.781, 0.072, 193.345, 0.028, 
021-pdn11ABBAb1, 9.873250, 0.002127, 244.583, 0.074, 245.873, 0.029, 167.87, 0.015, 200.646, 0.055, 197.226, 0.067, -196.404, 0.005, 218.506, 0.028, 206.263, 0.118, 239.559, 0.07, 246.959, 0.033, 243.945, 0.03, 207.802, 0.061, 
021-pdn12ABABa1, 13.231900, 0.000236, 243.107, 0.03, 247.738, 0.067, 235.571, 0.023, 231.185, 0.083, 223.639, 0.022, 238.899, 0.084, 241.627, 0.022, 166.035, 0.05, 
021-pdn12ABABb1, 6.921710, 0.001812, 206.982, 0.06, 217.011, 0.031, 242.872, 0.08, 238.639, 0.033, 214.397, 0.075, 267.94, 0.031, 278.055, 0.088, 231.157, 0.04, -159.819, 0.005, 220.793, 0.044, 150.278, 0.04, 198.146, 0.043, 165.957, 0.06, 
021-pdn12ABBAa1, 8.998490, 0.000715, 219.11, 0.02, 213.828, 0.073, 225.127, 0.039, 253.348, 0.026, 264.639, 0.028, 219.822, 0.081, 238.113, 0.089, 199.581, 0.067, 280.807, 0.025, 181.441, 0.051, 241.54, 0.075, 237.155, 0.053, 
021-pdn12ABBAb1, 8.258940, 0.001262, 162.838, 0.175, 266.889, 0.032, 228.524, 0.049, 158.345, 0.055, 177.423, 0.05, 234.178, 0.027, 265.756, 0.021, 192.533, 0.043, 200.46, 0.109, 263.138, 0.031, 169.969, 0.045, 170.974, 0.106, 
021-psm01ABABa1, 9.216770, 0.000355, 223.959, 0.061, 215.981, 0.012, 224.274, 0.067, 238.944, 0.012, 231.543, 0.069, 156.883, 0.021, 215.222, 0.065, 162.476, 0.07, 224.039, 0.044, 130.522, 0.02, 203.623, 0.07, -202.801, 0.069, 
021-psm01ABABb1, 9.039510, 0.000615, 142.421, 0.065, 212.468, 0.057, 225.826, 0.009, 187.117, 0.063, 254.797, 0.014, 231.39, 0.066, 231.422, 0.012, 239.27, 0.06, 223.453, 0.012, 241.207, 0.079, 163.029, 0.023, 148.392, 0.011, 
021-psm01ABBAa1, 9.450090, 0.000395, 168.596, 0.019, 189.664, 0.012, 218.321, 0.01, 249.166, 0.049, 204.906, 0.059, 214.295, 0.009, 208.681, 0.011, 251.966, 0.048, 250.467, 0.04, 212.876, 0.013, 223.414, 0.012, 208.71, 0.065, 
021-psm01ABBAb1, 9.734330, 0.001416, 192.038, 0.011, 265.272, 0.036, 220.54, 0.044, 211.292, 0.005, 231.825, 0.011, 223.122, 0.036, 246.429, 0.045, 193.783, 0.02, 198.983, 0.013, 262.485, 0.072, 263.256, 0.062, 203.975, 0.012, 
021-psm02ABABa1, 8.750140, 0.000678, 194.471, 0.012, 211.113, 0.013, 166.063, 0.074, 195.231, 0.012, 227.26, 0.082, 191.129, 0.011, 145.439, 0.046, 197.785, 0.012, 242.407, 0.088, 193.548, 0.009, 212.983, 0.095, 133.749, 0.013, 
021-psm02ABABb1, 10.632000, 0.000143, 197.321, 0.016, 234.445, 0.051, 208.845, 0.016, 233.343, 0.059, 193.818, 0.017, 234.947, 0.07, 182.587, 0.014, 247.902, 0.073, 194.561, 0.049, 
021-psm02ABBAa1, 8.711840, 0.000723, 215.63, 0.043, 133.67, 0.005, 167.354, 0.02, 187.829, 0.13, 210.616, 0.064, 191.442, 0.013, 214.434, 0.014, 178.053, 0.119, 208.379, 0.079, 203.621, 0.013, 201.769, 0.014, 158.095, 0.028, 
021-psm02ABBAb1, 8.420890, 0.003352, 192.196, 0.013, 238.056, 0.04, 244.428, 0.074, 202.372, 0.007, 229.528, 0.008, 228.27, 0.066, 246.886, 0.101, 134.181, 0.012, 152.571, 0.054, 103.186, 0.005, 204.808, 0.054, 203.167, 0.021, 199.783, 0.054, 191.177, 0.009, 
021-psm03ABABa1, 9.474370, 0.003309, 198.965, 0.035, 188.96, 0.073, 242.769, 0.064, 225.837, 0.037, 210.145, 0.08, 217.689, 0.011, 207.837, 0.061, 182.438, 0.031, 241.314, 0.008, 164.043, 0.043, 193.497, 0.021, 201.924, 0.04, 
021-psm03ABABb1, 10.120900, 0.000608, 164.28, 0.029, 208.966, 0.081, 192.299, 0.018, 154.529, 0.017, 230.002, 0.015, 139.147, 0.083, 252.54, 0.022, 210.125, 0.078, 249.736, 0.021, 222.951, 0.069, 208.352, 0.021, 222.808, 0.057, 
021-psm03ABBAa1, 10.279500, 0.000803, 137.886, 0.076, 226.36, 0.01, 203.939, 0.015, 190.544, 0.094, 231.674, 0.097, 230.284, 0.07, 225.528, 0.013, 218.969, 0.049, 267.865, 0.083, 227.666, 0.041, 229.241, 0.005, 214.005, 0.055, 
021-psm03ABBAb1, 9.695980, 0.001021, 208.236, 0.136, 227.589, 0.074, 191.803, 0.072, 243.312, 0.013, 239.359, 0.013, 223.994, 0.078, 230.428, 0.116, 276.732, 0.013, 214.554, 0.017, 213.641, 0.023, 189.145, 0.062, 228.965, 0.012, 
021-psm04ABABa1, 7.275230, 0.012953, 216.856, 0.066, 250.552, 0.012, 244.313, 0.039, 262.594, 0.011, 205.268, 0.047, 234.858, 0.013, 172.722, 0.045, 155.157, 0.013, 201.857, 0.035, 208.164, 0.015, 215.791, 0.053, -188.546, 0.043, 152.89, 0.339, 
021-psm04ABABb1, 7.333230, 0.016461, 142.339, 0.378, 165.654, 0.049, 211.747, 0.012, 190.718, 0.04, 224.334, 0.012, 255.855, 0.044, 205.327, 0.009, 203.561, 0.071, 226.701, 0.012, 243.303, 0.051, 239.957, 0.013, 226.415, 0.078, 201.253, 0.028, 210.89, 0.05, 
021-psm04ABBAa1, 9.702990, 0.000547, 248.213, 0.078, 222.52, 0.012, 203.927, 0.009, 230.19, 0.043, 220.199, 0.053, 212.393, 0.012, 212.527, 0.013, 244.862, 0.049, 259.974, 0.069, 221.071, 0.012, 230.681, 0.014, 190.947, 0.106, 
021-psm04ABBAb1, 8.207450, 0.002530, 182.274, 0.032, 210.626, 0.057, 206.69, 0.048, 164.856, 0.015, 194.472, 0.012, 200.63, 0.096, 215.153, 0.066, 170.218, 0.044, 265.225, 0.01, 240.683, 0.09, 184.822, 0.062, 159.656, 0.005, 
021-psm05ABABa1, 8.214850, 0.000491, 233.827, 0.07, 225.735, 0.024, 232.989, 0.055, 205.439, 0.022, 221.106, 0.044, 177.869, 0.055, 241.006, 0.053, 192.735, 0.017, 260.131, 0.071, 209.399, 0.019, 249.487, 0.046, 246.015, 0.021, 
021-psm05ABABb1, 8.020350, 0.000725, 197.061, 0.045, 255.746, 0.037, -127.531, 0.065, 244.678, 0.075, 189.231, 0.03, 230.779, 0.076, 210.372, 0.016, 226.264, 0.073, 206.052, 0.013, 238.988, 0.072, 227.611, 0.017, 280.564, 0.084, 
021-psm05ABBAa1, 9.060790, 0.001912, 247.422, 0.069, 257.002, 0.025, 216.603, 0.016, 263.702, 0.089, 247.072, 0.076, 249.689, 0.038, 249.175, 0.028, -180.955, 0.023, 214.152, 0.065, -173.657, 0.061, 230.069, 0.036, 204.053, 0.1, 
021-psm05ABBAb1, 7.685270, 0.002335, 217.616, 0.02, 93.8439, 0.037, 134.249, 0.024, 214.4, 0.03, 254.58, 0.015, 226.192, 0.07, 228.659, 0.072, 233.699, 0.018, 194.614, 0.022, 217.49, 0.065, 188.661, 0.053, 134.528, 0.008, 126.226, 0.095, 118.252, 0.042, 
021-psm06ABABa1, 8.290070, 0.003067, 257.809, 0.388, 210.154, 0.014, 170.713, 0.081, 219.498, 0.011, 179.433, 0.096, 221.108, 0.015, 160.81, 0.093, 217.669, 0.015, 239.826, 0.08, 214.183, 0.015, 141.685, 0.017, 166.366, 0.045, 
021-psm06ABABb1, 8.391520, 0.012625, 230.443, 0.021, 249.854, 0.048, 219.478, 0.013, 190.779, 0.087, 246.435, 0.016, 225.132, 0.047, 246.171, 0.015, 232.392, 0.05, 135.289, 0.036, 206.92, 0.05, 236.955, 0.053, 
021-psm06ABBAa1, 8.655900, 0.000497, 223.608, 0.06, 239.171, 0.016, 216.143, 0.013, 246.371, 0.079, 201.632, 0.065, 237.897, 0.01, 219.939, 0.016, 229.858, 0.05, 236.775, 0.07, 237.027, 0.011, 231.22, 0.014, 220.087, 0.052, 
021-psm06ABBAb1, 9.112610, 0.000244, 210.784, 0.019, 271.794, 0.06, 250.077, 0.098, 123.343, 0.092, 216.743, 0.011, 166.25, 0.085, 229.24, 0.165, 212.591, 0.032, 253.641, 0.013, 245.836, 0.083, 187.719, 0.102, 159.088, 0.012, 
021-psm07ABABa1, 8.778890, 0.000403, 214.779, 0.019, 230.472, 0.014, 177.295, 0.022, 196.927, 0.014, 157.04, 0.019, 231.891, 0.011, 155.21, 0.015, 199.618, 0.015, 147.472, 0.018, 208.915, 0.016, 158.935, 0.08, 226.603, 0.013, 
021-psm07ABABb1, 8.436810, 0.000552, 240.831, 0.077, 234.155, 0.028, 248.978, 0.014, 196.593, 0.077, 210.422, 0.014, 171.825, 0.022, 257.449, 0.014, 214.295, 0.068, 214.347, 0.015, 201.89, 0.075, 228.492, 0.016, 223.744, 0.077, 
021-psm07ABBAa1, 8.435320, 0.000696, 254.061, 0.065, 233.853, 0.021, 263.42, 0.019, 216.808, 0.073, 154.997, 0.087, 228.802, 0.016, 283.602, 0.021, 204.644, 0.09, 221.319, 0.092, 227.13, 0.023, 240.478, 0.021, 226.505, 0.081, 
021-psm07ABBAb1, 8.602320, 0.001021, 217.792, 0.017, 238.365, 0.069, 171.076, 0.1, 217.26, 0.012, 263.063, 0.013, 262.663, 0.085, 205.858, 0.022, 238.531, 0.021, 300.38, 0.013, 272.28, 0.063, 244.572, 0.073, 246.067, 0.011, 
021-psm08ABABa1, 9.037640, 0.008550, 186.075, 0.07, 130.256, 0.006, 197.673, 0.014, 186.244, 0.033, 222.368, 0.016, 234.994, 0.078, 250.595, 0.015, 241.106, 0.071, 218.336, 0.019, 257.195, 0.071, 252.695, 0.023, -176.193, 0.005, 258.886, 0.028, 
021-psm08ABABb1, 8.954950, 0.001167, 218.648, 0.02, 151.834, 0.047, 247.411, 0.018, 166.689, 0.044, 279.594, 0.018, 220.17, 0.101, 258.772, 0.022, 130.887, 0.09, 287.323, 0.02, 194.497, 0.05, 277.068, 0.023, 215.837, 0.072, 
021-psm08ABBAa1, 8.830660, 0.002332, 262.636, 0.055, 254.977, 0.016, 251.541, 0.016, 252.471, 0.055, 308.462, 0.067, 257.319, 0.019, 245.669, 0.016, 171.672, 0.035, 280.251, 0.067, 275.535, 0.019, 238.25, 0.017, 172.864, 0.038, 
021-psm08ABBAb1, 10.107300, 0.000197, 215.145, 0.026, 190.513, 0.097, 219.238, 0.079, 195.401, 0.014, 204.245, 0.018, 181.07, 0.022, 189.398, 0.027, 228.512, 0.014, -194.288, 0.067, 294.916, 0.078, 180.025, 0.06, 217.862, 0.036, 
021-psm09ABABa1, 9.313200, 0.000973, 193.289, 0.148, 222.564, 0.022, 252.911, 0.081, 210.967, 0.027, 248.5, 0.093, 240.981, 0.028, 232.886, 0.091, 265.571, 0.04, 242.196, 0.096, -180.02, 0.053, 197.407, 0.087, 221.846, 0.031, 
021-psm09ABABb1, 8.588750, 0.006171, 223.552, 0.034, 265.728, 0.105, 232.736, 0.02, 311.936, 0.109, 210.168, 0.022, 205.633, 0.103, 234.316, 0.032, 299.144, 0.096, 104.507, 0.045, 127.413, 0.014, 159.091, 0.016, 216.903, 0.026, 223.929, 0.082, 
021-psm09ABBAa1, 9.127910, 0.001247, 244.305, 0.093, 234.171, 0.02, 217.381, 0.023, 107.604, 0.083, 240.366, 0.059, 215.305, 0.013, 162.479, 0.005, 203.232, 0.092, 207.297, 0.108, 273.358, 0.021, 256.527, 0.019, 288.962, 0.118, 
021-psm09ABBAb1, 9.075030, 0.001012, 270.236, 0.02, 240.525, 0.103, 243.053, 0.101, 282.166, 0.023, 225.814, 0.022, 232.807, 0.11, -171.117, 0.007, 202.556, 0.023, 182.719, 0.016, 275.736, 0.096, 311.151, 0.086, 152.369, 0.024, 
021-psm10ABABa1, 9.237910, 0.001923, 200.796, 0.088, 209.341, 0.016, 195.331, 0.069, 208.212, 0.017, 225.553, 0.099, 238.097, 0.024, 197.906, 0.103, 185.156, 0.026, 229.464, 0.089, 258.912, 0.047, 251.331, 0.103, 189.316, 0.021, 
021-psm10ABABb1, 9.478920, 0.003139, 187.381, 0.023, 288.244, 0.069, 209.243, 0.017, 154.152, 0.006, 259.86, 0.015, 230.653, 0.078, 257.243, 0.021, 210.456, 0.07, 253.28, 0.021, 242.923, 0.078, 243.29, 0.027, 204.787, 0.079, 
021-psm10ABBAa1, 9.799900, 0.000894, 260.989, 0.07, 261.694, 0.022, 212.714, 0.023, 247.184, 0.064, 298.997, 0.099, 213.091, 0.028, 197.794, 0.031, 244.568, 0.083, 263.03, 0.107, 219.91, 0.029, 228.047, 0.031, 165.426, 0.078, 
021-psm10ABBAb1, 9.290620, 0.001193, 206.583, 0.024, 272.558, 0.068, 283.947, 0.086, 247.001, 0.018, 211.49, 0.023, 270.606, 0.082, 306.87, 0.089, 198.927, 0.021, 232.544, 0.022, 280.591, 0.074, 264.918, 0.093, 239.05, 0.024, 214.172, 0.025, 
021-psm11ABABa1, 8.683280, 0.000848, 213.883, 0.068, 229.622, 0.024, 207.202, 0.072, 257.36, 0.033, 216.923, 0.099, 231.641, 0.029, 243.518, 0.088, 186.119, 0.024, 234.139, 0.057, 230.292, 0.027, 199.884, 0.088, 204.802, 0.044, 
021-psm11ABABb1, 7.875850, 0.008204, 118.649, 0.038, 227.536, 0.027, 233.919, 0.06, 186.418, 0.029, 110.214, 0.005, 155.915, 0.006, 188.714, 0.023, 180.442, 0.058, 206.515, 0.026, 206.248, 0.059, 241.909, 0.02, 264.888, 0.074, 164.855, 0.026, 237.779, 0.08, 
021-psm11ABBAa1, 9.349930, 0.001104, 215.5, 0.074, 244.489, 0.022, 228.889, 0.02, 265.27, 0.075, 180.703, 0.101, 265.705, 0.032, 184.663, 0.037, 206.454, 0.054, 210.156, 0.08, 202.025, 0.032, 239.254, 0.022, 233.994, 0.066, 
021-psm11ABBAb1, 9.097440, 0.000594, 205.002, 0.233, 210.708, 0.073, 219.935, 0.078, 218.038, 0.019, 220.833, 0.025, 236.486, 0.07, 268.759, 0.075, 219.959, 0.027, 241.666, 0.021, 217.652, 0.072, 194.908, 0.039, 268.847, 0.022, 
021-psm12ABABa1, 10.480500, 0.000334, 246.651, 0.067, 239.482, 0.021, 216.034, 0.068, 242.525, 0.018, 266.259, 0.091, 255.878, 0.032, 215.245, 0.169, 247.08, 0.035, 250.169, 0.09, 225.62, 0.029, 211.276, 0.126, 258.871, 0.031, 
021-psm12ABABb1, 9.807850, 0.000594, 212.996, 0.026, 228.487, 0.074, 261.809, 0.02, 225.22, 0.071, 239.428, 0.026, 233.189, 0.091, 237.444, 0.035, 258.404, 0.065, 254.505, 0.03, 244.086, 0.089, 247.132, 0.032, 250.88, 0.069, 
021-psm12ABBAa1, 9.687160, 0.000333, 251.806, 0.089, 241.295, 0.033, 227.28, 0.026, 257.074, 0.077, 243.924, 0.066, 250.59, 0.023, 244.983, 0.032, 294.56, 0.104, 272.203, 0.102, 219.248, 0.028, 237.844, 0.026, 211.019, 0.11, 
021-psm12ABBAb1, 10.154700, 0.000306, 232.186, 0.023, 274.354, 0.064, 252.828, 0.069, 234.751, 0.022, 244.475, 0.023, 303.363, 0.091, 261.629, 0.066, 216.026, 0.021, 258.223, 0.023, 252.474, 0.082, 253.335, 0.1, 237.471, 0.032, 
021-psn01ABABa1, 7.622250, 0.002314, 159.373, 0.05, -197.389, 0.072, 176.37, 0.021, 230.984, 0.045, 209.157, 0.067, 198.362, 0.027, 163.88, 0.01, 140.911, 0.031, 216.464, 0.071, 196.855, 0.031, 232.984, 0.081, 233.778, 0.172, 180.35, 0.008, 
021-psn01ABABb1, 8.318110, 0.001700, -184.765, 0.005, 146.919, 0.042, 213.808, 0.014, 193.751, 0.09, 206.43, 0.018, 219.013, 0.074, 230.805, 0.015, 235.287, 0.07, 224.527, 0.015, 203.273, 0.055, 195.181, 0.035, 220.865, 0.081, 
021-psn01ABBAa1, 7.838430, 0.002284, 167.241, 0.093, 196.047, 0.029, -193.39, 0.005, neg 149.13, 0.0, 235.436, 0.133, 187.979, 0.014, -177.407, 0.005, 219.354, 0.052, 163.644, 0.113, -159.821, 0.006, -178.845, 0.005, 227.264, 0.024, 
021-psn01ABBAb1, 7.839150, 0.005881, 198.11, 0.015, 138.894, 0.006, 153.85, 0.088, 238.154, 0.025, 217.652, 0.021, 242.4, 0.084, 211.842, 0.077, 218.786, 0.015, 231.009, 0.068, 209.795, 0.03, 243.379, 0.087, 167.648, 0.019, 
021-psn02ABABa1, 8.862520, 0.004913, 178.73, 0.074, 156.146, 0.015, 185.825, 0.082, 163.415, 0.021, 179.07, 0.069, 176.816, 0.011, 204.944, 0.067, 124.405, 0.057, 203.722, 0.075, 201.33, 0.009, 221.845, 0.072, 
021-psn02ABABb1, 8.879610, 0.000180, 189.652, 0.014, 225.618, 0.052, 172.792, 0.021, 239.377, 0.084, 217.134, 0.017, 217.356, 0.053, 214.323, 0.016, 169.772, 0.054, 226.26, 0.07, 222.318, 0.057, 243.684, 0.015, 188.214, 0.051, 
021-psn02ABBAa1, 8.730860, 0.000685, 215.335, 0.051, 198.375, 0.01, 222.018, 0.016, 142.127, 0.085, 212.461, 0.066, 193.594, 0.034, 234.999, 0.015, 189.389, 0.074, -208.897, 0.005, 167.614, 0.015, 200.726, 0.113, -178.919, 0.005, 
021-psn02ABBAb1, 8.555910, 0.000594, 198.17, 0.202, 231.697, 0.072, 183.894, 0.096, 206.743, 0.022, 196.229, 0.02, 227.244, 0.084, 176.245, 0.086, -201.221, 0.01, 225.514, 0.017, 183.705, 0.084, 149.89, 0.167, 202.27, 0.017, 
021-psn03ABABa1, 8.638470, 0.001039, 188.729, 0.217, 158.15, 0.065, 145.261, 0.016, 124.864, 0.016, 206.508, 0.071, -164.128, 0.082, 149.945, 0.096, 194.977, 0.017, 143.889, 0.076, 190.938, 0.072, 215.324, 0.07, 201.569, 0.013, 
021-psn03ABABb1, 7.728280, 0.002566, 128.273, 0.073, 84.0117, 0.056, 163.254, 0.014, 206.218, 0.083, 185.916, 0.009, 199.952, 0.074, 196.766, 0.051, 166.754, 0.006, 221.185, 0.007, 161.028, 0.013, 221.843, 0.05, 165.737, 0.088, 197.928, 0.051, 164.673, 0.011, 
021-psn03ABBAa1, 9.706390, 0.001000, 248.144, 0.067, 186.85, 0.017, 194.564, 0.023, 222.981, 0.081, 217.42, 0.086, 246.554, 0.015, 236.112, 0.014, 226.099, 0.081, 250.161, 0.093, 220.691, 0.015, 223.223, 0.021, 171.573, 0.084, 
021-psn03ABBAb1, 10.151600, 0.000461, 215.853, 0.014, 150.898, 0.047, 184.373, 0.093, 219.695, 0.019, 211.295, 0.009, 222.941, 0.083, 168.972, 0.094, 212.451, 0.018, 203.889, 0.013, 203.897, 0.074, 232.985, 0.081, 193.468, 0.016, 
021-psn04ABABa1, 8.972240, 0.000646, 164.785, 0.067, 207.114, 0.008, 201.419, 0.042, 225.16, 0.012, 186.37, 0.06, 187.967, 0.012, 201.078, 0.046, 200.265, 0.023, 168.931, 0.084, 200.748, 0.013, 183.433, 0.069, 235.391, 0.035, 
021-psn04ABABb1, 9.050070, 0.000083, 213.048, 0.013, 208.245, 0.076, 229.204, 0.011, 182.805, 0.07, 225.387, 0.007, 224.57, 0.088, 222.597, 0.011, 228.039, 0.064, 231.991, 0.012, 211.363, 0.067, 226.499, 0.011, 161.274, 0.026, 
021-psn04ABBAa1, 8.977250, 0.001862, 221.326, 0.062, 217.422, 0.013, 219.782, 0.013, 259.631, 0.066, 221.815, 0.078, 241.275, 0.012, 220.815, 0.008, 230.541, 0.058, 226.869, 0.052, 205.453, 0.009, 231.904, 0.021, 204.051, 0.032, 
021-psn04ABBAb1, 9.357470, 0.000439, 206.655, 0.012, 214.008, 0.062, 215.542, 0.067, 231.28, 0.012, 236.424, 0.012, 233.002, 0.076, 207.612, 0.07, 237.676, 0.009, 220.194, 0.015, 271.624, 0.08, 227.602, 0.073, 225.572, 0.016, 
021-psn05ABABa1, 9.776400, 0.000947, 201.219, 0.049, 209.095, 0.018, 268.643, 0.073, 173.84, 0.038, 246.676, 0.082, 215.791, 0.027, 269.021, 0.082, 176.213, 0.023, 215.084, 0.09, 222.418, 0.018, 250.62, 0.092, 234.791, 0.026, 
021-psn05ABABb1, 9.253750, 0.001469, 200.122, 0.026, 265.49, 0.08, 205.629, 0.028, 260.046, 0.079, 237.182, 0.027, 263.911, 0.053, 191.491, 0.024, 260.769, 0.08, 240.925, 0.02, 230.209, 0.013, 247.454, 0.025, 276.521, 0.076, 
021-psn05ABBAa1, 9.193430, 0.002566, 244.418, 0.049, 238.297, 0.02, 245.07, 0.016, 186.838, 0.1, 256.718, 0.081, 217.148, 0.01, 273.81, 0.02, 167.242, 0.071, 260.382, 0.094, 258.141, 0.026, 225.535, 0.02, 144.593, 0.044, 
021-psn05ABBAb1, 9.453980, 0.001219, 274.955, 0.017, 219.388, 0.059, 266.156, 0.072, 238.398, 0.014, 237.769, 0.009, 243.461, 0.065, 202.735, 0.062, 258.923, 0.021, 201.387, 0.039, 251.453, 0.087, 228.547, 0.03, 248.19, 0.018, 
021-psn06ABABa1, 8.790610, 0.000953, 255.071, 0.057, 226.157, 0.013, 211.875, 0.101, 192.751, 0.029, 233.386, 0.066, 232.233, 0.014, 256.273, 0.069, 196.627, 0.023, 276.898, 0.069, 236.884, 0.019, 268.769, 0.05, 234.408, 0.026, 
021-psn06ABABb1, 8.509860, 0.001532, 223.49, 0.028, 254.413, 0.062, 233.128, 0.017, 261.223, 0.072, 246.902, 0.032, 250.687, 0.073, 223.218, 0.024, 250.52, 0.065, 197.224, 0.022, 248.482, 0.075, 222.35, 0.031, 239.803, 0.046, 
021-psn06ABBAa1, 8.185750, 0.009314, 215.936, 0.068, 218.011, 0.016, 205.924, 0.02, 150.162, 0.018, 259.716, 0.067, 196.544, 0.019, 149.748, 0.014, 228.873, 0.017, 262.798, 0.051, 140.204, 0.064, -172.804, 0.005, 218.309, 0.018, 267.417, 0.086, 
021-psn06ABBAb1, 7.415200, 0.003258, 171.266, 0.248, 117.119, 0.054, 250.283, 0.088, 218.487, 0.018, 252.465, 0.094, 256.435, 0.066, 257.772, 0.071, 246.527, 0.013, 229.249, 0.011, 235.579, 0.087, 254.146, 0.076, 169.571, 0.011, 
021-psn07ABABa1, 7.900530, 0.000502, 213.37, 0.099, 180.563, 0.013, 165.623, 0.023, 181.792, 0.022, 159.535, 0.105, 158.798, 0.014, 213.747, 0.096, 147.481, 0.034, 129.04, 0.093, 185.468, 0.02, 133.789, 0.018, 150.094, 0.017, 
021-psn07ABABb1, 7.918800, 0.001623, -182.266, 0.007, 113.404, 0.027, 234.75, 0.014, 124.149, 0.108, 200.087, 0.016, 197.262, 0.101, 190.881, 0.018, 137.144, 0.123, 221.665, 0.019, 221.914, 0.102, 188.221, 0.016, 226.133, 0.097, 
021-psn07ABBAa1, 8.092980, 0.000780, 210.707, 0.081, 193.517, 0.015, 169.556, 0.018, 160.652, 0.107, 177.639, 0.108, 178.464, 0.018, 147.608, 0.086, 221.81, 0.047, 188.744, 0.087, 213.773, 0.021, 170.206, 0.02, 172.748, 0.101, 134.518, 0.012, 
021-psn07ABBAb1, 8.620460, 0.000447, 241.754, 0.016, 178.848, 0.088, 226.568, 0.093, 206.298, 0.02, 235.135, 0.022, 245.532, 0.107, 179.116, 0.107, 213.452, 0.017, 234.397, 0.02, 206.973, 0.113, 134.101, 0.104, 198.103, 0.022, 
021-psn08ABABa1, 9.160180, 0.000668, 212.85, 0.101, 217.782, 0.017, 210.372, 0.108, 244.293, 0.017, 154.445, 0.023, 255.112, 0.018, 231.134, 0.08, 232.442, 0.022, 243.191, 0.094, 224.828, 0.017, 236.4, 0.102, 233.232, 0.021, 
021-psn08ABABb1, 9.109600, 0.000845, 207.639, 0.016, 168.328, 0.024, 194.061, 0.015, 157.13, 0.074, 184.824, 0.016, 176.102, 0.024, 219.79, 0.016, 213.116, 0.097, 200.391, 0.005, 178.319, 0.023, 216.555, 0.011, 202.934, 0.054, 
021-psn08ABBAa1, 1.007980, 0.001867, 174.502, 0.374, 227.32, 0.339, 170.291, 0.439, 109.519, 0.421, 214.982, 0.121, 140.003, 0.167, 156.704, 0.131, 141.155, 0.467, 152.307, 0.434, 247.178, 0.428, 
021-psn08ABBAb1, 9.079750, 0.001226, 244.266, 0.017, 240.021, 0.088, 221.966, 0.065, 229.258, 0.012, 275.14, 0.016, 213.226, 0.09, 198.471, 0.148, 212.609, 0.015, 217.297, 0.013, 249.747, 0.072, -182.652, 0.006, 214.993, 0.013, 
021-psn09ABABa1, 8.975600, 0.002353, 207.355, 0.076, 205.463, 0.025, 212.359, 0.043, 210.828, 0.04, 244.696, 0.096, 185.652, 0.048, 201.677, 0.03, 149.627, 0.057, 261.231, 0.139, 239.818, 0.042, 284.602, 0.091, 120.943, 0.12, 
021-psn09ABABb1, 8.377040, 0.001549, 200.324, 0.032, 262.619, 0.096, 217.156, 0.03, 228.889, 0.076, 216.342, 0.043, 233.148, 0.094, 212.059, 0.022, 214.622, 0.042, 185.149, 0.024, 198.283, 0.05, 206.406, 0.005, 266.689, 0.074, 
021-psn09ABBAa1, 7.726630, 0.002213, 254.602, 0.056, 220.503, 0.025, 243.406, 0.023, 127.077, 0.097, 199.031, 0.042, 256.011, 0.021, 199.221, 0.019, 260.916, 0.119, 219.664, 0.083, 221.278, 0.03, 177.221, 0.025, 184.657, 0.038, 115.934, 0.039, 
021-psn09ABBAb1, 9.155780, 0.002170, 215.095, 0.023, 281.875, 0.083, 296.437, 0.09, 220.946, 0.015, 194.323, 0.023, 263.624, 0.084, 227.313, 0.095, 246.096, 0.019, 130.281, 0.028, -175.519, 0.005, 233.101, 0.023, 214.045, 0.032, 
021-psn10ABABa1, 9.306150, 0.000700, 259.835, 0.072, 258.628, 0.026, 275.88, 0.074, 246.889, 0.04, 228.419, 0.081, 250.739, 0.032, 300.329, 0.077, 189.78, 0.026, 253.785, 0.066, 266.855, 0.033, 255.772, 0.074, 287.898, 0.033, 
021-psn10ABABb1, 9.441040, 0.000895, 187.714, 0.023, 258.673, 0.064, 186.851, 0.019, 241.843, 0.06, 219.219, 0.027, 302.211, 0.126, 238.373, 0.024, 268.687, 0.091, 199.231, 0.041, 252.63, 0.056, 185.453, 0.019, 264.329, 0.067, 
021-psn10ABBAa1, 10.671200, 0.000619, 301.582, 0.069, 227.666, 0.013, 238.81, 0.021, 240.12, 0.098, 243.489, 0.092, 243.586, 0.036, 222.793, 0.023, 267.681, 0.094, 210.71, 0.094, 195.203, 0.022, 229.552, 0.019, 252.124, 0.067, 
021-psn10ABBAb1, 9.665040, 0.000607, 226.352, 0.027, 212.145, 0.072, 216.704, 0.077, 267.129, 0.018, 208.866, 0.036, 277.047, 0.092, 286.999, 0.081, 290.239, 0.025, 256.383, 0.021, 289.807, 0.109, 267.813, 0.086, 174.95, 0.024, 
021-psn11ABABa1, 9.255940, 0.000815, 230.744, 0.075, 252.248, 0.024, 269.6, 0.066, 279.146, 0.022, 255.328, 0.082, 282.699, 0.025, 255.6, 0.073, 273.137, 0.028, 261.652, 0.073, 257.437, 0.023, 251.326, 0.071, 239.86, 0.021, 
021-psn11ABABb1, 8.523710, 0.001872, 261.24, 0.283, 235.583, 0.021, 249.458, 0.021, 239.686, 0.066, 254.713, 0.019, 273.45, 0.066, 252.491, 0.021, 241.842, 0.04, 266.923, 0.024, 211.061, 0.082, 244.768, 0.023, 242.472, 0.055, 
021-psn11ABBAa1, 10.351500, 0.001589, 209.423, 0.054, 223.185, 0.024, 230.672, 0.026, -149.403, 0.005, 188.781, 0.045, 285.808, 0.019, 247.49, 0.032, 265.182, 0.041, 260.008, 0.049, 238.061, 0.026, 245.005, 0.019, 277.549, 0.06, 
021-psn11ABBAb1, 9.781190, 0.001737, 215.536, 0.024, 271.765, 0.059, 243.319, 0.074, 203.43, 0.021, 240.485, 0.02, 280.134, 0.064, 285.81, 0.07, 210.251, 0.027, 238.927, 0.027, 280.343, 0.074, 197.495, 0.01, 267.47, 0.018, 
021-psn12ABABa1, 8.693990, 0.000261, 212.971, 0.081, 212.465, 0.022, 206.118, 0.063, 205.884, 0.023, 226.413, 0.074, 195.114, 0.031, -168.119, 0.005, 229.977, 0.024, 213.57, 0.074, 175.556, 0.029, 202.813, 0.094, 208.028, 0.032, 
021-psn12ABABb1, 9.282120, 0.000406, 206.916, 0.027, 261.04, 0.092, 208.251, 0.033, 221.113, 0.064, 207.706, 0.027, 230.209, 0.092, 204.016, 0.023, 217.725, 0.099, 202.569, 0.026, 230.932, 0.077, 216.168, 0.036, 202.062, 0.122, 
021-psn12ABBAa1, 12.911100, 0.000164, 261.715, 0.077, 232.137, 0.029, 191.153, 0.03, 222.694, 0.071, 160.808, 0.079, -121.449, 0.071, 216.072, 0.035, 
021-psn12ABBAb1, 8.714760, 0.000644, 197.815, 0.017, 219.333, 0.085, 227.617, 0.097, 186.987, 0.024, 249.276, 0.021, 233.039, 0.075, 214.904, 0.071, 210.021, 0.027, 137.502, 0.033, 231.979, 0.099, 251.806, 0.085, 150.191, 0.035, 
