036-pdm01ABABa1, 9.288370, 0.00312247222222, 212.31, 0.011, 176.251, 0.028, -173.139, 0.082, 180.783, 0.042, 213.559, 0.014, 213.778, 0.036, 219.913, 0.013, 194.985, 0.037, 193.596, 0.014, 251.175, 0.071, 188.545, 0.023, 196.306, 0.036, 158.229, 0.005,
036-pdm01ABABb1, 9.242990, 0.000110909090909, 224.555, 0.044, -144.835, 0.078, 202.34, 0.025, -128.687, 0.067, 206.905, 0.059, -129.191, 0.069, 229.162, 0.049, 167.664, 0.024, 223.401, 0.05, 191.17, 0.032, 218.004, 0.058, 188.607, 0.015,
036-pdm01ABBAa1, 9.145290, 0.000163504132231, 203.516, 0.021, 207.269, 0.038, 247.008, 0.068, -154.405, 0.074, 217.334, 0.023, 214.283, 0.034, 252.235, 0.049, 213.426, 0.015, 211.913, 0.032, 206.316, 0.072, 226.505, 0.036, 241.286, 0.022,
036-pdm01ABBAb1, 9.484710, 0.00016204, 214.364, 0.044, -158.648, 0.086, 226.088, 0.017, 254.749, 0.067, 240.105, 0.048, -148.741, 0.084, 214.581, 0.011, 266.381, 0.07, 219.303, 0.051, 181.274, 0.026, 201.119, 0.027,
036-pdm02ABABa1, 8.625920, 0.00054, 182.094, 0.021, 224.904, 0.032, 189.017, 0.02, -156.303, 0.005, 194.868, 0.022, 219.882, 0.064, 196.924, 0.021, -162.089, 0.005, 183.49, 0.016, 227.703, 0.047, 196.447, 0.019,
036-pdm02ABABb1, 9.020290, 0.000193555555556, 251.097, 0.036, 216.912, 0.012, 221.015, 0.032, 222.826, 0.022, 225.74, 0.049, 211.363, 0.021, 245.936, 0.048, 214.68, 0.015, 233.68, 0.03, 230.196, 0.014,
036-pdm02ABBAa1, 9.593710, 0.00046964, 227.362, 0.016, 228.375, 0.028, 217.01, 0.035, 219.677, 0.017, 217.253, 0.022, 202.218, 0.036, 222.473, 0.029, 227.069, 0.024, 217.701, 0.022, 250.76, 0.038, 215.691, 0.028,
036-pdm02ABBAb1, 9.212930, 0.00161638016529, 240.802, 0.024, 212.428, 0.023, 207.301, 0.022, 259.615, 0.031, 230.303, 0.032, 228.694, 0.014, 228.336, 0.028, 248.563, 0.04, 223.443, 0.016, 242.8, 0.014, 211.827, 0.023, 233.876, 0.055,
036-pdm03ABABa1, 8.744490, 0.003314, 265.736, 0.034, 248.508, 0.035, 175.719, 0.014, 231.182, 0.039, 205.561, 0.012, 215.002, 0.029, 173.605, 0.021, 218.979, 0.03, 197.192, 0.015, 208.653, 0.008, 171.874, 0.015,
036-pdm03ABABb1, 9.030660, 0.00115388429752, 202.523, 0.109, 224.003, 0.025, 266.191, 0.034, 203.368, 0.024, 212.543, 0.047, 231.563, 0.023, 255.336, 0.042, 213.057, 0.025, 222.568, 0.037, 217.52, 0.026, 156.29, 0.019, 211.054, 0.025,
036-pdm03ABBAa1, 9.309940, 0.00180064, 199.369, 0.022, -196.15, 0.01, 201.65, 0.019, -211.935, 0.008, 196.63, 0.037, 186.99, 0.015, 211.968, 0.019, -139.31, 0.081, 190.489, 0.013, 184.405, 0.009, 183.757, 0.024,
036-pdm03ABBAb1, 8.672740, 0.00804289, 164.186, 0.396, 236.582, 0.019, 209.866, 0.02, 126.014, 0.005, 220.645, 0.038, 203.82, 0.012, 189.227, 0.016, 239.826, 0.043, 244.486, 0.032, 187.081, 0.024, 239.357, 0.024,
036-pdm04ABABa1, 9.326520, 0.000746380165289, 187.322, 0.018, 173.279, 0.028, 189.213, 0.014, 193.815, 0.031, 151.178, 0.02, 221.405, 0.056, 191.311, 0.012, 187.413, 0.037, 207.351, 0.005, 183.709, 0.046, 188.548, 0.015, 194.824, 0.037,
036-pdm04ABABb1, 9.195970, 0.00135419834711, 224.081, 0.028, 173.182, 0.022, 179.262, 0.009, 191.211, 0.025, 197.899, 0.027, 218.108, 0.021, 186.502, 0.026, 194.726, 0.022, 223.683, 0.028, 179.193, 0.023, 181.87, 0.012, 173.031, 0.023,
036-pdm04ABBAa1, 9.250330, 0.000428231404959, 174.46, 0.03, 209.922, 0.026, 215.108, 0.031, -117.677, 0.007, 189.62, 0.014, 179.012, 0.037, 215.867, 0.034, 183.94, 0.021, 173.865, 0.021, 222.296, 0.036, 216.834, 0.017, 185.021, 0.022,
036-pdm04ABBAb1, 8.444790, 0.00153555555556, 116.17, 0.044, 151.457, 0.022, 97.6596, 0.064, 215.978, 0.026, 214.362, 0.035, 182.347, 0.024, 219.874, 0.014, 200.998, 0.014, 182.019, 0.021, 214.278, 0.018, 180.996, 0.022, 180.969, 0.017, 183.916, 0.031,
036-pdm05ABABa1, 9.089150, 0.000244991735537, -175.255, 0.079, 225.057, 0.032, 174.361, 0.023, 247.371, 0.054, 193.823, 0.018, 251.446, 0.073, 212.666, 0.018, 224.315, 0.022, 201.538, 0.023, 215.886, 0.057, 226.086, 0.024, 277.925, 0.064,
036-pdm05ABABb1, 9.011800, 0.00025316, 256.528, 0.056, -138.003, 0.073, 205.795, 0.032, 185.857, 0.021, 217.108, 0.027, 168.024, 0.017, 234.37, 0.064, -149.205, 0.079, 247.426, 0.046, 172.444, 0.031, 263.767, 0.052,
036-pdm05ABBAa1, 8.532420, 0.00026147107438, 235.654, 0.011, 232.92, 0.05, 256.272, 0.053, -166.698, 0.099, 192.021, 0.024, 227.355, 0.038, 227.398, 0.035, 177.265, 0.015, 198.769, 0.014, 232.443, 0.047, 225.142, 0.039, 216.612, 0.014,
036-pdm05ABBAb1, 8.450390, 0.0007851875, 189.861, 0.077, 168.631, 0.019, 175.681, 0.015, 231.462, 0.042, 261.306, 0.037, -150.385, 0.064, 211.66, 0.028, 246.76, 0.053, 232.314, 0.023, 253.688, 0.03, 229.843, 0.025, 241.833, 0.023, 144.072, 0.068,
036-pdm06ABABa1, 7.919280, 0.0006741875, 202.005, 0.023, 261.468, 0.063, 253.398, 0.037, 255.838, 0.053, 240.104, 0.028, 266.205, 0.065, 232.642, 0.015, 273.893, 0.058, 237.089, 0.031, 246.651, 0.058, 226.413, 0.017, 240.608, 0.049, 219.236, 0.021,
036-pdm06ABABb1, 8.469740, 0.000440429752066, 194.501, 0.115, 212.351, 0.022, 243.681, 0.036, 213.533, 0.014, 246.464, 0.04, 250.832, 0.022, 236.052, 0.042, 214.613, 0.024, 223.977, 0.065, 194.949, 0.023, 248.018, 0.041, 225.343, 0.025,
036-pdm06ABBAa1, 9.125110, 0.000379719008264, 236.416, 0.013, 270.748, 0.05, 249.227, 0.052, 238.011, 0.027, 246.01, 0.016, 271.845, 0.065, 237.623, 0.057, 270.574, 0.025, 236.282, 0.02, 256.389, 0.039, 260.958, 0.059, 222.272, 0.025,
036-pdm06ABBAb1, 8.672290, 0.000326958677686, 244.838, 0.058, 236.823, 0.018, 262.102, 0.019, 252.683, 0.067, 245.121, 0.077, 227.977, 0.039, 206.988, 0.033, 243.107, 0.063, 252.738, 0.087, 236.917, 0.017, 246.018, 0.018, 260.829, 0.067,
036-pdm07ABABa1, 8.409150, 0.00125190082645, 209.104, 0.029, 250.562, 0.054, 268.419, 0.013, 209.665, 0.054, 281.902, 0.014, 253.219, 0.024, 251.839, 0.016, 241.945, 0.062, 248.896, 0.022, 249.939, 0.043, 255.769, 0.016, 252.836, 0.031,
036-pdm07ABABb1, 8.660810, 0.000311333333333, 223.217, 0.032, 266.156, 0.02, 253.349, 0.04, 239.442, 0.023, 250.739, 0.025, 251.724, 0.025, 281.388, 0.053, 243.463, 0.02, 247.647, 0.041, 240.454, 0.015,
036-pdm07ABBAa1, 8.887760, 0.000456198347107, 267.238, 0.019, 243.32, 0.034, 246.612, 0.029, 225.585, 0.017, 255.602, 0.015, 251.43, 0.054, 236.168, 0.029, -205.295, 0.005, 252.121, 0.012, 212.635, 0.025, 253.692, 0.035, 215.438, 0.028,
036-pdm07ABBAb1, 8.763650, 0.00027184, 308.369, 0.045, 232.869, 0.022, 254.93, 0.017, 268.344, 0.029, 251.997, 0.025, 241.073, 0.02, 246.271, 0.014, 272.327, 0.041, 255.14, 0.051, 254.884, 0.022, 237.727, 0.028,
036-pdm08ABABa1, 8.276540, 0.000422876033058, 210.955, 0.013, 254.075, 0.054, -130.711, 0.073, 246.11, 0.036, 169.031, 0.021, 236.181, 0.048, 158.754, 0.025, 237.465, 0.06, 164.765, 0.013, 239.286, 0.045, 170.728, 0.023, 248.317, 0.045,
036-pdm08ABABb1, 8.056720, 0.00027261, 292.501, 0.059, 212.38, 0.016, 286.644, 0.068, -135.569, 0.095, 295.711, 0.068, 196.025, 0.016, 267.725, 0.065, 215.174, 0.026, 296.978, 0.075, 170.962, 0.013, 275.937, 0.066,
036-pdm08ABBAa1, 8.633950, 0.000115834710744, 228.384, 0.016, 273.811, 0.073, 258.969, 0.054, 219.251, 0.017, 227.739, 0.018, 264.924, 0.064, 257.292, 0.053, 247.43, 0.022, 220.233, 0.022, 263.43, 0.056, 280.75, 0.042, 252.024, 0.015,
036-pdm08ABBAb1, 8.223170, 0.00022004, 228.735, 0.027, 279.493, 0.038, 219.805, 0.013, 259.492, 0.073, 259.892, 0.071, -149.752, 0.014, 244.125, 0.014, 269.17, 0.061, 237.991, 0.061, 185.983, 0.023, 234.881, 0.024,
036-pdm09ABABa1, 9.445590, 0.000386363636364, 210.16, 0.022, 223.038, 0.043, 248.598, 0.03, 240.386, 0.046, 214.433, 0.03, 251.923, 0.057, 225.088, 0.027, 256.429, 0.062, 239.568, 0.032, 212.537, 0.032, 229.09, 0.03, 253.144, 0.05,
036-pdm09ABABb1, 9.054600, 0.000621777777778, 266.234, 0.052, 251.072, 0.027, 228.38, 0.061, 254.872, 0.025, 251.198, 0.048, 261.862, 0.027, 252.947, 0.056, 240.476, 0.029, 180.117, 0.079, 225.335, 0.02,
036-pdm09ABBAa1, 9.186650, 0.000557289256198, 209.217, 0.057, 259.584, 0.039, 250.621, 0.03, 195.653, 0.014, 217.706, 0.017, 255.31, 0.036, 229.545, 0.04, 210.898, 0.024, 225.583, 0.025, 240.211, 0.05, 217.923, 0.034, 221.109, 0.024,
036-pdm09ABBAb1, 9.109910, 0.000421580246914, 276.965, 0.041, 246.355, 0.019, 261.491, 0.026, 204.514, 0.042, 265.003, 0.047, 249.627, 0.027, 271.769, 0.026, 238.145, 0.049, 249.648, 0.039, 224.949, 0.029,
036-pdm10ABABa1, 7.271250, 0.0029836875, 193.533, 0.034, 269.404, 0.047, -103.644, 0.017, 288.885, 0.073, 209.389, 0.026, 272.278, 0.076, 233.527, 0.031, 259.726, 0.068, 202.64, 0.169, 237.586, 0.064, 226.912, 0.031, 242.723, 0.072, 192.397, 0.035,
036-pdm10ABABb1, 7.592190, 0.000232472222222, 279.177, 0.055, 210.677, 0.036, 276.293, 0.093, 218.93, 0.043, 220.722, 0.095, 216.563, 0.046, 257.856, 0.055, 231.931, 0.042, 214.724, 0.06, 228.092, 0.035, 254.939, 0.061, 217.754, 0.048, 263.238, 0.061,
036-pdm10ABBAa1, 8.531010, 0.000201785123967, 208.593, 0.03, 268.679, 0.061, 228.884, 0.054, 234.162, 0.025, 221.064, 0.04, 242.051, 0.053, 259.466, 0.052, 203.05, 0.032, 226.417, 0.033, 254.89, 0.046, 268.732, 0.052, 226.304, 0.023,
036-pdm10ABBAb1, 8.615540, 0.000134469135802, 250.297, 0.058, 184.754, 0.015, 220.078, 0.032, 267.214, 0.074, 279.04, 0.053, 248.269, 0.037, 273.843, 0.023, 273.848, 0.07, 246.55, 0.064, 257.336, 0.031,
036-pdm11ABABa1, 8.680620, 0.000397140495868, 222.663, 0.031, 247.873, 0.04, 221.854, 0.018, 269.553, 0.056, 220.649, 0.034, 307.06, 0.068, 266.787, 0.034, 243.776, 0.051, 256.215, 0.023, 239.275, 0.067, 256.13, 0.028, 257.557, 0.057,
036-pdm11ABABb1, 9.023420, 0.000364429752066, 266.786, 0.05, 238.112, 0.021, 265.944, 0.064, 217.833, 0.028, 272.337, 0.053, 246.528, 0.035, 232.374, 0.07, 252.963, 0.049, 309.501, 0.072, 250.638, 0.035, 303.34, 0.05, 241.392, 0.039,
036-pdm11ABBAa1, 8.413290, 0.000900694214876, 166.297, 0.121, 241.245, 0.051, 288.988, 0.054, 253.019, 0.042, 257.173, 0.035, 255.971, 0.046, 283.156, 0.057, 241.53, 0.022, 237.66, 0.049, 267.263, 0.043, 291.204, 0.057, 216.458, 0.035,
036-pdm11ABBAb1, 9.035700, 0.000294876033058, 219.55, 0.07, 229.763, 0.032, 251.041, 0.025, 253.213, 0.053, 267.424, 0.041, 222.55, 0.026, 250.193, 0.028, 301.09, 0.075, 285.907, 0.052, 215.612, 0.039, 257.404, 0.042, 263.898, 0.057,
036-pdm12ABABa1, 8.217530, 0.0010214214876, 248.805, 0.023, 243.078, 0.044, 217.935, 0.028, 253.637, 0.052, 264.321, 0.029, 259.366, 0.049, -134.21, 0.084, 248.134, 0.044, -173.818, 0.103, 260.93, 0.054, -138.746, 0.087, 257.667, 0.053,
036-pdm12ABABb1, 8.729570, 0.000274776859504, 258.77, 0.05, 210.816, 0.03, 235.04, 0.053, -136.799, 0.08, 249.718, 0.041, 207.537, 0.038, 259.387, 0.041, 217.811, 0.034, 242.69, 0.048, 187.782, 0.032, 251.312, 0.052, 221.678, 0.038,
036-pdm12ABBAa1, 7.933690, 0.00346223140496, 243.572, 0.047, 188.471, 0.022, 243.501, 0.038, 243.695, 0.034, 204.342, 0.081, 238.902, 0.023, 251.06, 0.043, 228.848, 0.028, 230.795, 0.021, 255.165, 0.062, 248.322, 0.047, 222.414, 0.024,
036-pdm12ABBAb1, 8.793920, 0.00022056, 261.98, 0.045, 221.4, 0.022, 241.032, 0.025, 255.423, 0.069, 265.115, 0.048, 221.119, 0.023, 203.441, 0.027, 256.277, 0.059, 244.598, 0.045, 196.825, 0.019, 197.758, 0.021,
036-pdn01ABABa1, 8.033560, 0.0119789090909, 188.281, 0.013, 230.802, 0.029, -132.614, 0.061, 212.452, 0.024, 215.737, 0.02, 220.559, 0.024, 198.097, 0.013, 237.839, 0.035, 181.768, 0.069, -120.486, 0.087, 237.626, 0.035, 234.714, 0.034,
036-pdn01ABABb1, 12.873300, 0.0079415, 194.085, 0.049, -129.918, 0.081, 221.349, 0.028, -119.088, 0.061, 203.276, 0.035, 151.18, 0.021, 233.922, 0.034, -120.034, 0.016, 248.699, 0.005,
036-pdn01ABBAa1, 9.060630, 0.000373157024793, 209.023, 0.013, 205.293, 0.029, 206.55, 0.028, 179.999, 0.018, -171.343, 0.085, 240.913, 0.04, 217.882, 0.033, 232.886, 0.015, 222.972, 0.013, 256.85, 0.036, -234.984, 0.015, 224.243, 0.015,
036-pdn01ABBAb1, 8.925950, 0.000627338842975, 237.05, 0.032, -142.472, 0.076, 213.536, 0.014, 246.117, 0.035, 224.695, 0.033, 146.375, 0.014, 176.968, 0.03, 232.985, 0.019, 228.838, 0.031, 208.875, 0.015, 225.987, 0.017, 206.117, 0.025,
036-pdn02ABABa1, 8.879970, 0.000258975206612, 209.701, 0.013, 205.102, 0.037, 134.868, 0.011, 205.315, 0.077, 150.232, 0.024, 189.616, 0.057, 139.965, 0.025, 175.767, 0.054, 197.837, 0.038, 205.232, 0.048, 196.095, 0.017, 175.609, 0.05,
036-pdn02ABABb1, 9.181760, 0.000527107438017, 210.312, 0.046, -141.247, 0.075, 205.68, 0.038, 170.183, 0.022, 192.119, 0.033, 189.639, 0.014, 217.872, 0.044, -149.957, 0.083, 205.154, 0.039, 223.539, 0.014, 206.179, 0.028, 211.71, 0.016,
036-pdn02ABBAa1, 8.024590, 0.00071321, 165.941, 0.106, 237.349, 0.036, 241.757, 0.044, -114.547, 0.083, -113.307, 0.076, 241.03, 0.048, 239.074, 0.05, -119.297, 0.081, -114.134, 0.071, 244.894, 0.056, 274.752, 0.029,
036-pdn02ABBAb1, 9.373880, 0.00026104, 227.142, 0.053, 187.467, 0.014, 230.862, 0.014, 241.723, 0.066, 237.999, 0.034, 178.803, 0.023, -144.912, 0.073, 257.419, 0.054, 236.247, 0.042, 178.405, 0.015, 191.61, 0.015,
036-pdn03ABABa1, 8.893760, 0.00014144, 207.202, 0.011, 216.607, 0.02, 158.295, 0.013, -166.482, 0.076, 198.616, 0.029, 203.792, 0.037, 195.798, 0.014, 236.299, 0.03, 188.967, 0.013, 242.716, 0.039, 209.501, 0.014,
036-pdn03ABABb1, 8.996790, 0.00392666666667, 211.683, 0.06, -133.68, 0.076, 193.246, 0.024, -124.319, 0.063, 213.882, 0.028, 172.976, 0.016, 215.135, 0.025, 180.162, 0.023, 227.881, 0.031, -116.683, 0.089, 184.348, 0.015, 179.486, 0.024, -158.913, 0.005,
036-pdn03ABBAa1, 8.614090, 0.00094147107438, 217.59, 0.032, -150.346, 0.093, 171.705, 0.015, 224.405, 0.033, 231.11, 0.032, 225, 0.017, 254.212, 0.06, -164.846, 0.075, 215.431, 0.015, 213.722, 0.031, 218.559, 0.032, -172.154, 0.083,
036-pdn03ABBAb1, 9.095880, 0.000155140495868, 220.702, 0.031, -138.208, 0.081, -132.717, 0.076, 238.606, 0.043, 207.478, 0.026, -136.397, 0.01, 225.445, 0.015, 249.98, 0.049, 249.939, 0.037, -138.87, 0.077, -161.072, 0.082, 206.313, 0.007,
036-pdn04ABABa1, 7.486220, 0.000261966942149, 244.64, 0.022, -215.584, 0.087, 219.666, 0.033, 248.944, 0.032, 255.742, 0.017, 240.043, 0.049, 240.943, 0.012, 215.581, 0.052, 210.077, 0.005, 213.685, 0.048, -224.578, 0.014, 206.249, 0.11,
036-pdn04ABABb1, 8.511530, 0.000450049586777, 169.121, 0.275, 207.408, 0.005, 228.836, 0.04, 212.017, 0.021, 227.364, 0.052, 220.295, 0.02, 228.647, 0.025, 225.689, 0.035, 238.625, 0.021, -189.71, 0.011, 262.205, 0.043, -209.544, 0.008,
036-pdn04ABBAa1, 8.240230, 0.000192198347107, 223.464, 0.012, 281.64, 0.087, 259.181, 0.038, 218.618, 0.019, 221.356, 0.02, -199.925, 0.005, 238.161, 0.005, 230.349, 0.023, 235.145, 0.025, 264.423, 0.092, 263.644, 0.057, 252.064, 0.017,
036-pdn04ABBAb1, 8.993850, 0.000634991735537, 198.576, 0.013, 225.712, 0.047, 254.993, 0.047, 268.28, 0.04, 233.395, 0.046, 220.157, 0.016, -209.317, 0.012, 237.461, 0.046, 190.641, 0.032, 200.006, 0.024, 234.985, 0.027, 219.805, 0.031,
036-pdn05ABABa1, 8.243180, 0.000223666666667, 212.31, 0.032, 283.411, 0.07, 248.171, 0.032, 298.583, 0.066, 283.572, 0.03, 268.62, 0.06, 275.3, 0.026, 273.701, 0.078, 261.33, 0.022, 295.345, 0.074, 303.669, 0.026, 292.708, 0.059, 270.905, 0.039,
036-pdn05ABABb1, 8.669910, 0.000278148760331, 266.503, 0.05, 238.889, 0.022, 249.273, 0.044, 231.617, 0.03, 260.932, 0.054, 241.737, 0.021, 281.265, 0.061, 245.312, 0.025, 289.569, 0.063, 239.843, 0.022, 294.513, 0.102, 278.797, 0.024,
036-pdn05ABBAa1, 8.094480, 0.000869173553719, 207.399, 0.042, 282.299, 0.057, 253.054, 0.055, 230.958, 0.023, 258.285, 0.025, 269.37, 0.06, 287.844, 0.077, 273.293, 0.034, 243.236, 0.026, 275.017, 0.048, 244.268, 0.045, 223.057, 0.018,
036-pdn05ABBAb1, 8.069070, 0.00020445, 277.283, 0.061, 252.291, 0.025, 265.77, 0.026, 292.432, 0.081, 260.57, 0.067, 271.378, 0.019, 248.278, 0.017, 275.888, 0.052, 274.812, 0.055, 266.06, 0.022, 273.255, 0.033,
036-pdn06ABABa1, 8.246890, 0.00168357638889, 204.232, 0.045, 272.139, 0.052, 253.999, 0.034, 252.491, 0.057, 264.157, 0.029, 281.162, 0.059, 244.217, 0.024, 283.251, 0.069, 272.051, 0.024, 281.755, 0.06, 222.552, 0.015, 281.971, 0.061, 224.54, 0.167,
036-pdn06ABABb1, 9.002370, 0.000106098765432, 242.932, 0.047, 251.35, 0.022, 263.961, 0.059, 269.041, 0.024, 292.095, 0.04, 268.996, 0.031, 270.073, 0.053, 303.944, 0.033, 226.107, 0.053, 255.792, 0.024,
036-pdn06ABBAa1, 8.681860, 0.000142809917355, 300.354, 0.033, 266.52, 0.066, 263.265, 0.042, 232.405, 0.015, 256.12, 0.02, 272.836, 0.061, 273.295, 0.045, 247.315, 0.018, 245.186, 0.026, 274.321, 0.062, 287.758, 0.064, 277.032, 0.019,
036-pdn06ABBAb1, 8.821380, 0.000373333333333, 249.425, 0.023, 298.39, 0.058, 247.379, 0.015, 313.172, 0.074, 296.155, 0.025, 270.53, 0.023, 301.47, 0.023, 297.422, 0.071, 314.791, 0.067, 265.395, 0.024,
036-pdn07ABABa1, 8.336480, 0.00155578512397, 219.049, 0.021, 229.194, 0.044, 187.832, 0.014, 230.262, 0.044, 201.55, 0.016, 240.574, 0.035, 197.189, 0.015, 259.752, 0.036, 260.933, 0.013, 229.355, 0.035, 206.245, 0.017, 241.796, 0.057,
036-pdn07ABABb1, 8.396320, 0.00100823140496, 244.676, 0.055, -145.312, 0.018, 236.498, 0.039, 173.701, 0.013, 244.139, 0.04, 190.122, 0.047, 247.739, 0.053, 192.733, 0.026, 187.975, 0.042, 184.449, 0.014, 231.735, 0.043, 174.698, 0.018,
036-pdn07ABBAa1, 8.154930, 0.000151239669421, 251.373, 0.015, 243.121, 0.044, 260.556, 0.031, 223.795, 0.015, 222.36, 0.015, 258.389, 0.034, 238.371, 0.033, 216.509, 0.015, 237.659, 0.015, 247.769, 0.028, 225.628, 0.022, 191.777, 0.018,
036-pdn07ABBAb1, 7.801110, 0.0002682, 278.578, 0.05, 184.171, 0.013, 239.76, 0.014, 261.926, 0.051, 252.527, 0.043, 224.74, 0.014, 242.367, 0.015, 250.076, 0.029, 253.48, 0.029, 222.392, 0.015, 252.574, 0.016,
036-pdn08ABABa1, 9.254400, 0.000649818181818, 261.972, 0.02, 229.67, 0.039, 212.172, 0.02, 220.242, 0.036, 218.772, 0.021, 258.145, 0.038, 240.987, 0.02, 240.32, 0.026, 261.244, 0.029, 213.164, 0.017, 244.564, 0.023, 256.9, 0.056,
036-pdn08ABABb1, 9.515750, 0.000322743801653, 250.408, 0.023, 216.038, 0.022, 269.129, 0.055, 207.272, 0.023, 281.687, 0.074, 237.33, 0.023, 265.269, 0.071, 194.585, 0.021, 269.771, 0.061, 237.431, 0.019, 252.121, 0.037, 208.796, 0.023,
036-pdn08ABBAa1, 8.364890, 0.000384576388889, 251.465, 0.028, 271.705, 0.066, 273.395, 0.073, 228.38, 0.018, 245.134, 0.03, 298.805, 0.06, 277.616, 0.051, 248.432, 0.022, 275.926, 0.027, 271.27, 0.063, 265.126, 0.044, 258.848, 0.017, 239.222, 0.028,
036-pdn08ABBAb1, 9.450360, 0.000710809917355, 293.624, 0.059, 204.833, 0.022, 241.15, 0.032, 264.619, 0.066, 232.987, 0.02, 231.562, 0.016, 232.816, 0.022, 287.839, 0.078, 250.252, 0.052, 234.883, 0.028, 222.081, 0.023, 250.947, 0.039,
036-pdn09ABABa1, 9.228530, 0.00035676, 248.837, 0.026, 243.842, 0.043, 210.181, 0.033, 246.679, 0.047, 198.163, 0.025, 229.706, 0.048, 213.104, 0.027, 222.894, 0.058, 214.083, 0.024, 237.888, 0.045, 213.523, 0.029,
036-pdn09ABABb1, 8.620620, 0.00105607638889, 229.545, 0.069, 234.477, 0.022, 228.324, 0.079, 253.956, 0.047, 215.156, 0.057, 241.838, 0.049, 240.687, 0.066, 232.488, 0.024, 179.828, 0.044, 231.703, 0.031, 237.644, 0.054, 216.191, 0.037, 177.746, 0.063,
036-pdn09ABBAa1, 9.773560, 0.000241818181818, 225.853, 0.035, 265.367, 0.041, 259.125, 0.046, 205.322, 0.033, 227.67, 0.024, 218.759, 0.068, 214.452, 0.04, 237.181, 0.022, 206.403, 0.029, 231.834, 0.046, 252.384, 0.046, 233.95, 0.015,
036-pdn09ABBAb1, 7.619760, 0.000903166666667, 289.069, 0.037, 253.034, 0.028, 227.236, 0.026, 238.08, 0.037, 268.234, 0.054, 236.907, 0.022, 220.33, 0.015, 244.343, 0.033, 252.834, 0.046, 238.122, 0.031, 222.861, 0.035, 198.616, 0.025, 166.717, 0.005,
036-pdn10ABABa1, 9.837230, 0.000160611570248, 206.648, 0.022, 262.75, 0.038, 217.738, 0.024, 262.701, 0.046, 231.255, 0.031, 264.352, 0.056, 228.023, 0.025, 270.78, 0.046, 240.611, 0.025, 256.791, 0.036, 226.089, 0.02, 240.431, 0.056,
036-pdn10ABABb1, 9.562950, 0.000267504132231, 290.461, 0.051, 237.644, 0.029, 241.078, 0.045, 228.762, 0.028, 264.407, 0.047, 220.046, 0.045, 258.198, 0.043, 222.404, 0.031, 239.134, 0.041, 256.347, 0.058, 251.049, 0.037, 245.264, 0.041,
036-pdn10ABBAa1, 9.343510, 0.000459421487603, 233.439, 0.045, 251.424, 0.05, 247.524, 0.065, 247.534, 0.036, 235.372, 0.038, 232.168, 0.06, 247.13, 0.058, 229.517, 0.037, 228.184, 0.034, 236.932, 0.064, 253.573, 0.062, 223.843, 0.036,
036-pdn10ABBAb1, 8.677920, 0.00053705, 278.239, 0.068, 238.276, 0.034, 245.43, 0.037, 288.932, 0.062, 244.776, 0.046, 228.83, 0.028, 238.64, 0.033, 266.137, 0.065, 246.526, 0.053, 255.011, 0.039, 249.766, 0.041,
036-pdn11ABABa1, 8.644450, 0.00118642975207, 209.694, 0.023, 245.51, 0.051, 236.535, 0.031, 220.518, 0.046, 239.936, 0.048, 251.995, 0.04, 230.933, 0.038, 227.534, 0.046, -170.074, 0.005, 261.199, 0.03, 254.547, 0.051, 239.755, 0.054,
036-pdn11ABABb1, 8.384250, 0.00107447222222, 225.846, 0.34, 240.375, 0.039, 259.941, 0.057, 234.283, 0.037, 274.02, 0.085, 247.115, 0.031, 242.975, 0.064, 244.816, 0.047, 257.104, 0.047, 243.063, 0.034, 252.527, 0.051, 221.986, 0.032, 225.071, 0.06,
036-pdn11ABBAa1, 9.625880, 0.000519702479339, 243.174, 0.023, 262.302, 0.051, 258.194, 0.046, 196.764, 0.022, 198.561, 0.02, 249.34, 0.046, 249.631, 0.052, 236.515, 0.023, 174.919, 0.031, 181.14, 0.006, 128.848, 0.01, 252.806, 0.031,
036-pdn11ABBAb1, 9.842430, 0.00026481, 272.196, 0.045, 222.251, 0.025, 208.651, 0.024, 227.106, 0.054, 235.566, 0.047, 240.995, 0.035, 201.078, 0.035, 234.376, 0.056, 242.953, 0.047, 218.044, 0.041, 182.048, 0.034,
036-pdn12ABABa1, 8.875840, 0.000498595041322, 211.41, 0.038, 239.022, 0.054, 204.534, 0.024, 269.862, 0.056, 247.601, 0.05, 256.105, 0.067, 215.576, 0.054, 238.475, 0.057, 195.382, 0.047, 254.264, 0.067, 197.154, 0.029, 239.799, 0.061,
036-pdn12ABABb1, 9.168600, 0.00125819834711, 266.319, 0.024, 240.689, 0.03, 217.366, 0.043, 215.632, 0.026, 230.557, 0.046, 226.062, 0.025, 256.286, 0.053, 242.329, 0.035, 226.658, 0.067, 274.241, 0.022, 229.007, 0.046, 210.702, 0.04,
036-pdn12ABBAa1, 9.235690, 0.00119479338843, 232.387, 0.033, 233.626, 0.054, 239.519, 0.053, 225.189, 0.039, 246.865, 0.027, 241.216, 0.039, 270.95, 0.056, 200.317, 0.03, 249.834, 0.033, 249.259, 0.054, 250.834, 0.066, 203.049, 0.031,
036-pdn12ABBAb1, 9.657170, 0.00067884, 238.175, 0.038, 229.543, 0.031, 226.621, 0.026, 235.405, 0.044, 261.377, 0.058, 219.866, 0.026, 209.996, 0.037, 264.637, 0.051, 207.211, 0.044, 206.418, 0.026, 219.206, 0.024,
036-psm01ABABa1, 8.130900, 0.000382148760331, 219.235, 0.046, 227.38, 0.009, 166.682, 0.021, 234.673, 0.01, 176.438, 0.018, 223.417, 0.01, 185.117, 0.016, 228.409, 0.011, 199.227, 0.017, 221.422, 0.012, 199.885, 0.014, 209.724, 0.012,
036-psm01ABABb1, 8.221460, 0.00030064, 197.081, 0.012, 251.289, 0.041, 192.903, 0.016, 247.948, 0.039, 216.314, 0.015, 240.759, 0.039, 188.029, 0.015, 247.58, 0.037, 211.405, 0.018, 247.908, 0.044, 202.797, 0.018,
036-psm01ABBAa1, 8.283160, 0.00025256, 227.209, 0.035, 215.943, 0.011, 220.6, 0.012, 250.793, 0.035, 220.419, 0.027, 212.627, 0.011, 228.868, 0.013, 235.799, 0.04, 225.188, 0.026, 189.704, 0.022, 211.717, 0.015,
036-psm01ABBAb1, 8.105340, 0.00647590972222, 232.883, 0.011, 233.179, 0.031, 241.268, 0.038, 229.526, 0.008, -222.48, 0.008, 240.142, 0.021, 245.098, 0.034, 228.738, 0.01, 203.372, 0.01, 130.689, 0.046, 177.554, 0.028, 206.777, 0.02, -204.252, 0.009,
036-psm02ABABa1, 8.654350, 0.000596148760331, 195.149, 0.036, 225.652, 0.012, 196.516, 0.019, -203.637, 0.005, 203.791, 0.012, 234.787, 0.013, 239.387, 0.036, 195.504, 0.021, 208.76, 0.013, 226.185, 0.013, 199.423, 0.018, -201.523, 0.005,
036-psm02ABABb1, 8.596370, 0.00016084, 195.147, 0.01, 189.45, 0.02, 197.864, 0.01, 227.706, 0.051, 198.37, 0.02, 244.966, 0.039, 207.921, 0.01, 238.093, 0.045, 219.482, 0.012, 237.121, 0.059, 220.497, 0.012,
036-psm02ABBAa1, 8.787170, 0.00013925, 185.449, 0.041, 222.35, 0.044, 248.314, 0.014, 235.634, 0.054, 232.021, 0.043, 231.243, 0.013, 246.567, 0.012, 246.468, 0.039, 224.792, 0.017, 227.619, 0.012, 226.416, 0.014,
036-psm02ABBAb1, 8.298830, 0.000157580246914, 250.367, 0.011, 251.173, 0.053, 222.048, 0.032, 199.407, 0.005, 209.092, 0.012, 226.658, 0.055, 222.525, 0.042, 204.754, 0.005, 201.984, 0.012, 189.657, 0.005,
036-psm03ABABa1, 9.058310, 0.000474694214876, 218.847, 0.027, -185.247, 0.011, 234.321, 0.016, 203.618, 0.014, 255.968, 0.034, 207.495, 0.013, 192.109, 0.03, 212.539, 0.017, 247.62, 0.061, 190.625, 0.022, 275.641, 0.044, 252.605, 0.014,
036-psm03ABABb1, 9.446270, 0.00064716, 203.151, 0.02, 236.751, 0.033, 200.223, 0.016, 234.977, 0.043, 199.43, 0.022, 242.818, 0.043, 202.548, 0.02, 253.382, 0.059, 175.761, 0.025, 220.463, 0.057, 221.13, 0.014,
036-psm03ABBAa1, 8.232310, 0.00130222222222, 134.104, 0.289, 261.073, 0.015, 218.011, 0.031, 218.808, 0.01, 174.886, 0.009, 203.703, 0.026, 223.995, 0.028, 234.998, 0.04, 220.906, 0.014, 219.244, 0.013,
036-psm03ABBAb1, 9.661500, 0.000402444444444, 217.5, 0.022, 196.479, 0.018, 205.966, 0.032, 204.214, 0.015, 193.852, 0.015, 232.625, 0.032, 238.965, 0.028, 204.734, 0.014, 201.15, 0.023, 229.05, 0.037,
036-psm04ABABa1, 8.950490, 0.000819173553719, 239.869, 0.052, -232.621, 0.01, 191.941, 0.023, 236.765, 0.013, 206.418, 0.032, 208.762, 0.016, 205.551, 0.016, 244.023, 0.013, 203.076, 0.027, 221.86, 0.011, 202.788, 0.035, 221.371, 0.014,
036-psm04ABABb1, 8.829330, 0.00138953719008, 185.116, 0.323, 258.534, 0.027, 225.109, 0.012, 220.017, 0.015, 199.34, 0.013, 233.829, 0.03, 222.481, 0.012, 228.473, 0.037, 187.337, 0.006, 223.743, 0.06, -175.481, 0.065, 234.617, 0.052,
036-psm04ABBAa1, 8.888670, 0.000734363636364, 207.964, 0.012, 231.298, 0.039, 180.079, 0.021, 255.431, 0.055, 210.583, 0.034, 197.999, 0.012, 194.126, 0.014, 235.694, 0.033, 215.897, 0.028, 179.396, 0.015, 202.619, 0.014, 230.936, 0.019,
036-psm04ABBAb1, 9.178810, 0.000109090909091, -144.352, 0.009, 228.045, 0.049, 231.919, 0.029, 169.516, 0.022, 222.465, 0.009, 198.249, 0.026, 190.072, 0.037, 186.544, 0.013, 214.956, 0.013, 204.659, 0.035, 196.929, 0.026, 217.324, 0.014,
036-psm05ABABa1, 9.291900, 0.00271323966942, 180.227, 0.15, 216.906, 0.029, 243.185, 0.038, 244.75, 0.023, 253.318, 0.051, 206.864, 0.022, 242.404, 0.051, 205.639, 0.032, 217.485, 0.052, 216.48, 0.031, 245.643, 0.048, 247.943, 0.023,
036-psm05ABABb1, 12.850400, 0.000891918367347, 207.266, 0.082, 245.789, 0.057, 223.862, 0.039, 265.381, 0.056, 210.28, 0.022, 221.488, 0.038, 213.373, 0.014, 248.356, 0.049,
036-psm05ABBAa1, 8.682110, 0.000621355371901, 192.05, 0.083, 225.09, 0.017, 189.404, 0.025, 230.218, 0.044, 234.348, 0.03, 220.195, 0.015, 218.708, 0.015, 236.485, 0.044, 232.781, 0.029, 213.307, 0.015, 230.279, 0.029, 229.25, 0.047,
036-psm05ABBAb1, 9.442000, 0.00013026446281, 211.206, 0.014, 245.9, 0.033, 250.059, 0.03, 218.83, 0.024, 209.812, 0.023, 212.058, 0.037, 249.652, 0.05, 204.188, 0.024, 220.443, 0.014, 242.993, 0.036, 237.688, 0.045, 224.866, 0.024,
036-psm06ABABa1, 9.022900, 0.00012932231405, 243.416, 0.06, 268.081, 0.026, 254.176, 0.056, 241.084, 0.015, 251.937, 0.057, 197.097, 0.034, 239.249, 0.052, 221.558, 0.014, 240.356, 0.058, 228.511, 0.015, 269.506, 0.076, 236.842, 0.018,
036-psm06ABABb1, 8.657860, 0.000559239669421, 280, 0.015, 257.839, 0.042, 245.974, 0.017, 249.183, 0.051, 238.408, 0.016, 252.333, 0.034, 236.692, 0.03, 243.672, 0.063, 240.21, 0.025, 253.507, 0.065, 239.494, 0.018, 251.166, 0.061,
036-psm06ABBAa1, 8.978050, 0.00015121, 258.511, 0.035, 214.291, 0.019, 219.977, 0.029, 260.842, 0.058, 252.582, 0.03, 231.565, 0.018, 238.881, 0.019, 265.138, 0.048, 242.786, 0.034, 275.855, 0.022, 246.504, 0.019,
036-psm06ABBAb1, 8.599190, 0.00037945, 233.182, 0.023, 253.174, 0.036, 241.929, 0.05, 226.689, 0.018, 225.274, 0.016, 248.65, 0.052, 254.064, 0.049, 228.613, 0.025, 225.19, 0.015, 241.818, 0.048, 254.801, 0.037,
036-psm07ABABa1, 9.166430, 0.00023209, 261.941, 0.047, 239.302, 0.013, 225.579, 0.041, 242.745, 0.022, 268.006, 0.037, 245.48, 0.022, 257.116, 0.038, 234.479, 0.023, 257.237, 0.046, 267.638, 0.022, 246.413, 0.038,
036-psm07ABABb1, 8.348580, 0.000825537190083, 172.547, 0.137, 271.259, 0.045, 236.434, 0.013, 224.102, 0.039, 248.418, 0.022, 248.534, 0.048, 249.385, 0.015, 224.653, 0.04, 257.533, 0.015, 261.295, 0.058, 229.905, 0.026, 259.228, 0.023,
036-psm07ABBAa1, 8.634020, 0.000421603305785, 264.44, 0.064, 269.075, 0.015, 256.099, 0.016, 213.581, 0.09, 223.751, 0.051, 260.403, 0.015, 246.801, 0.015, 236.516, 0.052, 263.569, 0.046, 239.346, 0.015, 255.286, 0.016, 271.302, 0.035,
036-psm07ABBAb1, 8.444500, 0.00130945454545, 218.619, 0.079, 223.395, 0.029, 255.609, 0.041, 258.84, 0.024, 255.66, 0.024, 269.232, 0.04, 267.272, 0.047, 258.577, 0.015, 225.985, 0.053, 261.781, 0.022, 268.628, 0.027, 249.819, 0.025,
036-psm08ABABa1, 9.549390, 0.00130424793388, 221.201, 0.058, 204.181, 0.022, 209.647, 0.05, 231.23, 0.023, 212.002, 0.059, 237.988, 0.014, 258.818, 0.071, 218.076, 0.034, 252.579, 0.052, 247.886, 0.023, 198.586, 0.005, 227.433, 0.025,
036-psm08ABABb1, 9.129680, 0.00100196694215, 190.672, 0.013, 270.608, 0.046, 232.505, 0.02, 244.825, 0.046, 225.752, 0.02, 275.15, 0.042, 191.153, 0.021, 255.774, 0.036, 190.366, 0.01, 252.274, 0.038, 211.233, 0.019, 257.754, 0.052,
036-psm08ABBAa1, 9.608570, 0.000584561983471, 241.463, 0.053, 245.788, 0.015, 234.15, 0.018, 242.811, 0.031, 229.775, 0.03, 207.626, 0.018, 252.42, 0.024, 257.139, 0.039, 267.209, 0.031, 201.752, 0.019, 224.026, 0.023, 274.485, 0.049,
036-psm08ABBAb1, 9.130600, 0.000763504132231, 241.915, 0.022, 275.679, 0.052, 244.936, 0.056, 223.825, 0.024, 251.302, 0.053, 214.524, 0.033, 277.9, 0.064, 223.775, 0.026, 248.762, 0.023, 249.567, 0.05, 269.529, 0.07, 195.936, 0.024,
036-psm09ABABa1, 8.713520, 0.000297173553719, 215.985, 0.057, 254.276, 0.026, 254.683, 0.044, 244.72, 0.025, 211.813, 0.058, 223.015, 0.037, 268.398, 0.073, 237.747, 0.028, 252.405, 0.053, 194.402, 0.034, 228.755, 0.04, 227.724, 0.035,
036-psm09ABABb1, 9.026950, 0.000384181818182, 210.236, 0.043, 219.926, 0.023, 255.5, 0.025, 226.241, 0.051, 214.144, 0.024, 238.93, 0.064, 207.258, 0.024, 248.862, 0.054, 234.096, 0.027, 282.003, 0.072, 240.23, 0.018, 231.388, 0.051,
036-psm09ABBAa1, 8.673880, 0.000279157024793, 259.241, 0.04, 203.103, 0.023, 217.518, 0.026, 246.215, 0.047, 226.777, 0.038, 203.375, 0.024, 246.727, 0.027, 258.411, 0.052, 234.608, 0.033, 230.622, 0.029, 243.834, 0.027, 231.716, 0.042,
036-psm09ABBAb1, 8.802920, 0.00121181818182, 249.022, 0.027, 222.356, 0.027, 218.991, 0.044, -225.031, 0.01, 214.4, 0.017, 223.522, 0.048, 276.932, 0.059, 217.521, 0.023, 214.455, 0.029, 234.62, 0.041, 252.588, 0.045, 195.921, 0.046,
036-psm10ABABa1, 9.310790, 0.000279537190083, 230.172, 0.053, 224.178, 0.026, 210.09, 0.047, 246.877, 0.026, 209.881, 0.048, 219.592, 0.024, 211.358, 0.041, 237.671, 0.025, 224.605, 0.057, 251.346, 0.025, 233.1, 0.029, 241.144, 0.027,
036-psm10ABABb1, 9.426340, 0.000528611570248, 168.774, 0.124, 247.346, 0.037, 258.078, 0.024, 274.193, 0.047, 240.446, 0.027, 269.835, 0.064, 233.649, 0.024, 247.003, 0.057, 247.885, 0.022, 236.56, 0.055, 251.718, 0.037, 265.91, 0.064,
036-psm10ABBAa1, 8.657920, 0.000585685950413, 203.665, 0.16, 221.567, 0.036, 228.605, 0.028, 264.502, 0.045, 266.184, 0.053, 204.315, 0.026, 247.314, 0.034, 254.226, 0.05, 240.283, 0.055, 216.83, 0.033, 242.814, 0.015, 248.34, 0.046,
036-psm10ABBAb1, 9.780090, 0.000144628099174, 231.228, 0.031, 289.416, 0.05, 280.835, 0.076, 273.213, 0.025, 233.574, 0.032, 242.303, 0.045, 252.074, 0.046, 242.464, 0.032, 220.585, 0.047, 266.099, 0.058, 250.521, 0.047, 250.879, 0.033,
036-psm11ABABa1, 9.836340, 0.00017201, 198.856, 0.032, 231.428, 0.042, 240.338, 0.072, 230.987, 0.027, 243.772, 0.058, 234.874, 0.03, 248.536, 0.066, 260.857, 0.023, 262.104, 0.069, 218.25, 0.029, 226.846, 0.071,
036-psm11ABABb1, 9.230200, 0.000377432098765, 231.923, 0.035, 284.716, 0.04, 207.838, 0.018, 228.048, 0.042, 226.232, 0.023, 235.843, 0.043, 230.374, 0.022, 236.225, 0.043, 241.213, 0.025, 249.107, 0.041,
036-psm11ABBAa1, 8.902270, 0.000741603305785, 298.448, 0.061, 271.516, 0.021, 231.506, 0.023, 263.724, 0.068, 256.628, 0.059, 215.979, 0.023, 232.249, 0.032, 264.955, 0.056, 227.598, 0.059, 240.294, 0.03, 221.408, 0.028, 277.175, 0.062,
036-psm11ABBAb1, 9.542950, 0.000374446280992, 229.352, 0.025, 241.789, 0.059, 250.391, 0.051, 217.768, 0.028, 204.752, 0.029, 232.429, 0.043, 267.89, 0.07, 228.059, 0.031, 227.387, 0.028, 213.463, 0.044, 219.964, 0.066, 188.31, 0.027,
036-psm12ABABa1, 9.685830, 0.000231090909091, 225.097, 0.045, 210.393, 0.03, 272.069, 0.057, 231.969, 0.029, 230.827, 0.053, 232.531, 0.037, 254.201, 0.046, 200.147, 0.023, 259.104, 0.041, 224.124, 0.035, 241.254, 0.049, 237.726, 0.028,
036-psm12ABABb1, 9.589850, 0.000141421487603, 227.941, 0.024, 250.696, 0.033, 234.786, 0.025, 262.554, 0.055, 234.814, 0.035, 227.432, 0.053, 252.136, 0.035, 235.988, 0.04, 253.824, 0.041, 275.686, 0.069, 249.142, 0.022, 258.633, 0.06,
036-psm12ABBAa1, 9.683380, 0.000694925619835, 238.274, 0.055, 230.125, 0.029, 241.716, 0.031, 250.858, 0.051, 235.326, 0.047, 237.58, 0.031, 248.714, 0.027, 240.165, 0.05, 223.711, 0.044, 235.739, 0.029, 201.998, 0.024, 251.514, 0.042,
036-psm12ABBAb1, 9.958950, 0.000231157024793, 232.849, 0.034, 231.515, 0.05, 229.484, 0.035, 237.36, 0.022, 245.781, 0.023, 268.747, 0.05, 250.806, 0.04, 231.395, 0.006, 240.962, 0.028, 244.175, 0.058, 251.103, 0.034, 234.882, 0.05,
036-psn01ABABa1, 8.359380, 0.000805652892562, 216.341, 0.051, 243.176, 0.016, 221.357, 0.025, 263.977, 0.015, 229.977, 0.027, 254.082, 0.016, 275.792, 0.056, 208.512, 0.014, 220.737, 0.026, 223.88, 0.023, 222.025, 0.054, 271.145, 0.015,
036-psn01ABABb1, 8.496540, 0.000826888888889, 190.751, 0.029, 249.087, 0.04, 232.306, 0.02, 243.613, 0.029, 195.588, 0.015, 214.45, 0.043, 223.647, 0.022, 239.181, 0.062, 212.985, 0.019, 287.145, 0.038,
036-psn01ABBAa1, 7.602830, 0.00162953719008, 172.896, 0.08, 231.901, 0.014, -238.632, 0.013, 259.27, 0.03, 207.67, 0.016, 227.063, 0.014, 235.154, 0.019, 271.746, 0.036, 224.938, 0.036, 227.558, 0.025, 213.482, 0.029, 204.241, 0.027,
036-psn01ABBAb1, 7.815330, 0.000723157024793, 189.58, 0.005, 196.188, 0.045, 229.251, 0.055, 228.459, 0.023, 217.747, 0.032, 224.395, 0.023, 233.515, 0.056, 204.782, 0.021, 214.092, 0.033, 194.659, 0.042, 218.444, 0.052, 260.965, 0.02,
036-psn02ABABa1, 8.450420, 0.00103784, 223.902, 0.036, 220.999, 0.014, 209.29, 0.039, 209.414, 0.021, 188.099, 0.047, 217.133, 0.041, 229.27, 0.053, 210.477, 0.023, 223.781, 0.041, 212.577, 0.015, 256.665, 0.061,
036-psn02ABABb1, 9.040760, 0.000114776859504, 214.965, 0.013, 210.276, 0.027, 211.985, 0.014, 240.415, 0.038, 216.153, 0.019, 231.62, 0.06, 235.557, 0.015, 236.319, 0.045, 225.472, 0.02, 217.641, 0.045, 203.79, 0.018, 241.859, 0.038,
036-psn02ABBAa1, 8.113760, 0.000609966942149, 276.437, 0.065, 244.323, 0.015, 234.211, 0.02, 258.071, 0.064, 201.505, 0.033, 227.459, 0.017, 206.226, 0.014, 236.2, 0.039, 219.726, 0.028, 235.645, 0.015, 231.546, 0.024, 251.463, 0.045,
036-psn02ABBAb1, 8.576190, 0.000541107438017, 203.968, 0.032, 250.205, 0.038, 248.122, 0.041, -205.323, 0.012, 215.538, 0.021, 227.276, 0.049, 222.945, 0.04, 250.673, 0.014, 237.673, 0.014, 244.141, 0.049, 226.27, 0.041, 209.753, 0.022,
036-psn03ABABa1, 8.957480, 0.000141289256198, 279.007, 0.029, 171.751, 0.015, 219.444, 0.04, 225.129, 0.012, 260.146, 0.068, -211.788, 0.005, 244.202, 0.038, 231.39, 0.013, 243.603, 0.041, -208.344, 0.014, 233.941, 0.041, 220.78, 0.014,
036-psn03ABABb1, 9.412190, 0.000445090909091, 221.215, 0.015, 238.238, 0.029, 174.99, 0.014, 227.728, 0.05, 264.503, 0.033, 224.386, 0.05, 249.723, 0.043, 234.163, 0.037, 217.791, 0.016, 228.821, 0.049, 226.419, 0.013, 198.036, 0.041,
036-psn03ABBAa1, 9.411690, 0.000331140495868, 210.566, 0.036, -149.888, 0.093, -145.605, 0.014, 252.963, 0.043, 235.79, 0.039, 168.023, 0.021, 202.729, 0.016, 242.957, 0.021, 225.681, 0.032, 178.791, 0.014, -148.738, 0.09, 224.622, 0.028,
036-psn03ABBAb1, 9.399570, 0.000297900826446, 212.551, 0.017, 250.006, 0.034, 232.988, 0.033, -168.089, 0.077, 241.881, 0.015, 228.721, 0.034, 240.286, 0.035, 218.861, 0.015, 225.945, 0.017, 227.817, 0.044, 265.013, 0.034, 229.277, 0.013,
036-psn04ABABa1, 8.730580, 0.000398876033058, 227.719, 0.044, -224.892, 0.008, 191.769, 0.029, 201.759, 0.02, 214.029, 0.036, 208.423, 0.035, 226.508, 0.041, 215.716, 0.013, 236.128, 0.048, -198.552, 0.021, 188.44, 0.036, 194.461, 0.013,
036-psn04ABABb1, 8.622540, 0.000293243055556, 218.961, 0.037, 219.195, 0.014, 189.942, 0.015, 222.954, 0.027, 218.262, 0.02, 253.82, 0.038, 213.34, 0.013, 231.71, 0.043, 187.342, 0.021, 197.215, 0.042, -213.703, 0.008, 227.42, 0.053, 195.333, 0.021,
036-psn04ABBAa1, 9.442970, 0.00014296, 183.115, 0.027, 218.422, 0.014, 213.305, 0.014, 230.426, 0.03, 223.158, 0.038, 201.385, 0.014, 187.729, 0.015, 222.324, 0.029, 193.981, 0.035, 210.463, 0.005, 195.008, 0.015,
036-psn04ABBAb1, 8.727070, 0.00022564, 230.376, 0.012, 228.491, 0.03, 222.61, 0.024, 210.463, 0.015, 200.635, 0.022, 224.609, 0.029, 197.246, 0.026, 209.122, 0.015, 197.101, 0.014, 230.299, 0.031, 229.191, 0.031,
036-psn05ABABa1, 9.503800, 0.00096436, 193.965, 0.039, 229.401, 0.015, 257.872, 0.048, 204.62, 0.017, 213.263, 0.028, 248.269, 0.027, 242.597, 0.04, 217.724, 0.022, 179.127, 0.005, 224.683, 0.015, 171.043, 0.008,
036-psn05ABABb1, 14.922900, 0.00188706122449, -178.571, 0.01, 276.732, 0.034, 233.837, 0.022, 177.773, 0.005, 247.868, 0.022, 191.349, 0.005, 215.496, 0.021, 279.527, 0.035,
036-psn05ABBAa1, 8.766650, 0.00472553719008, 207.666, 0.186, 199.033, 0.021, 236.243, 0.016, 192.679, 0.005, 280.836, 0.046, 255.506, 0.014, 254.181, 0.018, 205.428, 0.005, 209.971, 0.005, 249.694, 0.014, 259.958, 0.022, 159.239, 0.042,
036-psn05ABBAb1, 9.651860, 0.00048909, 219.98, 0.015, 257.877, 0.045, 259.538, 0.052, 212.639, 0.014, 232.158, 0.024, 243.929, 0.078, 239.579, 0.051, 233.982, 0.016, 224.864, 0.022, 245.677, 0.027, 243.203, 0.09,
036-psn06ABABa1, 8.555460, 0.000599555555556, 271.106, 0.051, 247.338, 0.015, 268.257, 0.041, 265.181, 0.024, 273.453, 0.058, 247.983, 0.014, 250.439, 0.045, 256.991, 0.015, 264.447, 0.053, 227.996, 0.017,
036-psn06ABABb1, 8.498100, 0.00067984, 275.59, 0.027, 259.246, 0.055, 267.421, 0.03, 258.522, 0.054, 249.072, 0.032, 235.43, 0.145, 238.044, 0.081, 287.713, 0.084, 253.114, 0.029, 263.871, 0.086, 262.187, 0.022,
036-psn06ABBAa1, 8.965890, 0.000163900826446, 246.143, 0.064, 250.577, 0.022, 251.833, 0.023, 280.898, 0.08, 265.604, 0.068, 236.933, 0.016, 229.93, 0.021, 246.232, 0.054, 252.351, 0.059, 265.297, 0.013, 196.373, 0.025, 248.329, 0.034,
036-psn06ABBAb1, 8.234940, 0.000672698224852, 210.892, 0.016, 259.19, 0.066, 253.142, 0.073, 221.626, 0.013, 231.457, 0.026, 238.259, 0.068, 250.037, 0.055, 212.007, 0.017, 234.706, 0.018, 248.718, 0.031, 247.942, 0.055, 226.93, 0.027, 236.948, 0.027, 223.951, 0.073,
036-psn07ABABa1, 7.884260, 0.000607504132231, 239.689, 0.057, 198.621, 0.014, 254.381, 0.062, 198.098, 0.022, 249.755, 0.041, 214.089, 0.024, 239.734, 0.073, 227.012, 0.018, 277.689, 0.088, 264.775, 0.016, 264.95, 0.041, 226.417, 0.025,
036-psn07ABABb1, 8.358100, 0.00109292561983, -206.974, 0.005, 184.644, 0.021, 239.703, 0.075, 217.59, 0.068, 203.555, 0.015, 277.701, 0.076, 249.186, 0.015, 266.737, 0.085, 234.606, 0.017, 264.11, 0.079, 241.331, 0.016, 250.69, 0.019,
036-psn07ABBAa1, 8.453830, 0.00021424, 239.339, 0.051, 170.611, 0.022, 242.931, 0.015, 248.005, 0.054, 267.685, 0.03, 220.863, 0.017, 228, 0.015, 258.827, 0.049, 255.799, 0.054, 233.114, 0.014, 231.523, 0.017,
036-psn07ABBAb1, 8.732290, 0.00036305, 232.396, 0.014, 247.013, 0.047, 254.982, 0.049, 213.399, 0.025, 226.773, 0.024, 259.192, 0.046, 255.84, 0.03, 229.033, 0.025, 216.241, 0.022, 265.049, 0.037, 272.512, 0.035,
036-psn08ABABa1, 9.315290, 0.000320958677686, 230.441, 0.064, 226.25, 0.022, 239.227, 0.046, 220.456, 0.019, 222.404, 0.023, 218.619, 0.023, 250.228, 0.069, 215.78, 0.032, 245.521, 0.032, 200.191, 0.022, 248.176, 0.046, 213.056, 0.015,
036-psn08ABABb1, 9.166000, 0.000163884297521, 190.176, 0.015, 237.61, 0.057, 228.721, 0.022, 274.906, 0.064, 215.293, 0.021, 264.097, 0.052, 212.781, 0.022, 253.66, 0.048, 209.699, 0.021, 248.441, 0.032, 213.257, 0.015, 265.647, 0.066,
036-psn08ABBAa1, 8.311030, 0.000693138888889, 235.942, 0.013, 243.539, 0.03, 221.081, 0.015, 211.394, 0.017, 238.048, 0.042, 248.788, 0.029, 217.173, 0.016, 223.071, 0.026, 270.91, 0.028, 245.529, 0.028, 215.513, 0.016, 243.995, 0.026, 242.889, 0.038,
036-psn08ABBAb1, 9.560410, 0.000306446280992, 224.762, 0.022, 226.374, 0.04, 247.045, 0.049, 230.082, 0.023, 216.727, 0.023, 244.389, 0.04, 272.556, 0.062, 227.926, 0.021, 228.207, 0.023, 246.513, 0.05, 259.713, 0.058, 241.659, 0.024,
036-psn09ABABa1, 9.622980, 0.000341685950413, 214.519, 0.047, 209.087, 0.031, 238.024, 0.049, 232.363, 0.035, 261.009, 0.05, 252.039, 0.018, 234.128, 0.052, 214.106, 0.034, 274.308, 0.054, 214.349, 0.022, 270.449, 0.045, 236.395, 0.027,
036-psn09ABABb1, 10.012900, 0.000619785123967, 254.198, 0.022, 264.25, 0.025, 262.742, 0.027, 228.063, 0.024, 212.27, 0.035, 257.15, 0.037, 208.55, 0.025, 241.981, 0.034, 255.737, 0.018, 279.223, 0.038, 234.199, 0.025, 270.723, 0.047,
036-psn09ABBAa1, 9.402720, 0.000809421487603, 290.116, 0.045, 256.433, 0.026, 221.407, 0.009, 270.498, 0.057, 244.841, 0.042, 196.577, 0.036, 258.793, 0.029, 268.77, 0.057, 250.134, 0.044, 224.815, 0.027, 249.024, 0.033, 280.758, 0.072,
036-psn09ABBAb1, 9.007400, 0.000771520661157, 249.846, 0.042, 277.083, 0.061, 247.569, 0.056, 233.694, 0.026, 257.298, 0.022, 226.454, 0.04, 262.517, 0.057, 192.218, 0.032, 208.949, 0.025, 262.091, 0.047, 239.43, 0.059, 200.781, 0.028,
036-psn10ABABa1, 9.232770, 0.00152435416667, 256.633, 0.039, 274.729, 0.023, 237.455, 0.045, 266.855, 0.023, 233.014, 0.033, 263.292, 0.024, 245.794, 0.045, 287.817, 0.027, 112.325, 0.045, 205.256, 0.021, 232.23, 0.024, 230.563, 0.047, 239.331, 0.016,
036-psn10ABABb1, 9.130540, 0.00032649, 253.954, 0.027, 229.203, 0.041, 239.976, 0.025, 243.388, 0.043, 220.577, 0.054, 246.229, 0.055, 243.842, 0.021, 270.567, 0.067, 220.925, 0.029, 257, 0.057, 251.442, 0.04,
036-psn10ABBAa1, 10.210600, 0.000392925619835, 234.272, 0.045, 248.95, 0.026, 252.459, 0.028, 266.263, 0.042, 255.802, 0.043, 236.67, 0.027, 252.328, 0.016, 248.569, 0.067, 248.268, 0.036, 236.476, 0.025, 232.148, 0.019, 246.947, 0.054,
036-psn10ABBAb1, 9.387950, 0.000864181818182, 219.781, 0.029, 220.313, 0.035, 240.844, 0.05, 270.259, 0.034, 268.224, 0.027, 273.863, 0.058, 268.701, 0.046, 229.653, 0.014, 218.578, 0.024, 256.348, 0.042, 265.88, 0.058, 249.232, 0.024,
036-psn11ABABa1, 8.906260, 0.000348975206612, 280.307, 0.044, 220.272, 0.023, 242.171, 0.044, 207.58, 0.029, 226.383, 0.049, 215.609, 0.028, 232.282, 0.051, 217.638, 0.044, 199.63, 0.029, 219, 0.024, 205.54, 0.039, 217.199, 0.04,
036-psn11ABABb1, 8.642990, 0.000329834710744, 275.43, 0.023, 254.802, 0.065, 207.564, 0.035, 246.947, 0.062, 215.212, 0.029, 235.956, 0.05, 224.833, 0.039, 215.634, 0.076, 217.219, 0.041, -180.658, 0.018, 179.144, 0.005, 235.221, 0.045,
036-psn11ABBAa1, 9.165020, 0.000860181818182, 240.929, 0.056, 244.101, 0.029, 260.894, 0.026, 289.321, 0.097, 235.107, 0.049, 242.852, 0.037, 236.903, 0.031, 260.497, 0.054, 233.61, 0.047, 263.523, 0.037, 236.988, 0.027, 237.922, 0.066,
036-psn11ABBAb1, 8.909710, 0.000188016528926, 265.578, 0.045, 217.397, 0.051, 242.92, 0.057, 209.862, 0.044, 202.238, 0.04, 254.187, 0.063, 169.366, 0.045, 181.807, 0.021, 219.122, 0.039, 231.548, 0.055, 224.61, 0.074, 183.802, 0.028,
036-psn12ABABa1, 9.543890, 0.000265520661157, 237.706, 0.042, 170.172, 0.016, 250.631, 0.04, 176.196, 0.027, 250.209, 0.042, 203.011, 0.031, 271.724, 0.056, 202.725, 0.034, 252.917, 0.048, 201.33, 0.026, 251.643, 0.064, 246.966, 0.029,
036-psn12ABABb1, 9.179840, 0.00041132231405, 213.86, 0.029, 279.32, 0.044, 174.103, 0.017, 250.341, 0.041, 171.581, 0.035, 246.612, 0.035, 234.262, 0.023, 231.883, 0.033, 191.417, 0.033, 261.922, 0.033, 213.164, 0.036, 217.228, 0.044,
036-psn12ABBAa1, 9.823390, 0.000149157024793, 245.444, 0.053, 217.493, 0.032, 204.987, 0.021, 267.213, 0.052, 249.449, 0.049, 205.696, 0.031, 191.212, 0.023, 241.615, 0.08, 250.736, 0.057, 208.162, 0.03, 247.701, 0.037, 273.986, 0.081,
036-psn12ABBAb1, 10.028300, 0.00017125, 203.613, 0.031, 251.657, 0.062, 236.781, 0.06, 250.534, 0.026, 193.647, 0.033, 207.315, 0.053, 257.441, 0.047, 249.074, 0.032, -192.626, 0.016, 236.093, 0.077, 224.531, 0.057,
