015-pdm01ABABa1, 8.289570, 0.000819504132231, -201.191, 0.156, 257.245, 0.062, 220.621, 0.013, 236.591, 0.078, 241.541, 0.017, 252.556, 0.07, 229.113, 0.012, 219.626, 0.061, 273.835, 0.012, 245.768, 0.056, 228.431, 0.02, 225.899, 0.07,
015-pdm01ABABb1, 8.592970, 0.000911239669421, 236.515, 0.06, 238.026, 0.012, 260.222, 0.06, 196.36, 0.02, 269.695, 0.06, 254.257, 0.016, 234.696, 0.062, 209.723, 0.012, 191.172, 0.049, 246.763, 0.016, 236.91, 0.06, 227.132, 0.013,
015-pdm01ABBAa1, 8.803420, 0.000821421487603, -143.625, 0.279, 246.207, 0.051, -207.242, 0.091, 209.122, 0.012, 204.711, 0.015, 260.692, 0.063, 261.654, 0.066, 236.583, 0.013, 228.926, 0.016, 268.989, 0.064, 239.334, 0.053, 200.418, 0.02,
015-pdm01ABBAb1, 8.773390, 0.000584231404959, 149.703, 0.064, 208.826, 0.015, 221.527, 0.014, 235.75, 0.057, 212.573, 0.063, 226.476, 0.024, 174.625, 0.007, 223.142, 0.06, 182.061, 0.048, 210.11, 0.021, 258.115, 0.014, 246.014, 0.099,
015-pdm02ABABa1, 9.672930, 0.00183401652893, 203.49, 0.199, 241.945, 0.041, 236.242, 0.011, 201.374, 0.042, 251.091, 0.017, 217.771, 0.005, 230.47, 0.016, 230.237, 0.043, 244.323, 0.015, 245.596, 0.05, 236.5, 0.017, 244.556, 0.035,
015-pdm02ABABb1, 10.221400, 0.000282561983471, 208.815, 0.093, -183.658, 0.079, 234.582, 0.057, -210.473, 0.076, 251.457, 0.06, 228.923, 0.011, 260.35, 0.055, 204.361, 0.011, 273.646, 0.07, 241.563, 0.01, 255.806, 0.055, 236.229, 0.01,
015-pdm02ABBAa1, 9.488660, 0.00116642975207, 172.645, 0.167, 239.857, 0.048, 259.242, 0.044, 244.236, 0.013, 234.189, 0.012, 244.453, 0.041, 257.501, 0.045, 204.808, 0.012, 244.369, 0.011, 265.5, 0.061, 266.078, 0.046, 226.73, 0.011,
015-pdm02ABBAb1, 10.108300, 0.00125419834711, 232.474, 0.434, 198.653, 0.02, 213.973, 0.013, 250.373, 0.06, 265.842, 0.046, -219.208, 0.074, 225.618, 0.012, 291.268, 0.098, 283.508, 0.069, 234.568, 0.013, -228.846, 0.074, 279.162, 0.037,
015-pdm03ABABa1, 8.700190, 0.000814231404959, -166.765, 0.092, 202.884, 0.056, -148.36, 0.073, 237.146, 0.08, 253.806, 0.011, 214.792, 0.046, 256.182, 0.011, 233.55, 0.059, 214.587, 0.018, 231.872, 0.085, -193.221, 0.082, 219.192, 0.058,
015-pdm03ABABb1, 8.262930, 0.00293114049587, 212.863, 0.489, 219.613, 0.012, 216.414, 0.053, 163.725, 0.017, 254.19, 0.068, 199.657, 0.012, 233.274, 0.055, 221.06, 0.01, 237.985, 0.063, 195.695, 0.022, 233.953, 0.056, 204.329, 0.009,
015-pdm03ABBAa1, 9.861710, 0.000873421487603, -165.914, 0.125, 201.578, 0.053, 208.978, 0.048, 199.289, 0.019, 238.413, 0.055, 228.273, 0.038, 213.272, 0.043, 241.848, 0.013, 229.354, 0.01, 259.132, 0.062, 195.246, 0.037, 207.937, 0.019,
015-pdm03ABBAb1, 9.112840, 0.00369550413223, 193.197, 0.45, 211.904, 0.012, 218.11, 0.006, 248.347, 0.08, 264.43, 0.056, 228.488, 0.012, 251.137, 0.011, 247.281, 0.088, 247.347, 0.061, -148.702, 0.149, 218.114, 0.012, 280.423, 0.067,
015-pdm04ABABa1, 9.961290, 0.000224231404959, -136.434, 0.014, 213.979, 0.053, 175.717, 0.012, 217.481, 0.06, -200.349, 0.077, 194.134, 0.052, 221.095, 0.009, 232.94, 0.054, 222.613, 0.021, 211.901, 0.067, 239.352, 0.015, 162.381, 0.13,
015-pdm04ABABb1, 9.831820, 0.000293355371901, 218.989, 0.104, 200.847, 0.012, 217.972, 0.056, 182.781, 0.023, 203.434, 0.06, -199.391, 0.074, 221.536, 0.058, -191.289, 0.07, 215.743, 0.065, -211.511, 0.074, 208.367, 0.054, 211.941, 0.018,
015-pdm04ABBAa1, 10.042700, 0.000228611570248, 201.948, 0.012, 197.069, 0.049, 214.579, 0.059, 188.357, 0.013, 246.208, 0.012, 221.135, 0.076, 187.469, 0.053, -185.405, 0.074, -200.896, 0.074, 217.687, 0.13, 247.257, 0.079, 219.656, 0.016,
015-pdm04ABBAb1, 10.207700, 0.000283537190083, 187.113, 0.096, -196.18, 0.081, 193.961, 0.012, 214.885, 0.069, 198.614, 0.037, 199.766, 0.013, 195.421, 0.013, 191.259, 0.057, -204.31, 0.115, 242.502, 0.011, 202.058, 0.019, 219.87, 0.069,
015-pdm05ABABa1, 9.254910, 0.00031532231405, 257.966, 0.017, 152.666, 0.031, 223.758, 0.023, 252.782, 0.079, 228.192, 0.021, 232.25, 0.068, -189.749, 0.08, 229.076, 0.106, 243.152, 0.006, 233.341, 0.078, 197.362, 0.023, 212.525, 0.093,
015-pdm05ABABb1, 9.281580, 0.000520049586777, 259.836, 0.03, -194.307, 0.082, 185.473, 0.092, -178.792, 0.068, 240.128, 0.077, 188.922, 0.023, 182.869, 0.088, -188.227, 0.077, 199.274, 0.08, -176.257, 0.069, 220.276, 0.062, 159.924, 0.091,
015-pdm05ABBAa1, 9.442690, 0.000313107438017, -216.654, 0.082, 237.661, 0.089, 218.182, 0.063, 197.982, 0.013, 200.524, 0.005, 139.663, 0.005, 249.953, 0.068, 180.478, 0.005, 196.353, 0.005, 134.08, 0.09, 157.875, 0.094, 213.257, 0.007,
015-pdm05ABBAb1, 3.951990, 0.101938264463, 144.285, 0.4, 144.244, 0.122, 144.388, 0.407, 169.701, 0.366, 86.6241, 0.005, 121.507, 0.006, 143.479, 0.053, 172.005, 0.07, 105.274, 0.006, 155.519, 0.026, 226.921, 0.007, 133.281, 0.136,
015-pdm06ABABa1, 8.323980, 0.00109824793388, 197.702, 0.076, 160.05, 0.069, -158.966, 0.072, 200.172, 0.067, 198.554, 0.017, 217.163, 0.083, 206.63, 0.007, 153.352, 0.08, 212.222, 0.014, 224.631, 0.066, 233.512, 0.014, 204.736, 0.076,
015-pdm06ABABb1, 9.052330, 0.00115768595041, 239.892, 0.045, 199.475, 0.014, 223.981, 0.081, 202.696, 0.018, 223.976, 0.086, 176.331, 0.021, 238.125, 0.076, 204.1, 0.023, 204.973, 0.108, 204.202, 0.019, 193.079, 0.073, 204.753, 0.021,
015-pdm06ABBAa1, 8.846240, 0.00104578512397, -207.553, 0.078, 203.138, 0.061, 245.887, 0.052, -203.389, 0.078, 211.963, 0.023, 169.415, 0.085, 221.215, 0.07, -165.641, 0.089, 210.761, 0.02, 151.79, 0.005, 230.822, 0.09, 170.021, 0.079,
015-pdm06ABBAb1, 8.830650, 0.000505421487603, -254.27, 0.137, 197.347, 0.019, 203.833, 0.023, 239.204, 0.082, -192.208, 0.084, 186.633, 0.076, 206.942, 0.027, 195.089, 0.068, -220.038, 0.126, -182.314, 0.083, 225.146, 0.025, 215.258, 0.072,
015-pdm07ABABa1, 8.241930, 0.000516628099174, 200.899, 0.013, 197.224, 0.098, -198.931, 0.005, 182.979, 0.098, 240.972, 0.02, 260.109, 0.082, 211.093, 0.022, 230.179, 0.055, 239.985, 0.015, 242.852, 0.032, 210.478, 0.026, 195.386, 0.059,
015-pdm07ABABb1, 8.018340, 0.00380423140496, 162.221, 0.401, 242.167, 0.019, 167.198, 0.073, 257.179, 0.014, 224.838, 0.054, 237.148, 0.013, 245.811, 0.059, 213.549, 0.014, 263.455, 0.038, 250.128, 0.015, 219.814, 0.034, 262.581, 0.015,
015-pdm07ABBAa1, 7.960950, 0.00347651239669, 182.874, 0.258, 230.488, 0.109, 226.957, 0.065, 200.066, 0.028, 205.9, 0.019, 226.668, 0.058, 240.216, 0.063, -239.756, 0.076, 228.196, 0.013, 236.773, 0.059, 242.284, 0.09, 147.614, 0.067,
015-pdm07ABBAb1, 8.409830, 0.00131717355372, 172.176, 0.2, 204.928, 0.02, 203.238, 0.013, 273.877, 0.094, 211.081, 0.051, 251.399, 0.015, 237.166, 0.013, 189.418, 0.078, 199.6, 0.091, 226.573, 0.014, 267.026, 0.015, 275.771, 0.071,
015-pdm08ABABa1, 8.541550, 0.000433603305785, -166.317, 0.083, 314.457, 0.068, 235.038, 0.015, 252.53, 0.049, 278.195, 0.015, 277.504, 0.074, 216.659, 0.022, 258.843, 0.064, 237.638, 0.02, 248.992, 0.071, 233.444, 0.014, 261.785, 0.052,
015-pdm08ABABb1, 8.487380, 0.000502148760331, 208.499, 0.144, 265.791, 0.014, 294.291, 0.074, 190.766, 0.023, 276.608, 0.061, 250.676, 0.019, 299.968, 0.073, 218.596, 0.024, 320.947, 0.076, 244.709, 0.02, 312.912, 0.075, 216.672, 0.021,
015-pdm08ABBAa1, 8.929440, 0.000206330578512, -173.629, 0.074, 301.183, 0.056, 314.475, 0.066, 244.937, 0.014, 201.998, 0.023, 303.518, 0.069, 285.996, 0.067, 247.691, 0.02, 209.756, 0.015, 306.803, 0.064, 277.672, 0.066, 224.554, 0.022,
015-pdm08ABBAb1, 8.741820, 0.000146231404959, 215.283, 0.066, 227.049, 0.013, -170.226, 0.091, 297.669, 0.074, 287.493, 0.079, 230.337, 0.023, 229.605, 0.024, 324.854, 0.083, 287.114, 0.067, 181.609, 0.016, 207.034, 0.02, 319.739, 0.076,
015-pdm09ABABa1, 9.475630, 0.00127753719008, 189.7, 0.137, 235.154, 0.058, 223.655, 0.02, 217.64, 0.121, 215.208, 0.026, 221.271, 0.068, 213.85, 0.032, 220.407, 0.048, 225.866, 0.022, 250.569, 0.046, 206.224, 0.034, 178.385, 0.064,
015-pdm09ABABb1, 2.914810, 0.224542512397, 158.314, 0.397, 131.615, 0.067, 175.85, 0.123, 118.09, 0.216, 134.463, 0.039, 132.31, 0.249, 133.79, 0.159, 140.252, 0.304, 145.206, 0.041, 130.442, 0.058, 129.037, 0.041, 115.725, 0.028,
015-pdm09ABBAa1, 9.263480, 0.00347661157025, 189.576, 0.224, 277.017, 0.055, 221.466, 0.053, 244.292, 0.027, 223.837, 0.017, 228.096, 0.064, 201.72, 0.05, 224.318, 0.026, 279.526, 0.025, 252.645, 0.093, 248.073, 0.062, 258.24, 0.026,
015-pdm09ABBAb1, 9.863880, 0.000304694214876, 269.693, 0.066, 222.702, 0.021, 192.62, 0.029, 271.346, 0.074, 239.893, 0.065, 261.435, 0.034, 231.961, 0.024, 259.28, 0.078, 194.512, 0.053, 215.73, 0.05, 222.149, 0.025, 223.585, 0.078,
015-pdm10ABABa1, 8.431420, 0.0015958677686, 196.191, 0.005, 315.931, 0.077, 254.196, 0.035, 284.415, 0.065, 245.439, 0.026, 281.379, 0.074, 217.72, 0.03, 317.207, 0.092, 208.542, 0.045, 296.803, 0.075, 228.536, 0.023, 292.237, 0.05,
015-pdm10ABABb1, 11.042200, 0.00582401652893, 228.504, 0.147, 207.843, 0.008, 239.063, 0.02, 194.614, 0.008, 255.627, 0.094, 241.201, 0.031, 292.799, 0.068, -157.196, 0.008, 201.961, 0.021, -180.879, 0.012, 296.749, 0.098, 224.889, 0.034,
015-pdm10ABBAa1, 8.281930, 0.000613603305785, 180.248, 0.005, 268.907, 0.075, 283.453, 0.071, 231.749, 0.026, 221.818, 0.037, 294.006, 0.088, 295.315, 0.083, 234.228, 0.022, 232.846, 0.035, 315.636, 0.092, 302.962, 0.085, 260.037, 0.029,
015-pdm10ABBAb1, 8.346970, 0.000696809917355, 257.75, 0.096, 227.161, 0.026, 225.78, 0.04, 317.251, 0.095, 302.597, 0.093, 269.698, 0.037, 228.941, 0.043, 292.217, 0.083, 290.423, 0.079, 203.146, 0.02, 251.553, 0.039, 298.05, 0.081,
015-pdm11ABABa1, 8.559250, 0.000607107438017, 196.513, 0.013, 266.568, 0.066, 242.189, 0.019, 233.431, 0.053, 269.302, 0.027, 250.52, 0.041, 244.524, 0.015, 205.91, 0.046, 224.699, 0.04, 249.97, 0.042, 245.359, 0.021, 243.662, 0.047,
015-pdm11ABABb1, 8.461420, 0.000534247933884, 290.958, 0.065, 222.975, 0.03, 285.981, 0.054, 258.137, 0.023, 232.568, 0.062, 240.899, 0.032, 269.536, 0.051, 243.779, 0.026, 253.682, 0.069, 236.179, 0.02, 278.814, 0.063, 194.136, 0.021,
015-pdm11ABBAa1, 8.630530, 0.00162790082645, -147.862, 0.06, 244.526, 0.054, 265.194, 0.052, 239.985, 0.019, 226.834, 0.023, 235.19, 0.073, 265.277, 0.177, 239.716, 0.023, 219.989, 0.03, 266.304, 0.053, 280.83, 0.041, 253.983, 0.014,
015-pdm11ABBAb1, 8.482850, 0.000344809917355, 299.238, 0.065, 215.933, 0.019, 205.086, 0.029, 259.924, 0.069, 271.919, 0.056, 220.827, 0.023, 222.207, 0.022, 268.919, 0.063, 250.806, 0.046, 209.25, 0.025, 231.169, 0.035, 278.482, 0.08,
015-pdm12ABABa1, 8.466150, 0.000778330578512, -187.423, 0.093, 269.514, 0.065, 234.236, 0.032, 253.758, 0.078, 196.476, 0.03, 181.981, 0.089, 186.603, 0.02, 259.645, 0.07, 282.553, 0.028, 245.496, 0.038, 201.425, 0.035, 261.128, 0.087,
015-pdm12ABABb1, 8.947320, 0.000851157024793, 294.442, 0.09, -173.471, 0.092, 267.96, 0.076, 199.11, 0.03, 283.63, 0.08, 204.92, 0.021, 265.797, 0.079, 162.372, 0.036, 290.499, 0.08, 228.35, 0.028, 250.699, 0.08, 193.379, 0.029,
015-pdm12ABBAa1, 8.914400, 0.000220082644628, 230.4, 0.034, 248.256, 0.071, 264.883, 0.07, 220.647, 0.034, 247.285, 0.028, 272.055, 0.099, 287.346, 0.07, 184.709, 0.03, 250.07, 0.027, 280.717, 0.095, 270.171, 0.065, 248.86, 0.028,
015-pdm12ABBAb1, 9.115600, 0.000347884297521, 262.731, 0.077, 248.777, 0.03, 220.039, 0.042, 268.513, 0.09, 274.778, 0.069, 213.099, 0.029, 234.516, 0.039, 271.443, 0.095, 288.882, 0.072, 288.321, 0.029, 250.184, 0.034, 267.666, 0.064,
015-pdn01ABABa1, 8.952220, 0.00113804958678, -197.747, 0.074, 249.041, 0.077, 245.174, 0.011, 180.405, 0.005, 227.312, 0.013, 262.382, 0.07, 226.548, 0.012, 235.717, 0.049, 265.875, 0.011, 253.304, 0.049, 243.126, 0.013, 252.345, 0.067,
015-pdn01ABABb1, 8.292510, 0.000367702479339, 276.689, 0.037, 231.983, 0.016, 252.86, 0.038, 281.841, 0.011, 270.792, 0.047, 188.78, 0.013, 220.029, 0.028, 213.392, 0.012, 265.253, 0.039, 219.771, 0.011, 279.457, 0.037, 257.385, 0.013,
015-pdn01ABBAa1, 9.227910, 0.000450958677686, -222.017, 0.069, 274.572, 0.058, 289.522, 0.041, 229.722, 0.011, 235.561, 0.013, 280.746, 0.057, 289.201, 0.044, -232.488, 0.075, 265.557, 0.012, 256.303, 0.054, 274.746, 0.03, 247.205, 0.012,
015-pdn01ABBAb1, 9.369630, 0.000166958677686, 202.169, 0.055, 220.848, 0.02, 227.781, 0.02, 252.791, 0.066, 232.998, 0.052, -208.891, 0.081, 197.098, 0.014, 268.134, 0.062, 210.906, 0.042, 232.833, 0.012, 228.114, 0.012, 245.877, 0.076,
015-pdn02ABABa1, 9.583050, 0.000333884297521, 175.884, 0.009, 283.234, 0.05, 214.477, 0.017, -220.428, 0.135, 251.333, 0.015, 268.593, 0.052, -179.198, 0.076, 254.249, 0.038, 205.519, 0.011, 268.784, 0.057, 214.127, 0.011, 275.208, 0.044,
015-pdn02ABABb1, 9.266160, 0.000471834710744, 212.66, 0.066, 204.194, 0.021, 280.799, 0.064, 184.915, 0.02, 328.254, 0.062, 206.427, 0.013, 281.364, 0.067, 176.256, 0.028, 321.342, 0.041, 202.229, 0.013, 313.863, 0.058, 217.402, 0.014,
015-pdn02ABBAa1, 9.352620, 0.00019879338843, 183.05, 0.007, 284.662, 0.069, 303.384, 0.04, 234.063, 0.012, 227.189, 0.015, 293.563, 0.049, 281.895, 0.042, 224.236, 0.014, -195.446, 0.081, 290.902, 0.056, 296.77, 0.056, 224.843, 0.013,
015-pdn02ABBAb1, 9.359280, 0.000161157024793, 217.572, 0.057, 199.858, 0.01, 197.123, 0.012, 286.114, 0.078, 285.249, 0.065, 208.465, 0.012, 176.264, 0.019, 255.526, 0.05, 281.171, 0.072, 226.894, 0.012, 201.991, 0.012, 277.032, 0.092,
015-pdn03ABABa1, 8.686740, 0.000922694214876, 212.961, 0.013, 209.436, 0.061, 225.312, 0.009, 166.3, 0.066, -214.135, 0.078, 261.391, 0.07, 228.04, 0.01, 209.413, 0.015, 182.735, 0.25, 256.02, 0.051, 242.067, 0.018, 226.607, 0.076,
015-pdn03ABABb1, 8.721290, 0.00135550413223, 177.613, 0.053, 223.218, 0.011, 231.949, 0.064, -191.701, 0.061, 112.384, 0.134, 217.688, 0.011, 249.488, 0.065, 231.366, 0.01, 240.719, 0.068, 211.576, 0.01, 252.31, 0.065, 198.867, 0.01,
015-pdn03ABBAa1, 8.783430, 0.000458049586777, 186.445, 0.019, 227.688, 0.068, 202.672, 0.052, 196.36, 0.022, 200.479, 0.021, 221.978, 0.046, 240.676, 0.08, 258.717, 0.012, 252.496, 0.019, 261.642, 0.072, -209.264, 0.1, 198.625, 0.02,
015-pdn03ABBAb1, 8.810310, 0.000599652892562, 177.521, 0.085, 203.619, 0.017, -230.647, 0.082, 241.73, 0.072, 231.786, 0.046, 247.037, 0.012, 223.195, 0.016, 184.97, 0.087, 269.576, 0.05, 228.332, 0.011, -191.498, 0.079, 237.732, 0.057,
015-pdn04ABABa1, 8.732210, 0.000377421487603, -186.327, 0.08, 238.255, 0.058, 261.75, 0.011, 235.622, 0.038, 273.96, 0.011, 235.807, 0.035, -219.456, 0.07, 247.079, 0.096, 249.729, 0.016, 239.799, 0.064, 278.769, 0.016, 235.843, 0.055,
015-pdn04ABABb1, 7.820540, 0.0012598677686, 239.561, 0.055, -205.577, 0.081, 241.664, 0.064, 247.068, 0.017, 295.231, 0.071, 204.768, 0.018, 246.773, 0.068, 225.385, 0.024, 263.595, 0.07, 235.358, 0.016, 245.469, 0.069, 249.683, 0.021,
015-pdn04ABBAa1, 8.571430, 0.000810231404959, -192.661, 0.083, 248.762, 0.06, 221.004, 0.054, 230.268, 0.022, 192.921, 0.022, 246.544, 0.066, 214.335, 0.061, -207.312, 0.08, 207.002, 0.029, 227.378, 0.058, 210.277, 0.072, 235.466, 0.016,
015-pdn04ABBAb1, 8.668660, 0.000383157024793, 199.805, 0.064, -208.893, 0.08, 243.993, 0.017, 262.332, 0.084, 236.944, 0.065, 247.581, 0.013, 256.667, 0.015, 253.624, 0.08, 169.789, 0.093, 252.455, 0.011, 247.052, 0.013, 233.317, 0.09,
015-pdn05ABABa1, 9.640580, 0.000241520661157, 211.069, 0.024, 237.007, 0.038, 241.284, 0.013, 206.344, 0.048, 227.538, 0.019, 210.427, 0.047, 225.495, 0.022, 196.247, 0.087, 203.456, 0.014, 267.076, 0.091, 211.529, 0.016, 243.866, 0.065,
015-pdn05ABABb1, 8.901720, 0.000711355371901, 222.702, 0.125, 201.297, 0.006, 144.106, 0.005, 184.007, 0.016, 159.065, 0.069, 227.643, 0.012, 217.426, 0.058, 191.32, 0.02, 210.818, 0.069, 197.767, 0.006, 208.703, 0.061, 185.412, 0.021,
015-pdn05ABBAa1, 9.746480, 0.000282446280992, 227.896, 0.015, 232.526, 0.099, 227.41, 0.053, -199.098, 0.077, 182.427, 0.025, 166.863, 0.093, 196.706, 0.061, 155.828, 0.045, -170.988, 0.089, 168.678, 0.099, 235.265, 0.07, 189.258, 0.022,
015-pdn05ABBAb1, 9.593810, 0.000291867768595, 209.64, 0.095, 197.623, 0.019, 212.916, 0.013, 234.402, 0.091, 173.254, 0.063, 199.432, 0.031, 184.721, 0.025, 183.626, 0.093, -202.536, 0.095, -201.084, 0.086, 205.258, 0.024, 176.652, 0.099,
015-pdn06ABABa1, 8.583790, 0.000408694214876, -205.752, 0.082, 234.05, 0.056, 214.642, 0.012, 159.617, 0.066, 248.717, 0.02, 215.751, 0.065, 258.915, 0.013, 213.341, 0.056, 224.977, 0.019, 215.128, 0.043, 254.924, 0.014, 249.019, 0.048,
015-pdn06ABABb1, 6.927490, 0.00459492561983, 245.368, 0.483, 202.894, 0.005, 228.056, 0.057, -197.639, 0.074, 189.005, 0.059, 169.64, 0.018, 224.786, 0.062, 250.934, 0.007, 235.112, 0.253, 243.109, 0.014, 230.955, 0.047, 234.313, 0.02,
015-pdn06ABBAa1, 8.142830, 0.000926049586777, -218.577, 0.133, 173.217, 0.065, 237.252, 0.036, 209.92, 0.018, 223.179, 0.013, 209.031, 0.085, 233.768, 0.021, 233.599, 0.019, 245.772, 0.012, 265.629, 0.097, 256.522, 0.036, 216.511, 0.025,
015-pdn06ABBAb1, 8.167860, 0.000754975206612, 282.732, 0.078, 177.253, 0.018, 200.716, 0.014, 182.828, 0.077, 225.889, 0.119, 222.328, 0.013, 204.623, 0.018, 147.136, 0.077, -195.728, 0.047, 165.317, 0.087, 259.047, 0.011, 257.813, 0.067,
015-pdn07ABABa1, 8.308850, 0.000808429752066, 203.52, 0.013, 259.379, 0.033, 220.265, 0.013, 245.586, 0.031, 254.339, 0.015, 228.886, 0.027, 218.862, 0.014, 225.249, 0.048, 262.398, 0.019, 201.13, 0.055, 207.853, 0.013, 219.268, 0.05,
015-pdn07ABABb1, 7.455970, 0.00376771900826, 147.566, 0.3, 250.997, 0.013, 185.969, 0.084, 196.615, 0.015, 155.186, 0.075, 204.976, 0.013, 171.121, 0.087, 180.687, 0.026, 194.505, 0.08, 188.009, 0.015, 259.46, 0.086, 174.049, 0.016,
015-pdn07ABBAa1, 8.531500, 0.000327785123967, -173.251, 0.105, 259.008, 0.065, 258.686, 0.061, 217.85, 0.014, 220.007, 0.02, 255.517, 0.077, 240.42, 0.026, 211.641, 0.013, 208.135, 0.013, 259.757, 0.066, 254.413, 0.039, 226.681, 0.015,
015-pdn07ABBAb1, 8.224990, 0.000740363636364, 286.42, 0.084, 235.085, 0.013, 216.182, 0.015, 294.129, 0.08, 257.917, 0.039, 212.702, 0.021, 210.465, 0.012, 167.384, 0.093, 213.105, 0.046, 223.513, 0.013, 230.564, 0.013, 249.238, 0.089,
015-pdn08ABABa1, 10.247300, 0.000133107438017, 200.896, 0.017, 266.856, 0.061, 266.956, 0.018, 297.745, 0.051, 261.807, 0.023, 293.786, 0.06, 288.647, 0.025, 282.582, 0.053, 252.048, 0.021, 293.397, 0.054, 259.158, 0.022, 271.986, 0.05,
015-pdn08ABABb1, 10.318800, 0.000141966942149, 308.448, 0.072, 202.399, 0.013, 290.407, 0.06, 267.102, 0.013, 294.331, 0.069, 235.099, 0.014, 310.369, 0.056, 238.568, 0.014, 280.963, 0.056, 268.933, 0.019, 288.631, 0.057, -231.337, 0.095,
015-pdn08ABBAa1, 10.436600, 0.000321140495868, -187.371, 0.005, 279.299, 0.067, 254.231, 0.06, 266.232, 0.022, 247.589, 0.022, 316.881, 0.069, 268.383, 0.064, 253.1, 0.032, 260.516, 0.023, 289.373, 0.078, 274.942, 0.068, 249.558, 0.015,
015-pdn08ABBAb1, 9.738950, 0.000168049586777, 237.279, 0.208, -186.85, 0.085, 238.506, 0.006, 309.653, 0.062, 309.334, 0.061, -215.786, 0.088, 247.589, 0.019, 295.129, 0.091, 303.099, 0.073, 234.27, 0.031, 249.976, 0.023, 266.448, 0.088,
015-pdn09ABABa1, 9.181290, 0.00218090909091, 264.215, 0.176, 245.082, 0.076, 230.305, 0.025, 255.516, 0.065, 237.179, 0.02, 272.937, 0.061, 218.628, 0.02, 250.861, 0.062, 221.31, 0.016, 262.761, 0.067, 214.823, 0.018, 228.666, 0.075,
015-pdn09ABABb1, 9.623340, 0.000323157024793, 304.324, 0.067, 203.135, 0.032, 215.766, 0.099, 225.182, 0.018, 245.917, 0.083, 274.293, 0.025, 206.378, 0.061, 213.807, 0.065, 265.243, 0.038, 219.411, 0.027, 210.816, 0.069, 207.132, 0.023,
015-pdn09ABBAa1, 9.765180, 0.000648, 230.289, 0.034, 209.706, 0.063, 223.246, 0.054, 217.801, 0.02, 221.595, 0.024, 210.49, 0.065, 229.774, 0.067, 240.544, 0.016, 218.515, 0.016, 255.707, 0.08, 224.132, 0.079, 166.833, 0.038,
015-pdn09ABBAb1, 9.051550, 0.00115588429752, 256.711, 0.198, 204.847, 0.026, 198.699, 0.027, 222.952, 0.074, 276.685, 0.061, 212.849, 0.028, 197.96, 0.027, 255.374, 0.087, 231.096, 0.051, 226.749, 0.017, 212.539, 0.026, 213.174, 0.086,
015-pdn10ABABa1, 9.763140, 0.00022079338843, -154.502, 0.082, 252.537, 0.066, 248.916, 0.03, 267.225, 0.073, 231.441, 0.028, 249.362, 0.073, 229.065, 0.016, 219.017, 0.073, 244.024, 0.025, 276.621, 0.059, 223.981, 0.022, 225.338, 0.074,
015-pdn10ABABb1, 9.963490, 0.000853140495868, 290.677, 0.071, -153.538, 0.09, 235.094, 0.066, 224.331, 0.031, 242.216, 0.066, 254.773, 0.025, 245.805, 0.079, 250.671, 0.028, 262.194, 0.072, 245.9, 0.031, 240.427, 0.067, 200.367, 0.026,
015-pdn10ABBAa1, 10.180400, 0.00022747107438, -143.941, 0.087, 236.269, 0.081, 255.256, 0.08, -146.387, 0.101, 231.058, 0.036, 296.529, 0.073, 230.708, 0.085, 221.384, 0.027, 256.06, 0.041, 257.374, 0.086, 261.141, 0.085, 272.08, 0.036,
015-pdn10ABBAb1, 10.142900, 0.000120082644628, 252.27, 0.08, 260.513, 0.048, 232.257, 0.024, 267.471, 0.066, 254.468, 0.069, 257.324, 0.026, 228.591, 0.028, 232.366, 0.072, 284.443, 0.052, 225.399, 0.023, 266.937, 0.03, 232.391, 0.089,
015-pdn11ABABa1, 9.074690, 0.00140295867769, 181.544, 0.127, 250.439, 0.052, 258.045, 0.024, 236.875, 0.059, 224.611, 0.023, 259.214, 0.056, 246.437, 0.021, 250.611, 0.068, 217.95, 0.03, 157.634, 0.062, 276.588, 0.023, 190.674, 0.117,
015-pdn11ABABb1, 8.943380, 0.00277451239669, 232.123, 0.499, 234.464, 0.027, 263.431, 0.057, 168.373, 0.025, 218.069, 0.072, 214.165, 0.029, 222.833, 0.071, 237.323, 0.028, 206.801, 0.07, 212.324, 0.028, 271.939, 0.053, 247.587, 0.024,
015-pdn11ABBAa1, 10.019700, 0.00025441322314, 247.105, 0.023, 245.991, 0.064, 268.175, 0.053, 224.776, 0.028, 273.125, 0.032, 273.085, 0.059, 262.159, 0.054, 252.141, 0.02, 244.813, 0.02, 252.164, 0.052, 222.624, 0.067, 285.32, 0.02,
015-pdn11ABBAb1, 9.945200, 0.000325537190083, 242.103, 0.061, 180.174, 0.028, 220, 0.029, 276.43, 0.067, 268.56, 0.058, 263.838, 0.027, 233.083, 0.035, 267.826, 0.067, 295.532, 0.061, 251.617, 0.022, 231.228, 0.028, 257.199, 0.049,
015-pdn12ABABa1, 9.713180, 0.000481140495868, 216.233, 0.128, 274.163, 0.069, 236.045, 0.034, 225.364, 0.058, 230.534, 0.036, 267.486, 0.063, 238.272, 0.028, 243.082, 0.061, 259.63, 0.026, 229.126, 0.06, 225.492, 0.025, 255.469, 0.062,
015-pdn12ABABb1, 9.497340, 0.000170876033058, 331.646, 0.076, 211.778, 0.04, 253.984, 0.084, 227.291, 0.03, 271.822, 0.082, 241.699, 0.029, 203.36, 0.069, 212.31, 0.031, 273.743, 0.101, 258.118, 0.039, 278.115, 0.091, 212.516, 0.027,
015-pdn12ABBAa1, 10.053300, 0.00119623140496, 199.805, 0.021, 198.824, 0.069, 260.281, 0.074, 217.217, 0.031, 269.423, 0.03, 254.924, 0.067, 282.675, 0.051, 239.994, 0.02, 249.767, 0.029, 242.358, 0.087, 176.838, 0.086, 204.647, 0.027,
015-pdn12ABBAb1, 9.902180, 0.000456561983471, 272.701, 0.087, 242.663, 0.038, 235.162, 0.029, 259.553, 0.073, 260.178, 0.066, 222.646, 0.018, 283.015, 0.027, 268.791, 0.107, 244.957, 0.08, 268.322, 0.024, 256.886, 0.071, 290.985, 0.079,
015-psm01ABABa1, 9.389650, 0.000241785123967, 285.855, 0.058, -204.521, 0.079, 260.567, 0.06, 173.735, 0.073, 238.874, 0.09, -230.694, 0.071, 249.263, 0.063, 195.304, 0.02, 239.644, 0.06, -216.701, 0.076, 262.026, 0.056, 240.14, 0.013,
015-psm01ABABb1, 8.090710, 0.0235709586777, 178.079, 0.053, 233.593, 0.057, 220.157, 0.011, -217.119, 0.096, 190.223, 0.011, -226.948, 0.116, 188.51, 0.011, -222.398, 0.091, -202.984, 0.08, 230.021, 0.038, 201.7, 0.017, 138.505, 0.039,
015-psm01ABBAa1, 9.607690, 0.000326925619835, 244.995, 0.062, -214.412, 0.079, -189.452, 0.075, 250.408, 0.076, 248.764, 0.052, -248.012, 0.075, -204.551, 0.075, 245.855, 0.078, 240.77, 0.076, -228.81, 0.073, 227.546, 0.012, 247.982, 0.088,
015-psm01ABBAb1, 9.457530, 0.000484561983471, -216.07, 0.082, 240.759, 0.077, 223.975, 0.102, 226.683, 0.011, 229.19, 0.018, 256.306, 0.07, 217.356, 0.042, -238.44, 0.073, -244.738, 0.071, 253.658, 0.076, 245.155, 0.054, 225.644, 0.013,
015-psm02ABABa1, 7.909380, 0.000651239669421, 260.754, 0.06, 184.513, 0.02, 226.578, 0.064, -193.646, 0.085, 203.458, 0.068, -228.849, 0.083, 225.747, 0.057, -211.019, 0.076, 230.028, 0.079, -218.302, 0.076, 216.43, 0.066, 192.649, 0.013,
015-psm02ABABb1, 9.055560, 0.000467421487603, 158.338, 0.022, 215.108, 0.052, -168.907, 0.077, 144.374, 0.065, -185.338, 0.082, 220.785, 0.076, -186.411, 0.082, 247.444, 0.069, -190.042, 0.09, 217.171, 0.079, 184.01, 0.031, 233.452, 0.064,
015-psm02ABBAa1, 8.828170, 0.000240809917355, 255.047, 0.072, -200.347, 0.086, 204.833, 0.011, 236.607, 0.069, 232.869, 0.055, 199.509, 0.008, 199.722, 0.011, 245.262, 0.148, 234.965, 0.065, 204.814, 0.012, -197.578, 0.081, 244.936, 0.076,
015-psm02ABBAb1, 8.882690, 0.000410743801653, -192.224, 0.086, 214.724, 0.055, 202.468, 0.048, -210.248, 0.091, 199.946, 0.011, 265.45, 0.062, -219.781, 0.098, -209.121, 0.08, -183.018, 0.08, 242.978, 0.072, 204.229, 0.096, 216.657, 0.016,
015-psm03ABABa1, 10.524800, 0.00056932231405, 232.47, 0.065, -197.384, 0.077, 235.696, 0.063, 236.126, 0.02, 263.648, 0.102, 251.968, 0.012, 247.902, 0.052, 205.898, 0.018, 288.304, 0.051, 248.912, 0.02, 274.307, 0.086, 248.715, 0.022,
015-psm03ABABb1, 7.247230, 0.00552697520661, 254.509, 0.389, 241.5, 0.034, 230.937, 0.014, 242.851, 0.03, 263.681, 0.011, 278.617, 0.038, 230.68, 0.009, 246.535, 0.038, 231.37, 0.012, 225.433, 0.029, 252.027, 0.012, 260.605, 0.426,
015-psm03ABBAa1, 10.063200, 0.000725504132231, 297.552, 0.058, 237.551, 0.013, 196.019, 0.012, 263.015, 0.065, 259.954, 0.053, 246.439, 0.017, 224.592, 0.016, 293.33, 0.063, 306.9, 0.07, 275.813, 0.013, 273.978, 0.012, 289.937, 0.084,
015-psm03ABBAb1, 10.215700, 0.0010514214876, 212.044, 0.012, 252.079, 0.069, 258.517, 0.045, 212.459, 0.012, 255.755, 0.012, 285.321, 0.085, 265.616, 0.081, 248.334, 0.014, 243.473, 0.013, 245.466, 0.068, 262.554, 0.065, -208.015, 0.083,
015-psm04ABABa1, 8.489970, 0.00134414876033, 189.071, 0.181, 193.837, 0.018, 215.766, 0.065, 194.34, 0.011, 210.462, 0.074, 208.307, 0.017, 209.24, 0.062, -180.845, 0.073, 200.25, 0.065, 205.278, 0.016, 228.407, 0.064, 180.445, 0.005,
015-psm04ABABb1, 9.177930, 0.00152226446281, 212.6, 0.167, 217.736, 0.058, 205.807, 0.017, 204.913, 0.049, 198.926, 0.018, 208.27, 0.057, 207.297, 0.013, 195.774, 0.047, 212.808, 0.019, 208.775, 0.064, 203.764, 0.011, 203.535, 0.041,
015-psm04ABBAa1, 9.328950, 0.00101571900826, 276.275, 0.05, 188.186, 0.015, -166.656, 0.077, 214.17, 0.057, 209.759, 0.049, -182.788, 0.079, 176.711, 0.005, 208.598, 0.074, 183.498, 0.03, -193.543, 0.005, 217.932, 0.011, 217.746, 0.064,
015-psm04ABBAb1, 9.382780, 0.000681504132231, 171.378, 0.005, 173.342, 0.038, 211.567, 0.039, 185.256, 0.024, 168.739, 0.016, 197.248, 0.068, 172.995, 0.031, -204.743, 0.044, 208.724, 0.011, 225.74, 0.075, 216.265, 0.066, 203.012, 0.01,
015-psm05ABABa1, 9.479780, 0.000412148760331, 302.945, 0.085, 212.603, 0.005, 261.261, 0.086, 221.687, 0.021, 268.477, 0.065, -170.618, 0.084, 278.64, 0.06, 229.223, 0.012, 286.343, 0.058, 190.535, 0.02, 237.655, 0.067, 240.021, 0.015,
015-psm05ABABb1, 9.226610, 0.000108776859504, 205.382, 0.013, 222.39, 0.062, 254.066, 0.019, 222.379, 0.061, 228.275, 0.017, 262.419, 0.056, 222.188, 0.015, 237.948, 0.06, 216.125, 0.015, 275.93, 0.054, 210.387, 0.023, 247.565, 0.049,
015-psm05ABBAa1, 10.022300, 0.000265520661157, 207.095, 0.028, 196.999, 0.007, 208.799, 0.02, 253.921, 0.085, 259.744, 0.057, 238.556, 0.02, 212.535, 0.024, 272.214, 0.083, 230.549, 0.075, 224.433, 0.024, 220.794, 0.025, 268.83, 0.079,
015-psm05ABBAb1, 9.653760, 0.000522380165289, 177.46, 0.187, 218.579, 0.081, 249.075, 0.082, 264.134, 0.021, 223.904, 0.022, 251.973, 0.103, 237.771, 0.049, 217.924, 0.021, 229.064, 0.015, 236.256, 0.083, 241.541, 0.063, 208.553, 0.019,
015-psm06ABABa1, 8.700030, 0.00166714049587, 199.553, 0.226, -204.496, 0.078, 249.364, 0.085, 206.064, 0.019, 264.875, 0.137, -188.215, 0.07, 233.603, 0.074, -188.914, 0.075, 221.467, 0.059, 206.868, 0.006, 222.803, 0.086, 211.218, 0.017,
015-psm06ABABb1, 8.839750, 0.00123297520661, -241.834, 0.08, 226.259, 0.067, -205.449, 0.085, 153.425, 0.083, 176.86, 0.012, 207.685, 0.039, -143.867, 0.081, 253.218, 0.059, 189.316, 0.021, 173.078, 0.1, 212.307, 0.005, 224.645, 0.082,
015-psm06ABBAa1, 8.788590, 0.000664429752066, 290.352, 0.073, -195.509, 0.076, 190.704, 0.018, 237.221, 0.092, 231.956, 0.063, -189.509, 0.087, 184.836, 0.018, 192.731, 0.096, 231.356, 0.045, 197.462, 0.014, 164.691, 0.017, 120.718, 0.083,
015-psm06ABBAb1, 8.795640, 0.00112517355372, 218, 0.018, 222.238, 0.052, 246.654, 0.068, 175.26, 0.023, -152.425, 0.089, 180.603, 0.1, 202.998, 0.071, 206.808, 0.012, 183.894, 0.019, 241.985, 0.088, 186.161, 0.092, 208.256, 0.018,
015-psm07ABABa1, 7.710540, 0.00591299173554, 206.542, 0.415, 206.375, 0.005, 263.528, 0.073, 223.997, 0.029, 189.195, 0.082, 254.351, 0.02, 258.638, 0.07, 225.511, 0.014, 210.73, 0.045, 193.851, 0.014, 224.338, 0.05, 250.784, 0.013,
015-psm07ABABb1, 9.160270, 0.000222694214876, 231.884, 0.016, 236.038, 0.082, 258.485, 0.015, 284.437, 0.067, 234.826, 0.018, 249.686, 0.07, 242.966, 0.016, 165.786, 0.036, 277.595, 0.017, 247.818, 0.07, 238.651, 0.015, 178.117, 0.057,
015-psm07ABBAa1, 8.404620, 0.000357504132231, 276.755, 0.101, 202.04, 0.017, 214.59, 0.012, 247.555, 0.088, 256.28, 0.072, 230.257, 0.005, 216.073, 0.014, 278.897, 0.075, 262.705, 0.071, 247.273, 0.023, 236.434, 0.014, 288.823, 0.08,
015-psm07ABBAb1, 8.174360, 0.00599127272727, 255.077, 0.334, 263.943, 0.085, 258.261, 0.075, 274.82, 0.022, 198.07, 0.021, 252.989, 0.076, 280.473, 0.072, 281.328, 0.021, 252.895, 0.021, 280.145, 0.074, 245.951, 0.062, 247.988, 0.022,
015-psm08ABABa1, 10.134300, 0.00146588429752, 269.887, 0.069, 248.904, 0.015, 290.99, 0.072, -229.658, 0.076, 292.641, 0.09, 205.783, 0.016, 265.028, 0.06, 252.245, 0.008, 277.603, 0.058, 217.45, 0.029, 165.503, 0.005, 266.194, 0.015,
015-psm08ABABb1, 9.649010, 0.00192408264463, 189.694, 0.146, 257.758, 0.06, 230.936, 0.018, 243.209, 0.031, 265.629, 0.019, 214.548, 0.091, 237.317, 0.012, 240.196, 0.061, 221.095, 0.014, 210.012, 0.042, 202.199, 0.014, 227.55, 0.038,
015-psm08ABBAa1, 8.938960, 0.0108548760331, 178.226, 0.497, 210.346, 0.012, 211.992, 0.019, 260.654, 0.07, 273.476, 0.036, 156.378, 0.005, 266.361, 0.014, 240.91, 0.071, 208.494, 0.008, 168.757, 0.005, 255.16, 0.014, 278.068, 0.051,
015-psm08ABBAb1, 10.342700, 0.000785355371901, -196.64, 0.078, 216.584, 0.068, 301.095, 0.062, 194.754, 0.023, 228.849, 0.02, 210.227, 0.066, 258.122, 0.069, 242.072, 0.006, 210.789, 0.005, 260.453, 0.091, 259.412, 0.062, -225.703, 0.076,
015-psm09ABABa1, 9.143250, 0.00088226446281, 197.735, 0.187, 248.442, 0.021, 203.938, 0.066, 213.655, 0.02, 206.87, 0.056, 270.719, 0.02, 235.842, 0.076, 218.924, 0.021, 246.932, 0.066, 253.273, 0.019, 244.568, 0.078, 226.983, 0.02,
015-psm09ABABb1, 9.148890, 0.00115644628099, 226.211, 0.005, 197.93, 0.088, 209.31, 0.025, 270.44, 0.084, 247.989, 0.033, 284.245, 0.101, 257.875, 0.019, 183.807, 0.093, 249.52, 0.034, 272.817, 0.101, 211.77, 0.019, 220.628, 0.095,
015-psm09ABBAa1, 9.242950, 0.0019633553719, 222.806, 0.076, 237.439, 0.025, 256.117, 0.02, 257.505, 0.089, 257.135, 0.062, 250.29, 0.018, 234.914, 0.017, 270.339, 0.101, 166.568, 0.05, 213.599, 0.026, 245.761, 0.028, 244.342, 0.076,
015-psm09ABBAb1, 9.155720, 0.000548727272727, 220.239, 0.025, 205.592, 0.091, 240.654, 0.067, 275.459, 0.018, 266.434, 0.023, 233.945, 0.085, 245.541, 0.067, 253.205, 0.019, 206.66, 0.022, 254.827, 0.103, 221.843, 0.088, 201.792, 0.023,
015-psm10ABABa1, 8.451100, 0.00110510743802, 225.476, 0.142, 219.682, 0.017, 243.285, 0.054, 256.365, 0.015, 236.237, 0.064, 245.294, 0.016, 212.263, 0.047, 150.028, 0.014, 244.458, 0.062, 245.575, 0.017, 265.411, 0.066, 159.447, 0.017,
015-psm10ABABb1, 9.073680, 0.000794066115702, 225.638, 0.226, 229.945, 0.051, 237.796, 0.015, 175.459, 0.054, 265.304, 0.023, 260.237, 0.063, 242.024, 0.017, 193.917, 0.121, 237.348, 0.023, 261.327, 0.083, 256.196, 0.016, 231.834, 0.1,
015-psm10ABBAa1, 9.002350, 0.0016574214876, 232.872, 0.247, 257.379, 0.02, 266.681, 0.02, 244.741, 0.076, 251.576, 0.053, 235.479, 0.018, 262.443, 0.018, 247.694, 0.059, 206.902, 0.076, 274.482, 0.017, 249.244, 0.02, 242.961, 0.091,
015-psm10ABBAb1, 9.816300, 0.000153338842975, 223.12, 0.026, 229.451, 0.072, 235.068, 0.056, 236.367, 0.021, 245.081, 0.021, 246.523, 0.084, 236.323, 0.071, 209.122, 0.023, 240.669, 0.019, 271.191, 0.065, 273.685, 0.074, 260.286, 0.022,
015-psm11ABABa1, 10.215300, 0.000218595041322, 307.95, 0.089, 250.07, 0.033, 251.838, 0.065, 271.181, 0.037, 241.708, 0.087, 263.728, 0.031, 237.154, 0.076, 212.171, 0.03, 254.766, 0.066, 195.291, 0.04, 260.363, 0.074, 272.178, 0.036,
015-psm11ABABb1, 11.097600, 0.011487107438, 100.519, 0.026, 97.1525, 0.02, 114.671, 0.035, 231.5, 0.091, 178.823, 0.03, 239.684, 0.075, 277.357, 0.027, 261.533, 0.096, 235.62, 0.028, 277.748, 0.085, 237.218, 0.026, 269.522, 0.057,
015-psm11ABBAa1, 8.435000, 0.000229272727273, 207.184, 0.153, 239.777, 0.024, 237.653, 0.021, 257.129, 0.072, 247.924, 0.065, 247.633, 0.029, 230.915, 0.03, 246.522, 0.066, 245.25, 0.072, 229.197, 0.036, 258.854, 0.032, 169.351, 0.074,
015-psm11ABBAb1, 10.247800, 0.000269537190083, -241.787, 0.133, 244.255, 0.074, 212.867, 0.085, 231.914, 0.025, -173.854, 0.021, 244.392, 0.087, 241.472, 0.087, 208.237, 0.022, 252.364, 0.023, 224.428, 0.094, 225.814, 0.067, 248.673, 0.019,
015-psm12ABABa1, 10.533700, 0.000422016528926, 203.796, 0.073, 238.404, 0.02, 286.334, 0.052, 270.971, 0.018, 246.445, 0.06, 217.289, 0.022, 259.092, 0.077, 232.947, 0.033, 290.779, 0.053, 234.441, 0.017, 245.88, 0.062, 272.572, 0.024,
015-psm12ABABb1, 10.137800, 0.00156892561983, 216.199, 0.019, 261.503, 0.08, 247.993, 0.027, 264.667, 0.066, 242.365, 0.026, -223.337, 0.125, 289.538, 0.021, 272.345, 0.054, 281.597, 0.027, 285.347, 0.063, 194.437, 0.036, 218.325, 0.028,
015-psm12ABBAa1, 9.799660, 0.000301867768595, 275.525, 0.083, 230.117, 0.025, 281.751, 0.029, 236.091, 0.078, 231.595, 0.064, 254.822, 0.018, 255.558, 0.029, 232.445, 0.062, 242.388, 0.062, 221.828, 0.036, 206.637, 0.033, 254.621, 0.104,
015-psm12ABBAb1, 9.900870, 0.000244247933884, 205.009, 0.025, 228.513, 0.08, 232.091, 0.056, 233.9, 0.028, 250.111, 0.038, 272.028, 0.076, 278.35, 0.03, 253.491, 0.026, 271.935, 0.025, 268.982, 0.039, 284.591, 0.057, 246.945, 0.027,
015-psn01ABABa1, 8.864100, 0.00039226446281, 261.543, 0.071, 214.251, 0.021, 218.596, 0.056, 264.693, 0.01, 240.491, 0.061, 197.805, 0.011, 224.819, 0.063, 224.193, 0.013, 234.18, 0.074, 235.026, 0.015, -206.667, 0.089, 218.381, 0.014,
015-psn01ABABb1, 8.658110, 0.000342066115702, -147.624, 0.071, 223.429, 0.064, 202.191, 0.017, 204.458, 0.059, 235.189, 0.01, 213.523, 0.074, -207.388, 0.078, 249.749, 0.053, 223.901, 0.02, 227.28, 0.043, 240.041, 0.011, 247.442, 0.07,
015-psn01ABBAa1, 8.658740, 0.000155504132231, 163.608, 0.075, 220.738, 0.025, 224.021, 0.021, 252.577, 0.067, 227.206, 0.055, 235.943, 0.01, 242.561, 0.01, 253.626, 0.063, 249.625, 0.05, 251.278, 0.016, 214.883, 0.011, 227.464, 0.035,
015-psn01ABBAb1, 8.824320, 0.000484975206612, 176.381, 0.019, 206.457, 0.063, 230.603, 0.069, 221.092, 0.02, 233.894, 0.011, 253.584, 0.077, 253.744, 0.083, 250.236, 0.02, 211.311, 0.012, 208.22, 0.051, 222.733, 0.058, 227.996, 0.013,
015-psn02ABABa1, 8.033880, 0.000765702479339, 194.958, 0.194, -191.372, 0.076, 238.194, 0.06, 223.365, 0.01, 249.876, 0.049, -117.648, 0.079, 225.528, 0.057, 240.451, 0.009, 254.529, 0.057, 198.464, 0.024, 195.763, 0.041, 211.763, 0.011,
015-psn02ABABb1, 8.629640, 0.00506626446281, 170.546, 0.06, 206.395, 0.062, -185.985, 0.075, 216.003, 0.074, -194.013, 0.074, 244.427, 0.058, -214.641, 0.079, 221.999, 0.066, 109.092, 0.193, 198.939, 0.055, 228.819, 0.012, 137.376, 0.108,
015-psn02ABBAa1, 9.429710, 0.000245107438017, 180.724, 0.073, 199.368, 0.013, 234.969, 0.038, 220.664, 0.081, 213.195, 0.063, 231.705, 0.01, 231.147, 0.011, 248.285, 0.076, 231.372, 0.062, 228.229, 0.02, 253.148, 0.019, 244.101, 0.071,
015-psn02ABBAb1, 9.186460, 0.000673785123967, -164.607, 0.081, 214.578, 0.062, 237.466, 0.058, -197.659, 0.078, 198.17, 0.013, 226.217, 0.069, 231.916, 0.058, -221.937, 0.077, 218.338, 0.018, 234.364, 0.083, 196.414, 0.069, 259.72, 0.009,
015-psn03ABABa1, 8.609270, 0.00029705785124, 245.469, 0.055, -185.079, 0.079, 253.015, 0.064, 180.754, 0.01, 279.893, 0.062, -199.76, 0.082, 274.863, 0.059, 234.416, 0.013, 205.956, 0.069, 219.726, 0.011, 225.91, 0.077, 239.3, 0.018,
015-psn03ABABb1, 8.795180, 0.000366247933884, -163.904, 0.079, 230.504, 0.053, -193.411, 0.07, 251.362, 0.044, 189.237, 0.005, 225.245, 0.073, 223.515, 0.011, 281.231, 0.065, -222.658, 0.079, 266.707, 0.074, 220.442, 0.013, 246.425, 0.055,
015-psn03ABBAa1, 8.505840, 0.000790727272727, 344.836, 0.073, 209.396, 0.011, -202.703, 0.08, 271.322, 0.069, -245.058, 0.116, 235.919, 0.012, 226.043, 0.011, 268.53, 0.067, 257.252, 0.079, -229.448, 0.088, -223.379, 0.072, 258.302, 0.054,
015-psn03ABBAb1, 8.705400, 0.00047147107438, -188.186, 0.077, 257.693, 0.069, 242.227, 0.044, 230.208, 0.017, 219.614, 0.011, 292.108, 0.084, 252.597, 0.056, -224.049, 0.077, 235.541, 0.019, 260.479, 0.038, 245.031, 0.035, 217.853, 0.009,
015-psn04ABABa1, 9.351750, 0.000179090909091, 234.714, 0.081, 190.131, 0.029, 223.914, 0.058, 196.224, 0.011, 251.184, 0.063, 217.123, 0.014, 238.452, 0.077, 172.033, 0.045, 237.091, 0.06, 229.88, 0.011, 226.27, 0.077, 141.54, 0.005,
015-psn04ABABb1, 8.887920, 0.00129201652893, 168.834, 0.183, 200.517, 0.017, 181.069, 0.075, 133.753, 0.075, 233.014, 0.015, 198.116, 0.04, 212.407, 0.013, 148.855, 0.092, 194.522, 0.015, 233.32, 0.067, 219.883, 0.011, 220.422, 0.091,
015-psn04ABBAa1, 9.612430, 0.000262975206612, 227.194, 0.07, 216.295, 0.019, -197.233, 0.081, 212.37, 0.067, 221.873, 0.054, 191.578, 0.037, 233.19, 0.011, 240.682, 0.075, 217.055, 0.062, 216.981, 0.013, 197.554, 0.012, 208.324, 0.074,
015-psn04ABBAb1, 9.376100, 0.000340231404959, -171.893, 0.079, 195.573, 0.066, 239.542, 0.053, -201.584, 0.079, 194.243, 0.014, 230.026, 0.074, 194.223, 0.064, 144.051, 0.011, 198.323, 0.019, 247.745, 0.076, 222.204, 0.059, 179.386, 0.018,
015-psn05ABABa1, 9.742330, 0.000760991735537, 269.164, 0.073, 205.22, 0.015, 254.376, 0.069, 234.417, 0.023, 258.974, 0.079, 254.215, 0.013, 275.23, 0.059, 217.318, 0.021, 273.138, 0.058, 186.252, 0.019, 239.832, 0.038, 233.294, 0.021,
015-psn05ABABb1, 5.730030, 0.0839028760331, 204.348, 0.143, 278.81, 0.047, 278.009, 0.024, 233.218, 0.078, 264.176, 0.021, 233.803, 0.067, 292.895, 0.021, 260.036, 0.019, 291.091, 0.018, 203.353, 0.06, 247.146, 0.026, 174.916, 0.348,
015-psn05ABBAa1, 9.614670, 0.000929834710744, 215.262, 0.258, 200.119, 0.005, 202.066, 0.005, 264.239, 0.076, 211.905, 0.052, 206.653, 0.019, 188.058, 0.021, 269.228, 0.073, 197.803, 0.025, 217.529, 0.043, 238.566, 0.019, 278.595, 0.059,
015-psn05ABBAb1, 9.725260, 0.000902561983471, 223.777, 0.02, 229.615, 0.045, 217.955, 0.06, 195.622, 0.022, 213.887, 0.005, 235.322, 0.099, 259.147, 0.029, -185.847, 0.083, 207.263, 0.014, 284.898, 0.078, 275.932, 0.046, 174.459, 0.078,
015-psn06ABABa1, 8.429150, 0.000341603305785, 249.919, 0.072, 196.689, 0.013, 268.568, 0.079, 207.562, 0.019, 221.09, 0.071, 266.664, 0.018, 221.364, 0.076, 226.881, 0.019, 262.939, 0.077, -223.277, 0.084, 257.605, 0.057, 184.64, 0.02,
015-psn06ABABb1, 8.803870, 0.000340181818182, 248.949, 0.006, 245.097, 0.051, -205.722, 0.084, 192.107, 0.076, -186.804, 0.082, 275.097, 0.061, 199.666, 0.01, 240.228, 0.055, 197.308, 0.015, 259.907, 0.059, 197.361, 0.008, 247.118, 0.044,
015-psn06ABBAa1, 8.900780, 0.00100545454545, 175.188, 0.052, 191.579, 0.01, 160.932, 0.017, 187.21, 0.081, 266.383, 0.067, 195.395, 0.022, 240.018, 0.014, 242.435, 0.098, 256.174, 0.051, 167.933, 0.005, 211.989, 0.015, 176.844, 0.092,
015-psn06ABBAb1, 8.728310, 0.000452611570248, 220.277, 0.038, 256.469, 0.079, 253.083, 0.068, -229.437, 0.077, 189.388, 0.009, 269.389, 0.094, 188.115, 0.087, -226.006, 0.084, -194.677, 0.075, 244.968, 0.073, 238.658, 0.095, -213.253, 0.079,
015-psn07ABABa1, 8.526620, 0.00190523966942, 180.27, 0.081, 229.37, 0.021, 236.552, 0.029, 196.529, 0.022, 258.713, 0.059, 256.338, 0.014, 161.144, 0.072, 213.558, 0.013, 251.367, 0.063, 213.921, 0.018, 250.843, 0.063, 176.475, 0.096,
015-psn07ABABb1, 8.731750, 0.000482512396694, 218.899, 0.012, 226.697, 0.055, 225.983, 0.019, 231.58, 0.055, 229.429, 0.02, 226.821, 0.046, 220.606, 0.019, 224.809, 0.06, 237.662, 0.015, 261.515, 0.051, 257.551, 0.019, 221.764, 0.059,
015-psn07ABBAa1, 8.726410, 0.000282231404959, 254.734, 0.075, 191.288, 0.021, 203.657, 0.015, 254.805, 0.075, 226.287, 0.061, -193.558, 0.078, 240.439, 0.016, 198.545, 0.087, 159.14, 0.069, 202.92, 0.014, 226.735, 0.013, 260.409, 0.07,
015-psn07ABBAb1, 8.722660, 8.10578512397e-05, 187.221, 0.015, 198.513, 0.062, 305.321, 0.047, 247.868, 0.014, 196.22, 0.02, 289.83, 0.073, 257.602, 0.063, -212.701, 0.077, 245.625, 0.014, 256.446, 0.072, 248.308, 0.042, 202.359, 0.015,
015-psn08ABABa1, 9.169640, 0.000470049586777, 254.49, 0.068, 276.981, 0.013, 293.609, 0.08, -219.501, 0.073, 267.566, 0.062, 232.718, 0.013, 285.252, 0.065, -223.274, 0.078, 260.631, 0.109, 254.78, 0.014, 290.905, 0.052, 243.072, 0.016,
015-psn08ABABb1, 10.219300, 0.000305537190083, 232.743, 0.013, 289.315, 0.055, -226.28, 0.073, 269.292, 0.056, 260.329, 0.014, 242.474, 0.076, 254.905, 0.014, 258.989, 0.023, 270.185, 0.014, 239.179, 0.066, 234.997, 0.015, -246.454, 0.046,
015-psn08ABBAa1, 9.999470, 0.000180247933884, 176.102, 0.179, 201.845, 0.024, 220.719, 0.021, 252.41, 0.069, 236.847, 0.043, 264.036, 0.015, 255.522, 0.023, 286.916, 0.069, 257.217, 0.046, 221.537, 0.015, 219.576, 0.008, 251.737, 0.074,
015-psn08ABBAb1, 10.568000, 0.000637173553719, -177.122, 0.068, 229.058, 0.092, 262.884, 0.051, 240.721, 0.013, 257.681, 0.013, 240.741, 0.053, 219.904, 0.015, 242.953, 0.005, 239.231, 0.014, 288.089, 0.107, 284.413, 0.057, 184.652, 0.068,
015-psn09ABABa1, 9.598240, 0.000187537190083, 245.886, 0.078, -201.518, 0.084, 217.519, 0.078, 213.651, 0.011, 236.253, 0.095, 242.428, 0.018, 269.462, 0.061, 262.122, 0.023, 228.885, 0.065, -187.123, 0.082, 225.123, 0.068, 210.656, 0.045,
015-psn09ABABb1, 8.753010, 0.00112110743802, 238.027, 0.146, 235.189, 0.065, 213.086, 0.016, 218.556, 0.07, 245.286, 0.015, 276.934, 0.042, 233.252, 0.016, 226.481, 0.043, -216.376, 0.087, 255.256, 0.063, 256.301, 0.015, 210.023, 0.051,
015-psn09ABBAa1, 9.431130, 0.000369884297521, 294.942, 0.063, 257.506, 0.02, 224.905, 0.021, 252.631, 0.056, 232.339, 0.06, -200.281, 0.081, 270.862, 0.021, 242.335, 0.065, 241.866, 0.058, 234.956, 0.022, 242.395, 0.02, 230.235, 0.067,
015-psn09ABBAb1, 9.529100, 0.000846, 195.612, 0.005, 251.802, 0.059, 273.966, 0.057, 202.522, 0.021, 265.355, 0.016, 279.101, 0.084, 253.422, 0.094, 232.019, 0.016, 251.063, 0.017, 203.745, 0.086, 255.038, 0.104, 226.576, 0.015,
015-psn10ABABa1, 9.569290, 0.00040105785124, 254.604, 0.116, 282.863, 0.029, -170.117, 0.126, 264.096, 0.024, 263.447, 0.057, 264.843, 0.04, 281.237, 0.062, 276.605, 0.026, 284.601, 0.066, 225.075, 0.032, 254.568, 0.085, 232.087, 0.023,
015-psn10ABABb1, 9.328620, 0.00137315702479, 228.171, 0.172, 264.436, 0.054, 229.086, 0.028, 218.269, 0.065, 248.938, 0.028, 269.658, 0.053, 264.894, 0.027, 219.935, 0.047, 269.478, 0.031, 248.57, 0.044, 266.499, 0.022, 238.253, 0.039,
015-psn10ABBAa1, 9.824890, 0.000120876033058, 276.07, 0.099, 299.22, 0.024, 234.345, 0.033, 242.873, 0.092, 271.252, 0.07, 257.001, 0.029, 283.099, 0.032, 243.668, 0.071, 197.711, 0.068, 256.395, 0.026, 265.04, 0.028, 290.867, 0.099,
015-psn10ABBAb1, 9.614050, 0.000640925619835, 226.781, 0.033, 254.085, 0.068, 236.432, 0.053, 262.73, 0.029, 243.792, 0.021, 216.481, 0.09, 232.956, 0.067, 265.164, 0.02, 231.585, 0.027, 236.772, 0.09, 255.712, 0.084, 246.384, 0.03,
015-psn11ABABa1, 8.677280, 0.000317537190083, 296.628, 0.086, 205.913, 0.024, 277.106, 0.079, 238.129, 0.032, 282.141, 0.086, 182.229, 0.035, 267.24, 0.077, 207.449, 0.023, 239.029, 0.079, 189.372, 0.021, 293.992, 0.066, 255.651, 0.021,
015-psn11ABABb1, 10.057300, 0.000105867768595, 264.05, 0.027, 264.882, 0.075, 259.647, 0.032, 267.277, 0.076, 266.009, 0.025, 288.34, 0.071, 202.74, 0.026, 265.825, 0.058, 256.831, 0.026, 255.353, 0.072, 243.46, 0.022, 225.72, 0.133,
015-psn11ABBAa1, 9.370240, 0.000263966942149, 278.842, 0.071, 237.99, 0.029, 241.999, 0.026, 242.906, 0.088, 296.06, 0.087, 266.862, 0.023, 265.643, 0.038, 285.556, 0.059, 275.124, 0.082, 240.575, 0.027, 207.702, 0.077, 280.702, 0.053,
015-psn11ABBAb1, 9.722710, 0.000748628099174, -228.886, 0.169, 200.331, 0.09, 267.104, 0.072, 200.684, 0.029, 192.822, 0.035, 279.411, 0.066, 232.725, 0.074, -181.977, 0.097, 196.6, 0.033, 253.481, 0.067, 246.881, 0.083, 222.619, 0.023,
015-psn12ABABa1, 9.657590, 0.000318049586777, 258.905, 0.083, 209.96, 0.022, 256.935, 0.076, 247.251, 0.019, 309.038, 0.069, 233.8, 0.018, 267.239, 0.076, 263.96, 0.026, 243.97, 0.074, 231.118, 0.018, 269.859, 0.103, 244.469, 0.016,
015-psn12ABABb1, 9.427610, 0.000358429752066, -160.111, 0.085, 267.37, 0.067, 242.436, 0.019, 241.047, 0.048, 267.199, 0.022, 287.503, 0.062, 250.899, 0.026, 236.149, 0.07, 293.949, 0.024, 213.206, 0.058, 230.11, 0.022, 251.334, 0.068,
015-psn12ABBAa1, 9.448670, 0.000488694214876, 248.71, 0.072, 213.577, 0.025, 215.781, 0.035, 308.761, 0.093, 286.253, 0.07, 256.932, 0.021, 211.917, 0.023, 287.25, 0.075, 285.867, 0.079, 258.388, 0.029, 233.67, 0.024, 259.752, 0.064,
015-psn12ABBAb1, 9.361570, 0.000149140495868, 210.838, 0.022, 205.969, 0.072, 289.336, 0.056, 228.857, 0.022, 262.407, 0.025, 228.268, 0.076, 284.507, 0.059, 257.603, 0.03, 224.485, 0.027, 255.519, 0.072, 276.721, 0.078, 236.992, 0.03,
