002-pdm01ABABa1, 8.717890, 0.000569, 206.332, 0.012, 228.037, 0.094, 224.542, 0.012, 237.344, 0.07, 217.615, 0.014, 255.004, 0.078, 209.937, 0.013, 238.954, 0.064, 210.859, 0.013, 265.982, 0.081, 230.112, 0.013, 180.997, 0.078, 
002-pdm01ABABb1, 8.898700, 0.000442, 256.276, 0.048, -157.792, 0.08, 244.054, 0.067, 204.477, 0.018, 228.801, 0.067, 187.895, 0.01, 245.181, 0.085, 230.63, 0.009, 244.437, 0.078, 189.71, 0.014, 230.477, 0.074, 193.634, 0.014, 
002-pdm01ABBAa1, 8.585570, 0.000509, 203.936, 0.011, 232.229, 0.095, 235.378, 0.092, -143.315, 0.09, 189.06, 0.014, 233.294, 0.084, 224.898, 0.072, 194.447, 0.013, -131.332, 0.093, 223.258, 0.081, 215.269, 0.05, -168.209, 0.075, 
002-pdm01ABBAb1, 8.050410, 0.001143, 257.838, 0.069, 184.345, 0.025, 219.021, 0.014, 233.6, 0.082, 209.631, 0.024, 231.82, 0.014, 210.092, 0.036, 187.698, 0.101, 159.792, 0.106, 219.711, 0.008, 213.546, 0.008, 233.111, 0.124, 
002-pdm02ABABa1, 9.764030, 0.000660, 212.979, 0.041, 210.978, 0.009, 257.976, 0.035, 223.43, 0.024, 228.905, 0.009, 165.762, 0.124, 243.729, 0.008, 281.8, 0.065, 231.84, 0.007, 267.434, 0.062, -216.427, 0.006, 270.887, 0.033, 
002-pdm02ABABb1, 10.935500, 0.000641, 231.607, 0.042, 202.896, 0.014, 228.898, 0.036, 207.032, 0.016, 232.912, 0.066, 227.52, 0.012, 236.98, 0.039, 216.188, 0.012, 263.468, 0.039, 230.724, 0.011, 265.206, 0.059, 195.092, 0.014, 
002-pdm02ABBAa1, 10.545000, 0.001315, 182.132, 0.013, 231.922, 0.08, 259.044, 0.072, 203.949, 0.013, 264.903, 0.014, 244.66, 0.062, 262.63, 0.051, 230.041, 0.014, 217.965, 0.018, 256.56, 0.06, 245.509, 0.045, 211.048, 0.024, 
002-pdm02ABBAb1, 10.211400, 0.000481, 221.584, 0.042, 235.533, 0.007, 223.131, 0.013, 237.569, 0.057, 233.426, 0.038, 205.541, 0.01, 227.701, 0.014, 235.115, 0.055, 259.826, 0.043, 224.047, 0.013, 213.324, 0.013, 251.181, 0.037, 
002-pdm03ABABa1, 10.004900, 0.000940, 202.618, 0.018, 202.396, 0.034, 221.501, 0.012, 194.095, 0.036, 202.26, 0.043, 228.244, 0.054, 158.776, 0.06, 225.237, 0.038, 217.294, 0.015, 195.328, 0.018, 206.549, 0.026, 162.353, 0.059, 
002-pdm03ABABb1, 8.850740, 0.001888, 161.693, 0.027, 222.219, 0.01, 217.255, 0.097, 207.225, 0.009, 259.048, 0.037, 209.542, 0.011, 259.853, 0.064, 207.108, 0.016, 223.463, 0.054, 238.028, 0.005, 190.364, 0.152, 230.978, 0.028, 
002-pdm03ABBAa1, 8.148960, 0.001225, 190.984, 0.005, 230.002, 0.051, 160.776, 0.05, 236.123, 0.014, 203.483, 0.029, 197.197, 0.06, 232.792, 0.063, -197.627, 0.005, 205.483, 0.019, 190.988, 0.104, 172.487, 0.005, 212.807, 0.022, 
002-pdm03ABBAb1, 8.670390, 0.001747, -178.648, 0.09, 218.036, 0.027, 235.161, 0.012, 240.073, 0.035, 201.569, 0.038, 224.478, 0.012, 222.205, 0.029, 175.203, 0.015, 157.737, 0.032, 220.072, 0.023, 203.715, 0.011, 156.668, 0.036, 
002-pdm04ABABa1, 9.593070, 0.000350, 212.664, 0.012, 185.998, 0.041, -154.848, 0.079, 221.646, 0.029, 207.193, 0.012, 217.503, 0.058, -202.522, 0.006, 212.314, 0.06, 230.276, 0.011, 176.931, 0.036, 220.349, 0.011, 205.382, 0.005, 
002-pdm04ABABb1, 9.802190, 0.000475, 199.34, 0.046, 191.574, 0.012, 230.011, 0.061, 202.63, 0.015, 216.71, 0.052, 197.451, 0.013, 207.934, 0.065, 186.728, 0.008, 238.979, 0.038, -194.059, 0.009, 219.322, 0.055, 222.638, 0.015, 
002-pdm04ABBAa1, 9.542280, 0.000386, 195.163, 0.011, 209.087, 0.05, 222.848, 0.055, -219.317, 0.005, 202.506, 0.007, 213.34, 0.054, 193.701, 0.05, 181.506, 0.012, 201.87, 0.005, 231.035, 0.058, 184.495, 0.044, 209.12, 0.007, 
002-pdm04ABBAb1, 9.453110, 0.000667, 247.526, 0.059, -156.101, 0.079, -137.486, 0.05, 234.214, 0.071, 227.363, 0.075, -148.316, 0.005, -155.481, 0.005, 216.576, 0.068, 201.921, 0.051, -185.369, 0.005, -194.666, 0.005, 147.083, 0.005, 
002-pdm05ABABa1, 9.349790, 0.001138, 229.365, 0.019, 262.848, 0.043, 298.848, 0.022, 279.113, 0.057, 221.608, 0.029, 216.978, 0.065, 180.12, 0.014, 208.397, 0.138, 196.142, 0.021, 268.339, 0.077, 175.888, 0.018, 197.489, 0.024, 
002-pdm05ABABb1, 9.078990, 0.001434, 224.973, 0.073, 216.803, 0.015, 299.619, 0.055, 258.343, 0.025, 286.765, 0.058, 188.534, 0.02, 242.169, 0.047, 233.108, 0.027, 243.79, 0.072, 230.742, 0.033, 241.621, 0.054, 201.397, 0.023, 
002-pdm05ABBAa1, 8.960780, 0.001122, 251.462, 0.019, 250.185, 0.025, 163.359, 0.077, 234.882, 0.029, 227.501, 0.027, 236.166, 0.062, 222.381, 0.051, 174.318, 0.016, 216.929, 0.026, 201.033, 0.073, 245.799, 0.065, 176.511, 0.036, 
002-pdm05ABBAb1, 8.348940, 0.040300, 348.411, 0.02, -162.952, 0.276, 253.862, 0.023, 179.962, 0.016, 275.819, 0.084, 274.167, 0.065, 188.55, 0.072, 
002-pdm06ABABa1, 8.877990, 0.000234, 204.268, 0.013, 212.071, 0.008, 226.06, 0.018, 203.844, 0.036, 222.104, 0.019, 205.925, 0.037, 216.415, 0.019, 204.388, 0.041, 204.712, 0.015, 198.911, 0.042, 237.042, 0.02, 198.965, 0.058, 
002-pdm06ABABb1, 8.311260, 0.000635, 179.861, 0.043, 238.883, 0.018, 171.946, 0.055, 261.854, 0.02, 235.188, 0.053, 182.085, 0.024, 255.009, 0.021, 227.201, 0.023, 203.678, 0.081, 256.404, 0.02, 229.963, 0.047, 221.3, 0.019, 
002-pdm06ABBAa1, 8.630130, 0.000679, 258.954, 0.018, 193.442, 0.074, 183.347, 0.057, 243.951, 0.022, 201.55, 0.022, 161.492, 0.012, 217.975, 0.069, 231.38, 0.014, 246.911, 0.02, 213.459, 0.051, 236.04, 0.042, 200.481, 0.017, 
002-pdm06ABBAb1, 8.774830, 0.000393, 233.884, 0.036, 219.509, 0.017, 214.808, 0.02, 208.399, 0.053, 234.013, 0.07, 223.327, 0.021, 226.029, 0.021, 237.035, 0.074, 233.366, 0.076, 257.412, 0.024, 216.732, 0.023, 214.232, 0.051, 
002-pdm07ABABa1, 8.697230, 0.000401, 249.318, 0.013, 276.32, 0.035, 237.132, 0.017, 237.517, 0.037, 242.368, 0.032, 271.784, 0.041, 186.907, 0.02, 267.556, 0.033, 261.24, 0.024, 259.915, 0.033, 253.86, 0.035, 289.356, 0.041, 
002-pdm07ABABb1, 8.911020, 0.000937, 204.79, 0.192, 258.413, 0.017, 295.711, 0.08, 222.083, 0.014, 259.874, 0.038, 245.56, 0.024, 188.257, 0.075, 245.232, 0.026, 308.414, 0.036, 231.164, 0.025, 308.793, 0.037, 212.637, 0.03, 
002-pdm07ABBAa1, 9.450940, 0.000403, 247.492, 0.025, 226.955, 0.055, 228.273, 0.042, 294.589, 0.02, 277.25, 0.02, 223.193, 0.061, 277.936, 0.058, 270.953, 0.018, 254.688, 0.018, 287.239, 0.052, 255.649, 0.048, 262.938, 0.025, 
002-pdm07ABBAb1, 8.938270, 0.000681, 142.771, 0.205, 272.825, 0.017, 219.926, 0.017, 243.231, 0.055, 273.222, 0.076, 258.168, 0.013, 253.23, 0.014, 239.836, 0.051, 263.843, 0.062, 267.836, 0.018, 276.8, 0.019, 269.376, 0.039, 
002-pdm08ABABa1, 7.919170, 0.000896, 234.265, 0.022, 260.587, 0.075, -127.447, 0.087, 281.014, 0.076, 242.012, 0.022, 261.251, 0.068, -134.169, 0.016, 246.565, 0.072, 245.073, 0.029, 277.903, 0.063, 202.45, 0.025, 252.057, 0.052, 
002-pdm08ABABb1, 7.248420, 0.000504, 268.758, 0.053, 164.649, 0.02, 190.788, 0.066, 232.23, 0.018, 232.043, 0.058, 232.504, 0.021, 201.754, 0.062, 234.367, 0.013, 196.56, 0.054, -119.745, 0.085, 281.09, 0.084, 203.86, 0.02, 
002-pdm08ABBAa1, 6.847090, 0.056631, -182.569, 0.014, 273.034, 0.094, 272.677, 0.106, 222.867, 0.021, 271.992, 0.076, -293.867, 0.443, 304.786, 0.073, 
002-pdm08ABBAb1, 7.422610, 0.058362, 272.516, 0.054, 160.801, 0.02, -120.945, 0.068, 218.523, 0.11, -215.829, 0.197, 239.626, 0.07, -285.116, 0.422, 
002-pdm09ABABa1, 9.455130, 0.000812, 227.719, 0.024, 190.296, 0.066, 226.627, 0.02, 188.454, 0.053, 238.236, 0.028, 162.819, 0.019, 246.797, 0.024, 190.573, 0.065, 224.949, 0.033, 239.468, 0.072, 241.89, 0.022, 181.288, 0.026, 
002-pdm09ABBAa1, 8.553170, 0.001739, 189.008, 0.209, 176.953, 0.063, 197.885, 0.076, 263.783, 0.025, 225.38, 0.031, 153.43, 0.056, 182.252, 0.048, 247.281, 0.027, 228.82, 0.026, 189.805, 0.029, 172.077, 0.031, 189.969, 0.052, 
002-pdm09ABBAb1, 9.340650, 0.000886, 181.638, 0.022, 248.72, 0.023, 164.503, 0.019, 156.22, 0.028, 254.748, 0.033, 234.245, 0.026, 267.032, 0.031, 173.632, 0.085, 140.643, 0.037, 199.152, 0.042, 280.328, 0.033, 174.382, 0.056, 
002-pdm10ABABa1, 7.750600, 0.001244, 244.508, 0.029, 194.427, 0.067, 249.906, 0.022, 239.276, 0.051, 238.285, 0.025, 272.179, 0.077, 211.981, 0.019, 254.55, 0.062, 225.356, 0.024, 192.406, 0.066, 232.706, 0.031, 178.884, 0.052, 
002-pdm10ABABb1, 7.210040, 0.063005, 255.155, 0.065, -120.1, 0.014, 270.185, 0.067, -131.637, 0.02, -211.322, 0.149, 243.49, 0.017, -227.001, 0.462, 
002-pdm10ABBAa1, 7.416460, 0.000957, 230.984, 0.028, 195.517, 0.097, 217.628, 0.086, 238.399, 0.026, 268.771, 0.022, 235.526, 0.08, 219.413, 0.1, 240.002, 0.032, 200.327, 0.022, 209.568, 0.083, 208.781, 0.074, 238.191, 0.032, 
002-pdm10ABBAb1, 7.460820, 0.000474, 196.702, 0.091, 231.303, 0.026, 227.61, 0.016, 266.041, 0.073, 264.411, 0.061, 239.343, 0.031, 199.513, 0.019, 278.06, 0.08, 218.307, 0.051, -171.334, 0.021, -155.589, 0.005, 162.293, 0.068, 
002-pdm11ABABa1, 8.939720, 0.001290, 235.211, 0.026, 270.429, 0.041, 246.995, 0.218, 275.958, 0.05, 207.081, 0.179, 261.358, 0.047, 244.957, 0.021, 261.227, 0.213, 222.102, 0.034, 286.501, 0.044, 277.976, 0.031, 256.798, 0.065, 
002-pdm11ABABb1, 8.846930, 0.000544, 227.866, 0.058, 236.814, 0.02, 257.373, 0.061, 254.624, 0.026, 265.705, 0.049, 263.553, 0.018, 279.5, 0.051, 255.12, 0.018, 273.717, 0.048, 216.037, 0.016, 256.778, 0.048, 231.707, 0.021, 
002-pdm11ABBAa1, 8.293500, 0.000774, 258.578, 0.061, 255.075, 0.074, 266.761, 0.078, 248.092, 0.026, 259.504, 0.026, 249.406, 0.093, 208.259, 0.081, 259.315, 0.028, 256.48, 0.034, 264.334, 0.074, 255.091, 0.09, 227.451, 0.025, 
002-pdm11ABBAb1, 8.731480, 0.001942, 208.85, 0.061, 268.499, 0.024, 279.421, 0.033, 191.11, 0.044, 214.834, 0.032, 206.791, 0.146, 251.771, 0.028, 270.449, 0.062, 267.069, 0.062, 227.283, 0.025, 240.318, 0.03, 185.869, 0.027, 
002-pdm12ABABa1, 7.896970, 0.001410, 229.371, 0.02, 206.505, 0.072, 197.816, 0.023, 188.679, 0.067, 235.628, 0.022, 204.084, 0.106, 246.728, 0.023, 155.328, 0.028, 221.69, 0.025, 231.414, 0.116, 213.663, 0.02, 178.977, 0.028, 
002-pdm12ABABb1, 7.518580, 0.002836, 220.213, 0.059, 211.046, 0.015, 148.345, 0.041, 203.488, 0.022, 196.571, 0.042, 218.384, 0.024, 184.399, 0.118, 195.7, 0.022, 178.943, 0.056, 165.423, 0.009, 197.386, 0.057, 235.632, 0.027, 
002-pdm12ABBAa1, 7.474130, 0.000361, 243.07, 0.028, 179.314, 0.063, 195.721, 0.071, 218.266, 0.022, 207.862, 0.018, 209.436, 0.066, 194.214, 0.058, 251.696, 0.024, 151.549, 0.112, 178.64, 0.128, 215.541, 0.054, 224.082, 0.005, 
002-pdm12ABBAb1, 8.191500, 0.001352, 179.778, 0.044, 226.489, 0.015, -135.823, 0.091, 191.464, 0.042, 199.822, 0.037, 283.517, 0.021, 184.746, 0.029, 169.357, 0.043, 175.477, 0.074, -223.202, 0.099, 250.568, 0.018, 192.306, 0.066, 
002-pdn01ABABa1, 7.516070, 0.000995, 202.123, 0.01, 203.276, 0.061, 208.703, 0.005, 215.409, 0.032, -126.528, 0.084, 229.019, 0.041, 220.719, 0.005, 184.502, 0.059, 203.424, 0.006, 184.219, 0.052, 140.323, 0.005, 168.356, 0.079, 
002-pdn01ABABb1, 7.338090, 0.001097, 196.643, 0.028, -124.478, 0.089, 224.703, 0.041, -116.719, 0.081, 160.823, 0.054, -156.329, 0.069, 91.5743, 0.098, -127.204, 0.079, 138.896, 0.046, -116.512, 0.081, 207.261, 0.052, 183.67, 0.005, 
002-pdn01ABBAa1, 7.233520, 0.098743, 213.401, 0.058, 189.974, 0.123, -151.222, 0.426, 229.769, 0.009, -218.038, 0.008, 79.6646, 0.061, -192.665, 0.005, -149.213, 0.084, 
002-pdn01ABBAb1, 7.936460, 0.001660, 218.008, 0.053, -190.341, 0.078, 180.789, 0.037, 221.867, 0.014, 226.946, 0.07, -135.463, 0.09, 176.219, 0.017, 218.53, 0.043, 205.328, 0.107, 202.891, 0.024, -206.86, 0.072, 183.796, 0.049, 
002-pdn02ABABa1, 8.738040, 0.001928, 202.294, 0.007, 236.381, 0.073, 151.473, 0.015, 213.41, 0.076, 231.255, 0.01, 232.882, 0.058, -131.709, 0.08, 233.064, 0.049, 188.268, 0.009, 238.035, 0.055, 201.63, 0.01, 223.21, 0.038, 
002-pdn02ABABb1, 7.664100, 0.000338, 220.421, 0.044, 154.577, 0.013, 251.269, 0.055, -140.822, 0.082, 219.17, 0.05, -127.51, 0.081, 187.474, 0.054, 149.886, 0.005, 184.865, 0.058, -107.056, 0.081, 214.91, 0.04, -181.711, 0.01, 
002-pdn02ABBAa1, 8.236650, 0.000746, 212.006, 0.015, 240.191, 0.064, 240.846, 0.069, -130.283, 0.083, -132.553, 0.067, 241.607, 0.059, 217.085, 0.054, -130.732, 0.081, -118.133, 0.086, 103.81, 0.088, 123.13, 0.054, -114.935, 0.081, 
002-pdn02ABBAb1, 7.522240, 0.000877, 232.477, 0.064, 226.952, 0.009, 238.448, 0.011, 237.67, 0.03, 244.677, 0.087, 196.305, 0.01, -132.858, 0.085, 265.686, 0.086, 247.341, 0.011, 220.472, 0.011, 200.579, 0.01, 250.697, 0.082, 
002-pdn03ABABa1, 8.600740, 0.001286, 210.327, 0.008, 224.384, 0.07, -152.499, 0.091, 193.785, 0.058, -165.351, 0.082, 190.943, 0.065, -161.244, 0.078, 217.331, 0.055, -144.022, 0.072, 219.45, 0.057, -159.305, 0.083, 216.75, 0.052, 
002-pdn03ABABb1, 8.780480, 0.000272, 219.194, 0.029, -132.702, 0.085, 148.616, 0.068, 176.579, 0.008, 221.732, 0.052, 177.765, 0.021, 199.32, 0.049, -149.635, 0.088, 203.271, 0.036, -171.788, 0.075, 225.901, 0.053, 121.072, 0.037, 
002-pdn03ABBAa1, 7.162990, 0.067288, 203.293, 0.009, 247.334, 0.058, 190.757, 0.014, 180.759, 0.031, 120.466, 0.005, 132.67, 0.015, 201.728, 0.018, 290.538, 0.072, 
002-pdn03ABBAb1, 8.711780, 0.000879, 226.098, 0.047, 197.088, 0.007, -142.458, 0.073, 146.99, 0.08, 206.699, 0.046, 176.452, 0.005, 219.042, 0.01, 235.167, 0.093, 183.185, 0.095, 181.277, 0.013, 179.325, 0.011, 227.205, 0.051, 
002-pdn04ABABa1, 8.041170, 0.000671, -182.882, 0.008, 223.08, 0.045, 215.549, 0.013, 212.258, 0.042, 169.547, 0.03, 229.037, 0.066, 241.557, 0.024, 221.666, 0.077, 225.226, 0.023, 239.877, 0.073, 223.672, 0.012, 214.775, 0.045, 
002-pdn04ABABb1, 7.885680, 0.000714, 177.546, 0.051, -209.313, 0.006, 214.322, 0.073, -151.262, 0.086, 226.075, 0.059, 216.349, 0.008, 221.142, 0.06, 226.526, 0.014, 228.002, 0.046, -218.458, 0.008, -218.325, 0.079, 170.447, 0.005, 
002-pdn04ABBAa1, 6.757770, 0.039618, 213.061, 0.013, 230.117, 0.049, 229.981, 0.013, 212.634, 0.062, 228.281, 0.031, 176.229, 0.096, 241.671, 0.073, 
002-pdn04ABBAb1, 7.887440, 0.000587, 236.305, 0.046, 213.002, 0.027, 214.965, 0.013, 244.506, 0.065, 205.092, 0.044, 218.048, 0.011, 210.184, 0.022, 213.732, 0.064, 180.69, 0.078, 244.988, 0.009, 143.301, 0.005, 170.033, 0.085, 
002-pdn05ABABa1, 9.286430, 0.000572, 229.983, 0.015, 228.879, 0.049, 239.623, 0.017, 247.786, 0.047, 215.645, 0.021, 239.527, 0.077, 152.606, 0.067, 257.295, 0.091, 150.935, 0.067, 209.149, 0.049, 230.819, 0.021, 241.166, 0.059, 
002-pdn05ABABb1, 8.954410, 0.000799, 182.937, 0.053, 228.882, 0.018, 202.819, 0.053, 207.045, 0.022, 215.855, 0.066, 246.719, 0.022, 229.58, 0.054, 217.221, 0.062, 233.544, 0.027, 157.319, 0.074, 249.159, 0.03, 196.605, 0.061, 
002-pdn05ABBAa1, 9.256340, 0.000388, 198.466, 0.017, 195.404, 0.088, 237.459, 0.062, 251.979, 0.021, 241.061, 0.019, 245.755, 0.046, 262.187, 0.049, 253.764, 0.017, 255.094, 0.026, 255.342, 0.048, 236.503, 0.038, 187.966, 0.077, 
002-pdn05ABBAb1, 8.845850, 0.000450, 251.523, 0.059, 291.884, 0.029, 268.984, 0.027, 313.987, 0.086, 299.385, 0.093, 308.993, 0.033, 251.643, 0.03, 297.837, 0.079, 207.276, 0.094, 277.194, 0.033, 282.122, 0.032, 188.378, 0.062, 
002-pdn06ABABa1, 9.188240, 0.000651, 237.512, 0.017, 295.086, 0.064, 259.773, 0.024, 327.192, 0.059, 273.642, 0.019, 281.159, 0.06, 197.204, 0.032, 297.433, 0.059, 258.146, 0.022, 256.813, 0.048, 282.26, 0.029, 250.742, 0.052, 
002-pdn06ABABb1, 8.923630, 0.001926, 117.546, 0.005, 275.794, 0.019, 277.304, 0.062, 279.255, 0.025, 287.483, 0.056, 275.907, 0.019, 276.678, 0.054, 283.332, 0.026, 287.07, 0.049, 279.846, 0.02, 300.031, 0.071, 189.824, 0.036, 
002-pdn06ABBAa1, 8.791720, 0.001853, 200.418, 0.02, 219.004, 0.027, 217.826, 0.026, 261.875, 0.023, 253.019, 0.04, 235.212, 0.07, 224.874, 0.056, 264.157, 0.025, 202.324, 0.047, 222.677, 0.066, 195.137, 0.071, 220.892, 0.091, 
002-pdn06ABBAb1, 8.018350, 0.001007, 191.085, 0.065, 285.208, 0.019, 251.914, 0.019, 228.618, 0.09, 299.465, 0.075, 286.133, 0.015, 268.366, 0.013, 337.142, 0.068, 245.527, 0.089, 269.702, 0.017, 289.83, 0.023, 277.474, 0.064, 
002-pdn07ABABa1, 8.309730, 0.001971, 215.162, 0.014, 157.265, 0.045, 149.896, 0.015, 198.335, 0.037, 239.788, 0.009, 187.493, 0.04, 261.516, 0.011, 218.311, 0.04, 186.342, 0.053, 151.408, 0.005, 216.632, 0.038, 160.496, 0.009, 
002-pdn07ABABb1, 8.717500, 0.001045, 231.269, 0.041, 176.174, 0.014, 211.848, 0.034, 183.818, 0.011, 134.103, 0.014, 172.484, 0.017, 196.356, 0.02, 171.326, 0.015, 225.228, 0.025, 192.026, 0.014, 212.287, 0.031, 244.984, 0.009, 
002-pdn07ABBAa1, 7.858150, 0.000807, 224.017, 0.032, 194.45, 0.054, 116.321, 0.08, 168.947, 0.015, -185.49, 0.078, 225.084, 0.074, 222.468, 0.052, 248.033, 0.008, -166.334, 0.008, 224.065, 0.055, 237.531, 0.031, -210.763, 0.072, 
002-pdn07ABBAb1, 8.154460, 0.000802, 238.246, 0.041, 170.088, 0.013, 169.918, 0.013, 214.804, 0.018, 238.253, 0.016, 200.613, 0.042, 224.747, 0.03, 228.392, 0.071, 221.047, 0.1, 202.465, 0.01, -201.88, 0.069, 224.598, 0.054, 
002-pdn08ABABa1, 7.858830, 0.000979, 211.909, 0.022, 292.458, 0.052, 240.121, 0.028, 263.896, 0.06, 261.165, 0.03, 300.602, 0.056, 264.26, 0.033, 274.355, 0.064, 254.047, 0.029, 274.117, 0.046, 233.792, 0.026, 259.492, 0.046, 
002-pdn08ABABb1, 8.336820, 0.001147, 259.389, 0.051, 224.988, 0.015, 266.769, 0.059, 222.902, 0.011, 258.688, 0.051, 266.348, 0.024, 241.797, 0.045, 281.756, 0.028, 311.775, 0.039, 270.317, 0.023, 279.554, 0.048, 259.26, 0.032, 
002-pdn08ABBAa1, 8.046400, 0.000127, 236.707, 0.023, 266.165, 0.075, 266.231, 0.034, 263.645, 0.031, 280.996, 0.028, 294.817, 0.068, 308.543, 0.072, 291.051, 0.03, 272.88, 0.028, 315.653, 0.056, 284.966, 0.058, 305.694, 0.028, 
002-pdn08ABBAb1, 9.413880, 0.000612, 185.109, 0.062, 298.036, 0.023, 277.35, 0.025, 284.534, 0.056, 274.921, 0.066, 251.326, 0.027, 251.607, 0.031, 269.159, 0.07, 281.234, 0.095, 262.129, 0.028, 230.382, 0.032, 287.098, 0.051, 
002-pdn09ABABa1, 9.282980, 0.000377, 271.626, 0.019, 186.741, 0.074, 249.455, 0.014, 224.009, 0.052, 237.512, 0.017, 198.664, 0.078, 243.814, 0.017, 201.534, 0.061, 197.807, 0.042, 228.302, 0.021, 249.137, 0.014, 176.335, 0.021, 
002-pdn09ABABb1, 9.699840, 0.000324, 188.724, 0.021, 248.716, 0.022, 227.656, 0.064, 212.42, 0.022, 180.163, 0.054, 248.201, 0.019, 208.811, 0.056, 241.388, 0.019, 226.919, 0.059, 263.242, 0.016, 267.123, 0.047, 153.492, 0.012, 
002-pdn09ABBAa1, 8.990740, 0.000461, 219.112, 0.022, 173.635, 0.032, 175.623, 0.072, 231.667, 0.017, 248.169, 0.025, 162.674, 0.05, 198.406, 0.096, 256.202, 0.017, 238.391, 0.027, 158.638, 0.06, 168.28, 0.068, 220.103, 0.017, 
002-pdn09ABBAb1, 8.835860, 0.001898, 167.809, 0.125, 246.107, 0.018, 254.346, 0.018, 190.279, 0.081, 197.86, 0.067, 243.067, 0.024, 231.874, 0.022, 165.773, 0.032, 232.001, 0.058, 225.046, 0.017, 212.418, 0.024, 169.468, 0.064, 
002-pdn10ABABa1, 10.074700, 0.000239, 217.256, 0.02, 273.712, 0.062, 225.212, 0.018, 271.415, 0.058, 216.632, 0.017, 266.255, 0.07, 239.132, 0.019, 279.391, 0.074, 224.296, 0.022, 301.318, 0.092, 248.228, 0.053, 267.889, 0.06, 
002-pdn10ABABb1, 10.277300, 0.000562, 214.453, 0.037, 242.454, 0.019, 293.845, 0.072, 234.461, 0.018, 275.741, 0.055, 231.525, 0.017, 253.648, 0.045, 243.52, 0.021, 258.245, 0.046, 228.198, 0.022, 261.087, 0.061, 241.839, 0.023, 
002-pdn10ABBAa1, 10.133900, 0.000354, 227.114, 0.02, 260.791, 0.07, 250.702, 0.071, -202.243, 0.016, 207.179, 0.02, 262.018, 0.055, 256.382, 0.054, 220.803, 0.02, 215.897, 0.027, 251.394, 0.053, 274.156, 0.068, 225.183, 0.018, 
002-pdn10ABBAb1, 9.432500, 0.000513, 215.606, 0.085, 249.201, 0.025, 233.556, 0.024, 282.697, 0.072, 264.787, 0.073, 217.756, 0.019, 222.705, 0.018, 265.986, 0.061, 278.281, 0.079, 265.711, 0.026, 241.397, 0.023, 194.13, 0.066, 
002-pdn11ABABa1, 9.619820, 0.000307, 212.163, 0.019, 245.15, 0.039, 192.827, 0.021, 266.498, 0.035, 207.262, 0.016, 259.257, 0.036, 216.527, 0.016, 255.89, 0.037, 228.027, 0.016, 243.056, 0.049, 217.807, 0.021, 226.52, 0.047, 
002-pdn11ABABb1, 9.472690, 0.000737, 245.932, 0.05, 230.646, 0.014, 218.858, 0.055, 206.582, 0.023, 241.995, 0.073, 223.092, 0.018, 251.795, 0.059, 239.203, 0.027, 264.245, 0.031, 262.387, 0.03, 268.034, 0.057, 202.017, 0.027, 
002-pdn11ABBAa1, 8.877530, 0.095541, 257.237, 0.026, 78.3725, 0.005, 213.75, 0.088, 235.983, 0.024, 168.868, 0.033, 238.367, 0.091, 248.067, 0.022, 266.527, 0.267, 
002-pdn11ABBAb1, 9.572370, 0.001846, 202.709, 0.035, 199.264, 0.017, 237.762, 0.017, 259.898, 0.041, 259.741, 0.035, 241.446, 0.019, 207.161, 0.018, 250.631, 0.045, 264.259, 0.04, 209.114, 0.014, 215.827, 0.02, 209.301, 0.025, 
002-pdn12ABABa1, 10.050800, 0.000476, 276.842, 0.023, 201.529, 0.062, 238.632, 0.026, 214.16, 0.084, 252.732, 0.024, 262.136, 0.058, 260.613, 0.034, 172.693, 0.064, 265.54, 0.02, 235.935, 0.034, 250.024, 0.036, 181.77, 0.038, 
002-pdn12ABABb1, 9.910440, 0.001779, 213.14, 0.055, 215.327, 0.015, 239.654, 0.059, 251.601, 0.02, 219.438, 0.071, 207.1, 0.033, 248.77, 0.069, 279.324, 0.026, 262.145, 0.067, 278.987, 0.026, 292.462, 0.059, 267.603, 0.029, 
002-pdn12ABBAa1, 8.186360, 0.001566, 192.384, 0.024, 214.491, 0.032, 233.134, 0.082, 276.808, 0.031, 257.357, 0.026, 148.213, 0.029, 155.179, 0.033, 217.84, 0.029, 252.986, 0.025, 209.537, 0.094, 189.359, 0.025, 242.039, 0.039, 
002-pdn12ABBAb1, 9.078570, 0.000477, 205.387, 0.039, 265.374, 0.029, 271.377, 0.019, 185.295, 0.058, 235.041, 0.077, 290.643, 0.021, 252.425, 0.021, 154.695, 0.072, 174.41, 0.043, 262.951, 0.034, 288.183, 0.025, 188.508, 0.065, 
002-psm01ABABa1, 9.491310, 0.001317, 215.84, 0.039, 228.679, 0.008, 199.234, 0.04, 199.361, 0.006, 204.137, 0.061, 198.577, 0.012, 224.4, 0.038, 194.961, 0.016, 220.577, 0.025, 203.169, 0.044, 191.306, 0.017, 214.665, 0.041, 
002-psm01ABABb1, 8.766400, 0.000408, 224.821, 0.028, 212.274, 0.047, 247.794, 0.005, 236.185, 0.034, -222.119, 0.005, 259.061, 0.032, 203.925, 0.005, 270.993, 0.033, 219.722, 0.005, 225.519, 0.028, 206.311, 0.007, 256.253, 0.027, 
002-psm01ABBAa1, 8.659600, 0.001132, 228.437, 0.04, 217.311, 0.015, 200.857, 0.049, 229.179, 0.034, 214.017, 0.017, -235.26, 0.005, 215.456, 0.008, 245.761, 0.041, 223.467, 0.064, 239.3, 0.009, 232.602, 0.009, 234.67, 0.052, 
002-psm01ABBAb1, 8.887080, 0.000831, -220.423, 0.008, 229.598, 0.053, 216.99, 0.035, 236.741, 0.014, 210.491, 0.005, 231.265, 0.047, 230.638, 0.07, 234.187, 0.005, 198.37, 0.007, 233.464, 0.052, 234.055, 0.053, 227.891, 0.022, 
002-psm02ABABa1, 8.606120, 0.001465, 220.312, 0.038, 224.214, 0.009, 229.57, 0.055, 212.601, 0.014, 216.035, 0.065, 191.816, 0.034, 216.484, 0.062, 206.947, 0.029, 217.056, 0.038, 188.553, 0.031, 249.954, 0.058, 166.359, 0.085, 
002-psm02ABABb1, 8.766430, 0.000823, 211.036, 0.007, 224.631, 0.045, 209.171, 0.006, 199.285, 0.031, -199.908, 0.012, 223.632, 0.039, 157.482, 0.04, 186.377, 0.05, 152.829, 0.005, 240.184, 0.032, 218.645, 0.011, 142.346, 0.052, 
002-psm02ABBAa1, 8.182250, 0.000413, 233.495, 0.069, 201.166, 0.012, 209.953, 0.013, 226.412, 0.072, 222.725, 0.057, -212.781, 0.005, 207.384, 0.013, 217.397, 0.053, 235.92, 0.061, 210.827, 0.017, -182.863, 0.034, 186.876, 0.052, 
002-psm02ABBAb1, 8.250180, 0.000862, 189.255, 0.009, 198.5, 0.048, 167.531, 0.069, 205.882, 0.009, 194.842, 0.012, 169.376, 0.056, 213.764, 0.051, 213.431, 0.009, 175.892, 0.005, 192.07, 0.058, 219.588, 0.033, 203.423, 0.061, 
002-psm03ABABa1, 10.637700, 0.001120, 197.525, 0.029, 229.196, 0.012, 252.762, 0.061, 219.808, 0.014, 257.992, 0.067, 195.968, 0.025, 242.042, 0.041, 217.741, 0.017, 232.059, 0.046, 198.714, 0.027, 262.68, 0.068, 205.081, 0.02, 
002-psm03ABABb1, 14.413100, 0.009830, -134.779, 0.061, 187.975, 0.031, 222.473, 0.056, 129.396, 0.005, 223.639, 0.032, 243.913, 0.082, 235.401, 0.012, 250.09, 0.05, 227.447, 0.012, 226.976, 0.053, 
002-psm03ABBAa1, 10.484700, 0.000380, 236.107, 0.036, -170.049, 0.055, -139.344, 0.005, 269.184, 0.05, 236.881, 0.054, 226.34, 0.013, 249.253, 0.012, 271.74, 0.052, 235.524, 0.041, 226.933, 0.016, 218.792, 0.016, 251.697, 0.042, 
002-psm03ABBAb1, 10.369500, 0.000546, 206.586, 0.008, 270.972, 0.07, 252.724, 0.05, 243.545, 0.015, 230.596, 0.017, 205.62, 0.049, 251.899, 0.057, 236.314, 0.021, 221.619, 0.013, 243.374, 0.061, 259.195, 0.054, 225.279, 0.019, 
002-psm04ABABa1, 9.597440, 0.000243, 184.792, 0.041, -194.505, 0.005, 199.488, 0.049, 170.765, 0.015, 203.521, 0.031, 212.758, 0.051, 198.256, 0.011, 228.082, 0.063, 240.929, 0.069, 221.505, 0.009, 218.976, 0.051, 223.492, 0.011, 
002-psm04ABABb1, 9.730700, 0.000122, 182.96, 0.01, 229.003, 0.057, -167.696, 0.005, 220.419, 0.035, -205.261, 0.005, 227.058, 0.04, 221.814, 0.005, 171.93, 0.057, 215.077, 0.009, 221.048, 0.042, 219.129, 0.014, 187.799, 0.064, 
002-psm04ABBAa1, 8.982110, 0.000604, 228.335, 0.051, -203.281, 0.005, -215.682, 0.005, 228.093, 0.068, 232.562, 0.081, -200.605, 0.005, -176.935, 0.005, 249.719, 0.072, 219.423, 0.075, 211.625, 0.009, 189.689, 0.08, 198.476, 0.044, 
002-psm04ABBAb1, 9.778130, 0.000313, 194.521, 0.009, 214.019, 0.036, 220.874, 0.046, -216.432, 0.005, 213.78, 0.005, 238.941, 0.054, 220.647, 0.046, 208.725, 0.01, 194.939, 0.012, 172.585, 0.075, 209.903, 0.063, 166.252, 0.032, 
002-psm05ABABa1, 9.219620, 0.000856, 188.506, 0.059, 246.854, 0.024, 221.007, 0.068, 187.532, 0.035, 230.827, 0.043, 193.975, 0.025, 194.265, 0.114, 236.912, 0.021, 190.362, 0.018, -158.47, 0.092, 217.325, 0.073, 212.166, 0.033, 
002-psm05ABABb1, 8.871470, 0.047754, 262.607, 0.017, -127.3, 0.279, 173.863, 0.101, 242.028, 0.023, 216.49, 0.021, 189.955, 0.086, 160.092, 0.387, 
002-psm05ABBAa1, 8.555590, 0.000527, 273.605, 0.066, 193.155, 0.024, -165.1, 0.081, 222.267, 0.069, 224.822, 0.077, 204.867, 0.022, 218.956, 0.025, 226.441, 0.066, 203.828, 0.05, 172.257, 0.055, 176.812, 0.07, 202.582, 0.03, 
002-psm05ABBAb1, 9.190090, 0.000395, 227.007, 0.019, 220.02, 0.049, 196.065, 0.031, 230.86, 0.021, 199.385, 0.02, 231.722, 0.022, 248.115, 0.052, 260.483, 0.018, 227.646, 0.029, 220.568, 0.056, 269.008, 0.051, 163.19, 0.076, 
002-psm06ABABa1, 8.569060, 0.000651, 186.303, 0.072, 241.868, 0.022, 193.392, 0.017, 237.715, 0.027, 202.939, 0.017, 253.497, 0.021, 206.454, 0.076, 226.568, 0.02, 227.376, 0.033, 237.307, 0.02, 219.457, 0.033, 213.785, 0.028, 
002-psm06ABABb1, 8.675710, 0.000170, 180.408, 0.013, 209.459, 0.04, 235.902, 0.026, 203.22, 0.026, 254.16, 0.026, 198.398, 0.049, 228.057, 0.021, 205.213, 0.027, 216.91, 0.022, 217.387, 0.055, 221.386, 0.025, 235.837, 0.019, 
002-psm06ABBAa1, 8.517630, 0.000960, 234.395, 0.075, 214.828, 0.014, 242.614, 0.02, 198.942, 0.054, 220.819, 0.051, 241.867, 0.018, 203.376, 0.02, 230.541, 0.042, 211.493, 0.044, 190.307, 0.022, 232.806, 0.037, 246.349, 0.038, 
002-psm06ABBAb1, 8.613590, 0.000237, 214.705, 0.024, 194.961, 0.066, 176.206, 0.014, 214.625, 0.041, 224.849, 0.02, 184.356, 0.018, 200.289, 0.016, 233.215, 0.022, 239.487, 0.022, 231.794, 0.05, 233.922, 0.045, 207.271, 0.024, 
002-psm07ABABa1, 8.943740, 0.001500, 221.995, 0.101, 263.414, 0.019, 267.986, 0.082, 256.377, 0.019, 238.674, 0.057, 270.301, 0.019, 266.301, 0.075, 300.163, 0.02, 277.95, 0.053, 257.249, 0.014, 266.125, 0.052, 257.922, 0.02, 
002-psm07ABABb1, 9.209720, 0.000250, 212.992, 0.02, 284.926, 0.087, 267.561, 0.022, 276.184, 0.071, 275.047, 0.022, 298.663, 0.079, 244.949, 0.022, 283, 0.07, 289.342, 0.026, 300.878, 0.08, 291.903, 0.023, 253.036, 0.055, 
002-psm07ABBAa1, 8.524370, 0.000731, 250.79, 0.079, 225.949, 0.018, 225.825, 0.017, 265.017, 0.064, 283.875, 0.054, 240.167, 0.021, 250.226, 0.025, 266.773, 0.046, 249.216, 0.076, 271.664, 0.02, 271.067, 0.018, 266.006, 0.066, 
002-psm07ABBAb1, 8.720080, 0.000170, 235.225, 0.022, 181.986, 0.082, 261.909, 0.062, 245.783, 0.015, 218.105, 0.015, 207.048, 0.056, 262.355, 0.064, 300.271, 0.021, 261.243, 0.024, 240.895, 0.057, 246.951, 0.046, 193.113, 0.005, 
002-psm08ABABa1, 9.399060, 0.001805, 246.572, 0.055, 206.553, 0.031, 269.633, 0.046, 246.533, 0.024, 234.168, 0.045, 210.036, 0.017, 248.118, 0.042, 284.611, 0.023, 288.739, 0.052, 266.561, 0.053, 253.866, 0.02, 264.179, 0.05, 
002-psm08ABABb1, 9.287860, 0.000673, 215.214, 0.023, 201.006, 0.077, 217.691, 0.021, 233.733, 0.067, 289.583, 0.026, 258.518, 0.061, 273.261, 0.022, 285.671, 0.088, 265.129, 0.024, 265.605, 0.058, 265.981, 0.025, 275.077, 0.054, 
002-psm08ABBAa1, 7.422370, 0.053395, 259.056, 0.049, 238.884, 0.024, 276.167, 0.044, 282.858, 0.043, 279.64, 0.021, 265.224, 0.037, 282.889, 0.018, 325.763, 0.025, 114.512, 0.051, 122.576, 0.081, 
002-psm08ABBAb1, 8.689660, 0.000380, 195.036, 0.02, 208.473, 0.044, 179.385, 0.046, 257.846, 0.025, 297.04, 0.029, 262.916, 0.047, 222.611, 0.063, 292.972, 0.026, 264.351, 0.03, 231.236, 0.05, 276.937, 0.054, 298.422, 0.031, 
002-psm09ABABa1, 9.128970, 0.000888, 258.048, 0.086, 231.023, 0.029, 180.968, 0.063, 227.44, 0.047, 231.298, 0.073, 242.383, 0.046, 132.492, 0.02, 263.259, 0.034, 158.763, 0.127, 234.802, 0.034, 264.029, 0.048, 238.722, 0.024, 
002-psm09ABABb1, 9.538020, 0.000521, 201.627, 0.017, 237.677, 0.092, 221.751, 0.023, 270.267, 0.078, 226.791, 0.031, 280.443, 0.092, 233.867, 0.034, 271.821, 0.077, 216.771, 0.035, 245.847, 0.098, 209.644, 0.045, 204.41, 0.1, 
002-psm09ABBAa1, 9.059990, 0.001467, 271.683, 0.046, 221.663, 0.025, 259.548, 0.025, 244.085, 0.063, 246.209, 0.037, 246.775, 0.024, 236.029, 0.022, 254.25, 0.092, 241.872, 0.079, 246.387, 0.029, 255.118, 0.027, 237.578, 0.094, 
002-psm09ABBAb1, 9.248670, 0.000691, 265.275, 0.025, 222.98, 0.084, 280.723, 0.105, 225.386, 0.031, 268.109, 0.036, 221.097, 0.051, 291.065, 0.058, 260.877, 0.035, 218.096, 0.038, 233.263, 0.088, 273.848, 0.068, 219.407, 0.045, 
002-psm10ABABa1, 9.831410, 0.001261, 228.468, 0.034, 218.527, 0.019, 238.563, 0.065, 244.491, 0.017, 254.801, 0.052, 224.356, 0.026, 292.908, 0.056, 246.545, 0.019, 250.921, 0.052, 217.157, 0.018, 292.409, 0.065, 250.901, 0.019, 
002-psm10ABABb1, 9.833350, 0.000142, 219.91, 0.013, 244.855, 0.058, 206.299, 0.023, 223.845, 0.056, 233.879, 0.022, 228.288, 0.059, 184.516, 0.052, 253.83, 0.071, 204.24, 0.023, 231.011, 0.047, -216.494, 0.093, 262.765, 0.048, 
002-psm10ABBAa1, 9.043630, 0.002997, 229.449, 0.033, 270.715, 0.019, 229.698, 0.027, 240.445, 0.052, 248.475, 0.041, 230.523, 0.019, 238.065, 0.021, 276.095, 0.043, 239.677, 0.049, 251.142, 0.018, 252.279, 0.024, 136.035, 0.005, 
002-psm10ABBAb1, 9.762410, 0.000406, 230.355, 0.037, 204.835, 0.068, 216.389, 0.035, 241.232, 0.022, 274.8, 0.032, 232.737, 0.05, 262.88, 0.046, 249.769, 0.02, 244.09, 0.024, 223.109, 0.062, 263.041, 0.057, 227.248, 0.027, 
002-psm11ABABa1, 9.263350, 0.000510, 199.906, 0.016, 181.448, 0.062, 232.797, 0.016, 166.959, 0.024, 245.107, 0.033, 174.384, 0.033, 188.35, 0.046, 272.779, 0.025, 163.864, 0.029, 267.254, 0.022, 176.643, 0.029, 197.506, 0.02, 
002-psm11ABABb1, 8.833070, 0.001029, 243.562, 0.018, 209.666, 0.076, 198.038, 0.022, 180.789, 0.02, 220.169, 0.018, 175.378, 0.038, 231.335, 0.021, 178.295, 0.054, 256.333, 0.033, 183.106, 0.027, 215.868, 0.023, 146.886, 0.019, 
002-psm11ABBAa1, 6.238460, 0.096042, 199.721, 0.146, 233.856, 0.02, 198.119, 0.2, 230.801, 0.057, 319.195, 0.194, 214.561, 0.104, 192.523, 0.104, 
002-psm11ABBAb1, 8.871220, 0.001464, 249.991, 0.031, 212.517, 0.028, 196.787, 0.055, 220.227, 0.016, 195.558, 0.023, 166.823, 0.026, 197.139, 0.019, 235.306, 0.019, 260.51, 0.034, 158.512, 0.018, 188.98, 0.071, 223.41, 0.032, 
002-psm12ABABa1, 9.727340, 0.000755, 204.909, 0.054, 222.696, 0.03, 285.604, 0.04, 222.872, 0.015, 263.989, 0.061, 226.372, 0.021, 243.438, 0.061, 251.757, 0.02, 242.838, 0.054, 239.009, 0.021, 259.696, 0.054, 252.306, 0.022, 
002-psm12ABABb1, 10.354300, 0.000925, 205.484, 0.026, 175.883, 0.049, 229.991, 0.027, 268.775, 0.05, 239.328, 0.024, 266.341, 0.07, -216.451, 0.014, 252.337, 0.062, 218.155, 0.034, 236.641, 0.063, 237.337, 0.023, 252.872, 0.062, 
002-psm12ABBAa1, 10.120600, 0.001169, 221.003, 0.052, 238.045, 0.038, 219.605, 0.028, 240.962, 0.05, 228.001, 0.093, 259.56, 0.025, 274.066, 0.029, 269.978, 0.071, 281.942, 0.026, 246.934, 0.078, 254.904, 0.03, 268.954, 0.07, 
002-psm12ABBAb1, 9.909960, 0.000709, 220.985, 0.014, 171.559, 0.059, 200.033, 0.098, 226.709, 0.026, 252.472, 0.028, 235.424, 0.078, 224.476, 0.068, 271.898, 0.025, 252.201, 0.057, 248.602, 0.069, 257.752, 0.074, 254.421, 0.029, 
002-psn01ABABa1, 7.944840, 0.002889, 171.489, 0.04, 210.008, 0.017, 237.587, 0.061, 206.294, 0.022, 217.901, 0.056, 238.579, 0.05, 233.568, 0.031, 235.888, 0.017, 214.342, 0.047, 215.004, 0.019, 215.589, 0.064, 228.296, 0.027, 
002-psn01ABABb1, 7.784130, 0.001122, 247.442, 0.008, 181.62, 0.038, 166.138, 0.05, 275.373, 0.064, 229.031, 0.017, 230.503, 0.057, 216.471, 0.021, 221.873, 0.061, 213.538, 0.02, 209.489, 0.061, 218.504, 0.015, 178.354, 0.071, 
002-psn01ABBAa1, 6.798670, 0.032635, 170.383, 0.157, 211.167, 0.018, 184.193, 0.045, -190.076, 0.005, 150.426, 0.005, 211.61, 0.012, 230.994, 0.014, 156.864, 0.167, 252.168, 0.016, 
002-psn01ABBAb1, 7.783300, 0.083782, 213.012, 0.011, 214.502, 0.046, 238.825, 0.037, 212.079, 0.018, 209.44, 0.03, 182.021, 0.091, 162.009, 0.195, 
002-psn02ABABa1, 8.512960, 0.000981, 172.836, 0.041, -145.133, 0.09, 155.339, 0.076, 209.035, 0.012, 209.076, 0.056, 172.081, 0.019, 199.69, 0.042, 219.681, 0.012, 201.566, 0.033, -164.649, 0.08, 207.608, 0.022, 132.986, 0.044, 
002-psn02ABABb1, 8.631240, 0.000606, 219.337, 0.012, 218.78, 0.057, 217.889, 0.011, 220.433, 0.031, 229.633, 0.011, 209.225, 0.044, -224.07, 0.011, 237.437, 0.038, 210.93, 0.014, 228.843, 0.063, 229.642, 0.01, 242.869, 0.048, 
002-psn02ABBAa1, 6.914010, 0.001908, 214.938, 0.046, 240.217, 0.014, 214.125, 0.044, 234.865, 0.041, -154.824, 0.064, -179.899, 0.087, -246.366, 0.008, 218.741, 0.064, 266.643, 0.054, -203.278, 0.005, 177.683, 0.006, 211.356, 0.034, 
002-psn02ABBAb1, 8.722610, 0.000542, 184.122, 0.03, 161.839, 0.081, 166.012, 0.083, 222.756, 0.013, 164.227, 0.069, 188.117, 0.081, 229.312, 0.062, 233.754, 0.017, 234.303, 0.017, 230.09, 0.062, 216.418, 0.063, 232.236, 0.009, 
002-psn03ABABa1, 9.314720, 0.000683, 228.771, 0.063, -158.378, 0.086, 248.258, 0.086, -115.02, 0.07, 164.249, 0.093, -132.05, 0.069, 208.019, 0.07, 221.172, 0.009, 239.697, 0.061, 207.568, 0.013, 198.222, 0.066, 210.307, 0.007, 
002-psn03ABABb1, 9.168220, 0.000762, 231.449, 0.018, 227.202, 0.104, 162.443, 0.013, 256.235, 0.09, 242.788, 0.014, 236.959, 0.093, 173.756, 0.014, 224.29, 0.066, 179.009, 0.014, 255.448, 0.06, 215.585, 0.014, 225.261, 0.08, 
002-psn03ABBAa1, 8.897110, 0.001010, 251.812, 0.053, -128.935, 0.074, -133.137, 0.072, 218.528, 0.092, 230.044, 0.077, -142.254, 0.071, -168.737, 0.08, 229.722, 0.077, 140.123, 0.062, -232.062, 0.005, -144.329, 0.084, 170.017, 0.057, 
002-psn03ABBAb1, 9.339440, 0.001355, 213.474, 0.014, 212.325, 0.089, 190.288, 0.121, 203.326, 0.015, 252.794, 0.025, 230.365, 0.09, 214.526, 0.069, 234.599, 0.013, 235.222, 0.014, 163.834, 0.091, 211.876, 0.069, 201.722, 0.068, 
002-psn04ABABa1, 8.977910, 0.000754, 196.951, 0.005, 193.448, 0.013, 223.245, 0.065, 196.31, 0.012, 212.79, 0.043, 218.596, 0.009, 204.152, 0.045, 227.326, 0.012, 212.863, 0.042, 200.226, 0.014, 225.202, 0.079, 187.135, 0.018, 
002-psn04ABABb1, 9.317330, 0.000840, 193.95, 0.009, 211.083, 0.073, 202.135, 0.013, 231.08, 0.068, -199.237, 0.005, 222.032, 0.061, 195.09, 0.014, 204.509, 0.024, 226.871, 0.012, 233.02, 0.08, -187.879, 0.005, 233.179, 0.05, 
002-psn04ABBAa1, 9.102830, 0.000209, 204.373, 0.06, -175.2, 0.09, -205.588, 0.005, 244.217, 0.066, 231.519, 0.065, -160.063, 0.005, 154.224, 0.005, 245.654, 0.06, 223.022, 0.054, 220.914, 0.005, 209.654, 0.007, 155.144, 0.048, 
002-psn04ABBAb1, 8.762500, 0.000436, 238.785, 0.009, 234.035, 0.079, 167.871, 0.085, -180.13, 0.005, 211.308, 0.005, 165.048, 0.071, 226.15, 0.055, -177.617, 0.005, 218.463, 0.005, 245.007, 0.073, 220.397, 0.062, 178.278, 0.007, 
002-psn05ABABa1, 10.121000, 0.002320, 220.958, 0.033, 230.45, 0.02, 187.9, 0.061, 256.008, 0.025, 250.694, 0.063, 253.348, 0.026, 186.218, 0.07, 272.333, 0.03, 268.989, 0.067, 227.788, 0.025, 251.682, 0.086, 230.729, 0.026, 
002-psn05ABABb1, 12.171700, 0.009373, 190.539, 0.005, 235.133, 0.046, 240.332, 0.03, 256.698, 0.063, 227.033, 0.014, 226.666, 0.05, 106.92, 0.059, 202.992, 0.02, 91.4355, 0.047, 157.754, 0.026, 
002-psn05ABBAa1, 8.771800, 0.000380, 234.86, 0.058, 213.717, 0.018, 189.869, 0.018, 218.935, 0.057, 223.073, 0.068, 213.324, 0.015, 243.49, 0.02, 214.759, 0.064, 201.115, 0.107, 259.845, 0.019, 255.876, 0.02, 248.395, 0.047, 
002-psn05ABBAb1, 8.750150, 0.000554, 217.409, 0.038, 259.873, 0.049, 247.235, 0.08, 252.633, 0.02, 246.202, 0.02, 214.2, 0.012, 253.203, 0.062, 288.207, 0.021, 267.83, 0.021, 238.318, 0.047, 234.696, 0.054, 255.737, 0.019, 
002-psn06ABABa1, 8.680230, 0.000539, 181.372, 0.021, 205.814, 0.02, 233.948, 0.036, 235.151, 0.025, 226.311, 0.035, 200.444, 0.018, 252.93, 0.032, 216.892, 0.015, 246.271, 0.032, 218.775, 0.024, 257.49, 0.029, 245.412, 0.017, 
002-psn06ABABb1, 8.078580, 0.000547, 221.861, 0.015, 232.704, 0.037, 229.721, 0.018, 184.234, 0.01, 235.665, 0.024, 208.955, 0.03, 245.912, 0.022, 210.732, 0.041, 206.741, 0.02, 218.785, 0.048, -195.337, 0.005, 225.041, 0.038, 
002-psn06ABBAa1, 7.821330, 0.098074, 219.314, 0.056, 259.495, 0.027, 246.229, 0.017, 253.498, 0.036, 227.959, 0.052, 226.805, 0.029, 113.741, 0.21, 
002-psn06ABBAb1, 8.721250, 0.001118, 224.143, 0.019, 213.932, 0.037, 236.716, 0.04, 233.151, 0.025, 233.006, 0.016, 245.202, 0.047, 270.451, 0.038, 224.932, 0.014, 250.968, 0.018, 256.247, 0.043, 248.946, 0.037, 223.127, 0.022, 
002-psn07ABABa1, 9.047130, 0.001194, 271.752, 0.035, 180.492, 0.019, 230.822, 0.044, 209.08, 0.014, 188.46, 0.088, 258.622, 0.015, 164.887, 0.077, 260.94, 0.015, 234.092, 0.054, 205.241, 0.014, 231.636, 0.034, 246.538, 0.012, 
002-psn07ABABb1, 9.010180, 0.000334, 242.825, 0.02, 245.889, 0.033, 230.953, 0.015, 230.602, 0.071, 191.153, 0.016, 225.931, 0.056, 183.522, 0.016, 228.586, 0.053, 191.389, 0.022, 257.224, 0.062, 231.982, 0.02, 208.524, 0.035, 
002-psn07ABBAa1, 9.083780, 0.000496, 205.763, 0.076, 206.225, 0.015, 194.94, 0.014, 254.317, 0.06, 164.734, 0.046, 198.566, 0.017, 196.389, 0.014, 219.592, 0.052, 246.76, 0.05, 186.512, 0.018, 211.275, 0.021, 243.353, 0.054, 
002-psn07ABBAb1, 8.813280, 0.000205, 234.744, 0.039, 136.251, 0.032, 182.814, 0.076, 188.664, 0.01, -137.223, 0.007, 236.664, 0.045, 245.614, 0.058, 250.973, 0.014, 227.556, 0.016, 220.385, 0.066, 233.119, 0.04, 199.505, 0.012, 
002-psn08ABABa1, 9.339360, 0.000482, 199.454, 0.05, 202.081, 0.021, 221.927, 0.076, 214.351, 0.016, 237.918, 0.053, 274.152, 0.021, 239.296, 0.053, 251.057, 0.028, 245.533, 0.025, 214.667, 0.065, 240.41, 0.016, 212.713, 0.017, 
002-psn08ABABb1, 8.957570, 0.001071, 246.719, 0.026, 210.713, 0.054, 167.885, 0.017, 249.002, 0.053, 206.536, 0.023, 260.405, 0.054, 212.167, 0.021, 244.517, 0.069, 190.375, 0.022, 261.413, 0.068, 232.365, 0.03, 260.805, 0.065, 
002-psn08ABBAa1, 8.124740, 0.077981, 219.334, 0.061, -183.016, 0.085, 205.186, 0.014, 150.691, 0.005, 213.606, 0.062, -150.245, 0.26, 218.213, 0.033, 
002-psn08ABBAb1, 8.786860, 0.000482, 219.268, 0.022, 205.729, 0.071, 193.921, 0.088, 186.129, 0.024, 184.933, 0.02, 217.385, 0.097, 238.333, 0.061, 240.43, 0.016, 220.49, 0.021, 269.752, 0.057, 232.887, 0.057, 184.076, 0.054, 
002-psn09ABABa1, 7.786230, 0.000444, 203.529, 0.033, 219.83, 0.024, 192.831, 0.068, 220.984, 0.042, 196.969, 0.058, 216.601, 0.056, 198.123, 0.072, 234.256, 0.024, 210.178, 0.106, 268.168, 0.031, 242.234, 0.089, 248.563, 0.031, 
002-psn09ABABb1, 8.905860, 0.001495, 200.134, 0.005, 231.867, 0.061, 235.077, 0.023, 228.043, 0.062, 244.395, 0.027, 214.538, 0.062, 253.136, 0.027, 273.141, 0.038, 239.008, 0.035, 252.18, 0.055, 255.945, 0.032, 172.599, 0.052, 
002-psn09ABBAa1, 7.552720, 0.000475, 200.758, 0.132, 289.409, 0.037, 253.265, 0.05, 268.794, 0.064, 270.591, 0.055, 229.594, 0.038, 249.927, 0.046, 222.4, 0.074, 278.632, 0.045, 256.817, 0.029, 291.978, 0.047, 220.638, 0.054, 
002-psn09ABBAb1, 9.383320, 0.001626, 212.265, 0.025, 192.274, 0.026, 228.637, 0.106, 268.275, 0.034, 259.645, 0.029, 150.251, 0.038, 234.395, 0.047, 256.495, 0.034, 239.768, 0.03, 243.92, 0.051, 265.453, 0.059, 242.297, 0.034, 
002-psn10ABABa1, 9.207420, 0.002420, 172.135, 0.032, 238.662, 0.019, 240.346, 0.058, 247.209, 0.026, 274.013, 0.039, 245.1, 0.016, 238.498, 0.055, 198.382, 0.024, 209.761, 0.031, 283.7, 0.056, 167.161, 0.043, 247.709, 0.079, 
002-psn10ABABb1, 9.463500, 0.000485, 248.553, 0.028, 239.699, 0.059, 219.887, 0.023, 203.663, 0.051, 253.404, 0.027, 234.978, 0.057, 214.983, 0.019, 221.164, 0.035, 238.528, 0.022, 253.98, 0.066, 291.419, 0.036, 246.988, 0.046, 
002-psn10ABBAa1, 10.054500, 0.001889, 168.099, 0.054, 269.781, 0.022, 240.806, 0.038, 244.171, 0.077, 174.517, 0.118, 238.546, 0.02, 281.117, 0.031, 287.227, 0.068, 241.614, 0.069, 246.165, 0.019, 268.323, 0.035, 174.884, 0.079, 
002-psn10ABBAb1, 9.975030, 0.001906, 239.547, 0.021, 174.315, 0.056, 216.395, 0.087, 237.342, 0.02, 214.11, 0.025, 206.093, 0.074, 243.172, 0.065, 256.92, 0.02, -256.577, 0.018, 232.243, 0.065, 210.995, 0.067, 202.431, 0.033, 
002-psn11ABABa1, 9.823020, 0.000857, 217.172, 0.06, 276.931, 0.037, 247.148, 0.081, 246.577, 0.038, 234.892, 0.066, 228.978, 0.041, 260.676, 0.055, 266.338, 0.056, 287.2, 0.061, 232.35, 0.046, 266.379, 0.053, 270.624, 0.031, 
002-psn11ABABb1, 9.773620, 0.000411, 208.616, 0.043, 232.349, 0.028, 261.331, 0.024, 192.366, 0.034, 260.083, 0.021, 161.514, 0.032, 223.652, 0.051, 240.609, 0.064, 245.571, 0.023, 184.789, 0.039, 211.622, 0.021, 202.3, 0.092, 
002-psn11ABBAa1, 8.428270, 0.000581, 186.84, 0.069, 259.93, 0.03, 239.869, 0.04, 261.227, 0.066, 255.831, 0.052, 245.778, 0.049, 281.859, 0.02, 240.104, 0.067, 207.019, 0.031, 213.141, 0.018, 209.572, 0.029, 218.392, 0.074, 
002-psn11ABBAb1, 9.643180, 0.002111, 122.94, 0.005, 248.88, 0.055, 221.267, 0.062, 273.949, 0.025, 237.417, 0.031, 258.594, 0.05, 179.427, 0.079, 232.355, 0.023, 257.061, 0.025, 190.03, 0.039, 224.814, 0.072, 239.499, 0.022, 
002-psn12ABABa1, 8.390950, 0.001229, 269.879, 0.054, 190.148, 0.021, 235.632, 0.05, 193.352, 0.016, 176.329, 0.015, -112.901, 0.09, 219.687, 0.041, 212.278, 0.065, 210.746, 0.056, 227.919, 0.03, 241.22, 0.049, 204.25, 0.023, 
002-psn12ABABb1, 8.637780, 0.000808, 237.172, 0.027, 207.57, 0.059, 226.391, 0.021, 261.685, 0.071, 212.636, 0.029, 247.504, 0.065, 162.806, 0.02, 267.102, 0.058, 244.444, 0.025, 170.084, 0.072, 232.404, 0.025, 174.64, 0.09, 
002-psn12ABBAa1, 8.700940, 0.000612, 197.418, 0.09, -142.754, 0.018, -115.017, 0.074, 220.13, 0.051, 268.8, 0.044, 200.916, 0.026, 234.382, 0.034, 223.099, 0.051, 254.935, 0.049, 198.833, 0.038, 126.434, 0.005, 213.227, 0.054, 
002-psn12ABBAb1, 8.697550, 0.000318, 220.421, 0.025, 199.615, 0.149, 144.162, 0.133, 263.124, 0.028, 190.38, 0.035, 256.515, 0.057, 203.533, 0.069, 199.458, 0.039, 219.779, 0.051, 195.2, 0.112, 187.018, 0.051, 215.84, 0.032, 
