032-pdm01ABABa1, 9.081240, 0.000584016528926, 186.735, 0.015, 209.175, 0.055, 183.232, 0.01, 229.929, 0.005, 189.713, 0.006, 240.06, 0.084, 185.906, 0.024, 228.299, 0.06, 209.327, 0.015, 235.609, 0.074, 241.803, 0.019, 197.567, 0.078,
032-pdm01ABABb1, 8.742400, 0.000558975206612, 253.293, 0.063, 160.378, 0.015, 241.581, 0.083, 186.125, 0.017, 285.88, 0.065, 220.078, 0.013, 219.51, 0.07, -129.117, 0.071, 285.318, 0.085, -150.361, 0.059, 197.533, 0.075, -131.387, 0.076,
032-pdm01ABBAa1, 9.143090, 0.000381520661157, -151.249, 0.063, 225.899, 0.065, 210.269, 0.072, -160.001, 0.064, 216.887, 0.02, 237.026, 0.069, 157.333, 0.059, -136.716, 0.06, 205.734, 0.014, 215.799, 0.03, 210.666, 0.103, 207.836, 0.076,
032-pdm01ABBAb1, 9.122120, 0.00111396694215, 260.672, 0.057, 219.978, 0.017, 223.509, 0.029, 194.516, 0.062, 246.355, 0.073, 194.693, 0.045, -141.835, 0.086, 251.549, 0.07, 277.83, 0.069, -170.195, 0.016, 184.373, 0.02, 277.543, 0.066,
032-pdm02ABABa1, 10.279300, 0.000449504132231, 200.211, 0.013, 284.234, 0.067, 217.758, 0.015, 217.814, 0.074, 229.479, 0.016, 292.489, 0.063, 270.46, 0.026, 247.132, 0.038, 203.729, 0.022, 294.778, 0.066, 203.265, 0.024, 240.122, 0.064,
032-pdm02ABABb1, 10.178300, 0.000592925619835, 230.569, 0.072, 197.044, 0.014, 244.498, 0.083, -226.902, 0.005, 255.447, 0.081, 231.472, 0.021, 213.303, 0.049, 167.195, 0.023, 226.998, 0.052, 238.463, 0.015, 294.342, 0.072, 271.99, 0.07,
032-pdm02ABBAa1, 10.318900, 0.000300148760331, 215.517, 0.013, 255.463, 0.058, 283.638, 0.058, 233.982, 0.013, 246.953, 0.012, 274.894, 0.04, 300.594, 0.084, 231.868, 0.01, 228.085, 0.01, 264.216, 0.043, 264.353, 0.054, 258.959, 0.01,
032-pdm02ABBAb1, 10.234600, 0.000582082644628, 226.196, 0.083, 210.943, 0.019, 254.758, 0.017, 308.196, 0.083, 257.34, 0.046, 242.607, 0.009, 229.768, 0.013, 281.885, 0.076, 271.112, 0.063, 231.256, 0.012, 219.086, 0.015, 273.281, 0.08,
032-pdm03ABABa1, 10.077100, 0.000422958677686, 185.985, 0.021, 211.966, 0.043, 215.525, 0.013, 259.615, 0.053, 244.677, 0.013, 232.64, 0.047, 259.659, 0.015, 255.268, 0.053, 260.713, 0.014, 235.722, 0.058, 224.61, 0.015, 275.073, 0.061,
032-pdm03ABABb1, 9.815390, 0.00123624793388, 235.814, 0.052, 227.272, 0.014, 258.517, 0.066, 247.594, 0.02, 204.486, 0.064, 230.907, 0.016, 302.909, 0.064, 269.797, 0.049, 297.443, 0.036, 280.677, 0.015, 288.57, 0.063, 224.44, 0.023,
032-pdm03ABBAa1, 9.634000, 0.000597537190083, 266.375, 0.014, 268.754, 0.059, 233.386, 0.049, 253.862, 0.012, 255.344, 0.02, 283.8, 0.055, 266.411, 0.078, 239.771, 0.02, 252.409, 0.018, 241.407, 0.059, 237.52, 0.091, 206.618, 0.005,
032-pdm03ABBAb1, 9.750000, 0.000279338842975, 182.53, 0.062, 203.879, 0.016, 204.163, 0.029, 242.001, 0.055, 235.822, 0.062, 179.83, 0.02, 277.493, 0.02, 246.846, 0.064, 232.22, 0.069, 286.455, 0.021, 222.747, 0.021, 256.964, 0.034,
032-pdm04ABABa1, 9.384700, 0.000922925619835, 222.519, 0.021, 252.7, 0.074, 194.325, 0.025, 230.349, 0.073, 197.969, 0.025, 266.578, 0.062, 186.725, 0.013, 212.896, 0.06, 201.892, 0.02, 271.106, 0.063, 211.474, 0.025, 234.116, 0.047,
032-pdm04ABABb1, 9.354950, 0.00068932231405, 256.51, 0.094, 179.726, 0.014, 227.754, 0.045, 247.389, 0.015, 217.219, 0.04, 216.481, 0.009, 230.635, 0.005, 206.007, 0.023, 236.307, 0.044, -192.794, 0.005, 197.62, 0.074, 249.22, 0.069,
032-pdm04ABBAa1, 9.456760, 0.000936148760331, 199.827, 0.02, 217.128, 0.061, 266.251, 0.055, -174.688, 0.073, 206.025, 0.014, 211.541, 0.04, 224.616, 0.057, 215.923, 0.017, 204.843, 0.015, 182.858, 0.018, 215.331, 0.032, 269.575, 0.014,
032-pdm04ABBAb1, 9.268760, 0.000952743801653, 301.155, 0.071, 144.749, 0.019, 181.866, 0.018, 238.408, 0.051, 239.448, 0.051, 207.895, 0.022, 227.051, 0.029, 231.622, 0.057, 247.609, 0.048, 208.639, 0.005, 189.818, 0.02, 227.372, 0.054,
032-pdm05ABABa1, 8.780000, 0.000233107438017, 215.871, 0.019, 260.688, 0.079, 206.259, 0.015, 287.583, 0.072, 182.769, 0.017, 225.905, 0.059, 227.024, 0.015, 237.913, 0.055, 215.933, 0.016, 254.177, 0.06, 205.576, 0.016, 253.893, 0.076,
032-pdm05ABABb1, 8.591170, 0.000392991735537, 288.677, 0.071, 218.535, 0.014, 249.208, 0.089, 231.197, 0.016, 275.246, 0.069, 220.172, 0.015, 266.31, 0.094, -185.528, 0.014, 274.678, 0.081, 224.843, 0.016, 233.243, 0.103, 209.57, 0.015,
032-pdm05ABBAa1, 8.248890, 0.000370049586777, 287.857, 0.022, 225.631, 0.068, 220.451, 0.081, 209.292, 0.016, 222.463, 0.016, 247.964, 0.085, 215.889, 0.086, 226.02, 0.018, 198.045, 0.016, 251.647, 0.076, 246.6, 0.07, 231.004, 0.078,
032-pdm05ABBAb1, 3.498780, 0.0769861983471, 113.144, 0.078, 164.847, 0.083, 107.584, 0.005, 158.971, 0.022, 154.977, 0.287, 176.787, 0.016, 180.002, 0.241, 150.183, 0.048, 150.138, 0.354, 137.349, 0.126, 141.341, 0.14, 128.911, 0.059,
032-pdm06ABABa1, 8.646680, 0.000523966942149, 281.561, 0.018, 256.806, 0.07, 250.258, 0.019, 231.238, 0.065, 237.151, 0.023, 231.244, 0.075, 250.677, 0.02, 247.225, 0.072, 223.179, 0.021, 231.678, 0.047, 247.657, 0.024, 273.677, 0.083,
032-pdm06ABABb1, 8.994520, 0.000436958677686, 260.083, 0.067, 221.538, 0.022, 243.846, 0.08, 251.451, 0.016, 245.916, 0.067, 235.959, 0.024, 248.874, 0.066, 242.088, 0.017, 262.668, 0.053, 250.698, 0.022, 222.04, 0.058, 200.155, 0.024,
032-pdm06ABBAa1, 8.861520, 0.00102469421488, 178.688, 0.031, 228.289, 0.055, 274.058, 0.065, 243.694, 0.028, 260.774, 0.03, 247.696, 0.055, 266.784, 0.067, 229.684, 0.022, 265.414, 0.025, 270.311, 0.069, 228.101, 0.067, 237.546, 0.021,
032-pdm06ABBAb1, 9.025120, 0.000528380165289, 222.945, 0.058, 206.538, 0.019, 238.339, 0.023, 263.574, 0.076, 253.05, 0.075, 216.284, 0.021, 232.846, 0.021, 268.974, 0.065, 254.566, 0.06, 244.22, 0.021, 269.671, 0.019, 259.537, 0.084,
032-pdm07ABABa1, 8.932230, 0.00176804958678, -200.596, 0.092, 254.166, 0.051, 248.802, 0.015, 271.003, 0.054, 290.15, 0.018, 193.376, 0.067, 275.231, 0.022, 253.9, 0.02, 245.095, 0.024, 333.818, 0.186, 222.217, 0.024, 231.029, 0.066,
032-pdm07ABABb1, 8.957410, 0.000809107438017, 247.418, 0.073, 246.15, 0.015, 285.618, 0.062, 248.129, 0.02, 308.339, 0.178, 219.063, 0.015, 259.625, 0.083, 280.123, 0.103, 315.666, 0.047, 269.412, 0.024, 297.956, 0.071, 263.154, 0.048,
032-pdm07ABBAa1, 9.445660, 0.00134315702479, 209.97, 0.017, 277.207, 0.058, 250.938, 0.049, 253.365, 0.017, 256.469, 0.027, 268.834, 0.058, 263.279, 0.046, 290.205, 0.017, 278.122, 0.021, 261.737, 0.072, 320.63, 0.066, 318.822, 0.019,
032-pdm07ABBAb1, 8.676900, 0.000792611570248, 277.403, 0.062, 247.746, 0.015, 261.323, 0.018, 282.161, 0.056, 254.482, 0.075, 267.686, 0.022, 293.856, 0.022, 271.307, 0.047, 222.158, 0.032, 241.119, 0.019, 295.826, 0.027, 273.078, 0.05,
032-pdm08ABABa1, 7.432180, 0.00557990082645, 223.512, 0.253, 267.859, 0.089, 197.889, 0.023, 310.085, 0.121, 206.07, 0.027, 277.506, 0.084, 223.619, 0.024, 255.204, 0.085, 182.963, 0.023, 293.011, 0.093, 243.525, 0.023, 285.546, 0.113,
032-pdm08ABABb1, 8.404450, 0.000291966942149, 257.587, 0.075, 195.346, 0.019, 260.926, 0.081, 237.6, 0.028, 249.342, 0.059, 199.866, 0.02, 250.508, 0.076, 232.808, 0.034, 267.644, 0.064, 218.999, 0.019, 275.207, 0.08, 203.48, 0.059,
032-pdm08ABBAa1, 7.764330, 0.000958925619835, 136.433, 0.005, 263.828, 0.076, 255.65, 0.077, 209.753, 0.022, 202.845, 0.025, 262.166, 0.087, 274.707, 0.081, 215.311, 0.021, 241.887, 0.027, 264.783, 0.082, 266.333, 0.094, 205.458, 0.028,
032-pdm08ABBAb1, 8.320720, 0.000545884297521, 223.208, 0.087, 184.68, 0.023, -143.435, 0.013, 240.849, 0.082, 240.221, 0.07, 181.295, 0.022, 220.813, 0.018, 254.631, 0.1, 249.442, 0.071, 212.689, 0.024, 224.323, 0.028, 258.293, 0.11,
032-pdm09ABABa1, 9.622270, 0.000324198347107, 215.206, 0.021, 261.97, 0.051, 220.088, 0.02, 288.864, 0.069, 223.202, 0.023, 274.393, 0.068, 244.471, 0.026, 265.729, 0.054, 246.728, 0.025, 262.485, 0.064, 250.863, 0.036, 251.303, 0.06,
032-pdm09ABABb1, 9.281590, 0.000928330578512, 227.499, 0.226, 246.661, 0.023, 249.917, 0.064, 229.576, 0.022, 277.353, 0.051, 216.858, 0.017, 267.662, 0.048, 239.999, 0.023, 285.563, 0.049, 263.576, 0.021, 278.24, 0.051, 246.321, 0.021,
032-pdm09ABBAa1, 9.887780, 0.000448330578512, 244.884, 0.02, 255.374, 0.061, 276.826, 0.066, 222.507, 0.02, 259.456, 0.023, 263.937, 0.069, 261.978, 0.057, 277.264, 0.018, 262.781, 0.021, 323.819, 0.079, 226.109, 0.064, 287.051, 0.021,
032-pdm09ABBAb1, 9.569350, 0.000350925619835, 251.121, 0.057, 263.061, 0.02, 247.74, 0.024, 249.265, 0.071, 238.138, 0.068, 248.32, 0.021, 233.558, 0.024, 300.64, 0.06, 295.211, 0.075, 233.463, 0.024, 236.705, 0.023, 272.04, 0.062,
032-pdm10ABABa1, 7.980270, 0.00102171900826, 254.534, 0.024, 235.639, 0.06, -119.823, 0.085, 204.119, 0.083, 181.159, 0.024, 265.558, 0.084, 209.12, 0.024, 209.754, 0.076, 228.051, 0.029, 225.512, 0.075, 231.324, 0.03, 218.833, 0.092,
032-pdm10ABABb1, 8.385670, 0.00157914049587, 275.217, 0.092, 166.21, 0.018, 234.355, 0.082, 183.05, 0.028, 233.201, 0.07, 204.648, 0.03, 212.664, 0.07, 163.669, 0.036, 228.543, 0.053, 184.562, 0.023, 250.275, 0.075, 159.627, 0.069,
032-pdm10ABBAa1, 8.181540, 0.000154016528926, 233.189, 0.022, 246.362, 0.066, 259.501, 0.079, 194.444, 0.022, 242.151, 0.03, 236.507, 0.069, 229.9, 0.079, 210.696, 0.028, 197.24, 0.028, 231.284, 0.07, 186.557, 0.076, 199.737, 0.025,
032-pdm10ABBAb1, 8.426880, 0.000783966942149, 310.543, 0.077, -91.745, 0.088, 201.78, 0.04, 183.936, 0.084, 258.485, 0.043, 169.818, 0.019, -124.88, 0.067, 215.662, 0.065, 194.803, 0.052, 191.497, 0.024, -113.71, 0.061, 236.121, 0.084,
032-pdm11ABABa1, 8.649540, 0.000791239669421, 214.42, 0.021, 272.387, 0.074, 242.231, 0.025, 177.927, 0.065, 267.615, 0.028, 295.105, 0.063, 278.617, 0.035, 276.551, 0.078, 270.341, 0.036, 269.204, 0.065, 250.97, 0.037, -170.531, 0.005,
032-pdm11ABABb1, 8.726830, 0.000447785123967, 278.56, 0.085, 215.245, 0.034, 275.469, 0.091, 272.628, 0.042, 294.647, 0.064, 259.739, 0.038, 309.586, 0.075, 276.004, 0.032, 297.717, 0.084, 270.092, 0.052, 265.238, 0.049, 260.079, 0.035,
032-pdm11ABBAa1, 8.789410, 0.00116383471074, 193.682, 0.094, 313.585, 0.065, 291.741, 0.065, 247.946, 0.03, 248.049, 0.026, 244.425, 0.052, 242.901, 0.072, 267.173, 0.035, 264.987, 0.035, 265.657, 0.067, 269.464, 0.063, 200.371, 0.031,
032-pdm11ABBAb1, 9.104480, 0.000317900826446, 275.614, 0.064, 248.763, 0.028, 239.377, 0.03, 259.045, 0.083, 270.581, 0.054, 242.652, 0.034, 263.717, 0.029, 263.216, 0.074, 265.52, 0.034, 211.402, 0.035, 279.279, 0.025, 311.577, 0.091,
032-pdm12ABABa1, 8.132960, 0.000604512396694, 228.016, 0.024, 237.137, 0.087, 200.275, 0.033, 219.458, 0.075, 218.07, 0.029, 184.051, 0.023, 204.908, 0.023, 253.123, 0.102, -123.816, 0.033, 197.9, 0.062, 220.028, 0.033, 235.791, 0.079,
032-pdm12ABABb1, 7.798590, 0.00126390082645, 283.88, 0.087, -202.087, 0.095, 241.767, 0.069, -117.23, 0.085, 252.54, 0.078, -115.291, 0.096, 212.76, 0.044, -180.452, 0.078, 264.676, 0.083, 176.993, 0.034, 222.894, 0.086, -113.145, 0.014,
032-pdm12ABBAa1, 8.373390, 0.00127763636364, 251.61, 0.03, 249.672, 0.076, 215.27, 0.077, 194.075, 0.03, -140.121, 0.063, 216.324, 0.005, 223.565, 0.063, 179.417, 0.027, 183.53, 0.058, 233.169, 0.077, 228.976, 0.087, 200.95, 0.027,
032-pdm12ABBAb1, 8.114830, 0.000336181818182, 284.865, 0.065, -166.779, 0.019, -191.089, 0.055, 234.225, 0.065, 244.47, 0.088, 185.694, 0.024, -106.855, 0.007, 215.759, 0.08, 237.079, 0.068, -118.449, 0.074, -140.03, 0.014, 211.719, 0.061,
032-pdn01ABABa1, 8.205290, 0.00226238016529, 156.454, 0.019, 228.148, 0.063, -136.984, 0.082, 244.586, 0.073, 157.386, 0.013, 229.097, 0.062, -151.034, 0.01, 220.055, 0.064, 184.78, 0.019, 197.081, 0.093, 161.27, 0.014, 171.692, 0.08,
032-pdn01ABABb1, 8.501970, 0.00107051239669, 197.419, 0.04, 189.194, 0.013, 201.294, 0.06, 185.345, 0.012, 236.22, 0.056, -134.013, 0.083, 178.247, 0.051, -149.092, 0.075, 210.96, 0.072, -192.159, 0.058, 220.313, 0.065, 199.548, 0.057,
032-pdn01ABBAa1, 8.195180, 0.000232991735537, 183.687, 0.015, 173.655, 0.085, 214.781, 0.066, -156.375, 0.01, 205.483, 0.014, 200.975, 0.056, 237.338, 0.065, 191.227, 0.012, 178.717, 0.014, 252.658, 0.084, 258.237, 0.06, -147.441, 0.009,
032-pdn01ABBAb1, 8.547210, 0.000473603305785, 258.021, 0.077, 166.357, 0.016, 192.75, 0.018, 257.161, 0.097, 241.039, 0.077, 143.567, 0.014, 198.272, 0.015, 252.916, 0.078, 221.414, 0.073, 165.054, 0.015, 164.356, 0.016, 263.511, 0.08,
032-pdn02ABABa1, 8.929580, 0.000154082644628, 213.697, 0.016, 240.706, 0.063, -160.657, 0.078, 240.835, 0.088, -145.591, 0.091, 258.009, 0.091, 216.969, 0.019, 242.308, 0.099, 188.506, 0.019, 268.518, 0.08, 174.417, 0.039, 217.591, 0.056,
032-pdn02ABABb1, 9.102260, 0.00024305785124, 299.139, 0.08, 220.301, 0.011, 256.875, 0.091, 195.448, 0.014, 233.654, 0.038, -141.836, 0.078, 247.35, 0.064, 181.953, 0.015, 257.987, 0.056, 169.657, 0.013, 268.087, 0.071, 173.673, 0.016,
032-pdn02ABBAa1, 4.101920, 0.12718677686, 159.501, 0.036, 161.603, 0.366, 216.003, 0.37, 155.176, 0.007, 96.3337, 0.055, 182.091, 0.398, 98.4964, 0.03, neg 137.072, 0.0, 130.036, 0.067, 120.734, 0.037, 153.484, 0.034, 198.593, 0.125,
032-pdn02ABBAb1, 8.698420, 0.000506595041322, 287.636, 0.092, 163.577, 0.013, 181.174, 0.01, 229.968, 0.081, 220.139, 0.079, 151.008, 0.014, 193.929, 0.014, 262.951, 0.105, 256.029, 0.105, 226.063, 0.029, 159.432, 0.016, 255.405, 0.082,
032-pdn03ABABa1, 8.683020, 0.00033279338843, 158.918, 0.015, 166.129, 0.048, 178.177, 0.016, 226.6, 0.07, 186.289, 0.016, 244.6, 0.073, 207.218, 0.015, 232.996, 0.077, 230.085, 0.012, 248.995, 0.087, 203.812, 0.014, 226.144, 0.072,
032-pdn03ABABb1, 8.722370, 0.000131239669421, 226.6, 0.059, 138.898, 0.013, 199.497, 0.062, 205.441, 0.017, 236.596, 0.07, 238.572, 0.026, 225.073, 0.067, 188.507, 0.027, 227.001, 0.063, 200.785, 0.02, 266.717, 0.056, 215.33, 0.021,
032-pdn03ABBAa1, 8.642060, 0.000204, 201.042, 0.016, 225.375, 0.069, 218.502, 0.081, 214.908, 0.017, 260.442, 0.015, 266.089, 0.111, 278.722, 0.059, 237.282, 0.021, 222.517, 0.021, 203.383, 0.11, 235.969, 0.063, 212.62, 0.074,
032-pdn03ABBAb1, 8.752570, 0.000438247933884, 283.187, 0.053, 192.325, 0.014, 196.351, 0.016, 259.527, 0.08, 226.389, 0.067, -195.77, 0.077, 229.93, 0.015, 278.556, 0.081, 259.882, 0.085, 164.161, 0.012, 218.219, 0.018, 277.528, 0.093,
032-pdn04ABABa1, 8.279850, 0.000578909090909, 167.492, 0.017, 244.035, 0.059, 212.457, 0.019, 239.113, 0.085, 226.63, 0.016, 282.516, 0.205, 217.599, 0.017, 223.734, 0.067, 218.172, 0.015, 271.086, 0.052, 235.924, 0.022, 204.335, 0.035,
032-pdn04ABABb1, 8.594440, 0.00117153719008, 254.534, 0.068, 220.259, 0.019, 271.381, 0.068, 263.1, 0.016, 238.767, 0.055, 217.854, 0.014, 221.815, 0.056, -181.639, 0.005, 241.541, 0.019, 228.449, 0.152, 213.375, 0.065, 214.599, 0.025,
032-pdn04ABBAa1, 7.622430, 0.00201842975207, -197.204, 0.077, 210.714, 0.067, 245.334, 0.068, 200.201, 0.02, 208.034, 0.022, 253.583, 0.077, 272.769, 0.077, 209.082, 0.005, 234.102, 0.027, 269.715, 0.064, 269.856, 0.05, -228.598, 0.005,
032-pdn04ABBAb1, 8.256570, 0.000232876033058, 283.192, 0.079, 230.433, 0.015, 230.938, 0.019, 268.6, 0.066, 286.258, 0.078, 259.044, 0.015, 232.694, 0.014, 242.152, 0.055, 240.428, 0.05, 269.864, 0.018, 253.538, 0.018, 255.383, 0.073,
032-pdn05ABABa1, 9.403420, 0.00025332231405, 245.571, 0.017, 212.937, 0.066, 221.202, 0.023, 259.701, 0.079, 203.567, 0.019, 249.145, 0.076, 219.246, 0.029, 175.516, 0.088, 261.857, 0.021, 254.702, 0.058, 221.06, 0.024, 217.044, 0.077,
032-pdn05ABABb1, 9.433240, 0.00100826446281, 247.33, 0.079, 229.233, 0.019, 215.935, 0.072, 201.482, 0.021, 240.103, 0.056, 240.032, 0.03, 270, 0.075, 259.573, 0.02, 230.403, 0.074, 232.053, 0.026, 272.213, 0.069, 243.188, 0.06,
032-pdn05ABBAa1, 9.382780, 0.0010087768595, 212.458, 0.016, 233.212, 0.068, 248.012, 0.08, 252.15, 0.017, 223.92, 0.025, 253.468, 0.072, 257.618, 0.066, 210.809, 0.018, 204.987, 0.019, 267.931, 0.075, 251.512, 0.07, 259.423, 0.019,
032-pdn05ABBAb1, 9.534150, 0.000387090909091, 289.48, 0.064, 240.948, 0.022, 205.616, 0.021, 268.835, 0.074, 257.636, 0.074, 207.838, 0.022, 223.058, 0.017, 269.915, 0.081, 231.243, 0.071, 208.349, 0.018, 267.381, 0.025, 245.729, 0.067,
032-pdn06ABABa1, 8.944690, 0.00124887603306, 237.448, 0.024, 232.495, 0.159, 226.822, 0.024, 264.457, 0.06, 192.175, 0.019, 283.432, 0.063, -134.855, 0.014, 287.126, 0.049, 258.316, 0.016, 298.847, 0.049, 228.884, 0.02, 259.736, 0.059,
032-pdn06ABABb1, 8.465300, 0.00175097520661, 257.455, 0.07, 227.073, 0.023, 251.53, 0.067, 247.661, 0.029, 252.251, 0.063, 218.493, 0.021, 306.958, 0.05, 216.02, 0.026, 312.582, 0.036, 240.333, 0.017, 339.682, 0.108, 202.488, 0.032,
032-pdn06ABBAa1, 8.887610, 0.00213583471074, 283.624, 0.019, 284.203, 0.07, 287.429, 0.082, 254.513, 0.017, 231.374, 0.02, 259.593, 0.075, 270.573, 0.057, 232.086, 0.023, 250.84, 0.015, 255.09, 0.046, 275.843, 0.017, 264.304, 0.078,
032-pdn06ABBAb1, 8.845150, 0.000467520661157, 324.618, 0.069, -191.155, 0.017, 256.165, 0.022, 279.993, 0.06, 263.521, 0.049, 233.967, 0.017, 248.268, 0.017, 268.57, 0.078, 329.299, 0.058, 205.89, 0.018, 227.32, 0.016, 251.427, 0.075,
032-pdn07ABABa1, 7.775220, 0.000911289256198, 243.62, 0.015, 214.486, 0.059, 207.19, 0.014, 241.959, 0.073, 210.712, 0.018, 267.395, 0.076, -154.023, 0.013, 244.67, 0.062, 142.323, 0.038, 258.518, 0.086, 223.91, 0.065, 223.839, 0.066,
032-pdn07ABABb1, 7.761850, 0.00113019834711, 246.918, 0.085, 186.078, 0.019, 245.1, 0.097, 223.494, 0.018, 248.366, 0.088, 214.079, 0.016, 229.243, 0.092, 221.106, 0.028, 267.719, 0.078, -245.436, 0.013, 251.269, 0.08, 207.884, 0.019,
032-pdn07ABBAa1, 7.711720, 0.000696809917355, 263.949, 0.015, 247.281, 0.067, 244.423, 0.061, 216.852, 0.015, 233.635, 0.017, 243.61, 0.056, 227.115, 0.062, 201.146, 0.015, 209.123, 0.017, 255.514, 0.078, 247.917, 0.061, 210.751, 0.074,
032-pdn07ABBAb1, 7.735020, 0.000693603305785, 211.568, 0.087, -145.174, 0.079, 230.478, 0.014, 222.793, 0.11, 208.646, 0.052, -145.517, 0.012, 212.194, 0.015, 234.489, 0.068, 262.187, 0.085, -223.698, 0.011, -148.643, 0.081, 181.634, 0.091,
032-pdn08ABABa1, 9.507760, 0.000149504132231, 287.169, 0.024, 283.105, 0.072, 256.377, 0.028, 265.07, 0.1, 215.966, 0.023, 287.75, 0.068, 289.289, 0.027, 308.99, 0.091, 289.262, 0.025, 314.618, 0.109, 289.931, 0.027, 277.91, 0.075,
032-pdn08ABABb1, 9.762510, 0.000362066115702, 286.023, 0.059, 225.411, 0.019, 277.641, 0.071, 257.007, 0.029, 256.21, 0.056, 276.038, 0.026, 268.247, 0.061, 262.081, 0.025, 290.791, 0.066, 294.188, 0.028, 310.389, 0.071, 269.887, 0.027,
032-pdn08ABBAa1, 9.681670, 0.000531603305785, 240.797, 0.027, 305.064, 0.075, 298.917, 0.072, 244.206, 0.028, 261.886, 0.027, 256.022, 0.071, 282.5, 0.078, 279.392, 0.031, 266.7, 0.033, 276.763, 0.071, 253.63, 0.093, 282.934, 0.031,
032-pdn08ABBAb1, 9.113180, 0.000120380165289, 312.516, 0.1, 198.331, 0.026, 238.533, 0.025, 260.716, 0.077, 262.394, 0.055, 213.423, 0.019, 253.071, 0.025, 244.901, 0.068, 249.987, 0.08, 245.969, 0.024, 280.463, 0.027, 307.943, 0.07,
032-pdn09ABABa1, 9.404380, 0.000889636363636, 236.077, 0.017, 219.026, 0.05, 243.588, 0.027, 232.822, 0.053, 234.214, 0.019, 254.547, 0.065, 241.252, 0.028, 241.752, 0.065, 208.948, 0.019, 217.435, 0.06, 223.632, 0.02, 213.553, 0.066,
032-pdn09ABABb1, 9.716800, 0.000356925619835, 251.801, 0.058, 227.428, 0.019, 257.245, 0.06, 217.845, 0.022, 241.584, 0.051, 248.386, 0.023, 256.139, 0.048, 256.233, 0.022, 268.257, 0.051, 248.937, 0.022, 259.174, 0.04, 231.6, 0.023,
032-pdn09ABBAa1, 9.299720, 0.00132008264463, 212.257, 0.029, 223.496, 0.044, 230.965, 0.06, 202.586, 0.02, 242.904, 0.019, 243.244, 0.053, 226.275, 0.037, 205.286, 0.016, 250.202, 0.02, 237.605, 0.049, 223.265, 0.052, 202.814, 0.017,
032-pdn09ABBAb1, 9.398600, 0.000633239669421, 259.866, 0.068, 229.874, 0.022, 219.267, 0.02, 258.026, 0.061, 196.741, 0.056, 244.016, 0.021, 186.938, 0.026, 257.275, 0.059, 228.315, 0.049, 213.633, 0.021, 238.528, 0.02, 216.273, 0.057,
032-pdn10ABABa1, 9.448170, 0.000617157024793, -237.396, 0.078, 264.196, 0.074, 248.365, 0.039, 284.285, 0.095, 271.819, 0.029, 242.539, 0.073, 235.611, 0.041, 285.769, 0.097, 245.024, 0.029, 259.975, 0.049, 243.232, 0.039, 260.239, 0.069,
032-pdn10ABABb1, 9.580480, 0.000830694214876, 265.212, 0.191, 222.228, 0.034, 282.639, 0.094, 225.287, 0.032, 257.605, 0.071, 254.318, 0.04, 252.606, 0.103, 260.107, 0.033, 281.912, 0.077, 264.539, 0.036, 276.747, 0.081, 252.846, 0.023,
032-pdn10ABBAa1, 9.446880, 0.0013598677686, 230.101, 0.157, 271.034, 0.081, 259.604, 0.095, 240.66, 0.036, 256.686, 0.028, 287.737, 0.102, 268.643, 0.086, 268.635, 0.043, 255.708, 0.032, 269.583, 0.082, 280.181, 0.07, 252.771, 0.041,
032-pdn10ABBAb1, 9.092120, 0.00260656198347, 313.453, 0.422, 231.168, 0.028, 256.472, 0.04, 268.796, 0.086, 299.948, 0.073, 259.374, 0.039, 264.549, 0.031, 285.632, 0.08, 292.393, 0.056, 264.942, 0.033, 213.644, 0.034, 281.933, 0.08,
032-pdn11ABABa1, 10.032800, 0.00103056198347, 260.053, 0.029, 263.486, 0.063, 257.6, 0.03, 248.488, 0.071, 218.026, 0.028, 257.002, 0.068, 247.025, 0.049, 258.418, 0.052, 237.611, 0.03, 272.245, 0.066, 219.703, 0.03, 260.291, 0.063,
032-pdn11ABABb1, 1.598660, 0.0142205123967, 161.748, 0.156, 175.866, 0.232, 111.79, 0.323, 151.502, 0.086, 144.571, 0.437, 175.202, 0.103, 158.909, 0.36, 266.779, 0.16, 156.195, 0.224, 205.366, 0.339, 220.821, 0.098, 152.278, 0.276,
032-pdn11ABBAa1, 9.616840, 0.000821636363636, 243.698, 0.03, 260.33, 0.066, 294.011, 0.08, 269.708, 0.025, 250.71, 0.025, 294.599, 0.088, 293.629, 0.103, 254.431, 0.026, 212.495, 0.018, 276.783, 0.057, 253.353, 0.075, 244.009, 0.037,
032-pdn11ABBAb1, 9.810730, 0.000654049586777, 244.577, 0.071, 214.005, 0.026, 211.249, 0.027, 249.637, 0.075, 245.247, 0.068, 242.011, 0.03, 220.518, 0.03, 264.025, 0.089, 247.656, 0.064, 252.438, 0.037, 237.932, 0.028, 280.062, 0.072,
032-pdn12ABABa1, 9.228300, 0.0104551735537, 244.093, 0.033, 232.467, 0.058, 246.393, 0.029, 277.973, 0.071, 237.215, 0.045, 135.199, 0.061, 161.051, 0.005, 119.412, 0.048, 188.88, 0.041, 266.655, 0.066, 231.072, 0.04, 235.182, 0.063,
032-pdn12ABABb1, 9.543850, 0.000443107438017, 297.829, 0.061, 219.675, 0.029, 272.178, 0.065, 262.948, 0.038, 259.693, 0.055, 232.63, 0.031, 286.972, 0.074, 202.392, 0.018, 253.533, 0.069, 251.203, 0.03, 285.459, 0.063, 251.527, 0.043,
032-pdn12ABBAa1, 9.640530, 0.00052347107438, 223.15, 0.023, 260.895, 0.063, 255.082, 0.056, 264.824, 0.022, 234.578, 0.028, 232.717, 0.062, 232.282, 0.065, 289.507, 0.022, 261.327, 0.035, 307.164, 0.07, 262.157, 0.056, 267.108, 0.045,
032-pdn12ABBAb1, 9.635530, 0.00100715702479, 266.529, 0.079, 230.802, 0.031, 265.418, 0.033, 259.976, 0.079, 272.715, 0.074, 234.832, 0.026, 237.681, 0.034, 263.323, 0.068, 264.238, 0.047, 254.254, 0.025, 252.264, 0.028, 263.756, 0.087,
032-psm01ABABa1, 8.965040, 0.000485504132231, 264.768, 0.098, 232.668, 0.012, 259.396, 0.101, 236.188, 0.019, 253.875, 0.054, 251.617, 0.022, 204.769, 0.015, 216.512, 0.015, 193.525, 0.015, 229.517, 0.014, 245.275, 0.013, 220.344, 0.018,
032-psm01ABABb1, 9.461720, 0.000469900826446, 248.018, 0.013, 242.737, 0.056, 236.448, 0.017, 228.654, 0.066, 247.468, 0.014, 291.587, 0.065, 226.863, 0.014, 263.453, 0.058, 251.806, 0.026, 240.271, 0.025, 260.063, 0.072, 241.592, 0.017,
032-psm01ABBAa1, 9.291430, 0.000212247933884, 228.444, 0.077, 241.716, 0.018, 225.977, 0.015, 236.231, 0.043, 252.818, 0.042, 248.732, 0.021, 220.28, 0.016, 278.327, 0.048, 233.712, 0.052, 220.058, 0.05, 250.051, 0.05, 241.513, 0.046,
032-psm01ABBAb1, 9.385840, 0.000354363636364, 205.34, 0.014, 289.49, 0.066, 260.774, 0.06, 259.098, 0.015, 222.961, 0.014, 208.069, 0.048, 240.273, 0.051, 234.565, 0.014, 233.462, 0.013, 253.67, 0.046, 241.7, 0.092, 249.051, 0.015,
032-psm02ABABa1, 8.989500, 0.000234545454545, 205.72, 0.055, 229.989, 0.014, 263.952, 0.056, 251.679, 0.009, 247.032, 0.046, 240.835, 0.014, 252.429, 0.062, 264.925, 0.009, 228.913, 0.054, 251.976, 0.012, 232.812, 0.026, 233.17, 0.013,
032-psm02ABABb1, 8.675860, 0.000339140495868, 204.893, 0.014, 243.483, 0.065, 246.915, 0.017, 267.471, 0.051, 249.921, 0.009, 257.768, 0.059, 236.922, 0.015, 264.233, 0.016, 218.547, 0.013, 280.91, 0.048, 294.101, 0.01, 259.827, 0.057,
032-psm02ABBAa1, 8.578830, 0.000580429752066, 228.638, 0.072, 213.112, 0.016, -217.38, 0.008, 225.115, 0.055, 229.444, 0.055, 250.947, 0.013, 242.65, 0.015, 245.124, 0.062, 252.872, 0.04, 208.028, 0.014, 266.401, 0.02, 236.838, 0.045,
032-psm02ABBAb1, 8.692200, 0.000533719008264, 197.688, 0.01, 243.051, 0.058, 277.85, 0.057, 285.311, 0.02, 195.932, 0.014, 251.612, 0.04, 252.681, 0.052, 218.33, 0.015, 198.957, 0.014, 234.324, 0.018, 225.822, 0.005, 235.003, 0.023,
032-psm03ABABa1, 10.474600, 0.000569355371901, 242.472, 0.066, 223.94, 0.014, 287.533, 0.076, 218.088, 0.015, 291.585, 0.077, 247.554, 0.016, 298.05, 0.098, 260.104, 0.014, 333.341, 0.08, 267.755, 0.014, 309.632, 0.071, 260.414, 0.024,
032-psm03ABABb1, 12.154200, 0.0111676528926, 117.148, 0.071, 150.11, 0.009, 139.218, 0.031, 247.311, 0.075, 248.607, 0.015, 289.745, 0.083, 226.223, 0.014, 307.411, 0.072, 261.2, 0.016, 272.575, 0.061, 111.428, 0.033, 140.069, 0.026,
032-psm03ABBAa1, 10.050800, 0.000559966942149, 260.765, 0.073, 209.846, 0.009, 203.796, 0.015, 286.761, 0.097, 287.407, 0.079, 225.293, 0.017, 248.068, 0.012, 299.645, 0.072, 250.797, 0.022, 238.496, 0.014, 231.638, 0.017, 251.74, 0.082,
032-psm03ABBAb1, 10.428900, 0.000411603305785, 183.338, 0.014, 276.416, 0.041, 291.53, 0.068, 213.2, 0.016, 226.875, 0.025, 234.72, 0.035, 294.67, 0.087, 263.554, 0.017, 227.386, 0.025, 284.023, 0.062, 286.089, 0.067, 255.476, 0.013,
032-psm04ABABa1, 9.351370, 0.000171272727273, 235.789, 0.059, 177.196, 0.017, 247.532, 0.038, 226.789, 0.016, 258.512, 0.063, 245.047, 0.026, 261.922, 0.042, 261.01, 0.015, 254.733, 0.037, 245.299, 0.018, 264.246, 0.046, 244.62, 0.013,
032-psm04ABABb1, 9.001790, 0.000398958677686, 185.096, 0.021, 240.327, 0.064, 251.322, 0.008, 247.084, 0.057, 230.164, 0.014, 260.393, 0.053, 172.67, 0.015, 250.455, 0.047, 262.115, 0.038, 255.505, 0.05, 236.612, 0.017, 229.606, 0.023,
032-psm04ABBAa1, 9.268090, 0.000228247933884, 241.702, 0.058, 218.335, 0.026, 237.016, 0.019, 209.439, 0.047, 237.024, 0.036, 256.148, 0.021, 247.503, 0.016, 263.389, 0.054, 203.491, 0.019, 225.133, 0.015, 215.006, 0.018, 243.856, 0.058,
032-psm04ABBAb1, 9.159670, 0.000452876033058, 235.199, 0.015, 208.815, 0.05, 249.143, 0.045, 257.204, 0.012, 233.695, 0.014, 249.603, 0.055, 223.02, 0.021, 247.503, 0.017, 210.059, 0.023, 261.52, 0.067, 258.261, 0.054, 228.832, 0.005,
032-psm05ABABa1, 8.967360, 0.000567537190083, 279.207, 0.07, 179.454, 0.021, 266.22, 0.079, 244.754, 0.017, 267.862, 0.077, 231.666, 0.021, 266.515, 0.083, 226.562, 0.02, 246.449, 0.053, 250.629, 0.023, 271.103, 0.073, 180.541, 0.054,
032-psm05ABABb1, 9.426950, 0.000242247933884, 201.942, 0.02, -202.167, 0.119, 181.317, 0.015, 293.175, 0.091, 176.484, 0.017, 247.344, 0.038, 204.227, 0.021, 271.272, 0.071, 213.241, 0.023, 241.258, 0.027, 212.909, 0.038, 233.122, 0.036,
032-psm05ABBAa1, 9.392010, 4.23305785124e-05, 244.572, 0.053, 222.414, 0.022, 224.67, 0.017, 254.916, 0.071, 282.97, 0.066, 263.829, 0.024, 248.798, 0.018, 285.555, 0.078, 268.351, 0.057, 248.21, 0.017, 261.328, 0.018, 259.506, 0.087,
032-psm05ABBAb1, 9.051970, 0.00156165289256, 218.278, 0.015, 188.2, 0.06, 225.701, 0.069, 215.343, 0.017, 194.492, 0.017, 278.257, 0.077, 223.705, 0.037, 226.661, 0.022, 188.317, 0.023, 268.292, 0.09, 187.184, 0.042, 246.363, 0.022,
032-psm06ABABa1, 8.842140, 0.00089826446281, 280.545, 0.071, 251.232, 0.021, 229.543, 0.075, 217.049, 0.018, 220.688, 0.061, 209.563, 0.02, 261.008, 0.069, 265.285, 0.022, 231.227, 0.054, 195.141, 0.019, 235.036, 0.041, 255.806, 0.022,
032-psm06ABABb1, 9.006360, 0.000569818181818, 260.119, 0.017, 230.045, 0.072, 247.585, 0.021, 251.642, 0.06, 250.589, 0.026, 232.98, 0.062, 249.135, 0.019, 232.784, 0.063, 262.252, 0.018, 226.738, 0.069, 231.963, 0.02, 225.483, 0.069,
032-psm06ABBAa1, 8.846530, 0.000417603305785, 251.092, 0.071, 225.802, 0.022, 217.995, 0.025, 262.584, 0.066, 255.881, 0.063, 270.979, 0.027, 250.645, 0.021, 256.261, 0.066, 271.402, 0.072, 238.511, 0.022, 261.326, 0.021, 223.851, 0.081,
032-psm06ABBAb1, 8.814310, 0.000643157024793, 314.074, 0.016, 261.575, 0.095, 254.64, 0.079, 241.762, 0.028, 233.851, 0.022, 270.878, 0.064, 234.402, 0.081, 251.453, 0.022, 212.303, 0.022, 260.489, 0.063, 277.339, 0.095, 209.931, 0.023,
032-psm07ABABa1, 8.835480, 0.000896628099174, 267.514, 0.078, 262.878, 0.023, 314.405, 0.097, 244.149, 0.02, 255.603, 0.077, 286.186, 0.022, 259.972, 0.096, 220.403, 0.087, 270.704, 0.045, 276.356, 0.024, 257.847, 0.084, 238.485, 0.073,
032-psm07ABABb1, 8.533720, 0.000684049586777, 272.182, 0.017, 302.746, 0.072, 230.729, 0.028, 251.532, 0.095, 281.96, 0.025, 222.059, 0.064, 315.406, 0.05, 270.56, 0.06, 322.012, 0.025, 270.355, 0.063, 296.67, 0.022, 282.258, 0.067,
032-psm07ABBAa1, 8.887600, 0.00105905785124, 179.685, 0.077, 267.278, 0.02, 257.872, 0.016, 291.619, 0.096, 298.957, 0.081, 294.508, 0.016, 203.737, 0.013, 282.41, 0.071, 296.769, 0.021, 281.044, 0.02, 288.459, 0.016, 229.191, 0.074,
032-psm07ABBAb1, 8.834490, 0.000682148760331, 265.332, 0.016, 255.055, 0.062, 300.705, 0.089, 289.871, 0.016, 225.747, 0.02, 320.601, 0.096, 302.429, 0.078, 239.037, 0.022, 252.278, 0.019, 234.48, 0.086, 299.732, 0.096, 272.202, 0.08,
032-psm08ABABa1, 9.610880, 0.000689454545455, 292.199, 0.065, 251.222, 0.021, 270.204, 0.055, 288.53, 0.028, 287.056, 0.045, 252.06, 0.026, 285.387, 0.07, 274.426, 0.02, 251.323, 0.038, 220.802, 0.021, 310.613, 0.067, 269.225, 0.026,
032-psm08ABABb1, 9.790370, 0.000855702479339, 223.636, 0.015, 259.265, 0.074, 183.946, 0.02, 312.405, 0.073, 208.838, 0.015, 280.484, 0.059, 270.898, 0.015, 291.745, 0.052, 236.452, 0.013, 271.868, 0.054, 216.512, 0.016, 293.593, 0.044,
032-psm08ABBAa1, 9.641530, 0.00025732231405, 339.48, 0.072, 255.81, 0.016, 236.692, 0.016, 281.66, 0.06, 278.538, 0.051, 224.113, 0.021, 229.657, 0.019, 169.74, 0.028, 295.055, 0.034, 250.833, 0.019, 230.142, 0.021, 273.761, 0.066,
032-psm08ABBAb1, 9.843970, 0.000255900826446, 225.11, 0.02, 271.569, 0.062, 266.175, 0.06, 215.841, 0.019, 223.759, 0.016, 246.547, 0.043, 213.872, 0.025, 285.525, 0.016, 244.978, 0.02, 283.176, 0.051, 279.176, 0.053, 236.148, 0.027,
032-psm09ABABa1, 9.040960, 0.00105170247934, 244.793, 0.07, 203.308, 0.022, 262.671, 0.08, 227.022, 0.025, 283.646, 0.075, 243.664, 0.03, 249.055, 0.061, -168.719, 0.089, 260.68, 0.073, 259.626, 0.026, 205.211, 0.005, 178.288, 0.059,
032-psm09ABABb1, 8.815750, 0.000806561983471, 242.299, 0.023, 240.569, 0.066, 228.581, 0.021, 228.123, 0.079, 265.264, 0.041, 227.272, 0.094, 220.127, 0.033, 206.41, 0.092, 261.632, 0.023, 256.335, 0.083, 247.386, 0.033, 243.449, 0.091,
032-psm09ABBAa1, 9.397920, 0.000369702479339, 285.485, 0.076, 260.49, 0.025, 243.021, 0.026, 276.376, 0.101, 303.272, 0.096, 216.88, 0.024, 268.041, 0.032, 269.979, 0.081, 269.082, 0.075, 228.535, 0.027, 261.887, 0.039, 295.177, 0.081,
032-psm09ABBAb1, 9.230840, 0.000454876033058, 210.77, 0.032, 205.753, 0.063, 252.898, 0.042, 227.767, 0.028, 252.118, 0.038, 295.029, 0.076, 272.317, 0.061, 253.976, 0.023, 259.597, 0.033, 291.307, 0.091, 256.472, 0.071, 220.249, 0.025,
032-psm10ABABa1, 9.633950, 0.000181421487603, 257.347, 0.069, 210.707, 0.02, 253.224, 0.066, 248.221, 0.02, 230.847, 0.068, 226.335, 0.058, 290.429, 0.027, 266.586, 0.02, 260.705, 0.063, 239.621, 0.024, 278.64, 0.028, 262.548, 0.053,
032-psm10ABABb1, 9.675890, 0.000316743801653, 225.822, 0.02, 243.888, 0.062, 244.67, 0.023, 272.652, 0.073, 258.72, 0.021, 300.992, 0.079, 284.914, 0.026, 275.897, 0.059, 238.473, 0.021, 290.7, 0.069, 271.289, 0.047, 244.3, 0.058,
032-psm10ABBAa1, 9.733240, 0.000299719008264, 264.918, 0.082, 176.741, 0.021, 250.337, 0.025, 290.514, 0.076, 259.908, 0.043, 232.447, 0.018, 223.682, 0.016, 258.151, 0.07, 256.843, 0.021, 260.301, 0.017, 277.923, 0.033, 262.208, 0.026,
032-psm10ABBAb1, 9.635740, 9.0694214876e-05, 277.463, 0.018, 263.99, 0.07, 284.993, 0.021, 266.078, 0.045, 271.409, 0.064, 259.379, 0.054, 270.857, 0.024, 274.533, 0.029, 242.831, 0.021, 235.506, 0.078, 268.321, 0.069, 251.218, 0.049,
032-psm11ABABa1, 9.206250, 0.000824181818182, 303.142, 0.079, 209.717, 0.028, 309.135, 0.074, 232.543, 0.043, 264.238, 0.057, 209.194, 0.041, 241.518, 0.039, 240.937, 0.04, 250.396, 0.08, 283.706, 0.049, 286.988, 0.066, 300.221, 0.043,
032-psm11ABABb1, 9.206930, 0.00108080991736, 265.634, 0.03, 230.929, 0.069, 227.796, 0.033, 293.004, 0.089, 248.361, 0.04, 303.342, 0.064, 248.991, 0.051, 257.172, 0.061, 238.167, 0.04, 299.086, 0.067, 238.335, 0.041, 142.445, 0.013,
032-psm11ABBAa1, 9.750170, 0.00132456198347, 266.456, 0.07, 278.185, 0.034, 234.3, 0.033, 280.085, 0.084, 311.879, 0.064, 278.084, 0.03, 252.337, 0.023, 296.2, 0.084, 286.927, 0.076, 254.657, 0.028, 253.464, 0.03, 293.576, 0.081,
032-psm11ABBAb1, 9.482340, 0.000211289256198, 231.366, 0.029, 275.086, 0.084, 276.884, 0.097, 264.946, 0.037, 239.507, 0.02, 284.096, 0.068, 291.786, 0.075, 238.464, 0.033, 272.537, 0.026, 297.097, 0.076, 291.94, 0.061, 313.406, 0.033,
032-psm12ABABa1, 9.872580, 0.000303719008264, 206.803, 0.077, 196.723, 0.022, 234.796, 0.079, 229.97, 0.029, 268.491, 0.026, 213.903, 0.033, 260.017, 0.08, 263.361, 0.029, 294.703, 0.087, 237.474, 0.025, 230.691, 0.065, 221.811, 0.044,
032-psm12ABABb1, 9.438430, 0.000377834710744, 241.483, 0.02, 270.411, 0.085, 223.803, 0.03, 240.934, 0.098, 231.214, 0.023, 298.676, 0.085, 225.762, 0.035, 256.238, 0.101, 235.911, 0.028, 261.296, 0.073, 236.507, 0.026, 154.139, 0.086,
032-psm12ABBAa1, 9.452120, 0.000553107438017, 239.876, 0.08, 198.31, 0.021, 162.244, 0.017, 249.205, 0.107, 279.41, 0.097, 198.681, 0.026, 208.388, 0.024, 272.275, 0.092, 280.084, 0.096, 240.398, 0.031, 239.546, 0.022, 273.48, 0.075,
032-psm12ABBAb1, 9.356570, 0.000583140495868, 292.989, 0.017, 284.728, 0.075, 240.298, 0.075, 228.997, 0.022, 212.836, 0.005, 242.603, 0.078, 230.787, 0.102, 229.518, 0.033, 246.679, 0.021, 244.419, 0.066, 193.53, 0.046, 256.795, 0.032,
032-psn01ABABa1, 7.916660, 0.0025634214876, 251.4, 0.072, 140.658, 0.005, 267.5, 0.081, -148.957, 0.005, 259.447, 0.064, 210.874, 0.005, 227.412, 0.07, 174.332, 0.059, 271.368, 0.049, 191.979, 0.021, 251.66, 0.065, -164.864, 0.005,
032-psn01ABABb1, 8.104010, 0.00126290909091, 220.867, 0.011, 245.991, 0.076, 223.988, 0.02, -174.599, 0.077, 264.705, 0.021, 206.83, 0.057, 227.13, 0.016, -160.475, 0.005, 281.952, 0.016, 259.508, 0.059, 254.749, 0.016, 178.847, 0.005,
032-psn01ABBAa1, 8.209150, 0.000482181818182, 248.102, 0.067, -159.711, 0.08, 240.19, 0.005, 282.65, 0.065, 263.298, 0.078, 213.772, 0.018, 237.528, 0.034, 229.074, 0.06, 217.09, 0.058, 244.265, 0.023, 250.606, 0.015, 201.609, 0.066,
032-psn01ABBAb1, 8.325520, 0.000622975206612, 195.387, 0.014, 236.491, 0.076, 243.577, 0.054, 253.44, 0.018, -151.464, 0.079, 210.308, 0.027, 243.95, 0.048, 175.405, 0.005, 254.947, 0.021, 258.878, 0.039, 248.986, 0.028, 243.087, 0.032,
032-psn02ABABa1, 8.940660, 0.00051105785124, 181.816, 0.053, 163.304, 0.024, 270.592, 0.081, 201.954, 0.023, 298.091, 0.075, 175.099, 0.01, 272.356, 0.061, -186.788, 0.062, 239.254, 0.07, 195.229, 0.023, 243.559, 0.079, 232.149, 0.032,
032-psn02ABABb1, 8.783420, 0.000477504132231, 212.28, 0.016, 222.663, 0.058, 217.255, 0.025, 245.443, 0.061, 230.657, 0.018, 278.472, 0.051, 221.098, 0.005, 200.227, 0.074, 196.931, 0.022, 251.992, 0.076, 186.463, 0.017, 262.281, 0.061,
032-psn02ABBAa1, 8.925920, 0.000198198347107, 204.031, 0.059, 241.511, 0.015, 204.921, 0.016, 238.459, 0.058, 253.654, 0.068, 275.839, 0.015, 235.018, 0.012, 261.485, 0.065, 251.975, 0.046, 255.537, 0.011, 249.509, 0.021, 211.218, 0.08,
032-psn02ABBAb1, 8.607290, 0.00116242975207, -166.023, 0.144, 234.541, 0.053, 275.839, 0.066, 251.57, 0.015, -168.801, 0.017, 281.087, 0.093, 285.495, 0.067, 201.286, 0.015, 235.461, 0.02, 269.055, 0.074, 257.416, 0.059, 194.433, 0.015,
032-psn03ABABa1, 9.044990, 0.000877702479339, 263.099, 0.087, 175.573, 0.015, 257.632, 0.064, 244.052, 0.054, 256.306, 0.037, 197.402, 0.019, 246.852, 0.06, 226.755, 0.036, 249.023, 0.051, 248.575, 0.018, 285.813, 0.078, 204.001, 0.017,
032-psn03ABABb1, 9.007830, 0.000485719008264, 191.387, 0.015, 210.897, 0.089, 210.621, 0.015, 250.528, 0.095, 226.33, 0.013, 194.905, 0.052, 223.659, 0.016, 257.421, 0.056, -176.281, 0.011, 180.341, 0.022, 244.488, 0.014, 216.398, 0.081,
032-psn03ABBAa1, 9.250380, 0.0011227768595, 241.623, 0.065, 166.122, 0.006, -131.734, 0.062, 233.055, 0.064, 220.017, 0.077, 180.695, 0.02, 205.715, 0.015, 228.145, 0.078, 249.305, 0.051, -135.302, 0.07, 203.135, 0.017, 216.597, 0.017,
032-psn03ABBAb1, 9.243890, 0.000390049586777, 194.993, 0.013, 210.185, 0.051, 217.825, 0.067, 248.655, 0.02, 263.014, 0.018, 281.215, 0.073, 270.554, 0.069, 251.748, 0.016, 244.072, 0.015, 248.398, 0.018, 253.344, 0.031, 211.896, 0.088,
032-psn04ABABa1, 8.924250, 0.000579272727273, 249.148, 0.074, 256.147, 0.017, 271.329, 0.063, 199.482, 0.018, 229.71, 0.043, 291.28, 0.015, 256.86, 0.069, 260.505, 0.019, 230.095, 0.02, 252.238, 0.019, 254.432, 0.047, 214.961, 0.023,
032-psn04ABABb1, 8.961290, 0.000273520661157, 257.718, 0.01, 223.493, 0.053, 231.684, 0.014, 270.459, 0.057, 247.934, 0.014, 271.577, 0.063, 216.32, 0.013, 256.076, 0.055, 169.478, 0.005, 214.146, 0.029, 231.879, 0.019, 204.24, 0.038,
032-psn04ABBAa1, 9.083220, 0.000224809917355, 269.346, 0.075, 204.631, 0.017, 188.95, 0.018, 208.455, 0.074, 252.755, 0.046, 225.784, 0.015, 269.144, 0.014, 231.159, 0.072, 272.594, 0.047, 226.292, 0.012, 213.7, 0.014, 225.683, 0.017,
032-psn04ABBAb1, 9.284240, 0.000132429752066, 192.932, 0.014, 254.129, 0.071, 266.423, 0.052, 266.105, 0.014, 205.531, 0.015, 268.167, 0.045, 257.538, 0.065, 225.921, 0.015, 227.281, 0.014, 256.217, 0.046, 251.865, 0.065, 249.782, 0.013,
032-psn05ABABa1, 9.432320, 0.00166241322314, 250.936, 0.069, 213.517, 0.02, -239.278, 0.148, 217.656, 0.022, 278.616, 0.069, 245.002, 0.017, 191.329, 0.054, 275.212, 0.021, 256.122, 0.078, 203.815, 0.022, 213.456, 0.005, 267.8, 0.023,
032-psn05ABABb1, 9.152220, 0.00393451239669, 250.95, 0.178, 253.852, 0.054, 263.82, 0.014, 264.312, 0.06, 166.748, 0.005, 267.666, 0.053, 235.966, 0.014, 169.613, 0.039, 179.965, 0.016, 287.315, 0.057, 277.26, 0.027, 292.315, 0.053,
032-psn05ABBAa1, 9.021160, 0.000973173553719, 239.511, 0.271, 173.574, 0.017, 225.687, 0.016, 239.137, 0.049, 265.764, 0.059, 206.959, 0.018, 234.302, 0.019, 234.669, 0.07, 286.545, 0.077, 235.296, 0.022, 284.255, 0.017, 269.25, 0.064,
032-psn05ABBAb1, 9.748510, 0.00213661157025, 224.69, 0.014, 269.921, 0.056, 249.348, 0.068, 240.682, 0.028, 170.313, 0.035, 269.423, 0.057, 225.784, 0.055, 248.08, 0.017, 221.195, 0.033, 263.949, 0.044, 294.88, 0.063, 235.394, 0.022,
032-psn06ABABa1, 8.762850, 0.00062279338843, 238.373, 0.071, 188.39, 0.015, 264.903, 0.04, 252.497, 0.02, 304.418, 0.048, 254.324, 0.019, 305.688, 0.051, 250.708, 0.026, 221.519, 0.031, 222.397, 0.011, 200.261, 0.04, -181.15, 0.058,
032-psn06ABABb1, 8.542920, 0.000881900826446, 226.222, 0.019, 260.649, 0.059, 230.422, 0.018, 253.535, 0.043, 220.918, 0.019, 277.207, 0.037, 256.276, 0.019, 251.595, 0.047, 165.102, 0.005, 219.533, 0.005, -193.866, 0.079, 244.476, 0.077,
032-psn06ABBAa1, 8.612440, 0.000552380165289, 301.379, 0.073, 218.305, 0.02, -120.385, 0.086, 297.13, 0.048, 274.17, 0.051, 260.948, 0.021, -150.264, 0.075, 243.167, 0.019, 253.785, 0.047, 238.473, 0.031, 280.954, 0.016, 274.521, 0.021,
032-psn06ABBAb1, 8.866860, 0.00047905785124, 204.55, 0.014, 247.218, 0.059, 255.85, 0.031, 239.302, 0.01, 237.507, 0.043, 231.724, 0.029, 251.148, 0.063, 232.668, 0.016, -148.143, 0.02, 211.805, 0.053, 284.751, 0.062, 260.099, 0.021,
032-psn07ABABa1, 8.288190, 0.000348694214876, 269.106, 0.08, 221.316, 0.019, 267.62, 0.076, 219.015, 0.021, 264.732, 0.068, 223.064, 0.019, 278.146, 0.107, 255.906, 0.02, 278.254, 0.086, 237.28, 0.025, 220.217, 0.106, 192.301, 0.075,
032-psn07ABABb1, 7.861120, 0.00116552066116, 256.747, 0.018, 285.336, 0.093, 216.817, 0.016, 258.588, 0.091, 242.595, 0.018, 203.234, 0.115, 201.105, 0.021, 264.21, 0.085, 229.453, 0.016, 247.194, 0.086, 233.114, 0.024, 287.405, 0.087,
032-psn07ABBAa1, 8.529030, 0.000398925619835, 274.647, 0.068, 208.205, 0.017, 204.705, 0.021, 283.343, 0.077, 270.903, 0.068, 200.84, 0.023, 243.697, 0.026, 263.052, 0.097, 277.423, 0.089, 245.395, 0.015, 241.932, 0.017, 265.973, 0.094,
032-psn07ABBAb1, 8.219650, 0.000406429752066, 212.492, 0.015, 267.306, 0.08, 295.139, 0.1, 201.865, 0.014, 215.608, 0.016, 266.594, 0.085, 273.787, 0.097, 219.746, 0.015, 215.87, 0.02, 269.754, 0.084, 286.486, 0.081, 232.408, 0.018,
032-psn08ABABa1, 8.994670, 0.000282595041322, 167.22, 0.084, 237.285, 0.022, 265.34, 0.085, 241.982, 0.024, 252.493, 0.067, 220.495, 0.021, 200.947, 0.069, 238.599, 0.023, 299.58, 0.066, 247.353, 0.029, 214.201, 0.055, 225.842, 0.026,
032-psn08ABABb1, 8.764640, 0.000653834710744, 247.389, 0.021, 247.913, 0.058, 183.484, 0.024, 269.342, 0.077, 194.082, 0.017, 222.064, 0.044, 240.106, 0.03, 205.985, 0.041, 262.998, 0.017, 282.218, 0.088, 234.647, 0.026, -174.553, 0.068,
032-psn08ABBAa1, 8.799400, 0.000584991735537, 250.279, 0.083, 212.719, 0.017, 218.361, 0.016, 238.383, 0.072, 263.879, 0.044, 255.081, 0.068, 193.609, 0.019, 211.663, 0.033, 267.378, 0.018, 220.604, 0.021, 227.641, 0.023, -185.192, 0.005,
032-psn08ABBAb1, 9.034110, 0.00187801652893, 269.482, 0.018, 210.474, 0.024, 275.326, 0.061, 188.565, 0.018, 230.442, 0.016, 240.795, 0.073, 191.095, 0.069, 202.395, 0.014, 233.39, 0.016, 169.491, 0.005, 189.919, 0.051, 213.5, 0.02,
032-psn09ABABa1, 9.290100, 0.000373636363636, 247.5, 0.062, 213.243, 0.023, 235.688, 0.056, 223.109, 0.023, 291.649, 0.069, 219.862, 0.024, 221.805, 0.075, 225.886, 0.032, 231.994, 0.072, 231.527, 0.035, 283.99, 0.064, 293.152, 0.028,
032-psn09ABABb1, 9.440260, 0.000839355371901, 244.014, 0.027, 266.494, 0.083, 238.914, 0.024, 225.005, 0.075, 265.791, 0.028, 214.013, 0.038, 231.213, 0.028, 258.146, 0.075, 282.274, 0.026, 284.588, 0.083, 241.685, 0.028, 233.948, 0.04,
032-psn09ABBAa1, 8.911190, 0.00041305785124, 306.436, 0.084, 269.375, 0.029, 254.406, 0.029, 294.199, 0.092, 307.387, 0.067, 260.557, 0.025, 242.964, 0.028, 105.649, 0.027, 267.422, 0.045, 297.093, 0.075, 272.571, 0.062, 270.857, 0.068,
032-psn09ABBAb1, 9.496950, 0.00116114049587, 251.618, 0.025, 261.621, 0.081, 223.017, 0.063, 218.278, 0.021, 221.17, 0.023, 277.51, 0.077, 272.141, 0.077, 287.083, 0.026, 230.633, 0.024, 288.094, 0.091, 213.571, 0.045, 278.86, 0.033,
032-psn10ABABa1, 8.634800, 0.00106059504132, 253.537, 0.065, 245.689, 0.025, 279.798, 0.092, 271.843, 0.026, 301.846, 0.104, 227.957, 0.034, 273.675, 0.079, 239.162, 0.035, 321.742, 0.111, 245.005, 0.037, 228.424, 0.05, 255.958, 0.084,
032-psn10ABABb1, 9.123720, 0.000722330578512, 286.268, 0.016, 270.104, 0.066, 215.731, 0.024, 297.873, 0.078, 237.246, 0.026, 279.607, 0.075, 241.982, 0.041, 213.861, 0.037, 280.529, 0.023, 307.291, 0.084, 239.742, 0.029, 247.942, 0.071,
032-psn10ABBAa1, 9.376570, 0.00457044628099, 233.472, 0.071, 243.592, 0.021, 240.743, 0.02, 270.117, 0.07, 249.728, 0.042, 259.8, 0.024, 234.175, 0.024, 270.863, 0.101, 303.826, 0.058, 265.057, 0.027, 257.147, 0.021, 247.696, 0.112,
032-psn10ABBAb1, 8.883580, 0.00106226446281, -168.032, 0.077, 188.577, 0.173, 263.217, 0.028, 268.405, 0.025, 259.98, 0.025, 286.82, 0.065, 266.9, 0.091, 204.457, 0.095, 261.9, 0.052, 255.699, 0.035, 275.305, 0.049, 191.917, 0.062,
032-psn11ABABa1, 9.000510, 0.00101932231405, 276.598, 0.074, 200.674, 0.031, 247.308, 0.07, 251.721, 0.032, 214.524, 0.089, 256.179, 0.041, -186.375, 0.061, 210.227, 0.005, 217.592, 0.039, 205.204, 0.04, 279.155, 0.077, 207.917, 0.005,
032-psn11ABABb1, 9.804090, 0.000725107438017, 258.439, 0.035, 282.986, 0.061, 212.945, 0.036, 243.002, 0.072, 225.196, 0.036, 267.657, 0.067, 308.815, 0.033, 268.604, 0.064, 289.294, 0.038, 283.648, 0.071, 280.28, 0.028, 269.385, 0.03,
032-psn11ABBAa1, 9.999030, 0.000705867768595, 294.432, 0.069, 249.3, 0.033, 243.815, 0.03, 293.065, 0.065, 279.039, 0.066, 254.07, 0.023, 277.427, 0.03, 235.973, 0.053, 269.059, 0.031, 257.771, 0.026, 280.453, 0.03, -154.796, 0.055,
032-psn11ABBAb1, 9.867210, 0.000314148760331, 231.169, 0.031, 289.597, 0.057, 272.783, 0.059, 165.081, 0.039, 231.834, 0.028, 293.228, 0.067, 270.05, 0.046, 253.612, 0.018, 275.151, 0.03, 269.31, 0.061, 280.396, 0.053, 180.438, 0.025,
032-psn12ABABa1, 8.773100, 0.00120790082645, 255.312, 0.076, -120.128, 0.015, 209.456, 0.08, 216.723, 0.022, 217.205, 0.058, 210.063, 0.022, 209.175, 0.051, 190.18, 0.016, 259.697, 0.075, 196.149, 0.016, 227.702, 0.063, -202.721, 0.077,
032-psn12ABABb1, 9.331280, 0.000412727272727, 225.846, 0.018, 239.957, 0.07, 191.693, 0.016, 264.45, 0.074, 171.745, 0.02, 232.81, 0.052, 211.14, 0.021, 260.453, 0.051, -146.143, 0.019, 237.597, 0.058, 201.088, 0.026, 209.126, 0.048,
032-psn12ABBAa1, 9.226200, 0.000217157024793, 205.101, 0.074, -132.173, 0.077, 177.092, 0.019, 241.752, 0.086, 249.945, 0.055, -157.113, 0.085, 216.841, 0.018, 254.042, 0.087, 239.872, 0.061, 209.154, 0.021, 170.557, 0.018, 174.976, 0.071,
032-psn12ABBAb1, 9.209630, 0.000295966942149, 217.654, 0.016, 260.53, 0.082, 234.41, 0.07, 217.517, 0.021, 205.347, 0.025, 205.919, 0.082, 248.693, 0.074, 201.561, 0.019, 210.363, 0.02, 241.031, 0.086, 229.411, 0.078, -147.77, 0.014,
