014-pdm01ABABa1, 8.869450, 0.000340611570248, -152.196, 0.078, 205.805, 0.073, 229.85, 0.013, 224.673, 0.061, 211.85, 0.026, 234.329, 0.073, 201.69, 0.012, 210.242, 0.067, -197.129, 0.088, 238.533, 0.108, 176.98, 0.03, 216.599, 0.105,
014-pdm01ABABb1, 9.431600, 0.000996776859504, 204.21, 0.067, 187.775, 0.017, 254.243, 0.071, 187.029, 0.014, 225.217, 0.074, -147.33, 0.016, 254.811, 0.079, 164.124, 0.014, 223.819, 0.089, 196.333, 0.03, 264.317, 0.093, 182.728, 0.028,
014-pdm01ABBAa1, 8.922840, 0.000317685950413, -166.141, 0.005, 222.336, 0.063, 220.447, 0.073, 157.317, 0.005, 234.528, 0.03, 195.481, 0.105, 221.788, 0.096, 182.093, 0.023, 181.365, 0.02, 223.618, 0.079, -199.756, 0.121, 167.68, 0.022,
014-pdm01ABBAb1, 8.669960, 0.00146251239669, 210.944, 0.077, -134.402, 0.082, -106.033, 0.088, 200.868, 0.078, 222.329, 0.092, -169.324, 0.056, 163.182, 0.037, 232.052, 0.092, 218.344, 0.075, 186.168, 0.014, 226.051, 0.027, 221.128, 0.106,
014-pdm02ABABa1, 10.752900, 0.0010173553719, 175.127, 0.012, 228.523, 0.083, 182.065, 0.012, 208.939, 0.072, 195.099, 0.013, 226.047, 0.055, 214.645, 0.013, 223.735, 0.051, 226.897, 0.013, 234.122, 0.058, 195.639, 0.012, 227.074, 0.039,
014-pdm02ABABb1, 10.088900, 0.000426082644628, 246.547, 0.061, 231.874, 0.021, 190.744, 0.077, 220.309, 0.015, 176.154, 0.044, 149.733, 0.013, 211.28, 0.081, 217.742, 0.011, 217.411, 0.079, 160.809, 0.016, 185.567, 0.058, -144.22, 0.014,
014-pdm02ABBAa1, 9.773530, 0.00172705785124, 161.896, 0.029, 226.46, 0.087, 188.834, 0.054, 232.41, 0.015, 237.028, 0.022, 203.051, 0.052, 213.485, 0.095, -198.863, 0.005, 175.729, 0.028, 193.261, 0.035, 194.277, 0.074, 211.284, 0.012,
014-pdm02ABBAb1, 10.027300, 0.000889603305785, 243.715, 0.07, 197.877, 0.022, 144.85, 0.013, 221.889, 0.064, 222.939, 0.073, 224.368, 0.015, 198.594, 0.02, 205.042, 0.039, 232.524, 0.089, 149.089, 0.014, 203.521, 0.023, 235.099, 0.089,
014-pdm03ABABa1, 9.863500, 0.00090547107438, 230.705, 0.011, 205.566, 0.051, 162.484, 0.011, 240.481, 0.065, 160.344, 0.033, 241.76, 0.09, -179.7, 0.064, 215.633, 0.049, -176.804, 0.084, 219.902, 0.057, 244.704, 0.016, 219.666, 0.037,
014-pdm03ABABb1, 9.838030, 0.00126479338843, 212.923, 0.07, 165.147, 0.006, 205.319, 0.068, 216.233, 0.009, 200.71, 0.07, 193.149, 0.007, 193.556, 0.065, 192.527, 0.019, 203.023, 0.058, 191.918, 0.057, 264.112, 0.066, -180.324, 0.005,
014-pdm03ABBAa1, 9.549990, 0.000498694214876, -188.635, 0.086, 188.223, 0.091, 216.461, 0.043, 189.087, 0.024, 230.855, 0.014, 229.199, 0.034, 239.248, 0.043, -176.527, 0.005, 183.879, 0.023, 238.797, 0.059, 208.449, 0.043, 220.462, 0.015,
014-pdm03ABBAb1, 9.511650, 0.00247947107438, 237.508, 0.071, 197.605, 0.014, 213.869, 0.024, 229.06, 0.045, 213.216, 0.047, 231.111, 0.033, 181.135, 0.023, 175.011, 0.068, 192.168, 0.081, 218.242, 0.055, 251.733, 0.028, 184.893, 0.018,
014-pdm04ABABa1, 9.956680, 0.000364231404959, -172.158, 0.068, 234.049, 0.055, -154.415, 0.092, 210.08, 0.043, -192.94, 0.011, 198.416, 0.043, -153.365, 0.086, 194.88, 0.044, -198.852, 0.009, 203.482, 0.033, -150.496, 0.087, 187.222, 0.044,
014-pdm04ABABb1, 9.419680, 0.000450809917355, 213.745, 0.07, -160.394, 0.069, 216.363, 0.054, 220.278, 0.011, 201.336, 0.058, 202.349, 0.019, 180.437, 0.051, -162.39, 0.008, 198.498, 0.056, 205.53, 0.019, 192.894, 0.053, -172.675, 0.009,
014-pdm04ABBAa1, 9.446530, 0.000621702479339, -160.578, 0.086, 185.229, 0.031, 185.758, 0.04, 222.273, 0.011, 165.017, 0.006, 210.376, 0.04, 178.721, 0.062, -156.548, 0.08, 195.534, 0.014, 187.814, 0.056, 176.643, 0.046, 194.232, 0.012,
014-pdm04ABBAb1, 9.152080, 0.00142370247934, 251.475, 0.053, 198.668, 0.014, 199.777, 0.02, 194.536, 0.038, 148.334, 0.101, 207.668, 0.018, -144.863, 0.069, 189.817, 0.042, 193.234, 0.041, 209.935, 0.014, 136.637, 0.022, 218.869, 0.035,
014-pdm05ABABa1, 9.347020, 0.00018079338843, 212.231, 0.017, 252.557, 0.064, -174.762, 0.085, 253.465, 0.08, -173.122, 0.069, 247.54, 0.068, -160.771, 0.08, 240.988, 0.065, 179.4, 0.024, 243.077, 0.055, 164.837, 0.03, 229.53, 0.056,
014-pdm05ABABb1, 8.771530, 0.00035332231405, 239.658, 0.066, 209.55, 0.026, 264.144, 0.077, -179.214, 0.006, 235.772, 0.072, 171.033, 0.025, 239.698, 0.093, 117.228, 0.079, 225.046, 0.077, 165.003, 0.03, 234.358, 0.053, -152.854, 0.086,
014-pdm05ABBAa1, 8.778740, 0.000422909090909, 209.512, 0.019, 269.745, 0.076, 179.771, 0.08, 191.17, 0.008, 202.245, 0.016, 232.916, 0.095, 214.965, 0.076, 191.743, 0.025, 196.179, 0.02, 250.601, 0.095, 207.357, 0.08, 124.336, 0.062,
014-pdm05ABBAb1, 8.085370, 0.000607520661157, 299.479, 0.077, 171.996, 0.022, -166.806, 0.077, 226.207, 0.076, 233.107, 0.074, 170.105, 0.022, 155.434, 0.078, 227.086, 0.076, 139.207, 0.103, 213.873, 0.078, 134.469, 0.1, 159.014, 0.007,
014-pdm06ABABa1, 8.876840, 0.00113523966942, 223.103, 0.025, 203.458, 0.072, 185.243, 0.027, 227.575, 0.05, 235.423, 0.021, 243.192, 0.098, 220.158, 0.024, 156.311, 0.026, 163.411, 0.051, 160.173, 0.025, 204.856, 0.025, 242.513, 0.052,
014-pdm06ABABb1, 9.295560, 0.000528446280992, 255.436, 0.072, 207.177, 0.021, 252.321, 0.079, 245.421, 0.014, 250.999, 0.074, 233.351, 0.015, 247.75, 0.059, 178.465, 0.06, 252.426, 0.067, 191.98, 0.016, 237.191, 0.093, 247.136, 0.019,
014-pdm06ABBAa1, 9.222470, 0.000547239669421, 229.469, 0.027, 222.127, 0.071, 240.451, 0.078, 218.713, 0.021, 205.005, 0.015, 255.293, 0.089, 245.828, 0.06, 211.06, 0.025, 175.946, 0.02, 248.441, 0.069, 227.286, 0.064, 198.115, 0.021,
014-pdm06ABBAb1, 8.506470, 0.00119261157025, 306.668, 0.074, 217.662, 0.022, 197.611, 0.029, 246.141, 0.084, 245.746, 0.089, 186.304, 0.021, 165.868, 0.017, 246.549, 0.065, 247.941, 0.085, 203.142, 0.025, 212.971, 0.022, 223.613, 0.074,
014-pdm07ABABa1, 8.904080, 0.000671966942149, 197.322, 0.014, 178.319, 0.067, 207.508, 0.013, 210.861, 0.108, 235.633, 0.016, 181.69, 0.043, 311.644, 0.015, 176.226, 0.039, 250.964, 0.012, 235.928, 0.036, 258.817, 0.018, 194.335, 0.026,
014-pdm07ABABb1, 8.785520, 0.000442148760331, 148.047, 0.046, 245.365, 0.021, 215.687, 0.1, 250.393, 0.028, 224.966, 0.033, 197.471, 0.031, 230.03, 0.103, 239.229, 0.025, 215.794, 0.038, 270.853, 0.018, 204.454, 0.083, 255.229, 0.019,
014-pdm07ABBAa1, 7.701990, 0.0012587768595, 277.42, 0.032, 174.955, 0.027, 183.047, 0.027, 223.792, 0.027, 185.953, 0.039, 177.329, 0.03, 208.792, 0.032, 236.171, 0.024, 204.932, 0.021, 198.35, 0.027, 182.915, 0.022, 228.586, 0.023,
014-pdm07ABBAb1, 7.807240, 0.00116732231405, 127.834, 0.127, 253.646, 0.016, 292.329, 0.024, 201.996, 0.035, 234.188, 0.045, 265.541, 0.028, 272.084, 0.028, 248.776, 0.1, 194.815, 0.039, 266.086, 0.021, 232.564, 0.033, 170.394, 0.032,
014-pdm08ABABa1, 8.160340, 0.00026947107438, 177.198, 0.037, 238.855, 0.084, 214.13, 0.029, 244.966, 0.103, 242.492, 0.028, 248.269, 0.099, 227.297, 0.043, 218.527, 0.085, 205.971, 0.035, 271.242, 0.091, 277.129, 0.04, 261.5, 0.1,
014-pdm08ABABb1, 7.153570, 0.00495808264463, 263.647, 0.08, -107.495, 0.076, 213.525, 0.074, 247.635, 0.018, 296.928, 0.079, -139.107, 0.082, 272.406, 0.093, 251.292, 0.033, 263.623, 0.092, 196.004, 0.026, 214.514, 0.052, 245.637, 0.024,
014-pdm08ABBAa1, 7.660050, 0.000641834710744, 261.556, 0.026, 226.454, 0.097, 191.274, 0.092, 253.865, 0.036, 203.75, 0.059, 243.971, 0.088, 220.144, 0.091, 240.462, 0.04, 234.626, 0.035, 256.087, 0.097, 241.38, 0.054, 170.051, 0.042,
014-pdm08ABBAb1, 8.450080, 0.000445685950413, 267.729, 0.074, 168.117, 0.027, 166.409, 0.046, 294.614, 0.092, 213.71, 0.094, 228.473, 0.03, 246.208, 0.021, 239.972, 0.081, 208.326, 0.099, -160.63, 0.093, 218.564, 0.031, 257.087, 0.103,
014-pdm09ABABa1, 9.755220, 0.000277719008264, 234.22, 0.038, 263.57, 0.071, -170.149, 0.018, 255.334, 0.086, 185.9, 0.029, 245.776, 0.076, 219.976, 0.05, 231.827, 0.096, 258.452, 0.042, 183.771, 0.119, 238.623, 0.039, 138.212, 0.067,
014-pdm09ABABb1, 9.411790, 0.000511520661157, 242.185, 0.095, 221.938, 0.032, 175.539, 0.094, 216.174, 0.033, 242.021, 0.084, 232.343, 0.039, 238.939, 0.094, 236.74, 0.057, 236.251, 0.106, 235.884, 0.042, 261.535, 0.109, 258.917, 0.034,
014-pdm09ABBAa1, 8.954130, 0.000638247933884, 226.396, 0.029, 250.761, 0.073, 183.096, 0.09, 241.894, 0.037, 252.364, 0.028, 256.999, 0.093, 194.663, 0.099, 220.246, 0.052, 234.07, 0.026, 250.884, 0.086, 237.89, 0.091, 231.558, 0.035,
014-pdm09ABBAb1, 9.397480, 0.000999834710744, 287.814, 0.083, 244.72, 0.036, 219.32, 0.029, 238.384, 0.099, 181.463, 0.099, 263.897, 0.046, 217.928, 0.035, 273.161, 0.082, 211.31, 0.085, 228.456, 0.066, 216.213, 0.052, 176.914, 0.101,
014-pdm10ABABa1, 8.128200, 0.000382975206612, -171.719, 0.094, 228.487, 0.088, -167.329, 0.1, 291.21, 0.085, -144.329, 0.085, 274.205, 0.087, 178.009, 0.031, 251.694, 0.079, 216.323, 0.025, 268.009, 0.081, -136.288, 0.102, 275.421, 0.084,
014-pdm10ABABb1, 8.368910, 0.000192809917355, 268.772, 0.08, -123.424, 0.105, 229.663, 0.083, 148.365, 0.038, 229.537, 0.087, 210.361, 0.05, 221.507, 0.106, 235.631, 0.046, 271.282, 0.092, 221.213, 0.057, 243.909, 0.078, 208.112, 0.037,
014-pdm10ABBAa1, 8.242550, 0.00109981818182, -199.856, 0.167, 233.931, 0.098, 210.295, 0.082, 188.772, 0.042, 184.316, 0.036, 231.106, 0.084, 252.552, 0.096, 198.989, 0.049, 204.999, 0.048, 240.869, 0.102, 247.812, 0.086, 162.898, 0.039,
014-pdm10ABBAb1, 8.809740, 0.000189504132231, 260.789, 0.087, 172.034, 0.03, 207.174, 0.036, 240.107, 0.083, 255.112, 0.09, 163.239, 0.024, 222.706, 0.037, 207.659, 0.125, 241.04, 0.09, 174.865, 0.028, 178.734, 0.052, 217.384, 0.079,
014-pdm11ABABa1, 8.649080, 0.000359652892562, 233.927, 0.033, 267.919, 0.092, 236.787, 0.029, 256.693, 0.073, 245.849, 0.026, 282.648, 0.082, 225.277, 0.042, 238.384, 0.086, 208.635, 0.065, 235.581, 0.093, 254.174, 0.032, 260.998, 0.08,
014-pdm11ABABb1, 8.707730, 0.00315165289256, 264.025, 0.076, 291.8, 0.04, 249.575, 0.077, 161.841, 0.007, 273.612, 0.076, -176.536, 0.089, 255.978, 0.059, 221.02, 0.038, 308.895, 0.108, 264.446, 0.047, 240.626, 0.057, 257.258, 0.069,
014-pdm11ABBAa1, 7.995510, 0.000583719008264, 293.325, 0.031, 205.942, 0.102, 271.24, 0.081, 216.334, 0.031, 194.686, 0.066, 177.79, 0.073, 215.563, 0.11, 217.401, 0.036, 245.089, 0.034, 201.048, 0.104, 258.105, 0.199, 238.694, 0.033,
014-pdm11ABBAb1, 8.018830, 0.00232814876033, 234.04, 0.08, 247.948, 0.039, 245.558, 0.051, 237.492, 0.102, 275.187, 0.092, 249.148, 0.065, 232.209, 0.058, 273.206, 0.097, 174.847, 0.051, 247.699, 0.048, 225.089, 0.019, 214.479, 0.084,
014-pdm12ABABa1, 8.787160, 0.000254363636364, 204.875, 0.031, 270.695, 0.082, 199.979, 0.03, 270.439, 0.081, 201.954, 0.048, 209.87, 0.081, 162.773, 0.037, 261.405, 0.083, 188.739, 0.038, 203.872, 0.05, 217.2, 0.032, 262.453, 0.087,
014-pdm12ABABb1, 8.283490, 0.000639785123967, 257.401, 0.107, 184.066, 0.023, 219.454, 0.085, 204.558, 0.039, 242.602, 0.085, 207.761, 0.034, 214.622, 0.077, 221.576, 0.032, 245.334, 0.086, 195.806, 0.042, 243.244, 0.071, 211.761, 0.032,
014-pdm12ABBAa1, 8.327310, 0.000301355371901, 215.24, 0.034, 249.395, 0.072, 239.825, 0.078, 207.641, 0.032, 216, 0.03, 187.28, 0.087, 218.677, 0.071, 239.451, 0.031, 222.79, 0.04, 249.623, 0.081, 255.827, 0.079, 196.064, 0.043,
014-pdm12ABBAb1, 8.142050, 0.000734512396694, 271.468, 0.084, -129.399, 0.1, 185.934, 0.054, 267.054, 0.112, 233.665, 0.084, 220.772, 0.035, 232.181, 0.048, 237.876, 0.095, 202.597, 0.069, 186.082, 0.053, -126.164, 0.102, 205.396, 0.077,
014-pdn01ABABa1, 9.207670, 0.000576181818182, 187.733, 0.013, 210.023, 0.062, -127.715, 0.084, 183.638, 0.07, 181.904, 0.014, 192.4, 0.062, -191.499, 0.005, 200.192, 0.062, 189.722, 0.034, 213.027, 0.053, 193.158, 0.022, 203.909, 0.047,
014-pdn01ABABb1, 8.733060, 0.00039679338843, 229.09, 0.067, -131.307, 0.082, 188.705, 0.084, -130.451, 0.086, 146.844, 0.024, 208.06, 0.014, 187.315, 0.067, 201.975, 0.019, 202.7, 0.073, 182.568, 0.005, 235.49, 0.052, -123.83, 0.092,
014-pdn01ABBAa1, 8.983390, 0.000809520661157, -163.1, 0.076, 203.468, 0.057, 210.558, 0.057, -136.234, 0.083, 194.821, 0.02, 181.937, 0.061, 264.608, 0.081, 187.741, 0.021, 209.724, 0.02, 224.099, 0.063, 211.596, 0.063, -97.453, 0.079,
014-pdn01ABBAb1, 8.700060, 0.00077732231405, 206.578, 0.068, -128.76, 0.086, -117.769, 0.087, 241.643, 0.066, 199.244, 0.072, -139.081, 0.083, 198.001, 0.025, 214.037, 0.083, 235.792, 0.092, 211.475, 0.026, 159.685, 0.032, 220.955, 0.058,
014-pdn02ABABa1, 9.963300, 0.000150958677686, 223.714, 0.013, 239.313, 0.062, 201.324, 0.021, 213.965, 0.061, 196.638, 0.03, 222.463, 0.062, -116.814, 0.079, 184.927, 0.04, -171.49, 0.005, 250.514, 0.052, 136.338, 0.023, 226.075, 0.083,
014-pdn02ABABb1, 8.622450, 0.000678413223141, 206.637, 0.089, -100.311, 0.068, 238.109, 0.089, -95.4395, 0.068, 184.043, 0.061, 162.257, 0.014, 212.12, 0.061, 96.7756, 0.005, 222.071, 0.079, -102.393, 0.09, 168.909, 0.055, 131.925, 0.056,
014-pdn02ABBAa1, 6.877060, 0.0111364297521, 152.799, 0.203, 207.395, 0.073, 217.415, 0.089, 177.294, 0.025, 177.142, 0.022, 208.078, 0.052, 234.201, 0.077, 151.829, 0.022, 169.199, 0.022, 176.542, 0.055, 193.969, 0.071, 170.059, 0.028,
014-pdn02ABBAb1, 9.074610, 0.000596909090909, 200.156, 0.072, -126.586, 0.074, 162.868, 0.018, 215.771, 0.066, 226.593, 0.099, 166.783, 0.016, 227.135, 0.023, 228.388, 0.071, 221.177, 0.086, 189.549, 0.015, 144.411, 0.032, 204.579, 0.084,
014-pdn03ABABa1, 8.974660, 0.00068147107438, 175.586, 0.012, 224.731, 0.042, 176.522, 0.012, 204.386, 0.054, 196.838, 0.018, 208.455, 0.037, -164.719, 0.099, 222.092, 0.044, -166.667, 0.083, 220.415, 0.043, 186.082, 0.012, 220.104, 0.046,
014-pdn03ABABb1, 8.767710, 0.00108874380165, 204.964, 0.069, -159.073, 0.077, 201.575, 0.057, -166.007, 0.078, 219.361, 0.059, 193.047, 0.037, 211.873, 0.055, -177.738, 0.083, 209.213, 0.061, 165.101, 0.011, 196.171, 0.056, 161.056, 0.018,
014-pdn03ABBAa1, 8.422770, 0.00138459504132, -163.064, 0.061, 220.314, 0.046, 222.298, 0.065, -157.043, 0.077, -153.896, 0.075, 185.004, 0.062, 252.742, 0.07, 199.009, 0.015, 225.852, 0.014, 218.201, 0.058, 175.368, 0.075, 199.741, 0.014,
014-pdn03ABBAb1, 8.545150, 0.00213970247934, 210.559, 0.076, -144.914, 0.085, 160.796, 0.013, 215.492, 0.057, 195.197, 0.059, 147.704, 0.014, 174.177, 0.014, 197.223, 0.105, 218.439, 0.064, 136.763, 0.029, 173.277, 0.021, 248.734, 0.069,
014-pdn04ABABa1, 7.654210, 0.0256916528926, -161.418, 0.005, 167.951, 0.087, 211.618, 0.02, 237.635, 0.072, 229.282, 0.125, 240.891, 0.18, 184.227, 0.049, 221.412, 0.061, 205.042, 0.021, 230.011, 0.08, 198.083, 0.01, 200.686, 0.028,
014-pdn04ABABb1, 8.267020, 0.000781239669421, 234.519, 0.071, 199.717, 0.018, 231.72, 0.087, 209.105, 0.022, 212.22, 0.055, 189.121, 0.019, 236.103, 0.055, 159.574, 0.036, 228.187, 0.073, 189.667, 0.036, 201.336, 0.069, 218.186, 0.032,
014-pdn04ABBAa1, 8.068270, 0.000602743801653, 227.791, 0.021, 224.108, 0.062, 150.069, 0.096, -136.228, 0.082, -146.632, 0.082, 224.001, 0.061, 218.611, 0.063, 193.391, 0.012, 248.391, 0.044, 214.177, 0.054, 211.483, 0.064, 200.525, 0.025,
014-pdn04ABBAb1, 8.336690, 0.00106001652893, 243.809, 0.071, 181.435, 0.012, 191.186, 0.021, 186.759, 0.074, 214.179, 0.054, -155.322, 0.073, 203.332, 0.021, 187.651, 0.073, 179.313, 0.099, 204.028, 0.011, 206.157, 0.029, 202.554, 0.094,
014-pdn05ABABa1, 9.417480, 0.00017132231405, 216.06, 0.018, 239.148, 0.068, 187.649, 0.016, 237.636, 0.105, -150.017, 0.029, 259.19, 0.079, 216.795, 0.017, 259.507, 0.056, 231.21, 0.015, 225.621, 0.044, 153.366, 0.046, 150.088, 0.067,
014-pdn05ABABb1, 9.144740, 0.000416694214876, 259.449, 0.077, 223.403, 0.017, 221.339, 0.086, 218.442, 0.018, 199.156, 0.081, 211.038, 0.017, 209.407, 0.091, 208.117, 0.016, 218.968, 0.086, 153.9, 0.017, 213.868, 0.055, 156.551, 0.049,
014-pdn05ABBAa1, 9.303210, 0.000728247933884, 189.118, 0.019, 238.842, 0.077, 234.385, 0.084, 224.927, 0.022, 166.643, 0.019, 260.387, 0.069, 226.768, 0.089, 201.107, 0.014, 211.156, 0.023, 227.209, 0.061, 214.272, 0.083, 204.983, 0.012,
014-pdn05ABBAb1, 8.972810, 0.00086532231405, 256.905, 0.091, 152.642, 0.017, 139.489, 0.018, 220.411, 0.091, 167.229, 0.08, 181.405, 0.024, 200.56, 0.026, 219.845, 0.068, 216.657, 0.101, 197.583, 0.02, 172.784, 0.022, 228.861, 0.081,
014-pdn06ABABa1, 9.103290, 0.00062079338843, 254.273, 0.021, 235.087, 0.073, 248.524, 0.018, 272.628, 0.071, 261.372, 0.025, 251.15, 0.075, 230.693, 0.024, 281.958, 0.09, 197.826, 0.029, 266.904, 0.105, 266.308, 0.022, 300.209, 0.06,
014-pdn06ABABb1, 9.274700, 0.000476082644628, 254.336, 0.068, 165.492, 0.023, 273.22, 0.074, 227.353, 0.033, 270.797, 0.067, 236.748, 0.023, 266.62, 0.075, 202.067, 0.019, 273.411, 0.06, 229.695, 0.015, 260.751, 0.059, -211.659, 0.085,
014-pdn06ABBAa1, 7.393150, 0.0219914545455, 228.632, 0.281, 244.628, 0.089, 206.496, 0.074, 226.316, 0.022, 251.16, 0.031, 247.246, 0.221, 231.21, 0.075, 204.653, 0.025, 231.141, 0.029, 216.824, 0.092, 208.741, 0.014, 212.259, 0.073,
014-pdn06ABBAb1, 9.108380, 0.000908, 195.926, 0.106, 211.407, 0.014, 248.068, 0.019, 279.142, 0.074, 279.032, 0.063, 231.099, 0.02, 236.515, 0.022, 269.556, 0.055, 285.636, 0.074, 267.069, 0.032, 279.788, 0.027, -262.699, 0.005,
014-pdn07ABABa1, 7.797220, 0.000523454545455, 250.597, 0.02, 160.978, 0.086, 211.154, 0.016, 184.86, 0.027, 237.718, 0.018, 161.222, 0.021, 228.951, 0.026, 163.429, 0.025, 215.488, 0.018, 171.81, 0.027, 212.709, 0.022, 170.439, 0.025,
014-pdn07ABABb1, 8.203450, 0.000967454545455, 202.609, 0.091, 244.134, 0.021, 182.005, 0.029, 213.943, 0.02, 168.717, 0.102, 184.859, 0.022, 169.041, 0.104, 201.179, 0.023, 195.333, 0.076, 196.526, 0.021, 170.72, 0.031, 158.361, 0.074,
014-pdn07ABBAa1, 7.362200, 0.000804181818182, 236.161, 0.018, 154.579, 0.075, 204.193, 0.026, 168.853, 0.024, 203.995, 0.021, 155.684, 0.034, 214.051, 0.022, 226.066, 0.023, 239.658, 0.025, 170.061, 0.029, 174.075, 0.033, 208.504, 0.018,
014-pdn07ABBAb1, 7.618910, 0.00157261157025, 180.639, 0.034, 201.502, 0.028, 243.178, 0.022, 117.251, 0.098, 136.937, 0.028, 209.545, 0.024, 217.749, 0.026, 162.058, 0.032, 120.037, 0.027, 217.361, 0.02, 216.561, 0.02, 226.084, 0.089,
014-pdn08ABABa1, 9.916320, 0.000350611570248, 231.39, 0.04, 201.371, 0.109, 230.127, 0.027, 261.438, 0.087, 294.935, 0.019, 251.333, 0.069, 231.132, 0.021, 200.459, 0.05, 281.35, 0.031, 258.632, 0.072, 284.397, 0.022, 252.171, 0.076,
014-pdn08ABABb1, 9.873130, 0.000268958677686, 208.799, 0.061, 237.019, 0.027, 238.468, 0.089, 229.418, 0.017, 245.834, 0.104, 282.026, 0.021, 239.694, 0.111, 185.844, 0.032, 233.825, 0.085, 264.139, 0.031, 218.186, 0.057, 249.244, 0.032,
014-pdn08ABBAa1, 9.104000, 0.00142444628099, 209.363, 0.19, 235.034, 0.044, 195.732, 0.051, 267.834, 0.029, 236.125, 0.034, 222.713, 0.085, 229.143, 0.061, 287.97, 0.027, 252.2, 0.033, 225.096, 0.058, 186.046, 0.052, 264.713, 0.028,
014-pdn08ABBAb1, 9.820870, 0.000497719008264, 260.234, 0.094, 239.632, 0.04, 264.472, 0.041, 231.884, 0.159, 229.936, 0.107, 267.875, 0.033, 268.267, 0.026, 229.052, 0.096, 233.636, 0.102, 269.06, 0.037, 272.456, 0.034, 219.646, 0.037,
014-pdn09ABABa1, 9.318490, 0.00597753719008, 222.701, 0.022, 236.17, 0.065, 244.545, 0.016, 208.023, 0.101, 224.759, 0.021, 258.74, 0.092, 269.979, 0.029, 257.329, 0.083, 163.375, 0.064, 244.831, 0.077, 206.268, 0.074, 231.793, 0.035,
014-pdn09ABABb1, 9.573050, 0.000478561983471, 248.734, 0.065, 187.032, 0.078, 235.714, 0.086, 226.153, 0.015, 197.185, 0.078, 222.947, 0.019, 245.57, 0.093, 229.264, 0.019, 267.872, 0.104, 152.407, 0.022, 254.606, 0.08, 229.333, 0.019,
014-pdn09ABBAa1, 9.165130, 0.000559818181818, -159.858, 0.111, 254.342, 0.069, 253.066, 0.077, 252.671, 0.027, 225.358, 0.02, 228.594, 0.091, 229.365, 0.078, 256.617, 0.023, 209.425, 0.057, 260.405, 0.09, 214.321, 0.076, 236.195, 0.027,
014-pdn09ABBAb1, 9.234090, 0.00103190082645, 262.365, 0.068, 232.725, 0.029, 230.494, 0.032, 220.34, 0.085, 220.193, 0.08, 234.177, 0.03, 229.674, 0.039, 248.452, 0.086, 203.489, 0.101, 247.831, 0.045, 244.553, 0.037, 222.919, 0.091,
014-pdn10ABABa1, 9.382230, 0.000983603305785, -179.596, 0.005, 154.497, 0.069, 208.438, 0.028, 252.957, 0.088, 207.003, 0.023, 251.863, 0.087, 214.683, 0.03, 223.815, 0.035, 197.902, 0.044, 233.146, 0.129, 234.648, 0.039, 228.498, 0.11,
014-pdn10ABABb1, 9.571830, 0.000688082644628, 225.651, 0.066, -153.454, 0.036, 233.22, 0.082, 220.607, 0.03, 195.432, 0.092, 225.351, 0.027, 204.032, 0.083, 157.058, 0.068, 227.847, 0.023, 122.222, 0.038, 235.944, 0.099, 258.761, 0.026,
014-pdn10ABBAa1, 9.310050, 0.000526694214876, -147.893, 0.094, 186.557, 0.041, 205.064, 0.086, 240.373, 0.042, 150.735, 0.007, 194.534, 0.105, 156.737, 0.063, 238.153, 0.027, 246.496, 0.022, 216.856, 0.092, 190.264, 0.091, 231.517, 0.027,
014-pdn10ABBAb1, 8.803780, 0.00317145454545, 261.969, 0.365, 218.985, 0.035, 228.818, 0.029, 187.605, 0.091, 262.65, 0.107, -168.123, 0.005, 213.071, 0.024, 245.027, 0.088, 268.911, 0.093, 228.439, 0.031, 248.317, 0.04, 254.796, 0.084,
014-pdn11ABABa1, 8.984490, 0.000637173553719, -147.904, 0.079, 281.784, 0.075, 238.657, 0.033, 258.843, 0.041, 248.985, 0.026, 262.183, 0.087, 210.623, 0.028, 247.823, 0.089, 201.337, 0.042, 214.568, 0.085, 255.123, 0.04, 273.916, 0.073,
014-pdn11ABABb1, 9.456480, 0.0010058677686, 260.799, 0.068, 258.151, 0.026, 241.768, 0.085, 267.395, 0.04, 262.11, 0.074, 246.731, 0.033, 242.403, 0.018, 230.087, 0.051, 214.358, 0.076, 215.213, 0.029, 267.326, 0.098, 213.589, 0.044,
014-pdn11ABBAa1, 8.767340, 0.00129565289256, 253.669, 0.033, 206.794, 0.101, 261.648, 0.101, 214.823, 0.039, -190.104, 0.117, 188.329, 0.169, 186.838, 0.165, 188.327, 0.039, 212.791, 0.044, 192.163, 0.088, 143.873, 0.005, 145.32, 0.005,
014-pdn11ABBAb1, 9.321490, 0.00105492561983, 194.985, 0.096, 249.34, 0.025, 234.008, 0.039, 290.835, 0.094, 247.355, 0.086, 256.14, 0.043, 237.186, 0.039, 251.681, 0.087, 241.321, 0.096, 207.242, 0.036, 222.617, 0.042, -166.191, 0.005,
014-pdn12ABABa1, 9.596580, 0.000666743801653, 215.464, 0.041, 183.965, 0.079, 252.79, 0.041, 239.528, 0.077, 266.14, 0.037, 201.764, 0.118, 240.59, 0.034, 265.476, 0.069, 271.017, 0.04, 253.949, 0.075, 192.439, 0.041, 240.402, 0.06,
014-pdn12ABABb1, 9.349630, 0.000525504132231, 191.559, 0.099, 206.786, 0.024, 261.528, 0.084, 286.992, 0.035, 226.738, 0.073, 229.02, 0.027, 232.728, 0.058, 169.864, 0.048, 232.005, 0.069, 198.541, 0.043, 243.795, 0.078, 225.91, 0.047,
014-pdn12ABBAa1, 9.701650, 0.000196561983471, 249.831, 0.031, 258.323, 0.059, 221.149, 0.071, 258.35, 0.029, 238.263, 0.04, 262.836, 0.074, 238.925, 0.068, 249.245, 0.042, 245.854, 0.035, 218.742, 0.079, 255.886, 0.06, 249.238, 0.04,
014-pdn12ABBAb1, 9.252390, 0.00111879338843, 257.533, 0.084, 199.711, 0.031, 246.284, 0.029, 255.339, 0.075, 232.596, 0.099, 247.318, 0.038, 255.852, 0.039, 194.85, 0.082, 235.227, 0.094, 266.657, 0.055, 254.302, 0.038, 241.056, 0.081,
014-psm01ABABa1, 9.268400, 0.00070305785124, 217.474, 0.062, -152.063, 0.087, 236.609, 0.068, -121.149, 0.005, 171.825, 0.048, 184.107, 0.026, 232.5, 0.053, 201.715, 0.021, 240.208, 0.069, 201.448, 0.022, 211.637, 0.047, 183.482, 0.014,
014-psm01ABABb1, 8.934020, 0.000805504132231, 187.182, 0.016, 227.101, 0.06, 224.65, 0.011, 227.269, 0.051, 163.167, 0.019, 236.679, 0.092, 193.534, 0.011, 225.516, 0.045, 179.494, 0.009, 230.979, 0.04, 229.038, 0.011, 214.109, 0.038,
014-psm01ABBAa1, 8.921390, 0.000465966942149, 219.981, 0.084, 174.141, 0.012, 201.399, 0.012, 236.443, 0.067, 231.224, 0.076, 184.005, 0.047, 180.524, 0.02, 203.28, 0.062, 232.665, 0.058, 141.725, 0.037, 214.53, 0.013, 203.31, 0.05,
014-psm01ABBAb1, 8.932050, 0.000773785123967, -148.254, 0.073, 217.161, 0.051, 202.9, 0.054, -162.151, 0.076, -162.355, 0.065, 213.059, 0.049, 219.447, 0.053, 197.809, 0.012, 201.148, 0.012, 158.58, 0.069, 211.829, 0.037, -142.269, 0.006,
014-psm02ABABa1, 8.836580, 0.000432066115702, 194.76, 0.075, -177.161, 0.012, -153.73, 0.059, 195.112, 0.05, 193.945, 0.057, 214.15, 0.018, 193.37, 0.066, 217.76, 0.071, 226.427, 0.083, 149.886, 0.046, 211.195, 0.054, 184.531, 0.045,
014-psm02ABABb1, 8.788770, 0.00221499173554, 171.68, 0.011, 219.103, 0.057, -150.013, 0.07, 217.63, 0.053, 185.344, 0.04, 215.036, 0.062, -131.976, 0.078, 258.521, 0.069, -166.97, 0.067, 198.985, 0.062, 191.489, 0.014, 214.508, 0.029,
014-psm02ABBAa1, 8.571150, 0.00135087603306, 185.108, 0.077, 176.942, 0.023, 221.246, 0.019, 207.846, 0.063, 219.574, 0.061, 134.705, 0.03, 184.248, 0.032, 155.636, 0.08, 217.606, 0.074, 241.572, 0.019, -191.566, 0.005, 146.136, 0.072,
014-psm02ABBAb1, 8.913500, 0.000401140495868, 157.254, 0.081, 183.494, 0.043, 231.93, 0.061, 210.584, 0.012, 197.397, 0.017, 211.589, 0.072, 219.396, 0.063, 204.224, 0.012, 210.514, 0.033, 147.096, 0.057, 223.54, 0.05, 198.63, 0.025,
014-psm03ABABa1, 10.203000, 0.00049932231405, 226.194, 0.059, -155.337, 0.078, 190.329, 0.066, 218.158, 0.013, 215.825, 0.067, -197.062, 0.008, 177.779, 0.055, 192.861, 0.039, 192.694, 0.08, 206.362, 0.037, 195.891, 0.063, 209.639, 0.014,
014-psm03ABABb1, 10.005300, 0.000780611570248, -156.495, 0.076, 211.036, 0.056, 173.405, 0.07, 214.666, 0.02, -196.971, 0.011, 220.462, 0.049, 218.573, 0.01, 185.738, 0.046, 197.129, 0.019, 218.845, 0.068, 218.649, 0.019, 157.52, 0.024,
014-psm03ABBAa1, 9.509910, 0.000706809917355, 205.023, 0.053, 148.886, 0.015, 187.841, 0.022, 215.615, 0.095, 230.475, 0.09, 227.604, 0.017, 201.847, 0.036, 194.447, 0.043, 179.56, 0.02, 218.329, 0.02, 211.255, 0.026, 226.308, 0.121,
014-psm03ABBAb1, 9.932520, 0.00070079338843, 164.756, 0.005, 205.383, 0.064, 214.018, 0.063, 230.142, 0.014, 216.188, 0.026, 224.916, 0.066, 225.879, 0.046, 212.387, 0.013, 192.743, 0.016, 204.707, 0.088, 243.623, 0.056, -142.568, 0.057,
014-psm04ABABa1, 8.972860, 0.000166380165289, 208.296, 0.046, 156.222, 0.005, 239.493, 0.063, 199.652, 0.011, 166.692, 0.076, 194.433, 0.011, 231.527, 0.073, 209.768, 0.005, 221.912, 0.06, 189.805, 0.005, 239.729, 0.067, 137.208, 0.009,
014-psm04ABABb1, 8.900480, 0.00108824793388, 212.23, 0.011, 203.923, 0.053, -172.147, 0.005, 203.498, 0.032, 193.245, 0.012, 220.465, 0.032, 178.893, 0.009, 193.513, 0.055, 186.237, 0.01, 217.392, 0.04, 180.664, 0.01, 202.883, 0.012,
014-psm04ABBAa1, 8.616710, 0.00118160330579, 241.807, 0.074, -141.989, 0.077, 207.092, 0.012, 251.663, 0.043, 218.494, 0.063, 188.666, 0.012, 172.264, 0.014, 217.321, 0.042, 229.739, 0.061, 200.941, 0.015, 177.293, 0.021, 249.998, 0.062,
014-psm04ABBAb1, 8.381520, 0.00158808264463, -160.074, 0.005, 209.613, 0.053, 191.874, 0.016, -133.047, 0.087, 199.487, 0.056, 249.22, 0.082, 213.274, 0.056, -117.606, 0.006, 202.994, 0.057, 203.919, 0.062, 234.787, 0.056, -139.975, 0.076,
014-psm05ABABa1, 9.267890, 0.000706876033058, 237.375, 0.07, 171.798, 0.018, 203.619, 0.086, 211.009, 0.035, 183.467, 0.132, 214.091, 0.021, 174.686, 0.111, 126.456, 0.076, 261.357, 0.082, 125.941, 0.07, 241.649, 0.067, 154.623, 0.058,
014-psm05ABABb1, 9.122260, 0.00119560330579, 251.04, 0.023, 234.2, 0.066, 165.994, 0.016, 250.253, 0.048, 248.61, 0.016, 267.299, 0.101, 194.843, 0.033, 199.045, 0.143, 176.177, 0.015, 230.379, 0.056, 191.921, 0.018, 237.829, 0.065,
014-psm05ABBAa1, 8.723490, 0.000858066115702, 275.835, 0.09, 152.535, 0.017, 166.305, 0.008, 212.335, 0.083, 254.831, 0.109, 199.47, 0.039, 170.828, 0.025, 243.915, 0.103, 220.805, 0.096, 182.866, 0.024, 182.272, 0.033, 236.564, 0.087,
014-psm05ABBAb1, 9.479710, 0.00042026446281, 220.249, 0.018, 244.005, 0.072, 249.425, 0.075, 176.22, 0.022, 214.848, 0.024, 244.579, 0.102, 238.638, 0.068, 175.003, 0.028, 220.828, 0.028, 182.513, 0.049, 193.462, 0.078, 204.058, 0.032,
014-psm06ABABa1, 9.313790, 0.000691107438017, 254.742, 0.076, 228.817, 0.015, 242.42, 0.02, 125.273, 0.086, 254.819, 0.089, 217.257, 0.02, 250.9, 0.076, 200.352, 0.023, 263.888, 0.099, 219.835, 0.023, 238.781, 0.073, 188.863, 0.03,
014-psm06ABABb1, 9.287590, 0.000900743801653, 246.088, 0.015, 264.252, 0.067, 221.436, 0.02, 241.759, 0.059, 206.285, 0.019, 251.492, 0.063, 155.42, 0.018, 239.703, 0.06, -165.485, 0.091, 255.782, 0.084, 220.667, 0.025, 262.483, 0.055,
014-psm06ABBAa1, 8.877620, 0.000656595041322, 279.342, 0.096, 241.012, 0.028, 218.545, 0.024, 263.568, 0.073, 262.237, 0.071, 210.326, 0.053, 195.977, 0.027, 234.506, 0.08, 220.572, 0.08, 217.187, 0.027, 161.621, 0.019, 246.942, 0.073,
014-psm06ABBAb1, 9.244920, 0.000700809917355, 209.763, 0.024, 251.882, 0.062, 245.832, 0.071, 245.756, 0.017, 175.833, 0.076, 216.901, 0.063, 246.297, 0.062, 235.488, 0.015, 183.798, 0.037, 238.198, 0.068, 227.276, 0.08, 270.244, 0.025,
014-psm07ABABa1, 12.420800, 0.0116943305785, 172.152, 0.068, -211.494, 0.017, 206.525, 0.066, 281.268, 0.022, 229.038, 0.078, 113.338, 0.037, 254.599, 0.018, 129.793, 0.011, 155.191, 0.069, 215.33, 0.015, 141.873, 0.005, 159.57, 0.077,
014-psm07ABABb1, 9.007650, 0.000450991735537, 232.91, 0.025, 195.812, 0.09, 262.488, 0.021, 218.534, 0.107, 260.081, 0.017, 207.33, 0.042, 229.882, 0.017, 188.024, 0.025, 210.733, 0.024, 190.143, 0.027, 236.852, 0.016, 227.395, 0.072,
014-psm07ABBAa1, 8.810910, 0.00198814876033, 174.01, 0.024, 251.274, 0.015, 228.726, 0.026, 149.936, 0.024, 141.635, 0.108, 259.904, 0.023, 253.476, 0.026, 174.186, 0.031, 183.364, 0.019, 270.816, 0.026, 237.381, 0.025, 215.36, 0.047,
014-psm07ABBAb1, 9.448090, 0.00140190082645, 225.899, 0.026, 229.966, 0.086, 205.892, 0.063, 222.268, 0.029, 214.444, 0.018, 232.799, 0.09, 254.526, 0.074, 255.528, 0.02, 157.122, 0.041, 171.535, 0.098, 251.794, 0.099, 273.089, 0.012,
014-psm08ABABa1, 8.403900, 0.0148092727273, 234.828, 0.042, 210.591, 0.026, 221.466, 0.081, 267.394, 0.015, 227.366, 0.095, 275.101, 0.033, 236.451, 0.115, -246.401, 0.013, -141.727, 0.005, 157.73, 0.026, 203.487, 0.024, 185.696, 0.033,
014-psm08ABABb1, 9.584790, 0.000630776859504, 236.355, 0.019, 238.397, 0.088, 243.574, 0.043, 200.387, 0.037, 232.744, 0.032, 186.82, 0.03, 186.119, 0.108, 222.351, 0.082, 258.509, 0.023, 220.938, 0.092, 270.35, 0.031, 138.573, 0.05,
014-psm08ABBAa1, 9.377320, 0.00108874380165, 195.249, 0.144, 210.258, 0.023, 230.268, 0.031, 208.927, 0.081, 198.389, 0.091, 208.151, 0.019, 205.428, 0.031, 205.582, 0.084, 222.237, 0.079, 235.936, 0.027, 213.724, 0.024, 178.313, 0.04,
014-psm08ABBAb1, 9.407260, 0.00243971900826, 224.591, 0.029, 225.278, 0.04, 208.195, 0.101, 247.905, 0.023, 228.206, 0.016, 184.743, 0.041, 188.453, 0.049, 217.074, 0.022, -178.384, 0.071, 228.309, 0.101, -117.744, 0.011, 205.182, 0.022,
014-psm09ABABa1, 9.251700, 0.00166152066116, 156.139, 0.054, 212.335, 0.039, 164.495, 0.097, -160.345, 0.098, 178.429, 0.136, 216.397, 0.041, 159.005, 0.182, 213.832, 0.034, 160.943, 0.047, 213.033, 0.049, 243.756, 0.063, 217.098, 0.038,
014-psm09ABABb1, 9.011070, 0.00149638016529, 201.889, 0.021, 212.321, 0.079, 188.409, 0.031, 216.242, 0.12, 200.689, 0.027, 192.206, 0.05, 193.414, 0.031, 149.455, 0.063, 226.056, 0.035, 256.266, 0.081, 204.463, 0.042, 208.38, 0.071,
014-psm09ABBAa1, 9.150620, 0.00171479338843, 245.504, 0.1, 210.59, 0.032, 198.678, 0.038, 161.611, 0.068, 160.089, 0.044, 205.663, 0.044, 210.276, 0.056, 157.153, 0.01, 249.696, 0.086, 204.956, 0.037, 240.604, 0.038, 149.451, 0.016,
014-psm09ABBAb1, 8.236060, 0.00213680991736, 170.49, 0.062, 239.455, 0.033, 220.93, 0.037, 182.789, 0.097, 151.001, 0.093, 197.241, 0.026, 265.526, 0.123, 207.542, 0.045, 241.847, 0.085, 228.52, 0.044, 195.867, 0.053, 165.835, 0.076,
014-psm10ABABa1, 9.412360, 0.000546181818182, 197.137, 0.099, -159.324, 0.097, 213.904, 0.111, 245.003, 0.029, 227.551, 0.041, 233.76, 0.029, 205.149, 0.134, 235.011, 0.026, 177.009, 0.044, 249.05, 0.028, 193.626, 0.054, 265.674, 0.028,
014-psm10ABABb1, 9.742820, 0.000269719008264, 249.245, 0.039, 222.056, 0.066, -170.576, 0.024, 204.675, 0.054, 251.563, 0.034, 246.792, 0.077, 205.715, 0.021, 208.252, 0.094, 217.96, 0.034, 184.823, 0.042, -161.736, 0.023, 176.313, 0.039,
014-psm10ABBAa1, 9.527530, 0.000272909090909, 199.884, 0.042, 218.798, 0.026, 233.104, 0.027, 175.806, 0.051, 171.635, 0.052, 263.87, 0.023, 248.371, 0.021, 178.173, 0.059, 175.569, 0.134, 261.564, 0.027, 240.942, 0.028, 209.421, 0.049,
014-psm10ABBAb1, 9.479200, 0.00053732231405, 242.566, 0.027, 216.941, 0.068, 210.654, 0.111, 253.408, 0.026, -161.274, 0.094, 177.212, 0.053, 163.392, 0.062, 259.433, 0.02, -129.635, 0.005, 159.515, 0.069, 201.302, 0.075, 273.337, 0.018,
014-psm11ABABa1, 9.211480, 0.000472958677686, 231.633, 0.074, 227.335, 0.031, 231.977, 0.081, 210.544, 0.057, 220.097, 0.086, 157.384, 0.066, 166.51, 0.088, 174.95, 0.056, 258.017, 0.1, 221.741, 0.087, 238.082, 0.087, 229.289, 0.064,
014-psm11ABABb1, 9.929800, 0.000175966942149, 259.436, 0.025, 250.009, 0.068, 244.921, 0.033, 251.002, 0.066, 233.155, 0.031, 228.831, 0.072, 252.438, 0.037, 261.78, 0.07, 261.05, 0.029, 240.378, 0.086, 250.157, 0.042, 233.815, 0.081,
014-psm11ABBAa1, 9.081230, 0.0016534214876, 326.276, 0.081, 239.389, 0.036, 208.141, 0.021, 225.698, 0.09, 239.866, 0.093, 236.414, 0.033, 215.403, 0.043, 167.098, 0.08, 256.395, 0.086, 218.207, 0.044, 229.669, 0.038, 256.561, 0.089,
014-psm11ABBAb1, 9.585520, 0.000294148760331, 268.11, 0.033, 260.25, 0.08, 270.047, 0.097, 240.536, 0.034, 237.789, 0.049, 288.74, 0.106, 258.071, 0.066, 230.362, 0.034, 240.109, 0.05, 289.01, 0.099, 275.485, 0.091, 207.174, 0.033,
014-psm12ABABa1, 9.265750, 0.00015241322314, 194.769, 0.1, 210.745, 0.035, 258.068, 0.076, 223.079, 0.036, 264.383, 0.073, 236.954, 0.031, 205.234, 0.093, 202.626, 0.039, 200.929, 0.102, 246.701, 0.029, 251.461, 0.085, 226.902, 0.035,
014-psm12ABABb1, 9.917360, 0.000297289256198, -169.341, 0.11, 263.614, 0.062, 269.275, 0.024, 267.705, 0.067, 251.878, 0.029, 242.746, 0.087, 176.804, 0.039, 236.299, 0.069, 228.644, 0.029, 196.57, 0.125, 244.96, 0.028, 159.039, 0.075,
014-psm12ABBAa1, 9.867900, 0.000212429752066, 206.825, 0.087, 217.278, 0.028, 243.963, 0.038, 238.983, 0.098, 165.853, 0.036, 184.826, 0.038, 228.669, 0.042, 149.353, 0.154, 207.254, 0.097, 211.22, 0.032, 209.012, 0.037, 203.705, 0.114,
014-psm12ABBAb1, 9.344740, 0.00072147107438, 223.621, 0.03, 201.316, 0.103, 262.156, 0.103, 239.098, 0.042, 192.617, 0.035, 222.954, 0.077, 241.854, 0.099, 220.681, 0.038, 256.767, 0.05, 238.189, 0.11, 179.638, 0.099, 209.876, 0.04,
014-psn01ABABa1, 8.062690, 0.000744975206612, 244.572, 0.051, -165.947, 0.005, 227.92, 0.053, -171.8, 0.071, 240.974, 0.066, -172.868, 0.011, 225.674, 0.075, 230.266, 0.029, 223.422, 0.043, 227.381, 0.033, 233.536, 0.084, -160.161, 0.082,
014-psn01ABABb1, 8.031090, 0.010912231405, 214.032, 0.014, 136.253, 0.032, 215.822, 0.015, 173.315, 0.024, 232.454, 0.01, 210.755, 0.057, 225.465, 0.012, 209.594, 0.052, 227.019, 0.014, 146.975, 0.026, 191.487, 0.009, 62.2544, 0.005,
014-psn01ABBAa1, 7.666540, 0.00121117355372, 178.814, 0.192, 207.477, 0.009, 186.277, 0.007, 196.744, 0.076, 149.276, 0.081, -188.28, 0.008, 189.976, 0.022, 224.354, 0.043, 187.181, 0.052, -200.925, 0.009, 189.59, 0.037, 213.374, 0.054,
014-psn01ABBAb1, 8.315790, 0.0026360661157, -142.561, 0.071, 209.786, 0.061, 240.711, 0.074, 138.877, 0.013, 203.247, 0.029, 155.714, 0.095, 136.535, 0.084, -169.525, 0.076, -205.764, 0.08, 245.555, 0.083, 214.077, 0.076, 239.116, 0.011,
014-psn02ABABa1, 8.598930, 0.00079905785124, 156.248, 0.09, 195.725, 0.012, 160.867, 0.066, -160.369, 0.012, 229.053, 0.067, -146.077, 0.005, 215.387, 0.055, 199.375, 0.009, 171.447, 0.087, -130.184, 0.082, 203.857, 0.062, -149.387, 0.005,
014-psn02ABABb1, 11.542400, 0.0108856363636, 173.884, 0.011, 155.275, 0.017, 216.791, 0.06, 278.32, 0.082, 210.132, 0.012, 147.969, 0.069, 217.184, 0.008, 177.717, 0.01, 117.457, 0.007, 174.453, 0.074, 152.545, 0.011, 196.701, 0.045,
014-psn02ABBAa1, 7.336450, 0.00133990082645, 226.634, 0.035, 196.541, 0.014, -146.595, 0.086, 198.861, 0.066, 195.519, 0.044, 190.749, 0.011, 214.645, 0.013, 192.595, 0.054, 164.359, 0.034, 176.203, 0.071, 154.687, 0.02, 213.889, 0.048,
014-psn02ABBAb1, 8.616210, 0.000436958677686, -177.307, 0.089, 190.617, 0.084, 178.59, 0.059, 197.379, 0.007, 227.275, 0.018, 220.487, 0.065, 199.916, 0.067, 223.628, 0.01, 207.064, 0.009, 208.651, 0.082, 150.525, 0.097, 164.831, 0.067,
014-psn03ABABa1, 8.834130, 0.000509884297521, 181.875, 0.087, -145.726, 0.063, 228.143, 0.091, -121.027, 0.085, 224.231, 0.058, 152.635, 0.021, 257.289, 0.09, -178.732, 0.005, 257.154, 0.102, 174.204, 0.019, 253.108, 0.097, 194.014, 0.012,
014-psn03ABABb1, 9.293970, 0.000395239669421, -127.278, 0.091, 243.039, 0.068, -160.214, 0.078, 252.512, 0.068, 224.28, 0.019, 227.59, 0.073, 200.092, 0.029, 241.891, 0.085, 225.305, 0.021, 239.238, 0.071, 139.197, 0.02, 234.783, 0.048,
014-psn03ABBAa1, 9.131280, 0.000750743801653, 226.119, 0.062, -153.252, 0.013, -124.716, 0.089, 249.046, 0.107, 187.226, 0.074, -97.4572, 0.032, 152.492, 0.021, 241.479, 0.096, 213.459, 0.064, 189.748, 0.014, 161.071, 0.023, 238.178, 0.071,
014-psn03ABBAb1, 8.648640, 0.000839454545455, 182.052, 0.019, 224.739, 0.077, 216.461, 0.082, 169.423, 0.021, 198.681, 0.021, 194.281, 0.106, 209.865, 0.07, 198.719, 0.021, 221.959, 0.022, 219.059, 0.09, 225.059, 0.09, 163.106, 0.014,
014-psn04ABABa1, 9.362430, 0.000539421487603, 189.611, 0.061, -143.751, 0.082, 206.717, 0.057, 220.183, 0.011, 136.594, 0.035, 190.339, 0.012, 149.59, 0.094, 212.15, 0.01, 203.427, 0.057, 195.967, 0.008, 154.576, 0.005, 209.933, 0.013,
014-psn04ABABb1, 9.231530, 0.000239834710744, -143.877, 0.069, 208.729, 0.047, -165.218, 0.005, 204.942, 0.044, -222.65, 0.005, 207.046, 0.063, 169.804, 0.006, 223.217, 0.047, -146.783, 0.082, 217.813, 0.052, -144.62, 0.005, 147.775, 0.075,
014-psn04ABBAa1, 9.081170, 0.000435719008264, 219.465, 0.077, 184.676, 0.012, 117.63, 0.087, 201.851, 0.061, 223.417, 0.087, 162.622, 0.021, -167.399, 0.005, 203.742, 0.076, 217.347, 0.066, -146.523, 0.005, 197.479, 0.012, 150.793, 0.08,
014-psn04ABBAb1, 8.640420, 0.000347785123967, 201.416, 0.042, 221.825, 0.051, 208.686, 0.074, 192.435, 0.05, 174.471, 0.015, 217.315, 0.057, 221.769, 0.069, 180.344, 0.039, 180.187, 0.045, 230.425, 0.069, 178.461, 0.07, 164.397, 0.061,
014-psn05ABABa1, 9.189290, 0.00483714049587, 252.62, 0.091, -169.4, 0.012, -163.161, 0.013, 245.42, 0.026, 178.504, 0.086, 260.742, 0.032, 155.398, 0.023, 215.405, 0.021, 169.572, 0.014, 259.625, 0.037, 162.189, 0.005, 209.828, 0.025,
014-psn05ABABb1, 9.729050, 0.00109274380165, 244.971, 0.036, 251.693, 0.057, 266.866, 0.019, 274.752, 0.065, 241.625, 0.022, 120.433, 0.03, 239.357, 0.029, 264.416, 0.059, 220.912, 0.038, 203.901, 0.041, 239.446, 0.032, 179.286, 0.057,
014-psn05ABBAa1, 9.480800, 0.00217242975207, -175.022, 0.005, 258.874, 0.031, 174.59, 0.039, 227.824, 0.086, 254.402, 0.083, 244.831, 0.043, 241.098, 0.032, 261.698, 0.09, 275.933, 0.072, 167.215, 0.035, 200.345, 0.027, 123.18, 0.031,
014-psn05ABBAb1, 9.626150, 0.0028073553719, 225.312, 0.02, 260.541, 0.059, 270.204, 0.073, 254.404, 0.027, 217.188, 0.036, 245.572, 0.07, 276.281, 0.064, 257.773, 0.027, 248.113, 0.023, -152.144, 0.005, 229.605, 0.054, 122.396, 0.095,
014-psn06ABABa1, 8.496320, 0.000638066115702, 265.426, 0.09, 250.348, 0.022, 260.595, 0.076, 232.033, 0.02, 278.95, 0.078, 246.324, 0.028, 250.824, 0.088, 193.708, 0.015, 268.028, 0.075, 242.009, 0.039, 240.405, 0.038, 194.035, 0.04,
014-psn06ABABb1, 8.674170, 0.00173201652893, 230.022, 0.022, 258.325, 0.074, 224.319, 0.021, 252.01, 0.05, 240.258, 0.02, 259.227, 0.085, 227.465, 0.016, 289.047, 0.065, 230.008, 0.021, 241.577, 0.059, 219.159, 0.014, 221.703, 0.055,
014-psn06ABBAa1, 8.224750, 0.00148378512397, 212.734, 0.114, 241.466, 0.026, 207.803, 0.014, 249.844, 0.068, 262.13, 0.065, 215.984, 0.019, 188.315, 0.078, 261.416, 0.108, 244.043, 0.053, 227.709, 0.02, 216.344, 0.043, 263.13, 0.056,
014-psn06ABBAb1, 8.436740, 0.00150808264463, 274.905, 0.023, 176.004, 0.039, 246.455, 0.062, 209.005, 0.026, 193.989, 0.025, 247.642, 0.092, 229.519, 0.075, 254.295, 0.023, 181.629, 0.024, 271.097, 0.08, 231.945, 0.07, 199.346, 0.024,
014-psn07ABABa1, 8.713380, 0.000517785123967, 159.122, 0.088, 205.072, 0.018, 231.286, 0.081, 238.88, 0.017, 213.406, 0.067, 188.476, 0.019, 225.074, 0.073, 208.952, 0.021, 214.322, 0.068, 161.963, 0.022, 226.309, 0.047, 171.717, 0.018,
014-psn07ABABb1, 8.890130, 0.000361454545455, 216.005, 0.015, 131.422, 0.089, -152.939, 0.011, 225.874, 0.084, 234.392, 0.024, 200.634, 0.02, 199.522, 0.019, 157.754, 0.021, 163.599, 0.023, 197.956, 0.089, 200.386, 0.017, 198.916, 0.056,
014-psn07ABBAa1, 8.449960, 0.00121583471074, 246.99, 0.089, 230.335, 0.019, 207.314, 0.019, 232.154, 0.083, 189.769, 0.08, 198.029, 0.023, 191.482, 0.027, 229.375, 0.09, 232.665, 0.101, 207.524, 0.02, 232.607, 0.024, 225.014, 0.086,
014-psn07ABBAb1, 8.912760, 0.000257421487603, 194.413, 0.042, 224.695, 0.073, 223.402, 0.081, 197.694, 0.02, 206.528, 0.024, 211.166, 0.096, 207.773, 0.077, 222.381, 0.017, 238.719, 0.024, 144.025, 0.069, 209.108, 0.079, 191.118, 0.035,
014-psn08ABABa1, 8.800830, 0.000317421487603, 206.154, 0.084, 242.77, 0.023, 277.973, 0.075, 217.336, 0.023, 162.929, 0.043, 224.275, 0.03, 229.987, 0.066, 241.035, 0.032, 243.076, 0.067, 223.465, 0.031, 233.4, 0.064, 168.362, 0.028,
014-psn08ABABb1, 8.969250, 0.000247834710744, 211.547, 0.027, 192.141, 0.047, 187.852, 0.032, 167.171, 0.033, 212.845, 0.026, 158.33, 0.033, 227.686, 0.033, 166.361, 0.029, 237.998, 0.025, 158.226, 0.038, 212.57, 0.016, 197.648, 0.032,
014-psn08ABBAa1, 9.136060, 0.00107390082645, 213.966, 0.092, 223.077, 0.025, 162.56, 0.031, 222.587, 0.039, 218.807, 0.096, 225.093, 0.031, 222.912, 0.028, 168.481, 0.038, 196.55, 0.098, 226.229, 0.03, 208.641, 0.027, 201.009, 0.096,
014-psn08ABBAb1, 9.352110, 0.000649289256198, 199.666, 0.023, 239.599, 0.098, 222.358, 0.062, 251.753, 0.02, 177.827, 0.03, 172.185, 0.027, 176.116, 0.032, 243.87, 0.018, 197.742, 0.031, 207.198, 0.045, 171.083, 0.026, -153.406, 0.077,
014-psn09ABABa1, 9.198420, 0.000863719008264, 161.232, 0.039, 198.04, 0.03, 165.52, 0.079, 203.984, 0.027, 225.832, 0.116, 220.921, 0.03, 254.199, 0.094, 236.341, 0.042, 265.415, 0.094, 253.877, 0.026, 181.007, 0.077, 246.824, 0.04,
014-psn09ABABb1, 9.115420, 0.000369702479339, 178.908, 0.027, 240.359, 0.073, 229.306, 0.036, 228.13, 0.076, 218.721, 0.037, 189.756, 0.08, -205.539, 0.023, 235.526, 0.078, 245.315, 0.031, 235.581, 0.112, 204.759, 0.033, 175.421, 0.151,
014-psn09ABBAa1, 8.885020, 0.0012367768595, 214.293, 0.25, 283.379, 0.024, 221.128, 0.044, 236.739, 0.083, 258.17, 0.101, 264.456, 0.029, 241.045, 0.042, 254.439, 0.064, 248.814, 0.096, 228.645, 0.036, 191.362, 0.059, 241.103, 0.09,
014-psn09ABBAb1, 9.343190, 0.000370363636364, 201.652, 0.031, 237.722, 0.076, 233.731, 0.089, 249.305, 0.029, 230.46, 0.031, 245.705, 0.083, 259.349, 0.089, 209.576, 0.02, 162.867, 0.036, 240.408, 0.086, 241.255, 0.095, 228.414, 0.04,
014-psn10ABABa1, 9.892290, 0.000580958677686, 251.4, 0.082, 248.538, 0.034, 251.135, 0.079, 263.985, 0.033, 162.134, 0.047, 192.983, 0.04, 226.746, 0.044, 200.098, 0.032, 238.707, 0.095, 251.345, 0.036, 185.507, 0.056, 239.905, 0.031,
014-psn10ABABb1, 9.953820, 0.000312247933884, 222.274, 0.034, 195.449, 0.04, 213.22, 0.036, 195.961, 0.106, 237.944, 0.02, 202.88, 0.053, 270.069, 0.03, 165.084, 0.089, 262.35, 0.029, 194.129, 0.098, 263.089, 0.03, 169.247, 0.064,
014-psn10ABBAa1, 9.430360, 0.00169778512397, 235.128, 0.11, 218.745, 0.025, 253.011, 0.031, 223.224, 0.103, 206.615, 0.094, 251.462, 0.027, 244.708, 0.039, 250.125, 0.089, 200.537, 0.088, 230.831, 0.033, 264.203, 0.034, 244.409, 0.084,
014-psn10ABBAb1, 9.073450, 0.00131669421488, 182.076, 0.006, 239.072, 0.085, 206.821, 0.086, 269.503, 0.029, 248.104, 0.034, 229.635, 0.105, 248.147, 0.093, 246.187, 0.03, 230.197, 0.045, 271.643, 0.087, 242.457, 0.057, 220.361, 0.05,
014-psn11ABABa1, 9.229260, 0.000526975206612, 246.277, 0.068, 271.377, 0.027, 231.33, 0.075, 237.411, 0.044, 235.755, 0.069, 226.657, 0.038, 229.44, 0.084, 208.618, 0.022, 221.919, 0.088, 245.12, 0.039, 253.263, 0.041, 182.616, 0.025,
014-psn11ABABb1, 9.819000, 0.000621355371901, 219.127, 0.027, 211.142, 0.093, 242.981, 0.032, 257.253, 0.084, 247.889, 0.032, 220.08, 0.088, 230.338, 0.028, 206.645, 0.063, 261.746, 0.024, 223.821, 0.077, 243.033, 0.024, 229.405, 0.063,
014-psn11ABBAa1, 8.939600, 0.00131747107438, 233.869, 0.38, 241.767, 0.03, 240.649, 0.034, 252.334, 0.062, 242.644, 0.079, 244.196, 0.022, 230.761, 0.033, 216.124, 0.078, 227.625, 0.083, 243.017, 0.027, 257.958, 0.03, 204.524, 0.067,
014-psn11ABBAb1, 9.398390, 0.000338380165289, 223.77, 0.034, 239.979, 0.094, 239.345, 0.085, 263.974, 0.037, 253.662, 0.034, 240.592, 0.087, 240.055, 0.083, 263.511, 0.023, 267.313, 0.029, 215.053, 0.074, 264.903, 0.052, 267.073, 0.068,
014-psn12ABABa1, 9.507510, 0.00082347107438, 267.007, 0.082, 219.839, 0.026, 252.804, 0.072, 212.501, 0.025, 247.771, 0.076, 227.979, 0.027, 261.42, 0.085, 188.527, 0.023, 219.972, 0.09, 182.237, 0.018, 188.057, 0.058, 244.161, 0.031,
014-psn12ABABb1, 9.106730, 0.000365537190083, -129.725, 0.1, 260.015, 0.069, 161.487, 0.021, 266.762, 0.069, 206.06, 0.029, 261.581, 0.077, 207.992, 0.027, 247.832, 0.053, 211.961, 0.038, 245.731, 0.06, 229.219, 0.035, 237.277, 0.073,
014-psn12ABBAa1, 9.508080, 0.000549107438017, 212.026, 0.102, 212.686, 0.043, -143.63, 0.097, 276.451, 0.079, 189.025, 0.111, 215.29, 0.03, 201.11, 0.037, 260.493, 0.122, 241.258, 0.076, 155.606, 0.035, 243.812, 0.039, 199.118, 0.071,
014-psn12ABBAb1, 9.290450, 0.000643966942149, 182.914, 0.018, 234.911, 0.089, 248.704, 0.076, -156.108, 0.082, 192.812, 0.033, 233.932, 0.072, 222.44, 0.06, 171.086, 0.031, 181.368, 0.04, 240.957, 0.075, 263.063, 0.072, 125.74, 0.087,
