020-pdm01ABABa1, 12.885600, 0.001311, -190.11, 0.005, 235.755, 0.108, -132.433, 0.08, 139.657, 0.105, 180.275, 0.027, 180.339, 0.107, 195.629, 0.027, 234.793, 0.071, 
020-pdm01ABABb1, 8.814290, 0.001335, 218.823, 0.096, 159.042, 0.024, 223.963, 0.112, 206.892, 0.042, -186.351, 0.145, 204.456, 0.032, 217.334, 0.092, 190.262, 0.029, 165.798, 0.111, -137.646, 0.092, 245.099, 0.084, 172.372, 0.031, 
020-pdm01ABBAa1, 8.257760, 0.001029, 209.765, 0.045, 237.826, 0.121, 225.115, 0.1, -128.398, 0.086, 147.975, 0.078, 198.106, 0.044, 249.652, 0.133, 231.435, 0.083, 176.894, 0.026, 254.788, 0.073, 237.136, 0.088, 192.472, 0.032, 
020-pdm01ABBAb1, 8.874270, 0.000389, 150.542, 0.017, -120.973, 0.075, 183.145, 0.031, 153.345, 0.035, 154.396, 0.095, -128.637, 0.085, 145.435, 0.018, 256.186, 0.12, 221.273, 0.111, 160.433, 0.013, 183.301, 0.051, 233.879, 0.091, 
020-pdm02ABABa1, 10.492000, 0.000464, 178.615, 0.014, 250.61, 0.061, 224.271, 0.029, 196.081, 0.072, 192.531, 0.035, 244.787, 0.06, 223.273, 0.036, 225.806, 0.043, 204.34, 0.036, 248.737, 0.076, 203.19, 0.03, 251.807, 0.078, 
020-pdm02ABABb1, 10.238200, 0.001138, 226.188, 0.049, 194.306, 0.021, 239.139, 0.08, 205.342, 0.015, 260.101, 0.102, 194.838, 0.018, 271.184, 0.071, -217.258, 0.005, 257.402, 0.097, 213.806, 0.019, 259.473, 0.035, 207.703, 0.023, 
020-pdm02ABBAa1, 10.413300, 0.000727, 200.523, 0.01, 244.462, 0.077, 232.905, 0.07, 219.614, 0.025, 230.22, 0.011, 253.825, 0.086, 237.324, 0.086, 222.185, 0.013, 248.492, 0.029, 226.565, 0.073, 215.774, 0.039, 217.286, 0.031, 
020-pdm02ABBAb1, 10.316700, 0.000113, 239.583, 0.063, 226.53, 0.025, 205.79, 0.023, 244.358, 0.056, 248.924, 0.077, 228.014, 0.028, 226.52, 0.04, 244.965, 0.075, 219.652, 0.075, 245.874, 0.034, 220.862, 0.034, 245.215, 0.091, 
020-pdm03ABABa1, 9.187380, 0.007758, -156.051, 0.076, 216.305, 0.066, 178.354, 0.008, 211.977, 0.031, 208.338, 0.067, 199.771, 0.026, 203.774, 0.057, 172.745, 0.051, 214.488, 0.055, 239.578, 0.02, 242.023, 0.065, 219.803, 0.012, 214.262, 0.053, 
020-pdm03ABABb1, 8.034120, 0.003121, 215.01, 0.07, 203.676, 0.042, 160.177, 0.08, 205.052, 0.048, 242.043, 0.037, 228.183, 0.042, 164.875, 0.038, -218.791, 0.005, -240.067, 0.005, 200.952, 0.044, 208.246, 0.069, 205.37, 0.043, 248.015, 0.075, 
020-pdm03ABBAa1, 9.375880, 0.001866, 197.745, 0.017, 230.721, 0.038, 248.143, 0.053, 205.513, 0.038, 211.978, 0.028, 227.994, 0.056, 190.329, 0.064, -186.985, 0.008, 216.287, 0.037, 260.05, 0.081, 217.505, 0.063, 197.281, 0.03, 
020-pdm03ABBAb1, 8.557030, 0.000598, 262.814, 0.069, 187.597, 0.035, 213.075, 0.006, 229.67, 0.072, 234.35, 0.081, 198.036, 0.022, 244.004, 0.023, 216.126, 0.077, 214.38, 0.112, 202.573, 0.036, 213.803, 0.005, 
020-pdm04ABABa1, 8.767270, 0.002386, 166.246, 0.044, 194.043, 0.073, 180.881, 0.035, 182.109, 0.071, 188.571, 0.031, 148.782, 0.044, 212.323, 0.033, -182.278, 0.005, 184.377, 0.032, -134.445, 0.06, 218.606, 0.034, 
020-pdm04ABABb1, 8.945470, 0.000445, 251.546, 0.063, 214.591, 0.027, 220.508, 0.043, 180.239, 0.036, 237.013, 0.097, 209.929, 0.04, 175.904, 0.069, 169.768, 0.083, 226.733, 0.051, 202.084, 0.079, 182.436, 0.064, 153.958, 0.087, 
020-pdm04ABBAa1, 9.152850, 0.000523, 217.012, 0.031, -176.06, 0.005, 211.636, 0.071, 186.998, 0.022, 212.557, 0.032, 217.561, 0.075, 226.976, 0.07, 208.588, 0.032, 235.771, 0.033, 211.463, 0.086, 166.232, 0.007, -215.479, 0.084, 
020-pdm04ABBAb1, 9.849310, 0.000265, 190.289, 0.009, 208.371, 0.021, 193.86, 0.034, 201.754, 0.049, 206.711, 0.054, 189.557, 0.015, 220.725, 0.02, 221.88, 0.041, 147.198, 0.031, 207.814, 0.024, 202.465, 0.026, 173.335, 0.044, 
020-pdm05ABABa1, 8.841970, 0.000387, 207.949, 0.024, 249.783, 0.027, -133.935, 0.071, 212.836, 0.085, -148.098, 0.077, 203.467, 0.079, -152.245, 0.083, 237.452, 0.095, -150.783, 0.085, 184.022, 0.113, -141.895, 0.089, 230.895, 0.081, 
020-pdm05ABABb1, 8.729750, 0.000434, 197.414, 0.027, 176.529, 0.016, 211.945, 0.081, -157.354, 0.087, 249.703, 0.021, -157.553, 0.087, 229.19, 0.073, -144.215, 0.083, 206.174, 0.078, -145.343, 0.064, 204.401, 0.082, -128.341, 0.09, 
020-pdm05ABBAa1, 8.865790, 0.000372, 234.061, 0.032, -136.576, 0.079, 155.56, 0.045, -147.925, 0.08, -132.175, 0.08, 197.406, 0.039, 217.122, 0.034, -127.535, 0.07, 170.627, 0.021, 248.355, 0.034, 192.258, 0.031, -152.119, 0.083, 
020-pdm05ABBAb1, 8.650970, 0.000418, 267.407, 0.072, -133.312, 0.066, 200.558, 0.031, 265.712, 0.064, 274.493, 0.081, 202.563, 0.042, -140.792, 0.085, 265.512, 0.08, 270.973, 0.076, -138.166, 0.079, 121.315, 0.021, 284.564, 0.078, 
020-pdm06ABABa1, 8.527390, 0.000300, 224.967, 0.022, 234.165, 0.03, 231.485, 0.02, 248.837, 0.027, 235.999, 0.024, 181.416, 0.033, 227.406, 0.03, 256.43, 0.044, 230.806, 0.02, 214.727, 0.074, 249.139, 0.036, 229.567, 0.031, 
020-pdm06ABABb1, 8.515500, 0.000572, 200.036, 0.021, 235.923, 0.051, 225.672, 0.064, 254.375, 0.041, 217.025, 0.075, 238.841, 0.038, 225.89, 0.017, 237.277, 0.048, 209.655, 0.075, 236.121, 0.038, 184.386, 0.022, 242.844, 0.028, 
020-pdm06ABBAa1, 9.031790, 0.000788, 236.998, 0.022, 255.805, 0.043, 266.322, 0.047, 217.791, 0.02, 244.544, 0.027, 211.079, 0.092, 216.468, 0.023, 227.837, 0.039, 148.863, 0.039, 206.612, 0.095, 250.663, 0.059, 247.38, 0.033, 
020-pdm06ABBAb1, 9.006450, 0.000367, 191.832, 0.063, 211.291, 0.021, 253.148, 0.024, 245.852, 0.034, 204.408, 0.054, 274.028, 0.034, 223.914, 0.018, 206.823, 0.071, 218.197, 0.018, 238.689, 0.027, 250.971, 0.02, 196.641, 0.019, 
020-pdm07ABABa1, 8.230290, 0.002132, 192.134, 0.045, 228.119, 0.07, 280.328, 0.022, 258.261, 0.069, 255.543, 0.033, 190.958, 0.026, 264.802, 0.029, 193.226, 0.023, 79.3375, 0.037, 193.974, 0.025, 256.659, 0.02, 181.444, 0.099, 
020-pdm07ABABb1, 8.796770, 0.000947, 203.681, 0.029, 257.082, 0.022, 184.597, 0.09, 248.407, 0.025, 215.797, 0.036, 269.803, 0.024, 206.509, 0.033, 255.407, 0.023, 197.322, 0.028, 244.579, 0.027, 227.125, 0.087, 267.24, 0.018, 
020-pdm07ABBAa1, 8.372280, 0.000546, 238.261, 0.018, 234.997, 0.078, 240.153, 0.077, 234.021, 0.016, 223.627, 0.017, 256.906, 0.066, 256.568, 0.07, 236.844, 0.025, 225.543, 0.014, 243.529, 0.026, 239.289, 0.074, 258.022, 0.014, 
020-pdm07ABBAb1, 8.603130, 0.000201, 280.238, 0.06, 225.33, 0.014, 218.229, 0.024, 213.757, 0.065, 262.038, 0.084, 220.687, 0.022, 175.618, 0.032, 261.213, 0.05, 239.232, 0.065, 259.555, 0.014, 238.067, 0.02, 249.95, 0.087, 
020-pdm08ABABa1, 8.595240, 0.000389, 224.951, 0.046, 250.683, 0.083, 207.457, 0.05, 230.79, 0.07, 212.266, 0.023, 234.915, 0.096, 190.301, 0.02, 222.361, 0.076, 178.543, 0.022, 258.302, 0.073, 166.56, 0.019, 214.248, 0.092, 
020-pdm08ABABb1, 8.616220, 0.000596, 228.615, 0.084, -124.295, 0.011, 279.521, 0.086, -129.92, 0.079, 227.825, 0.091, -121.979, 0.091, 239.336, 0.086, -131.104, 0.085, 237.013, 0.082, -130.026, 0.069, 220.463, 0.12, -116.264, 0.083, 
020-pdm08ABBAa1, 8.887330, 0.000430, 222.937, 0.022, 240.664, 0.101, 246.682, 0.04, 218.057, 0.045, 226.418, 0.035, 250.092, 0.081, 211.124, 0.088, 219.553, 0.045, 168.855, 0.043, 220.911, 0.086, 201.404, 0.107, 260.224, 0.024, 
020-pdm08ABBAb1, 8.344990, 0.000347, 244.203, 0.097, -128.093, 0.014, -138.191, 0.012, 235.847, 0.088, 202.691, 0.102, -103.45, 0.06, -125.957, 0.007, 196.72, 0.087, 222.147, 0.075, -131.54, 0.093, -134.804, 0.068, 267.478, 0.075, 
020-pdm09ABABa1, 13.944500, 0.000282, 215.318, 0.038, 277.001, 0.077, 246.524, 0.036, 226.726, 0.092, 247.151, 0.047, 208.591, 0.099, 224.224, 0.06, 245.513, 0.087, 
020-pdm09ABABb1, 9.324840, 0.000493, 204.314, 0.081, 228.152, 0.048, 258.388, 0.073, 245.974, 0.058, 253.537, 0.085, 239.068, 0.049, 230.703, 0.096, 251.51, 0.062, 180.77, 0.052, 240.765, 0.057, 223.57, 0.085, 239.736, 0.063, 
020-pdm09ABBAa1, 9.402200, 0.000526, 200.159, 0.207, 230.011, 0.077, 261.757, 0.066, 275.272, 0.051, 296.161, 0.038, 179.553, 0.025, 241.47, 0.074, 248.083, 0.027, 241.281, 0.051, 237.581, 0.07, 246.911, 0.108, 261.917, 0.03, 
020-pdm09ABBAb1, 9.376610, 0.000573, 245.247, 0.062, 240.178, 0.037, 235.564, 0.037, 188.305, 0.099, 188.969, 0.106, 237.237, 0.052, 253.038, 0.042, 255.637, 0.101, 176.657, 0.048, 204.399, 0.055, 255.684, 0.08, 243.673, 0.093, 
020-pdm10ABABa1, 9.478560, 0.000349, 199.161, 0.037, 224.516, 0.085, -131.962, 0.099, 264.782, 0.077, -145.319, 0.013, 214.457, 0.086, -151.911, 0.013, 245.763, 0.077, 209.444, 0.03, 207.073, 0.079, 213.332, 0.025, 194.2, 0.063, 
020-pdm10ABABb1, 8.833490, 0.000152, 254.663, 0.086, -118.784, 0.02, 203.118, 0.118, -132.372, 0.018, 190.323, 0.103, -135.106, 0.045, 219.636, 0.106, -131.537, 0.103, 200.559, 0.105, 189.053, 0.021, 250.622, 0.129, 141.82, 0.041, 
020-pdm10ABBAa1, 9.459270, 0.000580, 182.602, 0.022, 237.025, 0.072, 223.879, 0.072, 181.594, 0.026, 227.842, 0.038, 241.408, 0.102, 270.212, 0.089, 191.492, 0.03, 220.429, 0.05, 214.49, 0.077, 239.201, 0.061, 240.339, 0.034, 
020-pdm10ABBAb1, 8.130510, 0.000864, 222.624, 0.067, -108.296, 0.019, 197.113, 0.041, 193.516, 0.075, 241.231, 0.108, 209.037, 0.053, 206.894, 0.038, 205.965, 0.059, 197.216, 0.105, 165.317, 0.005, -136.441, 0.067, 203.498, 0.098, 
020-pdm11ABABa1, 8.641610, 0.002525, 225.242, 0.049, 229.146, 0.076, 244.657, 0.042, 193.945, 0.096, 256.613, 0.036, 192.598, 0.106, 242.126, 0.048, 200.161, 0.041, 189.877, 0.049, 218.616, 0.007, 216.06, 0.051, 171.532, 0.035, 
020-pdm11ABABb1, 8.357670, 0.000830, 213.027, 0.073, 199.84, 0.005, 244.98, 0.091, 279.633, 0.029, 178.609, 0.063, 288.105, 0.027, 229.178, 0.108, 230.927, 0.039, 222.106, 0.12, -239.533, 0.038, 233.035, 0.04, 249.82, 0.044, 
020-pdm11ABBAa1, 8.080880, 0.001073, 257.109, 0.043, 291.481, 0.065, 311.129, 0.056, 225.364, 0.036, 250.073, 0.033, 264.863, 0.064, 282.167, 0.081, 204.266, 0.03, 290.742, 0.04, 196.24, 0.095, 290.266, 0.083, 260.106, 0.025, 
020-pdm11ABBAb1, 8.656410, 0.002481, 257.428, 0.073, 197.093, 0.033, 303.398, 0.03, 283.431, 0.064, 301.69, 0.082, 240.837, 0.036, 239.109, 0.033, 272.521, 0.064, 285.395, 0.057, 219.287, 0.031, 219.551, 0.042, 229.22, 0.065, 
020-pdm12ABABa1, 8.248190, 0.000624, 227.752, 0.059, 245.529, 0.086, -139.15, 0.029, 224.482, 0.096, 164.826, 0.083, 231.278, 0.108, -146.45, 0.021, 222.986, 0.089, 219.605, 0.042, 255.434, 0.104, -142.28, 0.07, 256.144, 0.079, 
020-pdm12ABABb1, 7.959550, 0.003850, 242.687, 0.079, 231.275, 0.005, 222.045, 0.077, -148.524, 0.012, 211.337, 0.084, -155.486, 0.012, 209.823, 0.09, -136.674, 0.088, 244.378, 0.103, -127.574, 0.011, 223.551, 0.094, -128.184, 0.016, 
020-pdm12ABBAa1, 8.498900, 0.001586, 102.601, 0.006, 244.166, 0.091, 256.304, 0.062, -148.428, 0.032, -137.441, 0.067, 253.537, 0.083, 239.135, 0.083, 152.801, 0.021, 226.094, 0.051, 186.665, 0.093, 218.938, 0.067, 196.989, 0.036, 
020-pdm12ABBAb1, 7.699420, 0.022879, 129.428, 0.048, -216.832, 0.005, 222.096, 0.006, 248.6, 0.071, 216.038, 0.086, 164.969, 0.009, 186.077, 0.005, 232.247, 0.111, 135.416, 0.041, -168.276, 0.005, -122.406, 0.013, -145.57, 0.017, 185.141, 0.034, 223.595, 0.005, 
020-pdn01ABABa1, 8.607020, 0.000817, 191.631, 0.009, -154.887, 0.063, -132.546, 0.089, 214.424, 0.055, -142.785, 0.07, 203.774, 0.075, -137.766, 0.077, 235.191, 0.06, 180.809, 0.018, 235.333, 0.064, -152.663, 0.085, 150.517, 0.072, 
020-pdn01ABABb1, 7.875360, 0.009747, -164.223, 0.063, -132.231, 0.075, 135.225, 0.006, 171.879, 0.017, 195.591, 0.066, 173.42, 0.025, 188.41, 0.086, 179.62, 0.034, 103.318, 0.005, -143.881, 0.06, 182.735, 0.046, 189.095, 0.042, 194.548, 0.091, 202.864, 0.031, 
020-pdn01ABBAa1, 8.329670, 0.020594, 182.511, 0.009, 211.008, 0.073, 240.971, 0.065, 166.304, 0.017, 84.4091, 0.006, 205.915, 0.048, 192.445, 0.075, -146.642, 0.083, 160.85, 0.036, 145.898, 0.047, 214.117, 0.063, 159.213, 0.014, 
020-pdn01ABBAb1, 7.510540, 0.004460, 211.286, 0.054, 173.513, 0.017, -125.392, 0.074, 205.787, 0.051, 208.135, 0.078, -120.869, 0.06, 165.053, 0.019, 188.501, 0.061, 177.793, 0.017, -151.567, 0.087, -126.588, 0.081, 161.596, 0.089, 222, 0.191, 
020-pdn02ABABa1, 9.158360, 0.000426, 190.105, 0.009, 250.593, 0.082, 193.019, 0.018, 244.716, 0.079, 189.883, 0.027, 248.918, 0.075, 192.629, 0.036, 237.486, 0.07, 195.99, 0.011, 239.013, 0.068, 204.186, 0.058, 221.772, 0.025, 
020-pdn02ABABb1, 9.385550, 0.001534, 221.026, 0.08, 176.401, 0.019, 226.981, 0.071, 155.348, 0.014, 202.003, 0.074, -124.063, 0.085, 262.813, 0.093, 209.952, 0.025, 267.458, 0.111, 171.8, 0.044, 262.628, 0.099, -132.622, 0.082, 
020-pdn02ABBAa1, 7.899390, 0.000666, 153.012, 0.086, -119.11, 0.087, 208.286, 0.069, 217.549, 0.076, 168.389, 0.09, 170.584, 0.032, 218.412, 0.074, 121.234, 0.005, 193.494, 0.031, 165.102, 0.021, 137.849, 0.09, 194.005, 0.075, 178.948, 0.028, 
020-pdn02ABBAb1, 9.221820, 0.000441, 246.217, 0.085, -129.224, 0.08, 174.66, 0.024, 211.841, 0.077, 219.836, 0.074, 168.2, 0.032, 205.587, 0.024, 258.605, 0.056, 253.004, 0.076, 174.361, 0.034, 175.013, 0.033, 255.705, 0.064, 
020-pdn03ABABa1, 7.874360, 0.000776, 215.1, 0.017, 196.623, 0.069, 185.91, 0.064, 202.735, 0.063, -138.167, 0.084, 205.308, 0.061, -158.278, 0.086, 187.646, 0.077, 183.769, 0.005, 243.301, 0.072, -167.174, 0.093, 220.387, 0.057, 
020-pdn03ABABb1, 13.390000, 0.000653, 199.871, 0.06, -142.184, 0.074, 241.513, 0.086, 153.575, 0.033, 150.237, 0.08, -147.292, 0.092, 171.267, 0.086, -161.473, 0.08, 
020-pdn03ABBAa1, 8.438730, 0.000345, 203.839, 0.012, 191.861, 0.064, 204.747, 0.06, -164.474, 0.081, -150.659, 0.087, 210.635, 0.056, 212.433, 0.075, -171.455, 0.085, 161.543, 0.023, 209.378, 0.059, 228.286, 0.08, -139.457, 0.078, 
020-pdn03ABBAb1, 7.652160, 0.000405, 237.814, 0.083, -147.061, 0.076, -127.819, 0.058, 146.634, 0.005, 189.13, 0.07, -120.226, 0.082, 197.787, 0.047, 204.293, 0.075, 207.179, 0.07, -132.873, 0.068, -131.749, 0.05, 207.399, 0.064, 
020-pdn04ABABa1, 8.101600, 0.001865, 196.261, 0.014, 178.507, 0.046, 197.953, 0.033, 261.208, 0.08, 245.686, 0.03, 253.24, 0.094, 188.621, 0.029, 294.294, 0.086, -165.509, 0.101, 269.134, 0.115, 249.884, 0.02, 245.619, 0.079, 
020-pdn04ABABb1, 8.223790, 0.001695, 208.096, 0.076, 247.663, 0.022, 250.991, 0.084, 215.532, 0.039, 189.382, 0.09, 204.654, 0.032, 263.863, 0.065, 230.25, 0.032, 265.521, 0.075, 223.157, 0.031, 174.212, 0.005, 226.136, 0.02, 
020-pdn04ABBAa1, 8.455770, 0.000696, 160.454, 0.077, 239.983, 0.032, 210.068, 0.02, 222.715, 0.059, 253.507, 0.018, 219.349, 0.005, 253.174, 0.064, 197.764, 0.018, 241.783, 0.028, 240.999, 0.061, 253.404, 0.065, 228.528, 0.01, 
020-pdn04ABBAb1, 8.132820, 0.000779, 129.327, 0.07, -180.237, 0.075, 200.344, 0.035, 171.421, 0.1, 163.459, 0.044, 259.938, 0.031, 255.801, 0.038, 223.921, 0.005, 243.593, 0.094, 239.65, 0.031, 246.281, 0.029, 264.512, 0.101, 
020-pdn05ABABa1, 8.825810, 0.000199, 197.916, 0.024, 212.315, 0.076, 243.074, 0.026, 241.623, 0.059, 229.289, 0.056, 211.561, 0.085, 221.304, 0.063, 249.875, 0.065, 253.125, 0.07, 223.543, 0.075, 220.596, 0.05, 213.017, 0.064, 
020-pdn05ABABb1, 8.814670, 0.000383, 221.863, 0.091, 229.328, 0.035, 215.494, 0.084, 279.841, 0.034, 202.796, 0.086, 226.879, 0.019, 232.568, 0.013, 246.204, 0.029, 185.34, 0.027, 243.45, 0.031, 228.682, 0.102, 215.546, 0.042, 
020-pdn05ABBAa1, 9.490930, 0.000273, -206.125, 0.071, 201.035, 0.068, 269.445, 0.053, 224.418, 0.024, 230.195, 0.04, 248.265, 0.056, 216.592, 0.016, 234.895, 0.028, 233.181, 0.011, 251.324, 0.055, 226.029, 0.058, 203.708, 0.028, 
020-pdn05ABBAb1, 9.204660, 0.000362, 261.33, 0.064, 236.041, 0.021, 232.352, 0.022, 252.572, 0.041, 231.817, 0.054, 238.264, 0.038, 203.868, 0.029, 233.772, 0.046, 227.372, 0.089, 239.053, 0.05, 225.332, 0.028, 240.058, 0.042, 
020-pdn06ABABa1, 8.612620, 0.001118, 215.1, 0.026, 205.939, 0.07, 251.462, 0.022, 207.959, 0.088, 243.713, 0.026, 241.279, 0.014, 262.938, 0.033, 258.016, 0.039, 241.541, 0.021, 230.744, 0.015, 238.783, 0.027, 226.541, 0.028, 
020-pdn06ABABb1, 8.438480, 0.000535, 256.061, 0.072, 263.603, 0.02, 259.493, 0.065, 203.683, 0.138, 268.481, 0.073, 261.153, 0.023, 242.425, 0.066, 197.278, 0.039, 248.315, 0.089, 289.435, 0.021, 278.292, 0.065, 259.448, 0.024, 
020-pdn06ABBAa1, 12.638600, 0.001834, 220.985, 0.028, 245.144, 0.055, 294.501, 0.038, 241.093, 0.029, 230.088, 0.016, 308.458, 0.08, 207.754, 0.097, 233.126, 0.062, 
020-pdn06ABBAb1, 8.768710, 0.000549, 275.602, 0.057, 253.571, 0.024, 268.46, 0.022, 291.075, 0.086, 224.779, 0.048, 231.05, 0.024, 262.963, 0.013, 280.101, 0.058, 267.296, 0.045, 241.24, 0.028, 189.835, 0.03, 233.657, 0.054, 
020-pdn07ABABa1, 8.482970, 0.000163, 235.69, 0.02, 182.804, 0.08, 170.685, 0.023, 269.159, 0.084, -131.709, 0.092, 213.863, 0.093, -138.376, 0.073, 221.382, 0.08, -138.137, 0.087, 212.703, 0.086, -111.218, 0.072, 165.223, 0.02, 
020-pdn07ABABb1, 12.303300, 0.000594, 217.238, 0.059, -144.996, 0.013, 208.674, 0.02, -143.623, 0.075, 238.206, 0.09, -158.307, 0.01, 229.7, 0.079, 
020-pdn07ABBAa1, 8.238990, 0.000233, 178.991, 0.016, 269.741, 0.084, 240.726, 0.078, 209.412, 0.016, 184.717, 0.018, 256.606, 0.104, 242.341, 0.086, 176.553, 0.016, -123.467, 0.089, 233.412, 0.102, 216.36, 0.059, 155.072, 0.015, 
020-pdn07ABBAb1, 8.290100, 0.000294, 228.51, 0.064, -156.007, 0.068, -150.494, 0.083, 227.196, 0.037, 238.746, 0.033, 132.466, 0.005, 140.668, 0.011, 228.151, 0.039, 225.452, 0.038, -139.875, 0.077, 140.013, 0.032, 225.147, 0.082, 
020-pdn08ABABa1, 9.940030, 0.000650, 230.717, 0.026, 218.613, 0.121, 212.76, 0.031, 229.811, 0.082, 249.101, 0.027, 224.16, 0.032, 242.041, 0.039, 245.937, 0.095, 256.882, 0.038, 233.832, 0.092, 255.516, 0.048, 249.76, 0.08, 
020-pdn08ABABb1, 9.529900, 0.000284, 269.685, 0.045, 252.193, 0.029, 244.474, 0.097, 268.071, 0.025, 247.043, 0.077, 253.772, 0.032, 269.594, 0.026, 241.685, 0.035, 233.364, 0.094, 257.992, 0.033, 260.483, 0.074, 259.626, 0.021, 
020-pdn08ABBAa1, 9.670880, 0.000487, 246.843, 0.023, 213.527, 0.073, 234.282, 0.071, 213.977, 0.017, 246.536, 0.027, 221.164, 0.024, 237.062, 0.066, 251.709, 0.022, 211.186, 0.042, 221.757, 0.105, 248.959, 0.087, 252.554, 0.032, 
020-pdn08ABBAb1, 9.783630, 0.000598, 285.105, 0.095, 200.475, 0.027, 240.187, 0.024, 240.81, 0.075, 229.52, 0.059, 241.167, 0.046, 248.23, 0.042, 243.031, 0.057, 266.682, 0.034, 226.654, 0.05, 205.203, 0.028, 260.647, 0.098, 
020-pdn09ABABa1, 9.683860, 0.000443, 231.665, 0.065, 221.713, 0.035, 263.106, 0.03, 177.384, 0.034, 232.74, 0.03, 246.145, 0.078, 268.236, 0.048, 195.26, 0.082, 262.778, 0.036, 189.147, 0.034, 148.224, 0.04, 253.546, 0.047, 
020-pdn09ABABb1, 8.918890, 0.000778, 263.956, 0.121, 209.847, 0.051, 250.75, 0.083, 237.684, 0.069, 241.934, 0.083, 234.043, 0.071, 249.27, 0.093, 237.774, 0.073, 164.534, 0.112, 241.215, 0.11, 211.04, 0.085, 221.616, 0.061, 
020-pdn09ABBAa1, 9.550190, 0.000479, 232.725, 0.052, 215.751, 0.064, 237.607, 0.033, 235.511, 0.059, 191.891, 0.033, 248.116, 0.063, 251.47, 0.064, 264.249, 0.028, -171.58, 0.023, 248.172, 0.057, 261.473, 0.075, 238.316, 0.026, 
020-pdn09ABBAb1, 9.371400, 0.000751, 258.223, 0.064, 232.371, 0.02, 220.872, 0.027, 194.738, 0.062, 240.905, 0.057, 192.252, 0.035, 236.115, 0.037, 295.61, 0.097, 228.861, 0.067, 248.147, 0.055, 192.927, 0.044, 201.415, 0.101, 
020-pdn10ABABa1, 9.052080, 0.001060, 247.405, 0.031, 233.865, 0.102, -204.802, 0.039, 244.446, 0.126, 254.586, 0.044, 222.4, 0.07, 263.654, 0.041, 221.751, 0.072, 240.13, 0.039, 231.392, 0.088, 258.352, 0.045, 271.363, 0.066, 238.445, 0.041, 
020-pdn10ABABb1, 9.354320, 0.000942, 231.517, 0.085, 246.062, 0.053, 245.762, 0.13, 280.583, 0.095, 240.04, 0.094, -177.472, 0.053, 220.421, 0.116, 245.23, 0.063, 271.942, 0.052, 238.25, 0.072, 225.383, 0.088, 243.037, 0.049, 
020-pdn10ABBAa1, 9.756320, 0.000351, 228.818, 0.026, 189.588, 0.031, 245.644, 0.092, -231.3, 0.049, 243.309, 0.071, 238.792, 0.107, 251.066, 0.088, 219.054, 0.052, 270.961, 0.04, 267.551, 0.11, 252.244, 0.132, 248.148, 0.044, 
020-pdn10ABBAb1, 9.974370, 0.000310, 227.627, 0.081, 235.58, 0.034, 252.694, 0.05, 254.275, 0.08, 259.781, 0.11, 256.261, 0.049, 230.79, 0.043, 236.094, 0.069, 245.76, 0.09, -188.039, 0.037, 259.86, 0.038, 259.535, 0.106, 
020-pdn11ABABa1, 9.397510, 0.000507, 230.115, 0.047, 220.727, 0.092, 230.914, 0.063, 220.133, 0.096, 242.582, 0.066, 256.891, 0.112, 210.897, 0.05, 274.987, 0.098, 228.293, 0.049, 275.884, 0.085, 217.511, 0.069, 186.307, 0.113, 
020-pdn11ABABb1, 2.492710, 0.003424, 128.279, 0.215, 133.577, 0.136, 133.956, 0.283, 199.14, 0.193, 175.197, 0.448, 165.93, 0.009, 116.361, 0.28, 
020-pdn11ABBAa1, 9.423470, 0.000758, 228.601, 0.024, 236.869, 0.053, 259.05, 0.064, 215.863, 0.044, 197.267, 0.034, 230.894, 0.076, 207.221, 0.06, 249.782, 0.043, 222.251, 0.05, 167.255, 0.036, 230.37, 0.085, 232.258, 0.056, 
020-pdn11ABBAb1, 9.647970, 0.000502, 240.692, 0.094, 200.556, 0.046, 236.888, 0.037, 230.638, 0.089, 266.104, 0.088, 248.671, 0.043, 255.884, 0.058, 249.191, 0.088, 261.336, 0.1, 254.548, 0.068, 237.562, 0.054, 242.859, 0.121, 
020-pdn12ABABa1, 9.694660, 0.001744, 191.562, 0.127, 214.053, 0.052, 249.485, 0.068, 167.898, 0.101, 225.4, 0.063, 148.612, 0.038, 248.984, 0.065, 206.525, 0.122, 243.216, 0.071, 167.447, 0.069, 252.414, 0.043, 278.278, 0.094, 
020-pdn12ABABb1, 9.651490, 0.000816, 243.827, 0.037, 186.532, 0.085, 247.294, 0.043, 264.752, 0.069, 208.375, 0.037, 277.744, 0.066, 224.351, 0.082, 258.551, 0.044, 164.737, 0.092, 267.339, 0.045, 276.977, 0.085, -204.392, 0.022, 
020-pdn12ABBAa1, 9.250280, 0.001223, 240.595, 0.045, 195.378, 0.075, 251.362, 0.081, 298.57, 0.029, 238.112, 0.052, 241.077, 0.07, 261.575, 0.08, 192.41, 0.058, 247.036, 0.048, 204.788, 0.079, 251.809, 0.07, 231.671, 0.039, 
020-pdn12ABBAb1, 9.482130, 0.000600, 269.145, 0.079, 239.681, 0.034, 249.834, 0.05, 248.818, 0.077, 271.376, 0.078, 212.139, 0.048, 227.223, 0.04, 249.871, 0.088, 164.144, 0.089, 224.808, 0.042, 217.513, 0.038, 254.797, 0.063, 
020-psm01ABABa1, 9.454560, 0.000355, 222.002, 0.072, 214.408, 0.033, 241.846, 0.053, 186.209, 0.016, 233.693, 0.059, 194.414, 0.027, 235.125, 0.055, 185.891, 0.011, 255.394, 0.085, 236.335, 0.023, 246.392, 0.072, 220.033, 0.053, 
020-psm01ABABb1, 9.977860, 0.000332, 193.339, 0.03, 244.427, 0.067, 241.046, 0.023, 230.124, 0.053, 261.914, 0.019, 230.441, 0.05, 204.466, 0.035, 228.892, 0.065, 195.4, 0.033, 151.778, 0.073, 202.577, 0.026, 230.214, 0.042, 
020-psm01ABBAa1, 9.341710, 0.000308, 230.086, 0.058, 220.814, 0.025, 202.818, 0.033, 232.745, 0.078, 246.797, 0.102, 204.363, 0.021, -170.104, 0.051, 252.89, 0.082, 246.558, 0.121, 196.195, 0.036, 236.82, 0.033, 235.819, 0.079, 
020-psm01ABBAb1, 9.838160, 0.000501, 198.143, 0.063, 227.375, 0.031, 232.346, 0.038, 234.97, 0.063, 199.702, 0.028, 247.965, 0.077, 249.545, 0.086, 218.832, 0.03, 186.265, 0.03, 231.871, 0.085, 239.208, 0.096, 161.301, 0.05, 
020-psm02ABABa1, 7.917900, 0.000488, 169.401, 0.074, 212.201, 0.032, 166.798, 0.08, 198.853, 0.034, 214.746, 0.076, 192.791, 0.01, 161.172, 0.077, 221.55, 0.022, 159.448, 0.087, 216.819, 0.039, 213.586, 0.028, 216.806, 0.057, 
020-psm02ABABb1, 8.480210, 0.002622, 202.637, 0.044, 173.143, 0.073, 196.48, 0.029, 215.929, 0.069, 236.176, 0.037, 216.274, 0.06, 217.793, 0.034, 216.7, 0.059, 127.145, 0.024, 155.282, 0.006, 229.629, 0.032, 208.066, 0.061, 
020-psm02ABBAa1, 8.554770, 0.000333, 238.744, 0.059, 200.31, 0.015, 195.517, 0.039, 217.816, 0.064, 177.816, 0.074, 231.113, 0.024, 228.421, 0.028, 175.32, 0.096, 167.965, 0.087, 176.563, 0.03, 204.591, 0.028, 231.654, 0.065, 
020-psm02ABBAb1, 8.839150, 0.000507, 147.754, 0.018, 209.626, 0.055, 218.945, 0.056, 170.05, 0.032, 187.378, 0.021, 221.024, 0.057, 172.399, 0.077, 166.074, 0.023, 188.008, 0.029, 157.708, 0.078, 199.239, 0.068, 206.55, 0.03, 
020-psm03ABABa1, 8.372780, 0.001908, 174.807, 0.068, 186.332, 0.033, 201.026, 0.057, 240.862, 0.022, 250.078, 0.064, 189.334, 0.01, 203.463, 0.054, 219.141, 0.008, 231.342, 0.083, 172.659, 0.005, 217.267, 0.044, 185.619, 0.035, 
020-psm03ABABb1, 8.826460, 0.005311, 233.635, 0.021, 242.078, 0.082, 198.909, 0.018, 195.215, 0.072, 154.226, 0.029, 227.862, 0.026, 182.075, 0.056, 199.092, 0.033, 230.419, 0.029, 258.564, 0.125, 243.823, 0.031, 154.762, 0.042, 
020-psm03ABBAa1, 9.587780, 0.001255, 186.278, 0.052, 143.323, 0.034, 183.162, 0.023, 277.332, 0.102, 262.504, 0.074, 178.31, 0.034, 185.946, 0.039, 248.155, 0.091, 248.578, 0.101, -146.545, 0.076, 183.864, 0.038, 247.258, 0.076, 
020-psm03ABBAb1, 8.469720, 0.001152, 229.885, 0.014, 203.758, 0.079, 178.409, 0.07, 223.765, 0.032, 195.312, 0.018, 240.527, 0.103, 260.955, 0.088, 220.309, 0.037, 250.233, 0.021, 261.136, 0.086, 212.477, 0.08, -175.76, 0.005, 
020-psm04ABABa1, 9.180490, 0.000185, 225.335, 0.067, 185.037, 0.039, 226.618, 0.048, 199.183, 0.026, 227.178, 0.05, 190.165, 0.077, 234.404, 0.043, 197.748, 0.053, 234.68, 0.07, 235.84, 0.033, 231.681, 0.05, 207.569, 0.036, 
020-psm04ABABb1, 9.033430, 0.000416, 174.506, 0.039, 212.249, 0.039, 176.37, 0.027, 233.16, 0.039, 205.072, 0.05, 186.395, 0.047, 201.988, 0.023, 217.914, 0.043, 196.709, 0.033, 212.15, 0.079, 206.521, 0.018, 252.207, 0.044, 
020-psm04ABBAa1, 8.970910, 0.000151, 216.508, 0.054, 197.306, 0.026, 212.296, 0.015, 206.83, 0.039, 224.837, 0.04, 206.223, 0.019, 185.092, 0.025, 234.047, 0.051, 205.087, 0.055, 125.794, 0.055, 182.562, 0.026, 215.851, 0.029, 
020-psm04ABBAb1, 8.934550, 0.000621, 212.863, 0.032, 227.912, 0.056, 241.45, 0.042, 241.739, 0.014, 201.587, 0.034, 233.707, 0.049, 215.046, 0.109, 218.331, 0.047, 224.022, 0.036, 216.562, 0.036, 227.589, 0.04, 197.731, 0.017, 
020-psm05ABABa1, 7.794300, 0.000850, 270.363, 0.07, 180.061, 0.018, 289.791, 0.082, 238.647, 0.024, 260.668, 0.095, 179.456, 0.017, 262.174, 0.065, -146.24, 0.038, 262.283, 0.071, 173.741, 0.036, 222.621, 0.101, 216.558, 0.044, 
020-psm05ABABb1, 8.897220, 0.000662, 229.672, 0.039, 206.499, 0.082, 263.804, 0.029, 186.917, 0.078, 243.006, 0.026, 180.655, 0.037, 220.257, 0.022, 185.566, 0.023, 239.631, 0.023, 241.372, 0.124, 253.142, 0.03, 195.751, 0.058, 
020-psm05ABBAa1, 9.310580, 0.000150, 297.749, 0.068, 202.683, 0.017, 213.696, 0.017, 255.887, 0.037, 268.826, 0.075, 197.929, 0.028, 205.758, 0.023, 242.922, 0.073, 259.857, 0.076, 205.212, 0.02, 232.608, 0.03, 276.945, 0.078, 
020-psm05ABBAb1, 9.189950, 0.001263, 224.418, 0.028, 235.943, 0.067, 254.839, 0.078, 187.945, 0.013, 227.049, 0.027, 237.434, 0.064, 245.47, 0.1, 186.51, 0.06, 245.732, 0.04, 250.221, 0.048, 183.024, 0.061, 184.246, 0.032, 
020-psm06ABABa1, 8.781800, 0.000176, 190.514, 0.023, 251.553, 0.033, 210.166, 0.058, 243.015, 0.022, 192.608, 0.064, 202.642, 0.041, 188.247, 0.078, 241.377, 0.032, 179.882, 0.025, 270.697, 0.025, 190.851, 0.014, 254.46, 0.028, 
020-psm06ABABb1, 8.994490, 0.000504, 212.225, 0.039, 239.519, 0.045, 258.94, 0.03, 209.329, 0.047, 236.18, 0.018, 255.864, 0.054, 180.611, 0.065, 224.826, 0.06, 241.276, 0.025, 221.918, 0.02, 214.332, 0.069, 226.652, 0.04, 
020-psm06ABBAa1, 9.050620, 0.000454, 197.464, 0.044, 244.973, 0.026, 219.553, 0.045, 252.722, 0.039, 264.775, 0.046, 243.421, 0.036, -157.322, 0.068, 225.867, 0.056, 242.629, 0.054, 246.8, 0.048, 249.391, 0.032, 244.44, 0.051, 
020-psm06ABBAb1, 12.732700, 0.000582, 269.002, 0.201, 267.539, 0.093, 258.301, 0.028, 229.185, 0.026, 234.847, 0.031, 244.6, 0.065, 272.602, 0.043, 232.379, 0.014, 
020-psm07ABABa1, 8.188400, 0.002995, 159.503, 0.383, 258.639, 0.015, 254.803, 0.024, 244.972, 0.014, 227.912, 0.087, 207.939, 0.015, 254.877, 0.027, 255.348, 0.017, 246.237, 0.02, 273.803, 0.017, 252.431, 0.036, 221.683, 0.015, 
020-psm07ABABb1, 9.066920, 0.000798, 190.541, 0.043, 224.255, 0.072, 235.07, 0.011, 248.298, 0.024, 225.715, 0.012, 211.521, 0.075, 230.772, 0.03, 229.331, 0.072, 215.981, 0.022, 265.549, 0.083, 240.109, 0.018, 252.97, 0.068, 
020-psm07ABBAa1, 8.982680, 0.000115, 206.324, 0.064, 235.762, 0.017, 245.29, 0.024, 217.639, 0.022, 222.393, 0.074, 259.669, 0.016, 248.4, 0.016, 241.021, 0.068, 218.959, 0.077, 
020-psm07ABBAb1, 8.934370, 0.001017, 193.639, 0.015, 223.925, 0.025, 242.168, 0.061, 219.746, 0.028, 238.068, 0.018, 237.692, 0.076, 232.462, 0.072, 206.906, 0.018, 236.813, 0.015, 233.54, 0.099, 229.632, 0.097, 263.936, 0.022, 
020-psm08ABABa1, 8.984370, 0.001244, 282.805, 0.069, 238.672, 0.02, 258.386, 0.075, 196.5, 0.022, 257.471, 0.087, 197.136, 0.031, 253.143, 0.06, 211.232, 0.027, 227.923, 0.097, 246.355, 0.016, 243.292, 0.069, 228.88, 0.012, 
020-psm08ABABb1, 9.044680, 0.001009, 220.745, 0.036, 249.162, 0.093, 218.094, 0.022, 260.648, 0.041, 219.733, 0.023, 220.217, 0.04, 231.538, 0.022, 186.256, 0.06, 250.723, 0.024, 286.909, 0.068, 283.825, 0.036, 268.891, 0.062, 
020-psm08ABBAa1, 9.000860, 0.001630, 233.736, 0.069, 252.899, 0.023, 266.757, 0.015, 236.417, 0.051, 254.582, 0.007, 243.919, 0.035, 249.121, 0.038, 198.874, 0.03, 296.758, 0.066, 162.494, 0.079, 221.406, 0.025, 245.377, 0.033, 
020-psm08ABBAb1, 8.827880, 0.000813, 235.95, 0.027, 254.076, 0.065, 270.718, 0.062, 206.066, 0.025, 204.791, 0.024, 300.334, 0.078, 261.595, 0.081, 248.222, 0.023, 223.018, 0.023, 268.4, 0.076, 239.172, 0.038, 256.054, 0.021, 
020-psm09ABABa1, 8.968730, 0.000714, 196.526, 0.055, 183.381, 0.025, 236.999, 0.067, 245.458, 0.025, 224.106, 0.086, 230.436, 0.048, 219.296, 0.082, 235.052, 0.036, 135.754, 0.095, 152.893, 0.03, 224.383, 0.116, 223.741, 0.026, 
020-psm09ABABb1, 8.830880, 0.000249, 192.775, 0.025, 231.575, 0.083, 193.069, 0.03, 216.041, 0.067, 211.858, 0.022, 178.207, 0.03, 221.514, 0.028, 197.949, 0.097, 223.743, 0.035, 166.105, 0.035, 207.552, 0.028, 173.563, 0.035, 
020-psm09ABBAa1, 8.997830, 0.000553, 220.091, 0.063, 241.951, 0.021, 248.188, 0.031, 230.92, 0.056, 227.212, 0.085, 179.125, 0.04, 225.996, 0.039, 219.024, 0.086, 176.878, 0.035, 204.15, 0.035, 202.301, 0.038, 187.024, 0.082, 
020-psm09ABBAb1, 9.115550, 0.001171, 235.336, 0.024, 214.734, 0.064, 217.807, 0.052, 232.871, 0.029, 140.773, 0.005, 196.537, 0.089, -191.189, 0.005, 198.881, 0.04, 216.235, 0.033, 264.223, 0.077, 246.754, 0.095, 226.935, 0.036, 
020-psm10ABABa1, 9.628840, 0.000689, 234.62, 0.063, 259.572, 0.025, 192.408, 0.073, 235.779, 0.028, 239.035, 0.068, 256.546, 0.025, 156.792, 0.031, 265.894, 0.033, 196.261, 0.109, 246.608, 0.031, 206.755, 0.09, 212.324, 0.03, 
020-psm10ABABb1, 9.398490, 0.000215, 203.033, 0.067, 251.035, 0.029, 235.623, 0.052, 236.693, 0.027, 239.429, 0.031, 224.868, 0.09, 242.902, 0.019, 235.396, 0.078, 252.889, 0.023, 240.148, 0.073, 232.345, 0.031, 248.978, 0.062, 
020-psm10ABBAa1, 9.093250, 0.000602, 221.589, 0.05, 240.221, 0.024, 255.485, 0.031, 222.003, 0.067, 256.737, 0.064, 245.429, 0.026, 212.517, 0.029, 248.089, 0.061, 253.14, 0.069, 227.236, 0.03, 195.147, 0.04, 208.492, 0.091, 
020-psm10ABBAb1, 9.332670, 0.000796, 222.006, 0.012, 245.462, 0.058, 250.561, 0.059, 248.734, 0.025, 236.81, 0.027, 249.999, 0.092, 236.005, 0.069, 256.028, 0.025, 232.242, 0.049, 248.656, 0.105, 221.248, 0.078, 231.367, 0.034, 
020-psm11ABABa1, 9.959100, 0.000627, 171.857, 0.021, 223.834, 0.036, 248.477, 0.061, 179.417, 0.022, 236.433, 0.044, 193.442, 0.06, 197.352, 0.028, 207.727, 0.072, 275.506, 0.057, 180.723, 0.02, 246.281, 0.075, 211.895, 0.021, 
020-psm11ABABb1, 10.410600, 0.000351, 211.615, 0.032, 265.743, 0.091, 236.858, 0.045, 261.405, 0.087, 250.451, 0.046, 244.576, 0.098, 247.429, 0.047, 247.961, 0.085, 216.405, 0.058, 246.435, 0.076, 244.729, 0.041, 252.448, 0.067, 
020-psm11ABBAa1, 9.130730, 0.001382, 264.024, 0.06, 236.838, 0.041, 231.43, 0.026, 239.055, 0.049, 252.421, 0.068, 232.576, 0.044, 268.033, 0.03, 218.055, 0.076, 254.918, 0.036, 227.528, 0.083, 257.864, 0.071, 211.494, 0.047, 
020-psm11ABBAb1, 9.443990, 0.000922, 199.527, 0.038, 252.173, 0.084, 159.695, 0.115, 230.94, 0.046, 239.629, 0.047, 262.71, 0.079, 284.749, 0.106, 257.283, 0.054, 275.794, 0.063, 263.588, 0.102, 227.94, 0.119, 257.089, 0.047, 
020-psm12ABABa1, 8.735260, 0.000742, 240.422, 0.058, 218.836, 0.026, 233.3, 0.06, 258.828, 0.024, 226.645, 0.066, 260.368, 0.027, 175.374, 0.025, 233.59, 0.029, 232.38, 0.101, 240.218, 0.03, 235.129, 0.078, 236.522, 0.027, 
020-psm12ABABb1, 9.741040, 0.001826, 177.398, 0.03, 239.117, 0.069, 233.655, 0.038, 208.323, 0.031, 204.91, 0.072, 255.732, 0.065, 217.437, 0.04, 232.497, 0.096, 244.489, 0.035, 251.817, 0.094, 259.866, 0.043, 279.418, 0.115, 
020-psm12ABBAa1, 10.012200, 0.000517, 249.903, 0.061, 183.134, 0.035, 227.543, 0.035, 230.688, 0.064, 206.981, 0.093, 226.364, 0.027, 241.11, 0.032, 229.861, 0.077, 228.666, 0.068, 210.638, 0.033, -189.107, 0.03, 139.697, 0.032, 
020-psm12ABBAb1, 10.364100, 0.002056, 185.747, 0.03, 242.197, 0.071, 229.8, 0.052, 226.601, 0.029, 222.431, 0.027, 295.083, 0.092, 279.543, 0.053, 276.784, 0.028, 271.681, 0.029, 251.005, 0.094, 266.294, 0.098, 225.517, 0.029, 
020-psn01ABABa1, 7.681700, 0.000776, 147.463, 0.103, 242.666, 0.027, 229.645, 0.09, 242.906, 0.018, 197.303, 0.092, 205.015, 0.03, 171.356, 0.101, 248.148, 0.034, 169.608, 0.093, 228.131, 0.035, 240.734, 0.077, 231.2, 0.029, 
020-psn01ABABb1, 7.734520, 0.000622, 219.086, 0.02, 172.748, 0.085, 218.21, 0.026, 161.736, 0.075, 218.608, 0.017, 175.629, 0.005, 143.528, 0.094, 218.116, 0.063, 204.987, 0.053, 160.043, 0.051, 247.191, 0.025, 223.421, 0.038, 
020-psn01ABBAa1, 7.920970, 0.000741, 232.177, 0.052, 224.82, 0.014, 233.193, 0.018, 234.396, 0.059, 238.872, 0.073, 240.697, 0.017, 200.801, 0.022, 147.988, 0.005, 256.946, 0.072, 226.571, 0.02, 230.405, 0.029, 210.95, 0.056, 
020-psn01ABBAb1, 7.744350, 0.001262, 189.066, 0.043, 132.244, 0.008, 155.176, 0.022, 219.717, 0.032, 225.189, 0.037, 204.083, 0.088, 148.942, 0.068, 184.375, 0.028, 231.34, 0.023, 230.142, 0.066, 242.628, 0.005, 204.111, 0.025, 
020-psn02ABABa1, 8.162830, 0.001097, 228.856, 0.067, 202.865, 0.034, 211.635, 0.063, 204.851, 0.028, 218.897, 0.063, 197.134, 0.029, 165.975, 0.06, 220.512, 0.036, 169.927, 0.089, 190.969, 0.029, 182.488, 0.082, 202.428, 0.023, 
020-psn02ABABb1, 8.950100, 0.000848, -178.996, 0.005, 144.218, 0.08, 213.827, 0.029, 155.338, 0.081, 193.239, 0.008, 164.319, 0.094, 216.199, 0.029, 211.51, 0.056, 218.989, 0.033, 178.143, 0.086, -201.024, 0.005, 176.315, 0.005, 
020-psn02ABBAa1, 8.789010, 0.001246, 174.872, 0.058, -132.003, 0.014, 191.833, 0.027, 156.04, 0.082, 145.708, 0.039, 220.414, 0.027, 211.73, 0.025, 168.965, 0.074, 141.654, 0.009, 212.647, 0.034, 213.795, 0.036, 162.197, 0.006, 
020-psn02ABBAb1, 8.734490, 0.000215, 204.409, 0.013, 169.711, 0.084, 221.356, 0.06, 219.576, 0.044, -188.279, 0.078, 231.036, 0.052, 172.621, 0.077, -198.961, 0.073, 221.535, 0.016, 247.876, 0.088, 254.127, 0.082, 209.899, 0.018, 
020-psn03ABABa1, 8.233260, 0.001626, 179.925, 0.068, 170.035, 0.041, 239.687, 0.08, 131.067, 0.005, 260.083, 0.094, 166.194, 0.081, 273.841, 0.131, 162.034, 0.023, 272.354, 0.068, 184.409, 0.022, 158.319, 0.098, -182.88, 0.006, 
020-psn03ABABb1, 8.278370, 0.000424, 192.636, 0.016, 250.649, 0.09, 195.447, 0.014, 225.158, 0.094, 200.105, 0.029, 193.367, 0.091, 186.816, 0.032, 211.58, 0.095, 251.327, 0.025, 220.29, 0.043, 194.548, 0.035, 170.84, 0.115, 
020-psn03ABBAa1, 8.157790, 0.001463, 237.85, 0.079, 137.683, 0.029, -123.544, 0.072, 151.936, 0.101, 157.882, 0.102, -127.77, 0.086, 157.873, 0.048, 157.522, 0.102, 220.589, 0.048, 106.299, 0.067, 166.596, 0.022, 192.911, 0.106, 
020-psn03ABBAb1, 8.886520, 0.001419, 201.511, 0.011, 250.134, 0.089, 260.675, 0.06, -159.777, 0.082, 231.614, 0.014, 240.552, 0.101, -166.562, 0.006, 195.251, 0.011, 206.552, 0.024, 251.631, 0.107, 172.82, 0.101, 221.637, 0.02, 
020-psn04ABABa1, 8.703700, 0.000940, 138.981, 0.007, 200.331, 0.029, 226.035, 0.059, 180.196, 0.024, 232.661, 0.061, 196.865, 0.017, 226.101, 0.08, 225.169, 0.011, 238.652, 0.098, 166.901, 0.005, 226.924, 0.089, 221.438, 0.021, 
020-psn04ABABb1, 7.960050, 0.000382, 197.584, 0.055, 230.391, 0.034, 214.044, 0.069, 180.871, 0.052, 203.577, 0.04, 232.717, 0.042, 137.075, 0.015, 176.474, 0.091, 234.707, 0.089, 194.435, 0.005, 215.053, 0.053, 215.185, 0.066, 
020-psn04ABBAa1, 8.454350, 0.000878, 205.869, 0.066, 218.361, 0.014, 196.489, 0.02, 150.66, 0.079, 237.801, 0.073, 179.905, 0.041, 208.544, 0.011, 234.696, 0.14, 226.101, 0.091, 209.124, 0.018, 199.694, 0.013, 237.928, 0.084, 
020-psn04ABBAb1, 8.474770, 0.001604, 200.018, 0.093, 226.572, 0.075, 197.806, 0.053, 194.278, 0.018, 210.94, 0.021, 222.871, 0.048, 216.813, 0.051, 192.822, 0.008, 205.137, 0.033, 226.675, 0.055, 228.677, 0.057, 214.034, 0.013, 
020-psn05ABABa1, 9.383620, 0.000449, 235.86, 0.065, 224.165, 0.023, 219.783, 0.063, 227.324, 0.028, 266.546, 0.088, 230.308, 0.022, 254.981, 0.066, 235.88, 0.021, 268.677, 0.078, 240.853, 0.018, 248.641, 0.064, 237.96, 0.017, 
020-psn05ABABb1, 17.872200, 0.002914, 126.275, 0.039, 149.09, 0.013, 227.194, 0.035, 58.2579, 0.006, 197.517, 0.042, 138.853, 0.005, neg 93.9188, 0.0, 223.069, 0.005, 96.3223, 0.042, 163.543, 0.036, 166.679, 0.008, 98.2134, 0.021, 
020-psn05ABBAa1, 8.731310, 0.000844, 225.721, 0.156, 204.69, 0.029, 212.695, 0.024, 231.708, 0.046, 284.258, 0.113, 204.247, 0.04, 220.136, 0.027, 302.678, 0.103, 249.346, 0.091, 188.511, 0.032, 197.695, 0.027, 287.529, 0.095, 
020-psn05ABBAb1, 8.846640, 0.001112, 213.281, 0.031, 325.382, 0.072, 288.101, 0.054, 239.482, 0.021, 269.215, 0.031, 227.977, 0.063, 211.84, 0.087, 231.619, 0.031, 259.684, 0.043, 265.879, 0.022, 227.912, 0.037, 183.607, 0.04, 
020-psn06ABABa1, 8.707750, 0.000471, 229.729, 0.043, 223.301, 0.032, 237.047, 0.032, 211.047, 0.027, 247.275, 0.067, 252.701, 0.024, 241.462, 0.026, 228.231, 0.031, 280.795, 0.067, 236.931, 0.024, 287.67, 0.06, 246.28, 0.024, 
020-psn06ABABb1, 8.429910, 0.000889, -188.563, 0.005, 259.299, 0.057, 203.678, 0.021, 257.029, 0.049, 235.985, 0.021, 249.739, 0.058, 239.607, 0.057, 249.025, 0.046, 250.577, 0.024, 280.891, 0.054, 238.359, 0.033, 245.192, 0.029, 
020-psn06ABBAa1, 8.514720, 0.000991, 195.245, 0.058, 240.377, 0.032, 219.394, 0.051, 277.486, 0.056, 188.968, 0.05, 233.095, 0.029, 208.257, 0.046, 272.645, 0.051, 257.5, 0.068, 246.417, 0.061, 259.438, 0.036, 257.695, 0.051, 
020-psn06ABBAb1, 8.194640, 0.003289, 214.972, 0.015, 265.73, 0.044, 239.726, 0.033, 240.861, 0.023, 190.908, 0.02, 113.965, 0.009, 245.82, 0.049, 230.522, 0.013, 231.216, 0.015, 258.055, 0.045, 206.093, 0.056, 223.929, 0.02, 
020-psn07ABABa1, 8.409160, 0.000196, 234.534, 0.067, 188.363, 0.016, 220.445, 0.093, -142.768, 0.085, 254.281, 0.074, -122.672, 0.012, 260.045, 0.061, -131.446, 0.078, 190.148, 0.101, -138.95, 0.013, 204.97, 0.111, -113.612, 0.069, 
020-psn07ABABb1, 8.333670, 0.000321, 178.999, 0.022, 186.835, 0.054, -133.845, 0.082, 224.557, 0.043, -153.073, 0.087, 212.46, 0.081, -139.737, 0.079, 268.204, 0.081, -141, 0.075, 199.684, 0.097, -143.042, 0.085, 266.793, 0.08, 
020-psn07ABBAa1, 8.746960, 0.001015, 230.741, 0.073, 199.501, 0.021, 184.346, 0.017, 262.639, 0.066, 194.384, 0.11, 162.574, 0.025, 173.202, 0.026, 198.491, 0.098, 203.379, 0.08, 177.989, 0.023, 171.793, 0.018, 166.852, 0.081, 
020-psn07ABBAb1, 8.075460, 0.000298, 225.304, 0.017, 263.58, 0.071, 252.482, 0.078, -156.132, 0.08, -140.899, 0.09, 221.551, 0.068, 251.268, 0.04, -143.975, 0.082, 184.556, 0.015, 237.904, 0.102, 226.653, 0.077, -140.712, 0.011, 
020-psn08ABABa1, 8.704130, 0.000661, 238.62, 0.054, 179.237, 0.017, 199.69, 0.037, 191.011, 0.025, 190.153, 0.072, 220.38, 0.025, 257.528, 0.036, 202.842, 0.024, 207.647, 0.028, 204.539, 0.029, 241.952, 0.046, 126.818, 0.024, 
020-psn08ABABb1, 13.206100, 0.000237, 230.366, 0.015, 189.871, 0.02, 180.37, 0.017, 225.658, 0.021, 209.512, 0.026, 209.75, 0.079, 181.273, 0.016, 217.021, 0.081, 
020-psn08ABBAa1, 9.132270, 0.000432, 256.927, 0.048, 214.427, 0.022, 227.545, 0.024, 249.86, 0.071, 241.894, 0.036, 231.923, 0.02, 224.995, 0.036, 273.293, 0.071, 261.345, 0.077, -133.87, 0.079, 210.951, 0.025, 235.58, 0.054, 
020-psn08ABBAb1, 8.822430, 0.000807, 209.85, 0.034, 218.989, 0.022, 244.598, 0.053, 212.329, 0.025, 223.31, 0.025, 229.24, 0.072, 225.952, 0.084, 223.85, 0.027, 213.331, 0.028, 237.099, 0.105, 246.03, 0.087, 217.209, 0.032, 
020-psn09ABABa1, 9.168740, 0.001716, 244.35, 0.081, 253.812, 0.033, 234.412, 0.063, 234.575, 0.055, 257.36, 0.082, 236.175, 0.064, 241.635, 0.077, 259.573, 0.051, 240.08, 0.072, 212.222, 0.087, 240.036, 0.065, 241.377, 0.052, 
020-psn09ABABb1, 9.537100, 0.000441, 245.42, 0.017, 191.658, 0.094, 237.951, 0.034, 194.949, 0.021, 241.437, 0.025, 247.226, 0.02, 228.397, 0.031, 197.671, 0.083, 243.238, 0.033, 159.951, 0.034, 186.165, 0.044, 197.702, 0.075, 
020-psn09ABBAa1, 9.157800, 0.000475, 217.604, 0.046, 229.176, 0.031, 196.643, 0.02, 234.589, 0.05, 237.278, 0.069, 248.368, 0.02, 250.752, 0.019, 216.145, 0.061, 215.193, 0.074, 252.462, 0.034, 219.462, 0.057, 226.389, 0.048, 
020-psn09ABBAb1, 9.269560, 0.000506, 250.738, 0.035, 250.46, 0.075, 228.467, 0.076, 226.083, 0.031, 247.345, 0.034, 249.908, 0.075, 235.386, 0.074, 210.415, 0.035, 231.34, 0.032, 234.506, 0.081, 268.191, 0.076, 252.773, 0.025, 
020-psn10ABABa1, 9.252820, 0.001418, 229.798, 0.067, 195.694, 0.029, 212.028, 0.093, 243.107, 0.036, 262.303, 0.076, 238.063, 0.042, 239.414, 0.076, 260.819, 0.028, 252.063, 0.104, 243.203, 0.044, 264.307, 0.095, 264.177, 0.052, 
020-psn10ABABb1, 9.100120, 0.000565, 227.321, 0.041, 234.635, 0.065, 194.708, 0.032, 213.413, 0.073, 219.937, 0.04, 251.346, 0.046, 156.196, 0.025, 239.247, 0.109, 249.99, 0.041, 237.923, 0.09, -215.459, 0.105, 267.923, 0.069, 
020-psn10ABBAa1, 8.773480, 0.000632, 228.196, 0.071, 218.931, 0.022, 250.352, 0.041, 264.85, 0.082, 249.109, 0.099, 231.094, 0.034, 220.631, 0.034, 231.259, 0.076, 229.133, 0.042, 135.066, 0.029, 241.602, 0.063, 241.146, 0.043, 
020-psn10ABBAb1, 8.788520, 0.000611, 242.405, 0.051, 227.377, 0.032, 213.719, 0.073, 240.923, 0.041, 259.311, 0.035, 244.111, 0.113, 251.016, 0.084, 225.445, 0.03, 253.986, 0.035, 256.06, 0.1, 261.617, 0.088, 193.521, 0.037, 
020-psn11ABABa1, 9.253880, 0.000635, 231.613, 0.067, 180.872, 0.039, 255.953, 0.08, -192.578, 0.048, 180.341, 0.026, 275.282, 0.059, 266.858, 0.102, 252.736, 0.06, 213.132, 0.083, 239.979, 0.035, 248.139, 0.091, 227.216, 0.039, 
020-psn11ABABb1, 9.792400, 0.000228, 183.869, 0.028, 264.045, 0.078, 261.747, 0.04, 260.728, 0.065, 260.83, 0.05, 215.779, 0.109, 268.625, 0.04, 256.997, 0.073, 261.784, 0.041, 255.39, 0.072, 253.415, 0.028, 281.536, 0.106, 
020-psn11ABBAa1, 10.334700, 0.000382, 246.411, 0.06, 281.449, 0.038, 269.454, 0.043, 258.944, 0.068, 253.764, 0.08, 270.407, 0.038, 276.64, 0.033, 257.654, 0.067, 288.605, 0.05, 276.994, 0.051, 265.586, 0.04, 172.306, 0.075, 
020-psn11ABBAb1, 9.218850, 0.000290, 223.592, 0.065, 245.604, 0.027, 265.567, 0.061, 231.492, 0.047, 230.869, 0.047, 201.107, 0.081, 265.796, 0.051, 255.732, 0.039, 257.997, 0.04, 247.261, 0.057, 264.391, 0.068, 276.067, 0.045, 
020-psn12ABABa1, 9.559210, 0.000306, 231.687, 0.075, 209.92, 0.018, 269.558, 0.083, 210.679, 0.023, 224.853, 0.088, -129.451, 0.017, 249.361, 0.069, 167.837, 0.02, 247.608, 0.081, 157.798, 0.028, 224.796, 0.075, -132.385, 0.016, 
020-psn12ABABb1, 9.370430, 0.000183, 218.417, 0.056, 248.361, 0.078, 164.891, 0.031, 255.035, 0.072, 151.578, 0.034, 246.494, 0.074, 183.308, 0.032, 242.391, 0.066, -148.486, 0.076, 240.776, 0.069, 207.757, 0.07, -112.138, 0.09, 
020-psn12ABBAa1, 8.715930, 0.000912, 237.454, 0.033, 199.943, 0.052, 158.515, 0.028, 247.554, 0.065, 244.518, 0.087, 142.659, 0.005, 158.448, 0.005, 209.225, 0.054, 215.675, 0.075, 156.307, 0.06, -126.366, 0.07, 206.151, 0.075, -135.457, 0.063, 
020-psn12ABBAb1, 10.111900, 0.000633, 234.17, 0.019, 229.673, 0.059, 209.782, 0.048, 240.055, 0.022, 275.022, 0.02, 230.03, 0.031, 228.473, 0.06, 261.969, 0.021, 227.823, 0.019, 257.765, 0.074, 257.003, 0.094, 299.676, 0.028, 
