006-pdm01ABABa1, 8.935200, 0.00120287603306, -200.021, 0.084, 177.391, 0.089, -157.995, 0.005, -178.709, 0.088, 209.007, 0.024, 131.767, 0.092, -150.932, 0.078, 159.928, 0.005, 176.976, 0.029, 200.444, 0.096, 170.724, 0.022, 191.401, 0.052,
006-pdm01ABABb1, 6.402640, 0.0394665950413, 134.958, 0.16, 161.425, 0.181, 156.355, 0.092, 186.736, 0.007, 206.329, 0.056, 189.04, 0.025, -199.213, 0.061, 186.031, 0.078, -201.744, 0.005, 189.676, 0.025, 162.255, 0.05, 203.247, 0.036,
006-pdm01ABBAa1, 9.168240, 0.0046258677686, -178.213, 0.075, 139.138, 0.069, 239.53, 0.056, 168.188, 0.019, 195.266, 0.011, 192.235, 0.06, 210.043, 0.064, -136.439, 0.005, 210.325, 0.012, 226.646, 0.014, 255.621, 0.084, 229.247, 0.067,
006-pdm01ABBAb1, 8.249270, 0.00104699173554, 193.136, 0.048, -180.681, 0.078, 177.564, 0.027, 182.768, 0.1, -174.186, 0.09, -184.53, 0.085, 202.797, 0.031, -206.06, 0.106, 252.215, 0.055, 173.69, 0.035, -211.361, 0.084, 228.633, 0.049,
006-pdm02ABABa1, 8.987980, 0.000743173553719, 159.467, 0.018, 148.732, 0.007, 216.378, 0.027, 203.848, 0.081, 255.12, 0.041, 230.975, 0.054, 212.957, 0.026, 236.009, 0.062, 213.174, 0.036, 262.752, 0.06, 232.715, 0.005, 163.344, 0.068,
006-pdm02ABABb1, 9.709210, 0.000292247933884, 178.823, 0.052, 182.392, 0.074, 247.287, 0.055, 176.402, 0.005, -233.251, 0.095, 186.208, 0.005, 233.209, 0.123, 192.423, 0.005, 239.09, 0.056, 175.057, 0.069, 278.261, 0.057, 162.364, 0.061,
006-pdm02ABBAa1, 9.590640, 0.00783444628099, 149.281, 0.02, 176.551, 0.005, 212.058, 0.053, 207.532, 0.012, 196.064, 0.031, 230.129, 0.072, 177.495, 0.009, 227.282, 0.008, 184.018, 0.035, 234.577, 0.005, 169.58, 0.027, 171.967, 0.012,
006-pdm02ABBAb1, 7.979080, 0.0546504132231, 122.077, 0.316, 175.515, 0.209, 189.186, 0.023, 206.896, 0.008, 181.514, 0.005, 227.779, 0.005, -238.807, 0.091, -206.083, 0.082, 255.608, 0.106, 216.206, 0.009, -210.863, 0.005, -234.112, 0.099,
006-pdm03ABABa1, 8.920770, 0.00258487603306, 220.576, 0.386, 205.673, 0.068, 172.313, 0.04, 200.021, 0.084, 180.358, 0.048, 159.379, 0.005, 204.286, 0.036, 175.715, 0.015, 180.037, 0.005, 224.73, 0.063, 218.463, 0.039, 191.655, 0.005,
006-pdm03ABABb1, 9.928960, 0.000452049586777, 170.101, 0.052, 217.969, 0.061, 228.21, 0.005, 209.755, 0.075, 235.546, 0.046, 177.967, 0.014, 173.214, 0.071, 177.67, 0.005, 240.215, 0.005, -225.4, 0.069, 196.792, 0.061, 184.063, 0.013,
006-pdm03ABBAa1, 9.407670, 0.000367355371901, 207.908, 0.078, 204.134, 0.056, 170.14, 0.007, -184.616, 0.083, 163.992, 0.012, -239.037, 0.005, 190.355, 0.005, 158.134, 0.005, 243.306, 0.079, 148.779, 0.06, 191.589, 0.005, 222.866, 0.077,
006-pdm03ABBAb1, 9.963510, 0.000193355371901, 194.835, 0.005, 168.847, 0.005, 158.25, 0.005, 150.807, 0.005, 183.213, 0.005, 220.823, 0.038, 168.48, 0.005, 204.26, 0.078, 222.444, 0.056, 167.697, 0.07, 183.775, 0.079, 219.633, 0.068,
006-pdm04ABABa1, 8.845420, 0.00450824793388, 104.166, 0.264, 181.446, 0.056, -183.25, 0.074, 118.817, 0.065, 169.246, 0.005, 176.852, 0.045, -180.943, 0.077, 140.832, 0.079, 179.126, 0.036, 155.445, 0.005, -173.806, 0.076, 122.012, 0.061,
006-pdm04ABABb1, 7.616440, 0.088381107438, 153.648, 0.057, -192.261, 0.028, 185.665, 0.056, 125.821, 0.065, 225.21, 0.005, 143.697, 0.068, 200.866, 0.064, 175.357, 0.013, 211.658, 0.064, 184.077, 0.016, 130.876, 0.061, -178.588, 0.089,
006-pdm04ABBAa1, 9.715060, 0.000512975206612, 171.004, 0.037, 192.363, 0.061, 108.66, 0.015, 170.793, 0.005, 155.588, 0.037, 159.131, 0.008, 186.703, 0.044, -182.652, 0.078, -211.016, 0.076, 214.104, 0.045, 191.452, 0.046, 148.137, 0.055,
006-pdm04ABBAb1, 9.589160, 0.000512975206612, 163.924, 0.08, -154.082, 0.084, 193.986, 0.029, 188.313, 0.055, 179.949, 0.047, -207.668, 0.089, 149.683, 0.061, 205.905, 0.04, -143.933, 0.057, 183.499, 0.084, 183.455, 0.032, 162.115, 0.059,
006-pdm05ABABa1, 9.216280, 0.000891900826446, 163.348, 0.029, -170.188, 0.093, 183.152, 0.016, 166.736, 0.054, 194.835, 0.047, -156.023, 0.093, 133.571, 0.005, 133.097, 0.005, 121.077, 0.073, 176.537, 0.07, -167.859, 0.077, 209.119, 0.047,
006-pdm05ABABb1, 9.110330, 0.000355520661157, 249.575, 0.087, -175.31, 0.075, 157.312, 0.005, 175.739, 0.016, 155.12, 0.086, -139.818, 0.078, 171.039, 0.009, 168.937, 0.035, 129.721, 0.005, -203.801, 0.078, 175.837, 0.088, -142.911, 0.078,
006-pdm05ABBAa1, 8.274890, 0.00512438016529, 218.081, 0.297, 140.053, 0.012, 187.649, 0.038, -158.9, 0.072, -147.674, 0.076, 133.07, 0.005, 163.182, 0.087, 161.585, 0.021, 159.823, 0.015, 180.359, 0.116, 174.023, 0.079, 120.589, 0.005,
006-pdm05ABBAb1, 8.123250, 0.000297421487603, 206.382, 0.065, 167.557, 0.015, 159.48, 0.031, 190.47, 0.005, 156.903, 0.09, 158.295, 0.03, -155.378, 0.076, 144.694, 0.085, 150.713, 0.078, -162.722, 0.077, 147.106, 0.005, 193.166, 0.088,
006-pdm06ABABa1, 8.690080, 0.000354628099174, -168.634, 0.074, 165.75, 0.046, 171.723, 0.048, 174.547, 0.058, 210.47, 0.022, 198.492, 0.052, 197.194, 0.024, 146.581, 0.008, -175.732, 0.077, 180.244, 0.086, 154.269, 0.025, 147.151, 0.006,
006-pdm06ABABb1, 7.467390, 0.0289739669421, 188.196, 0.005, 160.195, 0.016, 166.85, 0.06, 177.683, 0.042, 193.518, 0.076, -173.229, 0.078, 177.459, 0.054, 135.773, 0.046, 163.975, 0.049, -163.451, 0.072, 160.14, 0.058, 157.048, 0.021,
006-pdm06ABBAa1, 8.863060, 0.000565966942149, 125.979, 0.009, 166.058, 0.007, 154.679, 0.071, 175.405, 0.029, -182.694, 0.072, 197.585, 0.053, 240.97, 0.062, 184.118, 0.027, 179.569, 0.022, 202.663, 0.067, 178.964, 0.01, 176.527, 0.032,
006-pdm06ABBAb1, 6.719610, 0.0583937190083, 163.964, 0.374, -188.46, 0.078, -158.245, 0.081, 162.984, 0.026, 151.333, 0.08, 159.352, 0.079, 227.349, 0.026, 138.46, 0.043, 276.589, 0.07, -176.974, 0.078, 241.66, 0.031, 234.275, 0.058,
006-pdm07ABABa1, 9.214470, 0.000860727272727, 196.288, 0.005, 168.77, 0.005, 208.499, 0.186, 215.566, 0.084, 165.67, 0.175, 181.67, 0.019, 157.628, 0.005, 156.33, 0.005, 133.899, 0.093, 159.946, 0.005, 200.934, 0.191, 195.169, 0.069,
006-pdm07ABABb1, 9.397090, 0.00478909090909, 184.642, 0.005, 196.381, 0.019, 202.663, 0.173, 156.95, 0.025, 181.567, 0.185, 212.882, 0.019, 181.005, 0.005, 197.478, 0.023, 192.713, 0.005, -216.434, 0.077, 230.802, 0.038, 226.846, 0.013,
006-pdm07ABBAa1, 7.263380, 0.0464712727273, 113.036, 0.005, 166.618, 0.23, 157.15, 0.005, 142.811, 0.037, 225.298, 0.005, -224.808, 0.038, 238.231, 0.171, 201.28, 0.206, -187.66, 0.074, 174.595, 0.013, 168.85, 0.005, 157.835, 0.005,
006-pdm07ABBAb1, 9.496530, 0.000830198347107, 193.704, 0.005, 175.236, 0.016, 148.944, 0.025, 177.427, 0.047, 203.783, 0.006, 210.225, 0.023, 224.326, 0.2, 189.68, 0.073, 152.049, 0.005, 218.46, 0.021, -210.4, 0.074, 220.18, 0.077,
006-pdm08ABABa1, 6.109830, 0.0542631570248, 134.505, 0.134, 195.712, 0.153, 158.977, 0.029, 137.652, 0.014, 140.866, 0.033, 211.333, 0.074, -127.09, 0.079, 181.105, 0.022, 124.332, 0.053, 154.243, 0.082, 102.814, 0.02, 144.54, 0.018,
006-pdm08ABABb1, 8.234370, 0.000394958677686, 250.858, 0.069, 142.654, 0.03, 190.762, 0.071, 166.33, 0.015, 213.09, 0.076, 176.497, 0.018, 229.528, 0.069, 176.959, 0.02, 260.542, 0.083, 171.993, 0.018, 221.628, 0.076, 110.913, 0.081,
006-pdm08ABBAa1, 8.566100, 0.000427157024793, 202.306, 0.021, 189.638, 0.047, 210.699, 0.048, 151.513, 0.015, 180.192, 0.017, 209.859, 0.049, 195.822, 0.037, 188.107, 0.02, 185.232, 0.015, 231.566, 0.045, 209.888, 0.063, 146.969, 0.019,
006-pdm08ABBAb1, 8.067690, 0.000388909090909, 262.654, 0.087, 161.436, 0.017, 202.053, 0.018, 187.76, 0.076, 183.399, 0.054, 166.974, 0.032, 205.609, 0.018, 135.59, 0.038, 195.182, 0.017, 187.436, 0.017, -167.329, 0.096, 174.604, 0.051,
006-pdm09ABABa1, 9.114310, 0.00106274380165, -212.517, 0.072, 169.066, 0.078, -215.607, 0.084, 236.474, 0.076, 241.295, 0.018, 226.933, 0.074, -204.104, 0.081, 235.884, 0.108, -213.178, 0.08, 165.729, 0.104, 139.545, 0.018, 189.969, 0.025,
006-pdm09ABBAa1, 7.729180, 0.0584949752066, -166.629, 0.022, 214.137, 0.207, 226.604, 0.098, 132.033, 0.092, 197.869, 0.05, 191.596, 0.034, 175.065, 0.038, 162.697, 0.064, 202.188, 0.023, 166.215, 0.094, 229.272, 0.087, 214.728, 0.016,
006-pdm09ABBAb1, 9.392780, 0.000444776859504, 202.904, 0.059, 172.669, 0.017, 146.213, 0.074, 248.178, 0.067, 216.491, 0.059, 201.143, 0.023, 165.779, 0.099, 238.653, 0.112, 224.452, 0.112, 203.516, 0.091, 130.966, 0.1, 149.029, 0.021,
006-pdm10ABABa1, 7.881660, 0.000596595041322, -110.828, 0.086, 218.158, 0.054, 159.545, 0.024, 163.569, 0.059, 165.776, 0.025, 200.415, 0.061, 177.043, 0.025, 246.613, 0.077, 191.229, 0.019, 232.873, 0.049, 202.286, 0.029, 155.803, 0.035,
006-pdm10ABABb1, 8.254940, 0.000569537190083, 254.164, 0.069, 171.806, 0.028, 169.97, 0.072, 178.741, 0.021, 195.603, 0.088, 212.737, 0.017, 129.089, 0.019, 192.57, 0.026, 200.551, 0.08, 229.083, 0.024, 200.304, 0.081, 116.288, 0.023,
006-pdm10ABBAa1, 8.026460, 0.000311140495868, 270.882, 0.017, 235.93, 0.063, 236.898, 0.06, 201.78, 0.02, 208.858, 0.027, 203.931, 0.072, 154.865, 0.033, 236.348, 0.022, 216.093, 0.024, 201.965, 0.045, 190.637, 0.139, 212.905, 0.026,
006-pdm10ABBAb1, 6.446850, 0.0442006280992, 117.468, 0.145, 206.99, 0.35, 217.577, 0.023, 191.945, 0.075, 221.929, 0.068, 178.973, 0.027, 191.876, 0.024, 193.725, 0.059, 191.791, 0.07, 191.927, 0.032, 197.904, 0.026, 253.085, 0.069,
006-pdm11ABABa1, 7.009100, 0.0492514545455, 141.532, 0.213, 193.184, 0.382, 178.529, 0.018, 192.01, 0.064, 220.981, 0.02, 202.747, 0.238, 129.854, 0.035, 198.284, 0.076, 202.725, 0.024, 145.653, 0.036, 165.651, 0.026, 179.225, 0.065,
006-pdm11ABABb1, 7.745180, 0.0195418347107, 208.035, 0.462, 191.595, 0.021, 172.515, 0.043, 209.921, 0.015, 138.411, 0.044, 155.227, 0.022, 239.76, 0.225, 185.174, 0.039, 162.557, 0.022, 245.524, 0.029, 144.245, 0.034, 215.02, 0.04,
006-pdm11ABBAa1, 8.532090, 0.0139939008264, 222.014, 0.036, 158.216, 0.033, 154.334, 0.028, 207.878, 0.01, 200.144, 0.199, 173.96, 0.047, 154.168, 0.026, -208.486, 0.079, 208.798, 0.04, 165.678, 0.031, 192.192, 0.049, 234.692, 0.228,
006-pdm11ABBAb1, 8.555360, 0.0239760661157, 191.94, 0.049, 160.546, 0.04, 190.17, 0.027, 200.962, 0.05, 191.401, 0.06, 245.162, 0.027, 214.056, 0.059, 163.237, 0.062, 211.754, 0.084, 228.651, 0.037, 165.013, 0.018, 198.234, 0.086,
006-pdm12ABABa1, 7.976390, 0.000640330578512, 157.513, 0.028, 144.908, 0.055, 173.882, 0.03, 179.24, 0.054, 217.592, 0.028, 192.71, 0.052, 177.209, 0.031, 195.597, 0.06, 203.726, 0.023, 232.543, 0.036, 194.69, 0.019, 164.076, 0.02,
006-pdm12ABABb1, 6.629540, 0.0433668099174, 218.144, 0.05, 222.47, 0.158, 138.408, 0.028, 163.655, 0.018, 156.844, 0.035, 150.564, 0.025, 174.723, 0.074, 135.973, 0.021, 195.407, 0.083, -126.391, 0.018, 252.094, 0.083, 147.569, 0.023,
006-pdm12ABBAa1, 8.463790, 0.000231140495868, 199.298, 0.021, 156.674, 0.055, 163.752, 0.037, 251.703, 0.026, 259.469, 0.034, 160.356, 0.039, 176.399, 0.064, 238.049, 0.028, 204.233, 0.034, 121.212, 0.031, 226.518, 0.065, 201.209, 0.028,
006-pdm12ABBAb1, 6.855950, 0.0274915206612, 146.097, 0.082, 133.022, 0.127, 191.692, 0.022, 230.804, 0.071, 201.433, 0.066, 179.73, 0.026, 165.705, 0.028, 248.603, 0.076, 231.638, 0.08, 205.383, 0.027, 197.695, 0.027, 192.218, 0.062,
006-pdn01ABABa1, 8.425010, 0.000736016528926, 182.417, 0.034, 195.708, 0.005, 152.812, 0.019, 163.852, 0.094, 147.54, 0.007, 201.589, 0.057, -160.506, 0.076, 209.672, 0.005, 147.703, 0.015, -196.221, 0.005, 159.683, 0.016, 194.194, 0.09,
006-pdn01ABABb1, 6.648040, 0.0480009256198, 97.1394, 0.033, 214.698, 0.384, -154.957, 0.109, 141.217, 0.037, 220.542, 0.125, 169.423, 0.007, 204.561, 0.103, 119.78, 0.067, 208.7, 0.069, -196.525, 0.076, 188.899, 0.085, 160.749, 0.021,
006-pdn01ABBAa1, 8.023850, 0.000600561983471, 148.166, 0.204, 149.4, 0.047, 160.896, 0.043, 185.363, 0.022, 177.792, 0.024, 182.056, 0.005, 224.218, 0.057, -177.678, 0.068, -184.983, 0.072, 213.189, 0.005, 180.531, 0.054, 152.477, 0.018,
006-pdn01ABBAb1, 8.320880, 0.000420595041322, 226.096, 0.005, 165.713, 0.021, 168.36, 0.025, 188.062, 0.005, 127.034, 0.005, -168.666, 0.005, 195.555, 0.029, 240.74, 0.055, 186.546, 0.058, 153.297, 0.008, 177.592, 0.037, 207.461, 0.047,
006-pdn02ABABa1, 7.989930, 0.000428231404959, 217.819, 0.032, 177.4, 0.075, 196.97, 0.008, 198.057, 0.13, 155.556, 0.035, 223.15, 0.119, 162.467, 0.012, 191.479, 0.07, -169.418, 0.079, 153.952, 0.005, 202.873, 0.01, 179.813, 0.132,
006-pdn02ABABb1, 8.029110, 0.000207107438017, 225.577, 0.073, -163.127, 0.083, 116.133, 0.033, 130.369, 0.011, 205.181, 0.071, -165.516, 0.078, 238.808, 0.07, 161.037, 0.014, 233.244, 0.071, 149.083, 0.005, 181.058, 0.078, 185.597, 0.007,
006-pdn02ABBAa1, 7.890730, 0.000562066115702, 160.772, 0.036, -180.145, 0.1, 187.294, 0.063, -150.892, 0.083, 175.128, 0.016, -172.326, 0.091, 215.269, 0.043, -130.97, 0.082, 185.897, 0.065, 171.387, 0.076, 186.489, 0.054, -159.464, 0.078,
006-pdn02ABBAb1, 8.081250, 0.0124248760331, 174.855, 0.049, 181.691, 0.005, 179.511, 0.076, 154.008, 0.069, 179.013, 0.005, -216.662, 0.115, 242.535, 0.056, -164.203, 0.005, 188.873, 0.05, -172.131, 0.089, 164.724, 0.08, -133.763, 0.081,
006-pdn03ABABa1, 8.771910, 0.0012180661157, -184.381, 0.077, 138.593, 0.084, 192.737, 0.084, -189.322, 0.074, 191.375, 0.059, 160.804, 0.005, -190.917, 0.005, 143.417, 0.005, 173.559, 0.077, 162.325, 0.015, 205.006, 0.036, 212.515, 0.085,
006-pdn03ABABb1, 8.857720, 0.000170198347107, 100.627, 0.005, -176.802, 0.075, 194.389, 0.012, 179.032, 0.014, 153.772, 0.005, 139.877, 0.006, 242.645, 0.005, 137.349, 0.053, 217.208, 0.107, 155.705, 0.01, 163.119, 0.034, 193.098, 0.053,
006-pdn03ABBAa1, 8.715600, 0.00813414876033, 219.782, 0.036, 161.83, 0.014, -173.601, 0.005, 202.357, 0.017, -230.701, 0.07, 165.192, 0.005, 177.878, 0.005, 214.706, 0.008, 212.443, 0.064, 162.702, 0.005, 179.834, 0.064, -140.924, 0.086,
006-pdn03ABBAb1, 9.187710, 0.000505239669421, 233.575, 0.005, 162.815, 0.02, 194.116, 0.076, 195.501, 0.091, 160.212, 0.008, 170.555, 0.007, 166.31, 0.005, 219.879, 0.005, 191.744, 0.07, 178.714, 0.013, 139.133, 0.076, 134.324, 0.225,
006-pdn04ABABa1, 8.426060, 0.00580160330579, -159.108, 0.083, 203.455, 0.052, -187.365, 0.08, 218.887, 0.052, -211.498, 0.078, 198.254, 0.08, 154.1, 0.032, 215.438, 0.056, 225.491, 0.015, 206.013, 0.093, 190.406, 0.205, 201.963, 0.065,
006-pdn04ABABb1, 6.746480, 0.0927741818182, 139.021, 0.044, 172.552, 0.173, 161.73, 0.033, 154.97, 0.005, 109.331, 0.082, -200.491, 0.082, 120.799, 0.015, 220.96, 0.054, -197.823, 0.079, 166.303, 0.036, 229.421, 0.056, 163.165, 0.008,
006-pdn04ABBAa1, 6.549660, 0.0503932396694, 149.116, 0.126, 197.456, 0.213, 219.52, 0.087, 190.687, 0.027, 203.764, 0.023, 201.223, 0.03, 242.667, 0.071, 228.199, 0.029, 213.185, 0.036, 223.583, 0.064, 167.894, 0.073, 148.144, 0.016,
006-pdn04ABBAb1, 8.119140, 0.0102467768595, 154.882, 0.178, 180.927, 0.027, 153.51, 0.023, 208.346, 0.043, 245.754, 0.059, 167.019, 0.054, 228.672, 0.014, 238.153, 0.05, 236.444, 0.067, 229.367, 0.014, 117.903, 0.041, -195.943, 0.093,
006-pdn05ABABa1, 8.734470, 0.00116147107438, 144.308, 0.207, 161.257, 0.005, 125.233, 0.005, 135.357, 0.014, 107.046, 0.008, 159.17, 0.016, -168.375, 0.076, 145.285, 0.009, 147.952, 0.082, 180.495, 0.051, 131.528, 0.005, 143.205, 0.005,
006-pdn05ABABb1, 12.694900, 0.0136254214876, 195.184, 0.048, 119.693, 0.059, 90.7166, 0.03, 129.92, 0.005, -149.87, 0.084, 123.551, 0.005, 138.259, 0.014, 161.661, 0.044, 166.863, 0.059, 210.156, 0.056, 142.14, 0.027, 116.073, 0.016,
006-pdn05ABBAa1, 8.118880, 0.000637157024793, -145.012, 0.091, 167.248, 0.104, 167.295, 0.068, 173.794, 0.012, 181.534, 0.015, 211.08, 0.053, 171.863, 0.055, 145.197, 0.047, 174.86, 0.022, 130.102, 0.074, 139.495, 0.006, -127.134, 0.074,
006-pdn05ABBAb1, 9.079080, 0.00050305785124, 196.123, 0.057, 154.7, 0.049, -180.616, 0.073, 155.728, 0.097, 207.681, 0.083, 136.323, 0.082, 132.744, 0.062, 157.073, 0.007, 158.785, 0.006, 137.133, 0.029, 177.337, 0.005, 211.64, 0.048,
006-pdn06ABABa1, 8.981540, 0.00389352066116, 192.079, 0.024, 205.223, 0.173, 205.026, 0.023, 173.337, 0.054, 250.528, 0.216, 213.839, 0.176, 207.722, 0.173, 185.786, 0.165, 200.456, 0.049, 204.22, 0.005, 161.283, 0.043, 150.573, 0.028,
006-pdn06ABABb1, 8.583780, 0.00983469421488, 231.749, 0.079, 201.11, 0.172, 175.4, 0.194, 158.678, 0.174, 188.577, 0.187, 150.728, 0.082, 147.015, 0.03, 206.885, 0.244, 182.043, 0.047, -199.82, 0.075, 157.844, 0.026, 179.57, 0.014,
006-pdn06ABBAa1, 9.006510, 0.0178701983471, 213.235, 0.03, 181.266, 0.01, 260.93, 0.241, 190.083, 0.218, -215.727, 0.074, 245.071, 0.071, 163.197, 0.017, 180.849, 0.042, -189.266, 0.075, 206.472, 0.043, 266.51, 0.235, 190.895, 0.265,
006-pdn06ABBAb1, 8.779400, 0.00829801652893, 130.324, 0.161, 137.322, 0.06, 245.185, 0.017, 206.441, 0.264, 227.493, 0.209, 114.1, 0.043, 163.351, 0.067, 180.676, 0.068, 208.624, 0.073, 169.405, 0.024, 199.184, 0.274, 140.231, 0.041,
006-pdn07ABABa1, 7.901630, 0.00130732231405, 159.505, 0.025, 164.485, 0.097, 124.248, 0.005, 162.232, 0.084, -167.943, 0.084, 115.089, 0.015, 164.419, 0.021, 134.3, 0.019, -139.927, 0.073, -187.505, 0.087, 139.405, 0.016, 166.854, 0.086,
006-pdn07ABABb1, 7.000250, 0.028025785124, 181.982, 0.105, 148.137, 0.121, 127.669, 0.022, 146.577, 0.024, 188.732, 0.094, -164.513, 0.078, 148.661, 0.005, 135.477, 0.032, 129.135, 0.018, 165.753, 0.019, 216.905, 0.017, 140.052, 0.014,
006-pdn07ABBAa1, 7.418940, 0.00567150413223, 257.984, 0.311, 156.593, 0.091, 168.673, 0.074, 148.682, 0.02, 145.174, 0.022, 177.57, 0.088, 197.976, 0.062, 142.496, 0.09, -167.544, 0.088, 189.327, 0.036, 172.127, 0.06, 172.751, 0.081,
006-pdn07ABBAb1, 11.602100, 0.0103506115702, 187.755, 0.041, 163.369, 0.028, 165.233, 0.021, 166.703, 0.075, 144.264, 0.068, 134.077, 0.081, 143.119, 0.014, 123.558, 0.035, 97.5879, 0.013, 130.625, 0.031, 154.573, 0.055, -112.591, 0.054,
006-pdn08ABABa1, 9.778020, 0.000946, -123.403, 0.059, 241.698, 0.069, 196.774, 0.022, -206.231, 0.098, -209.813, 0.005, 202.072, 0.058, -204.235, 0.076, 223.885, 0.064, 232.202, 0.02, 278.181, 0.066, -210.355, 0.005, 284.114, 0.075,
006-pdn08ABABb1, 9.462310, 0.000526066115702, 157.157, 0.022, 228.074, 0.019, 209.864, 0.096, 230.328, 0.016, 212.865, 0.055, 187.077, 0.022, 241.338, 0.074, -204.136, 0.075, 234.905, 0.06, 241.063, 0.014, 239.605, 0.048, 204.327, 0.012,
006-pdn08ABBAa1, 7.742910, 0.0599844297521, 164.411, 0.005, 208.876, 0.212, 262.001, 0.069, 223.366, 0.016, 255.322, 0.026, 253.642, 0.047, 227.399, 0.039, 227.845, 0.019, 227.506, 0.018, 256.046, 0.042, 252.365, 0.03, 243.075, 0.017,
006-pdn08ABBAb1, 9.373060, 0.000182066115702, 221.493, 0.058, 236.31, 0.016, -243.709, 0.07, 256.212, 0.066, 213.249, 0.06, 252.677, 0.013, 270.65, 0.012, 244.828, 0.037, 214.042, 0.071, 232.523, 0.01, -238.894, 0.082, 239.251, 0.043,
006-pdn09ABABa1, 7.098780, 0.0257801983471, 149.722, 0.081, 185.85, 0.109, 166.174, 0.086, 214.654, 0.021, 157.219, 0.245, 202.925, 0.085, 182.369, 0.021, 146.133, 0.104, 184.69, 0.023, 142.079, 0.107, 172.952, 0.02, 136.793, 0.097,
006-pdn09ABABb1, 9.331940, 0.00119097520661, 231.86, 0.084, 160.021, 0.071, 158.938, 0.076, 123.793, 0.017, 196.69, 0.063, 128.92, 0.019, 203.247, 0.076, 134.661, 0.017, 154.68, 0.022, -173.722, 0.072, 180.485, 0.113, 152.624, 0.015,
006-pdn09ABBAa1, 8.785280, 0.000642066115702, 250.377, 0.023, -186.902, 0.095, 143.683, 0.071, 134.432, 0.008, 172.479, 0.018, 191.864, 0.045, 220.384, 0.104, -184.228, 0.078, -159.357, 0.098, 147.55, 0.019, 223.155, 0.041, 141.212, 0.081,
006-pdn09ABBAb1, 7.516450, 0.0138869256198, 151.308, 0.17, 139.238, 0.014, 153.993, 0.015, 182.083, 0.039, 182.485, 0.101, 121.95, 0.036, -202.897, 0.072, 176.277, 0.079, -167.095, 0.087, 128.438, 0.018, 161.384, 0.02, 239.166, 0.039,
006-pdn10ABABa1, 11.841400, 0.0122568099174, -137.821, 0.027, 156.5, 0.031, 140.67, 0.085, -106.525, 0.025, 233.3, 0.02, 156.351, 0.112, 198.815, 0.048, 208.026, 0.067, 229.596, 0.02, 215.583, 0.065, 107.354, 0.015, 167.285, 0.05,
006-pdn10ABABb1, 8.951560, 0.00377238016529, 294.241, 0.417, 230.385, 0.019, 216.217, 0.064, 206.21, 0.018, 230.394, 0.085, 211.849, 0.012, 225.192, 0.071, 190.845, 0.023, 242.738, 0.061, -169.865, 0.092, 245.487, 0.052, 223.29, 0.025,
006-pdn10ABBAa1, 9.392520, 0.000308909090909, -150.225, 0.077, 140.073, 0.014, 187.456, 0.072, 233.455, 0.025, 224.485, 0.027, 207.555, 0.069, 283.86, 0.057, 219.347, 0.026, 204.912, 0.033, 237.07, 0.068, 234.919, 0.077, 210.067, 0.02,
006-pdn10ABBAb1, 7.338980, 0.0334765950413, 160.71, 0.243, 189.304, 0.079, 238.808, 0.02, 265.461, 0.021, 272.188, 0.059, 229.703, 0.017, 227.919, 0.033, 225.053, 0.075, 238.33, 0.066, 204.758, 0.014, 199.967, 0.021, 235.528, 0.068,
006-pdn11ABABa1, 9.011740, 0.00243841322314, 233.712, 0.307, 154.281, 0.06, 149.229, 0.027, 232.307, 0.078, -218.006, 0.076, 175.33, 0.073, -213.304, 0.079, 176.165, 0.021, 196.065, 0.036, 189.641, 0.051, -242.864, 0.073, 223.924, 0.073,
006-pdn11ABABb1, 9.891130, 0.000430512396694, 253.987, 0.065, -192.625, 0.081, 209.368, 0.078, 175.294, 0.086, 216.906, 0.061, 164.748, 0.091, 221.362, 0.077, 159.595, 0.072, 217.819, 0.065, -203.36, 0.078, 238.795, 0.084, 150.155, 0.088,
006-pdn11ABBAa1, 9.368000, 0.000455140495868, 245.628, 0.018, 194.533, 0.119, 228.462, 0.071, 261.342, 0.027, -162.958, 0.074, 170.09, 0.027, 212.851, 0.083, 223.971, 0.023, 245.383, 0.02, 206.448, 0.056, 203.304, 0.048, 196.591, 0.018,
006-pdn11ABBAb1, 8.448160, 0.00872771900826, 207.585, 0.233, 193.375, 0.018, -174.657, 0.081, 239.919, 0.061, 221.333, 0.051, 231.626, 0.017, 161.35, 0.072, 247.222, 0.069, 211.773, 0.037, 186.035, 0.087, 176.971, 0.075, -216.408, 0.116,
006-pdn12ABABa1, 9.599220, 0.000352066115702, 184.919, 0.02, 218.677, 0.054, 230.29, 0.018, 215.701, 0.059, 224.634, 0.023, 184.278, 0.082, 202.878, 0.02, 176.569, 0.074, 182.476, 0.034, 164.112, 0.064, 214.58, 0.02, 182.836, 0.083,
006-pdn12ABABb1, 9.514660, 0.000801966942149, 174.523, 0.053, 218.645, 0.021, 226.73, 0.073, 229.84, 0.02, 179.84, 0.067, 215.037, 0.023, 215.063, 0.072, -217.13, 0.082, 173.577, 0.075, 223.402, 0.016, 243.987, 0.042, 224.657, 0.021,
006-pdn12ABBAa1, 8.860630, 0.000518611570248, 260.137, 0.023, 195.565, 0.076, 199.405, 0.062, 243.864, 0.02, 229.547, 0.025, 204.211, 0.047, 206.003, 0.083, 220.66, 0.02, 240.375, 0.024, 231.196, 0.084, 222.502, 0.056, 227.849, 0.022,
006-pdn12ABBAb1, 8.926870, 0.000491173553719, 164.851, 0.09, 179.988, 0.025, -201.144, 0.081, 273.817, 0.062, 189.661, 0.095, 200.202, 0.027, 238.828, 0.025, 219.887, 0.077, 168.142, 0.018, 189.938, 0.025, -205.376, 0.079, 218.916, 0.07,
006-psm01ABABa1, 9.227050, 0.000361454545455, 204.885, 0.108, 161.729, 0.005, -225.496, 0.087, 159.115, 0.005, 217.602, 0.09, 162.248, 0.058, 232.362, 0.095, 205.05, 0.005, 215.256, 0.086, 172.837, 0.013, 225.879, 0.053, 156.151, 0.013,
006-psm01ABABb1, 8.991000, 0.000589966942149, 181.811, 0.005, 216.805, 0.051, 203.864, 0.006, -247.797, 0.111, 181.186, 0.064, 288.668, 0.009, 197.083, 0.006, 223.263, 0.063, 178.862, 0.005, 172.682, 0.005, 169.413, 0.022, 174.977, 0.005,
006-psm01ABBAa1, 9.237290, 0.000333867768595, 188.598, 0.048, -215.307, 0.005, 239.991, 0.009, -201.931, 0.104, 263.797, 0.057, 217.609, 0.009, -203.26, 0.074, 248.326, 0.106, -193.677, 0.005, 145.948, 0.009, 150.195, 0.061, -204.116, 0.102,
006-psm01ABBAb1, 6.979030, 0.055485107438, 126.434, 0.182, 212.278, 0.348, 188.071, 0.005, -170.658, 0.064, 236.45, 0.076, -218.799, 0.101, 198.363, 0.005, -239.817, 0.078, 244.789, 0.078, 233.032, 0.065, 247.756, 0.075, 186.897, 0.012,
006-psm02ABABa1, 8.350700, 0.000202776859504, 175.393, 0.053, 128.016, 0.085, 173.448, 0.008, 151.253, 0.006, 185.521, 0.08, 162.976, 0.025, 200.053, 0.008, 142.992, 0.079, 156.998, 0.005, 143.15, 0.062, 185.537, 0.042, 138.387, 0.006,
006-psm02ABABb1, 8.405750, 0.00093547107438, -141.957, 0.087, 150.222, 0.056, -121.125, 0.068, 199.611, 0.005, 184.825, 0.013, 183.221, 0.034, -147.73, 0.068, 202.703, 0.047, -178.939, 0.064, 182.33, 0.048, 123.9, 0.039, 153.338, 0.082,
006-psm02ABBAa1, 7.825300, 0.00291823140496, 176.242, 0.299, -119.83, 0.082, 141.952, 0.005, 196.97, 0.048, 169.889, 0.078, 120.085, 0.083, -176.346, 0.076, 152.904, 0.081, 178.92, 0.046, 171.533, 0.029, 172.046, 0.012, -179.003, 0.092,
006-psm02ABBAb1, 8.233560, 0.00060226446281, 201.723, 0.022, 161.374, 0.049, 133.11, 0.005, -157.174, 0.083, 142.527, 0.03, 180.518, 0.045, 217.718, 0.034, -189.131, 0.077, -146.726, 0.083, 171.509, 0.079, 149.498, 0.077, 198.096, 0.02,
006-psm03ABABa1, 9.723970, 0.000503355371901, 200.979, 0.039, 145.79, 0.106, 232.839, 0.064, 158.057, 0.011, 229.39, 0.007, 160.416, 0.011, 245.365, 0.069, 158.458, 0.019, -229.417, 0.117, 146.874, 0.005, 220.615, 0.038, 182.372, 0.009,
006-psm03ABABb1, 8.045230, 0.043826231405, 122.511, 0.135, 193.648, 0.208, 201.51, 0.019, 217.373, 0.068, -183.5, 0.01, 241.101, 0.01, 173.29, 0.012, 196.99, 0.047, 183.318, 0.005, 236.909, 0.08, 230.073, 0.035, 165.287, 0.005,
006-psm03ABBAa1, 9.734680, 0.000918809917355, 178.025, 0.053, -175.57, 0.066, 180.744, 0.005, 218.393, 0.053, 233.855, 0.07, 233.249, 0.015, 227.884, 0.008, 267.183, 0.086, 242.973, 0.059, 228.233, 0.012, 163.512, 0.071, 232.608, 0.039,
006-psm03ABBAb1, 9.850920, 0.000496380165289, -152.058, 0.012, 241.947, 0.057, 251.549, 0.071, -194.986, 0.085, 226.01, 0.02, 163.193, 0.109, 237.578, 0.053, 217.985, 0.033, -226.097, 0.071, 189.17, 0.02, 175.21, 0.032, 228.918, 0.031,
006-psm04ABABa1, 9.077900, 0.000896429752066, -231.421, 0.107, -178.232, 0.07, 169.372, 0.069, 172.642, 0.014, 176.196, 0.039, 174.108, 0.068, 162.082, 0.071, 161.261, 0.006, 184.83, 0.046, -204.038, 0.08, 191.181, 0.098, -180.141, 0.071,
006-psm04ABABb1, 9.478700, 0.000836429752066, 182.57, 0.057, -192.701, 0.085, 126.95, 0.007, 189.715, 0.052, 202.372, 0.02, 184.494, 0.035, -185.158, 0.075, 183.261, 0.054, 144.188, 0.077, 176.681, 0.047, 119.93, 0.007, 170.053, 0.039,
006-psm04ABBAa1, 9.287690, 0.000336380165289, 244.278, 0.006, 158.387, 0.037, 219.866, 0.01, 184.754, 0.057, 190.147, 0.077, 204.554, 0.077, -161.294, 0.005, 188.659, 0.042, 177.143, 0.014, 156.567, 0.088, -181.107, 0.079, 189.714, 0.066,
006-psm04ABBAb1, 7.704990, 0.0584914710744, 128.242, 0.017, -201.223, 0.094, 146.891, 0.007, -172.294, 0.069, -234.324, 0.073, 182.235, 0.102, 207.99, 0.005, 193.903, 0.011, 204.147, 0.015, 149.318, 0.005, 197.324, 0.07, 194.669, 0.015,
006-psm05ABABa1, 7.723290, 0.0272599008264, 156.662, 0.189, -126.17, 0.316, 163.405, 0.005, 131.732, 0.048, 188.118, 0.043, 119.022, 0.05, 216.355, 0.066, 169.773, 0.083, 161.734, 0.005, 141.766, 0.041, 214.148, 0.089, 125.766, 0.047,
006-psm05ABABb1, 9.829230, 0.000478545454545, -211.293, 0.08, 163.847, 0.005, 193.793, 0.021, 146.112, 0.022, -185.42, 0.075, 168.639, 0.062, 206.156, 0.046, 197.98, 0.075, -214.278, 0.081, 237.39, 0.079, 150.767, 0.07, 169.235, 0.04,
006-psm05ABBAa1, 7.338900, 0.0271304297521, 199.644, 0.419, 254.747, 0.076, 180.698, 0.023, 174.102, 0.032, 197.596, 0.041, 215.376, 0.04, 188.101, 0.04, -186.395, 0.369, 201.22, 0.034, 178.017, 0.005, 186.288, 0.036, 214.002, 0.044,
006-psm05ABBAb1, 9.848990, 0.000846561983471, 183.422, 0.018, 146.002, 0.082, -199.054, 0.125, 192.014, 0.049, -179.131, 0.08, 154.048, 0.074, 165.886, 0.048, 203.668, 0.03, -206.406, 0.072, 230.673, 0.07, 155.498, 0.005, -194.966, 0.078,
006-psm06ABABa1, 8.836960, 0.00038332231405, 143.931, 0.02, 153.889, 0.02, 196.28, 0.065, 194.574, 0.028, 200.838, 0.056, 168.976, 0.02, 214.029, 0.055, -171.422, 0.083, 240.336, 0.058, -167.803, 0.08, 201.344, 0.034, -158.355, 0.075,
006-psm06ABABb1, 8.778520, 0.000428561983471, 190.73, 0.015, 194.097, 0.048, 147.314, 0.053, 179.973, 0.047, 177.9, 0.026, 159.927, 0.043, 153.861, 0.027, 170.31, 0.027, 168.469, 0.017, 159.745, 0.063, 166.766, 0.015, 175.221, 0.042,
006-psm06ABBAa1, 8.652440, 0.00044426446281, 179.291, 0.086, 140.179, 0.005, -199.309, 0.079, 230.374, 0.075, 211.148, 0.054, -178.109, 0.076, -149.479, 0.071, 213.214, 0.062, 231.518, 0.039, 150.419, 0.016, -199.911, 0.075, 196.899, 0.065,
006-psm06ABBAb1, 8.584240, 0.000210776859504, 184.912, 0.021, 183.09, 0.063, 133.739, 0.018, -169.043, 0.086, 181.704, 0.02, 177.133, 0.093, 206.518, 0.054, 174.692, 0.023, 177.988, 0.021, 240.385, 0.059, 177.819, 0.042, 192.382, 0.02,
006-psm07ABABa1, 6.983360, 0.0402726280992, 151.803, 0.094, 141.28, 0.245, 149.284, 0.005, 169.594, 0.005, 201.294, 0.067, 177.058, 0.016, 200.327, 0.085, 164.201, 0.015, 205.005, 0.057, 196.312, 0.014, 226.713, 0.091, 169.178, 0.054,
006-psm07ABABb1, 8.299910, 0.00429971900826, 354.955, 0.328, 149.603, 0.005, 192.26, 0.034, 160.793, 0.005, -182.535, 0.076, 158.3, 0.005, -175.602, 0.077, 165.173, 0.005, 137.957, 0.072, 176.558, 0.005, -215.606, 0.102, 181.375, 0.005,
006-psm07ABBAa1, 8.799940, 0.00115897520661, 211.323, 0.058, -187.412, 0.08, 175.527, 0.014, 212.449, 0.062, 173.712, 0.016, -199.012, 0.088, 157.937, 0.015, 171.072, 0.014, 174.576, 0.016, -192.577, 0.071, -204.106, 0.092, 193.533, 0.076,
006-psm07ABBAb1, 8.676340, 0.000919338842975, -176.437, 0.093, 162.431, 0.005, 200.07, 0.056, -191.447, 0.075, 202.535, 0.029, 152.473, 0.005, 197.316, 0.06, 183.003, 0.142, 229.34, 0.046, 177.729, 0.005, 157.676, 0.005, 178.602, 0.04,
006-psm08ABABa1, 9.918610, 0.000481785123967, 243.692, 0.05, 220.349, 0.013, 180.924, 0.079, 199.34, 0.014, 203.299, 0.066, -209.248, 0.078, 175.943, 0.088, -211.01, 0.005, 222.647, 0.053, -194.386, 0.074, 174.052, 0.06, -182.419, 0.079,
006-psm08ABABb1, 9.086830, 0.00288479338843, 267.073, 0.286, 193.078, 0.083, 183.525, 0.024, 149.084, 0.057, 208.569, 0.016, 155.721, 0.005, 213.98, 0.194, 149.302, 0.015, -219.759, 0.07, 145.835, 0.005, 201.037, 0.014, 186.45, 0.053,
006-psm08ABBAa1, 9.402440, 0.000686082644628, 201.555, 0.364, 249.438, 0.015, -184.998, 0.005, 194.768, 0.045, 182.307, 0.061, -173.381, 0.082, 192.536, 0.027, 248.684, 0.018, 215.082, 0.078, 166.597, 0.013, 247.718, 0.013, 188.932, 0.048,
006-psm08ABBAb1, 9.016550, 0.000928066115702, 193.856, 0.115, 198.568, 0.062, 181.385, 0.076, 209.232, 0.17, 170.427, 0.021, 154.518, 0.021, 169.799, 0.013, 229.02, 0.021, 216.433, 0.017, 140.889, 0.015, 185.274, 0.08, 234.849, 0.019,
006-psm09ABABa1, 7.882040, 0.0273939669421, 152.373, 0.264, 201.993, 0.088, 244.876, 0.021, 163.755, 0.013, 211.429, 0.213, 157.68, 0.02, 249.339, 0.077, 153.812, 0.07, 177.138, 0.117, 201.459, 0.018, 201.985, 0.112, 181.927, 0.041,
006-psm09ABABb1, 8.201920, 0.0536880495868, 121.34, 0.073, 214.276, 0.459, 189.952, 0.022, 180.497, 0.057, 219.485, 0.021, 180.535, 0.096, 202.72, 0.022, 196.263, 0.096, 151.392, 0.016, 210.851, 0.1, 216.966, 0.022, 221.904, 0.074,
006-psm09ABBAa1, 10.469500, 0.000539603305785, 176.079, 0.05, 171.696, 0.023, 192.261, 0.024, 221.281, 0.044, 199.757, 0.068, 165.098, 0.025, 211.333, 0.022, 229.297, 0.063, 174.728, 0.094, 207.449, 0.03, 202.42, 0.035, 243.122, 0.093,
006-psm09ABBAb1, 7.886530, 0.0581812396694, -150.411, 0.006, -129.346, 0.406, 225.952, 0.07, 223.03, 0.018, 202.8, 0.024, 215.006, 0.071, 249.843, 0.073, 177.714, 0.034, 208.475, 0.027, 214.261, 0.075, 228.15, 0.057, 202.133, 0.026,
006-psm10ABABa1, 7.912480, 0.0458860826446, 218.346, 0.076, 163.931, 0.196, 196.496, 0.075, 157.105, 0.016, 214.971, 0.108, 188.942, 0.017, 145.787, 0.066, -199.541, 0.087, 207.004, 0.072, 189.126, 0.09, 193.734, 0.045, 158.477, 0.017,
006-psm10ABABb1, 9.907720, 0.000347173553719, -192.768, 0.084, 182.123, 0.069, 177.418, 0.02, 142.166, 0.02, -181.625, 0.081, 210.562, 0.126, 190.477, 0.031, 190.636, 0.078, -187.155, 0.08, 198.216, 0.127, -190.919, 0.088, 139.984, 0.02,
006-psm10ABBAa1, 13.301200, 0.0100478181818, 195.001, 0.005, 100.697, 0.015, -206.727, 0.076, 129.735, 0.038, 181.705, 0.022, 135.465, 0.098, 196.624, 0.093, 95.5414, 0.022, 156.794, 0.026, 195.054, 0.058, 164.138, 0.068, -247.556, 0.09,
006-psm10ABBAb1, 7.681420, 0.0402466942149, 149.045, 0.313, 188.859, 0.242, 204.721, 0.108, -213.737, 0.074, 216.239, 0.017, 216.218, 0.054, 140.568, 0.066, 153.369, 0.018, 207.887, 0.017, 185.967, 0.053, 154.379, 0.069, 189.691, 0.017,
006-psm11ABABa1, 9.672120, 0.000483834710744, 190.922, 0.054, 228.766, 0.021, 212.048, 0.06, 253.469, 0.019, 246.64, 0.065, 180.195, 0.091, 211.188, 0.061, 233.866, 0.025, 205.756, 0.053, 237.859, 0.026, 244.52, 0.062, 224.507, 0.021,
006-psm11ABABb1, 9.509890, 0.000602446280992, 158.624, 0.032, 229.003, 0.11, 237.835, 0.025, 185.215, 0.068, 199.639, 0.023, 204.036, 0.106, 194.868, 0.034, 213.998, 0.068, -185.173, 0.085, 205.689, 0.065, 151.903, 0.02, 220.914, 0.082,
006-psm11ABBAa1, 8.796650, 0.000776776859504, 178.705, 0.059, 174.793, 0.034, 210.122, 0.013, 250.207, 0.072, 258.445, 0.074, 222.701, 0.024, 206.085, 0.024, 205.946, 0.061, 255.849, 0.074, 239.56, 0.021, 257.695, 0.024, 224.478, 0.068,
006-psm11ABBAb1, 8.766130, 0.0032747768595, 188.543, 0.021, 204.772, 0.073, -223.631, 0.12, 118.23, 0.005, 145.674, 0.059, 204.266, 0.071, 217.875, 0.058, 216.316, 0.017, -189.791, 0.073, 223.062, 0.08, 256.077, 0.065, 208.248, 0.041,
006-psm12ABABa1, 9.815080, 0.00214115702479, 209.591, 0.404, 181.007, 0.015, 158.061, 0.013, 189.049, 0.02, 202.087, 0.08, 243.784, 0.02, 171.689, 0.046, 222.142, 0.025, 237.903, 0.132, 237.893, 0.024, 193.325, 0.104, 226.017, 0.024,
006-psm12ABABb1, 10.811800, 0.000376380165289, 167.231, 0.029, 199.472, 0.096, 153.618, 0.022, 176.74, 0.063, 197.482, 0.024, 177.51, 0.033, 170.176, 0.024, 176.188, 0.034, 207.596, 0.017, 205.531, 0.081, 232.827, 0.02, 225.219, 0.152,
006-psm12ABBAa1, 10.335800, 0.000280975206612, 224.785, 0.017, 184.424, 0.015, 181.451, 0.019, 163.831, 0.026, 155.119, 0.023, 216.303, 0.017, 207.486, 0.021, 215.366, 0.073, 154.468, 0.017, 247.506, 0.023, 228.33, 0.028, 195.861, 0.021,
006-psm12ABBAb1, 10.287500, 0.000718545454545, 228.113, 0.036, 209.545, 0.059, 186.82, 0.053, 245.453, 0.03, 262.535, 0.029, 219.303, 0.125, 224.616, 0.061, 247.319, 0.03, 278.592, 0.037, 210.976, 0.046, 262.305, 0.119, 264.534, 0.043,
006-psn01ABABa1, 8.023920, 0.0432066115702, 166.368, 0.088, 231.672, 0.179, -211.467, 0.031, 143.496, 0.009, 224.214, 0.054, 142.252, 0.007, 180.996, 0.088, 187.035, 0.009, 206.903, 0.063, 158.992, 0.041, 185.159, 0.014, 158.028, 0.005,
006-psn01ABABb1, 6.559560, 0.0609128760331, -153.168, 0.005, 215.305, 0.277, -153.519, 0.074, 152.891, 0.005, 183.189, 0.005, 210.194, 0.054, 218.224, 0.074, 179.137, 0.005, 198.809, 0.005, 163.021, 0.035, 164.8, 0.005, 163.367, 0.015,
006-psn01ABBAa1, 8.309270, 0.0289420165289, 216.528, 0.052, 131.592, 0.007, 187.143, 0.015, 169.072, 0.057, 231.961, 0.048, 154.999, 0.033, 219.502, 0.021, 113.081, 0.011, 226.427, 0.006, 146.328, 0.01, -171.908, 0.077, 135.122, 0.005,
006-psn01ABBAb1, 6.379840, 0.089937107438, 102.576, 0.091, 154.206, 0.244, 203.363, 0.074, -187.593, 0.047, 173.985, 0.005, 147.38, 0.035, 165.923, 0.005, -223.753, 0.005, 173.693, 0.023, 122.897, 0.005, 151.411, 0.013, 199.597, 0.032,
006-psn02ABABa1, 9.194910, 0.000245867768595, 215.965, 0.008, -180.534, 0.062, 177.899, 0.032, -194.059, 0.069, 188.77, 0.083, -181.036, 0.073, 198.448, 0.075, 204.574, 0.016, 212.344, 0.054, 179.144, 0.011, 167.402, 0.058, 182.681, 0.008,
006-psn02ABABb1, 9.431630, 0.00133097520661, 172.956, 0.015, 190.14, 0.08, -173.377, 0.073, 176.537, 0.077, -197.452, 0.076, 203.299, 0.053, 187.479, 0.019, 202.169, 0.063, 145.318, 0.065, 216.376, 0.044, -201.008, 0.079, 178.031, 0.056,
006-psn02ABBAa1, 8.495010, 0.00252165289256, 142.269, 0.085, 166.353, 0.019, 170.924, 0.02, 209.089, 0.044, 221.498, 0.042, 136.355, 0.062, 197.405, 0.022, 208.088, 0.081, 223.371, 0.045, 153.894, 0.039, -204.108, 0.092, 203.923, 0.044,
006-psn02ABBAb1, 7.149680, 0.0380636859504, 111.107, 0.038, 174.366, 0.221, -183.9, 0.005, 209.516, 0.073, 186.121, 0.032, 202.074, 0.025, 156.723, 0.072, 201.053, 0.068, 188.557, 0.019, 218.915, 0.062, 169.321, 0.061, -190.293, 0.083,
006-psn03ABABa1, 8.789030, 0.000966628099174, 212.187, 0.129, 207.252, 0.017, 267.898, 0.085, 176.976, 0.085, 186.814, 0.096, -184.575, 0.079, 217.135, 0.099, 193.619, 0.035, 173.756, 0.012, 119.126, 0.08, 224.996, 0.007, -182.603, 0.076,
006-psn03ABABb1, 8.414660, 0.000939702479339, 236.704, 0.033, -220.544, 0.111, 171.629, 0.076, 197.572, 0.097, 171.492, 0.08, 205.658, 0.088, 180.641, 0.057, 143.458, 0.005, 200.129, 0.073, 208.309, 0.064, -174.134, 0.072, 163.78, 0.08,
006-psn03ABBAa1, 8.626360, 0.000378198347107, 176.037, 0.041, 165.5, 0.022, 210.657, 0.008, 201.885, 0.124, -237.957, 0.131, 183.296, 0.013, 169.627, 0.014, 155.782, 0.085, 269.226, 0.066, 172.261, 0.02, 180.925, 0.014, 223.625, 0.111,
006-psn03ABBAb1, 8.565320, 0.000815884297521, -168.559, 0.076, 202.816, 0.062, 205.935, 0.069, 226.562, 0.087, -207.228, 0.091, 213.278, 0.07, 147.222, 0.013, -203.636, 0.076, -222.109, 0.083, 137.136, 0.005, 175.706, 0.005, -225.57, 0.075,
006-psn04ABABa1, 9.134970, 0.000692016528926, 156.794, 0.005, 184.304, 0.024, 189.398, 0.052, 195.694, 0.019, 169.443, 0.049, -186.308, 0.005, 180.349, 0.047, -154.434, 0.08, 175.279, 0.059, -180.329, 0.083, 118.416, 0.068, 169.189, 0.024,
006-psn04ABABb1, 9.088740, 0.000546694214876, -176.043, 0.074, 136.549, 0.005, 198.137, 0.036, 186.681, 0.059, -150.745, 0.078, 138.208, 0.005, 164.542, 0.043, 141.459, 0.014, 193.396, 0.02, 197.967, 0.059, 189.197, 0.037, 129.367, 0.007,
006-psn04ABBAa1, 8.984730, 0.0019420661157, -238.483, 0.005, 186.958, 0.015, 150.028, 0.022, 176.621, 0.061, 198.137, 0.075, 205.928, 0.072, -180.15, 0.077, -272.523, 0.127, 201.527, 0.077, -194.462, 0.084, 157.062, 0.09, 189.352, 0.067,
006-psn04ABBAb1, 7.264160, 0.0332648099174, 189.081, 0.063, 189.168, 0.259, 197.489, 0.066, 122.495, 0.064, -199.633, 0.069, 177.974, 0.019, 208.367, 0.11, 142.383, 0.089, -202.928, 0.088, 168.202, 0.018, 145.044, 0.122, 161.316, 0.02,
006-psn05ABABa1, 9.696460, 0.00356753719008, -235.97, 0.005, 172.044, 0.023, 157.95, 0.005, 113.82, 0.006, 214.9, 0.047, 205.334, 0.018, 210.412, 0.049, 189.819, 0.032, 167.155, 0.005, 184.708, 0.022, 227.731, 0.034, 162.509, 0.064,
006-psn05ABABb1, 9.906530, 0.00299971900826, 170.222, 0.017, 212.455, 0.06, -198.156, 0.073, 219.843, 0.033, -198.466, 0.064, 171.181, 0.005, -213.153, 0.079, 215.711, 0.056, 152.009, 0.039, 166.377, 0.005, 138.678, 0.047, 230.683, 0.065,
006-psn05ABBAa1, 9.384200, 0.0010018677686, 201.36, 0.005, 184.627, 0.029, 177.93, 0.168, 157.173, 0.005, 256.048, 0.03, 148.796, 0.055, 142.159, 0.029, 243.131, 0.081, 172.711, 0.078, 196.137, 0.078, 156.182, 0.018, 178.28, 0.092,
006-psn05ABBAb1, 7.649750, 0.0605927933884, 142.702, 0.252, 239.26, 0.229, 207.078, 0.054, 187.021, 0.041, 228.31, 0.034, 169.524, 0.058, 235.071, 0.066, 161.53, 0.048, 207.897, 0.069, 153.912, 0.079, 140.607, 0.01, -202.325, 0.084,
006-psn06ABABa1, 8.502850, 0.000383520661157, 181.181, 0.065, 159.801, 0.019, 215.851, 0.059, -193.948, 0.071, 234.014, 0.058, 200.953, 0.032, 250.431, 0.059, -171.039, 0.072, 230.282, 0.043, -192.274, 0.084, 202.342, 0.047, -173.311, 0.052,
006-psn06ABABb1, 8.273900, 0.000954446280992, -135.086, 0.07, 201.463, 0.062, -136.826, 0.083, 196.98, 0.061, 182.705, 0.031, 149.677, 0.005, -165.594, 0.082, 235.907, 0.053, 174.53, 0.027, 259.381, 0.054, -164.998, 0.086, 233.154, 0.059,
006-psn06ABBAa1, 8.202710, 0.000708016528926, 237.099, 0.059, -182.139, 0.005, 190.157, 0.019, 224.068, 0.053, 240.74, 0.066, 138.527, 0.091, 175.907, 0.081, 238.307, 0.066, 195.84, 0.054, 154.82, 0.028, 187.894, 0.029, 212.461, 0.057,
006-psn06ABBAb1, 7.421560, 0.0126431404959, 256.711, 0.019, 254.497, 0.067, 158.48, 0.069, 196.932, 0.03, 194.569, 0.024, 163.774, 0.206, 246.444, 0.061, 215.534, 0.035, 207.264, 0.024, 276.56, 0.037, 243.058, 0.018, 194.656, 0.018,
006-psn07ABABa1, 8.511960, 0.00051026446281, 193.762, 0.058, 142.618, 0.021, 172.334, 0.062, -153.637, 0.081, 155.219, 0.005, 143.006, 0.005, 194.113, 0.06, -135.036, 0.074, 219.854, 0.068, 130.279, 0.101, 154.482, 0.005, 144.042, 0.027,
006-psn07ABABb1, 8.420530, 0.000566909090909, 182.571, 0.032, 175.933, 0.06, -145.376, 0.079, 186.06, 0.067, 156.526, 0.034, 170.123, 0.082, 159.934, 0.032, 128.781, 0.005, 170.381, 0.034, 121.701, 0.005, -143.825, 0.074, 163.411, 0.081,
006-psn07ABBAa1, 8.477550, 0.00151914049587, 161.356, 0.064, 123.567, 0.005, 164.223, 0.029, 179.73, 0.095, 162.528, 0.095, 140.998, 0.047, -179.934, 0.074, 212.255, 0.077, 134.22, 0.071, 139.172, 0.029, -194.408, 0.079, 180.697, 0.06,
006-psn07ABBAb1, 8.473280, 9.91074380165e-05, 167.468, 0.026, 157.387, 0.06, 125.782, 0.005, -126.363, 0.076, -138.306, 0.085, 111.963, 0.079, 200.651, 0.078, 148.008, 0.033, 149.834, 0.036, 131.814, 0.071, 161.455, 0.067, -147.248, 0.085,
006-psn08ABABa1, 9.973080, 0.000688, 138.455, 0.043, 192.812, 0.025, 152.483, 0.005, 219.654, 0.023, 255.353, 0.06, 153.739, 0.03, 185.099, 0.005, -210.694, 0.084, 276.316, 0.075, 212.475, 0.025, 232.787, 0.072, -205.467, 0.077,
006-psn08ABABb1, 9.690180, 0.000678611570248, 209.278, 0.016, 212.577, 0.081, 182.875, 0.017, 184.891, 0.098, 182.868, 0.024, 241.424, 0.099, 210.275, 0.02, 172.489, 0.005, 222.93, 0.015, 184.109, 0.005, 222.475, 0.033, 228.881, 0.09,
006-psn08ABBAa1, 10.031800, 0.00117833057851, 186.93, 0.071, 183.065, 0.051, -168.713, 0.076, 183.577, 0.013, 230.52, 0.085, 188.916, 0.022, -193.049, 0.085, 148.313, 0.089, 191.812, 0.073, 218.842, 0.015, 223.965, 0.031, -162.345, 0.088,
006-psn08ABBAb1, 9.811160, 0.000252694214876, 237.091, 0.019, -194.539, 0.099, 223.34, 0.052, 205.07, 0.023, -193.396, 0.075, 230.766, 0.104, 223.804, 0.082, 240.592, 0.015, 223.641, 0.015, 216.661, 0.03, -214.004, 0.092, 243.991, 0.015,
006-psn09ABABa1, 9.787270, 0.000584512396694, 163.121, 0.082, 188.153, 0.035, 213.957, 0.083, -171.69, 0.091, 205.39, 0.062, 218.71, 0.089, 204.279, 0.054, 182.755, 0.022, 207.822, 0.102, 197.216, 0.029, 225.378, 0.081, 231.205, 0.02,
006-psn09ABABb1, 9.328270, 0.000550380165289, 167.952, 0.151, 201.563, 0.068, 240.278, 0.023, 187.464, 0.07, 212.201, 0.021, 244.2, 0.072, 195.842, 0.044, 214.395, 0.052, 233.197, 0.028, 230.176, 0.058, 209.382, 0.187, 213.218, 0.072,
006-psn09ABBAa1, 8.413870, 0.00209899173554, 185.205, 0.048, 192.379, 0.023, 240.321, 0.017, 243.699, 0.063, 263.374, 0.059, 138.818, 0.099, 210.833, 0.027, 229.436, 0.079, 258.782, 0.058, 205.183, 0.128, 206.842, 0.026, 240.602, 0.045,
006-psn09ABBAb1, 6.887910, 0.0363529586777, 246.71, 0.13, 265.316, 0.021, 193.954, 0.078, 139.383, 0.055, -224.062, 0.09, 182.1, 0.042, 233.133, 0.183, 191.34, 0.049, 217.837, 0.027, 247.976, 0.214, 161.623, 0.041, 194.645, 0.028,
006-psn10ABABa1, 10.353600, 0.00075841322314, -148.486, 0.103, 200.506, 0.022, 233.417, 0.109, 217.47, 0.02, -219.353, 0.118, 181.718, 0.024, 196.208, 0.072, 170.877, 0.017, 213.049, 0.123, 259.699, 0.023, 212.856, 0.099, 261.918, 0.021,
006-psn10ABABb1, 9.785650, 0.000527289256198, 205.743, 0.073, 162.15, 0.025, 218.115, 0.02, 176.603, 0.021, 193.124, 0.022, 202.705, 0.026, 236.286, 0.031, 234.737, 0.103, 254.741, 0.022, 203.339, 0.056, 256.679, 0.031, 207.457, 0.063,
006-psn10ABBAa1, 9.624510, 0.000763090909091, -226.442, 0.095, -177.203, 0.074, 209.462, 0.014, 208.273, 0.03, 227.158, 0.057, 242.475, 0.023, 253.07, 0.028, 223.374, 0.128, 257.267, 0.022, 220.202, 0.025, 265.166, 0.019, 229.178, 0.063,
006-psn10ABBAb1, 9.983530, 0.000647603305785, 236.608, 0.023, 198.21, 0.105, 187.291, 0.077, 170.696, 0.023, 222.589, 0.024, 207.287, 0.063, 210.235, 0.109, 252.095, 0.022, 231.791, 0.02, 191.093, 0.054, 213.741, 0.079, 190.112, 0.03,
006-psn11ABABa1, 9.494180, 0.00095905785124, 191.815, 0.059, 264.627, 0.022, 254.296, 0.066, 229.619, 0.021, 250.205, 0.058, 240.413, 0.018, 203.212, 0.066, 203.413, 0.023, 152.169, 0.091, 216.088, 0.033, 240.032, 0.061, 176.586, 0.016,
006-psn11ABABb1, 9.623760, 0.000593867768595, 156.376, 0.032, 209.087, 0.126, 200.115, 0.02, 235.208, 0.077, 241.951, 0.026, 223.982, 0.08, -203.384, 0.073, 212.944, 0.053, 220.546, 0.025, 194.671, 0.071, -193.101, 0.07, 201.262, 0.092,
006-psn11ABBAa1, 9.080180, 0.00172710743802, 176.168, 0.437, 233.049, 0.018, 167.471, 0.005, 243.532, 0.041, 246.426, 0.041, 214.501, 0.012, 223.955, 0.021, 220.411, 0.053, 236.371, 0.025, 217.295, 0.017, 223.196, 0.013, 232.739, 0.056,
006-psn11ABBAb1, 8.824250, 0.00143642975207, -136.681, 0.161, 241.495, 0.06, 254.602, 0.066, 249.716, 0.024, 203.32, 0.024, 159.848, 0.06, 221.308, 0.071, 176.737, 0.025, 208.928, 0.026, 235.273, 0.058, 228.087, 0.042, 230.044, 0.02,
006-psn12ABABa1, 10.082700, 0.000285834710744, 193.073, 0.118, 179.765, 0.02, 170.914, 0.09, 193.62, 0.018, 177.502, 0.095, 178.468, 0.027, 194.087, 0.055, 193.234, 0.018, 177.413, 0.067, 160.697, 0.035, 160.127, 0.097, 168.575, 0.017,
006-psn12ABABb1, 9.688510, 0.000252595041322, 182.622, 0.021, -138.289, 0.093, 155.749, 0.023, 161.008, 0.025, 235.07, 0.025, 171.025, 0.061, 206.806, 0.022, 151.737, 0.034, 183.342, 0.025, 132.501, 0.096, 158.86, 0.041, 137.092, 0.064,
006-psn12ABBAa1, 9.326730, 0.000574363636364, 208.486, 0.035, 191.435, 0.024, 158.336, 0.026, 204.368, 0.069, 193.698, 0.051, 186.798, 0.021, 222.288, 0.027, 184.341, 0.095, 181.154, 0.06, 182.865, 0.021, 204.482, 0.027, 165.023, 0.099,
006-psn12ABBAb1, 9.073960, 0.000628066115702, 221.869, 0.02, 225.722, 0.042, 225.401, 0.045, 161.216, 0.05, 219.84, 0.025, 228.659, 0.056, 240.3, 0.037, 232.255, 0.02, 227.527, 0.021, 198.04, 0.05, 231.033, 0.051, 219.451, 0.023,
