041-pdm01ABABa1, 10.039700, 0.0115892892562, -138.611, 0.08, 246.9, 0.045, -189.4, 0.079, 243.029, 0.053, -170.136, 0.081, 279.51, 0.083, 187.907, 0.022, 197.159, 0.071, 170.21, 0.005, -150.895, 0.103, -194.728, 0.082, 246.233, 0.062,
041-pdm01ABABb1, 8.975070, 0.000820446280992, 268.283, 0.064, -135.252, 0.085, 244.619, 0.054, 181.718, 0.016, 251.735, 0.055, 185.491, 0.011, 238.437, 0.052, -131.83, 0.073, 242.847, 0.058, 214.572, 0.016, 271.238, 0.05, -177.823, 0.082,
041-pdm01ABBAa1, 8.747920, 0.00127571900826, -114.535, 0.072, 256.833, 0.071, 261.498, 0.075, -178.354, 0.081, -117.247, 0.081, 200.73, 0.066, 242.442, 0.067, 215.136, 0.017, 223.957, 0.017, 269.936, 0.061, 252.979, 0.065, 175.927, 0.013,
041-pdm01ABBAb1, 8.499270, 0.000459107438017, 245.343, 0.06, -128.14, 0.081, -124.67, 0.079, 251.33, 0.084, 230.947, 0.068, -201.986, 0.087, 215.34, 0.016, 268.015, 0.064, 259.153, 0.06, 199.5, 0.017, 216.729, 0.014, 249.977, 0.057,
041-pdm02ABABa1, 10.521600, 0.000626727272727, -141.532, 0.078, 246.58, 0.041, -171.146, 0.067, 275.865, 0.075, -157.602, 0.005, 300.444, 0.046, -162.017, 0.065, 283.295, 0.067, 183.752, 0.005, 253.291, 0.024, -225.563, 0.005, 220.643, 0.011,
041-pdm02ABABb1, 10.516000, 0.000289338842975, 265.544, 0.054, 152.395, 0.005, 308.991, 0.081, -131.077, 0.081, 306.277, 0.077, 157.163, 0.005, 288.75, 0.056, 164.176, 0.005, 275.796, 0.061, -137.776, 0.005, 289.71, 0.063, -149.919, 0.061,
041-pdm02ABBAa1, 9.822120, 0.00213365289256, 209.994, 0.039, 277.983, 0.086, 203.262, 0.018, -179.984, 0.073, 199.745, 0.018, 261.09, 0.032, 239.806, 0.066, -129.928, 0.079, -146.933, 0.068, 221.088, 0.035, 196.567, 0.005, -127.024, 0.075,
041-pdm02ABBAb1, 9.938510, 0.000761173553719, 233.752, 0.056, 239.258, 0.012, 242.733, 0.011, 267.828, 0.052, 253.244, 0.058, -129.212, 0.076, 244.61, 0.014, 296.417, 0.059, 224.776, 0.05, 210.78, 0.012, 228.41, 0.024, 180.785, 0.044,
041-pdm03ABABa1, 9.822790, 0.00233608264463, -180.045, 0.077, 229.161, 0.028, 140.149, 0.005, 283.805, 0.024, 159.505, 0.018, 216.198, 0.02, 183.033, 0.011, 247.428, 0.03, 247.232, 0.016, 225.544, 0.018, 257.964, 0.015, 200.784, 0.045,
041-pdm03ABABb1, 9.485770, 0.000712561983471, 225.747, 0.037, 213.894, 0.01, 237.315, 0.037, 245.284, 0.01, 226.974, 0.054, 209.741, 0.009, 257.919, 0.05, 212.238, 0.011, 265.898, 0.041, 246.918, 0.018, 279.975, 0.069, 219.36, 0.014,
041-pdm03ABBAa1, 9.022000, 0.00385495867769, 189.213, 0.005, 200.166, 0.033, 219.811, 0.052, 120.4, 0.006, 158.151, 0.015, -137.027, 0.063, 202.663, 0.037, 115.235, 0.021, 169.756, 0.015, 174.938, 0.005, 231.575, 0.033, 232.49, 0.01,
041-pdm03ABBAb1, 8.996450, 0.000239966942149, 221.048, 0.053, -144.754, 0.082, 121.363, 0.01, 213.183, 0.038, 204.907, 0.036, 134.236, 0.021, 145.59, 0.015, 225.63, 0.033, 195.406, 0.029, -105.168, 0.079, -138.953, 0.08, 219.421, 0.042,
041-pdm04ABABa1, 8.559050, 0.00135365289256, 285.895, 0.012, 184.793, 0.03, -160.824, 0.079, 204.329, 0.033, -161.045, 0.008, 161.17, 0.036, 189.987, 0.011, 220.87, 0.036, 194.894, 0.005, 221.561, 0.055, 160.748, 0.012, 130.734, 0.005,
041-pdm04ABABb1, 9.302480, 0.00118418181818, 219.046, 0.04, -123.997, 0.084, 150.145, 0.005, 212.873, 0.013, 205.919, 0.051, 181.082, 0.012, 179.483, 0.039, 242.578, 0.015, 169.807, 0.034, 189.182, 0.007, 195.363, 0.026, -191.536, 0.005,
041-pdm04ABBAa1, 9.348710, 0.000566148760331, 229.141, 0.044, 246.483, 0.054, 176.585, 0.046, -143.183, 0.074, 157.544, 0.014, 194.517, 0.042, 183.857, 0.038, -113.104, 0.085, 167.838, 0.016, 215.154, 0.037, 168.227, 0.048, 195.905, 0.015,
041-pdm04ABBAb1, 9.318530, 0.000322694214876, 229.627, 0.062, 174.149, 0.007, -166.441, 0.005, 197.237, 0.055, 196.108, 0.055, 201.773, 0.016, 192.508, 0.017, 246.44, 0.054, 211.998, 0.038, 209.606, 0.018, 231.451, 0.02, 246.076, 0.07,
041-pdm05ABABa1, 9.649190, 0.0137295371901, 233.963, 0.011, 205.038, 0.024, 111.469, 0.007, 173.737, 0.005, -134.364, 0.075, 180.727, 0.06, 178.012, 0.015, 174.122, 0.02, 190.156, 0.017, 253.419, 0.064, 191.532, 0.012, 262.065, 0.066,
041-pdm05ABABb1, 8.804010, 0.000910148760331, 210.422, 0.03, -158.719, 0.077, 239.015, 0.023, 176.495, 0.014, 273.024, 0.059, 211.183, 0.014, 309.592, 0.081, 181.119, 0.014, 303.698, 0.052, 216.328, 0.019, 189.084, 0.03, 166.623, 0.012,
041-pdm05ABBAa1, 8.211500, 0.00227988429752, -100.878, 0.092, 201.382, 0.029, -158.239, 0.078, -162.295, 0.082, 204.579, 0.013, 233.1, 0.051, 232.535, 0.027, 186.469, 0.016, 192.001, 0.017, 236.316, 0.058, 251.794, 0.052, 208.121, 0.016,
041-pdm05ABBAb1, 3.110760, 0.0449080495868, 163.55, 0.054, 159.727, 0.28, 180.354, 0.184, 165.848, 0.418, 155.361, 0.331, 146.477, 0.046, 75.4834, 0.005, 137.587, 0.123, 140.3, 0.012, 99.6105, 0.287, 129.444, 0.024, 146.656, 0.005,
041-pdm06ABABa1, 8.267760, 0.00049947107438, -151.995, 0.078, 234.805, 0.039, 174.218, 0.005, 204.731, 0.056, 238.658, 0.013, 220.205, 0.041, 216.83, 0.037, 219.875, 0.051, 220.519, 0.014, 226.087, 0.048, 211.812, 0.023, 234.222, 0.044,
041-pdm06ABABb1, 9.347620, 0.000344512396694, 228.221, 0.037, 222.521, 0.02, 229.112, 0.043, 240.106, 0.021, 215.142, 0.039, 211.229, 0.024, 237.655, 0.039, 244.624, 0.024, 225.058, 0.034, 233.544, 0.018, 237.425, 0.056, 256.192, 0.017,
041-pdm06ABBAa1, 9.168430, 0.000352198347107, -113.3, 0.088, 232.645, 0.033, 212.79, 0.044, 230.624, 0.016, 202.794, 0.015, 271.727, 0.04, 232.819, 0.042, 270.546, 0.029, 268.585, 0.022, 207.883, 0.041, 254.337, 0.042, 207.851, 0.022,
041-pdm06ABBAb1, 8.884240, 0.000935107438017, 209.663, 0.035, 222.228, 0.021, 241.333, 0.042, 249.713, 0.023, 228.513, 0.037, 232.94, 0.028, 222.645, 0.031, 240.256, 0.025, 228.949, 0.039, 239.274, 0.016, 194.516, 0.037, 239.031, 0.013,
041-pdm07ABABa1, 8.905770, 0.00085026446281, 181.789, 0.012, 232.782, 0.085, 249.734, 0.019, 312.487, 0.076, 213.508, 0.019, 264.139, 0.066, 252.014, 0.017, 264.005, 0.059, 290.29, 0.015, 259.607, 0.058, 218.326, 0.019, 293.211, 0.058,
041-pdm07ABABb1, 9.182380, 0.000702512396694, 252.957, 0.073, 239.529, 0.019, 202.835, 0.088, 274.864, 0.021, 221.41, 0.077, 246.787, 0.012, 280.647, 0.065, 270.688, 0.031, 275.273, 0.073, 293.187, 0.019, 297.742, 0.076, 234.939, 0.022,
041-pdm07ABBAa1, 8.707640, 0.00134469421488, -157.232, 0.075, 286.66, 0.074, 232.456, 0.068, 178.678, 0.017, 228.664, 0.015, 184.171, 0.016, 286.315, 0.074, 192.975, 0.014, 221.518, 0.016, 274.882, 0.075, 246.536, 0.069, 211.306, 0.015,
041-pdm07ABBAb1, 12.366800, 0.00155026446281, 144.862, 0.071, 137.123, 0.089, 118.498, 0.007, 137.65, 0.053, 103.046, 0.021, 132.308, 0.064, 104.864, 0.034, 117.096, 0.005, 133.337, 0.005, 122.899, 0.078, 142.74, 0.005, 129.702, 0.028,
041-pdm08ABABa1, 8.266910, 0.000352694214876, -162.918, 0.075, 264.041, 0.085, 156.575, 0.011, 243.848, 0.039, 198.527, 0.019, 280.695, 0.069, 166.797, 0.017, 253.882, 0.065, -146.595, 0.073, 236.928, 0.074, -153.264, 0.08, 280.984, 0.076,
041-pdm08ABABb1, 8.452370, 0.000130595041322, 257.265, 0.067, -126.732, 0.013, 232.82, 0.058, -120.943, 0.015, 250.034, 0.064, -134.741, 0.077, 224.826, 0.049, -126.915, 0.014, 277.616, 0.07, -153.801, 0.071, 245.642, 0.07, 212.394, 0.017,
041-pdm08ABBAa1, 8.771810, 0.000316198347107, -132.599, 0.072, 245.138, 0.057, 277.294, 0.076, -133.991, 0.083, -131.949, 0.071, 280.023, 0.096, 249.036, 0.056, -134.962, 0.076, -164.191, 0.076, 228.736, 0.079, 253.643, 0.071, -150.426, 0.071,
041-pdm08ABBAb1, 8.669480, 0.000302809917355, 266.962, 0.059, -133.022, 0.081, -130.268, 0.01, 218.526, 0.049, 219.052, 0.047, -148.747, 0.08, -140.887, 0.083, 245.807, 0.07, 245.293, 0.074, -142.703, 0.079, -149.429, 0.078, 270.896, 0.077,
041-pdm09ABABa1, 9.358710, 9.92727272727e-05, -158.409, 0.079, 234.877, 0.043, 227.919, 0.023, 237.096, 0.054, -161.917, 0.014, 218.522, 0.037, 208.678, 0.017, 238.447, 0.044, 205.812, 0.018, 233.651, 0.048, 224.688, 0.019, 254.71, 0.06,
041-pdm09ABABb1, 9.674050, 0.000560925619835, 248.009, 0.056, 252.915, 0.019, 256.296, 0.05, 250.179, 0.019, 229.72, 0.05, 258.915, 0.019, 233.836, 0.08, 204.614, 0.026, 217.446, 0.06, 206.011, 0.023, 241.677, 0.06, 259.919, 0.027,
041-pdm09ABBAa1, 9.885010, 0.000545702479339, 225.786, 0.018, 228.819, 0.052, 257.774, 0.063, 222.317, 0.023, 244.417, 0.018, 237.365, 0.038, 232.53, 0.044, 243.198, 0.021, 258.271, 0.021, 211.408, 0.053, 258.208, 0.049, 257.995, 0.02,
041-pdm09ABBAb1, 9.505480, 0.000499685950413, 279.116, 0.066, -158.474, 0.014, -149.058, 0.012, 232.003, 0.069, 198.986, 0.005, 238.164, 0.016, 209.477, 0.019, 244.297, 0.052, 264.949, 0.076, 217.963, 0.016, 211.434, 0.021, 247.977, 0.066,
041-pdm10ABABa1, 8.362420, 0.000595289256198, -90.8004, 0.098, 249.883, 0.077, -121.564, 0.079, 246.638, 0.067, -103.181, 0.068, 251.506, 0.071, 180.335, 0.018, 261.836, 0.073, 225.043, 0.025, 272.886, 0.067, -124.402, 0.082, 259.337, 0.079,
041-pdm10ABABb1, 9.048820, 0.000433421487603, 270.409, 0.079, -195.659, 0.091, 301.082, 0.052, -131.217, 0.095, 240.269, 0.058, 243.652, 0.021, 253.443, 0.063, 247.236, 0.028, 280.605, 0.04, 273.379, 0.02, 302.826, 0.067, 226.417, 0.022,
041-pdm10ABBAa1, 8.316390, 0.000419239669421, -153.619, 0.091, 242.665, 0.052, 242.27, 0.07, -114.441, 0.079, -118.124, 0.08, 247.213, 0.047, 223.273, 0.065, -117.278, 0.014, -137.436, 0.012, 262.13, 0.073, 250.841, 0.085, -116.457, 0.092,
041-pdm10ABBAb1, 8.430450, 0.00411927272727, 244.547, 0.063, -134.582, 0.081, -155.207, 0.086, 245.357, 0.064, 195.528, 0.052, -137.35, 0.065, -107.513, 0.074, 245.435, 0.069, 240.763, 0.059, -125.669, 0.086, -147.241, 0.168, 250.407, 0.083,
041-pdm11ABABa1, 9.102300, 0.000446330578512, -147.204, 0.083, 251.618, 0.059, 230.957, 0.02, 299.199, 0.044, 274.462, 0.021, 271.758, 0.062, 232.309, 0.025, 216.833, 0.066, 220.23, 0.018, 261.945, 0.056, 205.588, 0.025, 299.084, 0.083,
041-pdm11ABABb1, 8.557360, 0.00144669421488, 248.15, 0.07, 222.381, 0.015, 327.287, 0.07, 224.965, 0.019, 247.592, 0.05, 236.067, 0.027, 272.517, 0.063, 198.664, 0.005, 259.12, 0.052, 277.979, 0.027, 271.25, 0.043, 239.281, 0.026,
041-pdm11ABBAa1, 9.244120, 0.00144723966942, -151.448, 0.081, 284.092, 0.05, 267.01, 0.04, -181.394, 0.097, -202.224, 0.081, 291.158, 0.056, 315.264, 0.06, -179.221, 0.081, 324.091, 0.04, 321.304, 0.067, 270.573, 0.056, 198.328, 0.115,
041-pdm11ABBAb1, 8.696690, 0.000442512396694, 265.157, 0.065, 221.914, 0.02, 266.048, 0.022, 258.989, 0.045, 259.141, 0.041, 220.815, 0.028, 204.23, 0.031, 246.355, 0.045, 229.269, 0.031, 224.048, 0.028, 251.541, 0.039, 248.743, 0.052,
041-pdm12ABABa1, 8.807730, 0.000378066115702, -117.174, 0.017, 219.223, 0.08, -120.649, 0.074, 260.579, 0.074, -153.498, 0.098, 242.235, 0.069, -141.954, 0.09, 239.612, 0.085, -150.512, 0.089, 264.779, 0.085, -110.875, 0.019, 264.374, 0.098,
041-pdm12ABABb1, 8.174830, 0.000194231404959, 221.883, 0.059, -132.644, 0.018, 269.283, 0.08, -126.967, 0.085, 222.209, 0.075, -133.955, 0.091, 235.067, 0.072, -116.258, 0.064, 263.69, 0.053, -120.556, 0.081, 253.174, 0.067, -127.808, 0.067,
041-pdm12ABBAa1, 8.390790, 0.00184590082645, -152.729, 0.018, 283.631, 0.082, 240.165, 0.059, -142.494, 0.09, 162.912, 0.102, -126.124, 0.08, 223.56, 0.028, 246.603, 0.038, 267.504, 0.019, 255.579, 0.053, 260.886, 0.082, -178.173, 0.097,
041-pdm12ABBAb1, 8.254890, 0.000348181818182, 244.179, 0.065, -181.176, 0.061, 203.84, 0.02, 235.079, 0.073, 258.106, 0.063, -124.657, 0.072, -135.964, 0.018, 253.084, 0.078, 241.999, 0.076, -136.585, 0.072, -146.865, 0.091, 240.29, 0.079,
041-pdn01ABABa1, 8.729640, 0.00328099173554, 196.702, 0.011, 213.62, 0.056, -140.504, 0.073, 172.45, 0.038, -134.804, 0.072, 224.343, 0.051, -137.776, 0.073, 208.401, 0.036, -154.623, 0.077, 240.334, 0.069, 228.037, 0.005, 225.718, 0.059,
041-pdn01ABABb1, 8.783020, 0.000388743801653, 210.413, 0.04, -128.23, 0.084, 259.055, 0.067, -137.763, 0.077, 237.117, 0.068, -124.513, 0.078, 210.262, 0.07, -132.222, 0.082, 199.533, 0.046, -116.086, 0.073, 254.015, 0.086, 185.726, 0.017,
041-pdn01ABBAa1, 8.701590, 0.000810049586777, 144.046, 0.005, 197.754, 0.041, -123.257, 0.077, 205.969, 0.034, 213.744, 0.016, 241.348, 0.058, 228.656, 0.056, -129.396, 0.009, -152.607, 0.082, 222.882, 0.058, 223.835, 0.062, 176.841, 0.014,
041-pdn01ABBAb1, 7.857080, 0.000636512396694, 210.024, 0.054, -136.757, 0.083, -124.56, 0.074, 214.307, 0.068, -127.206, 0.096, -135.79, 0.076, -146.944, 0.074, 203.72, 0.053, 191.325, 0.053, -154.922, 0.077, -146.236, 0.077, 203.763, 0.054,
041-pdn02ABABa1, 9.342740, 0.000884958677686, -152.299, 0.075, 253.56, 0.09, -175.022, 0.073, 276.191, 0.075, 151.392, 0.016, 277.261, 0.092, -160.67, 0.077, 312.552, 0.059, 201.007, 0.014, 269.23, 0.069, -156.803, 0.077, 291.645, 0.056,
041-pdn02ABABb1, 9.199490, 0.000157355371901, 249.239, 0.054, -172.498, 0.074, 193.744, 0.045, -139.681, 0.079, 220.04, 0.032, -134.253, 0.081, 224.078, 0.05, -145.676, 0.073, 286.463, 0.052, -141.812, 0.074, 278.211, 0.059, -125.866, 0.077,
041-pdn02ABBAa1, 9.052230, 0.00011547107438, -107.111, 0.07, 261.46, 0.06, 285.835, 0.067, -129.985, 0.078, -139.306, 0.018, 259.526, 0.075, 280.15, 0.067, -139.654, 0.084, 189.566, 0.017, 247.053, 0.073, 240.779, 0.049, -131.68, 0.082,
041-pdn02ABBAb1, 9.026180, 0.000658628099174, 275.506, 0.051, -143.427, 0.075, -144.257, 0.083, 246.188, 0.063, 280.971, 0.089, -128.548, 0.08, -140.786, 0.071, 280.963, 0.046, 270.056, 0.063, -122.056, 0.072, -139.363, 0.012, 275.177, 0.078,
041-pdn03ABABa1, 8.309050, 0.000485818181818, -203.523, 0.076, 241.776, 0.046, -207.136, 0.078, 260.257, 0.057, -123.295, 0.081, 243.082, 0.053, -186.553, 0.073, 289.516, 0.052, 200.797, 0.012, 264.02, 0.067, 178.008, 0.031, 237.48, 0.058,
041-pdn03ABABb1, 8.855890, 0.000476595041322, 219.157, 0.064, 203.708, 0.014, 236.043, 0.063, -160.218, 0.065, 229.389, 0.056, -168.498, 0.073, 231.765, 0.052, -193.55, 0.079, -197.931, 0.005, 206.3, 0.016, 251.985, 0.063, -161.128, 0.067,
041-pdn03ABBAa1, 8.055850, 0.0115975371901, -125.605, 0.075, 212.19, 0.04, 225.058, 0.04, -121.715, 0.073, -107.909, 0.017, 232.687, 0.043, 253.33, 0.068, -146.342, 0.072, -120.763, 0.082, 221.076, 0.05, 284.579, 0.049, 225.443, 0.018,
041-pdn03ABBAb1, 8.872960, 0.00115171900826, 204.613, 0.041, -107.509, 0.085, -124.153, 0.083, 252.11, 0.065, 246.409, 0.072, -173.627, 0.079, -196.623, 0.072, 262.746, 0.064, 253.309, 0.086, -140.086, 0.073, -207.449, 0.081, 255.314, 0.065,
041-pdn04ABABa1, 8.922060, 0.000954231404959, -103.68, 0.082, 181.913, 0.032, 179.463, 0.09, 262.609, 0.026, -168.787, 0.074, 179.241, 0.029, 228.207, 0.015, 196.515, 0.02, -163.618, 0.08, 246.879, 0.033, 222.142, 0.014, 224.203, 0.044,
041-pdn04ABABb1, 8.494340, 0.000776016528926, 216.744, 0.058, 235.907, 0.01, 279.264, 0.065, 206.84, 0.005, 253.83, 0.022, -146.461, 0.005, 228.159, 0.034, 217.005, 0.01, 322.245, 0.068, 245.339, 0.012, 288.171, 0.052, 205.774, 0.012,
041-pdn04ABBAa1, 8.487380, 0.000717157024793, -166.405, 0.076, 172.73, 0.021, 235.519, 0.047, -153.028, 0.083, 194.606, 0.011, 200.458, 0.036, 224.219, 0.041, 206.03, 0.016, 192.201, 0.021, 175.761, 0.005, 221.543, 0.023, 211.434, 0.005,
041-pdn04ABBAb1, 8.383630, 0.00084532231405, 265.325, 0.047, 210.067, 0.015, 183.756, 0.005, 238.579, 0.036, 252.057, 0.029, 202.275, 0.012, 237.674, 0.118, 240.418, 0.066, 195.326, 0.022, -160.031, 0.005, 195.825, 0.01, 224.543, 0.067,
041-pdn05ABABa1, 9.395300, 0.000632809917355, 210.874, 0.016, 218.839, 0.041, 258.843, 0.023, 227.775, 0.046, 206.849, 0.023, 217.808, 0.044, 245.856, 0.028, 208.455, 0.039, 179.28, 0.017, 235.591, 0.069, 203.548, 0.018, 213.361, 0.052,
041-pdn05ABABb1, 9.166870, 0.000446975206612, 217.588, 0.059, 189.758, 0.016, 253.866, 0.063, 246.99, 0.016, 224.273, 0.073, 241.02, 0.023, 282.543, 0.072, 195.837, 0.023, 228.933, 0.067, 208.195, 0.02, 251.013, 0.068, -172.497, 0.078,
041-pdn05ABBAa1, 9.601630, 0.000547884297521, -153.974, 0.075, 266.38, 0.071, 252.401, 0.069, 214.497, 0.015, 205.88, 0.035, 265.658, 0.063, 215.816, 0.044, 191.813, 0.026, 146.226, 0.07, 236.104, 0.035, 252.703, 0.074, 234.383, 0.021,
041-pdn05ABBAb1, 9.345180, 0.000449289256198, 255.297, 0.037, 217.502, 0.013, 203.833, 0.02, 238.195, 0.051, 251.305, 0.053, 226.931, 0.027, 193.92, 0.033, 218.268, 0.029, 240.219, 0.038, 216.072, 0.021, 196.942, 0.036, 240.034, 0.064,
041-pdn06ABABa1, 8.517990, 0.00497259504132, 172.591, 0.005, 94.4484, 0.054, 257.772, 0.018, 295.263, 0.085, 283.348, 0.016, 304.378, 0.045, 297.73, 0.026, 239.238, 0.065, 212.76, 0.011, 292.526, 0.045, 251.301, 0.016, 288.347, 0.081,
041-pdn06ABABb1, 8.040000, 0.00151461157025, 210.783, 0.05, 231.775, 0.014, 302.196, 0.058, 290.724, 0.019, 298.196, 0.063, 267.196, 0.019, 265.844, 0.169, 239.393, 0.015, 324.555, 0.085, 245.073, 0.016, 243.619, 0.055, 202.145, 0.018,
041-pdn06ABBAa1, 7.813100, 0.00885074380165, -157.574, 0.077, 302.758, 0.057, 313.911, 0.058, 208.697, 0.104, 284.126, 0.027, 228.552, 0.039, 296.469, 0.066, 246.824, 0.014, 257.365, 0.102, 245.96, 0.053, 233.192, 0.035, -178.117, 0.231,
041-pdn06ABBAb1, 8.101720, 0.00203952066116, -120.457, 0.013, 283.985, 0.081, 264.316, 0.015, 292.148, 0.091, 168.286, 0.005, 277.343, 0.016, -180.686, 0.022, 264.346, 0.087, 308.472, 0.072, 238.903, 0.021, -154.36, 0.014, 316.53, 0.056,
041-pdn07ABABa1, 8.169370, 0.000446066115702, -173.712, 0.08, 169.846, 0.074, -141.88, 0.081, 155.795, 0.077, -145.995, 0.075, 253.135, 0.067, 173.538, 0.019, 246.905, 0.056, 226.294, 0.02, 231.097, 0.047, 197.998, 0.014, 178.751, 0.034,
041-pdn07ABABb1, 7.945220, 0.000201421487603, 267.68, 0.04, -121.72, 0.009, 187.289, 0.037, -130.413, 0.077, 205.587, 0.03, -149.815, 0.073, 211.703, 0.034, -148.55, 0.079, 241.841, 0.062, -147.16, 0.084, 217.001, 0.071, -136.771, 0.012,
041-pdn07ABBAa1, 7.975520, 0.000321239669421, 221.279, 0.016, 231.07, 0.043, 227.428, 0.069, -144.005, 0.078, -136.821, 0.074, 216.635, 0.066, 240.964, 0.063, -150.434, 0.079, -152.648, 0.077, 246.786, 0.069, 271.657, 0.086, 156.712, 0.011,
041-pdn07ABBAb1, 8.063000, 0.00047279338843, 272.772, 0.082, 154.4, 0.014, -145.622, 0.077, 225.061, 0.054, 233.746, 0.06, -139.214, 0.08, -144.634, 0.08, 254.354, 0.065, 252.103, 0.09, -123.285, 0.078, -131.759, 0.012, 248.14, 0.076,
041-pdn08ABABa1, 9.488110, 0.000476148760331, -148.953, 0.077, 298.807, 0.074, 267.682, 0.013, 282.785, 0.069, 250.858, 0.022, 288.768, 0.061, 246.052, 0.018, 286.012, 0.07, -150.603, 0.014, 292.642, 0.066, 288.013, 0.017, 260.943, 0.043,
041-pdn08ABABb1, 8.802770, 0.000295338842975, 292.451, 0.043, -114.005, 0.016, 243.525, 0.054, 189.674, 0.011, 247.083, 0.051, -149.671, 0.011, 244.705, 0.075, 223.081, 0.017, 233.393, 0.049, 213.928, 0.014, 269.028, 0.076, -143.837, 0.012,
041-pdn08ABBAa1, 9.468100, 0.00073932231405, 221.075, 0.014, 253.122, 0.043, 271.332, 0.047, 183.786, 0.015, 222.115, 0.017, 239.426, 0.062, 254.742, 0.067, 189.325, 0.016, 233.042, 0.017, 275.511, 0.058, 248.195, 0.05, 232.187, 0.018,
041-pdn08ABBAb1, 9.542170, 0.000273140495868, 238.932, 0.05, -135.13, 0.013, -182.511, 0.077, 257.937, 0.047, 251.292, 0.04, 172.697, 0.018, 247.31, 0.015, 286.959, 0.065, 270.594, 0.059, 202.965, 0.015, 256.948, 0.015, 262.74, 0.045,
041-pdn09ABABa1, 9.358750, 0.00572001652893, -188.343, 0.085, 237.285, 0.061, 183.541, 0.04, 223.835, 0.052, 198.673, 0.02, 230.277, 0.055, 227.755, 0.019, 231.006, 0.051, 242.319, 0.017, 214.744, 0.038, 250.606, 0.245, 202.956, 0.032,
041-pdn09ABABb1, 9.987620, 0.000360016528926, 264.285, 0.053, 240.024, 0.021, 201.762, 0.036, 238.645, 0.019, 221.588, 0.036, 219.603, 0.022, 228.367, 0.049, 219.204, 0.019, 201.786, 0.058, 223.132, 0.019, 224.422, 0.041, 218.479, 0.026,
041-pdn09ABBAa1, 10.091000, 0.000416975206612, 220.888, 0.017, 236.023, 0.042, 210.104, 0.047, 238.895, 0.026, 206.636, 0.024, 243.04, 0.046, 221.41, 0.038, 229.917, 0.027, -184.134, 0.005, 241.881, 0.026, 223.114, 0.047, 241.166, 0.021,
041-pdn09ABBAb1, 10.080700, 0.000305421487603, 234.196, 0.046, 202.726, 0.016, 233.092, 0.028, 227.012, 0.035, 229.826, 0.042, -168.56, 0.005, 245.313, 0.027, 218.75, 0.028, 192.118, 0.045, 183.891, 0.028, 202.503, 0.034, 232.411, 0.037,
041-pdn10ABABa1, 9.837070, 0.000214561983471, -143.138, 0.085, 288.289, 0.079, 239.293, 0.018, 289.151, 0.07, 251.803, 0.021, 296.293, 0.088, 259.919, 0.021, 284.859, 0.067, 253.787, 0.026, 303.778, 0.074, 276.186, 0.027, 292.479, 0.048,
041-pdn10ABABb1, 9.657410, 0.000463107438017, 303.099, 0.068, 247.501, 0.022, 271.227, 0.062, 232.808, 0.029, 244.718, 0.051, 245.354, 0.032, 246.55, 0.048, 242.006, 0.032, 261.904, 0.086, 202.942, 0.028, 234.293, 0.05, 234.935, 0.032,
041-pdn10ABBAa1, 9.899410, 0.000403603305785, -125.979, 0.088, 271.675, 0.062, 275.378, 0.054, -119.914, 0.091, 248.519, 0.027, 284.7, 0.063, 292.635, 0.051, 245.851, 0.026, 233.816, 0.028, 263.795, 0.055, 272.318, 0.062, 199.658, 0.022,
041-pdn10ABBAb1, 9.941160, 0.000256198347107, 297.685, 0.063, 233.992, 0.02, 232.32, 0.017, 251.026, 0.05, 239.931, 0.041, 226.241, 0.025, 201.289, 0.031, 251.02, 0.055, 265.288, 0.054, 240.565, 0.022, 211.227, 0.018, 288.659, 0.079,
041-pdn11ABABa1, 9.904600, 0.000403785123967, 133.042, 0.005, 260.209, 0.038, 238.844, 0.02, 250.489, 0.035, 223.565, 0.024, 238.877, 0.039, 229.69, 0.028, 131.802, 0.049, 220.747, 0.032, 291.411, 0.117, 255.935, 0.026, 225.847, 0.058,
041-pdn11ABABb1, 7.817490, 0.00255117355372, 218.21, 0.319, 241.544, 0.022, 253.096, 0.054, 254.611, 0.025, 250.62, 0.042, 254.922, 0.021, 263.111, 0.052, 233.287, 0.022, 255.503, 0.067, 245.65, 0.032, 257.349, 0.055, 196.322, 0.027,
041-pdn11ABBAa1, 9.763140, 0.00385624793388, 185.191, 0.03, 205.125, 0.051, 209.494, 0.054, 227.109, 0.023, 263.647, 0.028, 229.143, 0.049, -157.601, 0.005, 249.202, 0.015, 264.105, 0.025, 216.461, 0.045, 271.211, 0.041, 203.852, 0.016,
041-pdn11ABBAb1, 9.886990, 0.00094479338843, 241.882, 0.058, 166.437, 0.013, 196.612, 0.027, 252.073, 0.057, 220.062, 0.005, 230.188, 0.015, 260.75, 0.019, 262.509, 0.056, 255.833, 0.029, 247.105, 0.03, 261.403, 0.031, 265.464, 0.068,
041-pdn12ABABa1, 9.677980, 0.00111297520661, -151.746, 0.083, 215.226, 0.053, 218.77, 0.021, 258.695, 0.067, 189.167, 0.029, 259.939, 0.109, 238.873, 0.021, 241.61, 0.037, 259.465, 0.021, 236.529, 0.049, 185.729, 0.036, 209.97, 0.08,
041-pdn12ABABb1, 10.075400, 0.000664776859504, 251.915, 0.066, 241.768, 0.016, 236.717, 0.058, 254.915, 0.031, 280.229, 0.047, 219.863, 0.019, 259.864, 0.042, 258.876, 0.026, 288.805, 0.065, 231.666, 0.028, 255.315, 0.048, -184.791, 0.027,
041-pdn12ABBAa1, 9.029350, 0.000470909090909, -158.912, 0.094, 228.149, 0.075, 261.688, 0.063, -125.941, 0.029, -177.81, 0.103, 246.773, 0.061, 204.015, 0.059, 189.087, 0.021, 187.478, 0.023, 214.673, 0.064, -134.303, 0.06, 192.239, 0.023,
041-pdn12ABBAb1, 9.922410, 0.000224628099174, 244.618, 0.055, 204.027, 0.022, 231.388, 0.024, 265.711, 0.065, 260.584, 0.092, 231.543, 0.018, 244.655, 0.026, 268.592, 0.06, 228.256, 0.043, 254.895, 0.025, 226.684, 0.027, 268.078, 0.044,
041-psm01ABABa1, 9.742430, 0.000450809917355, 225.946, 0.051, -159.891, 0.069, 233.596, 0.084, 239.025, 0.012, 155.007, 0.056, 226.279, 0.016, 285.804, 0.079, 221.204, 0.015, 272.239, 0.07, 230.018, 0.017, 295.958, 0.083, 218.68, 0.017,
041-psm01ABABb1, 9.326310, 0.000517702479339, -187.624, 0.076, 245.184, 0.048, -176.358, 0.083, 246.911, 0.021, -152.902, 0.086, 243.401, 0.078, 203.727, 0.021, 230.164, 0.071, 240.998, 0.018, 279.243, 0.067, 241.562, 0.013, 221.966, 0.02,
041-psm01ABBAa1, 8.906460, 0.000408512396694, 203.511, 0.04, -144.423, 0.077, -179.762, 0.007, 250.469, 0.046, 228.244, 0.036, 195.822, 0.009, 192.435, 0.005, 224.334, 0.041, 248.898, 0.057, -129.093, 0.074, 270.218, 0.015, 261.876, 0.047,
041-psm01ABBAb1, 9.267410, 0.00113272727273, -171.948, 0.073, 243.262, 0.041, 310.059, 0.062, 239.005, 0.013, 230.639, 0.016, 281.752, 0.051, 259.125, 0.038, 248.397, 0.015, 240.402, 0.017, 314.766, 0.074, 249.809, 0.087, -164.671, 0.077,
041-psm02ABABa1, 8.792580, 0.000987652892562, 223.871, 0.046, -232.243, 0.011, 282.247, 0.077, -212.962, 0.016, 265.522, 0.056, -172.671, 0.005, 228.841, 0.061, 204.704, 0.016, 283.488, 0.069, 260.75, 0.019, 232.721, 0.079, 259.546, 0.012,
041-psm02ABABb1, 8.872280, 0.000271818181818, -137.115, 0.078, 253.019, 0.077, 209.189, 0.013, 233.051, 0.05, 210.904, 0.014, 227.75, 0.028, 230.267, 0.016, 214.705, 0.005, 229.782, 0.016, 204.722, 0.045, 241.51, 0.012, 194.485, 0.025,
041-psm02ABBAa1, 8.241370, 0.00124826446281, 261.889, 0.055, 224.603, 0.01, 224.665, 0.018, 280.481, 0.06, 249.343, 0.054, 204.05, 0.015, 204.451, 0.015, 258.484, 0.057, 271.098, 0.085, 250.447, 0.016, 213.095, 0.021, -192.967, 0.005,
041-psm02ABBAb1, 8.945300, 0.000428429752066, -125.37, 0.077, 202.791, 0.056, 174.077, 0.007, -128.117, 0.085, 182.379, 0.028, 177.585, 0.005, 196.352, 0.038, -128.308, 0.068, 222.674, 0.012, 218.937, 0.04, 216.849, 0.047, 201.874, 0.015,
041-psm03ABABa1, 8.614490, 0.000577421487603, 228.282, 0.053, -124.861, 0.079, 233.976, 0.055, -164.786, 0.082, 237.741, 0.064, -125.267, 0.081, 257.809, 0.048, -127.772, 0.078, 231.604, 0.047, 197.837, 0.018, 210.32, 0.067, -131.915, 0.078,
041-psm03ABABb1, 9.834210, 0.00083132231405, 187.163, 0.016, 289.997, 0.085, 172.162, 0.015, 248.814, 0.055, 179.209, 0.016, 273.422, 0.066, 176.033, 0.011, 250.374, 0.048, 249.649, 0.014, 249.058, 0.07, 191.078, 0.013, 218.712, 0.055,
041-psm03ABBAa1, 8.944840, 0.000638512396694, 279.221, 0.064, -148.234, 0.081, 203.539, 0.012, 283.063, 0.06, 308.541, 0.044, 162.535, 0.016, 196.091, 0.012, 255.46, 0.046, 249.303, 0.057, -105.205, 0.073, 202.909, 0.017, 220.835, 0.005,
041-psm03ABBAb1, 9.106020, 0.000976066115702, -137.933, 0.076, 297.99, 0.056, 298.307, 0.028, -128.862, 0.075, 164.505, 0.014, 215.822, 0.05, 316.41, 0.045, -163.161, 0.073, 177.723, 0.018, 262.178, 0.053, 259.125, 0.067, 180.664, 0.013,
041-psm04ABABa1, 9.053950, 5.20661157025e-05, 238.779, 0.029, 192.767, 0.009, 222.932, 0.039, 193.175, 0.007, 184.247, 0.032, 189.673, 0.011, 216.314, 0.041, -158.345, 0.072, 209.437, 0.025, -158.091, 0.005, 169.066, 0.026, 161.603, 0.017,
041-psm04ABABb1, 8.621770, 0.00136314049587, 194.286, 0.114, 265.721, 0.058, 198.336, 0.005, 228.395, 0.035, -205.049, 0.077, 223.531, 0.032, 198.007, 0.013, 214.362, 0.021, -175.056, 0.005, 216.262, 0.027, 216.808, 0.01, 210.137, 0.031,
041-psm04ABBAa1, 8.940940, 0.00041826446281, 231.733, 0.041, -159.732, 0.005, -139.245, 0.084, 226.914, 0.037, 226.388, 0.022, -132.805, 0.005, 206.458, 0.008, 267.427, 0.049, 166.736, 0.005, -162.367, 0.086, 208.745, 0.005, 178.923, 0.033,
041-psm04ABBAb1, 8.948260, 0.000491520661157, -105.981, 0.078, 272.885, 0.055, 272.044, 0.038, -138.647, 0.079, -182.546, 0.005, 252.517, 0.041, 224.612, 0.024, 182.215, 0.009, 188.08, 0.011, 226.117, 0.045, 196.716, 0.026, -187.333, 0.005,
041-psm05ABABa1, 9.232030, 0.000207421487603, 255.23, 0.051, 191.011, 0.016, 227.643, 0.039, -141.306, 0.077, 274.568, 0.07, -143.925, 0.012, 234.562, 0.045, -158.752, 0.074, 222.7, 0.036, -137.022, 0.079, 256.044, 0.067, -144.012, 0.069,
041-psm05ABABb1, 9.247010, 0.000878628099174, -158.059, 0.071, 262.798, 0.062, 181.986, 0.015, 267.412, 0.043, 191.461, 0.012, 229.896, 0.046, 240.345, 0.015, 277.308, 0.043, 210.161, 0.012, 257.897, 0.05, 196.503, 0.013, 294.393, 0.069,
041-psm05ABBAa1, 9.202260, 0.000566776859504, 250.093, 0.04, -142.317, 0.075, -138.425, 0.02, 214.117, 0.044, 231.219, 0.039, 191.898, 0.015, 180.098, 0.01, 226.118, 0.042, 267.332, 0.049, -133.637, 0.011, 178.331, 0.012, 216.829, 0.062,
041-psm05ABBAb1, 9.364790, 0.000642694214876, -154.794, 0.013, 242.309, 0.038, 215.263, 0.016, -152.496, 0.075, -183.394, 0.065, 243.852, 0.048, 212.561, 0.045, -180.047, 0.08, -155.705, 0.069, 257.459, 0.054, 249.255, 0.04, 178.864, 0.015,
041-psm06ABABa1, 9.020110, 0.000649454545455, 233.251, 0.036, 229.115, 0.013, 246.379, 0.05, 213.804, 0.015, 233.543, 0.045, 230.042, 0.02, 245.633, 0.051, 255.883, 0.02, 256.51, 0.06, 237.445, 0.016, 263.047, 0.053, 208.008, 0.024,
041-psm06ABABb1, 9.111690, 0.000396231404959, -143.03, 0.074, 221.044, 0.037, 212.313, 0.02, 239.426, 0.036, 198.39, 0.023, 226.616, 0.033, 227.788, 0.016, 225.614, 0.031, 230.32, 0.015, 245.986, 0.035, 244.02, 0.011, 247.043, 0.034,
041-psm06ABBAa1, 8.933100, 0.000644380165289, 228.679, 0.043, 219.843, 0.015, 228.835, 0.02, 252.616, 0.04, 251.645, 0.032, 203.807, 0.022, 211.735, 0.029, 252.371, 0.058, 225.956, 0.048, 237.831, 0.041, 238.787, 0.028, 231.647, 0.066,
041-psm06ABBAb1, 9.108640, 0.000270330578512, -164.354, 0.08, 227.95, 0.045, 252.161, 0.059, 208.029, 0.014, 216.912, 0.017, 247.034, 0.042, 222.686, 0.042, 231.197, 0.022, 220.396, 0.02, 249.354, 0.055, 262.565, 0.081, -129.422, 0.079,
041-psm07ABABa1, 8.650360, 0.00100295867769, 324.184, 0.066, -168.65, 0.079, 293.585, 0.065, 238.637, 0.016, 285.252, 0.084, 215.58, 0.017, 304.288, 0.045, 231.009, 0.016, 315.164, 0.066, 224.578, 0.029, 312.911, 0.079, 215.206, 0.015,
041-psm07ABABb1, 8.931460, 0.000524925619835, 224.815, 0.019, 226.004, 0.048, 249.946, 0.02, 286.894, 0.073, 243.024, 0.014, 315.011, 0.073, 232.713, 0.014, 291.935, 0.081, -179.896, 0.072, 299.478, 0.062, 248.886, 0.017, 234.043, 0.055,
041-psm07ABBAa1, 8.570060, 0.00273859504132, 286.214, 0.075, -167.249, 0.077, 194.683, 0.018, 224.47, 0.08, 289.925, 0.089, 258.047, 0.023, 245.378, 0.02, 225.568, 0.027, 276.795, 0.075, 245.053, 0.015, 229.601, 0.018, 304.775, 0.083,
041-psm07ABBAb1, 8.677140, 0.000446082644628, -168.915, 0.078, 257.104, 0.075, 279.736, 0.082, 212.177, 0.015, 211.149, 0.017, 242.372, 0.077, 258.074, 0.069, 191.797, 0.019, 248.836, 0.017, 292.054, 0.076, 283.835, 0.068, 187.041, 0.015,
041-psm08ABABa1, 9.613410, 0.000415900826446, 243.644, 0.054, 214.814, 0.025, 206.897, 0.04, 207.832, 0.021, 247.393, 0.053, 256.433, 0.021, 232.382, 0.035, 207.983, 0.033, 272.94, 0.051, 213.983, 0.024, 253.801, 0.05, 263.64, 0.017,
041-psm08ABABb1, 9.695100, 0.000494148760331, 243.184, 0.019, 269.521, 0.045, 270.326, 0.018, 296.868, 0.053, 230.233, 0.015, 268.195, 0.069, 254.625, 0.018, 275.657, 0.063, 241.995, 0.015, 291.513, 0.072, 306.249, 0.016, 275.247, 0.049,
041-psm08ABBAa1, 9.559060, 0.000214809917355, 244.399, 0.051, 243.809, 0.017, 279.411, 0.025, 265.204, 0.049, 233.348, 0.043, 235.753, 0.016, 267.319, 0.018, 268.899, 0.047, 243.616, 0.03, 228.714, 0.02, 227.419, 0.016, 260.202, 0.044,
041-psm08ABBAb1, 9.421010, 0.00173687603306, -131.484, 0.075, 197.189, 0.005, 234.327, 0.044, -147.588, 0.081, 192.583, 0.015, 169.253, 0.005, 240.313, 0.052, 199.255, 0.012, 207.971, 0.018, 178.414, 0.005, 233.456, 0.047, 193.139, 0.015,
041-psm09ABABa1, 9.649160, 0.000808975206612, 223.667, 0.071, -182.261, 0.079, 242.064, 0.066, 227.261, 0.02, 231.13, 0.078, -173.715, 0.02, 235.625, 0.06, 173.965, 0.021, 238.558, 0.046, 174.364, 0.026, 251.16, 0.058, 180.682, 0.029,
041-psm09ABABb1, 9.085770, 0.000531719008264, 161.883, 0.024, 199.788, 0.032, 199.993, 0.03, 227.046, 0.038, 191.767, 0.025, 222.131, 0.047, 185.502, 0.021, 215.547, 0.053, 206.645, 0.022, 238.936, 0.063, 160.9, 0.029, 208.865, 0.053,
041-psm09ABBAa1, 9.079420, 8.76859504132e-05, 229.986, 0.054, 191.272, 0.021, 178.744, 0.025, 226.72, 0.057, 221.627, 0.049, -150.385, 0.082, 181.023, 0.024, 239.067, 0.058, 241.191, 0.087, 173.876, 0.024, 186.618, 0.024, 209.906, 0.06,
041-psm09ABBAb1, 8.927130, 7.40495867769e-05, 227.519, 0.018, 224.025, 0.056, 200.973, 0.046, 167.374, 0.021, 185.88, 0.022, 202.364, 0.057, 219.023, 0.053, 138.59, 0.022, 166.784, 0.027, 203.85, 0.05, 180.843, 0.036, 149.604, 0.021,
041-psm10ABABa1, 10.214600, 0.00103583471074, 214.872, 0.051, 234.358, 0.016, 256.539, 0.063, 267.968, 0.022, 276.004, 0.06, 252.822, 0.017, 235.485, 0.052, 282.524, 0.02, 281.393, 0.054, 250.716, 0.023, 261.352, 0.066, 256.79, 0.017,
041-psm10ABABb1, 10.109000, 0.00394927272727, 197.02, 0.043, 166.936, 0.04, 275.478, 0.014, 254.099, 0.042, 231.63, 0.024, 247.363, 0.038, 260.944, 0.032, 260.204, 0.069, 265.99, 0.018, 257.784, 0.059, 259.73, 0.019, 227.588, 0.054,
041-psm10ABBAa1, 10.426900, 0.000242247933884, 246.842, 0.053, 193.322, 0.018, 217.346, 0.02, 272.083, 0.06, 253.119, 0.061, 246.09, 0.02, 219.231, 0.026, 286.342, 0.083, 272.557, 0.045, 271.245, 0.02, 264.114, 0.025, 291.464, 0.056,
041-psm10ABBAb1, 9.955220, 0.000394066115702, -132.178, 0.096, 281.854, 0.073, 298.56, 0.088, 254.339, 0.016, 242.716, 0.023, 267.326, 0.08, 261.003, 0.086, 219.765, 0.022, 271.553, 0.025, 264.289, 0.065, 269.193, 0.077, 247.081, 0.015,
041-psm11ABABa1, 8.756540, 0.000756776859504, 232.079, 0.07, 287.321, 0.037, 308.11, 0.064, 239.22, 0.04, 247.934, 0.072, -166.762, 0.033, 213.493, 0.076, 232.734, 0.045, 243.469, 0.085, 204.015, 0.024, 240.205, 0.072, 233.391, 0.029,
041-psm11ABABb1, 9.762790, 0.000581785123967, -113.277, 0.081, 268.322, 0.059, 259.707, 0.03, 208.102, 0.081, 244.551, 0.03, 260.825, 0.073, 203.41, 0.031, 246.204, 0.075, 216.403, 0.026, 242.048, 0.066, 203.737, 0.039, 230.662, 0.071,
041-psm11ABBAa1, 9.689150, 0.00046279338843, 259.916, 0.053, 186.65, 0.02, 235.504, 0.04, 230.97, 0.075, 257.018, 0.059, 187.304, 0.017, 186.715, 0.047, 255.376, 0.042, 232.057, 0.053, 138.36, 0.006, -154.959, 0.005, 250.12, 0.059,
041-psm11ABBAb1, 9.385160, 0.00058879338843, -134.561, 0.087, 206.171, 0.084, 238.395, 0.109, -133.91, 0.087, -148.092, 0.059, 246.158, 0.064, 241.5, 0.08, -97.9179, 0.075, -148.557, 0.005, 233.079, 0.055, 205.335, 0.005, 172.031, 0.026,
041-psm12ABABa1, 10.118600, 0.0014338677686, 232.851, 0.063, -161.17, 0.091, 252.487, 0.063, -134.618, 0.084, 220.751, 0.064, -148.012, 0.084, 235.375, 0.061, 247.129, 0.025, 246.593, 0.045, 204.038, 0.018, 241.906, 0.08, 231.328, 0.023,
041-psm12ABABb1, 9.786790, 0.000434727272727, -180.325, 0.08, 243.808, 0.056, 266.776, 0.02, 243.826, 0.082, 191.468, 0.022, 292.494, 0.08, 237.371, 0.022, 249.576, 0.051, 212.713, 0.021, 277.615, 0.065, 266.612, 0.016, 255.607, 0.067,
041-psm12ABBAa1, 9.435400, 0.000264446280992, 238.018, 0.038, -127.777, 0.09, -124.998, 0.09, 234.857, 0.046, 208.938, 0.061, -144.641, 0.098, -152.94, 0.094, 192.863, 0.049, 215.842, 0.056, -121.933, 0.092, -123.991, 0.093, 267.646, 0.08,
041-psm12ABBAb1, 10.618400, 0.000256628099174, 254.394, 0.02, 224.677, 0.063, 272.912, 0.07, 226.529, 0.019, 224.77, 0.03, 248.862, 0.076, 318.18, 0.078, 207.56, 0.02, 261.602, 0.023, 223.294, 0.061, 233.231, 0.073, 209.587, 0.017,
041-psn01ABABa1, 8.102020, 0.000984958677686, 205.019, 0.085, -186.937, 0.086, 206.262, 0.08, 223.486, 0.022, 263.72, 0.044, -174.95, 0.079, 248.862, 0.049, 236.06, 0.014, 256.616, 0.07, -219.777, 0.005, 279.133, 0.048, 262.618, 0.018,
041-psn01ABABb1, 8.170450, 0.00113705785124, 180.094, 0.015, 254.579, 0.074, 220.551, 0.016, 206.631, 0.06, 242.519, 0.016, 163.291, 0.005, 256.362, 0.015, 217, 0.067, 260.842, 0.015, 171.811, 0.005, -186.888, 0.061, 278.807, 0.062,
041-psn01ABBAa1, 8.122380, 0.000839603305785, 221.232, 0.072, -184.998, 0.078, 250.501, 0.013, 269.41, 0.053, 254.633, 0.061, 209.11, 0.014, 203.273, 0.016, 224.112, 0.046, 278.982, 0.054, 214.31, 0.022, 212.86, 0.015, 273.899, 0.061,
041-psn01ABBAb1, 8.187500, 0.00145115702479, -125.508, 0.084, 231.152, 0.062, 278.046, 0.066, 180.947, 0.013, -164.715, 0.005, 270.217, 0.066, 252.787, 0.059, -135.399, 0.067, 189.313, 0.014, 159.492, 0.005, 263.032, 0.051, -209.708, 0.079,
041-psn02ABABa1, 8.761950, 0.000594363636364, 245.28, 0.038, 237.341, 0.015, 253.241, 0.069, -162.742, 0.082, 268.882, 0.057, 144.069, 0.005, 224.064, 0.016, 163.658, 0.005, 240.377, 0.039, 160.819, 0.046, 290.115, 0.066, -149.038, 0.075,
041-psn02ABABb1, 7.548030, 0.000269537190083, -132.943, 0.077, 240.302, 0.051, -144.441, 0.005, 244.45, 0.046, 170.408, 0.012, 229.243, 0.055, 153.157, 0.005, 236.626, 0.04, 161.584, 0.005, 216.466, 0.05, 214.493, 0.012, 259.936, 0.049,
041-psn02ABBAa1, 8.648660, 0.00079105785124, 280.014, 0.051, -148.574, 0.081, 198.482, 0.011, 258.67, 0.089, 221.102, 0.029, -122.233, 0.075, 201.624, 0.021, 264.979, 0.074, 191.926, 0.026, -135.925, 0.083, -145.175, 0.075, 214.831, 0.061,
041-psn02ABBAb1, 8.774380, 0.000212628099174, -122.543, 0.08, 236.303, 0.055, 220.633, 0.049, 185.208, 0.005, 152.251, 0.005, 249.32, 0.046, 219.14, 0.02, -136.125, 0.078, 197.666, 0.012, 203.17, 0.052, 213.6, 0.017, -165.128, 0.005,
041-psn03ABABa1, 8.701710, 0.00179710743802, 220.876, 0.086, -103.654, 0.076, 285.861, 0.076, -204.287, 0.07, 271.914, 0.073, -165.337, 0.077, 240.6, 0.081, -169.67, 0.085, 252.307, 0.086, -151.59, 0.075, 249.622, 0.094, -164.547, 0.072,
041-psn03ABABb1, 8.765550, 0.000387338842975, -154.518, 0.071, 273.838, 0.07, -165.209, 0.074, 255.403, 0.074, -164.2, 0.055, 259.733, 0.062, -189.835, 0.076, 260.404, 0.076, -125.085, 0.062, 264.579, 0.093, -201.766, 0.085, 297.893, 0.096,
041-psn03ABBAa1, 8.698240, 0.000332082644628, 285.377, 0.092, -208.814, 0.076, -154.133, 0.079, 258.241, 0.088, 217.827, 0.091, -153.36, 0.064, -196.582, 0.076, 237.013, 0.099, 216.294, 0.058, -126.854, 0.065, -168.252, 0.083, 253.185, 0.112,
041-psn03ABBAb1, 8.707640, 0.000220446280992, -131.207, 0.076, 283.312, 0.061, 231.344, 0.076, -173.624, 0.075, -142.863, 0.059, 260.614, 0.08, 267.988, 0.077, -176.03, 0.077, -156.635, 0.074, 290.577, 0.088, 248.998, 0.064, -175.067, 0.013,
041-psn04ABABa1, 9.442750, 0.000564561983471, 272.068, 0.054, 211.112, 0.014, 198.901, 0.005, -181.984, 0.005, 215.716, 0.091, 194.961, 0.01, 232.784, 0.074, -155.777, 0.077, 244.874, 0.071, 173.536, 0.007, 256.104, 0.082, -166.516, 0.087,
041-psn04ABABb1, 9.291460, 0.000250776859504, 205.24, 0.011, 208.167, 0.053, -181.764, 0.075, 230.309, 0.04, 163.616, 0.016, 248.287, 0.055, 188.194, 0.012, 192.627, 0.005, 285.207, 0.015, 225.889, 0.057, 182.586, 0.007, 234.479, 0.042,
041-psn04ABBAa1, 8.939290, 0.000317867768595, 302.583, 0.042, -149.38, 0.086, 208.659, 0.014, 219.136, 0.039, -166.946, 0.005, -158.147, 0.072, -168.18, 0.005, 188.72, 0.047, 172.843, 0.005, -213.453, 0.005, 207.204, 0.02, 248.579, 0.066,
041-psn04ABBAb1, 9.182390, 0.000206809917355, -144.892, 0.081, 209.338, 0.041, 216.619, 0.041, 175.751, 0.011, 186.076, 0.011, 203.932, 0.046, 197.816, 0.005, 175.168, 0.005, 155.486, 0.017, -153.817, 0.058, 155.097, 0.02, 185.861, 0.005,
041-psn05ABABa1, 9.024280, 0.00350770247934, 205.862, 0.036, 224.888, 0.015, 219.963, 0.005, 219.79, 0.019, 262.42, 0.129, 226.534, 0.016, 221.239, 0.054, 172.608, 0.021, 235.239, 0.067, 241.585, 0.016, 246.6, 0.059, -147.267, 0.073,
041-psn05ABABb1, 9.602510, 0.00174745454545, 248.813, 0.014, 253.461, 0.041, 255.371, 0.015, 293.429, 0.066, 263.198, 0.017, 228.645, 0.005, 226.826, 0.014, 285.18, 0.058, 246.403, 0.031, 278.821, 0.055, 230.717, 0.017, 285.85, 0.056,
041-psn05ABBAa1, 12.312100, 0.0112340495868, 235.374, 0.043, 223.223, 0.014, 172.451, 0.015, 184.791, 0.001, 166.413, 0.005, neg 83.9963, 0.0, -176.503, 0.005, 80.7035, 0.028, 177.277, 0.014, 178.314, 0.015, neg 126.309, 0.0, -156.43, 0.005,
041-psn05ABBAb1, 9.573190, 0.00117578512397, -152.652, 0.084, 153.795, 0.006, 264.098, 0.057, 224.624, 0.015, 193.539, 0.018, 271.553, 0.048, 180.972, 0.007, 212.413, 0.015, 231.732, 0.016, 273.985, 0.054, 280.66, 0.037, -196.839, 0.016,
041-psn06ABABa1, 8.986780, 0.00128079338843, 233.664, 0.039, 233.485, 0.012, 231.05, 0.04, 221.205, 0.015, 256.325, 0.046, 267.138, 0.016, 246.863, 0.036, 241.271, 0.02, 280.592, 0.037, 248.95, 0.016, 295.6, 0.059, 237.605, 0.006,
041-psn06ABABb1, 8.965340, 0.000441884297521, -130.902, 0.075, 261.082, 0.049, -130.342, 0.046, 244.244, 0.049, 274.989, 0.014, 246.959, 0.033, 264.828, 0.047, 245.618, 0.045, 241.886, 0.016, 274.578, 0.047, 251.14, 0.01, 276.193, 0.053,
041-psn06ABBAa1, 8.324190, 0.00305451239669, 264.037, 0.055, 218.468, 0.038, 217.489, 0.022, 228.166, 0.033, 201.779, 0.029, 233.069, 0.015, 248.099, 0.016, 238.214, 0.029, 248.757, 0.092, 234.834, 0.01, 211.511, 0.023, 214.515, 0.045,
041-psn06ABBAb1, 9.015360, 0.000617818181818, -94.2913, 0.084, 239.904, 0.034, 225.762, 0.019, 247.678, 0.031, 208.923, 0.015, 243.969, 0.028, 228.934, 0.018, 231.495, 0.035, 210.319, 0.062, 275.666, 0.051, 264.603, 0.031, 257.808, 0.038,
041-psn07ABABa1, 8.167200, 0.000223966942149, 249.756, 0.057, -138.763, 0.077, -145.816, 0.138, -137.868, 0.081, 260.912, 0.084, -155.392, 0.073, 256.146, 0.086, -129.49, 0.081, 250.48, 0.099, -139.777, 0.08, 259.013, 0.086, -144.815, 0.017,
041-psn07ABABb1, 8.352360, 0.000734975206612, -148.424, 0.073, 193.541, 0.045, -162.395, 0.075, 236.973, 0.065, -96.7412, 0.075, 222.493, 0.081, 190.503, 0.012, 248.594, 0.09, -148.795, 0.096, 186.289, 0.048, -149.76, 0.079, 200.497, 0.05,
041-psn07ABBAa1, 8.449810, 0.000195239669421, 233.753, 0.032, -152.857, 0.082, -130.476, 0.082, 270.187, 0.086, 239.881, 0.089, -147.417, 0.08, -159.596, 0.077, 251.315, 0.092, 263.147, 0.09, -148.667, 0.076, 183.32, 0.011, 246.052, 0.079,
041-psn07ABBAb1, 8.473380, 0.000236876033058, 199.378, 0.015, 268.274, 0.081, 163.68, 0.028, -147.303, 0.076, -145.365, 0.077, 236.973, 0.047, 237.151, 0.084, 203.851, 0.015, -150.609, 0.079, 269.149, 0.076, 237.424, 0.079, 187.785, 0.015,
041-psn08ABABa1, 8.830340, 0.000469421487603, 211.57, 0.051, -160.16, 0.082, 264.907, 0.073, -132.833, 0.076, -148.392, 0.005, 193.078, 0.018, -146.981, 0.005, 195.909, 0.016, 201.677, 0.005, -165.148, 0.084, -198.857, 0.005, 182.246, 0.016,
041-psn08ABABb1, 9.478190, 0.00101074380165, -185.92, 0.077, 285.83, 0.058, 240.694, 0.016, 252.374, 0.062, -172.296, 0.073, 271.16, 0.051, -124.616, 0.015, 182.069, 0.005, 180.62, 0.022, 231.539, 0.042, 235.389, 0.018, 277.089, 0.037,
041-psn08ABBAa1, 9.033500, 0.000652876033058, 224.712, 0.057, 200.969, 0.016, 157.36, 0.013, 183.179, 0.005, 267.552, 0.056, -152.757, 0.078, 157.106, 0.014, 223.532, 0.063, 300.042, 0.081, 197.352, 0.017, 180.56, 0.011, 284.089, 0.057,
041-psn08ABBAb1, 9.142960, 0.000227834710744, 250.937, 0.013, 210.335, 0.044, 202.03, 0.048, -138.522, 0.08, -137.499, 0.071, 272.029, 0.051, 150.716, 0.029, 160.501, 0.014, 183.855, 0.016, 172.42, 0.04, 168.948, 0.005, -136.322, 0.077,
041-psn09ABABa1, 9.227600, 0.000574694214876, 241.439, 0.054, -158.598, 0.077, 236.192, 0.061, 163.089, 0.019, 253.662, 0.053, 204.74, 0.019, 254.544, 0.05, 192.192, 0.021, 204.19, 0.055, 228.869, 0.019, 221.87, 0.055, 182.256, 0.019,
041-psn09ABABb1, 9.484520, 0.000186628099174, 214.735, 0.02, 278.123, 0.098, 241.883, 0.025, 198.609, 0.061, 247.895, 0.021, 202.022, 0.055, 204.425, 0.021, 210.718, 0.043, 231.633, 0.026, 236.617, 0.034, 237.646, 0.023, 263.009, 0.136,
041-psn09ABBAa1, 9.560840, 0.000982148760331, 297.206, 0.066, 235.779, 0.022, 219.004, 0.021, 273.227, 0.068, 237.702, 0.058, 227.364, 0.02, 238.876, 0.02, 235.17, 0.102, 218.09, 0.023, 160.982, 0.02, -208.67, 0.05, 277.044, 0.093,
041-psn09ABBAb1, 9.789350, 0.000133520661157, 241.414, 0.028, 228.099, 0.056, 231.4, 0.056, -149.73, 0.069, 210.209, 0.019, 215.619, 0.059, 225.616, 0.05, -127.096, 0.087, 221.69, 0.025, 239.454, 0.06, 227.225, 0.044, -134.404, 0.018,
041-psn10ABABa1, 9.334540, 0.000624694214876, 298.869, 0.06, 211.395, 0.016, 250.458, 0.07, 160.629, 0.022, 242.554, 0.048, -144.465, 0.093, 281.5, 0.066, 202.254, 0.021, 291.661, 0.072, 234.647, 0.028, 272, 0.052, 196.992, 0.022,
041-psn10ABABb1, 9.763750, 0.000683818181818, -198.983, 0.096, 263.524, 0.055, 277.885, 0.02, 281.109, 0.107, 242.015, 0.02, 250.048, 0.089, -187.934, 0.089, 237.839, 0.049, 296.258, 0.016, 295.323, 0.076, 241.5, 0.017, 309.113, 0.07,
041-psn10ABBAa1, 8.963170, 0.00155272727273, 212.926, 0.036, -137.088, 0.093, 221.789, 0.039, 253.628, 0.082, 264.853, 0.071, -149.728, 0.099, 218.773, 0.025, 243.877, 0.052, 194.353, 0.046, 266.531, 0.02, 240.55, 0.022, 247.404, 0.065,
041-psn10ABBAb1, 9.178800, 0.000346429752066, 216.359, 0.015, 259.489, 0.065, 266.416, 0.054, 218.143, 0.021, 199.613, 0.028, 244.129, 0.073, 241.085, 0.054, 206.406, 0.028, 144.39, 0.028, 247.736, 0.069, 270.1, 0.081, 182.602, 0.024,
041-psn11ABABa1, 9.723910, 0.000433537190083, 245.658, 0.068, -156.063, 0.081, 290.277, 0.068, 233.704, 0.018, 230.157, 0.051, 237.25, 0.023, 280.706, 0.053, 199.123, 0.023, 273.906, 0.039, -139.229, 0.075, 216.266, 0.044, 225.95, 0.016,
041-psn11ABABb1, 9.315230, 0.00163042975207, -171.929, 0.077, 188.998, 0.062, 288.769, 0.025, 238.592, 0.048, 184.833, 0.005, 212.407, 0.049, 261.333, 0.019, 242.136, 0.049, 212.475, 0.039, 276.564, 0.044, 263.527, 0.016, 282.079, 0.04,
041-psn11ABBAa1, 9.569400, 0.000327867768595, 227.814, 0.059, -121.802, 0.083, -115.687, 0.017, 261.362, 0.051, 199.992, 0.005, 267.485, 0.026, 292.17, 0.03, 230.36, 0.053, 193.381, 0.086, 232.347, 0.017, 206.689, 0.04, -188.033, 0.005,
041-psn11ABBAb1, 9.185070, 0.00102433057851, -185.372, 0.089, 253.102, 0.077, 222.085, 0.071, 198.22, 0.012, 196.886, 0.018, 191.514, 0.047, 221.36, 0.069, 183.286, 0.024, 207.005, 0.013, 245.077, 0.055, 221.327, 0.079, 160.982, 0.021,
041-psn12ABABa1, 2.473550, 0.0296100495868, 172.293, 0.332, -166.034, 0.158, 146.67, 0.005, -224.154, 0.219, -194.195, 0.197, -150.17, 0.282, 187.859, 0.409, 135.102, 0.241, 285.732, 0.09, 133.144, 0.348, 114.159, 0.232, 172.918, 0.274,
041-psn12ABABb1, 10.212400, 0.000445140495868, 202.166, 0.022, 224.544, 0.073, 181.635, 0.014, 270.512, 0.072, -162.672, 0.085, 255.778, 0.067, 222.223, 0.031, 225.182, 0.067, 239.622, 0.031, 225.227, 0.05, 211.518, 0.024, 248.752, 0.06,
041-psn12ABBAa1, 9.664630, 0.000175537190083, 226.093, 0.056, -133.677, 0.089, -140.198, 0.061, 217.671, 0.048, 227.052, 0.035, -123.909, 0.062, 200.715, 0.021, 239.296, 0.055, 256.751, 0.049, -153.852, 0.019, -141.355, 0.023, 260.304, 0.047,
041-psn12ABBAb1, 8.535840, 0.0011787768595, 225.868, 0.059, -131.805, 0.097, 171.01, 0.018, 236.904, 0.096, 108.105, 0.068, 244.34, 0.088, 218.08, 0.021, 220.501, 0.029, 228.528, 0.082, 183.758, 0.023, 219.871, 0.081, 255.747, 0.032,
